[2022-07-28 04:33:19,054] {taskinstance.py:1179} INFO - Dependencies all met for <TaskInstance: csv_dag.description_dag scheduled__2022-07-27T00:00:00+00:00 [queued]>
[2022-07-28 04:33:19,084] {taskinstance.py:1179} INFO - Dependencies all met for <TaskInstance: csv_dag.description_dag scheduled__2022-07-27T00:00:00+00:00 [queued]>
[2022-07-28 04:33:19,085] {taskinstance.py:1376} INFO - 
--------------------------------------------------------------------------------
[2022-07-28 04:33:19,086] {taskinstance.py:1377} INFO - Starting attempt 1 of 2
[2022-07-28 04:33:19,086] {taskinstance.py:1378} INFO - 
--------------------------------------------------------------------------------
[2022-07-28 04:33:19,117] {taskinstance.py:1397} INFO - Executing <Task(PythonOperator): description_dag> on 2022-07-27 00:00:00+00:00
[2022-07-28 04:33:19,130] {standard_task_runner.py:52} INFO - Started process 19546 to run task
[2022-07-28 04:33:19,136] {standard_task_runner.py:79} INFO - Running: ['***', 'tasks', 'run', 'csv_dag', 'description_dag', 'scheduled__2022-07-27T00:00:00+00:00', '--job-id', '79', '--raw', '--subdir', 'DAGS_FOLDER/testDag.py', '--cfg-path', '/tmp/tmp76resl7d', '--error-file', '/tmp/tmp24a30apj']
[2022-07-28 04:33:19,139] {standard_task_runner.py:80} INFO - Job 79: Subtask description_dag
[2022-07-28 04:33:19,263] {task_command.py:371} INFO - Running <TaskInstance: csv_dag.description_dag scheduled__2022-07-27T00:00:00+00:00 [running]> on host 36e1df4dd6ce
[2022-07-28 04:33:19,402] {taskinstance.py:1591} INFO - Exporting the following env vars:
AIRFLOW_CTX_DAG_OWNER=***
AIRFLOW_CTX_DAG_ID=csv_dag
AIRFLOW_CTX_TASK_ID=description_dag
AIRFLOW_CTX_EXECUTION_DATE=2022-07-27T00:00:00+00:00
AIRFLOW_CTX_TRY_NUMBER=1
AIRFLOW_CTX_DAG_RUN_ID=scheduled__2022-07-27T00:00:00+00:00
[2022-07-28 04:33:57,831] {python.py:173} INFO - Done. Returned value was: None
[2022-07-28 04:33:57,850] {taskinstance.py:1420} INFO - Marking task as SUCCESS. dag_id=csv_dag, task_id=description_dag, execution_date=20220727T000000, start_date=20220728T043319, end_date=20220728T043357
[2022-07-28 04:33:57,872] {local_task_job.py:156} INFO - Task exited with return code 0
[2022-07-28 04:33:57,908] {local_task_job.py:273} INFO - 0 downstream tasks scheduled from follow-on schedule check
