[2022-08-14 23:27:55,930] {processor.py:153} INFO - Started process (PID=12127) to work on /home/airflow/.local/lib/python3.7/site-packages/airflow/example_dags/example_branch_datetime_operator.py
[2022-08-14 23:27:55,931] {processor.py:641} INFO - Processing file /home/airflow/.local/lib/python3.7/site-packages/airflow/example_dags/example_branch_datetime_operator.py for tasks to queue
[2022-08-14 23:27:55,934] {logging_mixin.py:115} INFO - [2022-08-14 23:27:55,934] {dagbag.py:508} INFO - Filling up the DagBag from /home/airflow/.local/lib/python3.7/site-packages/airflow/example_dags/example_branch_datetime_operator.py
[2022-08-14 23:27:55,955] {processor.py:651} INFO - DAG(s) dict_keys(['example_branch_datetime_operator', 'example_branch_datetime_operator_2']) retrieved from /home/airflow/.local/lib/python3.7/site-packages/airflow/example_dags/example_branch_datetime_operator.py
[2022-08-14 23:27:56,034] {logging_mixin.py:115} INFO - [2022-08-14 23:27:56,033] {dag.py:2420} INFO - Sync 2 DAGs
[2022-08-14 23:27:56,108] {logging_mixin.py:115} INFO - [2022-08-14 23:27:56,108] {dag.py:2972} INFO - Setting next_dagrun for example_branch_datetime_operator to 2022-08-13T00:00:00+00:00, run_after=2022-08-14T00:00:00+00:00
[2022-08-14 23:27:56,113] {logging_mixin.py:115} INFO - [2022-08-14 23:27:56,113] {dag.py:2972} INFO - Setting next_dagrun for example_branch_datetime_operator_2 to 2022-08-13T00:00:00+00:00, run_after=2022-08-14T00:00:00+00:00
[2022-08-14 23:27:56,144] {processor.py:161} INFO - Processing /home/airflow/.local/lib/python3.7/site-packages/airflow/example_dags/example_branch_datetime_operator.py took 0.222 seconds
[2022-08-14 23:28:26,574] {processor.py:153} INFO - Started process (PID=12325) to work on /home/airflow/.local/lib/python3.7/site-packages/airflow/example_dags/example_branch_datetime_operator.py
[2022-08-14 23:28:26,575] {processor.py:641} INFO - Processing file /home/airflow/.local/lib/python3.7/site-packages/airflow/example_dags/example_branch_datetime_operator.py for tasks to queue
[2022-08-14 23:28:26,575] {logging_mixin.py:115} INFO - [2022-08-14 23:28:26,575] {dagbag.py:508} INFO - Filling up the DagBag from /home/airflow/.local/lib/python3.7/site-packages/airflow/example_dags/example_branch_datetime_operator.py
[2022-08-14 23:28:26,583] {processor.py:651} INFO - DAG(s) dict_keys(['example_branch_datetime_operator', 'example_branch_datetime_operator_2']) retrieved from /home/airflow/.local/lib/python3.7/site-packages/airflow/example_dags/example_branch_datetime_operator.py
[2022-08-14 23:28:26,610] {logging_mixin.py:115} INFO - [2022-08-14 23:28:26,610] {dag.py:2420} INFO - Sync 2 DAGs
[2022-08-14 23:28:26,633] {logging_mixin.py:115} INFO - [2022-08-14 23:28:26,633] {dag.py:2972} INFO - Setting next_dagrun for example_branch_datetime_operator to 2022-08-13T00:00:00+00:00, run_after=2022-08-14T00:00:00+00:00
[2022-08-14 23:28:26,635] {logging_mixin.py:115} INFO - [2022-08-14 23:28:26,635] {dag.py:2972} INFO - Setting next_dagrun for example_branch_datetime_operator_2 to 2022-08-13T00:00:00+00:00, run_after=2022-08-14T00:00:00+00:00
[2022-08-14 23:28:26,649] {processor.py:161} INFO - Processing /home/airflow/.local/lib/python3.7/site-packages/airflow/example_dags/example_branch_datetime_operator.py took 0.077 seconds
[2022-08-14 23:28:56,984] {processor.py:153} INFO - Started process (PID=12532) to work on /home/airflow/.local/lib/python3.7/site-packages/airflow/example_dags/example_branch_datetime_operator.py
[2022-08-14 23:28:56,986] {processor.py:641} INFO - Processing file /home/airflow/.local/lib/python3.7/site-packages/airflow/example_dags/example_branch_datetime_operator.py for tasks to queue
[2022-08-14 23:28:56,986] {logging_mixin.py:115} INFO - [2022-08-14 23:28:56,986] {dagbag.py:508} INFO - Filling up the DagBag from /home/airflow/.local/lib/python3.7/site-packages/airflow/example_dags/example_branch_datetime_operator.py
[2022-08-14 23:28:56,996] {processor.py:651} INFO - DAG(s) dict_keys(['example_branch_datetime_operator', 'example_branch_datetime_operator_2']) retrieved from /home/airflow/.local/lib/python3.7/site-packages/airflow/example_dags/example_branch_datetime_operator.py
[2022-08-14 23:28:57,039] {logging_mixin.py:115} INFO - [2022-08-14 23:28:57,039] {dag.py:2420} INFO - Sync 2 DAGs
[2022-08-14 23:28:57,078] {logging_mixin.py:115} INFO - [2022-08-14 23:28:57,078] {dag.py:2972} INFO - Setting next_dagrun for example_branch_datetime_operator to 2022-08-13T00:00:00+00:00, run_after=2022-08-14T00:00:00+00:00
[2022-08-14 23:28:57,080] {logging_mixin.py:115} INFO - [2022-08-14 23:28:57,080] {dag.py:2972} INFO - Setting next_dagrun for example_branch_datetime_operator_2 to 2022-08-13T00:00:00+00:00, run_after=2022-08-14T00:00:00+00:00
[2022-08-14 23:28:57,101] {processor.py:161} INFO - Processing /home/airflow/.local/lib/python3.7/site-packages/airflow/example_dags/example_branch_datetime_operator.py took 0.120 seconds
[2022-08-14 23:29:27,336] {processor.py:153} INFO - Started process (PID=12726) to work on /home/airflow/.local/lib/python3.7/site-packages/airflow/example_dags/example_branch_datetime_operator.py
[2022-08-14 23:29:27,337] {processor.py:641} INFO - Processing file /home/airflow/.local/lib/python3.7/site-packages/airflow/example_dags/example_branch_datetime_operator.py for tasks to queue
[2022-08-14 23:29:27,338] {logging_mixin.py:115} INFO - [2022-08-14 23:29:27,338] {dagbag.py:508} INFO - Filling up the DagBag from /home/airflow/.local/lib/python3.7/site-packages/airflow/example_dags/example_branch_datetime_operator.py
[2022-08-14 23:29:27,351] {processor.py:651} INFO - DAG(s) dict_keys(['example_branch_datetime_operator', 'example_branch_datetime_operator_2']) retrieved from /home/airflow/.local/lib/python3.7/site-packages/airflow/example_dags/example_branch_datetime_operator.py
[2022-08-14 23:29:27,394] {logging_mixin.py:115} INFO - [2022-08-14 23:29:27,393] {dag.py:2420} INFO - Sync 2 DAGs
[2022-08-14 23:29:27,432] {logging_mixin.py:115} INFO - [2022-08-14 23:29:27,432] {dag.py:2972} INFO - Setting next_dagrun for example_branch_datetime_operator to 2022-08-13T00:00:00+00:00, run_after=2022-08-14T00:00:00+00:00
[2022-08-14 23:29:27,436] {logging_mixin.py:115} INFO - [2022-08-14 23:29:27,436] {dag.py:2972} INFO - Setting next_dagrun for example_branch_datetime_operator_2 to 2022-08-13T00:00:00+00:00, run_after=2022-08-14T00:00:00+00:00
[2022-08-14 23:29:27,455] {processor.py:161} INFO - Processing /home/airflow/.local/lib/python3.7/site-packages/airflow/example_dags/example_branch_datetime_operator.py took 0.123 seconds
[2022-08-14 23:29:58,126] {processor.py:153} INFO - Started process (PID=12932) to work on /home/airflow/.local/lib/python3.7/site-packages/airflow/example_dags/example_branch_datetime_operator.py
[2022-08-14 23:29:58,127] {processor.py:641} INFO - Processing file /home/airflow/.local/lib/python3.7/site-packages/airflow/example_dags/example_branch_datetime_operator.py for tasks to queue
[2022-08-14 23:29:58,128] {logging_mixin.py:115} INFO - [2022-08-14 23:29:58,127] {dagbag.py:508} INFO - Filling up the DagBag from /home/airflow/.local/lib/python3.7/site-packages/airflow/example_dags/example_branch_datetime_operator.py
[2022-08-14 23:29:58,139] {processor.py:651} INFO - DAG(s) dict_keys(['example_branch_datetime_operator', 'example_branch_datetime_operator_2']) retrieved from /home/airflow/.local/lib/python3.7/site-packages/airflow/example_dags/example_branch_datetime_operator.py
[2022-08-14 23:29:58,181] {logging_mixin.py:115} INFO - [2022-08-14 23:29:58,181] {dag.py:2420} INFO - Sync 2 DAGs
[2022-08-14 23:29:58,219] {logging_mixin.py:115} INFO - [2022-08-14 23:29:58,219] {dag.py:2972} INFO - Setting next_dagrun for example_branch_datetime_operator to 2022-08-13T00:00:00+00:00, run_after=2022-08-14T00:00:00+00:00
[2022-08-14 23:29:58,222] {logging_mixin.py:115} INFO - [2022-08-14 23:29:58,222] {dag.py:2972} INFO - Setting next_dagrun for example_branch_datetime_operator_2 to 2022-08-13T00:00:00+00:00, run_after=2022-08-14T00:00:00+00:00
[2022-08-14 23:29:58,239] {processor.py:161} INFO - Processing /home/airflow/.local/lib/python3.7/site-packages/airflow/example_dags/example_branch_datetime_operator.py took 0.117 seconds
[2022-08-14 23:30:29,533] {processor.py:153} INFO - Started process (PID=13137) to work on /home/airflow/.local/lib/python3.7/site-packages/airflow/example_dags/example_branch_datetime_operator.py
[2022-08-14 23:30:29,534] {processor.py:641} INFO - Processing file /home/airflow/.local/lib/python3.7/site-packages/airflow/example_dags/example_branch_datetime_operator.py for tasks to queue
[2022-08-14 23:30:29,536] {logging_mixin.py:115} INFO - [2022-08-14 23:30:29,536] {dagbag.py:508} INFO - Filling up the DagBag from /home/airflow/.local/lib/python3.7/site-packages/airflow/example_dags/example_branch_datetime_operator.py
[2022-08-14 23:30:29,552] {processor.py:651} INFO - DAG(s) dict_keys(['example_branch_datetime_operator', 'example_branch_datetime_operator_2']) retrieved from /home/airflow/.local/lib/python3.7/site-packages/airflow/example_dags/example_branch_datetime_operator.py
[2022-08-14 23:30:29,601] {logging_mixin.py:115} INFO - [2022-08-14 23:30:29,601] {dag.py:2420} INFO - Sync 2 DAGs
[2022-08-14 23:30:29,643] {logging_mixin.py:115} INFO - [2022-08-14 23:30:29,643] {dag.py:2972} INFO - Setting next_dagrun for example_branch_datetime_operator to 2022-08-13T00:00:00+00:00, run_after=2022-08-14T00:00:00+00:00
[2022-08-14 23:30:29,647] {logging_mixin.py:115} INFO - [2022-08-14 23:30:29,647] {dag.py:2972} INFO - Setting next_dagrun for example_branch_datetime_operator_2 to 2022-08-13T00:00:00+00:00, run_after=2022-08-14T00:00:00+00:00
[2022-08-14 23:30:29,671] {processor.py:161} INFO - Processing /home/airflow/.local/lib/python3.7/site-packages/airflow/example_dags/example_branch_datetime_operator.py took 0.143 seconds
[2022-08-14 23:30:59,902] {processor.py:153} INFO - Started process (PID=13331) to work on /home/airflow/.local/lib/python3.7/site-packages/airflow/example_dags/example_branch_datetime_operator.py
[2022-08-14 23:30:59,903] {processor.py:641} INFO - Processing file /home/airflow/.local/lib/python3.7/site-packages/airflow/example_dags/example_branch_datetime_operator.py for tasks to queue
[2022-08-14 23:30:59,904] {logging_mixin.py:115} INFO - [2022-08-14 23:30:59,904] {dagbag.py:508} INFO - Filling up the DagBag from /home/airflow/.local/lib/python3.7/site-packages/airflow/example_dags/example_branch_datetime_operator.py
[2022-08-14 23:30:59,916] {processor.py:651} INFO - DAG(s) dict_keys(['example_branch_datetime_operator', 'example_branch_datetime_operator_2']) retrieved from /home/airflow/.local/lib/python3.7/site-packages/airflow/example_dags/example_branch_datetime_operator.py
[2022-08-14 23:30:59,956] {logging_mixin.py:115} INFO - [2022-08-14 23:30:59,956] {dag.py:2420} INFO - Sync 2 DAGs
[2022-08-14 23:30:59,985] {logging_mixin.py:115} INFO - [2022-08-14 23:30:59,985] {dag.py:2972} INFO - Setting next_dagrun for example_branch_datetime_operator to 2022-08-13T00:00:00+00:00, run_after=2022-08-14T00:00:00+00:00
[2022-08-14 23:30:59,989] {logging_mixin.py:115} INFO - [2022-08-14 23:30:59,989] {dag.py:2972} INFO - Setting next_dagrun for example_branch_datetime_operator_2 to 2022-08-13T00:00:00+00:00, run_after=2022-08-14T00:00:00+00:00
[2022-08-14 23:31:00,009] {processor.py:161} INFO - Processing /home/airflow/.local/lib/python3.7/site-packages/airflow/example_dags/example_branch_datetime_operator.py took 0.110 seconds
[2022-08-14 23:31:30,080] {processor.py:153} INFO - Started process (PID=13524) to work on /home/airflow/.local/lib/python3.7/site-packages/airflow/example_dags/example_branch_datetime_operator.py
[2022-08-14 23:31:30,081] {processor.py:641} INFO - Processing file /home/airflow/.local/lib/python3.7/site-packages/airflow/example_dags/example_branch_datetime_operator.py for tasks to queue
[2022-08-14 23:31:30,082] {logging_mixin.py:115} INFO - [2022-08-14 23:31:30,082] {dagbag.py:508} INFO - Filling up the DagBag from /home/airflow/.local/lib/python3.7/site-packages/airflow/example_dags/example_branch_datetime_operator.py
[2022-08-14 23:31:30,094] {processor.py:651} INFO - DAG(s) dict_keys(['example_branch_datetime_operator', 'example_branch_datetime_operator_2']) retrieved from /home/airflow/.local/lib/python3.7/site-packages/airflow/example_dags/example_branch_datetime_operator.py
[2022-08-14 23:31:30,138] {logging_mixin.py:115} INFO - [2022-08-14 23:31:30,138] {dag.py:2420} INFO - Sync 2 DAGs
[2022-08-14 23:31:30,169] {logging_mixin.py:115} INFO - [2022-08-14 23:31:30,168] {dag.py:2972} INFO - Setting next_dagrun for example_branch_datetime_operator to 2022-08-13T00:00:00+00:00, run_after=2022-08-14T00:00:00+00:00
[2022-08-14 23:31:30,173] {logging_mixin.py:115} INFO - [2022-08-14 23:31:30,173] {dag.py:2972} INFO - Setting next_dagrun for example_branch_datetime_operator_2 to 2022-08-13T00:00:00+00:00, run_after=2022-08-14T00:00:00+00:00
[2022-08-14 23:31:30,190] {processor.py:161} INFO - Processing /home/airflow/.local/lib/python3.7/site-packages/airflow/example_dags/example_branch_datetime_operator.py took 0.114 seconds
[2022-08-14 23:32:01,418] {processor.py:153} INFO - Started process (PID=13730) to work on /home/airflow/.local/lib/python3.7/site-packages/airflow/example_dags/example_branch_datetime_operator.py
[2022-08-14 23:32:01,419] {processor.py:641} INFO - Processing file /home/airflow/.local/lib/python3.7/site-packages/airflow/example_dags/example_branch_datetime_operator.py for tasks to queue
[2022-08-14 23:32:01,420] {logging_mixin.py:115} INFO - [2022-08-14 23:32:01,420] {dagbag.py:508} INFO - Filling up the DagBag from /home/airflow/.local/lib/python3.7/site-packages/airflow/example_dags/example_branch_datetime_operator.py
[2022-08-14 23:32:01,430] {processor.py:651} INFO - DAG(s) dict_keys(['example_branch_datetime_operator', 'example_branch_datetime_operator_2']) retrieved from /home/airflow/.local/lib/python3.7/site-packages/airflow/example_dags/example_branch_datetime_operator.py
[2022-08-14 23:32:01,468] {logging_mixin.py:115} INFO - [2022-08-14 23:32:01,467] {dag.py:2420} INFO - Sync 2 DAGs
[2022-08-14 23:32:01,499] {logging_mixin.py:115} INFO - [2022-08-14 23:32:01,499] {dag.py:2972} INFO - Setting next_dagrun for example_branch_datetime_operator to 2022-08-13T00:00:00+00:00, run_after=2022-08-14T00:00:00+00:00
[2022-08-14 23:32:01,502] {logging_mixin.py:115} INFO - [2022-08-14 23:32:01,502] {dag.py:2972} INFO - Setting next_dagrun for example_branch_datetime_operator_2 to 2022-08-13T00:00:00+00:00, run_after=2022-08-14T00:00:00+00:00
[2022-08-14 23:32:01,520] {processor.py:161} INFO - Processing /home/airflow/.local/lib/python3.7/site-packages/airflow/example_dags/example_branch_datetime_operator.py took 0.106 seconds
[2022-08-14 23:32:31,774] {processor.py:153} INFO - Started process (PID=13931) to work on /home/airflow/.local/lib/python3.7/site-packages/airflow/example_dags/example_branch_datetime_operator.py
[2022-08-14 23:32:31,775] {processor.py:641} INFO - Processing file /home/airflow/.local/lib/python3.7/site-packages/airflow/example_dags/example_branch_datetime_operator.py for tasks to queue
[2022-08-14 23:32:31,776] {logging_mixin.py:115} INFO - [2022-08-14 23:32:31,776] {dagbag.py:508} INFO - Filling up the DagBag from /home/airflow/.local/lib/python3.7/site-packages/airflow/example_dags/example_branch_datetime_operator.py
[2022-08-14 23:32:31,790] {processor.py:651} INFO - DAG(s) dict_keys(['example_branch_datetime_operator', 'example_branch_datetime_operator_2']) retrieved from /home/airflow/.local/lib/python3.7/site-packages/airflow/example_dags/example_branch_datetime_operator.py
[2022-08-14 23:32:31,831] {logging_mixin.py:115} INFO - [2022-08-14 23:32:31,831] {dag.py:2420} INFO - Sync 2 DAGs
[2022-08-14 23:32:31,866] {logging_mixin.py:115} INFO - [2022-08-14 23:32:31,865] {dag.py:2972} INFO - Setting next_dagrun for example_branch_datetime_operator to 2022-08-13T00:00:00+00:00, run_after=2022-08-14T00:00:00+00:00
[2022-08-14 23:32:31,869] {logging_mixin.py:115} INFO - [2022-08-14 23:32:31,869] {dag.py:2972} INFO - Setting next_dagrun for example_branch_datetime_operator_2 to 2022-08-13T00:00:00+00:00, run_after=2022-08-14T00:00:00+00:00
[2022-08-14 23:32:31,888] {processor.py:161} INFO - Processing /home/airflow/.local/lib/python3.7/site-packages/airflow/example_dags/example_branch_datetime_operator.py took 0.118 seconds
[2022-08-14 23:33:02,162] {processor.py:153} INFO - Started process (PID=14124) to work on /home/airflow/.local/lib/python3.7/site-packages/airflow/example_dags/example_branch_datetime_operator.py
[2022-08-14 23:33:02,163] {processor.py:641} INFO - Processing file /home/airflow/.local/lib/python3.7/site-packages/airflow/example_dags/example_branch_datetime_operator.py for tasks to queue
[2022-08-14 23:33:02,164] {logging_mixin.py:115} INFO - [2022-08-14 23:33:02,164] {dagbag.py:508} INFO - Filling up the DagBag from /home/airflow/.local/lib/python3.7/site-packages/airflow/example_dags/example_branch_datetime_operator.py
[2022-08-14 23:33:02,177] {processor.py:651} INFO - DAG(s) dict_keys(['example_branch_datetime_operator', 'example_branch_datetime_operator_2']) retrieved from /home/airflow/.local/lib/python3.7/site-packages/airflow/example_dags/example_branch_datetime_operator.py
[2022-08-14 23:33:02,217] {logging_mixin.py:115} INFO - [2022-08-14 23:33:02,217] {dag.py:2420} INFO - Sync 2 DAGs
[2022-08-14 23:33:02,251] {logging_mixin.py:115} INFO - [2022-08-14 23:33:02,251] {dag.py:2972} INFO - Setting next_dagrun for example_branch_datetime_operator to 2022-08-13T00:00:00+00:00, run_after=2022-08-14T00:00:00+00:00
[2022-08-14 23:33:02,254] {logging_mixin.py:115} INFO - [2022-08-14 23:33:02,254] {dag.py:2972} INFO - Setting next_dagrun for example_branch_datetime_operator_2 to 2022-08-13T00:00:00+00:00, run_after=2022-08-14T00:00:00+00:00
[2022-08-14 23:33:02,281] {processor.py:161} INFO - Processing /home/airflow/.local/lib/python3.7/site-packages/airflow/example_dags/example_branch_datetime_operator.py took 0.123 seconds
[2022-08-14 23:33:32,345] {processor.py:153} INFO - Started process (PID=14313) to work on /home/airflow/.local/lib/python3.7/site-packages/airflow/example_dags/example_branch_datetime_operator.py
[2022-08-14 23:33:32,346] {processor.py:641} INFO - Processing file /home/airflow/.local/lib/python3.7/site-packages/airflow/example_dags/example_branch_datetime_operator.py for tasks to queue
[2022-08-14 23:33:32,347] {logging_mixin.py:115} INFO - [2022-08-14 23:33:32,347] {dagbag.py:508} INFO - Filling up the DagBag from /home/airflow/.local/lib/python3.7/site-packages/airflow/example_dags/example_branch_datetime_operator.py
[2022-08-14 23:33:32,358] {processor.py:651} INFO - DAG(s) dict_keys(['example_branch_datetime_operator', 'example_branch_datetime_operator_2']) retrieved from /home/airflow/.local/lib/python3.7/site-packages/airflow/example_dags/example_branch_datetime_operator.py
[2022-08-14 23:33:32,395] {logging_mixin.py:115} INFO - [2022-08-14 23:33:32,395] {dag.py:2420} INFO - Sync 2 DAGs
[2022-08-14 23:33:32,424] {logging_mixin.py:115} INFO - [2022-08-14 23:33:32,424] {dag.py:2972} INFO - Setting next_dagrun for example_branch_datetime_operator to 2022-08-13T00:00:00+00:00, run_after=2022-08-14T00:00:00+00:00
[2022-08-14 23:33:32,426] {logging_mixin.py:115} INFO - [2022-08-14 23:33:32,426] {dag.py:2972} INFO - Setting next_dagrun for example_branch_datetime_operator_2 to 2022-08-13T00:00:00+00:00, run_after=2022-08-14T00:00:00+00:00
[2022-08-14 23:33:32,443] {processor.py:161} INFO - Processing /home/airflow/.local/lib/python3.7/site-packages/airflow/example_dags/example_branch_datetime_operator.py took 0.101 seconds
[2022-08-14 23:34:02,519] {processor.py:153} INFO - Started process (PID=14516) to work on /home/airflow/.local/lib/python3.7/site-packages/airflow/example_dags/example_branch_datetime_operator.py
[2022-08-14 23:34:02,519] {processor.py:641} INFO - Processing file /home/airflow/.local/lib/python3.7/site-packages/airflow/example_dags/example_branch_datetime_operator.py for tasks to queue
[2022-08-14 23:34:02,520] {logging_mixin.py:115} INFO - [2022-08-14 23:34:02,520] {dagbag.py:508} INFO - Filling up the DagBag from /home/airflow/.local/lib/python3.7/site-packages/airflow/example_dags/example_branch_datetime_operator.py
[2022-08-14 23:34:02,530] {processor.py:651} INFO - DAG(s) dict_keys(['example_branch_datetime_operator', 'example_branch_datetime_operator_2']) retrieved from /home/airflow/.local/lib/python3.7/site-packages/airflow/example_dags/example_branch_datetime_operator.py
[2022-08-14 23:34:02,560] {logging_mixin.py:115} INFO - [2022-08-14 23:34:02,560] {dag.py:2420} INFO - Sync 2 DAGs
[2022-08-14 23:34:02,589] {logging_mixin.py:115} INFO - [2022-08-14 23:34:02,588] {dag.py:2972} INFO - Setting next_dagrun for example_branch_datetime_operator to 2022-08-13T00:00:00+00:00, run_after=2022-08-14T00:00:00+00:00
[2022-08-14 23:34:02,592] {logging_mixin.py:115} INFO - [2022-08-14 23:34:02,592] {dag.py:2972} INFO - Setting next_dagrun for example_branch_datetime_operator_2 to 2022-08-13T00:00:00+00:00, run_after=2022-08-14T00:00:00+00:00
[2022-08-14 23:34:02,610] {processor.py:161} INFO - Processing /home/airflow/.local/lib/python3.7/site-packages/airflow/example_dags/example_branch_datetime_operator.py took 0.094 seconds
