[2022-08-14 23:27:55,906] {processor.py:153} INFO - Started process (PID=12122) to work on /home/airflow/.local/lib/python3.7/site-packages/airflow/example_dags/example_bash_operator.py
[2022-08-14 23:27:55,909] {processor.py:641} INFO - Processing file /home/airflow/.local/lib/python3.7/site-packages/airflow/example_dags/example_bash_operator.py for tasks to queue
[2022-08-14 23:27:55,910] {logging_mixin.py:115} INFO - [2022-08-14 23:27:55,910] {dagbag.py:508} INFO - Filling up the DagBag from /home/airflow/.local/lib/python3.7/site-packages/airflow/example_dags/example_bash_operator.py
[2022-08-14 23:27:55,938] {processor.py:651} INFO - DAG(s) dict_keys(['example_bash_operator']) retrieved from /home/airflow/.local/lib/python3.7/site-packages/airflow/example_dags/example_bash_operator.py
[2022-08-14 23:27:55,998] {logging_mixin.py:115} INFO - [2022-08-14 23:27:55,998] {dag.py:2420} INFO - Sync 1 DAGs
[2022-08-14 23:27:56,075] {logging_mixin.py:115} INFO - [2022-08-14 23:27:56,075] {dag.py:2972} INFO - Setting next_dagrun for example_bash_operator to 2022-08-13T00:00:00+00:00, run_after=2022-08-14T00:00:00+00:00
[2022-08-14 23:27:56,119] {processor.py:161} INFO - Processing /home/airflow/.local/lib/python3.7/site-packages/airflow/example_dags/example_bash_operator.py took 0.219 seconds
[2022-08-14 23:28:26,574] {processor.py:153} INFO - Started process (PID=12322) to work on /home/airflow/.local/lib/python3.7/site-packages/airflow/example_dags/example_bash_operator.py
[2022-08-14 23:28:26,575] {processor.py:641} INFO - Processing file /home/airflow/.local/lib/python3.7/site-packages/airflow/example_dags/example_bash_operator.py for tasks to queue
[2022-08-14 23:28:26,575] {logging_mixin.py:115} INFO - [2022-08-14 23:28:26,575] {dagbag.py:508} INFO - Filling up the DagBag from /home/airflow/.local/lib/python3.7/site-packages/airflow/example_dags/example_bash_operator.py
[2022-08-14 23:28:26,585] {processor.py:651} INFO - DAG(s) dict_keys(['example_bash_operator']) retrieved from /home/airflow/.local/lib/python3.7/site-packages/airflow/example_dags/example_bash_operator.py
[2022-08-14 23:28:26,608] {logging_mixin.py:115} INFO - [2022-08-14 23:28:26,608] {dag.py:2420} INFO - Sync 1 DAGs
[2022-08-14 23:28:26,631] {logging_mixin.py:115} INFO - [2022-08-14 23:28:26,631] {dag.py:2972} INFO - Setting next_dagrun for example_bash_operator to 2022-08-13T00:00:00+00:00, run_after=2022-08-14T00:00:00+00:00
[2022-08-14 23:28:26,644] {processor.py:161} INFO - Processing /home/airflow/.local/lib/python3.7/site-packages/airflow/example_dags/example_bash_operator.py took 0.072 seconds
[2022-08-14 23:28:56,912] {processor.py:153} INFO - Started process (PID=12527) to work on /home/airflow/.local/lib/python3.7/site-packages/airflow/example_dags/example_bash_operator.py
[2022-08-14 23:28:56,912] {processor.py:641} INFO - Processing file /home/airflow/.local/lib/python3.7/site-packages/airflow/example_dags/example_bash_operator.py for tasks to queue
[2022-08-14 23:28:56,913] {logging_mixin.py:115} INFO - [2022-08-14 23:28:56,913] {dagbag.py:508} INFO - Filling up the DagBag from /home/airflow/.local/lib/python3.7/site-packages/airflow/example_dags/example_bash_operator.py
[2022-08-14 23:28:56,925] {processor.py:651} INFO - DAG(s) dict_keys(['example_bash_operator']) retrieved from /home/airflow/.local/lib/python3.7/site-packages/airflow/example_dags/example_bash_operator.py
[2022-08-14 23:28:56,957] {logging_mixin.py:115} INFO - [2022-08-14 23:28:56,956] {dag.py:2420} INFO - Sync 1 DAGs
[2022-08-14 23:28:56,987] {logging_mixin.py:115} INFO - [2022-08-14 23:28:56,987] {dag.py:2972} INFO - Setting next_dagrun for example_bash_operator to 2022-08-13T00:00:00+00:00, run_after=2022-08-14T00:00:00+00:00
[2022-08-14 23:28:57,004] {processor.py:161} INFO - Processing /home/airflow/.local/lib/python3.7/site-packages/airflow/example_dags/example_bash_operator.py took 0.096 seconds
[2022-08-14 23:29:27,239] {processor.py:153} INFO - Started process (PID=12721) to work on /home/airflow/.local/lib/python3.7/site-packages/airflow/example_dags/example_bash_operator.py
[2022-08-14 23:29:27,240] {processor.py:641} INFO - Processing file /home/airflow/.local/lib/python3.7/site-packages/airflow/example_dags/example_bash_operator.py for tasks to queue
[2022-08-14 23:29:27,241] {logging_mixin.py:115} INFO - [2022-08-14 23:29:27,241] {dagbag.py:508} INFO - Filling up the DagBag from /home/airflow/.local/lib/python3.7/site-packages/airflow/example_dags/example_bash_operator.py
[2022-08-14 23:29:27,256] {processor.py:651} INFO - DAG(s) dict_keys(['example_bash_operator']) retrieved from /home/airflow/.local/lib/python3.7/site-packages/airflow/example_dags/example_bash_operator.py
[2022-08-14 23:29:27,288] {logging_mixin.py:115} INFO - [2022-08-14 23:29:27,288] {dag.py:2420} INFO - Sync 1 DAGs
[2022-08-14 23:29:27,322] {logging_mixin.py:115} INFO - [2022-08-14 23:29:27,322] {dag.py:2972} INFO - Setting next_dagrun for example_bash_operator to 2022-08-13T00:00:00+00:00, run_after=2022-08-14T00:00:00+00:00
[2022-08-14 23:29:27,343] {processor.py:161} INFO - Processing /home/airflow/.local/lib/python3.7/site-packages/airflow/example_dags/example_bash_operator.py took 0.108 seconds
[2022-08-14 23:29:58,053] {processor.py:153} INFO - Started process (PID=12927) to work on /home/airflow/.local/lib/python3.7/site-packages/airflow/example_dags/example_bash_operator.py
[2022-08-14 23:29:58,053] {processor.py:641} INFO - Processing file /home/airflow/.local/lib/python3.7/site-packages/airflow/example_dags/example_bash_operator.py for tasks to queue
[2022-08-14 23:29:58,054] {logging_mixin.py:115} INFO - [2022-08-14 23:29:58,054] {dagbag.py:508} INFO - Filling up the DagBag from /home/airflow/.local/lib/python3.7/site-packages/airflow/example_dags/example_bash_operator.py
[2022-08-14 23:29:58,069] {processor.py:651} INFO - DAG(s) dict_keys(['example_bash_operator']) retrieved from /home/airflow/.local/lib/python3.7/site-packages/airflow/example_dags/example_bash_operator.py
[2022-08-14 23:29:58,103] {logging_mixin.py:115} INFO - [2022-08-14 23:29:58,103] {dag.py:2420} INFO - Sync 1 DAGs
[2022-08-14 23:29:58,135] {logging_mixin.py:115} INFO - [2022-08-14 23:29:58,135] {dag.py:2972} INFO - Setting next_dagrun for example_bash_operator to 2022-08-13T00:00:00+00:00, run_after=2022-08-14T00:00:00+00:00
[2022-08-14 23:29:58,156] {processor.py:161} INFO - Processing /home/airflow/.local/lib/python3.7/site-packages/airflow/example_dags/example_bash_operator.py took 0.106 seconds
[2022-08-14 23:30:29,346] {processor.py:153} INFO - Started process (PID=13128) to work on /home/airflow/.local/lib/python3.7/site-packages/airflow/example_dags/example_bash_operator.py
[2022-08-14 23:30:29,347] {processor.py:641} INFO - Processing file /home/airflow/.local/lib/python3.7/site-packages/airflow/example_dags/example_bash_operator.py for tasks to queue
[2022-08-14 23:30:29,348] {logging_mixin.py:115} INFO - [2022-08-14 23:30:29,347] {dagbag.py:508} INFO - Filling up the DagBag from /home/airflow/.local/lib/python3.7/site-packages/airflow/example_dags/example_bash_operator.py
[2022-08-14 23:30:29,366] {processor.py:651} INFO - DAG(s) dict_keys(['example_bash_operator']) retrieved from /home/airflow/.local/lib/python3.7/site-packages/airflow/example_dags/example_bash_operator.py
[2022-08-14 23:30:29,418] {logging_mixin.py:115} INFO - [2022-08-14 23:30:29,417] {dag.py:2420} INFO - Sync 1 DAGs
[2022-08-14 23:30:29,459] {logging_mixin.py:115} INFO - [2022-08-14 23:30:29,458] {dag.py:2972} INFO - Setting next_dagrun for example_bash_operator to 2022-08-13T00:00:00+00:00, run_after=2022-08-14T00:00:00+00:00
[2022-08-14 23:30:29,479] {processor.py:161} INFO - Processing /home/airflow/.local/lib/python3.7/site-packages/airflow/example_dags/example_bash_operator.py took 0.137 seconds
[2022-08-14 23:30:59,761] {processor.py:153} INFO - Started process (PID=13324) to work on /home/airflow/.local/lib/python3.7/site-packages/airflow/example_dags/example_bash_operator.py
[2022-08-14 23:30:59,762] {processor.py:641} INFO - Processing file /home/airflow/.local/lib/python3.7/site-packages/airflow/example_dags/example_bash_operator.py for tasks to queue
[2022-08-14 23:30:59,763] {logging_mixin.py:115} INFO - [2022-08-14 23:30:59,763] {dagbag.py:508} INFO - Filling up the DagBag from /home/airflow/.local/lib/python3.7/site-packages/airflow/example_dags/example_bash_operator.py
[2022-08-14 23:30:59,779] {processor.py:651} INFO - DAG(s) dict_keys(['example_bash_operator']) retrieved from /home/airflow/.local/lib/python3.7/site-packages/airflow/example_dags/example_bash_operator.py
[2022-08-14 23:30:59,812] {logging_mixin.py:115} INFO - [2022-08-14 23:30:59,812] {dag.py:2420} INFO - Sync 1 DAGs
[2022-08-14 23:30:59,844] {logging_mixin.py:115} INFO - [2022-08-14 23:30:59,844] {dag.py:2972} INFO - Setting next_dagrun for example_bash_operator to 2022-08-13T00:00:00+00:00, run_after=2022-08-14T00:00:00+00:00
[2022-08-14 23:30:59,862] {processor.py:161} INFO - Processing /home/airflow/.local/lib/python3.7/site-packages/airflow/example_dags/example_bash_operator.py took 0.103 seconds
[2022-08-14 23:31:29,996] {processor.py:153} INFO - Started process (PID=13519) to work on /home/airflow/.local/lib/python3.7/site-packages/airflow/example_dags/example_bash_operator.py
[2022-08-14 23:31:29,997] {processor.py:641} INFO - Processing file /home/airflow/.local/lib/python3.7/site-packages/airflow/example_dags/example_bash_operator.py for tasks to queue
[2022-08-14 23:31:29,998] {logging_mixin.py:115} INFO - [2022-08-14 23:31:29,998] {dagbag.py:508} INFO - Filling up the DagBag from /home/airflow/.local/lib/python3.7/site-packages/airflow/example_dags/example_bash_operator.py
[2022-08-14 23:31:30,011] {processor.py:651} INFO - DAG(s) dict_keys(['example_bash_operator']) retrieved from /home/airflow/.local/lib/python3.7/site-packages/airflow/example_dags/example_bash_operator.py
[2022-08-14 23:31:30,046] {logging_mixin.py:115} INFO - [2022-08-14 23:31:30,045] {dag.py:2420} INFO - Sync 1 DAGs
[2022-08-14 23:31:30,085] {logging_mixin.py:115} INFO - [2022-08-14 23:31:30,084] {dag.py:2972} INFO - Setting next_dagrun for example_bash_operator to 2022-08-13T00:00:00+00:00, run_after=2022-08-14T00:00:00+00:00
[2022-08-14 23:31:30,107] {processor.py:161} INFO - Processing /home/airflow/.local/lib/python3.7/site-packages/airflow/example_dags/example_bash_operator.py took 0.114 seconds
[2022-08-14 23:32:01,244] {processor.py:153} INFO - Started process (PID=13723) to work on /home/airflow/.local/lib/python3.7/site-packages/airflow/example_dags/example_bash_operator.py
[2022-08-14 23:32:01,245] {processor.py:641} INFO - Processing file /home/airflow/.local/lib/python3.7/site-packages/airflow/example_dags/example_bash_operator.py for tasks to queue
[2022-08-14 23:32:01,246] {logging_mixin.py:115} INFO - [2022-08-14 23:32:01,246] {dagbag.py:508} INFO - Filling up the DagBag from /home/airflow/.local/lib/python3.7/site-packages/airflow/example_dags/example_bash_operator.py
[2022-08-14 23:32:01,262] {processor.py:651} INFO - DAG(s) dict_keys(['example_bash_operator']) retrieved from /home/airflow/.local/lib/python3.7/site-packages/airflow/example_dags/example_bash_operator.py
[2022-08-14 23:32:01,297] {logging_mixin.py:115} INFO - [2022-08-14 23:32:01,296] {dag.py:2420} INFO - Sync 1 DAGs
[2022-08-14 23:32:01,343] {logging_mixin.py:115} INFO - [2022-08-14 23:32:01,343] {dag.py:2972} INFO - Setting next_dagrun for example_bash_operator to 2022-08-13T00:00:00+00:00, run_after=2022-08-14T00:00:00+00:00
[2022-08-14 23:32:01,371] {processor.py:161} INFO - Processing /home/airflow/.local/lib/python3.7/site-packages/airflow/example_dags/example_bash_operator.py took 0.131 seconds
[2022-08-14 23:32:31,602] {processor.py:153} INFO - Started process (PID=13924) to work on /home/airflow/.local/lib/python3.7/site-packages/airflow/example_dags/example_bash_operator.py
[2022-08-14 23:32:31,603] {processor.py:641} INFO - Processing file /home/airflow/.local/lib/python3.7/site-packages/airflow/example_dags/example_bash_operator.py for tasks to queue
[2022-08-14 23:32:31,604] {logging_mixin.py:115} INFO - [2022-08-14 23:32:31,604] {dagbag.py:508} INFO - Filling up the DagBag from /home/airflow/.local/lib/python3.7/site-packages/airflow/example_dags/example_bash_operator.py
[2022-08-14 23:32:31,618] {processor.py:651} INFO - DAG(s) dict_keys(['example_bash_operator']) retrieved from /home/airflow/.local/lib/python3.7/site-packages/airflow/example_dags/example_bash_operator.py
[2022-08-14 23:32:31,659] {logging_mixin.py:115} INFO - [2022-08-14 23:32:31,659] {dag.py:2420} INFO - Sync 1 DAGs
[2022-08-14 23:32:31,706] {logging_mixin.py:115} INFO - [2022-08-14 23:32:31,706] {dag.py:2972} INFO - Setting next_dagrun for example_bash_operator to 2022-08-13T00:00:00+00:00, run_after=2022-08-14T00:00:00+00:00
[2022-08-14 23:32:31,726] {processor.py:161} INFO - Processing /home/airflow/.local/lib/python3.7/site-packages/airflow/example_dags/example_bash_operator.py took 0.128 seconds
[2022-08-14 23:33:02,005] {processor.py:153} INFO - Started process (PID=14116) to work on /home/airflow/.local/lib/python3.7/site-packages/airflow/example_dags/example_bash_operator.py
[2022-08-14 23:33:02,006] {processor.py:641} INFO - Processing file /home/airflow/.local/lib/python3.7/site-packages/airflow/example_dags/example_bash_operator.py for tasks to queue
[2022-08-14 23:33:02,007] {logging_mixin.py:115} INFO - [2022-08-14 23:33:02,007] {dagbag.py:508} INFO - Filling up the DagBag from /home/airflow/.local/lib/python3.7/site-packages/airflow/example_dags/example_bash_operator.py
[2022-08-14 23:33:02,022] {processor.py:651} INFO - DAG(s) dict_keys(['example_bash_operator']) retrieved from /home/airflow/.local/lib/python3.7/site-packages/airflow/example_dags/example_bash_operator.py
[2022-08-14 23:33:02,053] {logging_mixin.py:115} INFO - [2022-08-14 23:33:02,053] {dag.py:2420} INFO - Sync 1 DAGs
[2022-08-14 23:33:02,082] {logging_mixin.py:115} INFO - [2022-08-14 23:33:02,082] {dag.py:2972} INFO - Setting next_dagrun for example_bash_operator to 2022-08-13T00:00:00+00:00, run_after=2022-08-14T00:00:00+00:00
[2022-08-14 23:33:02,107] {processor.py:161} INFO - Processing /home/airflow/.local/lib/python3.7/site-packages/airflow/example_dags/example_bash_operator.py took 0.105 seconds
[2022-08-14 23:33:32,345] {processor.py:153} INFO - Started process (PID=14310) to work on /home/airflow/.local/lib/python3.7/site-packages/airflow/example_dags/example_bash_operator.py
[2022-08-14 23:33:32,346] {processor.py:641} INFO - Processing file /home/airflow/.local/lib/python3.7/site-packages/airflow/example_dags/example_bash_operator.py for tasks to queue
[2022-08-14 23:33:32,347] {logging_mixin.py:115} INFO - [2022-08-14 23:33:32,347] {dagbag.py:508} INFO - Filling up the DagBag from /home/airflow/.local/lib/python3.7/site-packages/airflow/example_dags/example_bash_operator.py
[2022-08-14 23:33:32,361] {processor.py:651} INFO - DAG(s) dict_keys(['example_bash_operator']) retrieved from /home/airflow/.local/lib/python3.7/site-packages/airflow/example_dags/example_bash_operator.py
[2022-08-14 23:33:32,391] {logging_mixin.py:115} INFO - [2022-08-14 23:33:32,391] {dag.py:2420} INFO - Sync 1 DAGs
[2022-08-14 23:33:32,422] {logging_mixin.py:115} INFO - [2022-08-14 23:33:32,421] {dag.py:2972} INFO - Setting next_dagrun for example_bash_operator to 2022-08-13T00:00:00+00:00, run_after=2022-08-14T00:00:00+00:00
[2022-08-14 23:33:32,438] {processor.py:161} INFO - Processing /home/airflow/.local/lib/python3.7/site-packages/airflow/example_dags/example_bash_operator.py took 0.096 seconds
[2022-08-14 23:34:02,518] {processor.py:153} INFO - Started process (PID=14513) to work on /home/airflow/.local/lib/python3.7/site-packages/airflow/example_dags/example_bash_operator.py
[2022-08-14 23:34:02,519] {processor.py:641} INFO - Processing file /home/airflow/.local/lib/python3.7/site-packages/airflow/example_dags/example_bash_operator.py for tasks to queue
[2022-08-14 23:34:02,520] {logging_mixin.py:115} INFO - [2022-08-14 23:34:02,520] {dagbag.py:508} INFO - Filling up the DagBag from /home/airflow/.local/lib/python3.7/site-packages/airflow/example_dags/example_bash_operator.py
[2022-08-14 23:34:02,531] {processor.py:651} INFO - DAG(s) dict_keys(['example_bash_operator']) retrieved from /home/airflow/.local/lib/python3.7/site-packages/airflow/example_dags/example_bash_operator.py
[2022-08-14 23:34:02,557] {logging_mixin.py:115} INFO - [2022-08-14 23:34:02,557] {dag.py:2420} INFO - Sync 1 DAGs
[2022-08-14 23:34:02,584] {logging_mixin.py:115} INFO - [2022-08-14 23:34:02,584] {dag.py:2972} INFO - Setting next_dagrun for example_bash_operator to 2022-08-13T00:00:00+00:00, run_after=2022-08-14T00:00:00+00:00
[2022-08-14 23:34:02,603] {processor.py:161} INFO - Processing /home/airflow/.local/lib/python3.7/site-packages/airflow/example_dags/example_bash_operator.py took 0.087 seconds
