[2022-07-29 03:44:08,370] {taskinstance.py:1179} INFO - Dependencies all met for <TaskInstance: csv_dag.link_dag scheduled__2022-07-28T00:00:00+00:00 [queued]>
[2022-07-29 03:44:08,381] {taskinstance.py:1179} INFO - Dependencies all met for <TaskInstance: csv_dag.link_dag scheduled__2022-07-28T00:00:00+00:00 [queued]>
[2022-07-29 03:44:08,381] {taskinstance.py:1376} INFO - 
--------------------------------------------------------------------------------
[2022-07-29 03:44:08,382] {taskinstance.py:1377} INFO - Starting attempt 1 of 2
[2022-07-29 03:44:08,383] {taskinstance.py:1378} INFO - 
--------------------------------------------------------------------------------
[2022-07-29 03:44:08,399] {taskinstance.py:1397} INFO - Executing <Task(PythonOperator): link_dag> on 2022-07-28 00:00:00+00:00
[2022-07-29 03:44:08,406] {standard_task_runner.py:52} INFO - Started process 25899 to run task
[2022-07-29 03:44:08,409] {standard_task_runner.py:79} INFO - Running: ['***', 'tasks', 'run', 'csv_dag', 'link_dag', 'scheduled__2022-07-28T00:00:00+00:00', '--job-id', '86', '--raw', '--subdir', 'DAGS_FOLDER/testDag.py', '--cfg-path', '/tmp/tmpdi6gq2a8', '--error-file', '/tmp/tmpspw__1tb']
[2022-07-29 03:44:08,410] {standard_task_runner.py:80} INFO - Job 86: Subtask link_dag
[2022-07-29 03:44:08,480] {task_command.py:371} INFO - Running <TaskInstance: csv_dag.link_dag scheduled__2022-07-28T00:00:00+00:00 [running]> on host 36e1df4dd6ce
[2022-07-29 03:44:08,559] {taskinstance.py:1591} INFO - Exporting the following env vars:
AIRFLOW_CTX_DAG_OWNER=***
AIRFLOW_CTX_DAG_ID=csv_dag
AIRFLOW_CTX_TASK_ID=link_dag
AIRFLOW_CTX_EXECUTION_DATE=2022-07-28T00:00:00+00:00
AIRFLOW_CTX_TRY_NUMBER=1
AIRFLOW_CTX_DAG_RUN_ID=scheduled__2022-07-28T00:00:00+00:00
[2022-07-29 03:44:49,034] {python.py:173} INFO - Done. Returned value was: None
[2022-07-29 03:44:49,047] {taskinstance.py:1420} INFO - Marking task as SUCCESS. dag_id=csv_dag, task_id=link_dag, execution_date=20220728T000000, start_date=20220729T034408, end_date=20220729T034449
[2022-07-29 03:44:49,103] {local_task_job.py:156} INFO - Task exited with return code 0
[2022-07-29 03:44:49,155] {local_task_job.py:273} INFO - 0 downstream tasks scheduled from follow-on schedule check
