[2022-07-19 03:50:08,193] {taskinstance.py:1179} INFO - Dependencies all met for <TaskInstance: csv_dag.link_dag manual__2022-07-19T03:50:03.895191+00:00 [queued]>
[2022-07-19 03:50:08,205] {taskinstance.py:1179} INFO - Dependencies all met for <TaskInstance: csv_dag.link_dag manual__2022-07-19T03:50:03.895191+00:00 [queued]>
[2022-07-19 03:50:08,206] {taskinstance.py:1376} INFO - 
--------------------------------------------------------------------------------
[2022-07-19 03:50:08,207] {taskinstance.py:1377} INFO - Starting attempt 1 of 2
[2022-07-19 03:50:08,207] {taskinstance.py:1378} INFO - 
--------------------------------------------------------------------------------
[2022-07-19 03:50:08,228] {taskinstance.py:1397} INFO - Executing <Task(PythonOperator): link_dag> on 2022-07-19 03:50:03.895191+00:00
[2022-07-19 03:50:08,234] {standard_task_runner.py:52} INFO - Started process 27592 to run task
[2022-07-19 03:50:08,238] {standard_task_runner.py:79} INFO - Running: ['***', 'tasks', 'run', 'csv_dag', 'link_dag', 'manual__2022-07-19T03:50:03.895191+00:00', '--job-id', '26', '--raw', '--subdir', 'DAGS_FOLDER/testDag.py', '--cfg-path', '/tmp/tmprlq6xa_e', '--error-file', '/tmp/tmpxc6bkv04']
[2022-07-19 03:50:08,239] {standard_task_runner.py:80} INFO - Job 26: Subtask link_dag
[2022-07-19 03:50:08,327] {task_command.py:371} INFO - Running <TaskInstance: csv_dag.link_dag manual__2022-07-19T03:50:03.895191+00:00 [running]> on host 36e1df4dd6ce
[2022-07-19 03:50:08,438] {taskinstance.py:1591} INFO - Exporting the following env vars:
AIRFLOW_CTX_DAG_OWNER=***
AIRFLOW_CTX_DAG_ID=csv_dag
AIRFLOW_CTX_TASK_ID=link_dag
AIRFLOW_CTX_EXECUTION_DATE=2022-07-19T03:50:03.895191+00:00
AIRFLOW_CTX_TRY_NUMBER=1
AIRFLOW_CTX_DAG_RUN_ID=manual__2022-07-19T03:50:03.895191+00:00
[2022-07-19 03:50:50,547] {python.py:173} INFO - Done. Returned value was: None
[2022-07-19 03:50:50,563] {taskinstance.py:1420} INFO - Marking task as SUCCESS. dag_id=csv_dag, task_id=link_dag, execution_date=20220719T035003, start_date=20220719T035008, end_date=20220719T035050
[2022-07-19 03:50:50,598] {local_task_job.py:156} INFO - Task exited with return code 0
[2022-07-19 03:50:50,658] {local_task_job.py:273} INFO - 0 downstream tasks scheduled from follow-on schedule check
