[2022-08-12 03:55:39,999] {processor.py:153} INFO - Started process (PID=26190) to work on /home/airflow/.local/lib/python3.7/site-packages/airflow/example_dags/example_skip_dag.py
[2022-08-12 03:55:40,000] {processor.py:641} INFO - Processing file /home/airflow/.local/lib/python3.7/site-packages/airflow/example_dags/example_skip_dag.py for tasks to queue
[2022-08-12 03:55:40,001] {logging_mixin.py:115} INFO - [2022-08-12 03:55:40,001] {dagbag.py:508} INFO - Filling up the DagBag from /home/airflow/.local/lib/python3.7/site-packages/airflow/example_dags/example_skip_dag.py
[2022-08-12 03:55:40,008] {processor.py:651} INFO - DAG(s) dict_keys(['example_skip_dag']) retrieved from /home/airflow/.local/lib/python3.7/site-packages/airflow/example_dags/example_skip_dag.py
[2022-08-12 03:55:40,046] {logging_mixin.py:115} INFO - [2022-08-12 03:55:40,046] {dag.py:2420} INFO - Sync 1 DAGs
[2022-08-12 03:55:40,089] {logging_mixin.py:115} INFO - [2022-08-12 03:55:40,089] {dag.py:2972} INFO - Setting next_dagrun for example_skip_dag to 2022-08-11T03:55:40.089416+00:00, run_after=2022-08-12T03:55:40.089416+00:00
[2022-08-12 03:55:40,112] {processor.py:161} INFO - Processing /home/airflow/.local/lib/python3.7/site-packages/airflow/example_dags/example_skip_dag.py took 0.116 seconds
[2022-08-12 03:56:11,441] {processor.py:153} INFO - Started process (PID=26412) to work on /home/airflow/.local/lib/python3.7/site-packages/airflow/example_dags/example_skip_dag.py
[2022-08-12 03:56:11,442] {processor.py:641} INFO - Processing file /home/airflow/.local/lib/python3.7/site-packages/airflow/example_dags/example_skip_dag.py for tasks to queue
[2022-08-12 03:56:11,443] {logging_mixin.py:115} INFO - [2022-08-12 03:56:11,443] {dagbag.py:508} INFO - Filling up the DagBag from /home/airflow/.local/lib/python3.7/site-packages/airflow/example_dags/example_skip_dag.py
[2022-08-12 03:56:11,453] {processor.py:651} INFO - DAG(s) dict_keys(['example_skip_dag']) retrieved from /home/airflow/.local/lib/python3.7/site-packages/airflow/example_dags/example_skip_dag.py
[2022-08-12 03:56:11,496] {logging_mixin.py:115} INFO - [2022-08-12 03:56:11,495] {dag.py:2420} INFO - Sync 1 DAGs
[2022-08-12 03:56:11,543] {logging_mixin.py:115} INFO - [2022-08-12 03:56:11,543] {dag.py:2972} INFO - Setting next_dagrun for example_skip_dag to 2022-08-11T03:56:11.542868+00:00, run_after=2022-08-12T03:56:11.542868+00:00
[2022-08-12 03:56:11,570] {processor.py:161} INFO - Processing /home/airflow/.local/lib/python3.7/site-packages/airflow/example_dags/example_skip_dag.py took 0.134 seconds
[2022-08-12 03:56:41,907] {processor.py:153} INFO - Started process (PID=26623) to work on /home/airflow/.local/lib/python3.7/site-packages/airflow/example_dags/example_skip_dag.py
[2022-08-12 03:56:41,908] {processor.py:641} INFO - Processing file /home/airflow/.local/lib/python3.7/site-packages/airflow/example_dags/example_skip_dag.py for tasks to queue
[2022-08-12 03:56:41,909] {logging_mixin.py:115} INFO - [2022-08-12 03:56:41,909] {dagbag.py:508} INFO - Filling up the DagBag from /home/airflow/.local/lib/python3.7/site-packages/airflow/example_dags/example_skip_dag.py
[2022-08-12 03:56:41,915] {processor.py:651} INFO - DAG(s) dict_keys(['example_skip_dag']) retrieved from /home/airflow/.local/lib/python3.7/site-packages/airflow/example_dags/example_skip_dag.py
[2022-08-12 03:56:41,946] {logging_mixin.py:115} INFO - [2022-08-12 03:56:41,946] {dag.py:2420} INFO - Sync 1 DAGs
[2022-08-12 03:56:41,977] {logging_mixin.py:115} INFO - [2022-08-12 03:56:41,977] {dag.py:2972} INFO - Setting next_dagrun for example_skip_dag to 2022-08-11T03:56:41.977043+00:00, run_after=2022-08-12T03:56:41.977043+00:00
[2022-08-12 03:56:41,995] {processor.py:161} INFO - Processing /home/airflow/.local/lib/python3.7/site-packages/airflow/example_dags/example_skip_dag.py took 0.092 seconds
[2022-08-12 03:57:12,984] {processor.py:153} INFO - Started process (PID=26817) to work on /home/airflow/.local/lib/python3.7/site-packages/airflow/example_dags/example_skip_dag.py
[2022-08-12 03:57:12,985] {processor.py:641} INFO - Processing file /home/airflow/.local/lib/python3.7/site-packages/airflow/example_dags/example_skip_dag.py for tasks to queue
[2022-08-12 03:57:12,986] {logging_mixin.py:115} INFO - [2022-08-12 03:57:12,986] {dagbag.py:508} INFO - Filling up the DagBag from /home/airflow/.local/lib/python3.7/site-packages/airflow/example_dags/example_skip_dag.py
[2022-08-12 03:57:12,993] {processor.py:651} INFO - DAG(s) dict_keys(['example_skip_dag']) retrieved from /home/airflow/.local/lib/python3.7/site-packages/airflow/example_dags/example_skip_dag.py
[2022-08-12 03:57:13,031] {logging_mixin.py:115} INFO - [2022-08-12 03:57:13,031] {dag.py:2420} INFO - Sync 1 DAGs
[2022-08-12 03:57:13,067] {logging_mixin.py:115} INFO - [2022-08-12 03:57:13,067] {dag.py:2972} INFO - Setting next_dagrun for example_skip_dag to 2022-08-11T03:57:13.067270+00:00, run_after=2022-08-12T03:57:13.067270+00:00
[2022-08-12 03:57:13,087] {processor.py:161} INFO - Processing /home/airflow/.local/lib/python3.7/site-packages/airflow/example_dags/example_skip_dag.py took 0.106 seconds
[2022-08-12 03:57:44,090] {processor.py:153} INFO - Started process (PID=27018) to work on /home/airflow/.local/lib/python3.7/site-packages/airflow/example_dags/example_skip_dag.py
[2022-08-12 03:57:44,092] {processor.py:641} INFO - Processing file /home/airflow/.local/lib/python3.7/site-packages/airflow/example_dags/example_skip_dag.py for tasks to queue
[2022-08-12 03:57:44,093] {logging_mixin.py:115} INFO - [2022-08-12 03:57:44,093] {dagbag.py:508} INFO - Filling up the DagBag from /home/airflow/.local/lib/python3.7/site-packages/airflow/example_dags/example_skip_dag.py
[2022-08-12 03:57:44,104] {processor.py:651} INFO - DAG(s) dict_keys(['example_skip_dag']) retrieved from /home/airflow/.local/lib/python3.7/site-packages/airflow/example_dags/example_skip_dag.py
[2022-08-12 03:57:44,147] {logging_mixin.py:115} INFO - [2022-08-12 03:57:44,147] {dag.py:2420} INFO - Sync 1 DAGs
[2022-08-12 03:57:44,189] {logging_mixin.py:115} INFO - [2022-08-12 03:57:44,189] {dag.py:2972} INFO - Setting next_dagrun for example_skip_dag to 2022-08-11T03:57:44.189254+00:00, run_after=2022-08-12T03:57:44.189254+00:00
[2022-08-12 03:57:44,215] {processor.py:161} INFO - Processing /home/airflow/.local/lib/python3.7/site-packages/airflow/example_dags/example_skip_dag.py took 0.129 seconds
[2022-08-12 03:58:15,023] {processor.py:153} INFO - Started process (PID=27212) to work on /home/airflow/.local/lib/python3.7/site-packages/airflow/example_dags/example_skip_dag.py
[2022-08-12 03:58:15,024] {processor.py:641} INFO - Processing file /home/airflow/.local/lib/python3.7/site-packages/airflow/example_dags/example_skip_dag.py for tasks to queue
[2022-08-12 03:58:15,025] {logging_mixin.py:115} INFO - [2022-08-12 03:58:15,025] {dagbag.py:508} INFO - Filling up the DagBag from /home/airflow/.local/lib/python3.7/site-packages/airflow/example_dags/example_skip_dag.py
[2022-08-12 03:58:15,031] {processor.py:651} INFO - DAG(s) dict_keys(['example_skip_dag']) retrieved from /home/airflow/.local/lib/python3.7/site-packages/airflow/example_dags/example_skip_dag.py
[2022-08-12 03:58:15,066] {logging_mixin.py:115} INFO - [2022-08-12 03:58:15,066] {dag.py:2420} INFO - Sync 1 DAGs
[2022-08-12 03:58:15,103] {logging_mixin.py:115} INFO - [2022-08-12 03:58:15,103] {dag.py:2972} INFO - Setting next_dagrun for example_skip_dag to 2022-08-11T03:58:15.103524+00:00, run_after=2022-08-12T03:58:15.103524+00:00
[2022-08-12 03:58:15,124] {processor.py:161} INFO - Processing /home/airflow/.local/lib/python3.7/site-packages/airflow/example_dags/example_skip_dag.py took 0.105 seconds
[2022-08-12 03:58:45,724] {processor.py:153} INFO - Started process (PID=27415) to work on /home/airflow/.local/lib/python3.7/site-packages/airflow/example_dags/example_skip_dag.py
[2022-08-12 03:58:45,725] {processor.py:641} INFO - Processing file /home/airflow/.local/lib/python3.7/site-packages/airflow/example_dags/example_skip_dag.py for tasks to queue
[2022-08-12 03:58:45,725] {logging_mixin.py:115} INFO - [2022-08-12 03:58:45,725] {dagbag.py:508} INFO - Filling up the DagBag from /home/airflow/.local/lib/python3.7/site-packages/airflow/example_dags/example_skip_dag.py
[2022-08-12 03:58:45,730] {processor.py:651} INFO - DAG(s) dict_keys(['example_skip_dag']) retrieved from /home/airflow/.local/lib/python3.7/site-packages/airflow/example_dags/example_skip_dag.py
[2022-08-12 03:58:45,758] {logging_mixin.py:115} INFO - [2022-08-12 03:58:45,758] {dag.py:2420} INFO - Sync 1 DAGs
[2022-08-12 03:58:45,787] {logging_mixin.py:115} INFO - [2022-08-12 03:58:45,787] {dag.py:2972} INFO - Setting next_dagrun for example_skip_dag to 2022-08-11T03:58:45.787144+00:00, run_after=2022-08-12T03:58:45.787144+00:00
[2022-08-12 03:58:45,801] {processor.py:161} INFO - Processing /home/airflow/.local/lib/python3.7/site-packages/airflow/example_dags/example_skip_dag.py took 0.079 seconds
[2022-08-12 03:59:15,887] {processor.py:153} INFO - Started process (PID=27608) to work on /home/airflow/.local/lib/python3.7/site-packages/airflow/example_dags/example_skip_dag.py
[2022-08-12 03:59:15,888] {processor.py:641} INFO - Processing file /home/airflow/.local/lib/python3.7/site-packages/airflow/example_dags/example_skip_dag.py for tasks to queue
[2022-08-12 03:59:15,889] {logging_mixin.py:115} INFO - [2022-08-12 03:59:15,889] {dagbag.py:508} INFO - Filling up the DagBag from /home/airflow/.local/lib/python3.7/site-packages/airflow/example_dags/example_skip_dag.py
[2022-08-12 03:59:15,894] {processor.py:651} INFO - DAG(s) dict_keys(['example_skip_dag']) retrieved from /home/airflow/.local/lib/python3.7/site-packages/airflow/example_dags/example_skip_dag.py
[2022-08-12 03:59:15,920] {logging_mixin.py:115} INFO - [2022-08-12 03:59:15,920] {dag.py:2420} INFO - Sync 1 DAGs
[2022-08-12 03:59:15,944] {logging_mixin.py:115} INFO - [2022-08-12 03:59:15,944] {dag.py:2972} INFO - Setting next_dagrun for example_skip_dag to 2022-08-11T03:59:15.944270+00:00, run_after=2022-08-12T03:59:15.944270+00:00
[2022-08-12 03:59:15,961] {processor.py:161} INFO - Processing /home/airflow/.local/lib/python3.7/site-packages/airflow/example_dags/example_skip_dag.py took 0.076 seconds
[2022-08-12 03:59:46,298] {processor.py:153} INFO - Started process (PID=27806) to work on /home/airflow/.local/lib/python3.7/site-packages/airflow/example_dags/example_skip_dag.py
[2022-08-12 03:59:46,299] {processor.py:641} INFO - Processing file /home/airflow/.local/lib/python3.7/site-packages/airflow/example_dags/example_skip_dag.py for tasks to queue
[2022-08-12 03:59:46,299] {logging_mixin.py:115} INFO - [2022-08-12 03:59:46,299] {dagbag.py:508} INFO - Filling up the DagBag from /home/airflow/.local/lib/python3.7/site-packages/airflow/example_dags/example_skip_dag.py
[2022-08-12 03:59:46,305] {processor.py:651} INFO - DAG(s) dict_keys(['example_skip_dag']) retrieved from /home/airflow/.local/lib/python3.7/site-packages/airflow/example_dags/example_skip_dag.py
[2022-08-12 03:59:46,333] {logging_mixin.py:115} INFO - [2022-08-12 03:59:46,333] {dag.py:2420} INFO - Sync 1 DAGs
[2022-08-12 03:59:46,361] {logging_mixin.py:115} INFO - [2022-08-12 03:59:46,361] {dag.py:2972} INFO - Setting next_dagrun for example_skip_dag to 2022-08-11T03:59:46.361429+00:00, run_after=2022-08-12T03:59:46.361429+00:00
[2022-08-12 03:59:46,378] {processor.py:161} INFO - Processing /home/airflow/.local/lib/python3.7/site-packages/airflow/example_dags/example_skip_dag.py took 0.083 seconds
[2022-08-12 04:00:16,745] {processor.py:153} INFO - Started process (PID=28009) to work on /home/airflow/.local/lib/python3.7/site-packages/airflow/example_dags/example_skip_dag.py
[2022-08-12 04:00:16,746] {processor.py:641} INFO - Processing file /home/airflow/.local/lib/python3.7/site-packages/airflow/example_dags/example_skip_dag.py for tasks to queue
[2022-08-12 04:00:16,746] {logging_mixin.py:115} INFO - [2022-08-12 04:00:16,746] {dagbag.py:508} INFO - Filling up the DagBag from /home/airflow/.local/lib/python3.7/site-packages/airflow/example_dags/example_skip_dag.py
[2022-08-12 04:00:16,753] {processor.py:651} INFO - DAG(s) dict_keys(['example_skip_dag']) retrieved from /home/airflow/.local/lib/python3.7/site-packages/airflow/example_dags/example_skip_dag.py
[2022-08-12 04:00:16,780] {logging_mixin.py:115} INFO - [2022-08-12 04:00:16,780] {dag.py:2420} INFO - Sync 1 DAGs
[2022-08-12 04:00:16,813] {logging_mixin.py:115} INFO - [2022-08-12 04:00:16,813] {dag.py:2972} INFO - Setting next_dagrun for example_skip_dag to 2022-08-11T04:00:16.813446+00:00, run_after=2022-08-12T04:00:16.813446+00:00
[2022-08-12 04:00:16,830] {processor.py:161} INFO - Processing /home/airflow/.local/lib/python3.7/site-packages/airflow/example_dags/example_skip_dag.py took 0.088 seconds
[2022-08-12 04:00:47,760] {processor.py:153} INFO - Started process (PID=28203) to work on /home/airflow/.local/lib/python3.7/site-packages/airflow/example_dags/example_skip_dag.py
[2022-08-12 04:00:47,761] {processor.py:641} INFO - Processing file /home/airflow/.local/lib/python3.7/site-packages/airflow/example_dags/example_skip_dag.py for tasks to queue
[2022-08-12 04:00:47,762] {logging_mixin.py:115} INFO - [2022-08-12 04:00:47,762] {dagbag.py:508} INFO - Filling up the DagBag from /home/airflow/.local/lib/python3.7/site-packages/airflow/example_dags/example_skip_dag.py
[2022-08-12 04:00:47,768] {processor.py:651} INFO - DAG(s) dict_keys(['example_skip_dag']) retrieved from /home/airflow/.local/lib/python3.7/site-packages/airflow/example_dags/example_skip_dag.py
[2022-08-12 04:00:47,795] {logging_mixin.py:115} INFO - [2022-08-12 04:00:47,795] {dag.py:2420} INFO - Sync 1 DAGs
[2022-08-12 04:00:47,819] {logging_mixin.py:115} INFO - [2022-08-12 04:00:47,819] {dag.py:2972} INFO - Setting next_dagrun for example_skip_dag to 2022-08-11T04:00:47.819040+00:00, run_after=2022-08-12T04:00:47.819040+00:00
[2022-08-12 04:00:47,833] {processor.py:161} INFO - Processing /home/airflow/.local/lib/python3.7/site-packages/airflow/example_dags/example_skip_dag.py took 0.076 seconds
[2022-08-12 04:01:18,673] {processor.py:153} INFO - Started process (PID=28406) to work on /home/airflow/.local/lib/python3.7/site-packages/airflow/example_dags/example_skip_dag.py
[2022-08-12 04:01:18,674] {processor.py:641} INFO - Processing file /home/airflow/.local/lib/python3.7/site-packages/airflow/example_dags/example_skip_dag.py for tasks to queue
[2022-08-12 04:01:18,675] {logging_mixin.py:115} INFO - [2022-08-12 04:01:18,674] {dagbag.py:508} INFO - Filling up the DagBag from /home/airflow/.local/lib/python3.7/site-packages/airflow/example_dags/example_skip_dag.py
[2022-08-12 04:01:18,679] {processor.py:651} INFO - DAG(s) dict_keys(['example_skip_dag']) retrieved from /home/airflow/.local/lib/python3.7/site-packages/airflow/example_dags/example_skip_dag.py
[2022-08-12 04:01:18,706] {logging_mixin.py:115} INFO - [2022-08-12 04:01:18,706] {dag.py:2420} INFO - Sync 1 DAGs
[2022-08-12 04:01:18,725] {logging_mixin.py:115} INFO - [2022-08-12 04:01:18,725] {dag.py:2972} INFO - Setting next_dagrun for example_skip_dag to 2022-08-11T04:01:18.725331+00:00, run_after=2022-08-12T04:01:18.725331+00:00
[2022-08-12 04:01:18,737] {processor.py:161} INFO - Processing /home/airflow/.local/lib/python3.7/site-packages/airflow/example_dags/example_skip_dag.py took 0.066 seconds
[2022-08-12 04:01:48,928] {processor.py:153} INFO - Started process (PID=28602) to work on /home/airflow/.local/lib/python3.7/site-packages/airflow/example_dags/example_skip_dag.py
[2022-08-12 04:01:48,929] {processor.py:641} INFO - Processing file /home/airflow/.local/lib/python3.7/site-packages/airflow/example_dags/example_skip_dag.py for tasks to queue
[2022-08-12 04:01:48,930] {logging_mixin.py:115} INFO - [2022-08-12 04:01:48,930] {dagbag.py:508} INFO - Filling up the DagBag from /home/airflow/.local/lib/python3.7/site-packages/airflow/example_dags/example_skip_dag.py
[2022-08-12 04:01:48,934] {processor.py:651} INFO - DAG(s) dict_keys(['example_skip_dag']) retrieved from /home/airflow/.local/lib/python3.7/site-packages/airflow/example_dags/example_skip_dag.py
[2022-08-12 04:01:48,958] {logging_mixin.py:115} INFO - [2022-08-12 04:01:48,957] {dag.py:2420} INFO - Sync 1 DAGs
[2022-08-12 04:01:48,980] {logging_mixin.py:115} INFO - [2022-08-12 04:01:48,979] {dag.py:2972} INFO - Setting next_dagrun for example_skip_dag to 2022-08-11T04:01:48.979623+00:00, run_after=2022-08-12T04:01:48.979623+00:00
[2022-08-12 04:01:48,991] {processor.py:161} INFO - Processing /home/airflow/.local/lib/python3.7/site-packages/airflow/example_dags/example_skip_dag.py took 0.065 seconds
[2022-08-12 04:02:19,643] {processor.py:153} INFO - Started process (PID=28804) to work on /home/airflow/.local/lib/python3.7/site-packages/airflow/example_dags/example_skip_dag.py
[2022-08-12 04:02:19,644] {processor.py:641} INFO - Processing file /home/airflow/.local/lib/python3.7/site-packages/airflow/example_dags/example_skip_dag.py for tasks to queue
[2022-08-12 04:02:19,645] {logging_mixin.py:115} INFO - [2022-08-12 04:02:19,645] {dagbag.py:508} INFO - Filling up the DagBag from /home/airflow/.local/lib/python3.7/site-packages/airflow/example_dags/example_skip_dag.py
[2022-08-12 04:02:19,654] {processor.py:651} INFO - DAG(s) dict_keys(['example_skip_dag']) retrieved from /home/airflow/.local/lib/python3.7/site-packages/airflow/example_dags/example_skip_dag.py
[2022-08-12 04:02:19,700] {logging_mixin.py:115} INFO - [2022-08-12 04:02:19,700] {dag.py:2420} INFO - Sync 1 DAGs
[2022-08-12 04:02:19,729] {logging_mixin.py:115} INFO - [2022-08-12 04:02:19,729] {dag.py:2972} INFO - Setting next_dagrun for example_skip_dag to 2022-08-11T04:02:19.729366+00:00, run_after=2022-08-12T04:02:19.729366+00:00
[2022-08-12 04:02:19,747] {processor.py:161} INFO - Processing /home/airflow/.local/lib/python3.7/site-packages/airflow/example_dags/example_skip_dag.py took 0.110 seconds
[2022-08-12 04:02:49,868] {processor.py:153} INFO - Started process (PID=28998) to work on /home/airflow/.local/lib/python3.7/site-packages/airflow/example_dags/example_skip_dag.py
[2022-08-12 04:02:49,869] {processor.py:641} INFO - Processing file /home/airflow/.local/lib/python3.7/site-packages/airflow/example_dags/example_skip_dag.py for tasks to queue
[2022-08-12 04:02:49,869] {logging_mixin.py:115} INFO - [2022-08-12 04:02:49,869] {dagbag.py:508} INFO - Filling up the DagBag from /home/airflow/.local/lib/python3.7/site-packages/airflow/example_dags/example_skip_dag.py
[2022-08-12 04:02:49,875] {processor.py:651} INFO - DAG(s) dict_keys(['example_skip_dag']) retrieved from /home/airflow/.local/lib/python3.7/site-packages/airflow/example_dags/example_skip_dag.py
[2022-08-12 04:02:49,908] {logging_mixin.py:115} INFO - [2022-08-12 04:02:49,908] {dag.py:2420} INFO - Sync 1 DAGs
[2022-08-12 04:02:49,935] {logging_mixin.py:115} INFO - [2022-08-12 04:02:49,935] {dag.py:2972} INFO - Setting next_dagrun for example_skip_dag to 2022-08-11T04:02:49.934789+00:00, run_after=2022-08-12T04:02:49.934789+00:00
[2022-08-12 04:02:49,955] {processor.py:161} INFO - Processing /home/airflow/.local/lib/python3.7/site-packages/airflow/example_dags/example_skip_dag.py took 0.091 seconds
[2022-08-12 04:03:20,244] {processor.py:153} INFO - Started process (PID=29203) to work on /home/airflow/.local/lib/python3.7/site-packages/airflow/example_dags/example_skip_dag.py
[2022-08-12 04:03:20,245] {processor.py:641} INFO - Processing file /home/airflow/.local/lib/python3.7/site-packages/airflow/example_dags/example_skip_dag.py for tasks to queue
[2022-08-12 04:03:20,246] {logging_mixin.py:115} INFO - [2022-08-12 04:03:20,246] {dagbag.py:508} INFO - Filling up the DagBag from /home/airflow/.local/lib/python3.7/site-packages/airflow/example_dags/example_skip_dag.py
[2022-08-12 04:03:20,252] {processor.py:651} INFO - DAG(s) dict_keys(['example_skip_dag']) retrieved from /home/airflow/.local/lib/python3.7/site-packages/airflow/example_dags/example_skip_dag.py
[2022-08-12 04:03:20,284] {logging_mixin.py:115} INFO - [2022-08-12 04:03:20,284] {dag.py:2420} INFO - Sync 1 DAGs
[2022-08-12 04:03:20,317] {logging_mixin.py:115} INFO - [2022-08-12 04:03:20,316] {dag.py:2972} INFO - Setting next_dagrun for example_skip_dag to 2022-08-11T04:03:20.316594+00:00, run_after=2022-08-12T04:03:20.316594+00:00
[2022-08-12 04:03:20,336] {processor.py:161} INFO - Processing /home/airflow/.local/lib/python3.7/site-packages/airflow/example_dags/example_skip_dag.py took 0.095 seconds
[2022-08-12 04:03:50,578] {processor.py:153} INFO - Started process (PID=29397) to work on /home/airflow/.local/lib/python3.7/site-packages/airflow/example_dags/example_skip_dag.py
[2022-08-12 04:03:50,579] {processor.py:641} INFO - Processing file /home/airflow/.local/lib/python3.7/site-packages/airflow/example_dags/example_skip_dag.py for tasks to queue
[2022-08-12 04:03:50,580] {logging_mixin.py:115} INFO - [2022-08-12 04:03:50,580] {dagbag.py:508} INFO - Filling up the DagBag from /home/airflow/.local/lib/python3.7/site-packages/airflow/example_dags/example_skip_dag.py
[2022-08-12 04:03:50,586] {processor.py:651} INFO - DAG(s) dict_keys(['example_skip_dag']) retrieved from /home/airflow/.local/lib/python3.7/site-packages/airflow/example_dags/example_skip_dag.py
[2022-08-12 04:03:50,617] {logging_mixin.py:115} INFO - [2022-08-12 04:03:50,617] {dag.py:2420} INFO - Sync 1 DAGs
[2022-08-12 04:03:50,647] {logging_mixin.py:115} INFO - [2022-08-12 04:03:50,647] {dag.py:2972} INFO - Setting next_dagrun for example_skip_dag to 2022-08-11T04:03:50.647103+00:00, run_after=2022-08-12T04:03:50.647103+00:00
[2022-08-12 04:03:50,664] {processor.py:161} INFO - Processing /home/airflow/.local/lib/python3.7/site-packages/airflow/example_dags/example_skip_dag.py took 0.089 seconds
[2022-08-12 04:04:21,092] {processor.py:153} INFO - Started process (PID=29600) to work on /home/airflow/.local/lib/python3.7/site-packages/airflow/example_dags/example_skip_dag.py
[2022-08-12 04:04:21,094] {processor.py:641} INFO - Processing file /home/airflow/.local/lib/python3.7/site-packages/airflow/example_dags/example_skip_dag.py for tasks to queue
[2022-08-12 04:04:21,095] {logging_mixin.py:115} INFO - [2022-08-12 04:04:21,095] {dagbag.py:508} INFO - Filling up the DagBag from /home/airflow/.local/lib/python3.7/site-packages/airflow/example_dags/example_skip_dag.py
[2022-08-12 04:04:21,102] {processor.py:651} INFO - DAG(s) dict_keys(['example_skip_dag']) retrieved from /home/airflow/.local/lib/python3.7/site-packages/airflow/example_dags/example_skip_dag.py
[2022-08-12 04:04:21,149] {logging_mixin.py:115} INFO - [2022-08-12 04:04:21,149] {dag.py:2420} INFO - Sync 1 DAGs
[2022-08-12 04:04:21,190] {logging_mixin.py:115} INFO - [2022-08-12 04:04:21,190] {dag.py:2972} INFO - Setting next_dagrun for example_skip_dag to 2022-08-11T04:04:21.190122+00:00, run_after=2022-08-12T04:04:21.190122+00:00
[2022-08-12 04:04:21,213] {processor.py:161} INFO - Processing /home/airflow/.local/lib/python3.7/site-packages/airflow/example_dags/example_skip_dag.py took 0.125 seconds
[2022-08-12 04:04:52,199] {processor.py:153} INFO - Started process (PID=29799) to work on /home/airflow/.local/lib/python3.7/site-packages/airflow/example_dags/example_skip_dag.py
[2022-08-12 04:04:52,200] {processor.py:641} INFO - Processing file /home/airflow/.local/lib/python3.7/site-packages/airflow/example_dags/example_skip_dag.py for tasks to queue
[2022-08-12 04:04:52,201] {logging_mixin.py:115} INFO - [2022-08-12 04:04:52,201] {dagbag.py:508} INFO - Filling up the DagBag from /home/airflow/.local/lib/python3.7/site-packages/airflow/example_dags/example_skip_dag.py
[2022-08-12 04:04:52,207] {processor.py:651} INFO - DAG(s) dict_keys(['example_skip_dag']) retrieved from /home/airflow/.local/lib/python3.7/site-packages/airflow/example_dags/example_skip_dag.py
[2022-08-12 04:04:52,248] {logging_mixin.py:115} INFO - [2022-08-12 04:04:52,248] {dag.py:2420} INFO - Sync 1 DAGs
[2022-08-12 04:04:52,284] {logging_mixin.py:115} INFO - [2022-08-12 04:04:52,284] {dag.py:2972} INFO - Setting next_dagrun for example_skip_dag to 2022-08-11T04:04:52.284350+00:00, run_after=2022-08-12T04:04:52.284350+00:00
[2022-08-12 04:04:52,304] {processor.py:161} INFO - Processing /home/airflow/.local/lib/python3.7/site-packages/airflow/example_dags/example_skip_dag.py took 0.109 seconds
[2022-08-12 04:05:22,402] {processor.py:153} INFO - Started process (PID=29997) to work on /home/airflow/.local/lib/python3.7/site-packages/airflow/example_dags/example_skip_dag.py
[2022-08-12 04:05:22,403] {processor.py:641} INFO - Processing file /home/airflow/.local/lib/python3.7/site-packages/airflow/example_dags/example_skip_dag.py for tasks to queue
[2022-08-12 04:05:22,404] {logging_mixin.py:115} INFO - [2022-08-12 04:05:22,404] {dagbag.py:508} INFO - Filling up the DagBag from /home/airflow/.local/lib/python3.7/site-packages/airflow/example_dags/example_skip_dag.py
[2022-08-12 04:05:22,410] {processor.py:651} INFO - DAG(s) dict_keys(['example_skip_dag']) retrieved from /home/airflow/.local/lib/python3.7/site-packages/airflow/example_dags/example_skip_dag.py
[2022-08-12 04:05:22,444] {logging_mixin.py:115} INFO - [2022-08-12 04:05:22,444] {dag.py:2420} INFO - Sync 1 DAGs
[2022-08-12 04:05:22,472] {logging_mixin.py:115} INFO - [2022-08-12 04:05:22,472] {dag.py:2972} INFO - Setting next_dagrun for example_skip_dag to 2022-08-11T04:05:22.471836+00:00, run_after=2022-08-12T04:05:22.471836+00:00
[2022-08-12 04:05:22,490] {processor.py:161} INFO - Processing /home/airflow/.local/lib/python3.7/site-packages/airflow/example_dags/example_skip_dag.py took 0.091 seconds
[2022-08-12 04:05:52,592] {processor.py:153} INFO - Started process (PID=30189) to work on /home/airflow/.local/lib/python3.7/site-packages/airflow/example_dags/example_skip_dag.py
[2022-08-12 04:05:52,592] {processor.py:641} INFO - Processing file /home/airflow/.local/lib/python3.7/site-packages/airflow/example_dags/example_skip_dag.py for tasks to queue
[2022-08-12 04:05:52,593] {logging_mixin.py:115} INFO - [2022-08-12 04:05:52,593] {dagbag.py:508} INFO - Filling up the DagBag from /home/airflow/.local/lib/python3.7/site-packages/airflow/example_dags/example_skip_dag.py
[2022-08-12 04:05:52,598] {processor.py:651} INFO - DAG(s) dict_keys(['example_skip_dag']) retrieved from /home/airflow/.local/lib/python3.7/site-packages/airflow/example_dags/example_skip_dag.py
[2022-08-12 04:05:52,621] {logging_mixin.py:115} INFO - [2022-08-12 04:05:52,621] {dag.py:2420} INFO - Sync 1 DAGs
[2022-08-12 04:05:52,644] {logging_mixin.py:115} INFO - [2022-08-12 04:05:52,644] {dag.py:2972} INFO - Setting next_dagrun for example_skip_dag to 2022-08-11T04:05:52.644318+00:00, run_after=2022-08-12T04:05:52.644318+00:00
[2022-08-12 04:05:52,657] {processor.py:161} INFO - Processing /home/airflow/.local/lib/python3.7/site-packages/airflow/example_dags/example_skip_dag.py took 0.068 seconds
[2022-08-12 04:06:22,836] {processor.py:153} INFO - Started process (PID=30392) to work on /home/airflow/.local/lib/python3.7/site-packages/airflow/example_dags/example_skip_dag.py
[2022-08-12 04:06:22,837] {processor.py:641} INFO - Processing file /home/airflow/.local/lib/python3.7/site-packages/airflow/example_dags/example_skip_dag.py for tasks to queue
[2022-08-12 04:06:22,838] {logging_mixin.py:115} INFO - [2022-08-12 04:06:22,838] {dagbag.py:508} INFO - Filling up the DagBag from /home/airflow/.local/lib/python3.7/site-packages/airflow/example_dags/example_skip_dag.py
[2022-08-12 04:06:22,848] {processor.py:651} INFO - DAG(s) dict_keys(['example_skip_dag']) retrieved from /home/airflow/.local/lib/python3.7/site-packages/airflow/example_dags/example_skip_dag.py
[2022-08-12 04:06:22,882] {logging_mixin.py:115} INFO - [2022-08-12 04:06:22,882] {dag.py:2420} INFO - Sync 1 DAGs
[2022-08-12 04:06:22,915] {logging_mixin.py:115} INFO - [2022-08-12 04:06:22,915] {dag.py:2972} INFO - Setting next_dagrun for example_skip_dag to 2022-08-11T04:06:22.915451+00:00, run_after=2022-08-12T04:06:22.915451+00:00
[2022-08-12 04:06:22,929] {processor.py:161} INFO - Processing /home/airflow/.local/lib/python3.7/site-packages/airflow/example_dags/example_skip_dag.py took 0.097 seconds
[2022-08-12 04:06:53,311] {processor.py:153} INFO - Started process (PID=30595) to work on /home/airflow/.local/lib/python3.7/site-packages/airflow/example_dags/example_skip_dag.py
[2022-08-12 04:06:53,312] {processor.py:641} INFO - Processing file /home/airflow/.local/lib/python3.7/site-packages/airflow/example_dags/example_skip_dag.py for tasks to queue
[2022-08-12 04:06:53,312] {logging_mixin.py:115} INFO - [2022-08-12 04:06:53,312] {dagbag.py:508} INFO - Filling up the DagBag from /home/airflow/.local/lib/python3.7/site-packages/airflow/example_dags/example_skip_dag.py
[2022-08-12 04:06:53,319] {processor.py:651} INFO - DAG(s) dict_keys(['example_skip_dag']) retrieved from /home/airflow/.local/lib/python3.7/site-packages/airflow/example_dags/example_skip_dag.py
[2022-08-12 04:06:53,355] {logging_mixin.py:115} INFO - [2022-08-12 04:06:53,355] {dag.py:2420} INFO - Sync 1 DAGs
[2022-08-12 04:06:53,385] {logging_mixin.py:115} INFO - [2022-08-12 04:06:53,385] {dag.py:2972} INFO - Setting next_dagrun for example_skip_dag to 2022-08-11T04:06:53.385418+00:00, run_after=2022-08-12T04:06:53.385418+00:00
[2022-08-12 04:06:53,405] {processor.py:161} INFO - Processing /home/airflow/.local/lib/python3.7/site-packages/airflow/example_dags/example_skip_dag.py took 0.098 seconds
[2022-08-12 04:07:23,535] {processor.py:153} INFO - Started process (PID=30789) to work on /home/airflow/.local/lib/python3.7/site-packages/airflow/example_dags/example_skip_dag.py
[2022-08-12 04:07:23,536] {processor.py:641} INFO - Processing file /home/airflow/.local/lib/python3.7/site-packages/airflow/example_dags/example_skip_dag.py for tasks to queue
[2022-08-12 04:07:23,537] {logging_mixin.py:115} INFO - [2022-08-12 04:07:23,537] {dagbag.py:508} INFO - Filling up the DagBag from /home/airflow/.local/lib/python3.7/site-packages/airflow/example_dags/example_skip_dag.py
[2022-08-12 04:07:23,543] {processor.py:651} INFO - DAG(s) dict_keys(['example_skip_dag']) retrieved from /home/airflow/.local/lib/python3.7/site-packages/airflow/example_dags/example_skip_dag.py
[2022-08-12 04:07:23,572] {logging_mixin.py:115} INFO - [2022-08-12 04:07:23,572] {dag.py:2420} INFO - Sync 1 DAGs
[2022-08-12 04:07:23,602] {logging_mixin.py:115} INFO - [2022-08-12 04:07:23,602] {dag.py:2972} INFO - Setting next_dagrun for example_skip_dag to 2022-08-11T04:07:23.601888+00:00, run_after=2022-08-12T04:07:23.601888+00:00
[2022-08-12 04:07:23,621] {processor.py:161} INFO - Processing /home/airflow/.local/lib/python3.7/site-packages/airflow/example_dags/example_skip_dag.py took 0.089 seconds
[2022-08-12 04:07:54,090] {processor.py:153} INFO - Started process (PID=30992) to work on /home/airflow/.local/lib/python3.7/site-packages/airflow/example_dags/example_skip_dag.py
[2022-08-12 04:07:54,091] {processor.py:641} INFO - Processing file /home/airflow/.local/lib/python3.7/site-packages/airflow/example_dags/example_skip_dag.py for tasks to queue
[2022-08-12 04:07:54,092] {logging_mixin.py:115} INFO - [2022-08-12 04:07:54,092] {dagbag.py:508} INFO - Filling up the DagBag from /home/airflow/.local/lib/python3.7/site-packages/airflow/example_dags/example_skip_dag.py
[2022-08-12 04:07:54,098] {processor.py:651} INFO - DAG(s) dict_keys(['example_skip_dag']) retrieved from /home/airflow/.local/lib/python3.7/site-packages/airflow/example_dags/example_skip_dag.py
[2022-08-12 04:07:54,131] {logging_mixin.py:115} INFO - [2022-08-12 04:07:54,131] {dag.py:2420} INFO - Sync 1 DAGs
[2022-08-12 04:07:54,163] {logging_mixin.py:115} INFO - [2022-08-12 04:07:54,163] {dag.py:2972} INFO - Setting next_dagrun for example_skip_dag to 2022-08-11T04:07:54.162782+00:00, run_after=2022-08-12T04:07:54.162782+00:00
[2022-08-12 04:07:54,181] {processor.py:161} INFO - Processing /home/airflow/.local/lib/python3.7/site-packages/airflow/example_dags/example_skip_dag.py took 0.094 seconds
[2022-08-12 04:08:24,814] {processor.py:153} INFO - Started process (PID=31188) to work on /home/airflow/.local/lib/python3.7/site-packages/airflow/example_dags/example_skip_dag.py
[2022-08-12 04:08:24,815] {processor.py:641} INFO - Processing file /home/airflow/.local/lib/python3.7/site-packages/airflow/example_dags/example_skip_dag.py for tasks to queue
[2022-08-12 04:08:24,816] {logging_mixin.py:115} INFO - [2022-08-12 04:08:24,816] {dagbag.py:508} INFO - Filling up the DagBag from /home/airflow/.local/lib/python3.7/site-packages/airflow/example_dags/example_skip_dag.py
[2022-08-12 04:08:24,822] {processor.py:651} INFO - DAG(s) dict_keys(['example_skip_dag']) retrieved from /home/airflow/.local/lib/python3.7/site-packages/airflow/example_dags/example_skip_dag.py
[2022-08-12 04:08:24,853] {logging_mixin.py:115} INFO - [2022-08-12 04:08:24,853] {dag.py:2420} INFO - Sync 1 DAGs
[2022-08-12 04:08:24,881] {logging_mixin.py:115} INFO - [2022-08-12 04:08:24,880] {dag.py:2972} INFO - Setting next_dagrun for example_skip_dag to 2022-08-11T04:08:24.880667+00:00, run_after=2022-08-12T04:08:24.880667+00:00
[2022-08-12 04:08:24,900] {processor.py:161} INFO - Processing /home/airflow/.local/lib/python3.7/site-packages/airflow/example_dags/example_skip_dag.py took 0.089 seconds
[2022-08-12 04:08:55,140] {processor.py:153} INFO - Started process (PID=31389) to work on /home/airflow/.local/lib/python3.7/site-packages/airflow/example_dags/example_skip_dag.py
[2022-08-12 04:08:55,141] {processor.py:641} INFO - Processing file /home/airflow/.local/lib/python3.7/site-packages/airflow/example_dags/example_skip_dag.py for tasks to queue
[2022-08-12 04:08:55,142] {logging_mixin.py:115} INFO - [2022-08-12 04:08:55,142] {dagbag.py:508} INFO - Filling up the DagBag from /home/airflow/.local/lib/python3.7/site-packages/airflow/example_dags/example_skip_dag.py
[2022-08-12 04:08:55,148] {processor.py:651} INFO - DAG(s) dict_keys(['example_skip_dag']) retrieved from /home/airflow/.local/lib/python3.7/site-packages/airflow/example_dags/example_skip_dag.py
[2022-08-12 04:08:55,182] {logging_mixin.py:115} INFO - [2022-08-12 04:08:55,182] {dag.py:2420} INFO - Sync 1 DAGs
[2022-08-12 04:08:55,215] {logging_mixin.py:115} INFO - [2022-08-12 04:08:55,215] {dag.py:2972} INFO - Setting next_dagrun for example_skip_dag to 2022-08-11T04:08:55.215339+00:00, run_after=2022-08-12T04:08:55.215339+00:00
[2022-08-12 04:08:55,233] {processor.py:161} INFO - Processing /home/airflow/.local/lib/python3.7/site-packages/airflow/example_dags/example_skip_dag.py took 0.096 seconds
[2022-08-12 04:09:26,063] {processor.py:153} INFO - Started process (PID=31584) to work on /home/airflow/.local/lib/python3.7/site-packages/airflow/example_dags/example_skip_dag.py
[2022-08-12 04:09:26,064] {processor.py:641} INFO - Processing file /home/airflow/.local/lib/python3.7/site-packages/airflow/example_dags/example_skip_dag.py for tasks to queue
[2022-08-12 04:09:26,065] {logging_mixin.py:115} INFO - [2022-08-12 04:09:26,065] {dagbag.py:508} INFO - Filling up the DagBag from /home/airflow/.local/lib/python3.7/site-packages/airflow/example_dags/example_skip_dag.py
[2022-08-12 04:09:26,073] {processor.py:651} INFO - DAG(s) dict_keys(['example_skip_dag']) retrieved from /home/airflow/.local/lib/python3.7/site-packages/airflow/example_dags/example_skip_dag.py
[2022-08-12 04:09:26,106] {logging_mixin.py:115} INFO - [2022-08-12 04:09:26,106] {dag.py:2420} INFO - Sync 1 DAGs
[2022-08-12 04:09:26,133] {logging_mixin.py:115} INFO - [2022-08-12 04:09:26,133] {dag.py:2972} INFO - Setting next_dagrun for example_skip_dag to 2022-08-11T04:09:26.133341+00:00, run_after=2022-08-12T04:09:26.133341+00:00
[2022-08-12 04:09:26,152] {processor.py:161} INFO - Processing /home/airflow/.local/lib/python3.7/site-packages/airflow/example_dags/example_skip_dag.py took 0.093 seconds
[2022-08-12 04:09:56,372] {processor.py:153} INFO - Started process (PID=31787) to work on /home/airflow/.local/lib/python3.7/site-packages/airflow/example_dags/example_skip_dag.py
[2022-08-12 04:09:56,373] {processor.py:641} INFO - Processing file /home/airflow/.local/lib/python3.7/site-packages/airflow/example_dags/example_skip_dag.py for tasks to queue
[2022-08-12 04:09:56,374] {logging_mixin.py:115} INFO - [2022-08-12 04:09:56,374] {dagbag.py:508} INFO - Filling up the DagBag from /home/airflow/.local/lib/python3.7/site-packages/airflow/example_dags/example_skip_dag.py
[2022-08-12 04:09:56,381] {processor.py:651} INFO - DAG(s) dict_keys(['example_skip_dag']) retrieved from /home/airflow/.local/lib/python3.7/site-packages/airflow/example_dags/example_skip_dag.py
[2022-08-12 04:09:56,418] {logging_mixin.py:115} INFO - [2022-08-12 04:09:56,417] {dag.py:2420} INFO - Sync 1 DAGs
[2022-08-12 04:09:56,450] {logging_mixin.py:115} INFO - [2022-08-12 04:09:56,450] {dag.py:2972} INFO - Setting next_dagrun for example_skip_dag to 2022-08-11T04:09:56.449950+00:00, run_after=2022-08-12T04:09:56.449950+00:00
[2022-08-12 04:09:56,471] {processor.py:161} INFO - Processing /home/airflow/.local/lib/python3.7/site-packages/airflow/example_dags/example_skip_dag.py took 0.103 seconds
[2022-08-12 04:10:27,162] {processor.py:153} INFO - Started process (PID=31981) to work on /home/airflow/.local/lib/python3.7/site-packages/airflow/example_dags/example_skip_dag.py
[2022-08-12 04:10:27,163] {processor.py:641} INFO - Processing file /home/airflow/.local/lib/python3.7/site-packages/airflow/example_dags/example_skip_dag.py for tasks to queue
[2022-08-12 04:10:27,164] {logging_mixin.py:115} INFO - [2022-08-12 04:10:27,163] {dagbag.py:508} INFO - Filling up the DagBag from /home/airflow/.local/lib/python3.7/site-packages/airflow/example_dags/example_skip_dag.py
[2022-08-12 04:10:27,171] {processor.py:651} INFO - DAG(s) dict_keys(['example_skip_dag']) retrieved from /home/airflow/.local/lib/python3.7/site-packages/airflow/example_dags/example_skip_dag.py
[2022-08-12 04:10:27,205] {logging_mixin.py:115} INFO - [2022-08-12 04:10:27,205] {dag.py:2420} INFO - Sync 1 DAGs
[2022-08-12 04:10:27,233] {logging_mixin.py:115} INFO - [2022-08-12 04:10:27,233] {dag.py:2972} INFO - Setting next_dagrun for example_skip_dag to 2022-08-11T04:10:27.232834+00:00, run_after=2022-08-12T04:10:27.232834+00:00
[2022-08-12 04:10:27,250] {processor.py:161} INFO - Processing /home/airflow/.local/lib/python3.7/site-packages/airflow/example_dags/example_skip_dag.py took 0.092 seconds
[2022-08-12 04:10:57,555] {processor.py:153} INFO - Started process (PID=32185) to work on /home/airflow/.local/lib/python3.7/site-packages/airflow/example_dags/example_skip_dag.py
[2022-08-12 04:10:57,556] {processor.py:641} INFO - Processing file /home/airflow/.local/lib/python3.7/site-packages/airflow/example_dags/example_skip_dag.py for tasks to queue
[2022-08-12 04:10:57,557] {logging_mixin.py:115} INFO - [2022-08-12 04:10:57,557] {dagbag.py:508} INFO - Filling up the DagBag from /home/airflow/.local/lib/python3.7/site-packages/airflow/example_dags/example_skip_dag.py
[2022-08-12 04:10:57,563] {processor.py:651} INFO - DAG(s) dict_keys(['example_skip_dag']) retrieved from /home/airflow/.local/lib/python3.7/site-packages/airflow/example_dags/example_skip_dag.py
[2022-08-12 04:10:57,592] {logging_mixin.py:115} INFO - [2022-08-12 04:10:57,592] {dag.py:2420} INFO - Sync 1 DAGs
[2022-08-12 04:10:57,627] {logging_mixin.py:115} INFO - [2022-08-12 04:10:57,627] {dag.py:2972} INFO - Setting next_dagrun for example_skip_dag to 2022-08-11T04:10:57.627240+00:00, run_after=2022-08-12T04:10:57.627240+00:00
[2022-08-12 04:10:57,645] {processor.py:161} INFO - Processing /home/airflow/.local/lib/python3.7/site-packages/airflow/example_dags/example_skip_dag.py took 0.093 seconds
[2022-08-12 04:11:27,961] {processor.py:153} INFO - Started process (PID=32381) to work on /home/airflow/.local/lib/python3.7/site-packages/airflow/example_dags/example_skip_dag.py
[2022-08-12 04:11:27,963] {processor.py:641} INFO - Processing file /home/airflow/.local/lib/python3.7/site-packages/airflow/example_dags/example_skip_dag.py for tasks to queue
[2022-08-12 04:11:27,964] {logging_mixin.py:115} INFO - [2022-08-12 04:11:27,964] {dagbag.py:508} INFO - Filling up the DagBag from /home/airflow/.local/lib/python3.7/site-packages/airflow/example_dags/example_skip_dag.py
[2022-08-12 04:11:27,974] {processor.py:651} INFO - DAG(s) dict_keys(['example_skip_dag']) retrieved from /home/airflow/.local/lib/python3.7/site-packages/airflow/example_dags/example_skip_dag.py
[2022-08-12 04:11:28,028] {logging_mixin.py:115} INFO - [2022-08-12 04:11:28,027] {dag.py:2420} INFO - Sync 1 DAGs
[2022-08-12 04:11:28,071] {logging_mixin.py:115} INFO - [2022-08-12 04:11:28,070] {dag.py:2972} INFO - Setting next_dagrun for example_skip_dag to 2022-08-11T04:11:28.070347+00:00, run_after=2022-08-12T04:11:28.070347+00:00
[2022-08-12 04:11:28,104] {processor.py:161} INFO - Processing /home/airflow/.local/lib/python3.7/site-packages/airflow/example_dags/example_skip_dag.py took 0.148 seconds
[2022-08-12 04:11:59,113] {processor.py:153} INFO - Started process (PID=32584) to work on /home/airflow/.local/lib/python3.7/site-packages/airflow/example_dags/example_skip_dag.py
[2022-08-12 04:11:59,114] {processor.py:641} INFO - Processing file /home/airflow/.local/lib/python3.7/site-packages/airflow/example_dags/example_skip_dag.py for tasks to queue
[2022-08-12 04:11:59,115] {logging_mixin.py:115} INFO - [2022-08-12 04:11:59,115] {dagbag.py:508} INFO - Filling up the DagBag from /home/airflow/.local/lib/python3.7/site-packages/airflow/example_dags/example_skip_dag.py
[2022-08-12 04:11:59,121] {processor.py:651} INFO - DAG(s) dict_keys(['example_skip_dag']) retrieved from /home/airflow/.local/lib/python3.7/site-packages/airflow/example_dags/example_skip_dag.py
[2022-08-12 04:11:59,156] {logging_mixin.py:115} INFO - [2022-08-12 04:11:59,155] {dag.py:2420} INFO - Sync 1 DAGs
[2022-08-12 04:11:59,183] {logging_mixin.py:115} INFO - [2022-08-12 04:11:59,183] {dag.py:2972} INFO - Setting next_dagrun for example_skip_dag to 2022-08-11T04:11:59.182960+00:00, run_after=2022-08-12T04:11:59.182960+00:00
[2022-08-12 04:11:59,211] {processor.py:161} INFO - Processing /home/airflow/.local/lib/python3.7/site-packages/airflow/example_dags/example_skip_dag.py took 0.103 seconds
[2022-08-12 04:12:29,594] {processor.py:153} INFO - Started process (PID=310) to work on /home/airflow/.local/lib/python3.7/site-packages/airflow/example_dags/example_skip_dag.py
[2022-08-12 04:12:29,596] {processor.py:641} INFO - Processing file /home/airflow/.local/lib/python3.7/site-packages/airflow/example_dags/example_skip_dag.py for tasks to queue
[2022-08-12 04:12:29,604] {logging_mixin.py:115} INFO - [2022-08-12 04:12:29,604] {dagbag.py:508} INFO - Filling up the DagBag from /home/airflow/.local/lib/python3.7/site-packages/airflow/example_dags/example_skip_dag.py
[2022-08-12 04:12:29,621] {processor.py:651} INFO - DAG(s) dict_keys(['example_skip_dag']) retrieved from /home/airflow/.local/lib/python3.7/site-packages/airflow/example_dags/example_skip_dag.py
[2022-08-12 04:12:29,660] {logging_mixin.py:115} INFO - [2022-08-12 04:12:29,659] {dag.py:2420} INFO - Sync 1 DAGs
[2022-08-12 04:12:29,698] {logging_mixin.py:115} INFO - [2022-08-12 04:12:29,698] {dag.py:2972} INFO - Setting next_dagrun for example_skip_dag to 2022-08-11T04:12:29.698229+00:00, run_after=2022-08-12T04:12:29.698229+00:00
[2022-08-12 04:12:29,723] {processor.py:161} INFO - Processing /home/airflow/.local/lib/python3.7/site-packages/airflow/example_dags/example_skip_dag.py took 0.134 seconds
[2022-08-12 04:12:59,985] {processor.py:153} INFO - Started process (PID=513) to work on /home/airflow/.local/lib/python3.7/site-packages/airflow/example_dags/example_skip_dag.py
[2022-08-12 04:12:59,989] {processor.py:641} INFO - Processing file /home/airflow/.local/lib/python3.7/site-packages/airflow/example_dags/example_skip_dag.py for tasks to queue
[2022-08-12 04:12:59,991] {logging_mixin.py:115} INFO - [2022-08-12 04:12:59,991] {dagbag.py:508} INFO - Filling up the DagBag from /home/airflow/.local/lib/python3.7/site-packages/airflow/example_dags/example_skip_dag.py
[2022-08-12 04:12:59,999] {processor.py:651} INFO - DAG(s) dict_keys(['example_skip_dag']) retrieved from /home/airflow/.local/lib/python3.7/site-packages/airflow/example_dags/example_skip_dag.py
[2022-08-12 04:13:00,053] {logging_mixin.py:115} INFO - [2022-08-12 04:13:00,052] {dag.py:2420} INFO - Sync 1 DAGs
[2022-08-12 04:13:00,092] {logging_mixin.py:115} INFO - [2022-08-12 04:13:00,091] {dag.py:2972} INFO - Setting next_dagrun for example_skip_dag to 2022-08-11T04:13:00.091543+00:00, run_after=2022-08-12T04:13:00.091543+00:00
[2022-08-12 04:13:00,110] {processor.py:161} INFO - Processing /home/airflow/.local/lib/python3.7/site-packages/airflow/example_dags/example_skip_dag.py took 0.134 seconds
[2022-08-12 04:13:30,402] {processor.py:153} INFO - Started process (PID=707) to work on /home/airflow/.local/lib/python3.7/site-packages/airflow/example_dags/example_skip_dag.py
[2022-08-12 04:13:30,424] {processor.py:641} INFO - Processing file /home/airflow/.local/lib/python3.7/site-packages/airflow/example_dags/example_skip_dag.py for tasks to queue
[2022-08-12 04:13:30,426] {logging_mixin.py:115} INFO - [2022-08-12 04:13:30,426] {dagbag.py:508} INFO - Filling up the DagBag from /home/airflow/.local/lib/python3.7/site-packages/airflow/example_dags/example_skip_dag.py
[2022-08-12 04:13:30,432] {processor.py:651} INFO - DAG(s) dict_keys(['example_skip_dag']) retrieved from /home/airflow/.local/lib/python3.7/site-packages/airflow/example_dags/example_skip_dag.py
[2022-08-12 04:13:30,473] {logging_mixin.py:115} INFO - [2022-08-12 04:13:30,473] {dag.py:2420} INFO - Sync 1 DAGs
[2022-08-12 04:13:30,508] {logging_mixin.py:115} INFO - [2022-08-12 04:13:30,507] {dag.py:2972} INFO - Setting next_dagrun for example_skip_dag to 2022-08-11T04:13:30.507664+00:00, run_after=2022-08-12T04:13:30.507664+00:00
[2022-08-12 04:13:30,534] {processor.py:161} INFO - Processing /home/airflow/.local/lib/python3.7/site-packages/airflow/example_dags/example_skip_dag.py took 0.135 seconds
[2022-08-12 04:14:00,999] {processor.py:153} INFO - Started process (PID=910) to work on /home/airflow/.local/lib/python3.7/site-packages/airflow/example_dags/example_skip_dag.py
[2022-08-12 04:14:01,000] {processor.py:641} INFO - Processing file /home/airflow/.local/lib/python3.7/site-packages/airflow/example_dags/example_skip_dag.py for tasks to queue
[2022-08-12 04:14:01,002] {logging_mixin.py:115} INFO - [2022-08-12 04:14:01,002] {dagbag.py:508} INFO - Filling up the DagBag from /home/airflow/.local/lib/python3.7/site-packages/airflow/example_dags/example_skip_dag.py
[2022-08-12 04:14:01,011] {processor.py:651} INFO - DAG(s) dict_keys(['example_skip_dag']) retrieved from /home/airflow/.local/lib/python3.7/site-packages/airflow/example_dags/example_skip_dag.py
[2022-08-12 04:14:01,054] {logging_mixin.py:115} INFO - [2022-08-12 04:14:01,053] {dag.py:2420} INFO - Sync 1 DAGs
[2022-08-12 04:14:01,082] {logging_mixin.py:115} INFO - [2022-08-12 04:14:01,082] {dag.py:2972} INFO - Setting next_dagrun for example_skip_dag to 2022-08-11T04:14:01.082281+00:00, run_after=2022-08-12T04:14:01.082281+00:00
[2022-08-12 04:14:01,106] {processor.py:161} INFO - Processing /home/airflow/.local/lib/python3.7/site-packages/airflow/example_dags/example_skip_dag.py took 0.111 seconds
[2022-08-12 04:14:31,234] {processor.py:153} INFO - Started process (PID=1104) to work on /home/airflow/.local/lib/python3.7/site-packages/airflow/example_dags/example_skip_dag.py
[2022-08-12 04:14:31,235] {processor.py:641} INFO - Processing file /home/airflow/.local/lib/python3.7/site-packages/airflow/example_dags/example_skip_dag.py for tasks to queue
[2022-08-12 04:14:31,236] {logging_mixin.py:115} INFO - [2022-08-12 04:14:31,236] {dagbag.py:508} INFO - Filling up the DagBag from /home/airflow/.local/lib/python3.7/site-packages/airflow/example_dags/example_skip_dag.py
[2022-08-12 04:14:31,243] {processor.py:651} INFO - DAG(s) dict_keys(['example_skip_dag']) retrieved from /home/airflow/.local/lib/python3.7/site-packages/airflow/example_dags/example_skip_dag.py
[2022-08-12 04:14:31,285] {logging_mixin.py:115} INFO - [2022-08-12 04:14:31,285] {dag.py:2420} INFO - Sync 1 DAGs
[2022-08-12 04:14:31,316] {logging_mixin.py:115} INFO - [2022-08-12 04:14:31,315] {dag.py:2972} INFO - Setting next_dagrun for example_skip_dag to 2022-08-11T04:14:31.315649+00:00, run_after=2022-08-12T04:14:31.315649+00:00
[2022-08-12 04:14:31,332] {processor.py:161} INFO - Processing /home/airflow/.local/lib/python3.7/site-packages/airflow/example_dags/example_skip_dag.py took 0.101 seconds
[2022-08-12 04:15:01,445] {processor.py:153} INFO - Started process (PID=1307) to work on /home/airflow/.local/lib/python3.7/site-packages/airflow/example_dags/example_skip_dag.py
[2022-08-12 04:15:01,446] {processor.py:641} INFO - Processing file /home/airflow/.local/lib/python3.7/site-packages/airflow/example_dags/example_skip_dag.py for tasks to queue
[2022-08-12 04:15:01,447] {logging_mixin.py:115} INFO - [2022-08-12 04:15:01,446] {dagbag.py:508} INFO - Filling up the DagBag from /home/airflow/.local/lib/python3.7/site-packages/airflow/example_dags/example_skip_dag.py
[2022-08-12 04:15:01,453] {processor.py:651} INFO - DAG(s) dict_keys(['example_skip_dag']) retrieved from /home/airflow/.local/lib/python3.7/site-packages/airflow/example_dags/example_skip_dag.py
[2022-08-12 04:15:01,490] {logging_mixin.py:115} INFO - [2022-08-12 04:15:01,489] {dag.py:2420} INFO - Sync 1 DAGs
[2022-08-12 04:15:01,520] {logging_mixin.py:115} INFO - [2022-08-12 04:15:01,520] {dag.py:2972} INFO - Setting next_dagrun for example_skip_dag to 2022-08-11T04:15:01.520452+00:00, run_after=2022-08-12T04:15:01.520452+00:00
[2022-08-12 04:15:01,538] {processor.py:161} INFO - Processing /home/airflow/.local/lib/python3.7/site-packages/airflow/example_dags/example_skip_dag.py took 0.097 seconds
[2022-08-12 04:15:31,716] {processor.py:153} INFO - Started process (PID=1501) to work on /home/airflow/.local/lib/python3.7/site-packages/airflow/example_dags/example_skip_dag.py
[2022-08-12 04:15:31,717] {processor.py:641} INFO - Processing file /home/airflow/.local/lib/python3.7/site-packages/airflow/example_dags/example_skip_dag.py for tasks to queue
[2022-08-12 04:15:31,718] {logging_mixin.py:115} INFO - [2022-08-12 04:15:31,718] {dagbag.py:508} INFO - Filling up the DagBag from /home/airflow/.local/lib/python3.7/site-packages/airflow/example_dags/example_skip_dag.py
[2022-08-12 04:15:31,726] {processor.py:651} INFO - DAG(s) dict_keys(['example_skip_dag']) retrieved from /home/airflow/.local/lib/python3.7/site-packages/airflow/example_dags/example_skip_dag.py
[2022-08-12 04:15:31,760] {logging_mixin.py:115} INFO - [2022-08-12 04:15:31,760] {dag.py:2420} INFO - Sync 1 DAGs
[2022-08-12 04:15:31,792] {logging_mixin.py:115} INFO - [2022-08-12 04:15:31,791] {dag.py:2972} INFO - Setting next_dagrun for example_skip_dag to 2022-08-11T04:15:31.791582+00:00, run_after=2022-08-12T04:15:31.791582+00:00
[2022-08-12 04:15:31,818] {processor.py:161} INFO - Processing /home/airflow/.local/lib/python3.7/site-packages/airflow/example_dags/example_skip_dag.py took 0.105 seconds
[2022-08-12 04:16:02,511] {processor.py:153} INFO - Started process (PID=1703) to work on /home/airflow/.local/lib/python3.7/site-packages/airflow/example_dags/example_skip_dag.py
[2022-08-12 04:16:02,512] {processor.py:641} INFO - Processing file /home/airflow/.local/lib/python3.7/site-packages/airflow/example_dags/example_skip_dag.py for tasks to queue
[2022-08-12 04:16:02,513] {logging_mixin.py:115} INFO - [2022-08-12 04:16:02,513] {dagbag.py:508} INFO - Filling up the DagBag from /home/airflow/.local/lib/python3.7/site-packages/airflow/example_dags/example_skip_dag.py
[2022-08-12 04:16:02,522] {processor.py:651} INFO - DAG(s) dict_keys(['example_skip_dag']) retrieved from /home/airflow/.local/lib/python3.7/site-packages/airflow/example_dags/example_skip_dag.py
[2022-08-12 04:16:02,562] {logging_mixin.py:115} INFO - [2022-08-12 04:16:02,562] {dag.py:2420} INFO - Sync 1 DAGs
[2022-08-12 04:16:02,597] {logging_mixin.py:115} INFO - [2022-08-12 04:16:02,596] {dag.py:2972} INFO - Setting next_dagrun for example_skip_dag to 2022-08-11T04:16:02.596366+00:00, run_after=2022-08-12T04:16:02.596366+00:00
[2022-08-12 04:16:02,618] {processor.py:161} INFO - Processing /home/airflow/.local/lib/python3.7/site-packages/airflow/example_dags/example_skip_dag.py took 0.111 seconds
[2022-08-12 04:16:32,875] {processor.py:153} INFO - Started process (PID=1897) to work on /home/airflow/.local/lib/python3.7/site-packages/airflow/example_dags/example_skip_dag.py
[2022-08-12 04:16:32,876] {processor.py:641} INFO - Processing file /home/airflow/.local/lib/python3.7/site-packages/airflow/example_dags/example_skip_dag.py for tasks to queue
[2022-08-12 04:16:32,877] {logging_mixin.py:115} INFO - [2022-08-12 04:16:32,877] {dagbag.py:508} INFO - Filling up the DagBag from /home/airflow/.local/lib/python3.7/site-packages/airflow/example_dags/example_skip_dag.py
[2022-08-12 04:16:32,883] {processor.py:651} INFO - DAG(s) dict_keys(['example_skip_dag']) retrieved from /home/airflow/.local/lib/python3.7/site-packages/airflow/example_dags/example_skip_dag.py
[2022-08-12 04:16:32,914] {logging_mixin.py:115} INFO - [2022-08-12 04:16:32,914] {dag.py:2420} INFO - Sync 1 DAGs
[2022-08-12 04:16:32,939] {logging_mixin.py:115} INFO - [2022-08-12 04:16:32,939] {dag.py:2972} INFO - Setting next_dagrun for example_skip_dag to 2022-08-11T04:16:32.939597+00:00, run_after=2022-08-12T04:16:32.939597+00:00
[2022-08-12 04:16:32,968] {processor.py:161} INFO - Processing /home/airflow/.local/lib/python3.7/site-packages/airflow/example_dags/example_skip_dag.py took 0.096 seconds
[2022-08-12 04:17:03,258] {processor.py:153} INFO - Started process (PID=2100) to work on /home/airflow/.local/lib/python3.7/site-packages/airflow/example_dags/example_skip_dag.py
[2022-08-12 04:17:03,259] {processor.py:641} INFO - Processing file /home/airflow/.local/lib/python3.7/site-packages/airflow/example_dags/example_skip_dag.py for tasks to queue
[2022-08-12 04:17:03,260] {logging_mixin.py:115} INFO - [2022-08-12 04:17:03,260] {dagbag.py:508} INFO - Filling up the DagBag from /home/airflow/.local/lib/python3.7/site-packages/airflow/example_dags/example_skip_dag.py
[2022-08-12 04:17:03,267] {processor.py:651} INFO - DAG(s) dict_keys(['example_skip_dag']) retrieved from /home/airflow/.local/lib/python3.7/site-packages/airflow/example_dags/example_skip_dag.py
[2022-08-12 04:17:03,301] {logging_mixin.py:115} INFO - [2022-08-12 04:17:03,301] {dag.py:2420} INFO - Sync 1 DAGs
[2022-08-12 04:17:03,331] {logging_mixin.py:115} INFO - [2022-08-12 04:17:03,331] {dag.py:2972} INFO - Setting next_dagrun for example_skip_dag to 2022-08-11T04:17:03.331252+00:00, run_after=2022-08-12T04:17:03.331252+00:00
[2022-08-12 04:17:03,355] {processor.py:161} INFO - Processing /home/airflow/.local/lib/python3.7/site-packages/airflow/example_dags/example_skip_dag.py took 0.101 seconds
[2022-08-12 04:17:33,735] {processor.py:153} INFO - Started process (PID=2294) to work on /home/airflow/.local/lib/python3.7/site-packages/airflow/example_dags/example_skip_dag.py
[2022-08-12 04:17:33,736] {processor.py:641} INFO - Processing file /home/airflow/.local/lib/python3.7/site-packages/airflow/example_dags/example_skip_dag.py for tasks to queue
[2022-08-12 04:17:33,737] {logging_mixin.py:115} INFO - [2022-08-12 04:17:33,737] {dagbag.py:508} INFO - Filling up the DagBag from /home/airflow/.local/lib/python3.7/site-packages/airflow/example_dags/example_skip_dag.py
[2022-08-12 04:17:33,744] {processor.py:651} INFO - DAG(s) dict_keys(['example_skip_dag']) retrieved from /home/airflow/.local/lib/python3.7/site-packages/airflow/example_dags/example_skip_dag.py
[2022-08-12 04:17:33,779] {logging_mixin.py:115} INFO - [2022-08-12 04:17:33,778] {dag.py:2420} INFO - Sync 1 DAGs
[2022-08-12 04:17:33,810] {logging_mixin.py:115} INFO - [2022-08-12 04:17:33,810] {dag.py:2972} INFO - Setting next_dagrun for example_skip_dag to 2022-08-11T04:17:33.809849+00:00, run_after=2022-08-12T04:17:33.809849+00:00
[2022-08-12 04:17:33,828] {processor.py:161} INFO - Processing /home/airflow/.local/lib/python3.7/site-packages/airflow/example_dags/example_skip_dag.py took 0.097 seconds
[2022-08-12 04:18:04,310] {processor.py:153} INFO - Started process (PID=2497) to work on /home/airflow/.local/lib/python3.7/site-packages/airflow/example_dags/example_skip_dag.py
[2022-08-12 04:18:04,311] {processor.py:641} INFO - Processing file /home/airflow/.local/lib/python3.7/site-packages/airflow/example_dags/example_skip_dag.py for tasks to queue
[2022-08-12 04:18:04,312] {logging_mixin.py:115} INFO - [2022-08-12 04:18:04,312] {dagbag.py:508} INFO - Filling up the DagBag from /home/airflow/.local/lib/python3.7/site-packages/airflow/example_dags/example_skip_dag.py
[2022-08-12 04:18:04,318] {processor.py:651} INFO - DAG(s) dict_keys(['example_skip_dag']) retrieved from /home/airflow/.local/lib/python3.7/site-packages/airflow/example_dags/example_skip_dag.py
[2022-08-12 04:18:04,353] {logging_mixin.py:115} INFO - [2022-08-12 04:18:04,353] {dag.py:2420} INFO - Sync 1 DAGs
[2022-08-12 04:18:04,384] {logging_mixin.py:115} INFO - [2022-08-12 04:18:04,384] {dag.py:2972} INFO - Setting next_dagrun for example_skip_dag to 2022-08-11T04:18:04.384178+00:00, run_after=2022-08-12T04:18:04.384178+00:00
[2022-08-12 04:18:04,400] {processor.py:161} INFO - Processing /home/airflow/.local/lib/python3.7/site-packages/airflow/example_dags/example_skip_dag.py took 0.093 seconds
[2022-08-12 04:18:34,491] {processor.py:153} INFO - Started process (PID=2691) to work on /home/airflow/.local/lib/python3.7/site-packages/airflow/example_dags/example_skip_dag.py
[2022-08-12 04:18:34,492] {processor.py:641} INFO - Processing file /home/airflow/.local/lib/python3.7/site-packages/airflow/example_dags/example_skip_dag.py for tasks to queue
[2022-08-12 04:18:34,494] {logging_mixin.py:115} INFO - [2022-08-12 04:18:34,493] {dagbag.py:508} INFO - Filling up the DagBag from /home/airflow/.local/lib/python3.7/site-packages/airflow/example_dags/example_skip_dag.py
[2022-08-12 04:18:34,500] {processor.py:651} INFO - DAG(s) dict_keys(['example_skip_dag']) retrieved from /home/airflow/.local/lib/python3.7/site-packages/airflow/example_dags/example_skip_dag.py
[2022-08-12 04:18:34,534] {logging_mixin.py:115} INFO - [2022-08-12 04:18:34,534] {dag.py:2420} INFO - Sync 1 DAGs
[2022-08-12 04:18:34,572] {logging_mixin.py:115} INFO - [2022-08-12 04:18:34,572] {dag.py:2972} INFO - Setting next_dagrun for example_skip_dag to 2022-08-11T04:18:34.571769+00:00, run_after=2022-08-12T04:18:34.571769+00:00
[2022-08-12 04:18:34,597] {processor.py:161} INFO - Processing /home/airflow/.local/lib/python3.7/site-packages/airflow/example_dags/example_skip_dag.py took 0.109 seconds
