[2022-08-12 03:55:41,612] {processor.py:153} INFO - Started process (PID=26250) to work on /home/airflow/.local/lib/python3.7/site-packages/airflow/example_dags/example_branch_datetime_operator.py
[2022-08-12 03:55:41,614] {processor.py:641} INFO - Processing file /home/airflow/.local/lib/python3.7/site-packages/airflow/example_dags/example_branch_datetime_operator.py for tasks to queue
[2022-08-12 03:55:41,615] {logging_mixin.py:115} INFO - [2022-08-12 03:55:41,615] {dagbag.py:508} INFO - Filling up the DagBag from /home/airflow/.local/lib/python3.7/site-packages/airflow/example_dags/example_branch_datetime_operator.py
[2022-08-12 03:55:41,649] {processor.py:651} INFO - DAG(s) dict_keys(['example_branch_datetime_operator', 'example_branch_datetime_operator_2']) retrieved from /home/airflow/.local/lib/python3.7/site-packages/airflow/example_dags/example_branch_datetime_operator.py
[2022-08-12 03:55:41,721] {logging_mixin.py:115} INFO - [2022-08-12 03:55:41,721] {dag.py:2420} INFO - Sync 2 DAGs
[2022-08-12 03:55:41,796] {logging_mixin.py:115} INFO - [2022-08-12 03:55:41,795] {dag.py:2972} INFO - Setting next_dagrun for example_branch_datetime_operator to 2022-08-11T00:00:00+00:00, run_after=2022-08-12T00:00:00+00:00
[2022-08-12 03:55:41,803] {logging_mixin.py:115} INFO - [2022-08-12 03:55:41,803] {dag.py:2972} INFO - Setting next_dagrun for example_branch_datetime_operator_2 to 2022-08-11T00:00:00+00:00, run_after=2022-08-12T00:00:00+00:00
[2022-08-12 03:55:41,842] {processor.py:161} INFO - Processing /home/airflow/.local/lib/python3.7/site-packages/airflow/example_dags/example_branch_datetime_operator.py took 0.235 seconds
[2022-08-12 03:56:12,422] {processor.py:153} INFO - Started process (PID=26472) to work on /home/airflow/.local/lib/python3.7/site-packages/airflow/example_dags/example_branch_datetime_operator.py
[2022-08-12 03:56:12,423] {processor.py:641} INFO - Processing file /home/airflow/.local/lib/python3.7/site-packages/airflow/example_dags/example_branch_datetime_operator.py for tasks to queue
[2022-08-12 03:56:12,424] {logging_mixin.py:115} INFO - [2022-08-12 03:56:12,424] {dagbag.py:508} INFO - Filling up the DagBag from /home/airflow/.local/lib/python3.7/site-packages/airflow/example_dags/example_branch_datetime_operator.py
[2022-08-12 03:56:12,438] {processor.py:651} INFO - DAG(s) dict_keys(['example_branch_datetime_operator', 'example_branch_datetime_operator_2']) retrieved from /home/airflow/.local/lib/python3.7/site-packages/airflow/example_dags/example_branch_datetime_operator.py
[2022-08-12 03:56:12,476] {logging_mixin.py:115} INFO - [2022-08-12 03:56:12,476] {dag.py:2420} INFO - Sync 2 DAGs
[2022-08-12 03:56:12,520] {logging_mixin.py:115} INFO - [2022-08-12 03:56:12,519] {dag.py:2972} INFO - Setting next_dagrun for example_branch_datetime_operator to 2022-08-11T00:00:00+00:00, run_after=2022-08-12T00:00:00+00:00
[2022-08-12 03:56:12,523] {logging_mixin.py:115} INFO - [2022-08-12 03:56:12,523] {dag.py:2972} INFO - Setting next_dagrun for example_branch_datetime_operator_2 to 2022-08-11T00:00:00+00:00, run_after=2022-08-12T00:00:00+00:00
[2022-08-12 03:56:12,542] {processor.py:161} INFO - Processing /home/airflow/.local/lib/python3.7/site-packages/airflow/example_dags/example_branch_datetime_operator.py took 0.124 seconds
[2022-08-12 03:56:42,724] {processor.py:153} INFO - Started process (PID=26681) to work on /home/airflow/.local/lib/python3.7/site-packages/airflow/example_dags/example_branch_datetime_operator.py
[2022-08-12 03:56:42,725] {processor.py:641} INFO - Processing file /home/airflow/.local/lib/python3.7/site-packages/airflow/example_dags/example_branch_datetime_operator.py for tasks to queue
[2022-08-12 03:56:42,726] {logging_mixin.py:115} INFO - [2022-08-12 03:56:42,725] {dagbag.py:508} INFO - Filling up the DagBag from /home/airflow/.local/lib/python3.7/site-packages/airflow/example_dags/example_branch_datetime_operator.py
[2022-08-12 03:56:42,737] {processor.py:651} INFO - DAG(s) dict_keys(['example_branch_datetime_operator', 'example_branch_datetime_operator_2']) retrieved from /home/airflow/.local/lib/python3.7/site-packages/airflow/example_dags/example_branch_datetime_operator.py
[2022-08-12 03:56:42,771] {logging_mixin.py:115} INFO - [2022-08-12 03:56:42,771] {dag.py:2420} INFO - Sync 2 DAGs
[2022-08-12 03:56:42,812] {logging_mixin.py:115} INFO - [2022-08-12 03:56:42,812] {dag.py:2972} INFO - Setting next_dagrun for example_branch_datetime_operator to 2022-08-11T00:00:00+00:00, run_after=2022-08-12T00:00:00+00:00
[2022-08-12 03:56:42,814] {logging_mixin.py:115} INFO - [2022-08-12 03:56:42,814] {dag.py:2972} INFO - Setting next_dagrun for example_branch_datetime_operator_2 to 2022-08-11T00:00:00+00:00, run_after=2022-08-12T00:00:00+00:00
[2022-08-12 03:56:42,834] {processor.py:161} INFO - Processing /home/airflow/.local/lib/python3.7/site-packages/airflow/example_dags/example_branch_datetime_operator.py took 0.114 seconds
[2022-08-12 03:57:13,863] {processor.py:153} INFO - Started process (PID=26875) to work on /home/airflow/.local/lib/python3.7/site-packages/airflow/example_dags/example_branch_datetime_operator.py
[2022-08-12 03:57:13,864] {processor.py:641} INFO - Processing file /home/airflow/.local/lib/python3.7/site-packages/airflow/example_dags/example_branch_datetime_operator.py for tasks to queue
[2022-08-12 03:57:13,865] {logging_mixin.py:115} INFO - [2022-08-12 03:57:13,865] {dagbag.py:508} INFO - Filling up the DagBag from /home/airflow/.local/lib/python3.7/site-packages/airflow/example_dags/example_branch_datetime_operator.py
[2022-08-12 03:57:13,876] {processor.py:651} INFO - DAG(s) dict_keys(['example_branch_datetime_operator', 'example_branch_datetime_operator_2']) retrieved from /home/airflow/.local/lib/python3.7/site-packages/airflow/example_dags/example_branch_datetime_operator.py
[2022-08-12 03:57:13,908] {logging_mixin.py:115} INFO - [2022-08-12 03:57:13,908] {dag.py:2420} INFO - Sync 2 DAGs
[2022-08-12 03:57:13,941] {logging_mixin.py:115} INFO - [2022-08-12 03:57:13,940] {dag.py:2972} INFO - Setting next_dagrun for example_branch_datetime_operator to 2022-08-11T00:00:00+00:00, run_after=2022-08-12T00:00:00+00:00
[2022-08-12 03:57:13,943] {logging_mixin.py:115} INFO - [2022-08-12 03:57:13,943] {dag.py:2972} INFO - Setting next_dagrun for example_branch_datetime_operator_2 to 2022-08-11T00:00:00+00:00, run_after=2022-08-12T00:00:00+00:00
[2022-08-12 03:57:13,958] {processor.py:161} INFO - Processing /home/airflow/.local/lib/python3.7/site-packages/airflow/example_dags/example_branch_datetime_operator.py took 0.097 seconds
[2022-08-12 03:57:45,042] {processor.py:153} INFO - Started process (PID=27078) to work on /home/airflow/.local/lib/python3.7/site-packages/airflow/example_dags/example_branch_datetime_operator.py
[2022-08-12 03:57:45,043] {processor.py:641} INFO - Processing file /home/airflow/.local/lib/python3.7/site-packages/airflow/example_dags/example_branch_datetime_operator.py for tasks to queue
[2022-08-12 03:57:45,044] {logging_mixin.py:115} INFO - [2022-08-12 03:57:45,044] {dagbag.py:508} INFO - Filling up the DagBag from /home/airflow/.local/lib/python3.7/site-packages/airflow/example_dags/example_branch_datetime_operator.py
[2022-08-12 03:57:45,056] {processor.py:651} INFO - DAG(s) dict_keys(['example_branch_datetime_operator', 'example_branch_datetime_operator_2']) retrieved from /home/airflow/.local/lib/python3.7/site-packages/airflow/example_dags/example_branch_datetime_operator.py
[2022-08-12 03:57:45,092] {logging_mixin.py:115} INFO - [2022-08-12 03:57:45,092] {dag.py:2420} INFO - Sync 2 DAGs
[2022-08-12 03:57:45,122] {logging_mixin.py:115} INFO - [2022-08-12 03:57:45,122] {dag.py:2972} INFO - Setting next_dagrun for example_branch_datetime_operator to 2022-08-11T00:00:00+00:00, run_after=2022-08-12T00:00:00+00:00
[2022-08-12 03:57:45,125] {logging_mixin.py:115} INFO - [2022-08-12 03:57:45,125] {dag.py:2972} INFO - Setting next_dagrun for example_branch_datetime_operator_2 to 2022-08-11T00:00:00+00:00, run_after=2022-08-12T00:00:00+00:00
[2022-08-12 03:57:45,142] {processor.py:161} INFO - Processing /home/airflow/.local/lib/python3.7/site-packages/airflow/example_dags/example_branch_datetime_operator.py took 0.102 seconds
[2022-08-12 03:58:15,979] {processor.py:153} INFO - Started process (PID=27272) to work on /home/airflow/.local/lib/python3.7/site-packages/airflow/example_dags/example_branch_datetime_operator.py
[2022-08-12 03:58:15,980] {processor.py:641} INFO - Processing file /home/airflow/.local/lib/python3.7/site-packages/airflow/example_dags/example_branch_datetime_operator.py for tasks to queue
[2022-08-12 03:58:15,981] {logging_mixin.py:115} INFO - [2022-08-12 03:58:15,980] {dagbag.py:508} INFO - Filling up the DagBag from /home/airflow/.local/lib/python3.7/site-packages/airflow/example_dags/example_branch_datetime_operator.py
[2022-08-12 03:58:15,991] {processor.py:651} INFO - DAG(s) dict_keys(['example_branch_datetime_operator', 'example_branch_datetime_operator_2']) retrieved from /home/airflow/.local/lib/python3.7/site-packages/airflow/example_dags/example_branch_datetime_operator.py
[2022-08-12 03:58:16,027] {logging_mixin.py:115} INFO - [2022-08-12 03:58:16,026] {dag.py:2420} INFO - Sync 2 DAGs
[2022-08-12 03:58:16,064] {logging_mixin.py:115} INFO - [2022-08-12 03:58:16,064] {dag.py:2972} INFO - Setting next_dagrun for example_branch_datetime_operator to 2022-08-11T00:00:00+00:00, run_after=2022-08-12T00:00:00+00:00
[2022-08-12 03:58:16,068] {logging_mixin.py:115} INFO - [2022-08-12 03:58:16,068] {dag.py:2972} INFO - Setting next_dagrun for example_branch_datetime_operator_2 to 2022-08-11T00:00:00+00:00, run_after=2022-08-12T00:00:00+00:00
[2022-08-12 03:58:16,086] {processor.py:161} INFO - Processing /home/airflow/.local/lib/python3.7/site-packages/airflow/example_dags/example_branch_datetime_operator.py took 0.110 seconds
[2022-08-12 03:58:46,442] {processor.py:153} INFO - Started process (PID=27475) to work on /home/airflow/.local/lib/python3.7/site-packages/airflow/example_dags/example_branch_datetime_operator.py
[2022-08-12 03:58:46,443] {processor.py:641} INFO - Processing file /home/airflow/.local/lib/python3.7/site-packages/airflow/example_dags/example_branch_datetime_operator.py for tasks to queue
[2022-08-12 03:58:46,443] {logging_mixin.py:115} INFO - [2022-08-12 03:58:46,443] {dagbag.py:508} INFO - Filling up the DagBag from /home/airflow/.local/lib/python3.7/site-packages/airflow/example_dags/example_branch_datetime_operator.py
[2022-08-12 03:58:46,454] {processor.py:651} INFO - DAG(s) dict_keys(['example_branch_datetime_operator', 'example_branch_datetime_operator_2']) retrieved from /home/airflow/.local/lib/python3.7/site-packages/airflow/example_dags/example_branch_datetime_operator.py
[2022-08-12 03:58:46,482] {logging_mixin.py:115} INFO - [2022-08-12 03:58:46,482] {dag.py:2420} INFO - Sync 2 DAGs
[2022-08-12 03:58:46,514] {logging_mixin.py:115} INFO - [2022-08-12 03:58:46,514] {dag.py:2972} INFO - Setting next_dagrun for example_branch_datetime_operator to 2022-08-11T00:00:00+00:00, run_after=2022-08-12T00:00:00+00:00
[2022-08-12 03:58:46,518] {logging_mixin.py:115} INFO - [2022-08-12 03:58:46,517] {dag.py:2972} INFO - Setting next_dagrun for example_branch_datetime_operator_2 to 2022-08-11T00:00:00+00:00, run_after=2022-08-12T00:00:00+00:00
[2022-08-12 03:58:46,532] {processor.py:161} INFO - Processing /home/airflow/.local/lib/python3.7/site-packages/airflow/example_dags/example_branch_datetime_operator.py took 0.092 seconds
[2022-08-12 03:59:16,914] {processor.py:153} INFO - Started process (PID=27676) to work on /home/airflow/.local/lib/python3.7/site-packages/airflow/example_dags/example_branch_datetime_operator.py
[2022-08-12 03:59:16,915] {processor.py:641} INFO - Processing file /home/airflow/.local/lib/python3.7/site-packages/airflow/example_dags/example_branch_datetime_operator.py for tasks to queue
[2022-08-12 03:59:16,916] {logging_mixin.py:115} INFO - [2022-08-12 03:59:16,916] {dagbag.py:508} INFO - Filling up the DagBag from /home/airflow/.local/lib/python3.7/site-packages/airflow/example_dags/example_branch_datetime_operator.py
[2022-08-12 03:59:16,928] {processor.py:651} INFO - DAG(s) dict_keys(['example_branch_datetime_operator', 'example_branch_datetime_operator_2']) retrieved from /home/airflow/.local/lib/python3.7/site-packages/airflow/example_dags/example_branch_datetime_operator.py
[2022-08-12 03:59:16,958] {logging_mixin.py:115} INFO - [2022-08-12 03:59:16,958] {dag.py:2420} INFO - Sync 2 DAGs
[2022-08-12 03:59:16,986] {logging_mixin.py:115} INFO - [2022-08-12 03:59:16,986] {dag.py:2972} INFO - Setting next_dagrun for example_branch_datetime_operator to 2022-08-11T00:00:00+00:00, run_after=2022-08-12T00:00:00+00:00
[2022-08-12 03:59:16,989] {logging_mixin.py:115} INFO - [2022-08-12 03:59:16,989] {dag.py:2972} INFO - Setting next_dagrun for example_branch_datetime_operator_2 to 2022-08-11T00:00:00+00:00, run_after=2022-08-12T00:00:00+00:00
[2022-08-12 03:59:17,004] {processor.py:161} INFO - Processing /home/airflow/.local/lib/python3.7/site-packages/airflow/example_dags/example_branch_datetime_operator.py took 0.092 seconds
[2022-08-12 03:59:47,303] {processor.py:153} INFO - Started process (PID=27872) to work on /home/airflow/.local/lib/python3.7/site-packages/airflow/example_dags/example_branch_datetime_operator.py
[2022-08-12 03:59:47,304] {processor.py:641} INFO - Processing file /home/airflow/.local/lib/python3.7/site-packages/airflow/example_dags/example_branch_datetime_operator.py for tasks to queue
[2022-08-12 03:59:47,304] {logging_mixin.py:115} INFO - [2022-08-12 03:59:47,304] {dagbag.py:508} INFO - Filling up the DagBag from /home/airflow/.local/lib/python3.7/site-packages/airflow/example_dags/example_branch_datetime_operator.py
[2022-08-12 03:59:47,313] {processor.py:651} INFO - DAG(s) dict_keys(['example_branch_datetime_operator', 'example_branch_datetime_operator_2']) retrieved from /home/airflow/.local/lib/python3.7/site-packages/airflow/example_dags/example_branch_datetime_operator.py
[2022-08-12 03:59:47,341] {logging_mixin.py:115} INFO - [2022-08-12 03:59:47,341] {dag.py:2420} INFO - Sync 2 DAGs
[2022-08-12 03:59:47,369] {logging_mixin.py:115} INFO - [2022-08-12 03:59:47,368] {dag.py:2972} INFO - Setting next_dagrun for example_branch_datetime_operator to 2022-08-11T00:00:00+00:00, run_after=2022-08-12T00:00:00+00:00
[2022-08-12 03:59:47,371] {logging_mixin.py:115} INFO - [2022-08-12 03:59:47,371] {dag.py:2972} INFO - Setting next_dagrun for example_branch_datetime_operator_2 to 2022-08-11T00:00:00+00:00, run_after=2022-08-12T00:00:00+00:00
[2022-08-12 03:59:47,386] {processor.py:161} INFO - Processing /home/airflow/.local/lib/python3.7/site-packages/airflow/example_dags/example_branch_datetime_operator.py took 0.086 seconds
[2022-08-12 04:00:18,030] {processor.py:153} INFO - Started process (PID=28075) to work on /home/airflow/.local/lib/python3.7/site-packages/airflow/example_dags/example_branch_datetime_operator.py
[2022-08-12 04:00:18,031] {processor.py:641} INFO - Processing file /home/airflow/.local/lib/python3.7/site-packages/airflow/example_dags/example_branch_datetime_operator.py for tasks to queue
[2022-08-12 04:00:18,032] {logging_mixin.py:115} INFO - [2022-08-12 04:00:18,032] {dagbag.py:508} INFO - Filling up the DagBag from /home/airflow/.local/lib/python3.7/site-packages/airflow/example_dags/example_branch_datetime_operator.py
[2022-08-12 04:00:18,044] {processor.py:651} INFO - DAG(s) dict_keys(['example_branch_datetime_operator', 'example_branch_datetime_operator_2']) retrieved from /home/airflow/.local/lib/python3.7/site-packages/airflow/example_dags/example_branch_datetime_operator.py
[2022-08-12 04:00:18,081] {logging_mixin.py:115} INFO - [2022-08-12 04:00:18,081] {dag.py:2420} INFO - Sync 2 DAGs
[2022-08-12 04:00:18,114] {logging_mixin.py:115} INFO - [2022-08-12 04:00:18,114] {dag.py:2972} INFO - Setting next_dagrun for example_branch_datetime_operator to 2022-08-11T00:00:00+00:00, run_after=2022-08-12T00:00:00+00:00
[2022-08-12 04:00:18,118] {logging_mixin.py:115} INFO - [2022-08-12 04:00:18,118] {dag.py:2972} INFO - Setting next_dagrun for example_branch_datetime_operator_2 to 2022-08-11T00:00:00+00:00, run_after=2022-08-12T00:00:00+00:00
[2022-08-12 04:00:18,135] {processor.py:161} INFO - Processing /home/airflow/.local/lib/python3.7/site-packages/airflow/example_dags/example_branch_datetime_operator.py took 0.109 seconds
[2022-08-12 04:00:49,096] {processor.py:153} INFO - Started process (PID=28269) to work on /home/airflow/.local/lib/python3.7/site-packages/airflow/example_dags/example_branch_datetime_operator.py
[2022-08-12 04:00:49,097] {processor.py:641} INFO - Processing file /home/airflow/.local/lib/python3.7/site-packages/airflow/example_dags/example_branch_datetime_operator.py for tasks to queue
[2022-08-12 04:00:49,097] {logging_mixin.py:115} INFO - [2022-08-12 04:00:49,097] {dagbag.py:508} INFO - Filling up the DagBag from /home/airflow/.local/lib/python3.7/site-packages/airflow/example_dags/example_branch_datetime_operator.py
[2022-08-12 04:00:49,106] {processor.py:651} INFO - DAG(s) dict_keys(['example_branch_datetime_operator', 'example_branch_datetime_operator_2']) retrieved from /home/airflow/.local/lib/python3.7/site-packages/airflow/example_dags/example_branch_datetime_operator.py
[2022-08-12 04:00:49,141] {logging_mixin.py:115} INFO - [2022-08-12 04:00:49,141] {dag.py:2420} INFO - Sync 2 DAGs
[2022-08-12 04:00:49,171] {logging_mixin.py:115} INFO - [2022-08-12 04:00:49,170] {dag.py:2972} INFO - Setting next_dagrun for example_branch_datetime_operator to 2022-08-11T00:00:00+00:00, run_after=2022-08-12T00:00:00+00:00
[2022-08-12 04:00:49,173] {logging_mixin.py:115} INFO - [2022-08-12 04:00:49,173] {dag.py:2972} INFO - Setting next_dagrun for example_branch_datetime_operator_2 to 2022-08-11T00:00:00+00:00, run_after=2022-08-12T00:00:00+00:00
[2022-08-12 04:00:49,187] {processor.py:161} INFO - Processing /home/airflow/.local/lib/python3.7/site-packages/airflow/example_dags/example_branch_datetime_operator.py took 0.095 seconds
[2022-08-12 04:01:19,698] {processor.py:153} INFO - Started process (PID=28472) to work on /home/airflow/.local/lib/python3.7/site-packages/airflow/example_dags/example_branch_datetime_operator.py
[2022-08-12 04:01:19,699] {processor.py:641} INFO - Processing file /home/airflow/.local/lib/python3.7/site-packages/airflow/example_dags/example_branch_datetime_operator.py for tasks to queue
[2022-08-12 04:01:19,700] {logging_mixin.py:115} INFO - [2022-08-12 04:01:19,700] {dagbag.py:508} INFO - Filling up the DagBag from /home/airflow/.local/lib/python3.7/site-packages/airflow/example_dags/example_branch_datetime_operator.py
[2022-08-12 04:01:19,709] {processor.py:651} INFO - DAG(s) dict_keys(['example_branch_datetime_operator', 'example_branch_datetime_operator_2']) retrieved from /home/airflow/.local/lib/python3.7/site-packages/airflow/example_dags/example_branch_datetime_operator.py
[2022-08-12 04:01:19,737] {logging_mixin.py:115} INFO - [2022-08-12 04:01:19,737] {dag.py:2420} INFO - Sync 2 DAGs
[2022-08-12 04:01:19,761] {logging_mixin.py:115} INFO - [2022-08-12 04:01:19,761] {dag.py:2972} INFO - Setting next_dagrun for example_branch_datetime_operator to 2022-08-11T00:00:00+00:00, run_after=2022-08-12T00:00:00+00:00
[2022-08-12 04:01:19,763] {logging_mixin.py:115} INFO - [2022-08-12 04:01:19,763] {dag.py:2972} INFO - Setting next_dagrun for example_branch_datetime_operator_2 to 2022-08-11T00:00:00+00:00, run_after=2022-08-12T00:00:00+00:00
[2022-08-12 04:01:19,776] {processor.py:161} INFO - Processing /home/airflow/.local/lib/python3.7/site-packages/airflow/example_dags/example_branch_datetime_operator.py took 0.081 seconds
[2022-08-12 04:01:50,053] {processor.py:153} INFO - Started process (PID=28666) to work on /home/airflow/.local/lib/python3.7/site-packages/airflow/example_dags/example_branch_datetime_operator.py
[2022-08-12 04:01:50,054] {processor.py:641} INFO - Processing file /home/airflow/.local/lib/python3.7/site-packages/airflow/example_dags/example_branch_datetime_operator.py for tasks to queue
[2022-08-12 04:01:50,055] {logging_mixin.py:115} INFO - [2022-08-12 04:01:50,055] {dagbag.py:508} INFO - Filling up the DagBag from /home/airflow/.local/lib/python3.7/site-packages/airflow/example_dags/example_branch_datetime_operator.py
[2022-08-12 04:01:50,062] {processor.py:651} INFO - DAG(s) dict_keys(['example_branch_datetime_operator', 'example_branch_datetime_operator_2']) retrieved from /home/airflow/.local/lib/python3.7/site-packages/airflow/example_dags/example_branch_datetime_operator.py
[2022-08-12 04:01:50,091] {logging_mixin.py:115} INFO - [2022-08-12 04:01:50,091] {dag.py:2420} INFO - Sync 2 DAGs
[2022-08-12 04:01:50,118] {logging_mixin.py:115} INFO - [2022-08-12 04:01:50,117] {dag.py:2972} INFO - Setting next_dagrun for example_branch_datetime_operator to 2022-08-11T00:00:00+00:00, run_after=2022-08-12T00:00:00+00:00
[2022-08-12 04:01:50,120] {logging_mixin.py:115} INFO - [2022-08-12 04:01:50,120] {dag.py:2972} INFO - Setting next_dagrun for example_branch_datetime_operator_2 to 2022-08-11T00:00:00+00:00, run_after=2022-08-12T00:00:00+00:00
[2022-08-12 04:01:50,136] {processor.py:161} INFO - Processing /home/airflow/.local/lib/python3.7/site-packages/airflow/example_dags/example_branch_datetime_operator.py took 0.086 seconds
[2022-08-12 04:02:20,805] {processor.py:153} INFO - Started process (PID=28870) to work on /home/airflow/.local/lib/python3.7/site-packages/airflow/example_dags/example_branch_datetime_operator.py
[2022-08-12 04:02:20,806] {processor.py:641} INFO - Processing file /home/airflow/.local/lib/python3.7/site-packages/airflow/example_dags/example_branch_datetime_operator.py for tasks to queue
[2022-08-12 04:02:20,807] {logging_mixin.py:115} INFO - [2022-08-12 04:02:20,807] {dagbag.py:508} INFO - Filling up the DagBag from /home/airflow/.local/lib/python3.7/site-packages/airflow/example_dags/example_branch_datetime_operator.py
[2022-08-12 04:02:20,818] {processor.py:651} INFO - DAG(s) dict_keys(['example_branch_datetime_operator', 'example_branch_datetime_operator_2']) retrieved from /home/airflow/.local/lib/python3.7/site-packages/airflow/example_dags/example_branch_datetime_operator.py
[2022-08-12 04:02:20,851] {logging_mixin.py:115} INFO - [2022-08-12 04:02:20,851] {dag.py:2420} INFO - Sync 2 DAGs
[2022-08-12 04:02:20,880] {logging_mixin.py:115} INFO - [2022-08-12 04:02:20,880] {dag.py:2972} INFO - Setting next_dagrun for example_branch_datetime_operator to 2022-08-11T00:00:00+00:00, run_after=2022-08-12T00:00:00+00:00
[2022-08-12 04:02:20,884] {logging_mixin.py:115} INFO - [2022-08-12 04:02:20,884] {dag.py:2972} INFO - Setting next_dagrun for example_branch_datetime_operator_2 to 2022-08-11T00:00:00+00:00, run_after=2022-08-12T00:00:00+00:00
[2022-08-12 04:02:20,901] {processor.py:161} INFO - Processing /home/airflow/.local/lib/python3.7/site-packages/airflow/example_dags/example_branch_datetime_operator.py took 0.100 seconds
[2022-08-12 04:02:51,000] {processor.py:153} INFO - Started process (PID=29067) to work on /home/airflow/.local/lib/python3.7/site-packages/airflow/example_dags/example_branch_datetime_operator.py
[2022-08-12 04:02:51,001] {processor.py:641} INFO - Processing file /home/airflow/.local/lib/python3.7/site-packages/airflow/example_dags/example_branch_datetime_operator.py for tasks to queue
[2022-08-12 04:02:51,002] {logging_mixin.py:115} INFO - [2022-08-12 04:02:51,002] {dagbag.py:508} INFO - Filling up the DagBag from /home/airflow/.local/lib/python3.7/site-packages/airflow/example_dags/example_branch_datetime_operator.py
[2022-08-12 04:02:51,017] {processor.py:651} INFO - DAG(s) dict_keys(['example_branch_datetime_operator', 'example_branch_datetime_operator_2']) retrieved from /home/airflow/.local/lib/python3.7/site-packages/airflow/example_dags/example_branch_datetime_operator.py
[2022-08-12 04:02:51,059] {logging_mixin.py:115} INFO - [2022-08-12 04:02:51,059] {dag.py:2420} INFO - Sync 2 DAGs
[2022-08-12 04:02:51,100] {logging_mixin.py:115} INFO - [2022-08-12 04:02:51,099] {dag.py:2972} INFO - Setting next_dagrun for example_branch_datetime_operator to 2022-08-11T00:00:00+00:00, run_after=2022-08-12T00:00:00+00:00
[2022-08-12 04:02:51,103] {logging_mixin.py:115} INFO - [2022-08-12 04:02:51,103] {dag.py:2972} INFO - Setting next_dagrun for example_branch_datetime_operator_2 to 2022-08-11T00:00:00+00:00, run_after=2022-08-12T00:00:00+00:00
[2022-08-12 04:02:51,122] {processor.py:161} INFO - Processing /home/airflow/.local/lib/python3.7/site-packages/airflow/example_dags/example_branch_datetime_operator.py took 0.126 seconds
[2022-08-12 04:03:21,271] {processor.py:153} INFO - Started process (PID=29263) to work on /home/airflow/.local/lib/python3.7/site-packages/airflow/example_dags/example_branch_datetime_operator.py
[2022-08-12 04:03:21,272] {processor.py:641} INFO - Processing file /home/airflow/.local/lib/python3.7/site-packages/airflow/example_dags/example_branch_datetime_operator.py for tasks to queue
[2022-08-12 04:03:21,273] {logging_mixin.py:115} INFO - [2022-08-12 04:03:21,272] {dagbag.py:508} INFO - Filling up the DagBag from /home/airflow/.local/lib/python3.7/site-packages/airflow/example_dags/example_branch_datetime_operator.py
[2022-08-12 04:03:21,283] {processor.py:651} INFO - DAG(s) dict_keys(['example_branch_datetime_operator', 'example_branch_datetime_operator_2']) retrieved from /home/airflow/.local/lib/python3.7/site-packages/airflow/example_dags/example_branch_datetime_operator.py
[2022-08-12 04:03:21,318] {logging_mixin.py:115} INFO - [2022-08-12 04:03:21,318] {dag.py:2420} INFO - Sync 2 DAGs
[2022-08-12 04:03:21,348] {logging_mixin.py:115} INFO - [2022-08-12 04:03:21,348] {dag.py:2972} INFO - Setting next_dagrun for example_branch_datetime_operator to 2022-08-11T00:00:00+00:00, run_after=2022-08-12T00:00:00+00:00
[2022-08-12 04:03:21,351] {logging_mixin.py:115} INFO - [2022-08-12 04:03:21,351] {dag.py:2972} INFO - Setting next_dagrun for example_branch_datetime_operator_2 to 2022-08-11T00:00:00+00:00, run_after=2022-08-12T00:00:00+00:00
[2022-08-12 04:03:21,367] {processor.py:161} INFO - Processing /home/airflow/.local/lib/python3.7/site-packages/airflow/example_dags/example_branch_datetime_operator.py took 0.099 seconds
[2022-08-12 04:03:51,493] {processor.py:153} INFO - Started process (PID=29462) to work on /home/airflow/.local/lib/python3.7/site-packages/airflow/example_dags/example_branch_datetime_operator.py
[2022-08-12 04:03:51,494] {processor.py:641} INFO - Processing file /home/airflow/.local/lib/python3.7/site-packages/airflow/example_dags/example_branch_datetime_operator.py for tasks to queue
[2022-08-12 04:03:51,494] {logging_mixin.py:115} INFO - [2022-08-12 04:03:51,494] {dagbag.py:508} INFO - Filling up the DagBag from /home/airflow/.local/lib/python3.7/site-packages/airflow/example_dags/example_branch_datetime_operator.py
[2022-08-12 04:03:51,505] {processor.py:651} INFO - DAG(s) dict_keys(['example_branch_datetime_operator', 'example_branch_datetime_operator_2']) retrieved from /home/airflow/.local/lib/python3.7/site-packages/airflow/example_dags/example_branch_datetime_operator.py
[2022-08-12 04:03:51,539] {logging_mixin.py:115} INFO - [2022-08-12 04:03:51,539] {dag.py:2420} INFO - Sync 2 DAGs
[2022-08-12 04:03:51,577] {logging_mixin.py:115} INFO - [2022-08-12 04:03:51,577] {dag.py:2972} INFO - Setting next_dagrun for example_branch_datetime_operator to 2022-08-11T00:00:00+00:00, run_after=2022-08-12T00:00:00+00:00
[2022-08-12 04:03:51,582] {logging_mixin.py:115} INFO - [2022-08-12 04:03:51,581] {dag.py:2972} INFO - Setting next_dagrun for example_branch_datetime_operator_2 to 2022-08-11T00:00:00+00:00, run_after=2022-08-12T00:00:00+00:00
[2022-08-12 04:03:51,601] {processor.py:161} INFO - Processing /home/airflow/.local/lib/python3.7/site-packages/airflow/example_dags/example_branch_datetime_operator.py took 0.111 seconds
[2022-08-12 04:04:22,184] {processor.py:153} INFO - Started process (PID=29660) to work on /home/airflow/.local/lib/python3.7/site-packages/airflow/example_dags/example_branch_datetime_operator.py
[2022-08-12 04:04:22,184] {processor.py:641} INFO - Processing file /home/airflow/.local/lib/python3.7/site-packages/airflow/example_dags/example_branch_datetime_operator.py for tasks to queue
[2022-08-12 04:04:22,185] {logging_mixin.py:115} INFO - [2022-08-12 04:04:22,185] {dagbag.py:508} INFO - Filling up the DagBag from /home/airflow/.local/lib/python3.7/site-packages/airflow/example_dags/example_branch_datetime_operator.py
[2022-08-12 04:04:22,196] {processor.py:651} INFO - DAG(s) dict_keys(['example_branch_datetime_operator', 'example_branch_datetime_operator_2']) retrieved from /home/airflow/.local/lib/python3.7/site-packages/airflow/example_dags/example_branch_datetime_operator.py
[2022-08-12 04:04:22,227] {logging_mixin.py:115} INFO - [2022-08-12 04:04:22,226] {dag.py:2420} INFO - Sync 2 DAGs
[2022-08-12 04:04:22,257] {logging_mixin.py:115} INFO - [2022-08-12 04:04:22,257] {dag.py:2972} INFO - Setting next_dagrun for example_branch_datetime_operator to 2022-08-11T00:00:00+00:00, run_after=2022-08-12T00:00:00+00:00
[2022-08-12 04:04:22,260] {logging_mixin.py:115} INFO - [2022-08-12 04:04:22,260] {dag.py:2972} INFO - Setting next_dagrun for example_branch_datetime_operator_2 to 2022-08-11T00:00:00+00:00, run_after=2022-08-12T00:00:00+00:00
[2022-08-12 04:04:22,277] {processor.py:161} INFO - Processing /home/airflow/.local/lib/python3.7/site-packages/airflow/example_dags/example_branch_datetime_operator.py took 0.096 seconds
[2022-08-12 04:04:53,168] {processor.py:153} INFO - Started process (PID=29861) to work on /home/airflow/.local/lib/python3.7/site-packages/airflow/example_dags/example_branch_datetime_operator.py
[2022-08-12 04:04:53,169] {processor.py:641} INFO - Processing file /home/airflow/.local/lib/python3.7/site-packages/airflow/example_dags/example_branch_datetime_operator.py for tasks to queue
[2022-08-12 04:04:53,170] {logging_mixin.py:115} INFO - [2022-08-12 04:04:53,170] {dagbag.py:508} INFO - Filling up the DagBag from /home/airflow/.local/lib/python3.7/site-packages/airflow/example_dags/example_branch_datetime_operator.py
[2022-08-12 04:04:53,181] {processor.py:651} INFO - DAG(s) dict_keys(['example_branch_datetime_operator', 'example_branch_datetime_operator_2']) retrieved from /home/airflow/.local/lib/python3.7/site-packages/airflow/example_dags/example_branch_datetime_operator.py
[2022-08-12 04:04:53,218] {logging_mixin.py:115} INFO - [2022-08-12 04:04:53,217] {dag.py:2420} INFO - Sync 2 DAGs
[2022-08-12 04:04:53,251] {logging_mixin.py:115} INFO - [2022-08-12 04:04:53,251] {dag.py:2972} INFO - Setting next_dagrun for example_branch_datetime_operator to 2022-08-11T00:00:00+00:00, run_after=2022-08-12T00:00:00+00:00
[2022-08-12 04:04:53,255] {logging_mixin.py:115} INFO - [2022-08-12 04:04:53,255] {dag.py:2972} INFO - Setting next_dagrun for example_branch_datetime_operator_2 to 2022-08-11T00:00:00+00:00, run_after=2022-08-12T00:00:00+00:00
[2022-08-12 04:04:53,275] {processor.py:161} INFO - Processing /home/airflow/.local/lib/python3.7/site-packages/airflow/example_dags/example_branch_datetime_operator.py took 0.111 seconds
[2022-08-12 04:05:23,437] {processor.py:153} INFO - Started process (PID=30055) to work on /home/airflow/.local/lib/python3.7/site-packages/airflow/example_dags/example_branch_datetime_operator.py
[2022-08-12 04:05:23,438] {processor.py:641} INFO - Processing file /home/airflow/.local/lib/python3.7/site-packages/airflow/example_dags/example_branch_datetime_operator.py for tasks to queue
[2022-08-12 04:05:23,439] {logging_mixin.py:115} INFO - [2022-08-12 04:05:23,438] {dagbag.py:508} INFO - Filling up the DagBag from /home/airflow/.local/lib/python3.7/site-packages/airflow/example_dags/example_branch_datetime_operator.py
[2022-08-12 04:05:23,451] {processor.py:651} INFO - DAG(s) dict_keys(['example_branch_datetime_operator', 'example_branch_datetime_operator_2']) retrieved from /home/airflow/.local/lib/python3.7/site-packages/airflow/example_dags/example_branch_datetime_operator.py
[2022-08-12 04:05:23,483] {logging_mixin.py:115} INFO - [2022-08-12 04:05:23,483] {dag.py:2420} INFO - Sync 2 DAGs
[2022-08-12 04:05:23,511] {logging_mixin.py:115} INFO - [2022-08-12 04:05:23,510] {dag.py:2972} INFO - Setting next_dagrun for example_branch_datetime_operator to 2022-08-11T00:00:00+00:00, run_after=2022-08-12T00:00:00+00:00
[2022-08-12 04:05:23,513] {logging_mixin.py:115} INFO - [2022-08-12 04:05:23,513] {dag.py:2972} INFO - Setting next_dagrun for example_branch_datetime_operator_2 to 2022-08-11T00:00:00+00:00, run_after=2022-08-12T00:00:00+00:00
[2022-08-12 04:05:23,531] {processor.py:161} INFO - Processing /home/airflow/.local/lib/python3.7/site-packages/airflow/example_dags/example_branch_datetime_operator.py took 0.098 seconds
[2022-08-12 04:05:54,244] {processor.py:153} INFO - Started process (PID=30258) to work on /home/airflow/.local/lib/python3.7/site-packages/airflow/example_dags/example_branch_datetime_operator.py
[2022-08-12 04:05:54,245] {processor.py:641} INFO - Processing file /home/airflow/.local/lib/python3.7/site-packages/airflow/example_dags/example_branch_datetime_operator.py for tasks to queue
[2022-08-12 04:05:54,245] {logging_mixin.py:115} INFO - [2022-08-12 04:05:54,245] {dagbag.py:508} INFO - Filling up the DagBag from /home/airflow/.local/lib/python3.7/site-packages/airflow/example_dags/example_branch_datetime_operator.py
[2022-08-12 04:05:54,256] {processor.py:651} INFO - DAG(s) dict_keys(['example_branch_datetime_operator', 'example_branch_datetime_operator_2']) retrieved from /home/airflow/.local/lib/python3.7/site-packages/airflow/example_dags/example_branch_datetime_operator.py
[2022-08-12 04:05:54,280] {logging_mixin.py:115} INFO - [2022-08-12 04:05:54,280] {dag.py:2420} INFO - Sync 2 DAGs
[2022-08-12 04:05:54,304] {logging_mixin.py:115} INFO - [2022-08-12 04:05:54,304] {dag.py:2972} INFO - Setting next_dagrun for example_branch_datetime_operator to 2022-08-11T00:00:00+00:00, run_after=2022-08-12T00:00:00+00:00
[2022-08-12 04:05:54,308] {logging_mixin.py:115} INFO - [2022-08-12 04:05:54,307] {dag.py:2972} INFO - Setting next_dagrun for example_branch_datetime_operator_2 to 2022-08-11T00:00:00+00:00, run_after=2022-08-12T00:00:00+00:00
[2022-08-12 04:05:54,322] {processor.py:161} INFO - Processing /home/airflow/.local/lib/python3.7/site-packages/airflow/example_dags/example_branch_datetime_operator.py took 0.081 seconds
[2022-08-12 04:06:24,549] {processor.py:153} INFO - Started process (PID=30452) to work on /home/airflow/.local/lib/python3.7/site-packages/airflow/example_dags/example_branch_datetime_operator.py
[2022-08-12 04:06:24,550] {processor.py:641} INFO - Processing file /home/airflow/.local/lib/python3.7/site-packages/airflow/example_dags/example_branch_datetime_operator.py for tasks to queue
[2022-08-12 04:06:24,551] {logging_mixin.py:115} INFO - [2022-08-12 04:06:24,551] {dagbag.py:508} INFO - Filling up the DagBag from /home/airflow/.local/lib/python3.7/site-packages/airflow/example_dags/example_branch_datetime_operator.py
[2022-08-12 04:06:24,564] {processor.py:651} INFO - DAG(s) dict_keys(['example_branch_datetime_operator', 'example_branch_datetime_operator_2']) retrieved from /home/airflow/.local/lib/python3.7/site-packages/airflow/example_dags/example_branch_datetime_operator.py
[2022-08-12 04:06:24,595] {logging_mixin.py:115} INFO - [2022-08-12 04:06:24,595] {dag.py:2420} INFO - Sync 2 DAGs
[2022-08-12 04:06:24,623] {logging_mixin.py:115} INFO - [2022-08-12 04:06:24,623] {dag.py:2972} INFO - Setting next_dagrun for example_branch_datetime_operator to 2022-08-11T00:00:00+00:00, run_after=2022-08-12T00:00:00+00:00
[2022-08-12 04:06:24,627] {logging_mixin.py:115} INFO - [2022-08-12 04:06:24,627] {dag.py:2972} INFO - Setting next_dagrun for example_branch_datetime_operator_2 to 2022-08-11T00:00:00+00:00, run_after=2022-08-12T00:00:00+00:00
[2022-08-12 04:06:24,643] {processor.py:161} INFO - Processing /home/airflow/.local/lib/python3.7/site-packages/airflow/example_dags/example_branch_datetime_operator.py took 0.096 seconds
[2022-08-12 04:06:55,297] {processor.py:153} INFO - Started process (PID=30657) to work on /home/airflow/.local/lib/python3.7/site-packages/airflow/example_dags/example_branch_datetime_operator.py
[2022-08-12 04:06:55,298] {processor.py:641} INFO - Processing file /home/airflow/.local/lib/python3.7/site-packages/airflow/example_dags/example_branch_datetime_operator.py for tasks to queue
[2022-08-12 04:06:55,298] {logging_mixin.py:115} INFO - [2022-08-12 04:06:55,298] {dagbag.py:508} INFO - Filling up the DagBag from /home/airflow/.local/lib/python3.7/site-packages/airflow/example_dags/example_branch_datetime_operator.py
[2022-08-12 04:06:55,309] {processor.py:651} INFO - DAG(s) dict_keys(['example_branch_datetime_operator', 'example_branch_datetime_operator_2']) retrieved from /home/airflow/.local/lib/python3.7/site-packages/airflow/example_dags/example_branch_datetime_operator.py
[2022-08-12 04:06:55,340] {logging_mixin.py:115} INFO - [2022-08-12 04:06:55,340] {dag.py:2420} INFO - Sync 2 DAGs
[2022-08-12 04:06:55,371] {logging_mixin.py:115} INFO - [2022-08-12 04:06:55,371] {dag.py:2972} INFO - Setting next_dagrun for example_branch_datetime_operator to 2022-08-11T00:00:00+00:00, run_after=2022-08-12T00:00:00+00:00
[2022-08-12 04:06:55,374] {logging_mixin.py:115} INFO - [2022-08-12 04:06:55,374] {dag.py:2972} INFO - Setting next_dagrun for example_branch_datetime_operator_2 to 2022-08-11T00:00:00+00:00, run_after=2022-08-12T00:00:00+00:00
[2022-08-12 04:06:55,417] {processor.py:161} INFO - Processing /home/airflow/.local/lib/python3.7/site-packages/airflow/example_dags/example_branch_datetime_operator.py took 0.123 seconds
[2022-08-12 04:07:25,558] {processor.py:153} INFO - Started process (PID=30849) to work on /home/airflow/.local/lib/python3.7/site-packages/airflow/example_dags/example_branch_datetime_operator.py
[2022-08-12 04:07:25,559] {processor.py:641} INFO - Processing file /home/airflow/.local/lib/python3.7/site-packages/airflow/example_dags/example_branch_datetime_operator.py for tasks to queue
[2022-08-12 04:07:25,559] {logging_mixin.py:115} INFO - [2022-08-12 04:07:25,559] {dagbag.py:508} INFO - Filling up the DagBag from /home/airflow/.local/lib/python3.7/site-packages/airflow/example_dags/example_branch_datetime_operator.py
[2022-08-12 04:07:25,572] {processor.py:651} INFO - DAG(s) dict_keys(['example_branch_datetime_operator', 'example_branch_datetime_operator_2']) retrieved from /home/airflow/.local/lib/python3.7/site-packages/airflow/example_dags/example_branch_datetime_operator.py
[2022-08-12 04:07:25,618] {logging_mixin.py:115} INFO - [2022-08-12 04:07:25,617] {dag.py:2420} INFO - Sync 2 DAGs
[2022-08-12 04:07:25,657] {logging_mixin.py:115} INFO - [2022-08-12 04:07:25,656] {dag.py:2972} INFO - Setting next_dagrun for example_branch_datetime_operator to 2022-08-11T00:00:00+00:00, run_after=2022-08-12T00:00:00+00:00
[2022-08-12 04:07:25,660] {logging_mixin.py:115} INFO - [2022-08-12 04:07:25,660] {dag.py:2972} INFO - Setting next_dagrun for example_branch_datetime_operator_2 to 2022-08-11T00:00:00+00:00, run_after=2022-08-12T00:00:00+00:00
[2022-08-12 04:07:25,681] {processor.py:161} INFO - Processing /home/airflow/.local/lib/python3.7/site-packages/airflow/example_dags/example_branch_datetime_operator.py took 0.127 seconds
[2022-08-12 04:07:55,897] {processor.py:153} INFO - Started process (PID=31052) to work on /home/airflow/.local/lib/python3.7/site-packages/airflow/example_dags/example_branch_datetime_operator.py
[2022-08-12 04:07:55,898] {processor.py:641} INFO - Processing file /home/airflow/.local/lib/python3.7/site-packages/airflow/example_dags/example_branch_datetime_operator.py for tasks to queue
[2022-08-12 04:07:55,898] {logging_mixin.py:115} INFO - [2022-08-12 04:07:55,898] {dagbag.py:508} INFO - Filling up the DagBag from /home/airflow/.local/lib/python3.7/site-packages/airflow/example_dags/example_branch_datetime_operator.py
[2022-08-12 04:07:55,913] {processor.py:651} INFO - DAG(s) dict_keys(['example_branch_datetime_operator', 'example_branch_datetime_operator_2']) retrieved from /home/airflow/.local/lib/python3.7/site-packages/airflow/example_dags/example_branch_datetime_operator.py
[2022-08-12 04:07:55,947] {logging_mixin.py:115} INFO - [2022-08-12 04:07:55,947] {dag.py:2420} INFO - Sync 2 DAGs
[2022-08-12 04:07:55,990] {logging_mixin.py:115} INFO - [2022-08-12 04:07:55,990] {dag.py:2972} INFO - Setting next_dagrun for example_branch_datetime_operator to 2022-08-11T00:00:00+00:00, run_after=2022-08-12T00:00:00+00:00
[2022-08-12 04:07:55,993] {logging_mixin.py:115} INFO - [2022-08-12 04:07:55,993] {dag.py:2972} INFO - Setting next_dagrun for example_branch_datetime_operator_2 to 2022-08-11T00:00:00+00:00, run_after=2022-08-12T00:00:00+00:00
[2022-08-12 04:07:56,009] {processor.py:161} INFO - Processing /home/airflow/.local/lib/python3.7/site-packages/airflow/example_dags/example_branch_datetime_operator.py took 0.115 seconds
[2022-08-12 04:08:26,801] {processor.py:153} INFO - Started process (PID=31248) to work on /home/airflow/.local/lib/python3.7/site-packages/airflow/example_dags/example_branch_datetime_operator.py
[2022-08-12 04:08:26,802] {processor.py:641} INFO - Processing file /home/airflow/.local/lib/python3.7/site-packages/airflow/example_dags/example_branch_datetime_operator.py for tasks to queue
[2022-08-12 04:08:26,803] {logging_mixin.py:115} INFO - [2022-08-12 04:08:26,802] {dagbag.py:508} INFO - Filling up the DagBag from /home/airflow/.local/lib/python3.7/site-packages/airflow/example_dags/example_branch_datetime_operator.py
[2022-08-12 04:08:26,815] {processor.py:651} INFO - DAG(s) dict_keys(['example_branch_datetime_operator', 'example_branch_datetime_operator_2']) retrieved from /home/airflow/.local/lib/python3.7/site-packages/airflow/example_dags/example_branch_datetime_operator.py
[2022-08-12 04:08:26,852] {logging_mixin.py:115} INFO - [2022-08-12 04:08:26,852] {dag.py:2420} INFO - Sync 2 DAGs
[2022-08-12 04:08:26,888] {logging_mixin.py:115} INFO - [2022-08-12 04:08:26,888] {dag.py:2972} INFO - Setting next_dagrun for example_branch_datetime_operator to 2022-08-11T00:00:00+00:00, run_after=2022-08-12T00:00:00+00:00
[2022-08-12 04:08:26,891] {logging_mixin.py:115} INFO - [2022-08-12 04:08:26,891] {dag.py:2972} INFO - Setting next_dagrun for example_branch_datetime_operator_2 to 2022-08-11T00:00:00+00:00, run_after=2022-08-12T00:00:00+00:00
[2022-08-12 04:08:26,910] {processor.py:161} INFO - Processing /home/airflow/.local/lib/python3.7/site-packages/airflow/example_dags/example_branch_datetime_operator.py took 0.113 seconds
[2022-08-12 04:08:57,096] {processor.py:153} INFO - Started process (PID=31449) to work on /home/airflow/.local/lib/python3.7/site-packages/airflow/example_dags/example_branch_datetime_operator.py
[2022-08-12 04:08:57,096] {processor.py:641} INFO - Processing file /home/airflow/.local/lib/python3.7/site-packages/airflow/example_dags/example_branch_datetime_operator.py for tasks to queue
[2022-08-12 04:08:57,097] {logging_mixin.py:115} INFO - [2022-08-12 04:08:57,097] {dagbag.py:508} INFO - Filling up the DagBag from /home/airflow/.local/lib/python3.7/site-packages/airflow/example_dags/example_branch_datetime_operator.py
[2022-08-12 04:08:57,108] {processor.py:651} INFO - DAG(s) dict_keys(['example_branch_datetime_operator', 'example_branch_datetime_operator_2']) retrieved from /home/airflow/.local/lib/python3.7/site-packages/airflow/example_dags/example_branch_datetime_operator.py
[2022-08-12 04:08:57,139] {logging_mixin.py:115} INFO - [2022-08-12 04:08:57,139] {dag.py:2420} INFO - Sync 2 DAGs
[2022-08-12 04:08:57,167] {logging_mixin.py:115} INFO - [2022-08-12 04:08:57,166] {dag.py:2972} INFO - Setting next_dagrun for example_branch_datetime_operator to 2022-08-11T00:00:00+00:00, run_after=2022-08-12T00:00:00+00:00
[2022-08-12 04:08:57,169] {logging_mixin.py:115} INFO - [2022-08-12 04:08:57,169] {dag.py:2972} INFO - Setting next_dagrun for example_branch_datetime_operator_2 to 2022-08-11T00:00:00+00:00, run_after=2022-08-12T00:00:00+00:00
[2022-08-12 04:08:57,185] {processor.py:161} INFO - Processing /home/airflow/.local/lib/python3.7/site-packages/airflow/example_dags/example_branch_datetime_operator.py took 0.092 seconds
[2022-08-12 04:09:27,931] {processor.py:153} INFO - Started process (PID=31644) to work on /home/airflow/.local/lib/python3.7/site-packages/airflow/example_dags/example_branch_datetime_operator.py
[2022-08-12 04:09:27,932] {processor.py:641} INFO - Processing file /home/airflow/.local/lib/python3.7/site-packages/airflow/example_dags/example_branch_datetime_operator.py for tasks to queue
[2022-08-12 04:09:27,933] {logging_mixin.py:115} INFO - [2022-08-12 04:09:27,933] {dagbag.py:508} INFO - Filling up the DagBag from /home/airflow/.local/lib/python3.7/site-packages/airflow/example_dags/example_branch_datetime_operator.py
[2022-08-12 04:09:27,946] {processor.py:651} INFO - DAG(s) dict_keys(['example_branch_datetime_operator', 'example_branch_datetime_operator_2']) retrieved from /home/airflow/.local/lib/python3.7/site-packages/airflow/example_dags/example_branch_datetime_operator.py
[2022-08-12 04:09:27,993] {logging_mixin.py:115} INFO - [2022-08-12 04:09:27,993] {dag.py:2420} INFO - Sync 2 DAGs
[2022-08-12 04:09:28,031] {logging_mixin.py:115} INFO - [2022-08-12 04:09:28,031] {dag.py:2972} INFO - Setting next_dagrun for example_branch_datetime_operator to 2022-08-11T00:00:00+00:00, run_after=2022-08-12T00:00:00+00:00
[2022-08-12 04:09:28,034] {logging_mixin.py:115} INFO - [2022-08-12 04:09:28,034] {dag.py:2972} INFO - Setting next_dagrun for example_branch_datetime_operator_2 to 2022-08-11T00:00:00+00:00, run_after=2022-08-12T00:00:00+00:00
[2022-08-12 04:09:28,056] {processor.py:161} INFO - Processing /home/airflow/.local/lib/python3.7/site-packages/airflow/example_dags/example_branch_datetime_operator.py took 0.129 seconds
[2022-08-12 04:09:58,337] {processor.py:153} INFO - Started process (PID=31847) to work on /home/airflow/.local/lib/python3.7/site-packages/airflow/example_dags/example_branch_datetime_operator.py
[2022-08-12 04:09:58,338] {processor.py:641} INFO - Processing file /home/airflow/.local/lib/python3.7/site-packages/airflow/example_dags/example_branch_datetime_operator.py for tasks to queue
[2022-08-12 04:09:58,339] {logging_mixin.py:115} INFO - [2022-08-12 04:09:58,339] {dagbag.py:508} INFO - Filling up the DagBag from /home/airflow/.local/lib/python3.7/site-packages/airflow/example_dags/example_branch_datetime_operator.py
[2022-08-12 04:09:58,353] {processor.py:651} INFO - DAG(s) dict_keys(['example_branch_datetime_operator', 'example_branch_datetime_operator_2']) retrieved from /home/airflow/.local/lib/python3.7/site-packages/airflow/example_dags/example_branch_datetime_operator.py
[2022-08-12 04:09:58,396] {logging_mixin.py:115} INFO - [2022-08-12 04:09:58,396] {dag.py:2420} INFO - Sync 2 DAGs
[2022-08-12 04:09:58,432] {logging_mixin.py:115} INFO - [2022-08-12 04:09:58,432] {dag.py:2972} INFO - Setting next_dagrun for example_branch_datetime_operator to 2022-08-11T00:00:00+00:00, run_after=2022-08-12T00:00:00+00:00
[2022-08-12 04:09:58,435] {logging_mixin.py:115} INFO - [2022-08-12 04:09:58,435] {dag.py:2972} INFO - Setting next_dagrun for example_branch_datetime_operator_2 to 2022-08-11T00:00:00+00:00, run_after=2022-08-12T00:00:00+00:00
[2022-08-12 04:09:58,452] {processor.py:161} INFO - Processing /home/airflow/.local/lib/python3.7/site-packages/airflow/example_dags/example_branch_datetime_operator.py took 0.118 seconds
[2022-08-12 04:10:29,079] {processor.py:153} INFO - Started process (PID=32041) to work on /home/airflow/.local/lib/python3.7/site-packages/airflow/example_dags/example_branch_datetime_operator.py
[2022-08-12 04:10:29,080] {processor.py:641} INFO - Processing file /home/airflow/.local/lib/python3.7/site-packages/airflow/example_dags/example_branch_datetime_operator.py for tasks to queue
[2022-08-12 04:10:29,081] {logging_mixin.py:115} INFO - [2022-08-12 04:10:29,081] {dagbag.py:508} INFO - Filling up the DagBag from /home/airflow/.local/lib/python3.7/site-packages/airflow/example_dags/example_branch_datetime_operator.py
[2022-08-12 04:10:29,093] {processor.py:651} INFO - DAG(s) dict_keys(['example_branch_datetime_operator', 'example_branch_datetime_operator_2']) retrieved from /home/airflow/.local/lib/python3.7/site-packages/airflow/example_dags/example_branch_datetime_operator.py
[2022-08-12 04:10:29,137] {logging_mixin.py:115} INFO - [2022-08-12 04:10:29,136] {dag.py:2420} INFO - Sync 2 DAGs
[2022-08-12 04:10:29,174] {logging_mixin.py:115} INFO - [2022-08-12 04:10:29,174] {dag.py:2972} INFO - Setting next_dagrun for example_branch_datetime_operator to 2022-08-11T00:00:00+00:00, run_after=2022-08-12T00:00:00+00:00
[2022-08-12 04:10:29,178] {logging_mixin.py:115} INFO - [2022-08-12 04:10:29,178] {dag.py:2972} INFO - Setting next_dagrun for example_branch_datetime_operator_2 to 2022-08-11T00:00:00+00:00, run_after=2022-08-12T00:00:00+00:00
[2022-08-12 04:10:29,200] {processor.py:161} INFO - Processing /home/airflow/.local/lib/python3.7/site-packages/airflow/example_dags/example_branch_datetime_operator.py took 0.124 seconds
[2022-08-12 04:10:59,250] {processor.py:153} INFO - Started process (PID=32245) to work on /home/airflow/.local/lib/python3.7/site-packages/airflow/example_dags/example_branch_datetime_operator.py
[2022-08-12 04:10:59,250] {processor.py:641} INFO - Processing file /home/airflow/.local/lib/python3.7/site-packages/airflow/example_dags/example_branch_datetime_operator.py for tasks to queue
[2022-08-12 04:10:59,251] {logging_mixin.py:115} INFO - [2022-08-12 04:10:59,251] {dagbag.py:508} INFO - Filling up the DagBag from /home/airflow/.local/lib/python3.7/site-packages/airflow/example_dags/example_branch_datetime_operator.py
[2022-08-12 04:10:59,262] {processor.py:651} INFO - DAG(s) dict_keys(['example_branch_datetime_operator', 'example_branch_datetime_operator_2']) retrieved from /home/airflow/.local/lib/python3.7/site-packages/airflow/example_dags/example_branch_datetime_operator.py
[2022-08-12 04:10:59,294] {logging_mixin.py:115} INFO - [2022-08-12 04:10:59,294] {dag.py:2420} INFO - Sync 2 DAGs
[2022-08-12 04:10:59,323] {logging_mixin.py:115} INFO - [2022-08-12 04:10:59,323] {dag.py:2972} INFO - Setting next_dagrun for example_branch_datetime_operator to 2022-08-11T00:00:00+00:00, run_after=2022-08-12T00:00:00+00:00
[2022-08-12 04:10:59,325] {logging_mixin.py:115} INFO - [2022-08-12 04:10:59,325] {dag.py:2972} INFO - Setting next_dagrun for example_branch_datetime_operator_2 to 2022-08-11T00:00:00+00:00, run_after=2022-08-12T00:00:00+00:00
[2022-08-12 04:10:59,342] {processor.py:161} INFO - Processing /home/airflow/.local/lib/python3.7/site-packages/airflow/example_dags/example_branch_datetime_operator.py took 0.095 seconds
[2022-08-12 04:11:29,588] {processor.py:153} INFO - Started process (PID=32439) to work on /home/airflow/.local/lib/python3.7/site-packages/airflow/example_dags/example_branch_datetime_operator.py
[2022-08-12 04:11:29,589] {processor.py:641} INFO - Processing file /home/airflow/.local/lib/python3.7/site-packages/airflow/example_dags/example_branch_datetime_operator.py for tasks to queue
[2022-08-12 04:11:29,590] {logging_mixin.py:115} INFO - [2022-08-12 04:11:29,590] {dagbag.py:508} INFO - Filling up the DagBag from /home/airflow/.local/lib/python3.7/site-packages/airflow/example_dags/example_branch_datetime_operator.py
[2022-08-12 04:11:29,600] {processor.py:651} INFO - DAG(s) dict_keys(['example_branch_datetime_operator', 'example_branch_datetime_operator_2']) retrieved from /home/airflow/.local/lib/python3.7/site-packages/airflow/example_dags/example_branch_datetime_operator.py
[2022-08-12 04:11:29,627] {logging_mixin.py:115} INFO - [2022-08-12 04:11:29,627] {dag.py:2420} INFO - Sync 2 DAGs
[2022-08-12 04:11:29,648] {logging_mixin.py:115} INFO - [2022-08-12 04:11:29,648] {dag.py:2972} INFO - Setting next_dagrun for example_branch_datetime_operator to 2022-08-11T00:00:00+00:00, run_after=2022-08-12T00:00:00+00:00
[2022-08-12 04:11:29,650] {logging_mixin.py:115} INFO - [2022-08-12 04:11:29,650] {dag.py:2972} INFO - Setting next_dagrun for example_branch_datetime_operator_2 to 2022-08-11T00:00:00+00:00, run_after=2022-08-12T00:00:00+00:00
[2022-08-12 04:11:29,663] {processor.py:161} INFO - Processing /home/airflow/.local/lib/python3.7/site-packages/airflow/example_dags/example_branch_datetime_operator.py took 0.078 seconds
[2022-08-12 04:12:00,204] {processor.py:153} INFO - Started process (PID=32644) to work on /home/airflow/.local/lib/python3.7/site-packages/airflow/example_dags/example_branch_datetime_operator.py
[2022-08-12 04:12:00,205] {processor.py:641} INFO - Processing file /home/airflow/.local/lib/python3.7/site-packages/airflow/example_dags/example_branch_datetime_operator.py for tasks to queue
[2022-08-12 04:12:00,206] {logging_mixin.py:115} INFO - [2022-08-12 04:12:00,206] {dagbag.py:508} INFO - Filling up the DagBag from /home/airflow/.local/lib/python3.7/site-packages/airflow/example_dags/example_branch_datetime_operator.py
[2022-08-12 04:12:00,217] {processor.py:651} INFO - DAG(s) dict_keys(['example_branch_datetime_operator', 'example_branch_datetime_operator_2']) retrieved from /home/airflow/.local/lib/python3.7/site-packages/airflow/example_dags/example_branch_datetime_operator.py
[2022-08-12 04:12:00,249] {logging_mixin.py:115} INFO - [2022-08-12 04:12:00,249] {dag.py:2420} INFO - Sync 2 DAGs
[2022-08-12 04:12:00,278] {logging_mixin.py:115} INFO - [2022-08-12 04:12:00,278] {dag.py:2972} INFO - Setting next_dagrun for example_branch_datetime_operator to 2022-08-11T00:00:00+00:00, run_after=2022-08-12T00:00:00+00:00
[2022-08-12 04:12:00,281] {logging_mixin.py:115} INFO - [2022-08-12 04:12:00,281] {dag.py:2972} INFO - Setting next_dagrun for example_branch_datetime_operator_2 to 2022-08-11T00:00:00+00:00, run_after=2022-08-12T00:00:00+00:00
[2022-08-12 04:12:00,298] {processor.py:161} INFO - Processing /home/airflow/.local/lib/python3.7/site-packages/airflow/example_dags/example_branch_datetime_operator.py took 0.098 seconds
[2022-08-12 04:12:30,770] {processor.py:153} INFO - Started process (PID=370) to work on /home/airflow/.local/lib/python3.7/site-packages/airflow/example_dags/example_branch_datetime_operator.py
[2022-08-12 04:12:30,771] {processor.py:641} INFO - Processing file /home/airflow/.local/lib/python3.7/site-packages/airflow/example_dags/example_branch_datetime_operator.py for tasks to queue
[2022-08-12 04:12:30,772] {logging_mixin.py:115} INFO - [2022-08-12 04:12:30,771] {dagbag.py:508} INFO - Filling up the DagBag from /home/airflow/.local/lib/python3.7/site-packages/airflow/example_dags/example_branch_datetime_operator.py
[2022-08-12 04:12:30,783] {processor.py:651} INFO - DAG(s) dict_keys(['example_branch_datetime_operator', 'example_branch_datetime_operator_2']) retrieved from /home/airflow/.local/lib/python3.7/site-packages/airflow/example_dags/example_branch_datetime_operator.py
[2022-08-12 04:12:30,821] {logging_mixin.py:115} INFO - [2022-08-12 04:12:30,821] {dag.py:2420} INFO - Sync 2 DAGs
[2022-08-12 04:12:30,854] {logging_mixin.py:115} INFO - [2022-08-12 04:12:30,854] {dag.py:2972} INFO - Setting next_dagrun for example_branch_datetime_operator to 2022-08-11T00:00:00+00:00, run_after=2022-08-12T00:00:00+00:00
[2022-08-12 04:12:30,858] {logging_mixin.py:115} INFO - [2022-08-12 04:12:30,858] {dag.py:2972} INFO - Setting next_dagrun for example_branch_datetime_operator_2 to 2022-08-11T00:00:00+00:00, run_after=2022-08-12T00:00:00+00:00
[2022-08-12 04:12:30,887] {processor.py:161} INFO - Processing /home/airflow/.local/lib/python3.7/site-packages/airflow/example_dags/example_branch_datetime_operator.py took 0.121 seconds
[2022-08-12 04:13:01,009] {processor.py:153} INFO - Started process (PID=571) to work on /home/airflow/.local/lib/python3.7/site-packages/airflow/example_dags/example_branch_datetime_operator.py
[2022-08-12 04:13:01,010] {processor.py:641} INFO - Processing file /home/airflow/.local/lib/python3.7/site-packages/airflow/example_dags/example_branch_datetime_operator.py for tasks to queue
[2022-08-12 04:13:01,011] {logging_mixin.py:115} INFO - [2022-08-12 04:13:01,011] {dagbag.py:508} INFO - Filling up the DagBag from /home/airflow/.local/lib/python3.7/site-packages/airflow/example_dags/example_branch_datetime_operator.py
[2022-08-12 04:13:01,021] {processor.py:651} INFO - DAG(s) dict_keys(['example_branch_datetime_operator', 'example_branch_datetime_operator_2']) retrieved from /home/airflow/.local/lib/python3.7/site-packages/airflow/example_dags/example_branch_datetime_operator.py
[2022-08-12 04:13:01,053] {logging_mixin.py:115} INFO - [2022-08-12 04:13:01,053] {dag.py:2420} INFO - Sync 2 DAGs
[2022-08-12 04:13:01,083] {logging_mixin.py:115} INFO - [2022-08-12 04:13:01,083] {dag.py:2972} INFO - Setting next_dagrun for example_branch_datetime_operator to 2022-08-11T00:00:00+00:00, run_after=2022-08-12T00:00:00+00:00
[2022-08-12 04:13:01,087] {logging_mixin.py:115} INFO - [2022-08-12 04:13:01,086] {dag.py:2972} INFO - Setting next_dagrun for example_branch_datetime_operator_2 to 2022-08-11T00:00:00+00:00, run_after=2022-08-12T00:00:00+00:00
[2022-08-12 04:13:01,102] {processor.py:161} INFO - Processing /home/airflow/.local/lib/python3.7/site-packages/airflow/example_dags/example_branch_datetime_operator.py took 0.096 seconds
[2022-08-12 04:13:31,225] {processor.py:153} INFO - Started process (PID=765) to work on /home/airflow/.local/lib/python3.7/site-packages/airflow/example_dags/example_branch_datetime_operator.py
[2022-08-12 04:13:31,226] {processor.py:641} INFO - Processing file /home/airflow/.local/lib/python3.7/site-packages/airflow/example_dags/example_branch_datetime_operator.py for tasks to queue
[2022-08-12 04:13:31,227] {logging_mixin.py:115} INFO - [2022-08-12 04:13:31,226] {dagbag.py:508} INFO - Filling up the DagBag from /home/airflow/.local/lib/python3.7/site-packages/airflow/example_dags/example_branch_datetime_operator.py
[2022-08-12 04:13:31,236] {processor.py:651} INFO - DAG(s) dict_keys(['example_branch_datetime_operator', 'example_branch_datetime_operator_2']) retrieved from /home/airflow/.local/lib/python3.7/site-packages/airflow/example_dags/example_branch_datetime_operator.py
[2022-08-12 04:13:31,284] {logging_mixin.py:115} INFO - [2022-08-12 04:13:31,284] {dag.py:2420} INFO - Sync 2 DAGs
[2022-08-12 04:13:31,326] {logging_mixin.py:115} INFO - [2022-08-12 04:13:31,326] {dag.py:2972} INFO - Setting next_dagrun for example_branch_datetime_operator to 2022-08-11T00:00:00+00:00, run_after=2022-08-12T00:00:00+00:00
[2022-08-12 04:13:31,330] {logging_mixin.py:115} INFO - [2022-08-12 04:13:31,330] {dag.py:2972} INFO - Setting next_dagrun for example_branch_datetime_operator_2 to 2022-08-11T00:00:00+00:00, run_after=2022-08-12T00:00:00+00:00
[2022-08-12 04:13:31,354] {processor.py:161} INFO - Processing /home/airflow/.local/lib/python3.7/site-packages/airflow/example_dags/example_branch_datetime_operator.py took 0.133 seconds
[2022-08-12 04:14:01,707] {processor.py:153} INFO - Started process (PID=968) to work on /home/airflow/.local/lib/python3.7/site-packages/airflow/example_dags/example_branch_datetime_operator.py
[2022-08-12 04:14:01,708] {processor.py:641} INFO - Processing file /home/airflow/.local/lib/python3.7/site-packages/airflow/example_dags/example_branch_datetime_operator.py for tasks to queue
[2022-08-12 04:14:01,708] {logging_mixin.py:115} INFO - [2022-08-12 04:14:01,708] {dagbag.py:508} INFO - Filling up the DagBag from /home/airflow/.local/lib/python3.7/site-packages/airflow/example_dags/example_branch_datetime_operator.py
[2022-08-12 04:14:01,717] {processor.py:651} INFO - DAG(s) dict_keys(['example_branch_datetime_operator', 'example_branch_datetime_operator_2']) retrieved from /home/airflow/.local/lib/python3.7/site-packages/airflow/example_dags/example_branch_datetime_operator.py
[2022-08-12 04:14:01,749] {logging_mixin.py:115} INFO - [2022-08-12 04:14:01,748] {dag.py:2420} INFO - Sync 2 DAGs
[2022-08-12 04:14:01,777] {logging_mixin.py:115} INFO - [2022-08-12 04:14:01,777] {dag.py:2972} INFO - Setting next_dagrun for example_branch_datetime_operator to 2022-08-11T00:00:00+00:00, run_after=2022-08-12T00:00:00+00:00
[2022-08-12 04:14:01,780] {logging_mixin.py:115} INFO - [2022-08-12 04:14:01,779] {dag.py:2972} INFO - Setting next_dagrun for example_branch_datetime_operator_2 to 2022-08-11T00:00:00+00:00, run_after=2022-08-12T00:00:00+00:00
[2022-08-12 04:14:01,795] {processor.py:161} INFO - Processing /home/airflow/.local/lib/python3.7/site-packages/airflow/example_dags/example_branch_datetime_operator.py took 0.091 seconds
[2022-08-12 04:14:32,088] {processor.py:153} INFO - Started process (PID=1162) to work on /home/airflow/.local/lib/python3.7/site-packages/airflow/example_dags/example_branch_datetime_operator.py
[2022-08-12 04:14:32,090] {processor.py:641} INFO - Processing file /home/airflow/.local/lib/python3.7/site-packages/airflow/example_dags/example_branch_datetime_operator.py for tasks to queue
[2022-08-12 04:14:32,090] {logging_mixin.py:115} INFO - [2022-08-12 04:14:32,090] {dagbag.py:508} INFO - Filling up the DagBag from /home/airflow/.local/lib/python3.7/site-packages/airflow/example_dags/example_branch_datetime_operator.py
[2022-08-12 04:14:32,100] {processor.py:651} INFO - DAG(s) dict_keys(['example_branch_datetime_operator', 'example_branch_datetime_operator_2']) retrieved from /home/airflow/.local/lib/python3.7/site-packages/airflow/example_dags/example_branch_datetime_operator.py
[2022-08-12 04:14:32,132] {logging_mixin.py:115} INFO - [2022-08-12 04:14:32,132] {dag.py:2420} INFO - Sync 2 DAGs
[2022-08-12 04:14:32,162] {logging_mixin.py:115} INFO - [2022-08-12 04:14:32,162] {dag.py:2972} INFO - Setting next_dagrun for example_branch_datetime_operator to 2022-08-11T00:00:00+00:00, run_after=2022-08-12T00:00:00+00:00
[2022-08-12 04:14:32,165] {logging_mixin.py:115} INFO - [2022-08-12 04:14:32,165] {dag.py:2972} INFO - Setting next_dagrun for example_branch_datetime_operator_2 to 2022-08-11T00:00:00+00:00, run_after=2022-08-12T00:00:00+00:00
[2022-08-12 04:14:32,182] {processor.py:161} INFO - Processing /home/airflow/.local/lib/python3.7/site-packages/airflow/example_dags/example_branch_datetime_operator.py took 0.097 seconds
[2022-08-12 04:15:02,496] {processor.py:153} INFO - Started process (PID=1365) to work on /home/airflow/.local/lib/python3.7/site-packages/airflow/example_dags/example_branch_datetime_operator.py
[2022-08-12 04:15:02,497] {processor.py:641} INFO - Processing file /home/airflow/.local/lib/python3.7/site-packages/airflow/example_dags/example_branch_datetime_operator.py for tasks to queue
[2022-08-12 04:15:02,498] {logging_mixin.py:115} INFO - [2022-08-12 04:15:02,498] {dagbag.py:508} INFO - Filling up the DagBag from /home/airflow/.local/lib/python3.7/site-packages/airflow/example_dags/example_branch_datetime_operator.py
[2022-08-12 04:15:02,512] {processor.py:651} INFO - DAG(s) dict_keys(['example_branch_datetime_operator', 'example_branch_datetime_operator_2']) retrieved from /home/airflow/.local/lib/python3.7/site-packages/airflow/example_dags/example_branch_datetime_operator.py
[2022-08-12 04:15:02,547] {logging_mixin.py:115} INFO - [2022-08-12 04:15:02,547] {dag.py:2420} INFO - Sync 2 DAGs
[2022-08-12 04:15:02,579] {logging_mixin.py:115} INFO - [2022-08-12 04:15:02,579] {dag.py:2972} INFO - Setting next_dagrun for example_branch_datetime_operator to 2022-08-11T00:00:00+00:00, run_after=2022-08-12T00:00:00+00:00
[2022-08-12 04:15:02,581] {logging_mixin.py:115} INFO - [2022-08-12 04:15:02,581] {dag.py:2972} INFO - Setting next_dagrun for example_branch_datetime_operator_2 to 2022-08-11T00:00:00+00:00, run_after=2022-08-12T00:00:00+00:00
[2022-08-12 04:15:02,600] {processor.py:161} INFO - Processing /home/airflow/.local/lib/python3.7/site-packages/airflow/example_dags/example_branch_datetime_operator.py took 0.107 seconds
[2022-08-12 04:15:32,854] {processor.py:153} INFO - Started process (PID=1561) to work on /home/airflow/.local/lib/python3.7/site-packages/airflow/example_dags/example_branch_datetime_operator.py
[2022-08-12 04:15:32,856] {processor.py:641} INFO - Processing file /home/airflow/.local/lib/python3.7/site-packages/airflow/example_dags/example_branch_datetime_operator.py for tasks to queue
[2022-08-12 04:15:32,857] {logging_mixin.py:115} INFO - [2022-08-12 04:15:32,857] {dagbag.py:508} INFO - Filling up the DagBag from /home/airflow/.local/lib/python3.7/site-packages/airflow/example_dags/example_branch_datetime_operator.py
[2022-08-12 04:15:32,868] {processor.py:651} INFO - DAG(s) dict_keys(['example_branch_datetime_operator', 'example_branch_datetime_operator_2']) retrieved from /home/airflow/.local/lib/python3.7/site-packages/airflow/example_dags/example_branch_datetime_operator.py
[2022-08-12 04:15:32,914] {logging_mixin.py:115} INFO - [2022-08-12 04:15:32,914] {dag.py:2420} INFO - Sync 2 DAGs
[2022-08-12 04:15:32,955] {logging_mixin.py:115} INFO - [2022-08-12 04:15:32,955] {dag.py:2972} INFO - Setting next_dagrun for example_branch_datetime_operator to 2022-08-11T00:00:00+00:00, run_after=2022-08-12T00:00:00+00:00
[2022-08-12 04:15:32,958] {logging_mixin.py:115} INFO - [2022-08-12 04:15:32,958] {dag.py:2972} INFO - Setting next_dagrun for example_branch_datetime_operator_2 to 2022-08-11T00:00:00+00:00, run_after=2022-08-12T00:00:00+00:00
[2022-08-12 04:15:32,988] {processor.py:161} INFO - Processing /home/airflow/.local/lib/python3.7/site-packages/airflow/example_dags/example_branch_datetime_operator.py took 0.137 seconds
[2022-08-12 04:16:03,398] {processor.py:153} INFO - Started process (PID=1761) to work on /home/airflow/.local/lib/python3.7/site-packages/airflow/example_dags/example_branch_datetime_operator.py
[2022-08-12 04:16:03,399] {processor.py:641} INFO - Processing file /home/airflow/.local/lib/python3.7/site-packages/airflow/example_dags/example_branch_datetime_operator.py for tasks to queue
[2022-08-12 04:16:03,400] {logging_mixin.py:115} INFO - [2022-08-12 04:16:03,400] {dagbag.py:508} INFO - Filling up the DagBag from /home/airflow/.local/lib/python3.7/site-packages/airflow/example_dags/example_branch_datetime_operator.py
[2022-08-12 04:16:03,411] {processor.py:651} INFO - DAG(s) dict_keys(['example_branch_datetime_operator', 'example_branch_datetime_operator_2']) retrieved from /home/airflow/.local/lib/python3.7/site-packages/airflow/example_dags/example_branch_datetime_operator.py
[2022-08-12 04:16:03,442] {logging_mixin.py:115} INFO - [2022-08-12 04:16:03,442] {dag.py:2420} INFO - Sync 2 DAGs
[2022-08-12 04:16:03,475] {logging_mixin.py:115} INFO - [2022-08-12 04:16:03,475] {dag.py:2972} INFO - Setting next_dagrun for example_branch_datetime_operator to 2022-08-11T00:00:00+00:00, run_after=2022-08-12T00:00:00+00:00
[2022-08-12 04:16:03,478] {logging_mixin.py:115} INFO - [2022-08-12 04:16:03,478] {dag.py:2972} INFO - Setting next_dagrun for example_branch_datetime_operator_2 to 2022-08-11T00:00:00+00:00, run_after=2022-08-12T00:00:00+00:00
[2022-08-12 04:16:03,494] {processor.py:161} INFO - Processing /home/airflow/.local/lib/python3.7/site-packages/airflow/example_dags/example_branch_datetime_operator.py took 0.099 seconds
[2022-08-12 04:16:33,774] {processor.py:153} INFO - Started process (PID=1955) to work on /home/airflow/.local/lib/python3.7/site-packages/airflow/example_dags/example_branch_datetime_operator.py
[2022-08-12 04:16:33,775] {processor.py:641} INFO - Processing file /home/airflow/.local/lib/python3.7/site-packages/airflow/example_dags/example_branch_datetime_operator.py for tasks to queue
[2022-08-12 04:16:33,776] {logging_mixin.py:115} INFO - [2022-08-12 04:16:33,776] {dagbag.py:508} INFO - Filling up the DagBag from /home/airflow/.local/lib/python3.7/site-packages/airflow/example_dags/example_branch_datetime_operator.py
[2022-08-12 04:16:33,790] {processor.py:651} INFO - DAG(s) dict_keys(['example_branch_datetime_operator', 'example_branch_datetime_operator_2']) retrieved from /home/airflow/.local/lib/python3.7/site-packages/airflow/example_dags/example_branch_datetime_operator.py
[2022-08-12 04:16:33,822] {logging_mixin.py:115} INFO - [2022-08-12 04:16:33,822] {dag.py:2420} INFO - Sync 2 DAGs
[2022-08-12 04:16:33,851] {logging_mixin.py:115} INFO - [2022-08-12 04:16:33,851] {dag.py:2972} INFO - Setting next_dagrun for example_branch_datetime_operator to 2022-08-11T00:00:00+00:00, run_after=2022-08-12T00:00:00+00:00
[2022-08-12 04:16:33,854] {logging_mixin.py:115} INFO - [2022-08-12 04:16:33,854] {dag.py:2972} INFO - Setting next_dagrun for example_branch_datetime_operator_2 to 2022-08-11T00:00:00+00:00, run_after=2022-08-12T00:00:00+00:00
[2022-08-12 04:16:33,871] {processor.py:161} INFO - Processing /home/airflow/.local/lib/python3.7/site-packages/airflow/example_dags/example_branch_datetime_operator.py took 0.099 seconds
[2022-08-12 04:17:04,313] {processor.py:153} INFO - Started process (PID=2160) to work on /home/airflow/.local/lib/python3.7/site-packages/airflow/example_dags/example_branch_datetime_operator.py
[2022-08-12 04:17:04,314] {processor.py:641} INFO - Processing file /home/airflow/.local/lib/python3.7/site-packages/airflow/example_dags/example_branch_datetime_operator.py for tasks to queue
[2022-08-12 04:17:04,315] {logging_mixin.py:115} INFO - [2022-08-12 04:17:04,314] {dagbag.py:508} INFO - Filling up the DagBag from /home/airflow/.local/lib/python3.7/site-packages/airflow/example_dags/example_branch_datetime_operator.py
[2022-08-12 04:17:04,327] {processor.py:651} INFO - DAG(s) dict_keys(['example_branch_datetime_operator', 'example_branch_datetime_operator_2']) retrieved from /home/airflow/.local/lib/python3.7/site-packages/airflow/example_dags/example_branch_datetime_operator.py
[2022-08-12 04:17:04,357] {logging_mixin.py:115} INFO - [2022-08-12 04:17:04,357] {dag.py:2420} INFO - Sync 2 DAGs
[2022-08-12 04:17:04,385] {logging_mixin.py:115} INFO - [2022-08-12 04:17:04,385] {dag.py:2972} INFO - Setting next_dagrun for example_branch_datetime_operator to 2022-08-11T00:00:00+00:00, run_after=2022-08-12T00:00:00+00:00
[2022-08-12 04:17:04,388] {logging_mixin.py:115} INFO - [2022-08-12 04:17:04,388] {dag.py:2972} INFO - Setting next_dagrun for example_branch_datetime_operator_2 to 2022-08-11T00:00:00+00:00, run_after=2022-08-12T00:00:00+00:00
[2022-08-12 04:17:04,405] {processor.py:161} INFO - Processing /home/airflow/.local/lib/python3.7/site-packages/airflow/example_dags/example_branch_datetime_operator.py took 0.095 seconds
[2022-08-12 04:17:34,806] {processor.py:153} INFO - Started process (PID=2354) to work on /home/airflow/.local/lib/python3.7/site-packages/airflow/example_dags/example_branch_datetime_operator.py
[2022-08-12 04:17:34,807] {processor.py:641} INFO - Processing file /home/airflow/.local/lib/python3.7/site-packages/airflow/example_dags/example_branch_datetime_operator.py for tasks to queue
[2022-08-12 04:17:34,808] {logging_mixin.py:115} INFO - [2022-08-12 04:17:34,808] {dagbag.py:508} INFO - Filling up the DagBag from /home/airflow/.local/lib/python3.7/site-packages/airflow/example_dags/example_branch_datetime_operator.py
[2022-08-12 04:17:34,821] {processor.py:651} INFO - DAG(s) dict_keys(['example_branch_datetime_operator', 'example_branch_datetime_operator_2']) retrieved from /home/airflow/.local/lib/python3.7/site-packages/airflow/example_dags/example_branch_datetime_operator.py
[2022-08-12 04:17:34,862] {logging_mixin.py:115} INFO - [2022-08-12 04:17:34,862] {dag.py:2420} INFO - Sync 2 DAGs
[2022-08-12 04:17:34,898] {logging_mixin.py:115} INFO - [2022-08-12 04:17:34,897] {dag.py:2972} INFO - Setting next_dagrun for example_branch_datetime_operator to 2022-08-11T00:00:00+00:00, run_after=2022-08-12T00:00:00+00:00
[2022-08-12 04:17:34,900] {logging_mixin.py:115} INFO - [2022-08-12 04:17:34,900] {dag.py:2972} INFO - Setting next_dagrun for example_branch_datetime_operator_2 to 2022-08-11T00:00:00+00:00, run_after=2022-08-12T00:00:00+00:00
[2022-08-12 04:17:34,919] {processor.py:161} INFO - Processing /home/airflow/.local/lib/python3.7/site-packages/airflow/example_dags/example_branch_datetime_operator.py took 0.118 seconds
[2022-08-12 04:18:05,152] {processor.py:153} INFO - Started process (PID=2555) to work on /home/airflow/.local/lib/python3.7/site-packages/airflow/example_dags/example_branch_datetime_operator.py
[2022-08-12 04:18:05,152] {processor.py:641} INFO - Processing file /home/airflow/.local/lib/python3.7/site-packages/airflow/example_dags/example_branch_datetime_operator.py for tasks to queue
[2022-08-12 04:18:05,153] {logging_mixin.py:115} INFO - [2022-08-12 04:18:05,153] {dagbag.py:508} INFO - Filling up the DagBag from /home/airflow/.local/lib/python3.7/site-packages/airflow/example_dags/example_branch_datetime_operator.py
[2022-08-12 04:18:05,165] {processor.py:651} INFO - DAG(s) dict_keys(['example_branch_datetime_operator', 'example_branch_datetime_operator_2']) retrieved from /home/airflow/.local/lib/python3.7/site-packages/airflow/example_dags/example_branch_datetime_operator.py
[2022-08-12 04:18:05,199] {logging_mixin.py:115} INFO - [2022-08-12 04:18:05,199] {dag.py:2420} INFO - Sync 2 DAGs
[2022-08-12 04:18:05,230] {logging_mixin.py:115} INFO - [2022-08-12 04:18:05,230] {dag.py:2972} INFO - Setting next_dagrun for example_branch_datetime_operator to 2022-08-11T00:00:00+00:00, run_after=2022-08-12T00:00:00+00:00
[2022-08-12 04:18:05,233] {logging_mixin.py:115} INFO - [2022-08-12 04:18:05,233] {dag.py:2972} INFO - Setting next_dagrun for example_branch_datetime_operator_2 to 2022-08-11T00:00:00+00:00, run_after=2022-08-12T00:00:00+00:00
[2022-08-12 04:18:05,252] {processor.py:161} INFO - Processing /home/airflow/.local/lib/python3.7/site-packages/airflow/example_dags/example_branch_datetime_operator.py took 0.104 seconds
[2022-08-12 04:18:35,672] {processor.py:153} INFO - Started process (PID=2751) to work on /home/airflow/.local/lib/python3.7/site-packages/airflow/example_dags/example_branch_datetime_operator.py
[2022-08-12 04:18:35,673] {processor.py:641} INFO - Processing file /home/airflow/.local/lib/python3.7/site-packages/airflow/example_dags/example_branch_datetime_operator.py for tasks to queue
[2022-08-12 04:18:35,674] {logging_mixin.py:115} INFO - [2022-08-12 04:18:35,674] {dagbag.py:508} INFO - Filling up the DagBag from /home/airflow/.local/lib/python3.7/site-packages/airflow/example_dags/example_branch_datetime_operator.py
[2022-08-12 04:18:35,686] {processor.py:651} INFO - DAG(s) dict_keys(['example_branch_datetime_operator', 'example_branch_datetime_operator_2']) retrieved from /home/airflow/.local/lib/python3.7/site-packages/airflow/example_dags/example_branch_datetime_operator.py
[2022-08-12 04:18:35,721] {logging_mixin.py:115} INFO - [2022-08-12 04:18:35,721] {dag.py:2420} INFO - Sync 2 DAGs
[2022-08-12 04:18:35,756] {logging_mixin.py:115} INFO - [2022-08-12 04:18:35,756] {dag.py:2972} INFO - Setting next_dagrun for example_branch_datetime_operator to 2022-08-11T00:00:00+00:00, run_after=2022-08-12T00:00:00+00:00
[2022-08-12 04:18:35,759] {logging_mixin.py:115} INFO - [2022-08-12 04:18:35,759] {dag.py:2972} INFO - Setting next_dagrun for example_branch_datetime_operator_2 to 2022-08-11T00:00:00+00:00, run_after=2022-08-12T00:00:00+00:00
[2022-08-12 04:18:35,786] {processor.py:161} INFO - Processing /home/airflow/.local/lib/python3.7/site-packages/airflow/example_dags/example_branch_datetime_operator.py took 0.117 seconds
