[2022-08-12 03:55:39,547] {processor.py:153} INFO - Started process (PID=26161) to work on /home/airflow/.local/lib/python3.7/site-packages/airflow/example_dags/example_branch_labels.py
[2022-08-12 03:55:39,548] {processor.py:641} INFO - Processing file /home/airflow/.local/lib/python3.7/site-packages/airflow/example_dags/example_branch_labels.py for tasks to queue
[2022-08-12 03:55:39,550] {logging_mixin.py:115} INFO - [2022-08-12 03:55:39,550] {dagbag.py:508} INFO - Filling up the DagBag from /home/airflow/.local/lib/python3.7/site-packages/airflow/example_dags/example_branch_labels.py
[2022-08-12 03:55:39,572] {processor.py:651} INFO - DAG(s) dict_keys(['example_branch_labels']) retrieved from /home/airflow/.local/lib/python3.7/site-packages/airflow/example_dags/example_branch_labels.py
[2022-08-12 03:55:39,612] {logging_mixin.py:115} INFO - [2022-08-12 03:55:39,612] {dag.py:2420} INFO - Sync 1 DAGs
[2022-08-12 03:55:39,647] {logging_mixin.py:115} INFO - [2022-08-12 03:55:39,647] {dag.py:2972} INFO - Setting next_dagrun for example_branch_labels to 2022-08-11T00:00:00+00:00, run_after=2022-08-12T00:00:00+00:00
[2022-08-12 03:55:39,663] {processor.py:161} INFO - Processing /home/airflow/.local/lib/python3.7/site-packages/airflow/example_dags/example_branch_labels.py took 0.123 seconds
[2022-08-12 03:56:10,535] {processor.py:153} INFO - Started process (PID=26382) to work on /home/airflow/.local/lib/python3.7/site-packages/airflow/example_dags/example_branch_labels.py
[2022-08-12 03:56:10,537] {processor.py:641} INFO - Processing file /home/airflow/.local/lib/python3.7/site-packages/airflow/example_dags/example_branch_labels.py for tasks to queue
[2022-08-12 03:56:10,538] {logging_mixin.py:115} INFO - [2022-08-12 03:56:10,538] {dagbag.py:508} INFO - Filling up the DagBag from /home/airflow/.local/lib/python3.7/site-packages/airflow/example_dags/example_branch_labels.py
[2022-08-12 03:56:10,551] {processor.py:651} INFO - DAG(s) dict_keys(['example_branch_labels']) retrieved from /home/airflow/.local/lib/python3.7/site-packages/airflow/example_dags/example_branch_labels.py
[2022-08-12 03:56:10,585] {logging_mixin.py:115} INFO - [2022-08-12 03:56:10,585] {dag.py:2420} INFO - Sync 1 DAGs
[2022-08-12 03:56:10,620] {logging_mixin.py:115} INFO - [2022-08-12 03:56:10,620] {dag.py:2972} INFO - Setting next_dagrun for example_branch_labels to 2022-08-11T00:00:00+00:00, run_after=2022-08-12T00:00:00+00:00
[2022-08-12 03:56:10,641] {processor.py:161} INFO - Processing /home/airflow/.local/lib/python3.7/site-packages/airflow/example_dags/example_branch_labels.py took 0.110 seconds
[2022-08-12 03:56:40,966] {processor.py:153} INFO - Started process (PID=26576) to work on /home/airflow/.local/lib/python3.7/site-packages/airflow/example_dags/example_branch_labels.py
[2022-08-12 03:56:40,967] {processor.py:641} INFO - Processing file /home/airflow/.local/lib/python3.7/site-packages/airflow/example_dags/example_branch_labels.py for tasks to queue
[2022-08-12 03:56:40,967] {logging_mixin.py:115} INFO - [2022-08-12 03:56:40,967] {dagbag.py:508} INFO - Filling up the DagBag from /home/airflow/.local/lib/python3.7/site-packages/airflow/example_dags/example_branch_labels.py
[2022-08-12 03:56:40,976] {processor.py:651} INFO - DAG(s) dict_keys(['example_branch_labels']) retrieved from /home/airflow/.local/lib/python3.7/site-packages/airflow/example_dags/example_branch_labels.py
[2022-08-12 03:56:41,008] {logging_mixin.py:115} INFO - [2022-08-12 03:56:41,008] {dag.py:2420} INFO - Sync 1 DAGs
[2022-08-12 03:56:41,051] {logging_mixin.py:115} INFO - [2022-08-12 03:56:41,051] {dag.py:2972} INFO - Setting next_dagrun for example_branch_labels to 2022-08-11T00:00:00+00:00, run_after=2022-08-12T00:00:00+00:00
[2022-08-12 03:56:41,075] {processor.py:161} INFO - Processing /home/airflow/.local/lib/python3.7/site-packages/airflow/example_dags/example_branch_labels.py took 0.113 seconds
[2022-08-12 03:57:11,282] {processor.py:153} INFO - Started process (PID=26779) to work on /home/airflow/.local/lib/python3.7/site-packages/airflow/example_dags/example_branch_labels.py
[2022-08-12 03:57:11,283] {processor.py:641} INFO - Processing file /home/airflow/.local/lib/python3.7/site-packages/airflow/example_dags/example_branch_labels.py for tasks to queue
[2022-08-12 03:57:11,284] {logging_mixin.py:115} INFO - [2022-08-12 03:57:11,284] {dagbag.py:508} INFO - Filling up the DagBag from /home/airflow/.local/lib/python3.7/site-packages/airflow/example_dags/example_branch_labels.py
[2022-08-12 03:57:11,293] {processor.py:651} INFO - DAG(s) dict_keys(['example_branch_labels']) retrieved from /home/airflow/.local/lib/python3.7/site-packages/airflow/example_dags/example_branch_labels.py
[2022-08-12 03:57:11,320] {logging_mixin.py:115} INFO - [2022-08-12 03:57:11,320] {dag.py:2420} INFO - Sync 1 DAGs
[2022-08-12 03:57:11,350] {logging_mixin.py:115} INFO - [2022-08-12 03:57:11,350] {dag.py:2972} INFO - Setting next_dagrun for example_branch_labels to 2022-08-11T00:00:00+00:00, run_after=2022-08-12T00:00:00+00:00
[2022-08-12 03:57:11,363] {processor.py:161} INFO - Processing /home/airflow/.local/lib/python3.7/site-packages/airflow/example_dags/example_branch_labels.py took 0.083 seconds
[2022-08-12 03:57:42,322] {processor.py:153} INFO - Started process (PID=26984) to work on /home/airflow/.local/lib/python3.7/site-packages/airflow/example_dags/example_branch_labels.py
[2022-08-12 03:57:42,323] {processor.py:641} INFO - Processing file /home/airflow/.local/lib/python3.7/site-packages/airflow/example_dags/example_branch_labels.py for tasks to queue
[2022-08-12 03:57:42,323] {logging_mixin.py:115} INFO - [2022-08-12 03:57:42,323] {dagbag.py:508} INFO - Filling up the DagBag from /home/airflow/.local/lib/python3.7/site-packages/airflow/example_dags/example_branch_labels.py
[2022-08-12 03:57:42,333] {processor.py:651} INFO - DAG(s) dict_keys(['example_branch_labels']) retrieved from /home/airflow/.local/lib/python3.7/site-packages/airflow/example_dags/example_branch_labels.py
[2022-08-12 03:57:42,365] {logging_mixin.py:115} INFO - [2022-08-12 03:57:42,365] {dag.py:2420} INFO - Sync 1 DAGs
[2022-08-12 03:57:42,407] {logging_mixin.py:115} INFO - [2022-08-12 03:57:42,407] {dag.py:2972} INFO - Setting next_dagrun for example_branch_labels to 2022-08-11T00:00:00+00:00, run_after=2022-08-12T00:00:00+00:00
[2022-08-12 03:57:42,425] {processor.py:161} INFO - Processing /home/airflow/.local/lib/python3.7/site-packages/airflow/example_dags/example_branch_labels.py took 0.107 seconds
[2022-08-12 03:58:13,248] {processor.py:153} INFO - Started process (PID=27178) to work on /home/airflow/.local/lib/python3.7/site-packages/airflow/example_dags/example_branch_labels.py
[2022-08-12 03:58:13,249] {processor.py:641} INFO - Processing file /home/airflow/.local/lib/python3.7/site-packages/airflow/example_dags/example_branch_labels.py for tasks to queue
[2022-08-12 03:58:13,250] {logging_mixin.py:115} INFO - [2022-08-12 03:58:13,249] {dagbag.py:508} INFO - Filling up the DagBag from /home/airflow/.local/lib/python3.7/site-packages/airflow/example_dags/example_branch_labels.py
[2022-08-12 03:58:13,258] {processor.py:651} INFO - DAG(s) dict_keys(['example_branch_labels']) retrieved from /home/airflow/.local/lib/python3.7/site-packages/airflow/example_dags/example_branch_labels.py
[2022-08-12 03:58:13,288] {logging_mixin.py:115} INFO - [2022-08-12 03:58:13,288] {dag.py:2420} INFO - Sync 1 DAGs
[2022-08-12 03:58:13,320] {logging_mixin.py:115} INFO - [2022-08-12 03:58:13,320] {dag.py:2972} INFO - Setting next_dagrun for example_branch_labels to 2022-08-11T00:00:00+00:00, run_after=2022-08-12T00:00:00+00:00
[2022-08-12 03:58:13,335] {processor.py:161} INFO - Processing /home/airflow/.local/lib/python3.7/site-packages/airflow/example_dags/example_branch_labels.py took 0.090 seconds
[2022-08-12 03:58:44,161] {processor.py:153} INFO - Started process (PID=27380) to work on /home/airflow/.local/lib/python3.7/site-packages/airflow/example_dags/example_branch_labels.py
[2022-08-12 03:58:44,161] {processor.py:641} INFO - Processing file /home/airflow/.local/lib/python3.7/site-packages/airflow/example_dags/example_branch_labels.py for tasks to queue
[2022-08-12 03:58:44,164] {logging_mixin.py:115} INFO - [2022-08-12 03:58:44,164] {dagbag.py:508} INFO - Filling up the DagBag from /home/airflow/.local/lib/python3.7/site-packages/airflow/example_dags/example_branch_labels.py
[2022-08-12 03:58:44,173] {processor.py:651} INFO - DAG(s) dict_keys(['example_branch_labels']) retrieved from /home/airflow/.local/lib/python3.7/site-packages/airflow/example_dags/example_branch_labels.py
[2022-08-12 03:58:44,198] {logging_mixin.py:115} INFO - [2022-08-12 03:58:44,198] {dag.py:2420} INFO - Sync 1 DAGs
[2022-08-12 03:58:44,221] {logging_mixin.py:115} INFO - [2022-08-12 03:58:44,221] {dag.py:2972} INFO - Setting next_dagrun for example_branch_labels to 2022-08-11T00:00:00+00:00, run_after=2022-08-12T00:00:00+00:00
[2022-08-12 03:58:44,232] {processor.py:161} INFO - Processing /home/airflow/.local/lib/python3.7/site-packages/airflow/example_dags/example_branch_labels.py took 0.074 seconds
[2022-08-12 03:59:14,526] {processor.py:153} INFO - Started process (PID=27575) to work on /home/airflow/.local/lib/python3.7/site-packages/airflow/example_dags/example_branch_labels.py
[2022-08-12 03:59:14,527] {processor.py:641} INFO - Processing file /home/airflow/.local/lib/python3.7/site-packages/airflow/example_dags/example_branch_labels.py for tasks to queue
[2022-08-12 03:59:14,527] {logging_mixin.py:115} INFO - [2022-08-12 03:59:14,527] {dagbag.py:508} INFO - Filling up the DagBag from /home/airflow/.local/lib/python3.7/site-packages/airflow/example_dags/example_branch_labels.py
[2022-08-12 03:59:14,535] {processor.py:651} INFO - DAG(s) dict_keys(['example_branch_labels']) retrieved from /home/airflow/.local/lib/python3.7/site-packages/airflow/example_dags/example_branch_labels.py
[2022-08-12 03:59:14,558] {logging_mixin.py:115} INFO - [2022-08-12 03:59:14,558] {dag.py:2420} INFO - Sync 1 DAGs
[2022-08-12 03:59:14,580] {logging_mixin.py:115} INFO - [2022-08-12 03:59:14,580] {dag.py:2972} INFO - Setting next_dagrun for example_branch_labels to 2022-08-11T00:00:00+00:00, run_after=2022-08-12T00:00:00+00:00
[2022-08-12 03:59:14,593] {processor.py:161} INFO - Processing /home/airflow/.local/lib/python3.7/site-packages/airflow/example_dags/example_branch_labels.py took 0.069 seconds
[2022-08-12 03:59:44,935] {processor.py:153} INFO - Started process (PID=27778) to work on /home/airflow/.local/lib/python3.7/site-packages/airflow/example_dags/example_branch_labels.py
[2022-08-12 03:59:44,936] {processor.py:641} INFO - Processing file /home/airflow/.local/lib/python3.7/site-packages/airflow/example_dags/example_branch_labels.py for tasks to queue
[2022-08-12 03:59:44,937] {logging_mixin.py:115} INFO - [2022-08-12 03:59:44,937] {dagbag.py:508} INFO - Filling up the DagBag from /home/airflow/.local/lib/python3.7/site-packages/airflow/example_dags/example_branch_labels.py
[2022-08-12 03:59:44,944] {processor.py:651} INFO - DAG(s) dict_keys(['example_branch_labels']) retrieved from /home/airflow/.local/lib/python3.7/site-packages/airflow/example_dags/example_branch_labels.py
[2022-08-12 03:59:44,970] {logging_mixin.py:115} INFO - [2022-08-12 03:59:44,970] {dag.py:2420} INFO - Sync 1 DAGs
[2022-08-12 03:59:45,000] {logging_mixin.py:115} INFO - [2022-08-12 03:59:45,000] {dag.py:2972} INFO - Setting next_dagrun for example_branch_labels to 2022-08-11T00:00:00+00:00, run_after=2022-08-12T00:00:00+00:00
[2022-08-12 03:59:45,012] {processor.py:161} INFO - Processing /home/airflow/.local/lib/python3.7/site-packages/airflow/example_dags/example_branch_labels.py took 0.079 seconds
[2022-08-12 04:00:15,262] {processor.py:153} INFO - Started process (PID=27970) to work on /home/airflow/.local/lib/python3.7/site-packages/airflow/example_dags/example_branch_labels.py
[2022-08-12 04:00:15,262] {processor.py:641} INFO - Processing file /home/airflow/.local/lib/python3.7/site-packages/airflow/example_dags/example_branch_labels.py for tasks to queue
[2022-08-12 04:00:15,263] {logging_mixin.py:115} INFO - [2022-08-12 04:00:15,263] {dagbag.py:508} INFO - Filling up the DagBag from /home/airflow/.local/lib/python3.7/site-packages/airflow/example_dags/example_branch_labels.py
[2022-08-12 04:00:15,270] {processor.py:651} INFO - DAG(s) dict_keys(['example_branch_labels']) retrieved from /home/airflow/.local/lib/python3.7/site-packages/airflow/example_dags/example_branch_labels.py
[2022-08-12 04:00:15,293] {logging_mixin.py:115} INFO - [2022-08-12 04:00:15,293] {dag.py:2420} INFO - Sync 1 DAGs
[2022-08-12 04:00:15,324] {logging_mixin.py:115} INFO - [2022-08-12 04:00:15,324] {dag.py:2972} INFO - Setting next_dagrun for example_branch_labels to 2022-08-11T00:00:00+00:00, run_after=2022-08-12T00:00:00+00:00
[2022-08-12 04:00:15,340] {processor.py:161} INFO - Processing /home/airflow/.local/lib/python3.7/site-packages/airflow/example_dags/example_branch_labels.py took 0.080 seconds
[2022-08-12 04:00:46,301] {processor.py:153} INFO - Started process (PID=28173) to work on /home/airflow/.local/lib/python3.7/site-packages/airflow/example_dags/example_branch_labels.py
[2022-08-12 04:00:46,302] {processor.py:641} INFO - Processing file /home/airflow/.local/lib/python3.7/site-packages/airflow/example_dags/example_branch_labels.py for tasks to queue
[2022-08-12 04:00:46,303] {logging_mixin.py:115} INFO - [2022-08-12 04:00:46,303] {dagbag.py:508} INFO - Filling up the DagBag from /home/airflow/.local/lib/python3.7/site-packages/airflow/example_dags/example_branch_labels.py
[2022-08-12 04:00:46,310] {processor.py:651} INFO - DAG(s) dict_keys(['example_branch_labels']) retrieved from /home/airflow/.local/lib/python3.7/site-packages/airflow/example_dags/example_branch_labels.py
[2022-08-12 04:00:46,341] {logging_mixin.py:115} INFO - [2022-08-12 04:00:46,341] {dag.py:2420} INFO - Sync 1 DAGs
[2022-08-12 04:00:46,372] {logging_mixin.py:115} INFO - [2022-08-12 04:00:46,371] {dag.py:2972} INFO - Setting next_dagrun for example_branch_labels to 2022-08-11T00:00:00+00:00, run_after=2022-08-12T00:00:00+00:00
[2022-08-12 04:00:46,386] {processor.py:161} INFO - Processing /home/airflow/.local/lib/python3.7/site-packages/airflow/example_dags/example_branch_labels.py took 0.088 seconds
[2022-08-12 04:01:17,249] {processor.py:153} INFO - Started process (PID=28378) to work on /home/airflow/.local/lib/python3.7/site-packages/airflow/example_dags/example_branch_labels.py
[2022-08-12 04:01:17,250] {processor.py:641} INFO - Processing file /home/airflow/.local/lib/python3.7/site-packages/airflow/example_dags/example_branch_labels.py for tasks to queue
[2022-08-12 04:01:17,251] {logging_mixin.py:115} INFO - [2022-08-12 04:01:17,251] {dagbag.py:508} INFO - Filling up the DagBag from /home/airflow/.local/lib/python3.7/site-packages/airflow/example_dags/example_branch_labels.py
[2022-08-12 04:01:17,257] {processor.py:651} INFO - DAG(s) dict_keys(['example_branch_labels']) retrieved from /home/airflow/.local/lib/python3.7/site-packages/airflow/example_dags/example_branch_labels.py
[2022-08-12 04:01:17,284] {logging_mixin.py:115} INFO - [2022-08-12 04:01:17,284] {dag.py:2420} INFO - Sync 1 DAGs
[2022-08-12 04:01:17,311] {logging_mixin.py:115} INFO - [2022-08-12 04:01:17,311] {dag.py:2972} INFO - Setting next_dagrun for example_branch_labels to 2022-08-11T00:00:00+00:00, run_after=2022-08-12T00:00:00+00:00
[2022-08-12 04:01:17,323] {processor.py:161} INFO - Processing /home/airflow/.local/lib/python3.7/site-packages/airflow/example_dags/example_branch_labels.py took 0.076 seconds
[2022-08-12 04:01:47,617] {processor.py:153} INFO - Started process (PID=28571) to work on /home/airflow/.local/lib/python3.7/site-packages/airflow/example_dags/example_branch_labels.py
[2022-08-12 04:01:47,618] {processor.py:641} INFO - Processing file /home/airflow/.local/lib/python3.7/site-packages/airflow/example_dags/example_branch_labels.py for tasks to queue
[2022-08-12 04:01:47,619] {logging_mixin.py:115} INFO - [2022-08-12 04:01:47,619] {dagbag.py:508} INFO - Filling up the DagBag from /home/airflow/.local/lib/python3.7/site-packages/airflow/example_dags/example_branch_labels.py
[2022-08-12 04:01:47,628] {processor.py:651} INFO - DAG(s) dict_keys(['example_branch_labels']) retrieved from /home/airflow/.local/lib/python3.7/site-packages/airflow/example_dags/example_branch_labels.py
[2022-08-12 04:01:47,652] {logging_mixin.py:115} INFO - [2022-08-12 04:01:47,652] {dag.py:2420} INFO - Sync 1 DAGs
[2022-08-12 04:01:47,675] {logging_mixin.py:115} INFO - [2022-08-12 04:01:47,675] {dag.py:2972} INFO - Setting next_dagrun for example_branch_labels to 2022-08-11T00:00:00+00:00, run_after=2022-08-12T00:00:00+00:00
[2022-08-12 04:01:47,687] {processor.py:161} INFO - Processing /home/airflow/.local/lib/python3.7/site-packages/airflow/example_dags/example_branch_labels.py took 0.073 seconds
[2022-08-12 04:02:18,160] {processor.py:153} INFO - Started process (PID=28774) to work on /home/airflow/.local/lib/python3.7/site-packages/airflow/example_dags/example_branch_labels.py
[2022-08-12 04:02:18,161] {processor.py:641} INFO - Processing file /home/airflow/.local/lib/python3.7/site-packages/airflow/example_dags/example_branch_labels.py for tasks to queue
[2022-08-12 04:02:18,162] {logging_mixin.py:115} INFO - [2022-08-12 04:02:18,162] {dagbag.py:508} INFO - Filling up the DagBag from /home/airflow/.local/lib/python3.7/site-packages/airflow/example_dags/example_branch_labels.py
[2022-08-12 04:02:18,171] {processor.py:651} INFO - DAG(s) dict_keys(['example_branch_labels']) retrieved from /home/airflow/.local/lib/python3.7/site-packages/airflow/example_dags/example_branch_labels.py
[2022-08-12 04:02:18,208] {logging_mixin.py:115} INFO - [2022-08-12 04:02:18,208] {dag.py:2420} INFO - Sync 1 DAGs
[2022-08-12 04:02:18,243] {logging_mixin.py:115} INFO - [2022-08-12 04:02:18,243] {dag.py:2972} INFO - Setting next_dagrun for example_branch_labels to 2022-08-11T00:00:00+00:00, run_after=2022-08-12T00:00:00+00:00
[2022-08-12 04:02:18,259] {processor.py:161} INFO - Processing /home/airflow/.local/lib/python3.7/site-packages/airflow/example_dags/example_branch_labels.py took 0.103 seconds
[2022-08-12 04:02:48,341] {processor.py:153} INFO - Started process (PID=28968) to work on /home/airflow/.local/lib/python3.7/site-packages/airflow/example_dags/example_branch_labels.py
[2022-08-12 04:02:48,342] {processor.py:641} INFO - Processing file /home/airflow/.local/lib/python3.7/site-packages/airflow/example_dags/example_branch_labels.py for tasks to queue
[2022-08-12 04:02:48,342] {logging_mixin.py:115} INFO - [2022-08-12 04:02:48,342] {dagbag.py:508} INFO - Filling up the DagBag from /home/airflow/.local/lib/python3.7/site-packages/airflow/example_dags/example_branch_labels.py
[2022-08-12 04:02:48,350] {processor.py:651} INFO - DAG(s) dict_keys(['example_branch_labels']) retrieved from /home/airflow/.local/lib/python3.7/site-packages/airflow/example_dags/example_branch_labels.py
[2022-08-12 04:02:48,386] {logging_mixin.py:115} INFO - [2022-08-12 04:02:48,385] {dag.py:2420} INFO - Sync 1 DAGs
[2022-08-12 04:02:48,414] {logging_mixin.py:115} INFO - [2022-08-12 04:02:48,414] {dag.py:2972} INFO - Setting next_dagrun for example_branch_labels to 2022-08-11T00:00:00+00:00, run_after=2022-08-12T00:00:00+00:00
[2022-08-12 04:02:48,441] {processor.py:161} INFO - Processing /home/airflow/.local/lib/python3.7/site-packages/airflow/example_dags/example_branch_labels.py took 0.103 seconds
[2022-08-12 04:03:18,731] {processor.py:153} INFO - Started process (PID=29173) to work on /home/airflow/.local/lib/python3.7/site-packages/airflow/example_dags/example_branch_labels.py
[2022-08-12 04:03:18,732] {processor.py:641} INFO - Processing file /home/airflow/.local/lib/python3.7/site-packages/airflow/example_dags/example_branch_labels.py for tasks to queue
[2022-08-12 04:03:18,732] {logging_mixin.py:115} INFO - [2022-08-12 04:03:18,732] {dagbag.py:508} INFO - Filling up the DagBag from /home/airflow/.local/lib/python3.7/site-packages/airflow/example_dags/example_branch_labels.py
[2022-08-12 04:03:18,740] {processor.py:651} INFO - DAG(s) dict_keys(['example_branch_labels']) retrieved from /home/airflow/.local/lib/python3.7/site-packages/airflow/example_dags/example_branch_labels.py
[2022-08-12 04:03:18,773] {logging_mixin.py:115} INFO - [2022-08-12 04:03:18,773] {dag.py:2420} INFO - Sync 1 DAGs
[2022-08-12 04:03:18,801] {logging_mixin.py:115} INFO - [2022-08-12 04:03:18,801] {dag.py:2972} INFO - Setting next_dagrun for example_branch_labels to 2022-08-11T00:00:00+00:00, run_after=2022-08-12T00:00:00+00:00
[2022-08-12 04:03:18,817] {processor.py:161} INFO - Processing /home/airflow/.local/lib/python3.7/site-packages/airflow/example_dags/example_branch_labels.py took 0.089 seconds
[2022-08-12 04:03:49,085] {processor.py:153} INFO - Started process (PID=29367) to work on /home/airflow/.local/lib/python3.7/site-packages/airflow/example_dags/example_branch_labels.py
[2022-08-12 04:03:49,086] {processor.py:641} INFO - Processing file /home/airflow/.local/lib/python3.7/site-packages/airflow/example_dags/example_branch_labels.py for tasks to queue
[2022-08-12 04:03:49,086] {logging_mixin.py:115} INFO - [2022-08-12 04:03:49,086] {dagbag.py:508} INFO - Filling up the DagBag from /home/airflow/.local/lib/python3.7/site-packages/airflow/example_dags/example_branch_labels.py
[2022-08-12 04:03:49,094] {processor.py:651} INFO - DAG(s) dict_keys(['example_branch_labels']) retrieved from /home/airflow/.local/lib/python3.7/site-packages/airflow/example_dags/example_branch_labels.py
[2022-08-12 04:03:49,128] {logging_mixin.py:115} INFO - [2022-08-12 04:03:49,127] {dag.py:2420} INFO - Sync 1 DAGs
[2022-08-12 04:03:49,158] {logging_mixin.py:115} INFO - [2022-08-12 04:03:49,158] {dag.py:2972} INFO - Setting next_dagrun for example_branch_labels to 2022-08-11T00:00:00+00:00, run_after=2022-08-12T00:00:00+00:00
[2022-08-12 04:03:49,182] {processor.py:161} INFO - Processing /home/airflow/.local/lib/python3.7/site-packages/airflow/example_dags/example_branch_labels.py took 0.100 seconds
[2022-08-12 04:04:19,676] {processor.py:153} INFO - Started process (PID=29570) to work on /home/airflow/.local/lib/python3.7/site-packages/airflow/example_dags/example_branch_labels.py
[2022-08-12 04:04:19,677] {processor.py:641} INFO - Processing file /home/airflow/.local/lib/python3.7/site-packages/airflow/example_dags/example_branch_labels.py for tasks to queue
[2022-08-12 04:04:19,678] {logging_mixin.py:115} INFO - [2022-08-12 04:04:19,678] {dagbag.py:508} INFO - Filling up the DagBag from /home/airflow/.local/lib/python3.7/site-packages/airflow/example_dags/example_branch_labels.py
[2022-08-12 04:04:19,686] {processor.py:651} INFO - DAG(s) dict_keys(['example_branch_labels']) retrieved from /home/airflow/.local/lib/python3.7/site-packages/airflow/example_dags/example_branch_labels.py
[2022-08-12 04:04:19,717] {logging_mixin.py:115} INFO - [2022-08-12 04:04:19,717] {dag.py:2420} INFO - Sync 1 DAGs
[2022-08-12 04:04:19,748] {logging_mixin.py:115} INFO - [2022-08-12 04:04:19,748] {dag.py:2972} INFO - Setting next_dagrun for example_branch_labels to 2022-08-11T00:00:00+00:00, run_after=2022-08-12T00:00:00+00:00
[2022-08-12 04:04:19,765] {processor.py:161} INFO - Processing /home/airflow/.local/lib/python3.7/site-packages/airflow/example_dags/example_branch_labels.py took 0.091 seconds
[2022-08-12 04:04:50,721] {processor.py:153} INFO - Started process (PID=29764) to work on /home/airflow/.local/lib/python3.7/site-packages/airflow/example_dags/example_branch_labels.py
[2022-08-12 04:04:50,722] {processor.py:641} INFO - Processing file /home/airflow/.local/lib/python3.7/site-packages/airflow/example_dags/example_branch_labels.py for tasks to queue
[2022-08-12 04:04:50,723] {logging_mixin.py:115} INFO - [2022-08-12 04:04:50,723] {dagbag.py:508} INFO - Filling up the DagBag from /home/airflow/.local/lib/python3.7/site-packages/airflow/example_dags/example_branch_labels.py
[2022-08-12 04:04:50,732] {processor.py:651} INFO - DAG(s) dict_keys(['example_branch_labels']) retrieved from /home/airflow/.local/lib/python3.7/site-packages/airflow/example_dags/example_branch_labels.py
[2022-08-12 04:04:50,766] {logging_mixin.py:115} INFO - [2022-08-12 04:04:50,766] {dag.py:2420} INFO - Sync 1 DAGs
[2022-08-12 04:04:50,798] {logging_mixin.py:115} INFO - [2022-08-12 04:04:50,798] {dag.py:2972} INFO - Setting next_dagrun for example_branch_labels to 2022-08-11T00:00:00+00:00, run_after=2022-08-12T00:00:00+00:00
[2022-08-12 04:04:50,815] {processor.py:161} INFO - Processing /home/airflow/.local/lib/python3.7/site-packages/airflow/example_dags/example_branch_labels.py took 0.097 seconds
[2022-08-12 04:05:21,844] {processor.py:153} INFO - Started process (PID=29965) to work on /home/airflow/.local/lib/python3.7/site-packages/airflow/example_dags/example_branch_labels.py
[2022-08-12 04:05:21,845] {processor.py:641} INFO - Processing file /home/airflow/.local/lib/python3.7/site-packages/airflow/example_dags/example_branch_labels.py for tasks to queue
[2022-08-12 04:05:21,846] {logging_mixin.py:115} INFO - [2022-08-12 04:05:21,846] {dagbag.py:508} INFO - Filling up the DagBag from /home/airflow/.local/lib/python3.7/site-packages/airflow/example_dags/example_branch_labels.py
[2022-08-12 04:05:21,853] {processor.py:651} INFO - DAG(s) dict_keys(['example_branch_labels']) retrieved from /home/airflow/.local/lib/python3.7/site-packages/airflow/example_dags/example_branch_labels.py
[2022-08-12 04:05:21,891] {logging_mixin.py:115} INFO - [2022-08-12 04:05:21,890] {dag.py:2420} INFO - Sync 1 DAGs
[2022-08-12 04:05:21,924] {logging_mixin.py:115} INFO - [2022-08-12 04:05:21,924] {dag.py:2972} INFO - Setting next_dagrun for example_branch_labels to 2022-08-11T00:00:00+00:00, run_after=2022-08-12T00:00:00+00:00
[2022-08-12 04:05:21,943] {processor.py:161} INFO - Processing /home/airflow/.local/lib/python3.7/site-packages/airflow/example_dags/example_branch_labels.py took 0.102 seconds
[2022-08-12 04:05:51,983] {processor.py:153} INFO - Started process (PID=30159) to work on /home/airflow/.local/lib/python3.7/site-packages/airflow/example_dags/example_branch_labels.py
[2022-08-12 04:05:51,984] {processor.py:641} INFO - Processing file /home/airflow/.local/lib/python3.7/site-packages/airflow/example_dags/example_branch_labels.py for tasks to queue
[2022-08-12 04:05:51,985] {logging_mixin.py:115} INFO - [2022-08-12 04:05:51,984] {dagbag.py:508} INFO - Filling up the DagBag from /home/airflow/.local/lib/python3.7/site-packages/airflow/example_dags/example_branch_labels.py
[2022-08-12 04:05:51,992] {processor.py:651} INFO - DAG(s) dict_keys(['example_branch_labels']) retrieved from /home/airflow/.local/lib/python3.7/site-packages/airflow/example_dags/example_branch_labels.py
[2022-08-12 04:05:52,017] {logging_mixin.py:115} INFO - [2022-08-12 04:05:52,017] {dag.py:2420} INFO - Sync 1 DAGs
[2022-08-12 04:05:52,041] {logging_mixin.py:115} INFO - [2022-08-12 04:05:52,041] {dag.py:2972} INFO - Setting next_dagrun for example_branch_labels to 2022-08-11T00:00:00+00:00, run_after=2022-08-12T00:00:00+00:00
[2022-08-12 04:05:52,053] {processor.py:161} INFO - Processing /home/airflow/.local/lib/python3.7/site-packages/airflow/example_dags/example_branch_labels.py took 0.072 seconds
[2022-08-12 04:06:22,411] {processor.py:153} INFO - Started process (PID=30362) to work on /home/airflow/.local/lib/python3.7/site-packages/airflow/example_dags/example_branch_labels.py
[2022-08-12 04:06:22,412] {processor.py:641} INFO - Processing file /home/airflow/.local/lib/python3.7/site-packages/airflow/example_dags/example_branch_labels.py for tasks to queue
[2022-08-12 04:06:22,413] {logging_mixin.py:115} INFO - [2022-08-12 04:06:22,413] {dagbag.py:508} INFO - Filling up the DagBag from /home/airflow/.local/lib/python3.7/site-packages/airflow/example_dags/example_branch_labels.py
[2022-08-12 04:06:22,424] {processor.py:651} INFO - DAG(s) dict_keys(['example_branch_labels']) retrieved from /home/airflow/.local/lib/python3.7/site-packages/airflow/example_dags/example_branch_labels.py
[2022-08-12 04:06:22,456] {logging_mixin.py:115} INFO - [2022-08-12 04:06:22,456] {dag.py:2420} INFO - Sync 1 DAGs
[2022-08-12 04:06:22,491] {logging_mixin.py:115} INFO - [2022-08-12 04:06:22,491] {dag.py:2972} INFO - Setting next_dagrun for example_branch_labels to 2022-08-11T00:00:00+00:00, run_after=2022-08-12T00:00:00+00:00
[2022-08-12 04:06:22,506] {processor.py:161} INFO - Processing /home/airflow/.local/lib/python3.7/site-packages/airflow/example_dags/example_branch_labels.py took 0.099 seconds
[2022-08-12 04:06:52,836] {processor.py:153} INFO - Started process (PID=30567) to work on /home/airflow/.local/lib/python3.7/site-packages/airflow/example_dags/example_branch_labels.py
[2022-08-12 04:06:52,837] {processor.py:641} INFO - Processing file /home/airflow/.local/lib/python3.7/site-packages/airflow/example_dags/example_branch_labels.py for tasks to queue
[2022-08-12 04:06:52,838] {logging_mixin.py:115} INFO - [2022-08-12 04:06:52,838] {dagbag.py:508} INFO - Filling up the DagBag from /home/airflow/.local/lib/python3.7/site-packages/airflow/example_dags/example_branch_labels.py
[2022-08-12 04:06:52,850] {processor.py:651} INFO - DAG(s) dict_keys(['example_branch_labels']) retrieved from /home/airflow/.local/lib/python3.7/site-packages/airflow/example_dags/example_branch_labels.py
[2022-08-12 04:06:52,889] {logging_mixin.py:115} INFO - [2022-08-12 04:06:52,889] {dag.py:2420} INFO - Sync 1 DAGs
[2022-08-12 04:06:52,939] {logging_mixin.py:115} INFO - [2022-08-12 04:06:52,938] {dag.py:2972} INFO - Setting next_dagrun for example_branch_labels to 2022-08-11T00:00:00+00:00, run_after=2022-08-12T00:00:00+00:00
[2022-08-12 04:06:52,965] {processor.py:161} INFO - Processing /home/airflow/.local/lib/python3.7/site-packages/airflow/example_dags/example_branch_labels.py took 0.134 seconds
[2022-08-12 04:07:23,150] {processor.py:153} INFO - Started process (PID=30761) to work on /home/airflow/.local/lib/python3.7/site-packages/airflow/example_dags/example_branch_labels.py
[2022-08-12 04:07:23,150] {processor.py:641} INFO - Processing file /home/airflow/.local/lib/python3.7/site-packages/airflow/example_dags/example_branch_labels.py for tasks to queue
[2022-08-12 04:07:23,151] {logging_mixin.py:115} INFO - [2022-08-12 04:07:23,151] {dagbag.py:508} INFO - Filling up the DagBag from /home/airflow/.local/lib/python3.7/site-packages/airflow/example_dags/example_branch_labels.py
[2022-08-12 04:07:23,160] {processor.py:651} INFO - DAG(s) dict_keys(['example_branch_labels']) retrieved from /home/airflow/.local/lib/python3.7/site-packages/airflow/example_dags/example_branch_labels.py
[2022-08-12 04:07:23,190] {logging_mixin.py:115} INFO - [2022-08-12 04:07:23,189] {dag.py:2420} INFO - Sync 1 DAGs
[2022-08-12 04:07:23,219] {logging_mixin.py:115} INFO - [2022-08-12 04:07:23,218] {dag.py:2972} INFO - Setting next_dagrun for example_branch_labels to 2022-08-11T00:00:00+00:00, run_after=2022-08-12T00:00:00+00:00
[2022-08-12 04:07:23,233] {processor.py:161} INFO - Processing /home/airflow/.local/lib/python3.7/site-packages/airflow/example_dags/example_branch_labels.py took 0.087 seconds
[2022-08-12 04:07:53,644] {processor.py:153} INFO - Started process (PID=30961) to work on /home/airflow/.local/lib/python3.7/site-packages/airflow/example_dags/example_branch_labels.py
[2022-08-12 04:07:53,645] {processor.py:641} INFO - Processing file /home/airflow/.local/lib/python3.7/site-packages/airflow/example_dags/example_branch_labels.py for tasks to queue
[2022-08-12 04:07:53,646] {logging_mixin.py:115} INFO - [2022-08-12 04:07:53,646] {dagbag.py:508} INFO - Filling up the DagBag from /home/airflow/.local/lib/python3.7/site-packages/airflow/example_dags/example_branch_labels.py
[2022-08-12 04:07:53,656] {processor.py:651} INFO - DAG(s) dict_keys(['example_branch_labels']) retrieved from /home/airflow/.local/lib/python3.7/site-packages/airflow/example_dags/example_branch_labels.py
[2022-08-12 04:07:53,691] {logging_mixin.py:115} INFO - [2022-08-12 04:07:53,691] {dag.py:2420} INFO - Sync 1 DAGs
[2022-08-12 04:07:53,728] {logging_mixin.py:115} INFO - [2022-08-12 04:07:53,728] {dag.py:2972} INFO - Setting next_dagrun for example_branch_labels to 2022-08-11T00:00:00+00:00, run_after=2022-08-12T00:00:00+00:00
[2022-08-12 04:07:53,745] {processor.py:161} INFO - Processing /home/airflow/.local/lib/python3.7/site-packages/airflow/example_dags/example_branch_labels.py took 0.105 seconds
[2022-08-12 04:08:24,288] {processor.py:153} INFO - Started process (PID=31156) to work on /home/airflow/.local/lib/python3.7/site-packages/airflow/example_dags/example_branch_labels.py
[2022-08-12 04:08:24,289] {processor.py:641} INFO - Processing file /home/airflow/.local/lib/python3.7/site-packages/airflow/example_dags/example_branch_labels.py for tasks to queue
[2022-08-12 04:08:24,290] {logging_mixin.py:115} INFO - [2022-08-12 04:08:24,290] {dagbag.py:508} INFO - Filling up the DagBag from /home/airflow/.local/lib/python3.7/site-packages/airflow/example_dags/example_branch_labels.py
[2022-08-12 04:08:24,302] {processor.py:651} INFO - DAG(s) dict_keys(['example_branch_labels']) retrieved from /home/airflow/.local/lib/python3.7/site-packages/airflow/example_dags/example_branch_labels.py
[2022-08-12 04:08:24,347] {logging_mixin.py:115} INFO - [2022-08-12 04:08:24,347] {dag.py:2420} INFO - Sync 1 DAGs
[2022-08-12 04:08:24,390] {logging_mixin.py:115} INFO - [2022-08-12 04:08:24,390] {dag.py:2972} INFO - Setting next_dagrun for example_branch_labels to 2022-08-11T00:00:00+00:00, run_after=2022-08-12T00:00:00+00:00
[2022-08-12 04:08:24,413] {processor.py:161} INFO - Processing /home/airflow/.local/lib/python3.7/site-packages/airflow/example_dags/example_branch_labels.py took 0.130 seconds
[2022-08-12 04:08:54,643] {processor.py:153} INFO - Started process (PID=31361) to work on /home/airflow/.local/lib/python3.7/site-packages/airflow/example_dags/example_branch_labels.py
[2022-08-12 04:08:54,643] {processor.py:641} INFO - Processing file /home/airflow/.local/lib/python3.7/site-packages/airflow/example_dags/example_branch_labels.py for tasks to queue
[2022-08-12 04:08:54,644] {logging_mixin.py:115} INFO - [2022-08-12 04:08:54,644] {dagbag.py:508} INFO - Filling up the DagBag from /home/airflow/.local/lib/python3.7/site-packages/airflow/example_dags/example_branch_labels.py
[2022-08-12 04:08:54,655] {processor.py:651} INFO - DAG(s) dict_keys(['example_branch_labels']) retrieved from /home/airflow/.local/lib/python3.7/site-packages/airflow/example_dags/example_branch_labels.py
[2022-08-12 04:08:54,691] {logging_mixin.py:115} INFO - [2022-08-12 04:08:54,691] {dag.py:2420} INFO - Sync 1 DAGs
[2022-08-12 04:08:54,721] {logging_mixin.py:115} INFO - [2022-08-12 04:08:54,721] {dag.py:2972} INFO - Setting next_dagrun for example_branch_labels to 2022-08-11T00:00:00+00:00, run_after=2022-08-12T00:00:00+00:00
[2022-08-12 04:08:54,736] {processor.py:161} INFO - Processing /home/airflow/.local/lib/python3.7/site-packages/airflow/example_dags/example_branch_labels.py took 0.098 seconds
[2022-08-12 04:09:25,537] {processor.py:153} INFO - Started process (PID=31556) to work on /home/airflow/.local/lib/python3.7/site-packages/airflow/example_dags/example_branch_labels.py
[2022-08-12 04:09:25,538] {processor.py:641} INFO - Processing file /home/airflow/.local/lib/python3.7/site-packages/airflow/example_dags/example_branch_labels.py for tasks to queue
[2022-08-12 04:09:25,539] {logging_mixin.py:115} INFO - [2022-08-12 04:09:25,539] {dagbag.py:508} INFO - Filling up the DagBag from /home/airflow/.local/lib/python3.7/site-packages/airflow/example_dags/example_branch_labels.py
[2022-08-12 04:09:25,548] {processor.py:651} INFO - DAG(s) dict_keys(['example_branch_labels']) retrieved from /home/airflow/.local/lib/python3.7/site-packages/airflow/example_dags/example_branch_labels.py
[2022-08-12 04:09:25,580] {logging_mixin.py:115} INFO - [2022-08-12 04:09:25,580] {dag.py:2420} INFO - Sync 1 DAGs
[2022-08-12 04:09:25,612] {logging_mixin.py:115} INFO - [2022-08-12 04:09:25,612] {dag.py:2972} INFO - Setting next_dagrun for example_branch_labels to 2022-08-11T00:00:00+00:00, run_after=2022-08-12T00:00:00+00:00
[2022-08-12 04:09:25,629] {processor.py:161} INFO - Processing /home/airflow/.local/lib/python3.7/site-packages/airflow/example_dags/example_branch_labels.py took 0.095 seconds
[2022-08-12 04:09:55,749] {processor.py:153} INFO - Started process (PID=31759) to work on /home/airflow/.local/lib/python3.7/site-packages/airflow/example_dags/example_branch_labels.py
[2022-08-12 04:09:55,750] {processor.py:641} INFO - Processing file /home/airflow/.local/lib/python3.7/site-packages/airflow/example_dags/example_branch_labels.py for tasks to queue
[2022-08-12 04:09:55,751] {logging_mixin.py:115} INFO - [2022-08-12 04:09:55,751] {dagbag.py:508} INFO - Filling up the DagBag from /home/airflow/.local/lib/python3.7/site-packages/airflow/example_dags/example_branch_labels.py
[2022-08-12 04:09:55,760] {processor.py:651} INFO - DAG(s) dict_keys(['example_branch_labels']) retrieved from /home/airflow/.local/lib/python3.7/site-packages/airflow/example_dags/example_branch_labels.py
[2022-08-12 04:09:55,797] {logging_mixin.py:115} INFO - [2022-08-12 04:09:55,797] {dag.py:2420} INFO - Sync 1 DAGs
[2022-08-12 04:09:55,831] {logging_mixin.py:115} INFO - [2022-08-12 04:09:55,831] {dag.py:2972} INFO - Setting next_dagrun for example_branch_labels to 2022-08-11T00:00:00+00:00, run_after=2022-08-12T00:00:00+00:00
[2022-08-12 04:09:55,851] {processor.py:161} INFO - Processing /home/airflow/.local/lib/python3.7/site-packages/airflow/example_dags/example_branch_labels.py took 0.105 seconds
[2022-08-12 04:10:26,614] {processor.py:153} INFO - Started process (PID=31953) to work on /home/airflow/.local/lib/python3.7/site-packages/airflow/example_dags/example_branch_labels.py
[2022-08-12 04:10:26,615] {processor.py:641} INFO - Processing file /home/airflow/.local/lib/python3.7/site-packages/airflow/example_dags/example_branch_labels.py for tasks to queue
[2022-08-12 04:10:26,616] {logging_mixin.py:115} INFO - [2022-08-12 04:10:26,616] {dagbag.py:508} INFO - Filling up the DagBag from /home/airflow/.local/lib/python3.7/site-packages/airflow/example_dags/example_branch_labels.py
[2022-08-12 04:10:26,627] {processor.py:651} INFO - DAG(s) dict_keys(['example_branch_labels']) retrieved from /home/airflow/.local/lib/python3.7/site-packages/airflow/example_dags/example_branch_labels.py
[2022-08-12 04:10:26,662] {logging_mixin.py:115} INFO - [2022-08-12 04:10:26,662] {dag.py:2420} INFO - Sync 1 DAGs
[2022-08-12 04:10:26,695] {logging_mixin.py:115} INFO - [2022-08-12 04:10:26,695] {dag.py:2972} INFO - Setting next_dagrun for example_branch_labels to 2022-08-11T00:00:00+00:00, run_after=2022-08-12T00:00:00+00:00
[2022-08-12 04:10:26,715] {processor.py:161} INFO - Processing /home/airflow/.local/lib/python3.7/site-packages/airflow/example_dags/example_branch_labels.py took 0.106 seconds
[2022-08-12 04:10:57,139] {processor.py:153} INFO - Started process (PID=32155) to work on /home/airflow/.local/lib/python3.7/site-packages/airflow/example_dags/example_branch_labels.py
[2022-08-12 04:10:57,140] {processor.py:641} INFO - Processing file /home/airflow/.local/lib/python3.7/site-packages/airflow/example_dags/example_branch_labels.py for tasks to queue
[2022-08-12 04:10:57,141] {logging_mixin.py:115} INFO - [2022-08-12 04:10:57,141] {dagbag.py:508} INFO - Filling up the DagBag from /home/airflow/.local/lib/python3.7/site-packages/airflow/example_dags/example_branch_labels.py
[2022-08-12 04:10:57,149] {processor.py:651} INFO - DAG(s) dict_keys(['example_branch_labels']) retrieved from /home/airflow/.local/lib/python3.7/site-packages/airflow/example_dags/example_branch_labels.py
[2022-08-12 04:10:57,186] {logging_mixin.py:115} INFO - [2022-08-12 04:10:57,186] {dag.py:2420} INFO - Sync 1 DAGs
[2022-08-12 04:10:57,224] {logging_mixin.py:115} INFO - [2022-08-12 04:10:57,224] {dag.py:2972} INFO - Setting next_dagrun for example_branch_labels to 2022-08-11T00:00:00+00:00, run_after=2022-08-12T00:00:00+00:00
[2022-08-12 04:10:57,240] {processor.py:161} INFO - Processing /home/airflow/.local/lib/python3.7/site-packages/airflow/example_dags/example_branch_labels.py took 0.105 seconds
[2022-08-12 04:11:27,360] {processor.py:153} INFO - Started process (PID=32349) to work on /home/airflow/.local/lib/python3.7/site-packages/airflow/example_dags/example_branch_labels.py
[2022-08-12 04:11:27,361] {processor.py:641} INFO - Processing file /home/airflow/.local/lib/python3.7/site-packages/airflow/example_dags/example_branch_labels.py for tasks to queue
[2022-08-12 04:11:27,362] {logging_mixin.py:115} INFO - [2022-08-12 04:11:27,362] {dagbag.py:508} INFO - Filling up the DagBag from /home/airflow/.local/lib/python3.7/site-packages/airflow/example_dags/example_branch_labels.py
[2022-08-12 04:11:27,369] {processor.py:651} INFO - DAG(s) dict_keys(['example_branch_labels']) retrieved from /home/airflow/.local/lib/python3.7/site-packages/airflow/example_dags/example_branch_labels.py
[2022-08-12 04:11:27,402] {logging_mixin.py:115} INFO - [2022-08-12 04:11:27,401] {dag.py:2420} INFO - Sync 1 DAGs
[2022-08-12 04:11:27,431] {logging_mixin.py:115} INFO - [2022-08-12 04:11:27,431] {dag.py:2972} INFO - Setting next_dagrun for example_branch_labels to 2022-08-11T00:00:00+00:00, run_after=2022-08-12T00:00:00+00:00
[2022-08-12 04:11:27,447] {processor.py:161} INFO - Processing /home/airflow/.local/lib/python3.7/site-packages/airflow/example_dags/example_branch_labels.py took 0.091 seconds
[2022-08-12 04:11:57,649] {processor.py:153} INFO - Started process (PID=32552) to work on /home/airflow/.local/lib/python3.7/site-packages/airflow/example_dags/example_branch_labels.py
[2022-08-12 04:11:57,650] {processor.py:641} INFO - Processing file /home/airflow/.local/lib/python3.7/site-packages/airflow/example_dags/example_branch_labels.py for tasks to queue
[2022-08-12 04:11:57,651] {logging_mixin.py:115} INFO - [2022-08-12 04:11:57,651] {dagbag.py:508} INFO - Filling up the DagBag from /home/airflow/.local/lib/python3.7/site-packages/airflow/example_dags/example_branch_labels.py
[2022-08-12 04:11:57,658] {processor.py:651} INFO - DAG(s) dict_keys(['example_branch_labels']) retrieved from /home/airflow/.local/lib/python3.7/site-packages/airflow/example_dags/example_branch_labels.py
[2022-08-12 04:11:57,689] {logging_mixin.py:115} INFO - [2022-08-12 04:11:57,689] {dag.py:2420} INFO - Sync 1 DAGs
[2022-08-12 04:11:57,722] {logging_mixin.py:115} INFO - [2022-08-12 04:11:57,722] {dag.py:2972} INFO - Setting next_dagrun for example_branch_labels to 2022-08-11T00:00:00+00:00, run_after=2022-08-12T00:00:00+00:00
[2022-08-12 04:11:57,738] {processor.py:161} INFO - Processing /home/airflow/.local/lib/python3.7/site-packages/airflow/example_dags/example_branch_labels.py took 0.091 seconds
[2022-08-12 04:12:28,097] {processor.py:153} INFO - Started process (PID=32746) to work on /home/airflow/.local/lib/python3.7/site-packages/airflow/example_dags/example_branch_labels.py
[2022-08-12 04:12:28,098] {processor.py:641} INFO - Processing file /home/airflow/.local/lib/python3.7/site-packages/airflow/example_dags/example_branch_labels.py for tasks to queue
[2022-08-12 04:12:28,099] {logging_mixin.py:115} INFO - [2022-08-12 04:12:28,099] {dagbag.py:508} INFO - Filling up the DagBag from /home/airflow/.local/lib/python3.7/site-packages/airflow/example_dags/example_branch_labels.py
[2022-08-12 04:12:28,107] {processor.py:651} INFO - DAG(s) dict_keys(['example_branch_labels']) retrieved from /home/airflow/.local/lib/python3.7/site-packages/airflow/example_dags/example_branch_labels.py
[2022-08-12 04:12:28,143] {logging_mixin.py:115} INFO - [2022-08-12 04:12:28,143] {dag.py:2420} INFO - Sync 1 DAGs
[2022-08-12 04:12:28,175] {logging_mixin.py:115} INFO - [2022-08-12 04:12:28,175] {dag.py:2972} INFO - Setting next_dagrun for example_branch_labels to 2022-08-11T00:00:00+00:00, run_after=2022-08-12T00:00:00+00:00
[2022-08-12 04:12:28,193] {processor.py:161} INFO - Processing /home/airflow/.local/lib/python3.7/site-packages/airflow/example_dags/example_branch_labels.py took 0.101 seconds
[2022-08-12 04:12:58,463] {processor.py:153} INFO - Started process (PID=483) to work on /home/airflow/.local/lib/python3.7/site-packages/airflow/example_dags/example_branch_labels.py
[2022-08-12 04:12:58,464] {processor.py:641} INFO - Processing file /home/airflow/.local/lib/python3.7/site-packages/airflow/example_dags/example_branch_labels.py for tasks to queue
[2022-08-12 04:12:58,464] {logging_mixin.py:115} INFO - [2022-08-12 04:12:58,464] {dagbag.py:508} INFO - Filling up the DagBag from /home/airflow/.local/lib/python3.7/site-packages/airflow/example_dags/example_branch_labels.py
[2022-08-12 04:12:58,471] {processor.py:651} INFO - DAG(s) dict_keys(['example_branch_labels']) retrieved from /home/airflow/.local/lib/python3.7/site-packages/airflow/example_dags/example_branch_labels.py
[2022-08-12 04:12:58,500] {logging_mixin.py:115} INFO - [2022-08-12 04:12:58,500] {dag.py:2420} INFO - Sync 1 DAGs
[2022-08-12 04:12:58,527] {logging_mixin.py:115} INFO - [2022-08-12 04:12:58,527] {dag.py:2972} INFO - Setting next_dagrun for example_branch_labels to 2022-08-11T00:00:00+00:00, run_after=2022-08-12T00:00:00+00:00
[2022-08-12 04:12:58,551] {processor.py:161} INFO - Processing /home/airflow/.local/lib/python3.7/site-packages/airflow/example_dags/example_branch_labels.py took 0.091 seconds
[2022-08-12 04:13:28,939] {processor.py:153} INFO - Started process (PID=675) to work on /home/airflow/.local/lib/python3.7/site-packages/airflow/example_dags/example_branch_labels.py
[2022-08-12 04:13:28,940] {processor.py:641} INFO - Processing file /home/airflow/.local/lib/python3.7/site-packages/airflow/example_dags/example_branch_labels.py for tasks to queue
[2022-08-12 04:13:28,941] {logging_mixin.py:115} INFO - [2022-08-12 04:13:28,941] {dagbag.py:508} INFO - Filling up the DagBag from /home/airflow/.local/lib/python3.7/site-packages/airflow/example_dags/example_branch_labels.py
[2022-08-12 04:13:28,948] {processor.py:651} INFO - DAG(s) dict_keys(['example_branch_labels']) retrieved from /home/airflow/.local/lib/python3.7/site-packages/airflow/example_dags/example_branch_labels.py
[2022-08-12 04:13:28,978] {logging_mixin.py:115} INFO - [2022-08-12 04:13:28,978] {dag.py:2420} INFO - Sync 1 DAGs
[2022-08-12 04:13:29,008] {logging_mixin.py:115} INFO - [2022-08-12 04:13:29,008] {dag.py:2972} INFO - Setting next_dagrun for example_branch_labels to 2022-08-11T00:00:00+00:00, run_after=2022-08-12T00:00:00+00:00
[2022-08-12 04:13:29,023] {processor.py:161} INFO - Processing /home/airflow/.local/lib/python3.7/site-packages/airflow/example_dags/example_branch_labels.py took 0.088 seconds
[2022-08-12 04:13:59,413] {processor.py:153} INFO - Started process (PID=878) to work on /home/airflow/.local/lib/python3.7/site-packages/airflow/example_dags/example_branch_labels.py
[2022-08-12 04:13:59,414] {processor.py:641} INFO - Processing file /home/airflow/.local/lib/python3.7/site-packages/airflow/example_dags/example_branch_labels.py for tasks to queue
[2022-08-12 04:13:59,415] {logging_mixin.py:115} INFO - [2022-08-12 04:13:59,415] {dagbag.py:508} INFO - Filling up the DagBag from /home/airflow/.local/lib/python3.7/site-packages/airflow/example_dags/example_branch_labels.py
[2022-08-12 04:13:59,426] {processor.py:651} INFO - DAG(s) dict_keys(['example_branch_labels']) retrieved from /home/airflow/.local/lib/python3.7/site-packages/airflow/example_dags/example_branch_labels.py
[2022-08-12 04:13:59,472] {logging_mixin.py:115} INFO - [2022-08-12 04:13:59,471] {dag.py:2420} INFO - Sync 1 DAGs
[2022-08-12 04:13:59,524] {logging_mixin.py:115} INFO - [2022-08-12 04:13:59,524] {dag.py:2972} INFO - Setting next_dagrun for example_branch_labels to 2022-08-11T00:00:00+00:00, run_after=2022-08-12T00:00:00+00:00
[2022-08-12 04:13:59,545] {processor.py:161} INFO - Processing /home/airflow/.local/lib/python3.7/site-packages/airflow/example_dags/example_branch_labels.py took 0.136 seconds
[2022-08-12 04:14:29,634] {processor.py:153} INFO - Started process (PID=1072) to work on /home/airflow/.local/lib/python3.7/site-packages/airflow/example_dags/example_branch_labels.py
[2022-08-12 04:14:29,635] {processor.py:641} INFO - Processing file /home/airflow/.local/lib/python3.7/site-packages/airflow/example_dags/example_branch_labels.py for tasks to queue
[2022-08-12 04:14:29,636] {logging_mixin.py:115} INFO - [2022-08-12 04:14:29,636] {dagbag.py:508} INFO - Filling up the DagBag from /home/airflow/.local/lib/python3.7/site-packages/airflow/example_dags/example_branch_labels.py
[2022-08-12 04:14:29,644] {processor.py:651} INFO - DAG(s) dict_keys(['example_branch_labels']) retrieved from /home/airflow/.local/lib/python3.7/site-packages/airflow/example_dags/example_branch_labels.py
[2022-08-12 04:14:29,678] {logging_mixin.py:115} INFO - [2022-08-12 04:14:29,678] {dag.py:2420} INFO - Sync 1 DAGs
[2022-08-12 04:14:29,708] {logging_mixin.py:115} INFO - [2022-08-12 04:14:29,708] {dag.py:2972} INFO - Setting next_dagrun for example_branch_labels to 2022-08-11T00:00:00+00:00, run_after=2022-08-12T00:00:00+00:00
[2022-08-12 04:14:29,723] {processor.py:161} INFO - Processing /home/airflow/.local/lib/python3.7/site-packages/airflow/example_dags/example_branch_labels.py took 0.092 seconds
[2022-08-12 04:15:00,041] {processor.py:153} INFO - Started process (PID=1276) to work on /home/airflow/.local/lib/python3.7/site-packages/airflow/example_dags/example_branch_labels.py
[2022-08-12 04:15:00,042] {processor.py:641} INFO - Processing file /home/airflow/.local/lib/python3.7/site-packages/airflow/example_dags/example_branch_labels.py for tasks to queue
[2022-08-12 04:15:00,043] {logging_mixin.py:115} INFO - [2022-08-12 04:15:00,043] {dagbag.py:508} INFO - Filling up the DagBag from /home/airflow/.local/lib/python3.7/site-packages/airflow/example_dags/example_branch_labels.py
[2022-08-12 04:15:00,054] {processor.py:651} INFO - DAG(s) dict_keys(['example_branch_labels']) retrieved from /home/airflow/.local/lib/python3.7/site-packages/airflow/example_dags/example_branch_labels.py
[2022-08-12 04:15:00,085] {logging_mixin.py:115} INFO - [2022-08-12 04:15:00,085] {dag.py:2420} INFO - Sync 1 DAGs
[2022-08-12 04:15:00,114] {logging_mixin.py:115} INFO - [2022-08-12 04:15:00,114] {dag.py:2972} INFO - Setting next_dagrun for example_branch_labels to 2022-08-11T00:00:00+00:00, run_after=2022-08-12T00:00:00+00:00
[2022-08-12 04:15:00,130] {processor.py:161} INFO - Processing /home/airflow/.local/lib/python3.7/site-packages/airflow/example_dags/example_branch_labels.py took 0.093 seconds
[2022-08-12 04:15:30,360] {processor.py:153} INFO - Started process (PID=1469) to work on /home/airflow/.local/lib/python3.7/site-packages/airflow/example_dags/example_branch_labels.py
[2022-08-12 04:15:30,361] {processor.py:641} INFO - Processing file /home/airflow/.local/lib/python3.7/site-packages/airflow/example_dags/example_branch_labels.py for tasks to queue
[2022-08-12 04:15:30,361] {logging_mixin.py:115} INFO - [2022-08-12 04:15:30,361] {dagbag.py:508} INFO - Filling up the DagBag from /home/airflow/.local/lib/python3.7/site-packages/airflow/example_dags/example_branch_labels.py
[2022-08-12 04:15:30,373] {processor.py:651} INFO - DAG(s) dict_keys(['example_branch_labels']) retrieved from /home/airflow/.local/lib/python3.7/site-packages/airflow/example_dags/example_branch_labels.py
[2022-08-12 04:15:30,408] {logging_mixin.py:115} INFO - [2022-08-12 04:15:30,407] {dag.py:2420} INFO - Sync 1 DAGs
[2022-08-12 04:15:30,441] {logging_mixin.py:115} INFO - [2022-08-12 04:15:30,441] {dag.py:2972} INFO - Setting next_dagrun for example_branch_labels to 2022-08-11T00:00:00+00:00, run_after=2022-08-12T00:00:00+00:00
[2022-08-12 04:15:30,457] {processor.py:161} INFO - Processing /home/airflow/.local/lib/python3.7/site-packages/airflow/example_dags/example_branch_labels.py took 0.100 seconds
[2022-08-12 04:16:01,045] {processor.py:153} INFO - Started process (PID=1671) to work on /home/airflow/.local/lib/python3.7/site-packages/airflow/example_dags/example_branch_labels.py
[2022-08-12 04:16:01,046] {processor.py:641} INFO - Processing file /home/airflow/.local/lib/python3.7/site-packages/airflow/example_dags/example_branch_labels.py for tasks to queue
[2022-08-12 04:16:01,047] {logging_mixin.py:115} INFO - [2022-08-12 04:16:01,047] {dagbag.py:508} INFO - Filling up the DagBag from /home/airflow/.local/lib/python3.7/site-packages/airflow/example_dags/example_branch_labels.py
[2022-08-12 04:16:01,058] {processor.py:651} INFO - DAG(s) dict_keys(['example_branch_labels']) retrieved from /home/airflow/.local/lib/python3.7/site-packages/airflow/example_dags/example_branch_labels.py
[2022-08-12 04:16:01,089] {logging_mixin.py:115} INFO - [2022-08-12 04:16:01,089] {dag.py:2420} INFO - Sync 1 DAGs
[2022-08-12 04:16:01,122] {logging_mixin.py:115} INFO - [2022-08-12 04:16:01,122] {dag.py:2972} INFO - Setting next_dagrun for example_branch_labels to 2022-08-11T00:00:00+00:00, run_after=2022-08-12T00:00:00+00:00
[2022-08-12 04:16:01,138] {processor.py:161} INFO - Processing /home/airflow/.local/lib/python3.7/site-packages/airflow/example_dags/example_branch_labels.py took 0.097 seconds
[2022-08-12 04:16:31,531] {processor.py:153} INFO - Started process (PID=1865) to work on /home/airflow/.local/lib/python3.7/site-packages/airflow/example_dags/example_branch_labels.py
[2022-08-12 04:16:31,532] {processor.py:641} INFO - Processing file /home/airflow/.local/lib/python3.7/site-packages/airflow/example_dags/example_branch_labels.py for tasks to queue
[2022-08-12 04:16:31,533] {logging_mixin.py:115} INFO - [2022-08-12 04:16:31,532] {dagbag.py:508} INFO - Filling up the DagBag from /home/airflow/.local/lib/python3.7/site-packages/airflow/example_dags/example_branch_labels.py
[2022-08-12 04:16:31,543] {processor.py:651} INFO - DAG(s) dict_keys(['example_branch_labels']) retrieved from /home/airflow/.local/lib/python3.7/site-packages/airflow/example_dags/example_branch_labels.py
[2022-08-12 04:16:31,586] {logging_mixin.py:115} INFO - [2022-08-12 04:16:31,586] {dag.py:2420} INFO - Sync 1 DAGs
[2022-08-12 04:16:31,621] {logging_mixin.py:115} INFO - [2022-08-12 04:16:31,621] {dag.py:2972} INFO - Setting next_dagrun for example_branch_labels to 2022-08-11T00:00:00+00:00, run_after=2022-08-12T00:00:00+00:00
[2022-08-12 04:16:31,637] {processor.py:161} INFO - Processing /home/airflow/.local/lib/python3.7/site-packages/airflow/example_dags/example_branch_labels.py took 0.109 seconds
[2022-08-12 04:17:01,811] {processor.py:153} INFO - Started process (PID=2070) to work on /home/airflow/.local/lib/python3.7/site-packages/airflow/example_dags/example_branch_labels.py
[2022-08-12 04:17:01,811] {processor.py:641} INFO - Processing file /home/airflow/.local/lib/python3.7/site-packages/airflow/example_dags/example_branch_labels.py for tasks to queue
[2022-08-12 04:17:01,812] {logging_mixin.py:115} INFO - [2022-08-12 04:17:01,812] {dagbag.py:508} INFO - Filling up the DagBag from /home/airflow/.local/lib/python3.7/site-packages/airflow/example_dags/example_branch_labels.py
[2022-08-12 04:17:01,821] {processor.py:651} INFO - DAG(s) dict_keys(['example_branch_labels']) retrieved from /home/airflow/.local/lib/python3.7/site-packages/airflow/example_dags/example_branch_labels.py
[2022-08-12 04:17:01,850] {logging_mixin.py:115} INFO - [2022-08-12 04:17:01,850] {dag.py:2420} INFO - Sync 1 DAGs
[2022-08-12 04:17:01,881] {logging_mixin.py:115} INFO - [2022-08-12 04:17:01,881] {dag.py:2972} INFO - Setting next_dagrun for example_branch_labels to 2022-08-11T00:00:00+00:00, run_after=2022-08-12T00:00:00+00:00
[2022-08-12 04:17:01,897] {processor.py:161} INFO - Processing /home/airflow/.local/lib/python3.7/site-packages/airflow/example_dags/example_branch_labels.py took 0.090 seconds
[2022-08-12 04:17:32,215] {processor.py:153} INFO - Started process (PID=2262) to work on /home/airflow/.local/lib/python3.7/site-packages/airflow/example_dags/example_branch_labels.py
[2022-08-12 04:17:32,216] {processor.py:641} INFO - Processing file /home/airflow/.local/lib/python3.7/site-packages/airflow/example_dags/example_branch_labels.py for tasks to queue
[2022-08-12 04:17:32,217] {logging_mixin.py:115} INFO - [2022-08-12 04:17:32,217] {dagbag.py:508} INFO - Filling up the DagBag from /home/airflow/.local/lib/python3.7/site-packages/airflow/example_dags/example_branch_labels.py
[2022-08-12 04:17:32,226] {processor.py:651} INFO - DAG(s) dict_keys(['example_branch_labels']) retrieved from /home/airflow/.local/lib/python3.7/site-packages/airflow/example_dags/example_branch_labels.py
[2022-08-12 04:17:32,260] {logging_mixin.py:115} INFO - [2022-08-12 04:17:32,260] {dag.py:2420} INFO - Sync 1 DAGs
[2022-08-12 04:17:32,297] {logging_mixin.py:115} INFO - [2022-08-12 04:17:32,296] {dag.py:2972} INFO - Setting next_dagrun for example_branch_labels to 2022-08-11T00:00:00+00:00, run_after=2022-08-12T00:00:00+00:00
[2022-08-12 04:17:32,315] {processor.py:161} INFO - Processing /home/airflow/.local/lib/python3.7/site-packages/airflow/example_dags/example_branch_labels.py took 0.104 seconds
[2022-08-12 04:18:02,753] {processor.py:153} INFO - Started process (PID=2465) to work on /home/airflow/.local/lib/python3.7/site-packages/airflow/example_dags/example_branch_labels.py
[2022-08-12 04:18:02,754] {processor.py:641} INFO - Processing file /home/airflow/.local/lib/python3.7/site-packages/airflow/example_dags/example_branch_labels.py for tasks to queue
[2022-08-12 04:18:02,755] {logging_mixin.py:115} INFO - [2022-08-12 04:18:02,755] {dagbag.py:508} INFO - Filling up the DagBag from /home/airflow/.local/lib/python3.7/site-packages/airflow/example_dags/example_branch_labels.py
[2022-08-12 04:18:02,765] {processor.py:651} INFO - DAG(s) dict_keys(['example_branch_labels']) retrieved from /home/airflow/.local/lib/python3.7/site-packages/airflow/example_dags/example_branch_labels.py
[2022-08-12 04:18:02,802] {logging_mixin.py:115} INFO - [2022-08-12 04:18:02,801] {dag.py:2420} INFO - Sync 1 DAGs
[2022-08-12 04:18:02,842] {logging_mixin.py:115} INFO - [2022-08-12 04:18:02,842] {dag.py:2972} INFO - Setting next_dagrun for example_branch_labels to 2022-08-11T00:00:00+00:00, run_after=2022-08-12T00:00:00+00:00
[2022-08-12 04:18:02,860] {processor.py:161} INFO - Processing /home/airflow/.local/lib/python3.7/site-packages/airflow/example_dags/example_branch_labels.py took 0.111 seconds
[2022-08-12 04:18:32,978] {processor.py:153} INFO - Started process (PID=2661) to work on /home/airflow/.local/lib/python3.7/site-packages/airflow/example_dags/example_branch_labels.py
[2022-08-12 04:18:32,979] {processor.py:641} INFO - Processing file /home/airflow/.local/lib/python3.7/site-packages/airflow/example_dags/example_branch_labels.py for tasks to queue
[2022-08-12 04:18:32,979] {logging_mixin.py:115} INFO - [2022-08-12 04:18:32,979] {dagbag.py:508} INFO - Filling up the DagBag from /home/airflow/.local/lib/python3.7/site-packages/airflow/example_dags/example_branch_labels.py
[2022-08-12 04:18:32,990] {processor.py:651} INFO - DAG(s) dict_keys(['example_branch_labels']) retrieved from /home/airflow/.local/lib/python3.7/site-packages/airflow/example_dags/example_branch_labels.py
[2022-08-12 04:18:33,031] {logging_mixin.py:115} INFO - [2022-08-12 04:18:33,030] {dag.py:2420} INFO - Sync 1 DAGs
[2022-08-12 04:18:33,067] {logging_mixin.py:115} INFO - [2022-08-12 04:18:33,067] {dag.py:2972} INFO - Setting next_dagrun for example_branch_labels to 2022-08-11T00:00:00+00:00, run_after=2022-08-12T00:00:00+00:00
[2022-08-12 04:18:33,083] {processor.py:161} INFO - Processing /home/airflow/.local/lib/python3.7/site-packages/airflow/example_dags/example_branch_labels.py took 0.109 seconds
