[2022-08-12 03:55:40,150] {processor.py:153} INFO - Started process (PID=26200) to work on /home/airflow/.local/lib/python3.7/site-packages/airflow/example_dags/tutorial.py
[2022-08-12 03:55:40,151] {processor.py:641} INFO - Processing file /home/airflow/.local/lib/python3.7/site-packages/airflow/example_dags/tutorial.py for tasks to queue
[2022-08-12 03:55:40,151] {logging_mixin.py:115} INFO - [2022-08-12 03:55:40,151] {dagbag.py:508} INFO - Filling up the DagBag from /home/airflow/.local/lib/python3.7/site-packages/airflow/example_dags/tutorial.py
[2022-08-12 03:55:40,159] {processor.py:651} INFO - DAG(s) dict_keys(['tutorial']) retrieved from /home/airflow/.local/lib/python3.7/site-packages/airflow/example_dags/tutorial.py
[2022-08-12 03:55:40,194] {logging_mixin.py:115} INFO - [2022-08-12 03:55:40,193] {dag.py:2420} INFO - Sync 1 DAGs
[2022-08-12 03:55:40,228] {logging_mixin.py:115} INFO - [2022-08-12 03:55:40,228] {dag.py:2972} INFO - Setting next_dagrun for tutorial to 2022-08-11T03:55:40.227692+00:00, run_after=2022-08-12T03:55:40.227692+00:00
[2022-08-12 03:55:40,253] {processor.py:161} INFO - Processing /home/airflow/.local/lib/python3.7/site-packages/airflow/example_dags/tutorial.py took 0.107 seconds
[2022-08-12 03:56:11,606] {processor.py:153} INFO - Started process (PID=26422) to work on /home/airflow/.local/lib/python3.7/site-packages/airflow/example_dags/tutorial.py
[2022-08-12 03:56:11,607] {processor.py:641} INFO - Processing file /home/airflow/.local/lib/python3.7/site-packages/airflow/example_dags/tutorial.py for tasks to queue
[2022-08-12 03:56:11,608] {logging_mixin.py:115} INFO - [2022-08-12 03:56:11,608] {dagbag.py:508} INFO - Filling up the DagBag from /home/airflow/.local/lib/python3.7/site-packages/airflow/example_dags/tutorial.py
[2022-08-12 03:56:11,614] {processor.py:651} INFO - DAG(s) dict_keys(['tutorial']) retrieved from /home/airflow/.local/lib/python3.7/site-packages/airflow/example_dags/tutorial.py
[2022-08-12 03:56:11,650] {logging_mixin.py:115} INFO - [2022-08-12 03:56:11,650] {dag.py:2420} INFO - Sync 1 DAGs
[2022-08-12 03:56:11,689] {logging_mixin.py:115} INFO - [2022-08-12 03:56:11,689] {dag.py:2972} INFO - Setting next_dagrun for tutorial to 2022-08-11T03:56:11.689020+00:00, run_after=2022-08-12T03:56:11.689020+00:00
[2022-08-12 03:56:11,712] {processor.py:161} INFO - Processing /home/airflow/.local/lib/python3.7/site-packages/airflow/example_dags/tutorial.py took 0.109 seconds
[2022-08-12 03:56:42,024] {processor.py:153} INFO - Started process (PID=26631) to work on /home/airflow/.local/lib/python3.7/site-packages/airflow/example_dags/tutorial.py
[2022-08-12 03:56:42,025] {processor.py:641} INFO - Processing file /home/airflow/.local/lib/python3.7/site-packages/airflow/example_dags/tutorial.py for tasks to queue
[2022-08-12 03:56:42,025] {logging_mixin.py:115} INFO - [2022-08-12 03:56:42,025] {dagbag.py:508} INFO - Filling up the DagBag from /home/airflow/.local/lib/python3.7/site-packages/airflow/example_dags/tutorial.py
[2022-08-12 03:56:42,031] {processor.py:651} INFO - DAG(s) dict_keys(['tutorial']) retrieved from /home/airflow/.local/lib/python3.7/site-packages/airflow/example_dags/tutorial.py
[2022-08-12 03:56:42,060] {logging_mixin.py:115} INFO - [2022-08-12 03:56:42,060] {dag.py:2420} INFO - Sync 1 DAGs
[2022-08-12 03:56:42,089] {logging_mixin.py:115} INFO - [2022-08-12 03:56:42,089] {dag.py:2972} INFO - Setting next_dagrun for tutorial to 2022-08-11T03:56:42.089132+00:00, run_after=2022-08-12T03:56:42.089132+00:00
[2022-08-12 03:56:42,111] {processor.py:161} INFO - Processing /home/airflow/.local/lib/python3.7/site-packages/airflow/example_dags/tutorial.py took 0.090 seconds
[2022-08-12 03:57:13,123] {processor.py:153} INFO - Started process (PID=26825) to work on /home/airflow/.local/lib/python3.7/site-packages/airflow/example_dags/tutorial.py
[2022-08-12 03:57:13,124] {processor.py:641} INFO - Processing file /home/airflow/.local/lib/python3.7/site-packages/airflow/example_dags/tutorial.py for tasks to queue
[2022-08-12 03:57:13,124] {logging_mixin.py:115} INFO - [2022-08-12 03:57:13,124] {dagbag.py:508} INFO - Filling up the DagBag from /home/airflow/.local/lib/python3.7/site-packages/airflow/example_dags/tutorial.py
[2022-08-12 03:57:13,131] {processor.py:651} INFO - DAG(s) dict_keys(['tutorial']) retrieved from /home/airflow/.local/lib/python3.7/site-packages/airflow/example_dags/tutorial.py
[2022-08-12 03:57:13,161] {logging_mixin.py:115} INFO - [2022-08-12 03:57:13,160] {dag.py:2420} INFO - Sync 1 DAGs
[2022-08-12 03:57:13,194] {logging_mixin.py:115} INFO - [2022-08-12 03:57:13,193] {dag.py:2972} INFO - Setting next_dagrun for tutorial to 2022-08-11T03:57:13.193736+00:00, run_after=2022-08-12T03:57:13.193736+00:00
[2022-08-12 03:57:13,211] {processor.py:161} INFO - Processing /home/airflow/.local/lib/python3.7/site-packages/airflow/example_dags/tutorial.py took 0.091 seconds
[2022-08-12 03:57:44,258] {processor.py:153} INFO - Started process (PID=27028) to work on /home/airflow/.local/lib/python3.7/site-packages/airflow/example_dags/tutorial.py
[2022-08-12 03:57:44,260] {processor.py:641} INFO - Processing file /home/airflow/.local/lib/python3.7/site-packages/airflow/example_dags/tutorial.py for tasks to queue
[2022-08-12 03:57:44,261] {logging_mixin.py:115} INFO - [2022-08-12 03:57:44,261] {dagbag.py:508} INFO - Filling up the DagBag from /home/airflow/.local/lib/python3.7/site-packages/airflow/example_dags/tutorial.py
[2022-08-12 03:57:44,270] {processor.py:651} INFO - DAG(s) dict_keys(['tutorial']) retrieved from /home/airflow/.local/lib/python3.7/site-packages/airflow/example_dags/tutorial.py
[2022-08-12 03:57:44,311] {logging_mixin.py:115} INFO - [2022-08-12 03:57:44,310] {dag.py:2420} INFO - Sync 1 DAGs
[2022-08-12 03:57:44,350] {logging_mixin.py:115} INFO - [2022-08-12 03:57:44,350] {dag.py:2972} INFO - Setting next_dagrun for tutorial to 2022-08-11T03:57:44.349895+00:00, run_after=2022-08-12T03:57:44.349895+00:00
[2022-08-12 03:57:44,370] {processor.py:161} INFO - Processing /home/airflow/.local/lib/python3.7/site-packages/airflow/example_dags/tutorial.py took 0.116 seconds
[2022-08-12 03:58:15,156] {processor.py:153} INFO - Started process (PID=27222) to work on /home/airflow/.local/lib/python3.7/site-packages/airflow/example_dags/tutorial.py
[2022-08-12 03:58:15,157] {processor.py:641} INFO - Processing file /home/airflow/.local/lib/python3.7/site-packages/airflow/example_dags/tutorial.py for tasks to queue
[2022-08-12 03:58:15,158] {logging_mixin.py:115} INFO - [2022-08-12 03:58:15,158] {dagbag.py:508} INFO - Filling up the DagBag from /home/airflow/.local/lib/python3.7/site-packages/airflow/example_dags/tutorial.py
[2022-08-12 03:58:15,166] {processor.py:651} INFO - DAG(s) dict_keys(['tutorial']) retrieved from /home/airflow/.local/lib/python3.7/site-packages/airflow/example_dags/tutorial.py
[2022-08-12 03:58:15,198] {logging_mixin.py:115} INFO - [2022-08-12 03:58:15,197] {dag.py:2420} INFO - Sync 1 DAGs
[2022-08-12 03:58:15,225] {logging_mixin.py:115} INFO - [2022-08-12 03:58:15,225] {dag.py:2972} INFO - Setting next_dagrun for tutorial to 2022-08-11T03:58:15.225461+00:00, run_after=2022-08-12T03:58:15.225461+00:00
[2022-08-12 03:58:15,242] {processor.py:161} INFO - Processing /home/airflow/.local/lib/python3.7/site-packages/airflow/example_dags/tutorial.py took 0.090 seconds
[2022-08-12 03:58:45,828] {processor.py:153} INFO - Started process (PID=27425) to work on /home/airflow/.local/lib/python3.7/site-packages/airflow/example_dags/tutorial.py
[2022-08-12 03:58:45,828] {processor.py:641} INFO - Processing file /home/airflow/.local/lib/python3.7/site-packages/airflow/example_dags/tutorial.py for tasks to queue
[2022-08-12 03:58:45,829] {logging_mixin.py:115} INFO - [2022-08-12 03:58:45,829] {dagbag.py:508} INFO - Filling up the DagBag from /home/airflow/.local/lib/python3.7/site-packages/airflow/example_dags/tutorial.py
[2022-08-12 03:58:45,835] {processor.py:651} INFO - DAG(s) dict_keys(['tutorial']) retrieved from /home/airflow/.local/lib/python3.7/site-packages/airflow/example_dags/tutorial.py
[2022-08-12 03:58:45,862] {logging_mixin.py:115} INFO - [2022-08-12 03:58:45,862] {dag.py:2420} INFO - Sync 1 DAGs
[2022-08-12 03:58:45,887] {logging_mixin.py:115} INFO - [2022-08-12 03:58:45,887] {dag.py:2972} INFO - Setting next_dagrun for tutorial to 2022-08-11T03:58:45.887020+00:00, run_after=2022-08-12T03:58:45.887020+00:00
[2022-08-12 03:58:45,901] {processor.py:161} INFO - Processing /home/airflow/.local/lib/python3.7/site-packages/airflow/example_dags/tutorial.py took 0.076 seconds
[2022-08-12 03:59:16,127] {processor.py:153} INFO - Started process (PID=27619) to work on /home/airflow/.local/lib/python3.7/site-packages/airflow/example_dags/tutorial.py
[2022-08-12 03:59:16,128] {processor.py:641} INFO - Processing file /home/airflow/.local/lib/python3.7/site-packages/airflow/example_dags/tutorial.py for tasks to queue
[2022-08-12 03:59:16,128] {logging_mixin.py:115} INFO - [2022-08-12 03:59:16,128] {dagbag.py:508} INFO - Filling up the DagBag from /home/airflow/.local/lib/python3.7/site-packages/airflow/example_dags/tutorial.py
[2022-08-12 03:59:16,134] {processor.py:651} INFO - DAG(s) dict_keys(['tutorial']) retrieved from /home/airflow/.local/lib/python3.7/site-packages/airflow/example_dags/tutorial.py
[2022-08-12 03:59:16,157] {logging_mixin.py:115} INFO - [2022-08-12 03:59:16,157] {dag.py:2420} INFO - Sync 1 DAGs
[2022-08-12 03:59:16,190] {logging_mixin.py:115} INFO - [2022-08-12 03:59:16,190] {dag.py:2972} INFO - Setting next_dagrun for tutorial to 2022-08-11T03:59:16.190035+00:00, run_after=2022-08-12T03:59:16.190035+00:00
[2022-08-12 03:59:16,204] {processor.py:161} INFO - Processing /home/airflow/.local/lib/python3.7/site-packages/airflow/example_dags/tutorial.py took 0.079 seconds
[2022-08-12 03:59:46,406] {processor.py:153} INFO - Started process (PID=27816) to work on /home/airflow/.local/lib/python3.7/site-packages/airflow/example_dags/tutorial.py
[2022-08-12 03:59:46,406] {processor.py:641} INFO - Processing file /home/airflow/.local/lib/python3.7/site-packages/airflow/example_dags/tutorial.py for tasks to queue
[2022-08-12 03:59:46,407] {logging_mixin.py:115} INFO - [2022-08-12 03:59:46,407] {dagbag.py:508} INFO - Filling up the DagBag from /home/airflow/.local/lib/python3.7/site-packages/airflow/example_dags/tutorial.py
[2022-08-12 03:59:46,412] {processor.py:651} INFO - DAG(s) dict_keys(['tutorial']) retrieved from /home/airflow/.local/lib/python3.7/site-packages/airflow/example_dags/tutorial.py
[2022-08-12 03:59:46,440] {logging_mixin.py:115} INFO - [2022-08-12 03:59:46,440] {dag.py:2420} INFO - Sync 1 DAGs
[2022-08-12 03:59:46,466] {logging_mixin.py:115} INFO - [2022-08-12 03:59:46,466] {dag.py:2972} INFO - Setting next_dagrun for tutorial to 2022-08-11T03:59:46.466207+00:00, run_after=2022-08-12T03:59:46.466207+00:00
[2022-08-12 03:59:46,481] {processor.py:161} INFO - Processing /home/airflow/.local/lib/python3.7/site-packages/airflow/example_dags/tutorial.py took 0.079 seconds
[2022-08-12 04:00:16,858] {processor.py:153} INFO - Started process (PID=28019) to work on /home/airflow/.local/lib/python3.7/site-packages/airflow/example_dags/tutorial.py
[2022-08-12 04:00:16,859] {processor.py:641} INFO - Processing file /home/airflow/.local/lib/python3.7/site-packages/airflow/example_dags/tutorial.py for tasks to queue
[2022-08-12 04:00:16,860] {logging_mixin.py:115} INFO - [2022-08-12 04:00:16,860] {dagbag.py:508} INFO - Filling up the DagBag from /home/airflow/.local/lib/python3.7/site-packages/airflow/example_dags/tutorial.py
[2022-08-12 04:00:16,866] {processor.py:651} INFO - DAG(s) dict_keys(['tutorial']) retrieved from /home/airflow/.local/lib/python3.7/site-packages/airflow/example_dags/tutorial.py
[2022-08-12 04:00:16,894] {logging_mixin.py:115} INFO - [2022-08-12 04:00:16,894] {dag.py:2420} INFO - Sync 1 DAGs
[2022-08-12 04:00:16,925] {logging_mixin.py:115} INFO - [2022-08-12 04:00:16,925] {dag.py:2972} INFO - Setting next_dagrun for tutorial to 2022-08-11T04:00:16.924887+00:00, run_after=2022-08-12T04:00:16.924887+00:00
[2022-08-12 04:00:16,941] {processor.py:161} INFO - Processing /home/airflow/.local/lib/python3.7/site-packages/airflow/example_dags/tutorial.py took 0.086 seconds
[2022-08-12 04:00:47,858] {processor.py:153} INFO - Started process (PID=28213) to work on /home/airflow/.local/lib/python3.7/site-packages/airflow/example_dags/tutorial.py
[2022-08-12 04:00:47,859] {processor.py:641} INFO - Processing file /home/airflow/.local/lib/python3.7/site-packages/airflow/example_dags/tutorial.py for tasks to queue
[2022-08-12 04:00:47,859] {logging_mixin.py:115} INFO - [2022-08-12 04:00:47,859] {dagbag.py:508} INFO - Filling up the DagBag from /home/airflow/.local/lib/python3.7/site-packages/airflow/example_dags/tutorial.py
[2022-08-12 04:00:47,865] {processor.py:651} INFO - DAG(s) dict_keys(['tutorial']) retrieved from /home/airflow/.local/lib/python3.7/site-packages/airflow/example_dags/tutorial.py
[2022-08-12 04:00:47,890] {logging_mixin.py:115} INFO - [2022-08-12 04:00:47,890] {dag.py:2420} INFO - Sync 1 DAGs
[2022-08-12 04:00:47,913] {logging_mixin.py:115} INFO - [2022-08-12 04:00:47,913] {dag.py:2972} INFO - Setting next_dagrun for tutorial to 2022-08-11T04:00:47.912929+00:00, run_after=2022-08-12T04:00:47.912929+00:00
[2022-08-12 04:00:47,928] {processor.py:161} INFO - Processing /home/airflow/.local/lib/python3.7/site-packages/airflow/example_dags/tutorial.py took 0.072 seconds
[2022-08-12 04:01:18,904] {processor.py:153} INFO - Started process (PID=28418) to work on /home/airflow/.local/lib/python3.7/site-packages/airflow/example_dags/tutorial.py
[2022-08-12 04:01:18,905] {processor.py:641} INFO - Processing file /home/airflow/.local/lib/python3.7/site-packages/airflow/example_dags/tutorial.py for tasks to queue
[2022-08-12 04:01:18,905] {logging_mixin.py:115} INFO - [2022-08-12 04:01:18,905] {dagbag.py:508} INFO - Filling up the DagBag from /home/airflow/.local/lib/python3.7/site-packages/airflow/example_dags/tutorial.py
[2022-08-12 04:01:18,909] {processor.py:651} INFO - DAG(s) dict_keys(['tutorial']) retrieved from /home/airflow/.local/lib/python3.7/site-packages/airflow/example_dags/tutorial.py
[2022-08-12 04:01:18,934] {logging_mixin.py:115} INFO - [2022-08-12 04:01:18,933] {dag.py:2420} INFO - Sync 1 DAGs
[2022-08-12 04:01:18,961] {logging_mixin.py:115} INFO - [2022-08-12 04:01:18,960] {dag.py:2972} INFO - Setting next_dagrun for tutorial to 2022-08-11T04:01:18.960673+00:00, run_after=2022-08-12T04:01:18.960673+00:00
[2022-08-12 04:01:18,974] {processor.py:161} INFO - Processing /home/airflow/.local/lib/python3.7/site-packages/airflow/example_dags/tutorial.py took 0.073 seconds
[2022-08-12 04:01:49,023] {processor.py:153} INFO - Started process (PID=28610) to work on /home/airflow/.local/lib/python3.7/site-packages/airflow/example_dags/tutorial.py
[2022-08-12 04:01:49,024] {processor.py:641} INFO - Processing file /home/airflow/.local/lib/python3.7/site-packages/airflow/example_dags/tutorial.py for tasks to queue
[2022-08-12 04:01:49,025] {logging_mixin.py:115} INFO - [2022-08-12 04:01:49,025] {dagbag.py:508} INFO - Filling up the DagBag from /home/airflow/.local/lib/python3.7/site-packages/airflow/example_dags/tutorial.py
[2022-08-12 04:01:49,029] {processor.py:651} INFO - DAG(s) dict_keys(['tutorial']) retrieved from /home/airflow/.local/lib/python3.7/site-packages/airflow/example_dags/tutorial.py
[2022-08-12 04:01:49,053] {logging_mixin.py:115} INFO - [2022-08-12 04:01:49,053] {dag.py:2420} INFO - Sync 1 DAGs
[2022-08-12 04:01:49,074] {logging_mixin.py:115} INFO - [2022-08-12 04:01:49,074] {dag.py:2972} INFO - Setting next_dagrun for tutorial to 2022-08-11T04:01:49.073893+00:00, run_after=2022-08-12T04:01:49.073893+00:00
[2022-08-12 04:01:49,087] {processor.py:161} INFO - Processing /home/airflow/.local/lib/python3.7/site-packages/airflow/example_dags/tutorial.py took 0.066 seconds
[2022-08-12 04:02:19,784] {processor.py:153} INFO - Started process (PID=28814) to work on /home/airflow/.local/lib/python3.7/site-packages/airflow/example_dags/tutorial.py
[2022-08-12 04:02:19,785] {processor.py:641} INFO - Processing file /home/airflow/.local/lib/python3.7/site-packages/airflow/example_dags/tutorial.py for tasks to queue
[2022-08-12 04:02:19,786] {logging_mixin.py:115} INFO - [2022-08-12 04:02:19,786] {dagbag.py:508} INFO - Filling up the DagBag from /home/airflow/.local/lib/python3.7/site-packages/airflow/example_dags/tutorial.py
[2022-08-12 04:02:19,792] {processor.py:651} INFO - DAG(s) dict_keys(['tutorial']) retrieved from /home/airflow/.local/lib/python3.7/site-packages/airflow/example_dags/tutorial.py
[2022-08-12 04:02:19,830] {logging_mixin.py:115} INFO - [2022-08-12 04:02:19,829] {dag.py:2420} INFO - Sync 1 DAGs
[2022-08-12 04:02:19,863] {logging_mixin.py:115} INFO - [2022-08-12 04:02:19,862] {dag.py:2972} INFO - Setting next_dagrun for tutorial to 2022-08-11T04:02:19.862342+00:00, run_after=2022-08-12T04:02:19.862342+00:00
[2022-08-12 04:02:19,882] {processor.py:161} INFO - Processing /home/airflow/.local/lib/python3.7/site-packages/airflow/example_dags/tutorial.py took 0.101 seconds
[2022-08-12 04:02:50,003] {processor.py:153} INFO - Started process (PID=29008) to work on /home/airflow/.local/lib/python3.7/site-packages/airflow/example_dags/tutorial.py
[2022-08-12 04:02:50,004] {processor.py:641} INFO - Processing file /home/airflow/.local/lib/python3.7/site-packages/airflow/example_dags/tutorial.py for tasks to queue
[2022-08-12 04:02:50,005] {logging_mixin.py:115} INFO - [2022-08-12 04:02:50,005] {dagbag.py:508} INFO - Filling up the DagBag from /home/airflow/.local/lib/python3.7/site-packages/airflow/example_dags/tutorial.py
[2022-08-12 04:02:50,011] {processor.py:651} INFO - DAG(s) dict_keys(['tutorial']) retrieved from /home/airflow/.local/lib/python3.7/site-packages/airflow/example_dags/tutorial.py
[2022-08-12 04:02:50,046] {logging_mixin.py:115} INFO - [2022-08-12 04:02:50,046] {dag.py:2420} INFO - Sync 1 DAGs
[2022-08-12 04:02:50,074] {logging_mixin.py:115} INFO - [2022-08-12 04:02:50,073] {dag.py:2972} INFO - Setting next_dagrun for tutorial to 2022-08-11T04:02:50.073621+00:00, run_after=2022-08-12T04:02:50.073621+00:00
[2022-08-12 04:02:50,092] {processor.py:161} INFO - Processing /home/airflow/.local/lib/python3.7/site-packages/airflow/example_dags/tutorial.py took 0.093 seconds
[2022-08-12 04:03:20,381] {processor.py:153} INFO - Started process (PID=29211) to work on /home/airflow/.local/lib/python3.7/site-packages/airflow/example_dags/tutorial.py
[2022-08-12 04:03:20,382] {processor.py:641} INFO - Processing file /home/airflow/.local/lib/python3.7/site-packages/airflow/example_dags/tutorial.py for tasks to queue
[2022-08-12 04:03:20,383] {logging_mixin.py:115} INFO - [2022-08-12 04:03:20,383] {dagbag.py:508} INFO - Filling up the DagBag from /home/airflow/.local/lib/python3.7/site-packages/airflow/example_dags/tutorial.py
[2022-08-12 04:03:20,390] {processor.py:651} INFO - DAG(s) dict_keys(['tutorial']) retrieved from /home/airflow/.local/lib/python3.7/site-packages/airflow/example_dags/tutorial.py
[2022-08-12 04:03:20,420] {logging_mixin.py:115} INFO - [2022-08-12 04:03:20,420] {dag.py:2420} INFO - Sync 1 DAGs
[2022-08-12 04:03:20,445] {logging_mixin.py:115} INFO - [2022-08-12 04:03:20,445] {dag.py:2972} INFO - Setting next_dagrun for tutorial to 2022-08-11T04:03:20.445365+00:00, run_after=2022-08-12T04:03:20.445365+00:00
[2022-08-12 04:03:20,461] {processor.py:161} INFO - Processing /home/airflow/.local/lib/python3.7/site-packages/airflow/example_dags/tutorial.py took 0.084 seconds
[2022-08-12 04:03:50,699] {processor.py:153} INFO - Started process (PID=29405) to work on /home/airflow/.local/lib/python3.7/site-packages/airflow/example_dags/tutorial.py
[2022-08-12 04:03:50,700] {processor.py:641} INFO - Processing file /home/airflow/.local/lib/python3.7/site-packages/airflow/example_dags/tutorial.py for tasks to queue
[2022-08-12 04:03:50,700] {logging_mixin.py:115} INFO - [2022-08-12 04:03:50,700] {dagbag.py:508} INFO - Filling up the DagBag from /home/airflow/.local/lib/python3.7/site-packages/airflow/example_dags/tutorial.py
[2022-08-12 04:03:50,705] {processor.py:651} INFO - DAG(s) dict_keys(['tutorial']) retrieved from /home/airflow/.local/lib/python3.7/site-packages/airflow/example_dags/tutorial.py
[2022-08-12 04:03:50,734] {logging_mixin.py:115} INFO - [2022-08-12 04:03:50,734] {dag.py:2420} INFO - Sync 1 DAGs
[2022-08-12 04:03:50,760] {logging_mixin.py:115} INFO - [2022-08-12 04:03:50,760] {dag.py:2972} INFO - Setting next_dagrun for tutorial to 2022-08-11T04:03:50.759951+00:00, run_after=2022-08-12T04:03:50.759951+00:00
[2022-08-12 04:03:50,777] {processor.py:161} INFO - Processing /home/airflow/.local/lib/python3.7/site-packages/airflow/example_dags/tutorial.py took 0.081 seconds
[2022-08-12 04:04:21,271] {processor.py:153} INFO - Started process (PID=29608) to work on /home/airflow/.local/lib/python3.7/site-packages/airflow/example_dags/tutorial.py
[2022-08-12 04:04:21,273] {processor.py:641} INFO - Processing file /home/airflow/.local/lib/python3.7/site-packages/airflow/example_dags/tutorial.py for tasks to queue
[2022-08-12 04:04:21,274] {logging_mixin.py:115} INFO - [2022-08-12 04:04:21,273] {dagbag.py:508} INFO - Filling up the DagBag from /home/airflow/.local/lib/python3.7/site-packages/airflow/example_dags/tutorial.py
[2022-08-12 04:04:21,281] {processor.py:651} INFO - DAG(s) dict_keys(['tutorial']) retrieved from /home/airflow/.local/lib/python3.7/site-packages/airflow/example_dags/tutorial.py
[2022-08-12 04:04:21,322] {logging_mixin.py:115} INFO - [2022-08-12 04:04:21,321] {dag.py:2420} INFO - Sync 1 DAGs
[2022-08-12 04:04:21,356] {logging_mixin.py:115} INFO - [2022-08-12 04:04:21,356] {dag.py:2972} INFO - Setting next_dagrun for tutorial to 2022-08-11T04:04:21.356338+00:00, run_after=2022-08-12T04:04:21.356338+00:00
[2022-08-12 04:04:21,377] {processor.py:161} INFO - Processing /home/airflow/.local/lib/python3.7/site-packages/airflow/example_dags/tutorial.py took 0.110 seconds
[2022-08-12 04:04:52,344] {processor.py:153} INFO - Started process (PID=29809) to work on /home/airflow/.local/lib/python3.7/site-packages/airflow/example_dags/tutorial.py
[2022-08-12 04:04:52,345] {processor.py:641} INFO - Processing file /home/airflow/.local/lib/python3.7/site-packages/airflow/example_dags/tutorial.py for tasks to queue
[2022-08-12 04:04:52,345] {logging_mixin.py:115} INFO - [2022-08-12 04:04:52,345] {dagbag.py:508} INFO - Filling up the DagBag from /home/airflow/.local/lib/python3.7/site-packages/airflow/example_dags/tutorial.py
[2022-08-12 04:04:52,352] {processor.py:651} INFO - DAG(s) dict_keys(['tutorial']) retrieved from /home/airflow/.local/lib/python3.7/site-packages/airflow/example_dags/tutorial.py
[2022-08-12 04:04:52,389] {logging_mixin.py:115} INFO - [2022-08-12 04:04:52,389] {dag.py:2420} INFO - Sync 1 DAGs
[2022-08-12 04:04:52,428] {logging_mixin.py:115} INFO - [2022-08-12 04:04:52,428] {dag.py:2972} INFO - Setting next_dagrun for tutorial to 2022-08-11T04:04:52.427006+00:00, run_after=2022-08-12T04:04:52.427006+00:00
[2022-08-12 04:04:52,449] {processor.py:161} INFO - Processing /home/airflow/.local/lib/python3.7/site-packages/airflow/example_dags/tutorial.py took 0.108 seconds
[2022-08-12 04:05:22,539] {processor.py:153} INFO - Started process (PID=30005) to work on /home/airflow/.local/lib/python3.7/site-packages/airflow/example_dags/tutorial.py
[2022-08-12 04:05:22,540] {processor.py:641} INFO - Processing file /home/airflow/.local/lib/python3.7/site-packages/airflow/example_dags/tutorial.py for tasks to queue
[2022-08-12 04:05:22,541] {logging_mixin.py:115} INFO - [2022-08-12 04:05:22,541] {dagbag.py:508} INFO - Filling up the DagBag from /home/airflow/.local/lib/python3.7/site-packages/airflow/example_dags/tutorial.py
[2022-08-12 04:05:22,550] {processor.py:651} INFO - DAG(s) dict_keys(['tutorial']) retrieved from /home/airflow/.local/lib/python3.7/site-packages/airflow/example_dags/tutorial.py
[2022-08-12 04:05:22,584] {logging_mixin.py:115} INFO - [2022-08-12 04:05:22,584] {dag.py:2420} INFO - Sync 1 DAGs
[2022-08-12 04:05:22,611] {logging_mixin.py:115} INFO - [2022-08-12 04:05:22,611] {dag.py:2972} INFO - Setting next_dagrun for tutorial to 2022-08-11T04:05:22.611252+00:00, run_after=2022-08-12T04:05:22.611252+00:00
[2022-08-12 04:05:22,634] {processor.py:161} INFO - Processing /home/airflow/.local/lib/python3.7/site-packages/airflow/example_dags/tutorial.py took 0.099 seconds
[2022-08-12 04:05:53,626] {processor.py:153} INFO - Started process (PID=30208) to work on /home/airflow/.local/lib/python3.7/site-packages/airflow/example_dags/tutorial.py
[2022-08-12 04:05:53,626] {processor.py:641} INFO - Processing file /home/airflow/.local/lib/python3.7/site-packages/airflow/example_dags/tutorial.py for tasks to queue
[2022-08-12 04:05:53,627] {logging_mixin.py:115} INFO - [2022-08-12 04:05:53,627] {dagbag.py:508} INFO - Filling up the DagBag from /home/airflow/.local/lib/python3.7/site-packages/airflow/example_dags/tutorial.py
[2022-08-12 04:05:53,632] {processor.py:651} INFO - DAG(s) dict_keys(['tutorial']) retrieved from /home/airflow/.local/lib/python3.7/site-packages/airflow/example_dags/tutorial.py
[2022-08-12 04:05:53,660] {logging_mixin.py:115} INFO - [2022-08-12 04:05:53,660] {dag.py:2420} INFO - Sync 1 DAGs
[2022-08-12 04:05:53,688] {logging_mixin.py:115} INFO - [2022-08-12 04:05:53,687] {dag.py:2972} INFO - Setting next_dagrun for tutorial to 2022-08-11T04:05:53.687630+00:00, run_after=2022-08-12T04:05:53.687630+00:00
[2022-08-12 04:05:53,703] {processor.py:161} INFO - Processing /home/airflow/.local/lib/python3.7/site-packages/airflow/example_dags/tutorial.py took 0.080 seconds
[2022-08-12 04:06:23,920] {processor.py:153} INFO - Started process (PID=30402) to work on /home/airflow/.local/lib/python3.7/site-packages/airflow/example_dags/tutorial.py
[2022-08-12 04:06:23,921] {processor.py:641} INFO - Processing file /home/airflow/.local/lib/python3.7/site-packages/airflow/example_dags/tutorial.py for tasks to queue
[2022-08-12 04:06:23,922] {logging_mixin.py:115} INFO - [2022-08-12 04:06:23,921] {dagbag.py:508} INFO - Filling up the DagBag from /home/airflow/.local/lib/python3.7/site-packages/airflow/example_dags/tutorial.py
[2022-08-12 04:06:23,927] {processor.py:651} INFO - DAG(s) dict_keys(['tutorial']) retrieved from /home/airflow/.local/lib/python3.7/site-packages/airflow/example_dags/tutorial.py
[2022-08-12 04:06:23,956] {logging_mixin.py:115} INFO - [2022-08-12 04:06:23,956] {dag.py:2420} INFO - Sync 1 DAGs
[2022-08-12 04:06:23,982] {logging_mixin.py:115} INFO - [2022-08-12 04:06:23,982] {dag.py:2972} INFO - Setting next_dagrun for tutorial to 2022-08-11T04:06:23.982568+00:00, run_after=2022-08-12T04:06:23.982568+00:00
[2022-08-12 04:06:23,996] {processor.py:161} INFO - Processing /home/airflow/.local/lib/python3.7/site-packages/airflow/example_dags/tutorial.py took 0.079 seconds
[2022-08-12 04:06:54,384] {processor.py:153} INFO - Started process (PID=30605) to work on /home/airflow/.local/lib/python3.7/site-packages/airflow/example_dags/tutorial.py
[2022-08-12 04:06:54,384] {processor.py:641} INFO - Processing file /home/airflow/.local/lib/python3.7/site-packages/airflow/example_dags/tutorial.py for tasks to queue
[2022-08-12 04:06:54,385] {logging_mixin.py:115} INFO - [2022-08-12 04:06:54,385] {dagbag.py:508} INFO - Filling up the DagBag from /home/airflow/.local/lib/python3.7/site-packages/airflow/example_dags/tutorial.py
[2022-08-12 04:06:54,393] {processor.py:651} INFO - DAG(s) dict_keys(['tutorial']) retrieved from /home/airflow/.local/lib/python3.7/site-packages/airflow/example_dags/tutorial.py
[2022-08-12 04:06:54,432] {logging_mixin.py:115} INFO - [2022-08-12 04:06:54,432] {dag.py:2420} INFO - Sync 1 DAGs
[2022-08-12 04:06:54,464] {logging_mixin.py:115} INFO - [2022-08-12 04:06:54,464] {dag.py:2972} INFO - Setting next_dagrun for tutorial to 2022-08-11T04:06:54.463959+00:00, run_after=2022-08-12T04:06:54.463959+00:00
[2022-08-12 04:06:54,482] {processor.py:161} INFO - Processing /home/airflow/.local/lib/python3.7/site-packages/airflow/example_dags/tutorial.py took 0.104 seconds
[2022-08-12 04:07:24,579] {processor.py:153} INFO - Started process (PID=30796) to work on /home/airflow/.local/lib/python3.7/site-packages/airflow/example_dags/tutorial.py
[2022-08-12 04:07:24,580] {processor.py:641} INFO - Processing file /home/airflow/.local/lib/python3.7/site-packages/airflow/example_dags/tutorial.py for tasks to queue
[2022-08-12 04:07:24,581] {logging_mixin.py:115} INFO - [2022-08-12 04:07:24,581] {dagbag.py:508} INFO - Filling up the DagBag from /home/airflow/.local/lib/python3.7/site-packages/airflow/example_dags/tutorial.py
[2022-08-12 04:07:24,587] {processor.py:651} INFO - DAG(s) dict_keys(['tutorial']) retrieved from /home/airflow/.local/lib/python3.7/site-packages/airflow/example_dags/tutorial.py
[2022-08-12 04:07:24,613] {logging_mixin.py:115} INFO - [2022-08-12 04:07:24,613] {dag.py:2420} INFO - Sync 1 DAGs
[2022-08-12 04:07:24,638] {logging_mixin.py:115} INFO - [2022-08-12 04:07:24,637] {dag.py:2972} INFO - Setting next_dagrun for tutorial to 2022-08-11T04:07:24.637509+00:00, run_after=2022-08-12T04:07:24.637509+00:00
[2022-08-12 04:07:24,657] {processor.py:161} INFO - Processing /home/airflow/.local/lib/python3.7/site-packages/airflow/example_dags/tutorial.py took 0.081 seconds
[2022-08-12 04:07:55,138] {processor.py:153} INFO - Started process (PID=31002) to work on /home/airflow/.local/lib/python3.7/site-packages/airflow/example_dags/tutorial.py
[2022-08-12 04:07:55,139] {processor.py:641} INFO - Processing file /home/airflow/.local/lib/python3.7/site-packages/airflow/example_dags/tutorial.py for tasks to queue
[2022-08-12 04:07:55,140] {logging_mixin.py:115} INFO - [2022-08-12 04:07:55,140] {dagbag.py:508} INFO - Filling up the DagBag from /home/airflow/.local/lib/python3.7/site-packages/airflow/example_dags/tutorial.py
[2022-08-12 04:07:55,148] {processor.py:651} INFO - DAG(s) dict_keys(['tutorial']) retrieved from /home/airflow/.local/lib/python3.7/site-packages/airflow/example_dags/tutorial.py
[2022-08-12 04:07:55,187] {logging_mixin.py:115} INFO - [2022-08-12 04:07:55,186] {dag.py:2420} INFO - Sync 1 DAGs
[2022-08-12 04:07:55,231] {logging_mixin.py:115} INFO - [2022-08-12 04:07:55,231] {dag.py:2972} INFO - Setting next_dagrun for tutorial to 2022-08-11T04:07:55.230791+00:00, run_after=2022-08-12T04:07:55.230791+00:00
[2022-08-12 04:07:55,249] {processor.py:161} INFO - Processing /home/airflow/.local/lib/python3.7/site-packages/airflow/example_dags/tutorial.py took 0.117 seconds
[2022-08-12 04:08:25,821] {processor.py:153} INFO - Started process (PID=31196) to work on /home/airflow/.local/lib/python3.7/site-packages/airflow/example_dags/tutorial.py
[2022-08-12 04:08:25,822] {processor.py:641} INFO - Processing file /home/airflow/.local/lib/python3.7/site-packages/airflow/example_dags/tutorial.py for tasks to queue
[2022-08-12 04:08:25,823] {logging_mixin.py:115} INFO - [2022-08-12 04:08:25,823] {dagbag.py:508} INFO - Filling up the DagBag from /home/airflow/.local/lib/python3.7/site-packages/airflow/example_dags/tutorial.py
[2022-08-12 04:08:25,830] {processor.py:651} INFO - DAG(s) dict_keys(['tutorial']) retrieved from /home/airflow/.local/lib/python3.7/site-packages/airflow/example_dags/tutorial.py
[2022-08-12 04:08:25,868] {logging_mixin.py:115} INFO - [2022-08-12 04:08:25,867] {dag.py:2420} INFO - Sync 1 DAGs
[2022-08-12 04:08:25,912] {logging_mixin.py:115} INFO - [2022-08-12 04:08:25,912] {dag.py:2972} INFO - Setting next_dagrun for tutorial to 2022-08-11T04:08:25.911920+00:00, run_after=2022-08-12T04:08:25.911920+00:00
[2022-08-12 04:08:25,936] {processor.py:161} INFO - Processing /home/airflow/.local/lib/python3.7/site-packages/airflow/example_dags/tutorial.py took 0.118 seconds
[2022-08-12 04:08:56,195] {processor.py:153} INFO - Started process (PID=31399) to work on /home/airflow/.local/lib/python3.7/site-packages/airflow/example_dags/tutorial.py
[2022-08-12 04:08:56,195] {processor.py:641} INFO - Processing file /home/airflow/.local/lib/python3.7/site-packages/airflow/example_dags/tutorial.py for tasks to queue
[2022-08-12 04:08:56,196] {logging_mixin.py:115} INFO - [2022-08-12 04:08:56,196] {dagbag.py:508} INFO - Filling up the DagBag from /home/airflow/.local/lib/python3.7/site-packages/airflow/example_dags/tutorial.py
[2022-08-12 04:08:56,204] {processor.py:651} INFO - DAG(s) dict_keys(['tutorial']) retrieved from /home/airflow/.local/lib/python3.7/site-packages/airflow/example_dags/tutorial.py
[2022-08-12 04:08:56,238] {logging_mixin.py:115} INFO - [2022-08-12 04:08:56,238] {dag.py:2420} INFO - Sync 1 DAGs
[2022-08-12 04:08:56,268] {logging_mixin.py:115} INFO - [2022-08-12 04:08:56,268] {dag.py:2972} INFO - Setting next_dagrun for tutorial to 2022-08-11T04:08:56.268051+00:00, run_after=2022-08-12T04:08:56.268051+00:00
[2022-08-12 04:08:56,296] {processor.py:161} INFO - Processing /home/airflow/.local/lib/python3.7/site-packages/airflow/example_dags/tutorial.py took 0.104 seconds
[2022-08-12 04:09:27,137] {processor.py:153} INFO - Started process (PID=31594) to work on /home/airflow/.local/lib/python3.7/site-packages/airflow/example_dags/tutorial.py
[2022-08-12 04:09:27,138] {processor.py:641} INFO - Processing file /home/airflow/.local/lib/python3.7/site-packages/airflow/example_dags/tutorial.py for tasks to queue
[2022-08-12 04:09:27,138] {logging_mixin.py:115} INFO - [2022-08-12 04:09:27,138] {dagbag.py:508} INFO - Filling up the DagBag from /home/airflow/.local/lib/python3.7/site-packages/airflow/example_dags/tutorial.py
[2022-08-12 04:09:27,145] {processor.py:651} INFO - DAG(s) dict_keys(['tutorial']) retrieved from /home/airflow/.local/lib/python3.7/site-packages/airflow/example_dags/tutorial.py
[2022-08-12 04:09:27,176] {logging_mixin.py:115} INFO - [2022-08-12 04:09:27,176] {dag.py:2420} INFO - Sync 1 DAGs
[2022-08-12 04:09:27,209] {logging_mixin.py:115} INFO - [2022-08-12 04:09:27,208] {dag.py:2972} INFO - Setting next_dagrun for tutorial to 2022-08-11T04:09:27.208524+00:00, run_after=2022-08-12T04:09:27.208524+00:00
[2022-08-12 04:09:27,226] {processor.py:161} INFO - Processing /home/airflow/.local/lib/python3.7/site-packages/airflow/example_dags/tutorial.py took 0.093 seconds
[2022-08-12 04:09:57,456] {processor.py:153} INFO - Started process (PID=31797) to work on /home/airflow/.local/lib/python3.7/site-packages/airflow/example_dags/tutorial.py
[2022-08-12 04:09:57,457] {processor.py:641} INFO - Processing file /home/airflow/.local/lib/python3.7/site-packages/airflow/example_dags/tutorial.py for tasks to queue
[2022-08-12 04:09:57,458] {logging_mixin.py:115} INFO - [2022-08-12 04:09:57,458] {dagbag.py:508} INFO - Filling up the DagBag from /home/airflow/.local/lib/python3.7/site-packages/airflow/example_dags/tutorial.py
[2022-08-12 04:09:57,467] {processor.py:651} INFO - DAG(s) dict_keys(['tutorial']) retrieved from /home/airflow/.local/lib/python3.7/site-packages/airflow/example_dags/tutorial.py
[2022-08-12 04:09:57,500] {logging_mixin.py:115} INFO - [2022-08-12 04:09:57,500] {dag.py:2420} INFO - Sync 1 DAGs
[2022-08-12 04:09:57,531] {logging_mixin.py:115} INFO - [2022-08-12 04:09:57,531] {dag.py:2972} INFO - Setting next_dagrun for tutorial to 2022-08-11T04:09:57.530808+00:00, run_after=2022-08-12T04:09:57.530808+00:00
[2022-08-12 04:09:57,549] {processor.py:161} INFO - Processing /home/airflow/.local/lib/python3.7/site-packages/airflow/example_dags/tutorial.py took 0.097 seconds
[2022-08-12 04:10:28,236] {processor.py:153} INFO - Started process (PID=31991) to work on /home/airflow/.local/lib/python3.7/site-packages/airflow/example_dags/tutorial.py
[2022-08-12 04:10:28,238] {processor.py:641} INFO - Processing file /home/airflow/.local/lib/python3.7/site-packages/airflow/example_dags/tutorial.py for tasks to queue
[2022-08-12 04:10:28,239] {logging_mixin.py:115} INFO - [2022-08-12 04:10:28,238] {dagbag.py:508} INFO - Filling up the DagBag from /home/airflow/.local/lib/python3.7/site-packages/airflow/example_dags/tutorial.py
[2022-08-12 04:10:28,246] {processor.py:651} INFO - DAG(s) dict_keys(['tutorial']) retrieved from /home/airflow/.local/lib/python3.7/site-packages/airflow/example_dags/tutorial.py
[2022-08-12 04:10:28,285] {logging_mixin.py:115} INFO - [2022-08-12 04:10:28,284] {dag.py:2420} INFO - Sync 1 DAGs
[2022-08-12 04:10:28,321] {logging_mixin.py:115} INFO - [2022-08-12 04:10:28,321] {dag.py:2972} INFO - Setting next_dagrun for tutorial to 2022-08-11T04:10:28.320776+00:00, run_after=2022-08-12T04:10:28.320776+00:00
[2022-08-12 04:10:28,348] {processor.py:161} INFO - Processing /home/airflow/.local/lib/python3.7/site-packages/airflow/example_dags/tutorial.py took 0.116 seconds
[2022-08-12 04:10:58,581] {processor.py:153} INFO - Started process (PID=32195) to work on /home/airflow/.local/lib/python3.7/site-packages/airflow/example_dags/tutorial.py
[2022-08-12 04:10:58,582] {processor.py:641} INFO - Processing file /home/airflow/.local/lib/python3.7/site-packages/airflow/example_dags/tutorial.py for tasks to queue
[2022-08-12 04:10:58,582] {logging_mixin.py:115} INFO - [2022-08-12 04:10:58,582] {dagbag.py:508} INFO - Filling up the DagBag from /home/airflow/.local/lib/python3.7/site-packages/airflow/example_dags/tutorial.py
[2022-08-12 04:10:58,590] {processor.py:651} INFO - DAG(s) dict_keys(['tutorial']) retrieved from /home/airflow/.local/lib/python3.7/site-packages/airflow/example_dags/tutorial.py
[2022-08-12 04:10:58,624] {logging_mixin.py:115} INFO - [2022-08-12 04:10:58,624] {dag.py:2420} INFO - Sync 1 DAGs
[2022-08-12 04:10:58,656] {logging_mixin.py:115} INFO - [2022-08-12 04:10:58,655] {dag.py:2972} INFO - Setting next_dagrun for tutorial to 2022-08-11T04:10:58.655527+00:00, run_after=2022-08-12T04:10:58.655527+00:00
[2022-08-12 04:10:58,673] {processor.py:161} INFO - Processing /home/airflow/.local/lib/python3.7/site-packages/airflow/example_dags/tutorial.py took 0.096 seconds
[2022-08-12 04:11:28,962] {processor.py:153} INFO - Started process (PID=32389) to work on /home/airflow/.local/lib/python3.7/site-packages/airflow/example_dags/tutorial.py
[2022-08-12 04:11:28,963] {processor.py:641} INFO - Processing file /home/airflow/.local/lib/python3.7/site-packages/airflow/example_dags/tutorial.py for tasks to queue
[2022-08-12 04:11:28,964] {logging_mixin.py:115} INFO - [2022-08-12 04:11:28,963] {dagbag.py:508} INFO - Filling up the DagBag from /home/airflow/.local/lib/python3.7/site-packages/airflow/example_dags/tutorial.py
[2022-08-12 04:11:28,968] {processor.py:651} INFO - DAG(s) dict_keys(['tutorial']) retrieved from /home/airflow/.local/lib/python3.7/site-packages/airflow/example_dags/tutorial.py
[2022-08-12 04:11:28,996] {logging_mixin.py:115} INFO - [2022-08-12 04:11:28,996] {dag.py:2420} INFO - Sync 1 DAGs
[2022-08-12 04:11:29,021] {logging_mixin.py:115} INFO - [2022-08-12 04:11:29,021] {dag.py:2972} INFO - Setting next_dagrun for tutorial to 2022-08-11T04:11:29.021101+00:00, run_after=2022-08-12T04:11:29.021101+00:00
[2022-08-12 04:11:29,038] {processor.py:161} INFO - Processing /home/airflow/.local/lib/python3.7/site-packages/airflow/example_dags/tutorial.py took 0.079 seconds
[2022-08-12 04:11:59,113] {processor.py:153} INFO - Started process (PID=32587) to work on /home/airflow/.local/lib/python3.7/site-packages/airflow/example_dags/tutorial.py
[2022-08-12 04:11:59,114] {processor.py:641} INFO - Processing file /home/airflow/.local/lib/python3.7/site-packages/airflow/example_dags/tutorial.py for tasks to queue
[2022-08-12 04:11:59,114] {logging_mixin.py:115} INFO - [2022-08-12 04:11:59,114] {dagbag.py:508} INFO - Filling up the DagBag from /home/airflow/.local/lib/python3.7/site-packages/airflow/example_dags/tutorial.py
[2022-08-12 04:11:59,121] {processor.py:651} INFO - DAG(s) dict_keys(['tutorial']) retrieved from /home/airflow/.local/lib/python3.7/site-packages/airflow/example_dags/tutorial.py
[2022-08-12 04:11:59,155] {logging_mixin.py:115} INFO - [2022-08-12 04:11:59,155] {dag.py:2420} INFO - Sync 1 DAGs
[2022-08-12 04:11:59,183] {logging_mixin.py:115} INFO - [2022-08-12 04:11:59,183] {dag.py:2972} INFO - Setting next_dagrun for tutorial to 2022-08-11T04:11:59.182960+00:00, run_after=2022-08-12T04:11:59.182960+00:00
[2022-08-12 04:11:59,211] {processor.py:161} INFO - Processing /home/airflow/.local/lib/python3.7/site-packages/airflow/example_dags/tutorial.py took 0.103 seconds
[2022-08-12 04:12:29,766] {processor.py:153} INFO - Started process (PID=318) to work on /home/airflow/.local/lib/python3.7/site-packages/airflow/example_dags/tutorial.py
[2022-08-12 04:12:29,767] {processor.py:641} INFO - Processing file /home/airflow/.local/lib/python3.7/site-packages/airflow/example_dags/tutorial.py for tasks to queue
[2022-08-12 04:12:29,768] {logging_mixin.py:115} INFO - [2022-08-12 04:12:29,768] {dagbag.py:508} INFO - Filling up the DagBag from /home/airflow/.local/lib/python3.7/site-packages/airflow/example_dags/tutorial.py
[2022-08-12 04:12:29,776] {processor.py:651} INFO - DAG(s) dict_keys(['tutorial']) retrieved from /home/airflow/.local/lib/python3.7/site-packages/airflow/example_dags/tutorial.py
[2022-08-12 04:12:29,810] {logging_mixin.py:115} INFO - [2022-08-12 04:12:29,810] {dag.py:2420} INFO - Sync 1 DAGs
[2022-08-12 04:12:29,843] {logging_mixin.py:115} INFO - [2022-08-12 04:12:29,842] {dag.py:2972} INFO - Setting next_dagrun for tutorial to 2022-08-11T04:12:29.842586+00:00, run_after=2022-08-12T04:12:29.842586+00:00
[2022-08-12 04:12:29,864] {processor.py:161} INFO - Processing /home/airflow/.local/lib/python3.7/site-packages/airflow/example_dags/tutorial.py took 0.104 seconds
[2022-08-12 04:13:00,148] {processor.py:153} INFO - Started process (PID=521) to work on /home/airflow/.local/lib/python3.7/site-packages/airflow/example_dags/tutorial.py
[2022-08-12 04:13:00,150] {processor.py:641} INFO - Processing file /home/airflow/.local/lib/python3.7/site-packages/airflow/example_dags/tutorial.py for tasks to queue
[2022-08-12 04:13:00,150] {logging_mixin.py:115} INFO - [2022-08-12 04:13:00,150] {dagbag.py:508} INFO - Filling up the DagBag from /home/airflow/.local/lib/python3.7/site-packages/airflow/example_dags/tutorial.py
[2022-08-12 04:13:00,158] {processor.py:651} INFO - DAG(s) dict_keys(['tutorial']) retrieved from /home/airflow/.local/lib/python3.7/site-packages/airflow/example_dags/tutorial.py
[2022-08-12 04:13:00,192] {logging_mixin.py:115} INFO - [2022-08-12 04:13:00,192] {dag.py:2420} INFO - Sync 1 DAGs
[2022-08-12 04:13:00,230] {logging_mixin.py:115} INFO - [2022-08-12 04:13:00,230] {dag.py:2972} INFO - Setting next_dagrun for tutorial to 2022-08-11T04:13:00.229720+00:00, run_after=2022-08-12T04:13:00.229720+00:00
[2022-08-12 04:13:00,250] {processor.py:161} INFO - Processing /home/airflow/.local/lib/python3.7/site-packages/airflow/example_dags/tutorial.py took 0.105 seconds
[2022-08-12 04:13:30,570] {processor.py:153} INFO - Started process (PID=715) to work on /home/airflow/.local/lib/python3.7/site-packages/airflow/example_dags/tutorial.py
[2022-08-12 04:13:30,571] {processor.py:641} INFO - Processing file /home/airflow/.local/lib/python3.7/site-packages/airflow/example_dags/tutorial.py for tasks to queue
[2022-08-12 04:13:30,572] {logging_mixin.py:115} INFO - [2022-08-12 04:13:30,572] {dagbag.py:508} INFO - Filling up the DagBag from /home/airflow/.local/lib/python3.7/site-packages/airflow/example_dags/tutorial.py
[2022-08-12 04:13:30,578] {processor.py:651} INFO - DAG(s) dict_keys(['tutorial']) retrieved from /home/airflow/.local/lib/python3.7/site-packages/airflow/example_dags/tutorial.py
[2022-08-12 04:13:30,609] {logging_mixin.py:115} INFO - [2022-08-12 04:13:30,609] {dag.py:2420} INFO - Sync 1 DAGs
[2022-08-12 04:13:30,637] {logging_mixin.py:115} INFO - [2022-08-12 04:13:30,637] {dag.py:2972} INFO - Setting next_dagrun for tutorial to 2022-08-11T04:13:30.636933+00:00, run_after=2022-08-12T04:13:30.636933+00:00
[2022-08-12 04:13:30,654] {processor.py:161} INFO - Processing /home/airflow/.local/lib/python3.7/site-packages/airflow/example_dags/tutorial.py took 0.087 seconds
[2022-08-12 04:14:01,132] {processor.py:153} INFO - Started process (PID=918) to work on /home/airflow/.local/lib/python3.7/site-packages/airflow/example_dags/tutorial.py
[2022-08-12 04:14:01,133] {processor.py:641} INFO - Processing file /home/airflow/.local/lib/python3.7/site-packages/airflow/example_dags/tutorial.py for tasks to queue
[2022-08-12 04:14:01,134] {logging_mixin.py:115} INFO - [2022-08-12 04:14:01,133] {dagbag.py:508} INFO - Filling up the DagBag from /home/airflow/.local/lib/python3.7/site-packages/airflow/example_dags/tutorial.py
[2022-08-12 04:14:01,139] {processor.py:651} INFO - DAG(s) dict_keys(['tutorial']) retrieved from /home/airflow/.local/lib/python3.7/site-packages/airflow/example_dags/tutorial.py
[2022-08-12 04:14:01,167] {logging_mixin.py:115} INFO - [2022-08-12 04:14:01,166] {dag.py:2420} INFO - Sync 1 DAGs
[2022-08-12 04:14:01,193] {logging_mixin.py:115} INFO - [2022-08-12 04:14:01,193] {dag.py:2972} INFO - Setting next_dagrun for tutorial to 2022-08-11T04:14:01.192983+00:00, run_after=2022-08-12T04:14:01.192983+00:00
[2022-08-12 04:14:01,208] {processor.py:161} INFO - Processing /home/airflow/.local/lib/python3.7/site-packages/airflow/example_dags/tutorial.py took 0.079 seconds
[2022-08-12 04:14:31,366] {processor.py:153} INFO - Started process (PID=1112) to work on /home/airflow/.local/lib/python3.7/site-packages/airflow/example_dags/tutorial.py
[2022-08-12 04:14:31,367] {processor.py:641} INFO - Processing file /home/airflow/.local/lib/python3.7/site-packages/airflow/example_dags/tutorial.py for tasks to queue
[2022-08-12 04:14:31,368] {logging_mixin.py:115} INFO - [2022-08-12 04:14:31,368] {dagbag.py:508} INFO - Filling up the DagBag from /home/airflow/.local/lib/python3.7/site-packages/airflow/example_dags/tutorial.py
[2022-08-12 04:14:31,374] {processor.py:651} INFO - DAG(s) dict_keys(['tutorial']) retrieved from /home/airflow/.local/lib/python3.7/site-packages/airflow/example_dags/tutorial.py
[2022-08-12 04:14:31,407] {logging_mixin.py:115} INFO - [2022-08-12 04:14:31,407] {dag.py:2420} INFO - Sync 1 DAGs
[2022-08-12 04:14:31,442] {logging_mixin.py:115} INFO - [2022-08-12 04:14:31,441] {dag.py:2972} INFO - Setting next_dagrun for tutorial to 2022-08-11T04:14:31.441585+00:00, run_after=2022-08-12T04:14:31.441585+00:00
[2022-08-12 04:14:31,462] {processor.py:161} INFO - Processing /home/airflow/.local/lib/python3.7/site-packages/airflow/example_dags/tutorial.py took 0.099 seconds
[2022-08-12 04:15:01,567] {processor.py:153} INFO - Started process (PID=1315) to work on /home/airflow/.local/lib/python3.7/site-packages/airflow/example_dags/tutorial.py
[2022-08-12 04:15:01,568] {processor.py:641} INFO - Processing file /home/airflow/.local/lib/python3.7/site-packages/airflow/example_dags/tutorial.py for tasks to queue
[2022-08-12 04:15:01,569] {logging_mixin.py:115} INFO - [2022-08-12 04:15:01,569] {dagbag.py:508} INFO - Filling up the DagBag from /home/airflow/.local/lib/python3.7/site-packages/airflow/example_dags/tutorial.py
[2022-08-12 04:15:01,574] {processor.py:651} INFO - DAG(s) dict_keys(['tutorial']) retrieved from /home/airflow/.local/lib/python3.7/site-packages/airflow/example_dags/tutorial.py
[2022-08-12 04:15:01,601] {logging_mixin.py:115} INFO - [2022-08-12 04:15:01,601] {dag.py:2420} INFO - Sync 1 DAGs
[2022-08-12 04:15:01,632] {logging_mixin.py:115} INFO - [2022-08-12 04:15:01,632] {dag.py:2972} INFO - Setting next_dagrun for tutorial to 2022-08-11T04:15:01.632274+00:00, run_after=2022-08-12T04:15:01.632274+00:00
[2022-08-12 04:15:01,647] {processor.py:161} INFO - Processing /home/airflow/.local/lib/python3.7/site-packages/airflow/example_dags/tutorial.py took 0.083 seconds
[2022-08-12 04:15:31,863] {processor.py:153} INFO - Started process (PID=1511) to work on /home/airflow/.local/lib/python3.7/site-packages/airflow/example_dags/tutorial.py
[2022-08-12 04:15:31,864] {processor.py:641} INFO - Processing file /home/airflow/.local/lib/python3.7/site-packages/airflow/example_dags/tutorial.py for tasks to queue
[2022-08-12 04:15:31,865] {logging_mixin.py:115} INFO - [2022-08-12 04:15:31,865] {dagbag.py:508} INFO - Filling up the DagBag from /home/airflow/.local/lib/python3.7/site-packages/airflow/example_dags/tutorial.py
[2022-08-12 04:15:31,871] {processor.py:651} INFO - DAG(s) dict_keys(['tutorial']) retrieved from /home/airflow/.local/lib/python3.7/site-packages/airflow/example_dags/tutorial.py
[2022-08-12 04:15:31,903] {logging_mixin.py:115} INFO - [2022-08-12 04:15:31,903] {dag.py:2420} INFO - Sync 1 DAGs
[2022-08-12 04:15:31,930] {logging_mixin.py:115} INFO - [2022-08-12 04:15:31,930] {dag.py:2972} INFO - Setting next_dagrun for tutorial to 2022-08-11T04:15:31.930356+00:00, run_after=2022-08-12T04:15:31.930356+00:00
[2022-08-12 04:15:31,951] {processor.py:161} INFO - Processing /home/airflow/.local/lib/python3.7/site-packages/airflow/example_dags/tutorial.py took 0.091 seconds
[2022-08-12 04:16:02,659] {processor.py:153} INFO - Started process (PID=1711) to work on /home/airflow/.local/lib/python3.7/site-packages/airflow/example_dags/tutorial.py
[2022-08-12 04:16:02,660] {processor.py:641} INFO - Processing file /home/airflow/.local/lib/python3.7/site-packages/airflow/example_dags/tutorial.py for tasks to queue
[2022-08-12 04:16:02,661] {logging_mixin.py:115} INFO - [2022-08-12 04:16:02,661] {dagbag.py:508} INFO - Filling up the DagBag from /home/airflow/.local/lib/python3.7/site-packages/airflow/example_dags/tutorial.py
[2022-08-12 04:16:02,667] {processor.py:651} INFO - DAG(s) dict_keys(['tutorial']) retrieved from /home/airflow/.local/lib/python3.7/site-packages/airflow/example_dags/tutorial.py
[2022-08-12 04:16:02,700] {logging_mixin.py:115} INFO - [2022-08-12 04:16:02,700] {dag.py:2420} INFO - Sync 1 DAGs
[2022-08-12 04:16:02,736] {logging_mixin.py:115} INFO - [2022-08-12 04:16:02,736] {dag.py:2972} INFO - Setting next_dagrun for tutorial to 2022-08-11T04:16:02.735722+00:00, run_after=2022-08-12T04:16:02.735722+00:00
[2022-08-12 04:16:02,759] {processor.py:161} INFO - Processing /home/airflow/.local/lib/python3.7/site-packages/airflow/example_dags/tutorial.py took 0.104 seconds
[2022-08-12 04:16:33,072] {processor.py:153} INFO - Started process (PID=1905) to work on /home/airflow/.local/lib/python3.7/site-packages/airflow/example_dags/tutorial.py
[2022-08-12 04:16:33,074] {processor.py:641} INFO - Processing file /home/airflow/.local/lib/python3.7/site-packages/airflow/example_dags/tutorial.py for tasks to queue
[2022-08-12 04:16:33,075] {logging_mixin.py:115} INFO - [2022-08-12 04:16:33,075] {dagbag.py:508} INFO - Filling up the DagBag from /home/airflow/.local/lib/python3.7/site-packages/airflow/example_dags/tutorial.py
[2022-08-12 04:16:33,086] {processor.py:651} INFO - DAG(s) dict_keys(['tutorial']) retrieved from /home/airflow/.local/lib/python3.7/site-packages/airflow/example_dags/tutorial.py
[2022-08-12 04:16:33,123] {logging_mixin.py:115} INFO - [2022-08-12 04:16:33,123] {dag.py:2420} INFO - Sync 1 DAGs
[2022-08-12 04:16:33,164] {logging_mixin.py:115} INFO - [2022-08-12 04:16:33,164] {dag.py:2972} INFO - Setting next_dagrun for tutorial to 2022-08-11T04:16:33.164479+00:00, run_after=2022-08-12T04:16:33.164479+00:00
[2022-08-12 04:16:33,186] {processor.py:161} INFO - Processing /home/airflow/.local/lib/python3.7/site-packages/airflow/example_dags/tutorial.py took 0.119 seconds
[2022-08-12 04:17:03,394] {processor.py:153} INFO - Started process (PID=2108) to work on /home/airflow/.local/lib/python3.7/site-packages/airflow/example_dags/tutorial.py
[2022-08-12 04:17:03,395] {processor.py:641} INFO - Processing file /home/airflow/.local/lib/python3.7/site-packages/airflow/example_dags/tutorial.py for tasks to queue
[2022-08-12 04:17:03,396] {logging_mixin.py:115} INFO - [2022-08-12 04:17:03,395] {dagbag.py:508} INFO - Filling up the DagBag from /home/airflow/.local/lib/python3.7/site-packages/airflow/example_dags/tutorial.py
[2022-08-12 04:17:03,402] {processor.py:651} INFO - DAG(s) dict_keys(['tutorial']) retrieved from /home/airflow/.local/lib/python3.7/site-packages/airflow/example_dags/tutorial.py
[2022-08-12 04:17:03,439] {logging_mixin.py:115} INFO - [2022-08-12 04:17:03,439] {dag.py:2420} INFO - Sync 1 DAGs
[2022-08-12 04:17:03,472] {logging_mixin.py:115} INFO - [2022-08-12 04:17:03,472] {dag.py:2972} INFO - Setting next_dagrun for tutorial to 2022-08-11T04:17:03.471822+00:00, run_after=2022-08-12T04:17:03.471822+00:00
[2022-08-12 04:17:03,491] {processor.py:161} INFO - Processing /home/airflow/.local/lib/python3.7/site-packages/airflow/example_dags/tutorial.py took 0.101 seconds
[2022-08-12 04:17:33,865] {processor.py:153} INFO - Started process (PID=2302) to work on /home/airflow/.local/lib/python3.7/site-packages/airflow/example_dags/tutorial.py
[2022-08-12 04:17:33,866] {processor.py:641} INFO - Processing file /home/airflow/.local/lib/python3.7/site-packages/airflow/example_dags/tutorial.py for tasks to queue
[2022-08-12 04:17:33,867] {logging_mixin.py:115} INFO - [2022-08-12 04:17:33,867] {dagbag.py:508} INFO - Filling up the DagBag from /home/airflow/.local/lib/python3.7/site-packages/airflow/example_dags/tutorial.py
[2022-08-12 04:17:33,873] {processor.py:651} INFO - DAG(s) dict_keys(['tutorial']) retrieved from /home/airflow/.local/lib/python3.7/site-packages/airflow/example_dags/tutorial.py
[2022-08-12 04:17:33,911] {logging_mixin.py:115} INFO - [2022-08-12 04:17:33,911] {dag.py:2420} INFO - Sync 1 DAGs
[2022-08-12 04:17:33,966] {logging_mixin.py:115} INFO - [2022-08-12 04:17:33,965] {dag.py:2972} INFO - Setting next_dagrun for tutorial to 2022-08-11T04:17:33.965410+00:00, run_after=2022-08-12T04:17:33.965410+00:00
[2022-08-12 04:17:33,993] {processor.py:161} INFO - Processing /home/airflow/.local/lib/python3.7/site-packages/airflow/example_dags/tutorial.py took 0.133 seconds
[2022-08-12 04:18:04,433] {processor.py:153} INFO - Started process (PID=2505) to work on /home/airflow/.local/lib/python3.7/site-packages/airflow/example_dags/tutorial.py
[2022-08-12 04:18:04,434] {processor.py:641} INFO - Processing file /home/airflow/.local/lib/python3.7/site-packages/airflow/example_dags/tutorial.py for tasks to queue
[2022-08-12 04:18:04,435] {logging_mixin.py:115} INFO - [2022-08-12 04:18:04,435] {dagbag.py:508} INFO - Filling up the DagBag from /home/airflow/.local/lib/python3.7/site-packages/airflow/example_dags/tutorial.py
[2022-08-12 04:18:04,441] {processor.py:651} INFO - DAG(s) dict_keys(['tutorial']) retrieved from /home/airflow/.local/lib/python3.7/site-packages/airflow/example_dags/tutorial.py
[2022-08-12 04:18:04,475] {logging_mixin.py:115} INFO - [2022-08-12 04:18:04,475] {dag.py:2420} INFO - Sync 1 DAGs
[2022-08-12 04:18:04,510] {logging_mixin.py:115} INFO - [2022-08-12 04:18:04,510] {dag.py:2972} INFO - Setting next_dagrun for tutorial to 2022-08-11T04:18:04.510341+00:00, run_after=2022-08-12T04:18:04.510341+00:00
[2022-08-12 04:18:04,528] {processor.py:161} INFO - Processing /home/airflow/.local/lib/python3.7/site-packages/airflow/example_dags/tutorial.py took 0.098 seconds
[2022-08-12 04:18:34,655] {processor.py:153} INFO - Started process (PID=2699) to work on /home/airflow/.local/lib/python3.7/site-packages/airflow/example_dags/tutorial.py
[2022-08-12 04:18:34,656] {processor.py:641} INFO - Processing file /home/airflow/.local/lib/python3.7/site-packages/airflow/example_dags/tutorial.py for tasks to queue
[2022-08-12 04:18:34,657] {logging_mixin.py:115} INFO - [2022-08-12 04:18:34,657] {dagbag.py:508} INFO - Filling up the DagBag from /home/airflow/.local/lib/python3.7/site-packages/airflow/example_dags/tutorial.py
[2022-08-12 04:18:34,665] {processor.py:651} INFO - DAG(s) dict_keys(['tutorial']) retrieved from /home/airflow/.local/lib/python3.7/site-packages/airflow/example_dags/tutorial.py
[2022-08-12 04:18:34,704] {logging_mixin.py:115} INFO - [2022-08-12 04:18:34,704] {dag.py:2420} INFO - Sync 1 DAGs
[2022-08-12 04:18:34,738] {logging_mixin.py:115} INFO - [2022-08-12 04:18:34,738] {dag.py:2972} INFO - Setting next_dagrun for tutorial to 2022-08-11T04:18:34.738275+00:00, run_after=2022-08-12T04:18:34.738275+00:00
[2022-08-12 04:18:34,761] {processor.py:161} INFO - Processing /home/airflow/.local/lib/python3.7/site-packages/airflow/example_dags/tutorial.py took 0.110 seconds
