[2022-08-14 23:27:57,800] {taskinstance.py:1179} INFO - Dependencies all met for <TaskInstance: csv_dag.yr_mk_price_dag scheduled__2022-08-13T00:00:00+00:00 [queued]>
[2022-08-14 23:27:57,822] {taskinstance.py:1179} INFO - Dependencies all met for <TaskInstance: csv_dag.yr_mk_price_dag scheduled__2022-08-13T00:00:00+00:00 [queued]>
[2022-08-14 23:27:57,824] {taskinstance.py:1376} INFO - 
--------------------------------------------------------------------------------
[2022-08-14 23:27:57,824] {taskinstance.py:1377} INFO - Starting attempt 1 of 2
[2022-08-14 23:27:57,826] {taskinstance.py:1378} INFO - 
--------------------------------------------------------------------------------
[2022-08-14 23:27:57,861] {taskinstance.py:1397} INFO - Executing <Task(PythonOperator): yr_mk_price_dag> on 2022-08-13 00:00:00+00:00
[2022-08-14 23:27:57,874] {standard_task_runner.py:52} INFO - Started process 12191 to run task
[2022-08-14 23:27:57,884] {standard_task_runner.py:79} INFO - Running: ['***', 'tasks', 'run', 'csv_dag', 'yr_mk_price_dag', 'scheduled__2022-08-13T00:00:00+00:00', '--job-id', '182', '--raw', '--subdir', 'DAGS_FOLDER/testDag.py', '--cfg-path', '/tmp/tmp5tkr23oa', '--error-file', '/tmp/tmpiw6zqadf']
[2022-08-14 23:27:57,888] {standard_task_runner.py:80} INFO - Job 182: Subtask yr_mk_price_dag
[2022-08-14 23:27:58,116] {task_command.py:371} INFO - Running <TaskInstance: csv_dag.yr_mk_price_dag scheduled__2022-08-13T00:00:00+00:00 [running]> on host 36e1df4dd6ce
[2022-08-14 23:27:58,476] {taskinstance.py:1591} INFO - Exporting the following env vars:
AIRFLOW_CTX_DAG_OWNER=***
AIRFLOW_CTX_DAG_ID=csv_dag
AIRFLOW_CTX_TASK_ID=yr_mk_price_dag
AIRFLOW_CTX_EXECUTION_DATE=2022-08-13T00:00:00+00:00
AIRFLOW_CTX_TRY_NUMBER=1
AIRFLOW_CTX_DAG_RUN_ID=scheduled__2022-08-13T00:00:00+00:00
[2022-08-14 23:28:40,129] {python.py:173} INFO - Done. Returned value was: None
[2022-08-14 23:28:40,144] {taskinstance.py:1420} INFO - Marking task as SUCCESS. dag_id=csv_dag, task_id=yr_mk_price_dag, execution_date=20220813T000000, start_date=20220814T232757, end_date=20220814T232840
[2022-08-14 23:28:40,186] {local_task_job.py:156} INFO - Task exited with return code 0
[2022-08-14 23:28:40,297] {local_task_job.py:273} INFO - 0 downstream tasks scheduled from follow-on schedule check
