[2022-10-06T00:00:01.765+0000] {processor.py:156} INFO - Started process (PID=2268) to work on /home/airflow/.local/lib/python3.7/site-packages/airflow/example_dags/example_local_kubernetes_executor.py
[2022-10-06T00:00:01.766+0000] {processor.py:758} INFO - Processing file /home/airflow/.local/lib/python3.7/site-packages/airflow/example_dags/example_local_kubernetes_executor.py for tasks to queue
[2022-10-06T00:00:01.767+0000] {logging_mixin.py:117} INFO - [2022-10-06T00:00:01.767+0000] {dagbag.py:525} INFO - Filling up the DagBag from /home/airflow/.local/lib/python3.7/site-packages/airflow/example_dags/example_local_kubernetes_executor.py
[2022-10-06T00:00:01.797+0000] {processor.py:768} INFO - DAG(s) dict_keys(['example_local_kubernetes_executor']) retrieved from /home/airflow/.local/lib/python3.7/site-packages/airflow/example_dags/example_local_kubernetes_executor.py
[2022-10-06T00:00:01.847+0000] {logging_mixin.py:117} INFO - [2022-10-06T00:00:01.847+0000] {dag.py:2573} INFO - Sync 1 DAGs
[2022-10-06T00:00:01.881+0000] {logging_mixin.py:117} INFO - [2022-10-06T00:00:01.880+0000] {dag.py:3328} INFO - Setting next_dagrun for example_local_kubernetes_executor to None, run_after=None
[2022-10-06T00:00:01.910+0000] {processor.py:178} INFO - Processing /home/airflow/.local/lib/python3.7/site-packages/airflow/example_dags/example_local_kubernetes_executor.py took 0.149 seconds
[2022-10-06T00:00:32.581+0000] {processor.py:156} INFO - Started process (PID=2324) to work on /home/airflow/.local/lib/python3.7/site-packages/airflow/example_dags/example_local_kubernetes_executor.py
[2022-10-06T00:00:32.582+0000] {processor.py:758} INFO - Processing file /home/airflow/.local/lib/python3.7/site-packages/airflow/example_dags/example_local_kubernetes_executor.py for tasks to queue
[2022-10-06T00:00:32.583+0000] {logging_mixin.py:117} INFO - [2022-10-06T00:00:32.583+0000] {dagbag.py:525} INFO - Filling up the DagBag from /home/airflow/.local/lib/python3.7/site-packages/airflow/example_dags/example_local_kubernetes_executor.py
[2022-10-06T00:00:32.641+0000] {processor.py:768} INFO - DAG(s) dict_keys(['example_local_kubernetes_executor']) retrieved from /home/airflow/.local/lib/python3.7/site-packages/airflow/example_dags/example_local_kubernetes_executor.py
[2022-10-06T00:00:32.725+0000] {logging_mixin.py:117} INFO - [2022-10-06T00:00:32.725+0000] {dag.py:2573} INFO - Sync 1 DAGs
[2022-10-06T00:00:32.776+0000] {logging_mixin.py:117} INFO - [2022-10-06T00:00:32.776+0000] {dag.py:3328} INFO - Setting next_dagrun for example_local_kubernetes_executor to None, run_after=None
[2022-10-06T00:00:32.809+0000] {processor.py:178} INFO - Processing /home/airflow/.local/lib/python3.7/site-packages/airflow/example_dags/example_local_kubernetes_executor.py took 0.232 seconds
[2022-10-06T00:01:03.492+0000] {processor.py:156} INFO - Started process (PID=2388) to work on /home/airflow/.local/lib/python3.7/site-packages/airflow/example_dags/example_local_kubernetes_executor.py
[2022-10-06T00:01:03.493+0000] {processor.py:758} INFO - Processing file /home/airflow/.local/lib/python3.7/site-packages/airflow/example_dags/example_local_kubernetes_executor.py for tasks to queue
[2022-10-06T00:01:03.494+0000] {logging_mixin.py:117} INFO - [2022-10-06T00:01:03.494+0000] {dagbag.py:525} INFO - Filling up the DagBag from /home/airflow/.local/lib/python3.7/site-packages/airflow/example_dags/example_local_kubernetes_executor.py
[2022-10-06T00:01:03.521+0000] {processor.py:768} INFO - DAG(s) dict_keys(['example_local_kubernetes_executor']) retrieved from /home/airflow/.local/lib/python3.7/site-packages/airflow/example_dags/example_local_kubernetes_executor.py
[2022-10-06T00:01:03.565+0000] {logging_mixin.py:117} INFO - [2022-10-06T00:01:03.565+0000] {dag.py:2573} INFO - Sync 1 DAGs
[2022-10-06T00:01:03.595+0000] {logging_mixin.py:117} INFO - [2022-10-06T00:01:03.595+0000] {dag.py:3328} INFO - Setting next_dagrun for example_local_kubernetes_executor to None, run_after=None
[2022-10-06T00:01:03.630+0000] {processor.py:178} INFO - Processing /home/airflow/.local/lib/python3.7/site-packages/airflow/example_dags/example_local_kubernetes_executor.py took 0.141 seconds
[2022-10-06T00:01:34.196+0000] {processor.py:156} INFO - Started process (PID=2453) to work on /home/airflow/.local/lib/python3.7/site-packages/airflow/example_dags/example_local_kubernetes_executor.py
[2022-10-06T00:01:34.197+0000] {processor.py:758} INFO - Processing file /home/airflow/.local/lib/python3.7/site-packages/airflow/example_dags/example_local_kubernetes_executor.py for tasks to queue
[2022-10-06T00:01:34.199+0000] {logging_mixin.py:117} INFO - [2022-10-06T00:01:34.199+0000] {dagbag.py:525} INFO - Filling up the DagBag from /home/airflow/.local/lib/python3.7/site-packages/airflow/example_dags/example_local_kubernetes_executor.py
[2022-10-06T00:01:34.225+0000] {processor.py:768} INFO - DAG(s) dict_keys(['example_local_kubernetes_executor']) retrieved from /home/airflow/.local/lib/python3.7/site-packages/airflow/example_dags/example_local_kubernetes_executor.py
[2022-10-06T00:01:34.277+0000] {logging_mixin.py:117} INFO - [2022-10-06T00:01:34.276+0000] {dag.py:2573} INFO - Sync 1 DAGs
[2022-10-06T00:01:34.322+0000] {logging_mixin.py:117} INFO - [2022-10-06T00:01:34.321+0000] {dag.py:3328} INFO - Setting next_dagrun for example_local_kubernetes_executor to None, run_after=None
[2022-10-06T00:01:34.368+0000] {processor.py:178} INFO - Processing /home/airflow/.local/lib/python3.7/site-packages/airflow/example_dags/example_local_kubernetes_executor.py took 0.174 seconds
[2022-10-06T00:02:04.531+0000] {processor.py:156} INFO - Started process (PID=2509) to work on /home/airflow/.local/lib/python3.7/site-packages/airflow/example_dags/example_local_kubernetes_executor.py
[2022-10-06T00:02:04.532+0000] {processor.py:758} INFO - Processing file /home/airflow/.local/lib/python3.7/site-packages/airflow/example_dags/example_local_kubernetes_executor.py for tasks to queue
[2022-10-06T00:02:04.533+0000] {logging_mixin.py:117} INFO - [2022-10-06T00:02:04.533+0000] {dagbag.py:525} INFO - Filling up the DagBag from /home/airflow/.local/lib/python3.7/site-packages/airflow/example_dags/example_local_kubernetes_executor.py
[2022-10-06T00:02:04.561+0000] {processor.py:768} INFO - DAG(s) dict_keys(['example_local_kubernetes_executor']) retrieved from /home/airflow/.local/lib/python3.7/site-packages/airflow/example_dags/example_local_kubernetes_executor.py
[2022-10-06T00:02:04.614+0000] {logging_mixin.py:117} INFO - [2022-10-06T00:02:04.613+0000] {dag.py:2573} INFO - Sync 1 DAGs
[2022-10-06T00:02:04.645+0000] {logging_mixin.py:117} INFO - [2022-10-06T00:02:04.645+0000] {dag.py:3328} INFO - Setting next_dagrun for example_local_kubernetes_executor to None, run_after=None
[2022-10-06T00:02:04.703+0000] {processor.py:178} INFO - Processing /home/airflow/.local/lib/python3.7/site-packages/airflow/example_dags/example_local_kubernetes_executor.py took 0.176 seconds
[2022-10-06T00:02:35.620+0000] {processor.py:156} INFO - Started process (PID=2574) to work on /home/airflow/.local/lib/python3.7/site-packages/airflow/example_dags/example_local_kubernetes_executor.py
[2022-10-06T00:02:35.621+0000] {processor.py:758} INFO - Processing file /home/airflow/.local/lib/python3.7/site-packages/airflow/example_dags/example_local_kubernetes_executor.py for tasks to queue
[2022-10-06T00:02:35.622+0000] {logging_mixin.py:117} INFO - [2022-10-06T00:02:35.622+0000] {dagbag.py:525} INFO - Filling up the DagBag from /home/airflow/.local/lib/python3.7/site-packages/airflow/example_dags/example_local_kubernetes_executor.py
[2022-10-06T00:02:35.655+0000] {processor.py:768} INFO - DAG(s) dict_keys(['example_local_kubernetes_executor']) retrieved from /home/airflow/.local/lib/python3.7/site-packages/airflow/example_dags/example_local_kubernetes_executor.py
[2022-10-06T00:02:35.705+0000] {logging_mixin.py:117} INFO - [2022-10-06T00:02:35.705+0000] {dag.py:2573} INFO - Sync 1 DAGs
[2022-10-06T00:02:35.741+0000] {logging_mixin.py:117} INFO - [2022-10-06T00:02:35.741+0000] {dag.py:3328} INFO - Setting next_dagrun for example_local_kubernetes_executor to None, run_after=None
[2022-10-06T00:02:35.776+0000] {processor.py:178} INFO - Processing /home/airflow/.local/lib/python3.7/site-packages/airflow/example_dags/example_local_kubernetes_executor.py took 0.160 seconds
[2022-10-06T00:03:05.954+0000] {processor.py:156} INFO - Started process (PID=2630) to work on /home/airflow/.local/lib/python3.7/site-packages/airflow/example_dags/example_local_kubernetes_executor.py
[2022-10-06T00:03:05.955+0000] {processor.py:758} INFO - Processing file /home/airflow/.local/lib/python3.7/site-packages/airflow/example_dags/example_local_kubernetes_executor.py for tasks to queue
[2022-10-06T00:03:05.956+0000] {logging_mixin.py:117} INFO - [2022-10-06T00:03:05.956+0000] {dagbag.py:525} INFO - Filling up the DagBag from /home/airflow/.local/lib/python3.7/site-packages/airflow/example_dags/example_local_kubernetes_executor.py
[2022-10-06T00:03:05.984+0000] {processor.py:768} INFO - DAG(s) dict_keys(['example_local_kubernetes_executor']) retrieved from /home/airflow/.local/lib/python3.7/site-packages/airflow/example_dags/example_local_kubernetes_executor.py
[2022-10-06T00:03:06.038+0000] {logging_mixin.py:117} INFO - [2022-10-06T00:03:06.037+0000] {dag.py:2573} INFO - Sync 1 DAGs
[2022-10-06T00:03:06.073+0000] {logging_mixin.py:117} INFO - [2022-10-06T00:03:06.073+0000] {dag.py:3328} INFO - Setting next_dagrun for example_local_kubernetes_executor to None, run_after=None
[2022-10-06T00:03:06.100+0000] {processor.py:178} INFO - Processing /home/airflow/.local/lib/python3.7/site-packages/airflow/example_dags/example_local_kubernetes_executor.py took 0.150 seconds
[2022-10-06T00:03:36.602+0000] {processor.py:156} INFO - Started process (PID=2695) to work on /home/airflow/.local/lib/python3.7/site-packages/airflow/example_dags/example_local_kubernetes_executor.py
[2022-10-06T00:03:36.603+0000] {processor.py:758} INFO - Processing file /home/airflow/.local/lib/python3.7/site-packages/airflow/example_dags/example_local_kubernetes_executor.py for tasks to queue
[2022-10-06T00:03:36.604+0000] {logging_mixin.py:117} INFO - [2022-10-06T00:03:36.604+0000] {dagbag.py:525} INFO - Filling up the DagBag from /home/airflow/.local/lib/python3.7/site-packages/airflow/example_dags/example_local_kubernetes_executor.py
[2022-10-06T00:03:36.631+0000] {processor.py:768} INFO - DAG(s) dict_keys(['example_local_kubernetes_executor']) retrieved from /home/airflow/.local/lib/python3.7/site-packages/airflow/example_dags/example_local_kubernetes_executor.py
[2022-10-06T00:03:36.681+0000] {logging_mixin.py:117} INFO - [2022-10-06T00:03:36.681+0000] {dag.py:2573} INFO - Sync 1 DAGs
[2022-10-06T00:03:36.715+0000] {logging_mixin.py:117} INFO - [2022-10-06T00:03:36.714+0000] {dag.py:3328} INFO - Setting next_dagrun for example_local_kubernetes_executor to None, run_after=None
[2022-10-06T00:03:36.745+0000] {processor.py:178} INFO - Processing /home/airflow/.local/lib/python3.7/site-packages/airflow/example_dags/example_local_kubernetes_executor.py took 0.146 seconds
[2022-10-06T03:04:03.077+0000] {processor.py:156} INFO - Started process (PID=2757) to work on /home/airflow/.local/lib/python3.7/site-packages/airflow/example_dags/example_local_kubernetes_executor.py
[2022-10-06T03:04:03.078+0000] {processor.py:758} INFO - Processing file /home/airflow/.local/lib/python3.7/site-packages/airflow/example_dags/example_local_kubernetes_executor.py for tasks to queue
[2022-10-06T03:04:03.078+0000] {logging_mixin.py:117} INFO - [2022-10-06T03:04:03.078+0000] {dagbag.py:525} INFO - Filling up the DagBag from /home/airflow/.local/lib/python3.7/site-packages/airflow/example_dags/example_local_kubernetes_executor.py
[2022-10-06T03:04:03.113+0000] {processor.py:768} INFO - DAG(s) dict_keys(['example_local_kubernetes_executor']) retrieved from /home/airflow/.local/lib/python3.7/site-packages/airflow/example_dags/example_local_kubernetes_executor.py
[2022-10-06T03:04:03.165+0000] {logging_mixin.py:117} INFO - [2022-10-06T03:04:03.164+0000] {dag.py:2573} INFO - Sync 1 DAGs
[2022-10-06T03:04:03.208+0000] {logging_mixin.py:117} INFO - [2022-10-06T03:04:03.208+0000] {dag.py:3328} INFO - Setting next_dagrun for example_local_kubernetes_executor to None, run_after=None
[2022-10-06T03:04:03.234+0000] {processor.py:178} INFO - Processing /home/airflow/.local/lib/python3.7/site-packages/airflow/example_dags/example_local_kubernetes_executor.py took 0.161 seconds
