[2022-10-06T00:00:01.592+0000] {processor.py:156} INFO - Started process (PID=2267) to work on /home/airflow/.local/lib/python3.7/site-packages/airflow/example_dags/example_branch_python_dop_operator_3.py
[2022-10-06T00:00:01.593+0000] {processor.py:758} INFO - Processing file /home/airflow/.local/lib/python3.7/site-packages/airflow/example_dags/example_branch_python_dop_operator_3.py for tasks to queue
[2022-10-06T00:00:01.594+0000] {logging_mixin.py:117} INFO - [2022-10-06T00:00:01.594+0000] {dagbag.py:525} INFO - Filling up the DagBag from /home/airflow/.local/lib/python3.7/site-packages/airflow/example_dags/example_branch_python_dop_operator_3.py
[2022-10-06T00:00:01.620+0000] {processor.py:768} INFO - DAG(s) dict_keys(['example_branch_dop_operator_v3']) retrieved from /home/airflow/.local/lib/python3.7/site-packages/airflow/example_dags/example_branch_python_dop_operator_3.py
[2022-10-06T00:00:01.658+0000] {logging_mixin.py:117} INFO - [2022-10-06T00:00:01.658+0000] {dag.py:2573} INFO - Sync 1 DAGs
[2022-10-06T00:00:01.697+0000] {logging_mixin.py:117} INFO - [2022-10-06T00:00:01.697+0000] {dag.py:3328} INFO - Setting next_dagrun for example_branch_dop_operator_v3 to 2022-10-05T23:59:00+00:00, run_after=2022-10-06T00:00:00+00:00
[2022-10-06T00:00:01.722+0000] {processor.py:178} INFO - Processing /home/airflow/.local/lib/python3.7/site-packages/airflow/example_dags/example_branch_python_dop_operator_3.py took 0.133 seconds
[2022-10-06T00:00:32.524+0000] {processor.py:156} INFO - Started process (PID=2323) to work on /home/airflow/.local/lib/python3.7/site-packages/airflow/example_dags/example_branch_python_dop_operator_3.py
[2022-10-06T00:00:32.525+0000] {processor.py:758} INFO - Processing file /home/airflow/.local/lib/python3.7/site-packages/airflow/example_dags/example_branch_python_dop_operator_3.py for tasks to queue
[2022-10-06T00:00:32.526+0000] {logging_mixin.py:117} INFO - [2022-10-06T00:00:32.526+0000] {dagbag.py:525} INFO - Filling up the DagBag from /home/airflow/.local/lib/python3.7/site-packages/airflow/example_dags/example_branch_python_dop_operator_3.py
[2022-10-06T00:00:32.558+0000] {processor.py:768} INFO - DAG(s) dict_keys(['example_branch_dop_operator_v3']) retrieved from /home/airflow/.local/lib/python3.7/site-packages/airflow/example_dags/example_branch_python_dop_operator_3.py
[2022-10-06T00:00:32.636+0000] {logging_mixin.py:117} INFO - [2022-10-06T00:00:32.636+0000] {dag.py:2573} INFO - Sync 1 DAGs
[2022-10-06T00:00:32.711+0000] {logging_mixin.py:117} INFO - [2022-10-06T00:00:32.711+0000] {dag.py:3328} INFO - Setting next_dagrun for example_branch_dop_operator_v3 to 2022-10-05T23:59:00+00:00, run_after=2022-10-06T00:00:00+00:00
[2022-10-06T00:00:32.749+0000] {processor.py:178} INFO - Processing /home/airflow/.local/lib/python3.7/site-packages/airflow/example_dags/example_branch_python_dop_operator_3.py took 0.228 seconds
[2022-10-06T00:01:03.305+0000] {processor.py:156} INFO - Started process (PID=2387) to work on /home/airflow/.local/lib/python3.7/site-packages/airflow/example_dags/example_branch_python_dop_operator_3.py
[2022-10-06T00:01:03.306+0000] {processor.py:758} INFO - Processing file /home/airflow/.local/lib/python3.7/site-packages/airflow/example_dags/example_branch_python_dop_operator_3.py for tasks to queue
[2022-10-06T00:01:03.308+0000] {logging_mixin.py:117} INFO - [2022-10-06T00:01:03.308+0000] {dagbag.py:525} INFO - Filling up the DagBag from /home/airflow/.local/lib/python3.7/site-packages/airflow/example_dags/example_branch_python_dop_operator_3.py
[2022-10-06T00:01:03.334+0000] {processor.py:768} INFO - DAG(s) dict_keys(['example_branch_dop_operator_v3']) retrieved from /home/airflow/.local/lib/python3.7/site-packages/airflow/example_dags/example_branch_python_dop_operator_3.py
[2022-10-06T00:01:03.381+0000] {logging_mixin.py:117} INFO - [2022-10-06T00:01:03.381+0000] {dag.py:2573} INFO - Sync 1 DAGs
[2022-10-06T00:01:03.418+0000] {logging_mixin.py:117} INFO - [2022-10-06T00:01:03.418+0000] {dag.py:3328} INFO - Setting next_dagrun for example_branch_dop_operator_v3 to 2022-10-06T00:00:00+00:00, run_after=2022-10-06T00:01:00+00:00
[2022-10-06T00:01:03.450+0000] {processor.py:178} INFO - Processing /home/airflow/.local/lib/python3.7/site-packages/airflow/example_dags/example_branch_python_dop_operator_3.py took 0.147 seconds
[2022-10-06T00:01:33.984+0000] {processor.py:156} INFO - Started process (PID=2452) to work on /home/airflow/.local/lib/python3.7/site-packages/airflow/example_dags/example_branch_python_dop_operator_3.py
[2022-10-06T00:01:33.985+0000] {processor.py:758} INFO - Processing file /home/airflow/.local/lib/python3.7/site-packages/airflow/example_dags/example_branch_python_dop_operator_3.py for tasks to queue
[2022-10-06T00:01:33.985+0000] {logging_mixin.py:117} INFO - [2022-10-06T00:01:33.985+0000] {dagbag.py:525} INFO - Filling up the DagBag from /home/airflow/.local/lib/python3.7/site-packages/airflow/example_dags/example_branch_python_dop_operator_3.py
[2022-10-06T00:01:34.018+0000] {processor.py:768} INFO - DAG(s) dict_keys(['example_branch_dop_operator_v3']) retrieved from /home/airflow/.local/lib/python3.7/site-packages/airflow/example_dags/example_branch_python_dop_operator_3.py
[2022-10-06T00:01:34.078+0000] {logging_mixin.py:117} INFO - [2022-10-06T00:01:34.078+0000] {dag.py:2573} INFO - Sync 1 DAGs
[2022-10-06T00:01:34.131+0000] {logging_mixin.py:117} INFO - [2022-10-06T00:01:34.131+0000] {dag.py:3328} INFO - Setting next_dagrun for example_branch_dop_operator_v3 to 2022-10-06T00:00:00+00:00, run_after=2022-10-06T00:01:00+00:00
[2022-10-06T00:01:34.160+0000] {processor.py:178} INFO - Processing /home/airflow/.local/lib/python3.7/site-packages/airflow/example_dags/example_branch_python_dop_operator_3.py took 0.179 seconds
[2022-10-06T00:02:04.316+0000] {processor.py:156} INFO - Started process (PID=2508) to work on /home/airflow/.local/lib/python3.7/site-packages/airflow/example_dags/example_branch_python_dop_operator_3.py
[2022-10-06T00:02:04.318+0000] {processor.py:758} INFO - Processing file /home/airflow/.local/lib/python3.7/site-packages/airflow/example_dags/example_branch_python_dop_operator_3.py for tasks to queue
[2022-10-06T00:02:04.319+0000] {logging_mixin.py:117} INFO - [2022-10-06T00:02:04.319+0000] {dagbag.py:525} INFO - Filling up the DagBag from /home/airflow/.local/lib/python3.7/site-packages/airflow/example_dags/example_branch_python_dop_operator_3.py
[2022-10-06T00:02:04.352+0000] {processor.py:768} INFO - DAG(s) dict_keys(['example_branch_dop_operator_v3']) retrieved from /home/airflow/.local/lib/python3.7/site-packages/airflow/example_dags/example_branch_python_dop_operator_3.py
[2022-10-06T00:02:04.405+0000] {logging_mixin.py:117} INFO - [2022-10-06T00:02:04.405+0000] {dag.py:2573} INFO - Sync 1 DAGs
[2022-10-06T00:02:04.450+0000] {logging_mixin.py:117} INFO - [2022-10-06T00:02:04.450+0000] {dag.py:3328} INFO - Setting next_dagrun for example_branch_dop_operator_v3 to 2022-10-06T00:01:00+00:00, run_after=2022-10-06T00:02:00+00:00
[2022-10-06T00:02:04.477+0000] {processor.py:178} INFO - Processing /home/airflow/.local/lib/python3.7/site-packages/airflow/example_dags/example_branch_python_dop_operator_3.py took 0.165 seconds
[2022-10-06T00:02:35.423+0000] {processor.py:156} INFO - Started process (PID=2573) to work on /home/airflow/.local/lib/python3.7/site-packages/airflow/example_dags/example_branch_python_dop_operator_3.py
[2022-10-06T00:02:35.424+0000] {processor.py:758} INFO - Processing file /home/airflow/.local/lib/python3.7/site-packages/airflow/example_dags/example_branch_python_dop_operator_3.py for tasks to queue
[2022-10-06T00:02:35.425+0000] {logging_mixin.py:117} INFO - [2022-10-06T00:02:35.425+0000] {dagbag.py:525} INFO - Filling up the DagBag from /home/airflow/.local/lib/python3.7/site-packages/airflow/example_dags/example_branch_python_dop_operator_3.py
[2022-10-06T00:02:35.464+0000] {processor.py:768} INFO - DAG(s) dict_keys(['example_branch_dop_operator_v3']) retrieved from /home/airflow/.local/lib/python3.7/site-packages/airflow/example_dags/example_branch_python_dop_operator_3.py
[2022-10-06T00:02:35.524+0000] {logging_mixin.py:117} INFO - [2022-10-06T00:02:35.523+0000] {dag.py:2573} INFO - Sync 1 DAGs
[2022-10-06T00:02:35.580+0000] {logging_mixin.py:117} INFO - [2022-10-06T00:02:35.580+0000] {dag.py:3328} INFO - Setting next_dagrun for example_branch_dop_operator_v3 to 2022-10-06T00:01:00+00:00, run_after=2022-10-06T00:02:00+00:00
[2022-10-06T00:02:35.614+0000] {processor.py:178} INFO - Processing /home/airflow/.local/lib/python3.7/site-packages/airflow/example_dags/example_branch_python_dop_operator_3.py took 0.194 seconds
[2022-10-06T00:03:05.930+0000] {processor.py:156} INFO - Started process (PID=2629) to work on /home/airflow/.local/lib/python3.7/site-packages/airflow/example_dags/example_branch_python_dop_operator_3.py
[2022-10-06T00:03:05.931+0000] {processor.py:758} INFO - Processing file /home/airflow/.local/lib/python3.7/site-packages/airflow/example_dags/example_branch_python_dop_operator_3.py for tasks to queue
[2022-10-06T00:03:05.932+0000] {logging_mixin.py:117} INFO - [2022-10-06T00:03:05.932+0000] {dagbag.py:525} INFO - Filling up the DagBag from /home/airflow/.local/lib/python3.7/site-packages/airflow/example_dags/example_branch_python_dop_operator_3.py
[2022-10-06T00:03:05.963+0000] {processor.py:768} INFO - DAG(s) dict_keys(['example_branch_dop_operator_v3']) retrieved from /home/airflow/.local/lib/python3.7/site-packages/airflow/example_dags/example_branch_python_dop_operator_3.py
[2022-10-06T00:03:06.014+0000] {logging_mixin.py:117} INFO - [2022-10-06T00:03:06.014+0000] {dag.py:2573} INFO - Sync 1 DAGs
[2022-10-06T00:03:06.056+0000] {logging_mixin.py:117} INFO - [2022-10-06T00:03:06.055+0000] {dag.py:3328} INFO - Setting next_dagrun for example_branch_dop_operator_v3 to 2022-10-06T00:02:00+00:00, run_after=2022-10-06T00:03:00+00:00
[2022-10-06T00:03:06.084+0000] {processor.py:178} INFO - Processing /home/airflow/.local/lib/python3.7/site-packages/airflow/example_dags/example_branch_python_dop_operator_3.py took 0.159 seconds
[2022-10-06T00:03:36.446+0000] {processor.py:156} INFO - Started process (PID=2694) to work on /home/airflow/.local/lib/python3.7/site-packages/airflow/example_dags/example_branch_python_dop_operator_3.py
[2022-10-06T00:03:36.447+0000] {processor.py:758} INFO - Processing file /home/airflow/.local/lib/python3.7/site-packages/airflow/example_dags/example_branch_python_dop_operator_3.py for tasks to queue
[2022-10-06T00:03:36.449+0000] {logging_mixin.py:117} INFO - [2022-10-06T00:03:36.448+0000] {dagbag.py:525} INFO - Filling up the DagBag from /home/airflow/.local/lib/python3.7/site-packages/airflow/example_dags/example_branch_python_dop_operator_3.py
[2022-10-06T00:03:36.483+0000] {processor.py:768} INFO - DAG(s) dict_keys(['example_branch_dop_operator_v3']) retrieved from /home/airflow/.local/lib/python3.7/site-packages/airflow/example_dags/example_branch_python_dop_operator_3.py
[2022-10-06T00:03:36.558+0000] {logging_mixin.py:117} INFO - [2022-10-06T00:03:36.558+0000] {dag.py:2573} INFO - Sync 1 DAGs
[2022-10-06T00:03:36.605+0000] {logging_mixin.py:117} INFO - [2022-10-06T00:03:36.605+0000] {dag.py:3328} INFO - Setting next_dagrun for example_branch_dop_operator_v3 to 2022-10-06T00:02:00+00:00, run_after=2022-10-06T00:03:00+00:00
[2022-10-06T00:03:36.631+0000] {processor.py:178} INFO - Processing /home/airflow/.local/lib/python3.7/site-packages/airflow/example_dags/example_branch_python_dop_operator_3.py took 0.188 seconds
[2022-10-06T03:04:03.076+0000] {processor.py:156} INFO - Started process (PID=2756) to work on /home/airflow/.local/lib/python3.7/site-packages/airflow/example_dags/example_branch_python_dop_operator_3.py
[2022-10-06T03:04:03.077+0000] {processor.py:758} INFO - Processing file /home/airflow/.local/lib/python3.7/site-packages/airflow/example_dags/example_branch_python_dop_operator_3.py for tasks to queue
[2022-10-06T03:04:03.079+0000] {logging_mixin.py:117} INFO - [2022-10-06T03:04:03.078+0000] {dagbag.py:525} INFO - Filling up the DagBag from /home/airflow/.local/lib/python3.7/site-packages/airflow/example_dags/example_branch_python_dop_operator_3.py
[2022-10-06T03:04:03.114+0000] {processor.py:768} INFO - DAG(s) dict_keys(['example_branch_dop_operator_v3']) retrieved from /home/airflow/.local/lib/python3.7/site-packages/airflow/example_dags/example_branch_python_dop_operator_3.py
[2022-10-06T03:04:03.167+0000] {logging_mixin.py:117} INFO - [2022-10-06T03:04:03.166+0000] {dag.py:2573} INFO - Sync 1 DAGs
[2022-10-06T03:04:03.214+0000] {logging_mixin.py:117} INFO - [2022-10-06T03:04:03.214+0000] {dag.py:3328} INFO - Setting next_dagrun for example_branch_dop_operator_v3 to 2022-10-06T03:03:00+00:00, run_after=2022-10-06T03:04:00+00:00
[2022-10-06T03:04:03.240+0000] {processor.py:178} INFO - Processing /home/airflow/.local/lib/python3.7/site-packages/airflow/example_dags/example_branch_python_dop_operator_3.py took 0.167 seconds
