[2022-10-06T00:00:26.346+0000] {processor.py:156} INFO - Started process (PID=2305) to work on /home/airflow/.local/lib/python3.7/site-packages/airflow/example_dags/example_task_group.py
[2022-10-06T00:00:26.347+0000] {processor.py:758} INFO - Processing file /home/airflow/.local/lib/python3.7/site-packages/airflow/example_dags/example_task_group.py for tasks to queue
[2022-10-06T00:00:26.348+0000] {logging_mixin.py:117} INFO - [2022-10-06T00:00:26.348+0000] {dagbag.py:525} INFO - Filling up the DagBag from /home/airflow/.local/lib/python3.7/site-packages/airflow/example_dags/example_task_group.py
[2022-10-06T00:00:26.370+0000] {processor.py:768} INFO - DAG(s) dict_keys(['example_task_group']) retrieved from /home/airflow/.local/lib/python3.7/site-packages/airflow/example_dags/example_task_group.py
[2022-10-06T00:00:26.434+0000] {logging_mixin.py:117} INFO - [2022-10-06T00:00:26.434+0000] {dag.py:2573} INFO - Sync 1 DAGs
[2022-10-06T00:00:26.470+0000] {logging_mixin.py:117} INFO - [2022-10-06T00:00:26.469+0000] {dag.py:3328} INFO - Setting next_dagrun for example_task_group to 2022-10-05T00:00:26.469628+00:00, run_after=2022-10-06T00:00:26.469628+00:00
[2022-10-06T00:00:26.509+0000] {processor.py:178} INFO - Processing /home/airflow/.local/lib/python3.7/site-packages/airflow/example_dags/example_task_group.py took 0.168 seconds
[2022-10-06T00:00:57.010+0000] {processor.py:156} INFO - Started process (PID=2367) to work on /home/airflow/.local/lib/python3.7/site-packages/airflow/example_dags/example_task_group.py
[2022-10-06T00:00:57.011+0000] {processor.py:758} INFO - Processing file /home/airflow/.local/lib/python3.7/site-packages/airflow/example_dags/example_task_group.py for tasks to queue
[2022-10-06T00:00:57.012+0000] {logging_mixin.py:117} INFO - [2022-10-06T00:00:57.012+0000] {dagbag.py:525} INFO - Filling up the DagBag from /home/airflow/.local/lib/python3.7/site-packages/airflow/example_dags/example_task_group.py
[2022-10-06T00:00:57.030+0000] {processor.py:768} INFO - DAG(s) dict_keys(['example_task_group']) retrieved from /home/airflow/.local/lib/python3.7/site-packages/airflow/example_dags/example_task_group.py
[2022-10-06T00:00:57.084+0000] {logging_mixin.py:117} INFO - [2022-10-06T00:00:57.084+0000] {dag.py:2573} INFO - Sync 1 DAGs
[2022-10-06T00:00:57.124+0000] {logging_mixin.py:117} INFO - [2022-10-06T00:00:57.124+0000] {dag.py:3328} INFO - Setting next_dagrun for example_task_group to 2022-10-05T00:00:57.123549+00:00, run_after=2022-10-06T00:00:57.123549+00:00
[2022-10-06T00:00:57.164+0000] {processor.py:178} INFO - Processing /home/airflow/.local/lib/python3.7/site-packages/airflow/example_dags/example_task_group.py took 0.158 seconds
[2022-10-06T00:01:27.330+0000] {processor.py:156} INFO - Started process (PID=2425) to work on /home/airflow/.local/lib/python3.7/site-packages/airflow/example_dags/example_task_group.py
[2022-10-06T00:01:27.332+0000] {processor.py:758} INFO - Processing file /home/airflow/.local/lib/python3.7/site-packages/airflow/example_dags/example_task_group.py for tasks to queue
[2022-10-06T00:01:27.333+0000] {logging_mixin.py:117} INFO - [2022-10-06T00:01:27.333+0000] {dagbag.py:525} INFO - Filling up the DagBag from /home/airflow/.local/lib/python3.7/site-packages/airflow/example_dags/example_task_group.py
[2022-10-06T00:01:27.360+0000] {processor.py:768} INFO - DAG(s) dict_keys(['example_task_group']) retrieved from /home/airflow/.local/lib/python3.7/site-packages/airflow/example_dags/example_task_group.py
[2022-10-06T00:01:27.430+0000] {logging_mixin.py:117} INFO - [2022-10-06T00:01:27.430+0000] {dag.py:2573} INFO - Sync 1 DAGs
[2022-10-06T00:01:27.469+0000] {logging_mixin.py:117} INFO - [2022-10-06T00:01:27.469+0000] {dag.py:3328} INFO - Setting next_dagrun for example_task_group to 2022-10-05T00:01:27.468770+00:00, run_after=2022-10-06T00:01:27.468770+00:00
[2022-10-06T00:01:27.504+0000] {processor.py:178} INFO - Processing /home/airflow/.local/lib/python3.7/site-packages/airflow/example_dags/example_task_group.py took 0.178 seconds
[2022-10-06T00:01:57.838+0000] {processor.py:156} INFO - Started process (PID=2490) to work on /home/airflow/.local/lib/python3.7/site-packages/airflow/example_dags/example_task_group.py
[2022-10-06T00:01:57.839+0000] {processor.py:758} INFO - Processing file /home/airflow/.local/lib/python3.7/site-packages/airflow/example_dags/example_task_group.py for tasks to queue
[2022-10-06T00:01:57.840+0000] {logging_mixin.py:117} INFO - [2022-10-06T00:01:57.840+0000] {dagbag.py:525} INFO - Filling up the DagBag from /home/airflow/.local/lib/python3.7/site-packages/airflow/example_dags/example_task_group.py
[2022-10-06T00:01:57.874+0000] {processor.py:768} INFO - DAG(s) dict_keys(['example_task_group']) retrieved from /home/airflow/.local/lib/python3.7/site-packages/airflow/example_dags/example_task_group.py
[2022-10-06T00:01:57.951+0000] {logging_mixin.py:117} INFO - [2022-10-06T00:01:57.951+0000] {dag.py:2573} INFO - Sync 1 DAGs
[2022-10-06T00:01:57.996+0000] {logging_mixin.py:117} INFO - [2022-10-06T00:01:57.995+0000] {dag.py:3328} INFO - Setting next_dagrun for example_task_group to 2022-10-05T00:01:57.995578+00:00, run_after=2022-10-06T00:01:57.995578+00:00
[2022-10-06T00:01:58.036+0000] {processor.py:178} INFO - Processing /home/airflow/.local/lib/python3.7/site-packages/airflow/example_dags/example_task_group.py took 0.202 seconds
[2022-10-06T00:02:28.244+0000] {processor.py:156} INFO - Started process (PID=2546) to work on /home/airflow/.local/lib/python3.7/site-packages/airflow/example_dags/example_task_group.py
[2022-10-06T00:02:28.245+0000] {processor.py:758} INFO - Processing file /home/airflow/.local/lib/python3.7/site-packages/airflow/example_dags/example_task_group.py for tasks to queue
[2022-10-06T00:02:28.247+0000] {logging_mixin.py:117} INFO - [2022-10-06T00:02:28.246+0000] {dagbag.py:525} INFO - Filling up the DagBag from /home/airflow/.local/lib/python3.7/site-packages/airflow/example_dags/example_task_group.py
[2022-10-06T00:02:28.272+0000] {processor.py:768} INFO - DAG(s) dict_keys(['example_task_group']) retrieved from /home/airflow/.local/lib/python3.7/site-packages/airflow/example_dags/example_task_group.py
[2022-10-06T00:02:28.331+0000] {logging_mixin.py:117} INFO - [2022-10-06T00:02:28.330+0000] {dag.py:2573} INFO - Sync 1 DAGs
[2022-10-06T00:02:28.364+0000] {logging_mixin.py:117} INFO - [2022-10-06T00:02:28.363+0000] {dag.py:3328} INFO - Setting next_dagrun for example_task_group to 2022-10-05T00:02:28.363688+00:00, run_after=2022-10-06T00:02:28.363688+00:00
[2022-10-06T00:02:28.391+0000] {processor.py:178} INFO - Processing /home/airflow/.local/lib/python3.7/site-packages/airflow/example_dags/example_task_group.py took 0.151 seconds
[2022-10-06T00:02:58.490+0000] {processor.py:156} INFO - Started process (PID=2610) to work on /home/airflow/.local/lib/python3.7/site-packages/airflow/example_dags/example_task_group.py
[2022-10-06T00:02:58.492+0000] {processor.py:758} INFO - Processing file /home/airflow/.local/lib/python3.7/site-packages/airflow/example_dags/example_task_group.py for tasks to queue
[2022-10-06T00:02:58.493+0000] {logging_mixin.py:117} INFO - [2022-10-06T00:02:58.493+0000] {dagbag.py:525} INFO - Filling up the DagBag from /home/airflow/.local/lib/python3.7/site-packages/airflow/example_dags/example_task_group.py
[2022-10-06T00:02:58.516+0000] {processor.py:768} INFO - DAG(s) dict_keys(['example_task_group']) retrieved from /home/airflow/.local/lib/python3.7/site-packages/airflow/example_dags/example_task_group.py
[2022-10-06T00:02:58.574+0000] {logging_mixin.py:117} INFO - [2022-10-06T00:02:58.573+0000] {dag.py:2573} INFO - Sync 1 DAGs
[2022-10-06T00:02:58.626+0000] {logging_mixin.py:117} INFO - [2022-10-06T00:02:58.626+0000] {dag.py:3328} INFO - Setting next_dagrun for example_task_group to 2022-10-05T00:02:58.626166+00:00, run_after=2022-10-06T00:02:58.626166+00:00
[2022-10-06T00:02:58.722+0000] {processor.py:178} INFO - Processing /home/airflow/.local/lib/python3.7/site-packages/airflow/example_dags/example_task_group.py took 0.235 seconds
[2022-10-06T00:03:29.591+0000] {processor.py:156} INFO - Started process (PID=2667) to work on /home/airflow/.local/lib/python3.7/site-packages/airflow/example_dags/example_task_group.py
[2022-10-06T00:03:29.592+0000] {processor.py:758} INFO - Processing file /home/airflow/.local/lib/python3.7/site-packages/airflow/example_dags/example_task_group.py for tasks to queue
[2022-10-06T00:03:29.593+0000] {logging_mixin.py:117} INFO - [2022-10-06T00:03:29.593+0000] {dagbag.py:525} INFO - Filling up the DagBag from /home/airflow/.local/lib/python3.7/site-packages/airflow/example_dags/example_task_group.py
[2022-10-06T00:03:29.619+0000] {processor.py:768} INFO - DAG(s) dict_keys(['example_task_group']) retrieved from /home/airflow/.local/lib/python3.7/site-packages/airflow/example_dags/example_task_group.py
[2022-10-06T00:03:29.678+0000] {logging_mixin.py:117} INFO - [2022-10-06T00:03:29.678+0000] {dag.py:2573} INFO - Sync 1 DAGs
[2022-10-06T00:03:29.720+0000] {logging_mixin.py:117} INFO - [2022-10-06T00:03:29.719+0000] {dag.py:3328} INFO - Setting next_dagrun for example_task_group to 2022-10-05T00:03:29.719437+00:00, run_after=2022-10-06T00:03:29.719437+00:00
[2022-10-06T00:03:29.752+0000] {processor.py:178} INFO - Processing /home/airflow/.local/lib/python3.7/site-packages/airflow/example_dags/example_task_group.py took 0.164 seconds
[2022-10-06T03:03:59.235+0000] {processor.py:156} INFO - Started process (PID=2730) to work on /home/airflow/.local/lib/python3.7/site-packages/airflow/example_dags/example_task_group.py
[2022-10-06T03:03:59.237+0000] {processor.py:758} INFO - Processing file /home/airflow/.local/lib/python3.7/site-packages/airflow/example_dags/example_task_group.py for tasks to queue
[2022-10-06T03:03:59.239+0000] {logging_mixin.py:117} INFO - [2022-10-06T03:03:59.238+0000] {dagbag.py:525} INFO - Filling up the DagBag from /home/airflow/.local/lib/python3.7/site-packages/airflow/example_dags/example_task_group.py
[2022-10-06T03:03:59.271+0000] {processor.py:768} INFO - DAG(s) dict_keys(['example_task_group']) retrieved from /home/airflow/.local/lib/python3.7/site-packages/airflow/example_dags/example_task_group.py
[2022-10-06T03:03:59.338+0000] {logging_mixin.py:117} INFO - [2022-10-06T03:03:59.338+0000] {dag.py:2573} INFO - Sync 1 DAGs
[2022-10-06T03:03:59.373+0000] {logging_mixin.py:117} INFO - [2022-10-06T03:03:59.373+0000] {dag.py:3328} INFO - Setting next_dagrun for example_task_group to 2022-10-05T03:03:59.373385+00:00, run_after=2022-10-06T03:03:59.373385+00:00
[2022-10-06T03:03:59.405+0000] {processor.py:178} INFO - Processing /home/airflow/.local/lib/python3.7/site-packages/airflow/example_dags/example_task_group.py took 0.174 seconds
