[2022-10-06T00:00:29.147+0000] {processor.py:156} INFO - Started process (PID=2313) to work on /home/airflow/.local/lib/python3.7/site-packages/airflow/example_dags/tutorial_taskflow_api.py
[2022-10-06T00:00:29.148+0000] {processor.py:758} INFO - Processing file /home/airflow/.local/lib/python3.7/site-packages/airflow/example_dags/tutorial_taskflow_api.py for tasks to queue
[2022-10-06T00:00:29.149+0000] {logging_mixin.py:117} INFO - [2022-10-06T00:00:29.149+0000] {dagbag.py:525} INFO - Filling up the DagBag from /home/airflow/.local/lib/python3.7/site-packages/airflow/example_dags/tutorial_taskflow_api.py
[2022-10-06T00:00:29.183+0000] {processor.py:768} INFO - DAG(s) dict_keys(['tutorial_taskflow_api']) retrieved from /home/airflow/.local/lib/python3.7/site-packages/airflow/example_dags/tutorial_taskflow_api.py
[2022-10-06T00:00:29.230+0000] {logging_mixin.py:117} INFO - [2022-10-06T00:00:29.230+0000] {dag.py:2573} INFO - Sync 1 DAGs
[2022-10-06T00:00:29.278+0000] {logging_mixin.py:117} INFO - [2022-10-06T00:00:29.278+0000] {dag.py:3328} INFO - Setting next_dagrun for tutorial_taskflow_api to None, run_after=None
[2022-10-06T00:00:29.306+0000] {processor.py:178} INFO - Processing /home/airflow/.local/lib/python3.7/site-packages/airflow/example_dags/tutorial_taskflow_api.py took 0.163 seconds
[2022-10-06T00:01:00.121+0000] {processor.py:156} INFO - Started process (PID=2377) to work on /home/airflow/.local/lib/python3.7/site-packages/airflow/example_dags/tutorial_taskflow_api.py
[2022-10-06T00:01:00.123+0000] {processor.py:758} INFO - Processing file /home/airflow/.local/lib/python3.7/site-packages/airflow/example_dags/tutorial_taskflow_api.py for tasks to queue
[2022-10-06T00:01:00.124+0000] {logging_mixin.py:117} INFO - [2022-10-06T00:01:00.124+0000] {dagbag.py:525} INFO - Filling up the DagBag from /home/airflow/.local/lib/python3.7/site-packages/airflow/example_dags/tutorial_taskflow_api.py
[2022-10-06T00:01:00.166+0000] {processor.py:768} INFO - DAG(s) dict_keys(['tutorial_taskflow_api']) retrieved from /home/airflow/.local/lib/python3.7/site-packages/airflow/example_dags/tutorial_taskflow_api.py
[2022-10-06T00:01:00.225+0000] {logging_mixin.py:117} INFO - [2022-10-06T00:01:00.224+0000] {dag.py:2573} INFO - Sync 1 DAGs
[2022-10-06T00:01:00.261+0000] {logging_mixin.py:117} INFO - [2022-10-06T00:01:00.261+0000] {dag.py:3328} INFO - Setting next_dagrun for tutorial_taskflow_api to None, run_after=None
[2022-10-06T00:01:00.296+0000] {processor.py:178} INFO - Processing /home/airflow/.local/lib/python3.7/site-packages/airflow/example_dags/tutorial_taskflow_api.py took 0.179 seconds
[2022-10-06T00:01:30.463+0000] {processor.py:156} INFO - Started process (PID=2433) to work on /home/airflow/.local/lib/python3.7/site-packages/airflow/example_dags/tutorial_taskflow_api.py
[2022-10-06T00:01:30.464+0000] {processor.py:758} INFO - Processing file /home/airflow/.local/lib/python3.7/site-packages/airflow/example_dags/tutorial_taskflow_api.py for tasks to queue
[2022-10-06T00:01:30.466+0000] {logging_mixin.py:117} INFO - [2022-10-06T00:01:30.465+0000] {dagbag.py:525} INFO - Filling up the DagBag from /home/airflow/.local/lib/python3.7/site-packages/airflow/example_dags/tutorial_taskflow_api.py
[2022-10-06T00:01:30.501+0000] {processor.py:768} INFO - DAG(s) dict_keys(['tutorial_taskflow_api']) retrieved from /home/airflow/.local/lib/python3.7/site-packages/airflow/example_dags/tutorial_taskflow_api.py
[2022-10-06T00:01:30.587+0000] {logging_mixin.py:117} INFO - [2022-10-06T00:01:30.586+0000] {dag.py:2573} INFO - Sync 1 DAGs
[2022-10-06T00:01:30.646+0000] {logging_mixin.py:117} INFO - [2022-10-06T00:01:30.646+0000] {dag.py:3328} INFO - Setting next_dagrun for tutorial_taskflow_api to None, run_after=None
[2022-10-06T00:01:30.679+0000] {processor.py:178} INFO - Processing /home/airflow/.local/lib/python3.7/site-packages/airflow/example_dags/tutorial_taskflow_api.py took 0.220 seconds
[2022-10-06T00:02:00.820+0000] {processor.py:156} INFO - Started process (PID=2498) to work on /home/airflow/.local/lib/python3.7/site-packages/airflow/example_dags/tutorial_taskflow_api.py
[2022-10-06T00:02:00.822+0000] {processor.py:758} INFO - Processing file /home/airflow/.local/lib/python3.7/site-packages/airflow/example_dags/tutorial_taskflow_api.py for tasks to queue
[2022-10-06T00:02:00.823+0000] {logging_mixin.py:117} INFO - [2022-10-06T00:02:00.823+0000] {dagbag.py:525} INFO - Filling up the DagBag from /home/airflow/.local/lib/python3.7/site-packages/airflow/example_dags/tutorial_taskflow_api.py
[2022-10-06T00:02:00.858+0000] {processor.py:768} INFO - DAG(s) dict_keys(['tutorial_taskflow_api']) retrieved from /home/airflow/.local/lib/python3.7/site-packages/airflow/example_dags/tutorial_taskflow_api.py
[2022-10-06T00:02:00.921+0000] {logging_mixin.py:117} INFO - [2022-10-06T00:02:00.921+0000] {dag.py:2573} INFO - Sync 1 DAGs
[2022-10-06T00:02:00.965+0000] {logging_mixin.py:117} INFO - [2022-10-06T00:02:00.965+0000] {dag.py:3328} INFO - Setting next_dagrun for tutorial_taskflow_api to None, run_after=None
[2022-10-06T00:02:00.998+0000] {processor.py:178} INFO - Processing /home/airflow/.local/lib/python3.7/site-packages/airflow/example_dags/tutorial_taskflow_api.py took 0.182 seconds
[2022-10-06T00:02:31.258+0000] {processor.py:156} INFO - Started process (PID=2554) to work on /home/airflow/.local/lib/python3.7/site-packages/airflow/example_dags/tutorial_taskflow_api.py
[2022-10-06T00:02:31.260+0000] {processor.py:758} INFO - Processing file /home/airflow/.local/lib/python3.7/site-packages/airflow/example_dags/tutorial_taskflow_api.py for tasks to queue
[2022-10-06T00:02:31.261+0000] {logging_mixin.py:117} INFO - [2022-10-06T00:02:31.261+0000] {dagbag.py:525} INFO - Filling up the DagBag from /home/airflow/.local/lib/python3.7/site-packages/airflow/example_dags/tutorial_taskflow_api.py
[2022-10-06T00:02:31.296+0000] {processor.py:768} INFO - DAG(s) dict_keys(['tutorial_taskflow_api']) retrieved from /home/airflow/.local/lib/python3.7/site-packages/airflow/example_dags/tutorial_taskflow_api.py
[2022-10-06T00:02:31.361+0000] {logging_mixin.py:117} INFO - [2022-10-06T00:02:31.361+0000] {dag.py:2573} INFO - Sync 1 DAGs
[2022-10-06T00:02:31.400+0000] {logging_mixin.py:117} INFO - [2022-10-06T00:02:31.399+0000] {dag.py:3328} INFO - Setting next_dagrun for tutorial_taskflow_api to None, run_after=None
[2022-10-06T00:02:31.431+0000] {processor.py:178} INFO - Processing /home/airflow/.local/lib/python3.7/site-packages/airflow/example_dags/tutorial_taskflow_api.py took 0.178 seconds
[2022-10-06T00:03:01.499+0000] {processor.py:156} INFO - Started process (PID=2619) to work on /home/airflow/.local/lib/python3.7/site-packages/airflow/example_dags/tutorial_taskflow_api.py
[2022-10-06T00:03:01.500+0000] {processor.py:758} INFO - Processing file /home/airflow/.local/lib/python3.7/site-packages/airflow/example_dags/tutorial_taskflow_api.py for tasks to queue
[2022-10-06T00:03:01.501+0000] {logging_mixin.py:117} INFO - [2022-10-06T00:03:01.501+0000] {dagbag.py:525} INFO - Filling up the DagBag from /home/airflow/.local/lib/python3.7/site-packages/airflow/example_dags/tutorial_taskflow_api.py
[2022-10-06T00:03:01.530+0000] {processor.py:768} INFO - DAG(s) dict_keys(['tutorial_taskflow_api']) retrieved from /home/airflow/.local/lib/python3.7/site-packages/airflow/example_dags/tutorial_taskflow_api.py
[2022-10-06T00:03:01.576+0000] {logging_mixin.py:117} INFO - [2022-10-06T00:03:01.576+0000] {dag.py:2573} INFO - Sync 1 DAGs
[2022-10-06T00:03:01.608+0000] {logging_mixin.py:117} INFO - [2022-10-06T00:03:01.608+0000] {dag.py:3328} INFO - Setting next_dagrun for tutorial_taskflow_api to None, run_after=None
[2022-10-06T00:03:01.645+0000] {processor.py:178} INFO - Processing /home/airflow/.local/lib/python3.7/site-packages/airflow/example_dags/tutorial_taskflow_api.py took 0.149 seconds
[2022-10-06T00:03:32.321+0000] {processor.py:156} INFO - Started process (PID=2675) to work on /home/airflow/.local/lib/python3.7/site-packages/airflow/example_dags/tutorial_taskflow_api.py
[2022-10-06T00:03:32.322+0000] {processor.py:758} INFO - Processing file /home/airflow/.local/lib/python3.7/site-packages/airflow/example_dags/tutorial_taskflow_api.py for tasks to queue
[2022-10-06T00:03:32.323+0000] {logging_mixin.py:117} INFO - [2022-10-06T00:03:32.323+0000] {dagbag.py:525} INFO - Filling up the DagBag from /home/airflow/.local/lib/python3.7/site-packages/airflow/example_dags/tutorial_taskflow_api.py
[2022-10-06T00:03:32.356+0000] {processor.py:768} INFO - DAG(s) dict_keys(['tutorial_taskflow_api']) retrieved from /home/airflow/.local/lib/python3.7/site-packages/airflow/example_dags/tutorial_taskflow_api.py
[2022-10-06T00:03:32.410+0000] {logging_mixin.py:117} INFO - [2022-10-06T00:03:32.410+0000] {dag.py:2573} INFO - Sync 1 DAGs
[2022-10-06T00:03:32.446+0000] {logging_mixin.py:117} INFO - [2022-10-06T00:03:32.446+0000] {dag.py:3328} INFO - Setting next_dagrun for tutorial_taskflow_api to None, run_after=None
[2022-10-06T00:03:32.483+0000] {processor.py:178} INFO - Processing /home/airflow/.local/lib/python3.7/site-packages/airflow/example_dags/tutorial_taskflow_api.py took 0.166 seconds
[2022-10-06T03:04:01.602+0000] {processor.py:156} INFO - Started process (PID=2746) to work on /home/airflow/.local/lib/python3.7/site-packages/airflow/example_dags/tutorial_taskflow_api.py
[2022-10-06T03:04:01.603+0000] {processor.py:758} INFO - Processing file /home/airflow/.local/lib/python3.7/site-packages/airflow/example_dags/tutorial_taskflow_api.py for tasks to queue
[2022-10-06T03:04:01.605+0000] {logging_mixin.py:117} INFO - [2022-10-06T03:04:01.604+0000] {dagbag.py:525} INFO - Filling up the DagBag from /home/airflow/.local/lib/python3.7/site-packages/airflow/example_dags/tutorial_taskflow_api.py
[2022-10-06T03:04:01.643+0000] {processor.py:768} INFO - DAG(s) dict_keys(['tutorial_taskflow_api']) retrieved from /home/airflow/.local/lib/python3.7/site-packages/airflow/example_dags/tutorial_taskflow_api.py
[2022-10-06T03:04:01.697+0000] {logging_mixin.py:117} INFO - [2022-10-06T03:04:01.697+0000] {dag.py:2573} INFO - Sync 1 DAGs
[2022-10-06T03:04:01.736+0000] {logging_mixin.py:117} INFO - [2022-10-06T03:04:01.735+0000] {dag.py:3328} INFO - Setting next_dagrun for tutorial_taskflow_api to None, run_after=None
[2022-10-06T03:04:01.774+0000] {processor.py:178} INFO - Processing /home/airflow/.local/lib/python3.7/site-packages/airflow/example_dags/tutorial_taskflow_api.py took 0.176 seconds
