[2022-10-06T00:00:27.899+0000] {processor.py:156} INFO - Started process (PID=2309) to work on /home/airflow/.local/lib/python3.7/site-packages/airflow/example_dags/tutorial.py
[2022-10-06T00:00:27.901+0000] {processor.py:758} INFO - Processing file /home/airflow/.local/lib/python3.7/site-packages/airflow/example_dags/tutorial.py for tasks to queue
[2022-10-06T00:00:27.902+0000] {logging_mixin.py:117} INFO - [2022-10-06T00:00:27.901+0000] {dagbag.py:525} INFO - Filling up the DagBag from /home/airflow/.local/lib/python3.7/site-packages/airflow/example_dags/tutorial.py
[2022-10-06T00:00:27.920+0000] {processor.py:768} INFO - DAG(s) dict_keys(['tutorial']) retrieved from /home/airflow/.local/lib/python3.7/site-packages/airflow/example_dags/tutorial.py
[2022-10-06T00:00:27.981+0000] {logging_mixin.py:117} INFO - [2022-10-06T00:00:27.981+0000] {dag.py:2573} INFO - Sync 1 DAGs
[2022-10-06T00:00:28.033+0000] {logging_mixin.py:117} INFO - [2022-10-06T00:00:28.033+0000] {dag.py:3328} INFO - Setting next_dagrun for tutorial to 2022-10-05T00:00:28.032706+00:00, run_after=2022-10-06T00:00:28.032706+00:00
[2022-10-06T00:00:28.073+0000] {processor.py:178} INFO - Processing /home/airflow/.local/lib/python3.7/site-packages/airflow/example_dags/tutorial.py took 0.179 seconds
[2022-10-06T00:00:58.493+0000] {processor.py:156} INFO - Started process (PID=2373) to work on /home/airflow/.local/lib/python3.7/site-packages/airflow/example_dags/tutorial.py
[2022-10-06T00:00:58.494+0000] {processor.py:758} INFO - Processing file /home/airflow/.local/lib/python3.7/site-packages/airflow/example_dags/tutorial.py for tasks to queue
[2022-10-06T00:00:58.495+0000] {logging_mixin.py:117} INFO - [2022-10-06T00:00:58.495+0000] {dagbag.py:525} INFO - Filling up the DagBag from /home/airflow/.local/lib/python3.7/site-packages/airflow/example_dags/tutorial.py
[2022-10-06T00:00:58.516+0000] {processor.py:768} INFO - DAG(s) dict_keys(['tutorial']) retrieved from /home/airflow/.local/lib/python3.7/site-packages/airflow/example_dags/tutorial.py
[2022-10-06T00:00:58.574+0000] {logging_mixin.py:117} INFO - [2022-10-06T00:00:58.574+0000] {dag.py:2573} INFO - Sync 1 DAGs
[2022-10-06T00:00:58.608+0000] {logging_mixin.py:117} INFO - [2022-10-06T00:00:58.608+0000] {dag.py:3328} INFO - Setting next_dagrun for tutorial to 2022-10-05T00:00:58.607752+00:00, run_after=2022-10-06T00:00:58.607752+00:00
[2022-10-06T00:00:58.643+0000] {processor.py:178} INFO - Processing /home/airflow/.local/lib/python3.7/site-packages/airflow/example_dags/tutorial.py took 0.154 seconds
[2022-10-06T00:01:28.822+0000] {processor.py:156} INFO - Started process (PID=2429) to work on /home/airflow/.local/lib/python3.7/site-packages/airflow/example_dags/tutorial.py
[2022-10-06T00:01:28.823+0000] {processor.py:758} INFO - Processing file /home/airflow/.local/lib/python3.7/site-packages/airflow/example_dags/tutorial.py for tasks to queue
[2022-10-06T00:01:28.824+0000] {logging_mixin.py:117} INFO - [2022-10-06T00:01:28.824+0000] {dagbag.py:525} INFO - Filling up the DagBag from /home/airflow/.local/lib/python3.7/site-packages/airflow/example_dags/tutorial.py
[2022-10-06T00:01:28.842+0000] {processor.py:768} INFO - DAG(s) dict_keys(['tutorial']) retrieved from /home/airflow/.local/lib/python3.7/site-packages/airflow/example_dags/tutorial.py
[2022-10-06T00:01:28.894+0000] {logging_mixin.py:117} INFO - [2022-10-06T00:01:28.893+0000] {dag.py:2573} INFO - Sync 1 DAGs
[2022-10-06T00:01:28.926+0000] {logging_mixin.py:117} INFO - [2022-10-06T00:01:28.926+0000] {dag.py:3328} INFO - Setting next_dagrun for tutorial to 2022-10-05T00:01:28.926216+00:00, run_after=2022-10-06T00:01:28.926216+00:00
[2022-10-06T00:01:28.958+0000] {processor.py:178} INFO - Processing /home/airflow/.local/lib/python3.7/site-packages/airflow/example_dags/tutorial.py took 0.140 seconds
[2022-10-06T00:01:59.409+0000] {processor.py:156} INFO - Started process (PID=2494) to work on /home/airflow/.local/lib/python3.7/site-packages/airflow/example_dags/tutorial.py
[2022-10-06T00:01:59.410+0000] {processor.py:758} INFO - Processing file /home/airflow/.local/lib/python3.7/site-packages/airflow/example_dags/tutorial.py for tasks to queue
[2022-10-06T00:01:59.411+0000] {logging_mixin.py:117} INFO - [2022-10-06T00:01:59.411+0000] {dagbag.py:525} INFO - Filling up the DagBag from /home/airflow/.local/lib/python3.7/site-packages/airflow/example_dags/tutorial.py
[2022-10-06T00:01:59.424+0000] {processor.py:768} INFO - DAG(s) dict_keys(['tutorial']) retrieved from /home/airflow/.local/lib/python3.7/site-packages/airflow/example_dags/tutorial.py
[2022-10-06T00:01:59.470+0000] {logging_mixin.py:117} INFO - [2022-10-06T00:01:59.469+0000] {dag.py:2573} INFO - Sync 1 DAGs
[2022-10-06T00:01:59.506+0000] {logging_mixin.py:117} INFO - [2022-10-06T00:01:59.506+0000] {dag.py:3328} INFO - Setting next_dagrun for tutorial to 2022-10-05T00:01:59.506166+00:00, run_after=2022-10-06T00:01:59.506166+00:00
[2022-10-06T00:01:59.543+0000] {processor.py:178} INFO - Processing /home/airflow/.local/lib/python3.7/site-packages/airflow/example_dags/tutorial.py took 0.138 seconds
[2022-10-06T00:02:29.719+0000] {processor.py:156} INFO - Started process (PID=2550) to work on /home/airflow/.local/lib/python3.7/site-packages/airflow/example_dags/tutorial.py
[2022-10-06T00:02:29.721+0000] {processor.py:758} INFO - Processing file /home/airflow/.local/lib/python3.7/site-packages/airflow/example_dags/tutorial.py for tasks to queue
[2022-10-06T00:02:29.722+0000] {logging_mixin.py:117} INFO - [2022-10-06T00:02:29.722+0000] {dagbag.py:525} INFO - Filling up the DagBag from /home/airflow/.local/lib/python3.7/site-packages/airflow/example_dags/tutorial.py
[2022-10-06T00:02:29.746+0000] {processor.py:768} INFO - DAG(s) dict_keys(['tutorial']) retrieved from /home/airflow/.local/lib/python3.7/site-packages/airflow/example_dags/tutorial.py
[2022-10-06T00:02:29.813+0000] {logging_mixin.py:117} INFO - [2022-10-06T00:02:29.812+0000] {dag.py:2573} INFO - Sync 1 DAGs
[2022-10-06T00:02:29.867+0000] {logging_mixin.py:117} INFO - [2022-10-06T00:02:29.866+0000] {dag.py:3328} INFO - Setting next_dagrun for tutorial to 2022-10-05T00:02:29.866472+00:00, run_after=2022-10-06T00:02:29.866472+00:00
[2022-10-06T00:02:29.911+0000] {processor.py:178} INFO - Processing /home/airflow/.local/lib/python3.7/site-packages/airflow/example_dags/tutorial.py took 0.196 seconds
[2022-10-06T00:03:00.126+0000] {processor.py:156} INFO - Started process (PID=2615) to work on /home/airflow/.local/lib/python3.7/site-packages/airflow/example_dags/tutorial.py
[2022-10-06T00:03:00.127+0000] {processor.py:758} INFO - Processing file /home/airflow/.local/lib/python3.7/site-packages/airflow/example_dags/tutorial.py for tasks to queue
[2022-10-06T00:03:00.128+0000] {logging_mixin.py:117} INFO - [2022-10-06T00:03:00.128+0000] {dagbag.py:525} INFO - Filling up the DagBag from /home/airflow/.local/lib/python3.7/site-packages/airflow/example_dags/tutorial.py
[2022-10-06T00:03:00.144+0000] {processor.py:768} INFO - DAG(s) dict_keys(['tutorial']) retrieved from /home/airflow/.local/lib/python3.7/site-packages/airflow/example_dags/tutorial.py
[2022-10-06T00:03:00.198+0000] {logging_mixin.py:117} INFO - [2022-10-06T00:03:00.197+0000] {dag.py:2573} INFO - Sync 1 DAGs
[2022-10-06T00:03:00.227+0000] {logging_mixin.py:117} INFO - [2022-10-06T00:03:00.226+0000] {dag.py:3328} INFO - Setting next_dagrun for tutorial to 2022-10-05T00:03:00.226623+00:00, run_after=2022-10-06T00:03:00.226623+00:00
[2022-10-06T00:03:00.263+0000] {processor.py:178} INFO - Processing /home/airflow/.local/lib/python3.7/site-packages/airflow/example_dags/tutorial.py took 0.140 seconds
[2022-10-06T00:03:31.050+0000] {processor.py:156} INFO - Started process (PID=2671) to work on /home/airflow/.local/lib/python3.7/site-packages/airflow/example_dags/tutorial.py
[2022-10-06T00:03:31.052+0000] {processor.py:758} INFO - Processing file /home/airflow/.local/lib/python3.7/site-packages/airflow/example_dags/tutorial.py for tasks to queue
[2022-10-06T00:03:31.053+0000] {logging_mixin.py:117} INFO - [2022-10-06T00:03:31.053+0000] {dagbag.py:525} INFO - Filling up the DagBag from /home/airflow/.local/lib/python3.7/site-packages/airflow/example_dags/tutorial.py
[2022-10-06T00:03:31.071+0000] {processor.py:768} INFO - DAG(s) dict_keys(['tutorial']) retrieved from /home/airflow/.local/lib/python3.7/site-packages/airflow/example_dags/tutorial.py
[2022-10-06T00:03:31.132+0000] {logging_mixin.py:117} INFO - [2022-10-06T00:03:31.131+0000] {dag.py:2573} INFO - Sync 1 DAGs
[2022-10-06T00:03:31.167+0000] {logging_mixin.py:117} INFO - [2022-10-06T00:03:31.167+0000] {dag.py:3328} INFO - Setting next_dagrun for tutorial to 2022-10-05T00:03:31.166654+00:00, run_after=2022-10-06T00:03:31.166654+00:00
[2022-10-06T00:03:31.208+0000] {processor.py:178} INFO - Processing /home/airflow/.local/lib/python3.7/site-packages/airflow/example_dags/tutorial.py took 0.164 seconds
[2022-10-06T03:04:00.906+0000] {processor.py:156} INFO - Started process (PID=2742) to work on /home/airflow/.local/lib/python3.7/site-packages/airflow/example_dags/tutorial.py
[2022-10-06T03:04:00.907+0000] {processor.py:758} INFO - Processing file /home/airflow/.local/lib/python3.7/site-packages/airflow/example_dags/tutorial.py for tasks to queue
[2022-10-06T03:04:00.909+0000] {logging_mixin.py:117} INFO - [2022-10-06T03:04:00.909+0000] {dagbag.py:525} INFO - Filling up the DagBag from /home/airflow/.local/lib/python3.7/site-packages/airflow/example_dags/tutorial.py
[2022-10-06T03:04:00.942+0000] {processor.py:768} INFO - DAG(s) dict_keys(['tutorial']) retrieved from /home/airflow/.local/lib/python3.7/site-packages/airflow/example_dags/tutorial.py
[2022-10-06T03:04:01.037+0000] {logging_mixin.py:117} INFO - [2022-10-06T03:04:01.037+0000] {dag.py:2573} INFO - Sync 1 DAGs
[2022-10-06T03:04:01.091+0000] {logging_mixin.py:117} INFO - [2022-10-06T03:04:01.091+0000] {dag.py:3328} INFO - Setting next_dagrun for tutorial to 2022-10-05T03:04:01.091141+00:00, run_after=2022-10-06T03:04:01.091141+00:00
[2022-10-06T03:04:01.132+0000] {processor.py:178} INFO - Processing /home/airflow/.local/lib/python3.7/site-packages/airflow/example_dags/tutorial.py took 0.231 seconds
