[2022-08-04 01:05:52,385] {processor.py:153} INFO - Started process (PID=26400) to work on /home/airflow/.local/lib/python3.7/site-packages/airflow/example_dags/example_branch_operator.py
[2022-08-04 01:05:52,387] {processor.py:641} INFO - Processing file /home/airflow/.local/lib/python3.7/site-packages/airflow/example_dags/example_branch_operator.py for tasks to queue
[2022-08-04 01:05:52,388] {logging_mixin.py:115} INFO - [2022-08-04 01:05:52,388] {dagbag.py:508} INFO - Filling up the DagBag from /home/airflow/.local/lib/python3.7/site-packages/airflow/example_dags/example_branch_operator.py
[2022-08-04 01:05:52,413] {processor.py:651} INFO - DAG(s) dict_keys(['example_branch_operator']) retrieved from /home/airflow/.local/lib/python3.7/site-packages/airflow/example_dags/example_branch_operator.py
[2022-08-04 01:05:52,500] {logging_mixin.py:115} INFO - [2022-08-04 01:05:52,500] {dag.py:2420} INFO - Sync 1 DAGs
[2022-08-04 01:05:52,567] {logging_mixin.py:115} INFO - [2022-08-04 01:05:52,567] {dag.py:2972} INFO - Setting next_dagrun for example_branch_operator to 2022-08-03T00:00:00+00:00, run_after=2022-08-04T00:00:00+00:00
[2022-08-04 01:05:52,615] {processor.py:161} INFO - Processing /home/airflow/.local/lib/python3.7/site-packages/airflow/example_dags/example_branch_operator.py took 0.235 seconds
[2022-08-04 01:06:22,997] {processor.py:153} INFO - Started process (PID=26608) to work on /home/airflow/.local/lib/python3.7/site-packages/airflow/example_dags/example_branch_operator.py
[2022-08-04 01:06:22,998] {processor.py:641} INFO - Processing file /home/airflow/.local/lib/python3.7/site-packages/airflow/example_dags/example_branch_operator.py for tasks to queue
[2022-08-04 01:06:22,999] {logging_mixin.py:115} INFO - [2022-08-04 01:06:22,999] {dagbag.py:508} INFO - Filling up the DagBag from /home/airflow/.local/lib/python3.7/site-packages/airflow/example_dags/example_branch_operator.py
[2022-08-04 01:06:23,013] {processor.py:651} INFO - DAG(s) dict_keys(['example_branch_operator']) retrieved from /home/airflow/.local/lib/python3.7/site-packages/airflow/example_dags/example_branch_operator.py
[2022-08-04 01:06:23,049] {logging_mixin.py:115} INFO - [2022-08-04 01:06:23,048] {dag.py:2420} INFO - Sync 1 DAGs
[2022-08-04 01:06:23,083] {logging_mixin.py:115} INFO - [2022-08-04 01:06:23,083] {dag.py:2972} INFO - Setting next_dagrun for example_branch_operator to 2022-08-03T00:00:00+00:00, run_after=2022-08-04T00:00:00+00:00
[2022-08-04 01:06:23,099] {processor.py:161} INFO - Processing /home/airflow/.local/lib/python3.7/site-packages/airflow/example_dags/example_branch_operator.py took 0.106 seconds
[2022-08-04 01:06:53,588] {processor.py:153} INFO - Started process (PID=26814) to work on /home/airflow/.local/lib/python3.7/site-packages/airflow/example_dags/example_branch_operator.py
[2022-08-04 01:06:53,589] {processor.py:641} INFO - Processing file /home/airflow/.local/lib/python3.7/site-packages/airflow/example_dags/example_branch_operator.py for tasks to queue
[2022-08-04 01:06:53,589] {logging_mixin.py:115} INFO - [2022-08-04 01:06:53,589] {dagbag.py:508} INFO - Filling up the DagBag from /home/airflow/.local/lib/python3.7/site-packages/airflow/example_dags/example_branch_operator.py
[2022-08-04 01:06:53,602] {processor.py:651} INFO - DAG(s) dict_keys(['example_branch_operator']) retrieved from /home/airflow/.local/lib/python3.7/site-packages/airflow/example_dags/example_branch_operator.py
[2022-08-04 01:06:53,632] {logging_mixin.py:115} INFO - [2022-08-04 01:06:53,632] {dag.py:2420} INFO - Sync 1 DAGs
[2022-08-04 01:06:53,660] {logging_mixin.py:115} INFO - [2022-08-04 01:06:53,660] {dag.py:2972} INFO - Setting next_dagrun for example_branch_operator to 2022-08-03T00:00:00+00:00, run_after=2022-08-04T00:00:00+00:00
[2022-08-04 01:06:53,679] {processor.py:161} INFO - Processing /home/airflow/.local/lib/python3.7/site-packages/airflow/example_dags/example_branch_operator.py took 0.095 seconds
[2022-08-04 01:07:24,271] {processor.py:153} INFO - Started process (PID=27008) to work on /home/airflow/.local/lib/python3.7/site-packages/airflow/example_dags/example_branch_operator.py
[2022-08-04 01:07:24,272] {processor.py:641} INFO - Processing file /home/airflow/.local/lib/python3.7/site-packages/airflow/example_dags/example_branch_operator.py for tasks to queue
[2022-08-04 01:07:24,273] {logging_mixin.py:115} INFO - [2022-08-04 01:07:24,273] {dagbag.py:508} INFO - Filling up the DagBag from /home/airflow/.local/lib/python3.7/site-packages/airflow/example_dags/example_branch_operator.py
[2022-08-04 01:07:24,286] {processor.py:651} INFO - DAG(s) dict_keys(['example_branch_operator']) retrieved from /home/airflow/.local/lib/python3.7/site-packages/airflow/example_dags/example_branch_operator.py
[2022-08-04 01:07:24,320] {logging_mixin.py:115} INFO - [2022-08-04 01:07:24,320] {dag.py:2420} INFO - Sync 1 DAGs
[2022-08-04 01:07:24,351] {logging_mixin.py:115} INFO - [2022-08-04 01:07:24,351] {dag.py:2972} INFO - Setting next_dagrun for example_branch_operator to 2022-08-03T00:00:00+00:00, run_after=2022-08-04T00:00:00+00:00
[2022-08-04 01:07:24,368] {processor.py:161} INFO - Processing /home/airflow/.local/lib/python3.7/site-packages/airflow/example_dags/example_branch_operator.py took 0.101 seconds
[2022-08-04 01:07:55,014] {processor.py:153} INFO - Started process (PID=27211) to work on /home/airflow/.local/lib/python3.7/site-packages/airflow/example_dags/example_branch_operator.py
[2022-08-04 01:07:55,015] {processor.py:641} INFO - Processing file /home/airflow/.local/lib/python3.7/site-packages/airflow/example_dags/example_branch_operator.py for tasks to queue
[2022-08-04 01:07:55,015] {logging_mixin.py:115} INFO - [2022-08-04 01:07:55,015] {dagbag.py:508} INFO - Filling up the DagBag from /home/airflow/.local/lib/python3.7/site-packages/airflow/example_dags/example_branch_operator.py
[2022-08-04 01:07:55,028] {processor.py:651} INFO - DAG(s) dict_keys(['example_branch_operator']) retrieved from /home/airflow/.local/lib/python3.7/site-packages/airflow/example_dags/example_branch_operator.py
[2022-08-04 01:07:55,062] {logging_mixin.py:115} INFO - [2022-08-04 01:07:55,062] {dag.py:2420} INFO - Sync 1 DAGs
[2022-08-04 01:07:55,093] {logging_mixin.py:115} INFO - [2022-08-04 01:07:55,093] {dag.py:2972} INFO - Setting next_dagrun for example_branch_operator to 2022-08-03T00:00:00+00:00, run_after=2022-08-04T00:00:00+00:00
[2022-08-04 01:07:55,111] {processor.py:161} INFO - Processing /home/airflow/.local/lib/python3.7/site-packages/airflow/example_dags/example_branch_operator.py took 0.100 seconds
[2022-08-04 01:08:26,181] {processor.py:153} INFO - Started process (PID=27417) to work on /home/airflow/.local/lib/python3.7/site-packages/airflow/example_dags/example_branch_operator.py
[2022-08-04 01:08:26,182] {processor.py:641} INFO - Processing file /home/airflow/.local/lib/python3.7/site-packages/airflow/example_dags/example_branch_operator.py for tasks to queue
[2022-08-04 01:08:26,183] {logging_mixin.py:115} INFO - [2022-08-04 01:08:26,183] {dagbag.py:508} INFO - Filling up the DagBag from /home/airflow/.local/lib/python3.7/site-packages/airflow/example_dags/example_branch_operator.py
[2022-08-04 01:08:26,196] {processor.py:651} INFO - DAG(s) dict_keys(['example_branch_operator']) retrieved from /home/airflow/.local/lib/python3.7/site-packages/airflow/example_dags/example_branch_operator.py
[2022-08-04 01:08:26,230] {logging_mixin.py:115} INFO - [2022-08-04 01:08:26,230] {dag.py:2420} INFO - Sync 1 DAGs
[2022-08-04 01:08:26,264] {logging_mixin.py:115} INFO - [2022-08-04 01:08:26,264] {dag.py:2972} INFO - Setting next_dagrun for example_branch_operator to 2022-08-03T00:00:00+00:00, run_after=2022-08-04T00:00:00+00:00
[2022-08-04 01:08:26,282] {processor.py:161} INFO - Processing /home/airflow/.local/lib/python3.7/site-packages/airflow/example_dags/example_branch_operator.py took 0.106 seconds
[2022-08-04 01:08:56,448] {processor.py:153} INFO - Started process (PID=27611) to work on /home/airflow/.local/lib/python3.7/site-packages/airflow/example_dags/example_branch_operator.py
[2022-08-04 01:08:56,450] {processor.py:641} INFO - Processing file /home/airflow/.local/lib/python3.7/site-packages/airflow/example_dags/example_branch_operator.py for tasks to queue
[2022-08-04 01:08:56,450] {logging_mixin.py:115} INFO - [2022-08-04 01:08:56,450] {dagbag.py:508} INFO - Filling up the DagBag from /home/airflow/.local/lib/python3.7/site-packages/airflow/example_dags/example_branch_operator.py
[2022-08-04 01:08:56,463] {processor.py:651} INFO - DAG(s) dict_keys(['example_branch_operator']) retrieved from /home/airflow/.local/lib/python3.7/site-packages/airflow/example_dags/example_branch_operator.py
[2022-08-04 01:08:56,497] {logging_mixin.py:115} INFO - [2022-08-04 01:08:56,497] {dag.py:2420} INFO - Sync 1 DAGs
[2022-08-04 01:08:56,524] {logging_mixin.py:115} INFO - [2022-08-04 01:08:56,524] {dag.py:2972} INFO - Setting next_dagrun for example_branch_operator to 2022-08-03T00:00:00+00:00, run_after=2022-08-04T00:00:00+00:00
[2022-08-04 01:08:56,550] {processor.py:161} INFO - Processing /home/airflow/.local/lib/python3.7/site-packages/airflow/example_dags/example_branch_operator.py took 0.104 seconds
[2022-08-04 01:09:27,256] {processor.py:153} INFO - Started process (PID=27812) to work on /home/airflow/.local/lib/python3.7/site-packages/airflow/example_dags/example_branch_operator.py
[2022-08-04 01:09:27,257] {processor.py:641} INFO - Processing file /home/airflow/.local/lib/python3.7/site-packages/airflow/example_dags/example_branch_operator.py for tasks to queue
[2022-08-04 01:09:27,258] {logging_mixin.py:115} INFO - [2022-08-04 01:09:27,258] {dagbag.py:508} INFO - Filling up the DagBag from /home/airflow/.local/lib/python3.7/site-packages/airflow/example_dags/example_branch_operator.py
[2022-08-04 01:09:27,275] {processor.py:651} INFO - DAG(s) dict_keys(['example_branch_operator']) retrieved from /home/airflow/.local/lib/python3.7/site-packages/airflow/example_dags/example_branch_operator.py
[2022-08-04 01:09:27,308] {logging_mixin.py:115} INFO - [2022-08-04 01:09:27,308] {dag.py:2420} INFO - Sync 1 DAGs
[2022-08-04 01:09:27,340] {logging_mixin.py:115} INFO - [2022-08-04 01:09:27,340] {dag.py:2972} INFO - Setting next_dagrun for example_branch_operator to 2022-08-03T00:00:00+00:00, run_after=2022-08-04T00:00:00+00:00
[2022-08-04 01:09:27,357] {processor.py:161} INFO - Processing /home/airflow/.local/lib/python3.7/site-packages/airflow/example_dags/example_branch_operator.py took 0.105 seconds
[2022-08-04 01:09:57,799] {processor.py:153} INFO - Started process (PID=28006) to work on /home/airflow/.local/lib/python3.7/site-packages/airflow/example_dags/example_branch_operator.py
[2022-08-04 01:09:57,800] {processor.py:641} INFO - Processing file /home/airflow/.local/lib/python3.7/site-packages/airflow/example_dags/example_branch_operator.py for tasks to queue
[2022-08-04 01:09:57,801] {logging_mixin.py:115} INFO - [2022-08-04 01:09:57,801] {dagbag.py:508} INFO - Filling up the DagBag from /home/airflow/.local/lib/python3.7/site-packages/airflow/example_dags/example_branch_operator.py
[2022-08-04 01:09:57,818] {processor.py:651} INFO - DAG(s) dict_keys(['example_branch_operator']) retrieved from /home/airflow/.local/lib/python3.7/site-packages/airflow/example_dags/example_branch_operator.py
[2022-08-04 01:09:57,873] {logging_mixin.py:115} INFO - [2022-08-04 01:09:57,873] {dag.py:2420} INFO - Sync 1 DAGs
[2022-08-04 01:09:57,911] {logging_mixin.py:115} INFO - [2022-08-04 01:09:57,911] {dag.py:2972} INFO - Setting next_dagrun for example_branch_operator to 2022-08-03T00:00:00+00:00, run_after=2022-08-04T00:00:00+00:00
[2022-08-04 01:09:57,927] {processor.py:161} INFO - Processing /home/airflow/.local/lib/python3.7/site-packages/airflow/example_dags/example_branch_operator.py took 0.131 seconds
[2022-08-04 01:10:28,307] {processor.py:153} INFO - Started process (PID=28211) to work on /home/airflow/.local/lib/python3.7/site-packages/airflow/example_dags/example_branch_operator.py
[2022-08-04 01:10:28,308] {processor.py:641} INFO - Processing file /home/airflow/.local/lib/python3.7/site-packages/airflow/example_dags/example_branch_operator.py for tasks to queue
[2022-08-04 01:10:28,309] {logging_mixin.py:115} INFO - [2022-08-04 01:10:28,309] {dagbag.py:508} INFO - Filling up the DagBag from /home/airflow/.local/lib/python3.7/site-packages/airflow/example_dags/example_branch_operator.py
[2022-08-04 01:10:28,323] {processor.py:651} INFO - DAG(s) dict_keys(['example_branch_operator']) retrieved from /home/airflow/.local/lib/python3.7/site-packages/airflow/example_dags/example_branch_operator.py
[2022-08-04 01:10:28,358] {logging_mixin.py:115} INFO - [2022-08-04 01:10:28,357] {dag.py:2420} INFO - Sync 1 DAGs
[2022-08-04 01:10:28,391] {logging_mixin.py:115} INFO - [2022-08-04 01:10:28,390] {dag.py:2972} INFO - Setting next_dagrun for example_branch_operator to 2022-08-03T00:00:00+00:00, run_after=2022-08-04T00:00:00+00:00
[2022-08-04 01:10:28,418] {processor.py:161} INFO - Processing /home/airflow/.local/lib/python3.7/site-packages/airflow/example_dags/example_branch_operator.py took 0.114 seconds
[2022-08-04 01:10:58,748] {processor.py:153} INFO - Started process (PID=28405) to work on /home/airflow/.local/lib/python3.7/site-packages/airflow/example_dags/example_branch_operator.py
[2022-08-04 01:10:58,749] {processor.py:641} INFO - Processing file /home/airflow/.local/lib/python3.7/site-packages/airflow/example_dags/example_branch_operator.py for tasks to queue
[2022-08-04 01:10:58,750] {logging_mixin.py:115} INFO - [2022-08-04 01:10:58,750] {dagbag.py:508} INFO - Filling up the DagBag from /home/airflow/.local/lib/python3.7/site-packages/airflow/example_dags/example_branch_operator.py
[2022-08-04 01:10:58,768] {processor.py:651} INFO - DAG(s) dict_keys(['example_branch_operator']) retrieved from /home/airflow/.local/lib/python3.7/site-packages/airflow/example_dags/example_branch_operator.py
[2022-08-04 01:10:58,802] {logging_mixin.py:115} INFO - [2022-08-04 01:10:58,802] {dag.py:2420} INFO - Sync 1 DAGs
[2022-08-04 01:10:58,830] {logging_mixin.py:115} INFO - [2022-08-04 01:10:58,830] {dag.py:2972} INFO - Setting next_dagrun for example_branch_operator to 2022-08-03T00:00:00+00:00, run_after=2022-08-04T00:00:00+00:00
[2022-08-04 01:10:58,847] {processor.py:161} INFO - Processing /home/airflow/.local/lib/python3.7/site-packages/airflow/example_dags/example_branch_operator.py took 0.102 seconds
[2022-08-04 01:11:29,049] {processor.py:153} INFO - Started process (PID=28608) to work on /home/airflow/.local/lib/python3.7/site-packages/airflow/example_dags/example_branch_operator.py
[2022-08-04 01:11:29,050] {processor.py:641} INFO - Processing file /home/airflow/.local/lib/python3.7/site-packages/airflow/example_dags/example_branch_operator.py for tasks to queue
[2022-08-04 01:11:29,051] {logging_mixin.py:115} INFO - [2022-08-04 01:11:29,051] {dagbag.py:508} INFO - Filling up the DagBag from /home/airflow/.local/lib/python3.7/site-packages/airflow/example_dags/example_branch_operator.py
[2022-08-04 01:11:29,067] {processor.py:651} INFO - DAG(s) dict_keys(['example_branch_operator']) retrieved from /home/airflow/.local/lib/python3.7/site-packages/airflow/example_dags/example_branch_operator.py
[2022-08-04 01:11:29,102] {logging_mixin.py:115} INFO - [2022-08-04 01:11:29,102] {dag.py:2420} INFO - Sync 1 DAGs
[2022-08-04 01:11:29,133] {logging_mixin.py:115} INFO - [2022-08-04 01:11:29,133] {dag.py:2972} INFO - Setting next_dagrun for example_branch_operator to 2022-08-03T00:00:00+00:00, run_after=2022-08-04T00:00:00+00:00
[2022-08-04 01:11:29,148] {processor.py:161} INFO - Processing /home/airflow/.local/lib/python3.7/site-packages/airflow/example_dags/example_branch_operator.py took 0.102 seconds
[2022-08-04 01:11:59,480] {processor.py:153} INFO - Started process (PID=28802) to work on /home/airflow/.local/lib/python3.7/site-packages/airflow/example_dags/example_branch_operator.py
[2022-08-04 01:11:59,481] {processor.py:641} INFO - Processing file /home/airflow/.local/lib/python3.7/site-packages/airflow/example_dags/example_branch_operator.py for tasks to queue
[2022-08-04 01:11:59,482] {logging_mixin.py:115} INFO - [2022-08-04 01:11:59,482] {dagbag.py:508} INFO - Filling up the DagBag from /home/airflow/.local/lib/python3.7/site-packages/airflow/example_dags/example_branch_operator.py
[2022-08-04 01:11:59,496] {processor.py:651} INFO - DAG(s) dict_keys(['example_branch_operator']) retrieved from /home/airflow/.local/lib/python3.7/site-packages/airflow/example_dags/example_branch_operator.py
[2022-08-04 01:11:59,533] {logging_mixin.py:115} INFO - [2022-08-04 01:11:59,532] {dag.py:2420} INFO - Sync 1 DAGs
[2022-08-04 01:11:59,563] {logging_mixin.py:115} INFO - [2022-08-04 01:11:59,563] {dag.py:2972} INFO - Setting next_dagrun for example_branch_operator to 2022-08-03T00:00:00+00:00, run_after=2022-08-04T00:00:00+00:00
[2022-08-04 01:11:59,583] {processor.py:161} INFO - Processing /home/airflow/.local/lib/python3.7/site-packages/airflow/example_dags/example_branch_operator.py took 0.106 seconds
[2022-08-04 01:12:30,134] {processor.py:153} INFO - Started process (PID=29005) to work on /home/airflow/.local/lib/python3.7/site-packages/airflow/example_dags/example_branch_operator.py
[2022-08-04 01:12:30,135] {processor.py:641} INFO - Processing file /home/airflow/.local/lib/python3.7/site-packages/airflow/example_dags/example_branch_operator.py for tasks to queue
[2022-08-04 01:12:30,136] {logging_mixin.py:115} INFO - [2022-08-04 01:12:30,136] {dagbag.py:508} INFO - Filling up the DagBag from /home/airflow/.local/lib/python3.7/site-packages/airflow/example_dags/example_branch_operator.py
[2022-08-04 01:12:30,153] {processor.py:651} INFO - DAG(s) dict_keys(['example_branch_operator']) retrieved from /home/airflow/.local/lib/python3.7/site-packages/airflow/example_dags/example_branch_operator.py
[2022-08-04 01:12:30,185] {logging_mixin.py:115} INFO - [2022-08-04 01:12:30,184] {dag.py:2420} INFO - Sync 1 DAGs
[2022-08-04 01:12:30,215] {logging_mixin.py:115} INFO - [2022-08-04 01:12:30,215] {dag.py:2972} INFO - Setting next_dagrun for example_branch_operator to 2022-08-03T00:00:00+00:00, run_after=2022-08-04T00:00:00+00:00
[2022-08-04 01:12:30,233] {processor.py:161} INFO - Processing /home/airflow/.local/lib/python3.7/site-packages/airflow/example_dags/example_branch_operator.py took 0.102 seconds
[2022-08-04 01:13:01,060] {processor.py:153} INFO - Started process (PID=29197) to work on /home/airflow/.local/lib/python3.7/site-packages/airflow/example_dags/example_branch_operator.py
[2022-08-04 01:13:01,061] {processor.py:641} INFO - Processing file /home/airflow/.local/lib/python3.7/site-packages/airflow/example_dags/example_branch_operator.py for tasks to queue
[2022-08-04 01:13:01,062] {logging_mixin.py:115} INFO - [2022-08-04 01:13:01,062] {dagbag.py:508} INFO - Filling up the DagBag from /home/airflow/.local/lib/python3.7/site-packages/airflow/example_dags/example_branch_operator.py
[2022-08-04 01:13:01,074] {processor.py:651} INFO - DAG(s) dict_keys(['example_branch_operator']) retrieved from /home/airflow/.local/lib/python3.7/site-packages/airflow/example_dags/example_branch_operator.py
[2022-08-04 01:13:01,108] {logging_mixin.py:115} INFO - [2022-08-04 01:13:01,107] {dag.py:2420} INFO - Sync 1 DAGs
[2022-08-04 01:13:01,137] {logging_mixin.py:115} INFO - [2022-08-04 01:13:01,137] {dag.py:2972} INFO - Setting next_dagrun for example_branch_operator to 2022-08-03T00:00:00+00:00, run_after=2022-08-04T00:00:00+00:00
[2022-08-04 01:13:01,153] {processor.py:161} INFO - Processing /home/airflow/.local/lib/python3.7/site-packages/airflow/example_dags/example_branch_operator.py took 0.097 seconds
[2022-08-04 01:13:31,428] {processor.py:153} INFO - Started process (PID=29400) to work on /home/airflow/.local/lib/python3.7/site-packages/airflow/example_dags/example_branch_operator.py
[2022-08-04 01:13:31,429] {processor.py:641} INFO - Processing file /home/airflow/.local/lib/python3.7/site-packages/airflow/example_dags/example_branch_operator.py for tasks to queue
[2022-08-04 01:13:31,430] {logging_mixin.py:115} INFO - [2022-08-04 01:13:31,430] {dagbag.py:508} INFO - Filling up the DagBag from /home/airflow/.local/lib/python3.7/site-packages/airflow/example_dags/example_branch_operator.py
[2022-08-04 01:13:31,445] {processor.py:651} INFO - DAG(s) dict_keys(['example_branch_operator']) retrieved from /home/airflow/.local/lib/python3.7/site-packages/airflow/example_dags/example_branch_operator.py
[2022-08-04 01:13:31,482] {logging_mixin.py:115} INFO - [2022-08-04 01:13:31,482] {dag.py:2420} INFO - Sync 1 DAGs
[2022-08-04 01:13:31,518] {logging_mixin.py:115} INFO - [2022-08-04 01:13:31,517] {dag.py:2972} INFO - Setting next_dagrun for example_branch_operator to 2022-08-03T00:00:00+00:00, run_after=2022-08-04T00:00:00+00:00
[2022-08-04 01:13:31,535] {processor.py:161} INFO - Processing /home/airflow/.local/lib/python3.7/site-packages/airflow/example_dags/example_branch_operator.py took 0.110 seconds
[2022-08-04 01:14:01,833] {processor.py:153} INFO - Started process (PID=29594) to work on /home/airflow/.local/lib/python3.7/site-packages/airflow/example_dags/example_branch_operator.py
[2022-08-04 01:14:01,834] {processor.py:641} INFO - Processing file /home/airflow/.local/lib/python3.7/site-packages/airflow/example_dags/example_branch_operator.py for tasks to queue
[2022-08-04 01:14:01,835] {logging_mixin.py:115} INFO - [2022-08-04 01:14:01,835] {dagbag.py:508} INFO - Filling up the DagBag from /home/airflow/.local/lib/python3.7/site-packages/airflow/example_dags/example_branch_operator.py
[2022-08-04 01:14:01,849] {processor.py:651} INFO - DAG(s) dict_keys(['example_branch_operator']) retrieved from /home/airflow/.local/lib/python3.7/site-packages/airflow/example_dags/example_branch_operator.py
[2022-08-04 01:14:01,882] {logging_mixin.py:115} INFO - [2022-08-04 01:14:01,882] {dag.py:2420} INFO - Sync 1 DAGs
[2022-08-04 01:14:01,912] {logging_mixin.py:115} INFO - [2022-08-04 01:14:01,911] {dag.py:2972} INFO - Setting next_dagrun for example_branch_operator to 2022-08-03T00:00:00+00:00, run_after=2022-08-04T00:00:00+00:00
[2022-08-04 01:14:01,928] {processor.py:161} INFO - Processing /home/airflow/.local/lib/python3.7/site-packages/airflow/example_dags/example_branch_operator.py took 0.098 seconds
[2022-08-04 01:14:32,107] {processor.py:153} INFO - Started process (PID=29798) to work on /home/airflow/.local/lib/python3.7/site-packages/airflow/example_dags/example_branch_operator.py
[2022-08-04 01:14:32,108] {processor.py:641} INFO - Processing file /home/airflow/.local/lib/python3.7/site-packages/airflow/example_dags/example_branch_operator.py for tasks to queue
[2022-08-04 01:14:32,109] {logging_mixin.py:115} INFO - [2022-08-04 01:14:32,109] {dagbag.py:508} INFO - Filling up the DagBag from /home/airflow/.local/lib/python3.7/site-packages/airflow/example_dags/example_branch_operator.py
[2022-08-04 01:14:32,122] {processor.py:651} INFO - DAG(s) dict_keys(['example_branch_operator']) retrieved from /home/airflow/.local/lib/python3.7/site-packages/airflow/example_dags/example_branch_operator.py
[2022-08-04 01:14:32,158] {logging_mixin.py:115} INFO - [2022-08-04 01:14:32,157] {dag.py:2420} INFO - Sync 1 DAGs
[2022-08-04 01:14:32,195] {logging_mixin.py:115} INFO - [2022-08-04 01:14:32,194] {dag.py:2972} INFO - Setting next_dagrun for example_branch_operator to 2022-08-03T00:00:00+00:00, run_after=2022-08-04T00:00:00+00:00
[2022-08-04 01:14:32,220] {processor.py:161} INFO - Processing /home/airflow/.local/lib/python3.7/site-packages/airflow/example_dags/example_branch_operator.py took 0.116 seconds
[2022-08-04 01:15:02,343] {processor.py:153} INFO - Started process (PID=29992) to work on /home/airflow/.local/lib/python3.7/site-packages/airflow/example_dags/example_branch_operator.py
[2022-08-04 01:15:02,344] {processor.py:641} INFO - Processing file /home/airflow/.local/lib/python3.7/site-packages/airflow/example_dags/example_branch_operator.py for tasks to queue
[2022-08-04 01:15:02,345] {logging_mixin.py:115} INFO - [2022-08-04 01:15:02,345] {dagbag.py:508} INFO - Filling up the DagBag from /home/airflow/.local/lib/python3.7/site-packages/airflow/example_dags/example_branch_operator.py
[2022-08-04 01:15:02,357] {processor.py:651} INFO - DAG(s) dict_keys(['example_branch_operator']) retrieved from /home/airflow/.local/lib/python3.7/site-packages/airflow/example_dags/example_branch_operator.py
[2022-08-04 01:15:02,392] {logging_mixin.py:115} INFO - [2022-08-04 01:15:02,392] {dag.py:2420} INFO - Sync 1 DAGs
[2022-08-04 01:15:02,420] {logging_mixin.py:115} INFO - [2022-08-04 01:15:02,420] {dag.py:2972} INFO - Setting next_dagrun for example_branch_operator to 2022-08-03T00:00:00+00:00, run_after=2022-08-04T00:00:00+00:00
[2022-08-04 01:15:02,444] {processor.py:161} INFO - Processing /home/airflow/.local/lib/python3.7/site-packages/airflow/example_dags/example_branch_operator.py took 0.105 seconds
[2022-08-04 01:15:32,612] {processor.py:153} INFO - Started process (PID=30195) to work on /home/airflow/.local/lib/python3.7/site-packages/airflow/example_dags/example_branch_operator.py
[2022-08-04 01:15:32,613] {processor.py:641} INFO - Processing file /home/airflow/.local/lib/python3.7/site-packages/airflow/example_dags/example_branch_operator.py for tasks to queue
[2022-08-04 01:15:32,614] {logging_mixin.py:115} INFO - [2022-08-04 01:15:32,614] {dagbag.py:508} INFO - Filling up the DagBag from /home/airflow/.local/lib/python3.7/site-packages/airflow/example_dags/example_branch_operator.py
[2022-08-04 01:15:32,629] {processor.py:651} INFO - DAG(s) dict_keys(['example_branch_operator']) retrieved from /home/airflow/.local/lib/python3.7/site-packages/airflow/example_dags/example_branch_operator.py
[2022-08-04 01:15:32,664] {logging_mixin.py:115} INFO - [2022-08-04 01:15:32,664] {dag.py:2420} INFO - Sync 1 DAGs
[2022-08-04 01:15:32,693] {logging_mixin.py:115} INFO - [2022-08-04 01:15:32,693] {dag.py:2972} INFO - Setting next_dagrun for example_branch_operator to 2022-08-03T00:00:00+00:00, run_after=2022-08-04T00:00:00+00:00
[2022-08-04 01:15:32,710] {processor.py:161} INFO - Processing /home/airflow/.local/lib/python3.7/site-packages/airflow/example_dags/example_branch_operator.py took 0.102 seconds
[2022-08-04 01:16:02,912] {processor.py:153} INFO - Started process (PID=30389) to work on /home/airflow/.local/lib/python3.7/site-packages/airflow/example_dags/example_branch_operator.py
[2022-08-04 01:16:02,913] {processor.py:641} INFO - Processing file /home/airflow/.local/lib/python3.7/site-packages/airflow/example_dags/example_branch_operator.py for tasks to queue
[2022-08-04 01:16:02,914] {logging_mixin.py:115} INFO - [2022-08-04 01:16:02,914] {dagbag.py:508} INFO - Filling up the DagBag from /home/airflow/.local/lib/python3.7/site-packages/airflow/example_dags/example_branch_operator.py
[2022-08-04 01:16:02,932] {processor.py:651} INFO - DAG(s) dict_keys(['example_branch_operator']) retrieved from /home/airflow/.local/lib/python3.7/site-packages/airflow/example_dags/example_branch_operator.py
[2022-08-04 01:16:02,965] {logging_mixin.py:115} INFO - [2022-08-04 01:16:02,965] {dag.py:2420} INFO - Sync 1 DAGs
[2022-08-04 01:16:03,006] {logging_mixin.py:115} INFO - [2022-08-04 01:16:03,006] {dag.py:2972} INFO - Setting next_dagrun for example_branch_operator to 2022-08-03T00:00:00+00:00, run_after=2022-08-04T00:00:00+00:00
[2022-08-04 01:16:03,027] {processor.py:161} INFO - Processing /home/airflow/.local/lib/python3.7/site-packages/airflow/example_dags/example_branch_operator.py took 0.120 seconds
[2022-08-04 01:16:33,493] {processor.py:153} INFO - Started process (PID=30592) to work on /home/airflow/.local/lib/python3.7/site-packages/airflow/example_dags/example_branch_operator.py
[2022-08-04 01:16:33,494] {processor.py:641} INFO - Processing file /home/airflow/.local/lib/python3.7/site-packages/airflow/example_dags/example_branch_operator.py for tasks to queue
[2022-08-04 01:16:33,495] {logging_mixin.py:115} INFO - [2022-08-04 01:16:33,495] {dagbag.py:508} INFO - Filling up the DagBag from /home/airflow/.local/lib/python3.7/site-packages/airflow/example_dags/example_branch_operator.py
[2022-08-04 01:16:33,512] {processor.py:651} INFO - DAG(s) dict_keys(['example_branch_operator']) retrieved from /home/airflow/.local/lib/python3.7/site-packages/airflow/example_dags/example_branch_operator.py
[2022-08-04 01:16:33,544] {logging_mixin.py:115} INFO - [2022-08-04 01:16:33,544] {dag.py:2420} INFO - Sync 1 DAGs
[2022-08-04 01:16:33,578] {logging_mixin.py:115} INFO - [2022-08-04 01:16:33,578] {dag.py:2972} INFO - Setting next_dagrun for example_branch_operator to 2022-08-03T00:00:00+00:00, run_after=2022-08-04T00:00:00+00:00
[2022-08-04 01:16:33,604] {processor.py:161} INFO - Processing /home/airflow/.local/lib/python3.7/site-packages/airflow/example_dags/example_branch_operator.py took 0.115 seconds
[2022-08-04 01:17:03,714] {processor.py:153} INFO - Started process (PID=30786) to work on /home/airflow/.local/lib/python3.7/site-packages/airflow/example_dags/example_branch_operator.py
[2022-08-04 01:17:03,715] {processor.py:641} INFO - Processing file /home/airflow/.local/lib/python3.7/site-packages/airflow/example_dags/example_branch_operator.py for tasks to queue
[2022-08-04 01:17:03,716] {logging_mixin.py:115} INFO - [2022-08-04 01:17:03,716] {dagbag.py:508} INFO - Filling up the DagBag from /home/airflow/.local/lib/python3.7/site-packages/airflow/example_dags/example_branch_operator.py
[2022-08-04 01:17:03,729] {processor.py:651} INFO - DAG(s) dict_keys(['example_branch_operator']) retrieved from /home/airflow/.local/lib/python3.7/site-packages/airflow/example_dags/example_branch_operator.py
[2022-08-04 01:17:03,764] {logging_mixin.py:115} INFO - [2022-08-04 01:17:03,764] {dag.py:2420} INFO - Sync 1 DAGs
[2022-08-04 01:17:03,795] {logging_mixin.py:115} INFO - [2022-08-04 01:17:03,795] {dag.py:2972} INFO - Setting next_dagrun for example_branch_operator to 2022-08-03T00:00:00+00:00, run_after=2022-08-04T00:00:00+00:00
[2022-08-04 01:17:03,819] {processor.py:161} INFO - Processing /home/airflow/.local/lib/python3.7/site-packages/airflow/example_dags/example_branch_operator.py took 0.110 seconds
[2022-08-04 01:17:34,281] {processor.py:153} INFO - Started process (PID=30989) to work on /home/airflow/.local/lib/python3.7/site-packages/airflow/example_dags/example_branch_operator.py
[2022-08-04 01:17:34,283] {processor.py:641} INFO - Processing file /home/airflow/.local/lib/python3.7/site-packages/airflow/example_dags/example_branch_operator.py for tasks to queue
[2022-08-04 01:17:34,284] {logging_mixin.py:115} INFO - [2022-08-04 01:17:34,284] {dagbag.py:508} INFO - Filling up the DagBag from /home/airflow/.local/lib/python3.7/site-packages/airflow/example_dags/example_branch_operator.py
[2022-08-04 01:17:34,298] {processor.py:651} INFO - DAG(s) dict_keys(['example_branch_operator']) retrieved from /home/airflow/.local/lib/python3.7/site-packages/airflow/example_dags/example_branch_operator.py
[2022-08-04 01:17:34,336] {logging_mixin.py:115} INFO - [2022-08-04 01:17:34,336] {dag.py:2420} INFO - Sync 1 DAGs
[2022-08-04 01:17:34,364] {logging_mixin.py:115} INFO - [2022-08-04 01:17:34,364] {dag.py:2972} INFO - Setting next_dagrun for example_branch_operator to 2022-08-03T00:00:00+00:00, run_after=2022-08-04T00:00:00+00:00
[2022-08-04 01:17:34,388] {processor.py:161} INFO - Processing /home/airflow/.local/lib/python3.7/site-packages/airflow/example_dags/example_branch_operator.py took 0.111 seconds
[2022-08-04 01:18:04,528] {processor.py:153} INFO - Started process (PID=31183) to work on /home/airflow/.local/lib/python3.7/site-packages/airflow/example_dags/example_branch_operator.py
[2022-08-04 01:18:04,529] {processor.py:641} INFO - Processing file /home/airflow/.local/lib/python3.7/site-packages/airflow/example_dags/example_branch_operator.py for tasks to queue
[2022-08-04 01:18:04,530] {logging_mixin.py:115} INFO - [2022-08-04 01:18:04,530] {dagbag.py:508} INFO - Filling up the DagBag from /home/airflow/.local/lib/python3.7/site-packages/airflow/example_dags/example_branch_operator.py
[2022-08-04 01:18:04,546] {processor.py:651} INFO - DAG(s) dict_keys(['example_branch_operator']) retrieved from /home/airflow/.local/lib/python3.7/site-packages/airflow/example_dags/example_branch_operator.py
[2022-08-04 01:18:04,582] {logging_mixin.py:115} INFO - [2022-08-04 01:18:04,582] {dag.py:2420} INFO - Sync 1 DAGs
[2022-08-04 01:18:04,613] {logging_mixin.py:115} INFO - [2022-08-04 01:18:04,613] {dag.py:2972} INFO - Setting next_dagrun for example_branch_operator to 2022-08-03T00:00:00+00:00, run_after=2022-08-04T00:00:00+00:00
[2022-08-04 01:18:04,640] {processor.py:161} INFO - Processing /home/airflow/.local/lib/python3.7/site-packages/airflow/example_dags/example_branch_operator.py took 0.116 seconds
[2022-08-04 01:18:34,710] {processor.py:153} INFO - Started process (PID=31386) to work on /home/airflow/.local/lib/python3.7/site-packages/airflow/example_dags/example_branch_operator.py
[2022-08-04 01:18:34,711] {processor.py:641} INFO - Processing file /home/airflow/.local/lib/python3.7/site-packages/airflow/example_dags/example_branch_operator.py for tasks to queue
[2022-08-04 01:18:34,712] {logging_mixin.py:115} INFO - [2022-08-04 01:18:34,712] {dagbag.py:508} INFO - Filling up the DagBag from /home/airflow/.local/lib/python3.7/site-packages/airflow/example_dags/example_branch_operator.py
[2022-08-04 01:18:34,728] {processor.py:651} INFO - DAG(s) dict_keys(['example_branch_operator']) retrieved from /home/airflow/.local/lib/python3.7/site-packages/airflow/example_dags/example_branch_operator.py
[2022-08-04 01:18:34,766] {logging_mixin.py:115} INFO - [2022-08-04 01:18:34,765] {dag.py:2420} INFO - Sync 1 DAGs
[2022-08-04 01:18:34,796] {logging_mixin.py:115} INFO - [2022-08-04 01:18:34,796] {dag.py:2972} INFO - Setting next_dagrun for example_branch_operator to 2022-08-03T00:00:00+00:00, run_after=2022-08-04T00:00:00+00:00
[2022-08-04 01:18:34,822] {processor.py:161} INFO - Processing /home/airflow/.local/lib/python3.7/site-packages/airflow/example_dags/example_branch_operator.py took 0.115 seconds
[2022-08-04 01:19:04,939] {processor.py:153} INFO - Started process (PID=31580) to work on /home/airflow/.local/lib/python3.7/site-packages/airflow/example_dags/example_branch_operator.py
[2022-08-04 01:19:04,940] {processor.py:641} INFO - Processing file /home/airflow/.local/lib/python3.7/site-packages/airflow/example_dags/example_branch_operator.py for tasks to queue
[2022-08-04 01:19:04,941] {logging_mixin.py:115} INFO - [2022-08-04 01:19:04,941] {dagbag.py:508} INFO - Filling up the DagBag from /home/airflow/.local/lib/python3.7/site-packages/airflow/example_dags/example_branch_operator.py
[2022-08-04 01:19:04,954] {processor.py:651} INFO - DAG(s) dict_keys(['example_branch_operator']) retrieved from /home/airflow/.local/lib/python3.7/site-packages/airflow/example_dags/example_branch_operator.py
[2022-08-04 01:19:04,990] {logging_mixin.py:115} INFO - [2022-08-04 01:19:04,990] {dag.py:2420} INFO - Sync 1 DAGs
[2022-08-04 01:19:05,025] {logging_mixin.py:115} INFO - [2022-08-04 01:19:05,024] {dag.py:2972} INFO - Setting next_dagrun for example_branch_operator to 2022-08-03T00:00:00+00:00, run_after=2022-08-04T00:00:00+00:00
[2022-08-04 01:19:05,049] {processor.py:161} INFO - Processing /home/airflow/.local/lib/python3.7/site-packages/airflow/example_dags/example_branch_operator.py took 0.113 seconds
[2022-08-04 01:19:35,105] {processor.py:153} INFO - Started process (PID=31783) to work on /home/airflow/.local/lib/python3.7/site-packages/airflow/example_dags/example_branch_operator.py
[2022-08-04 01:19:35,106] {processor.py:641} INFO - Processing file /home/airflow/.local/lib/python3.7/site-packages/airflow/example_dags/example_branch_operator.py for tasks to queue
[2022-08-04 01:19:35,107] {logging_mixin.py:115} INFO - [2022-08-04 01:19:35,107] {dagbag.py:508} INFO - Filling up the DagBag from /home/airflow/.local/lib/python3.7/site-packages/airflow/example_dags/example_branch_operator.py
[2022-08-04 01:19:35,123] {processor.py:651} INFO - DAG(s) dict_keys(['example_branch_operator']) retrieved from /home/airflow/.local/lib/python3.7/site-packages/airflow/example_dags/example_branch_operator.py
[2022-08-04 01:19:35,158] {logging_mixin.py:115} INFO - [2022-08-04 01:19:35,157] {dag.py:2420} INFO - Sync 1 DAGs
[2022-08-04 01:19:35,186] {logging_mixin.py:115} INFO - [2022-08-04 01:19:35,186] {dag.py:2972} INFO - Setting next_dagrun for example_branch_operator to 2022-08-03T00:00:00+00:00, run_after=2022-08-04T00:00:00+00:00
[2022-08-04 01:19:35,204] {processor.py:161} INFO - Processing /home/airflow/.local/lib/python3.7/site-packages/airflow/example_dags/example_branch_operator.py took 0.103 seconds
[2022-08-04 01:20:05,448] {processor.py:153} INFO - Started process (PID=31977) to work on /home/airflow/.local/lib/python3.7/site-packages/airflow/example_dags/example_branch_operator.py
[2022-08-04 01:20:05,449] {processor.py:641} INFO - Processing file /home/airflow/.local/lib/python3.7/site-packages/airflow/example_dags/example_branch_operator.py for tasks to queue
[2022-08-04 01:20:05,450] {logging_mixin.py:115} INFO - [2022-08-04 01:20:05,450] {dagbag.py:508} INFO - Filling up the DagBag from /home/airflow/.local/lib/python3.7/site-packages/airflow/example_dags/example_branch_operator.py
[2022-08-04 01:20:05,462] {processor.py:651} INFO - DAG(s) dict_keys(['example_branch_operator']) retrieved from /home/airflow/.local/lib/python3.7/site-packages/airflow/example_dags/example_branch_operator.py
[2022-08-04 01:20:05,500] {logging_mixin.py:115} INFO - [2022-08-04 01:20:05,500] {dag.py:2420} INFO - Sync 1 DAGs
[2022-08-04 01:20:05,529] {logging_mixin.py:115} INFO - [2022-08-04 01:20:05,529] {dag.py:2972} INFO - Setting next_dagrun for example_branch_operator to 2022-08-03T00:00:00+00:00, run_after=2022-08-04T00:00:00+00:00
[2022-08-04 01:20:05,544] {processor.py:161} INFO - Processing /home/airflow/.local/lib/python3.7/site-packages/airflow/example_dags/example_branch_operator.py took 0.099 seconds
[2022-08-04 01:20:35,771] {processor.py:153} INFO - Started process (PID=32180) to work on /home/airflow/.local/lib/python3.7/site-packages/airflow/example_dags/example_branch_operator.py
[2022-08-04 01:20:35,772] {processor.py:641} INFO - Processing file /home/airflow/.local/lib/python3.7/site-packages/airflow/example_dags/example_branch_operator.py for tasks to queue
[2022-08-04 01:20:35,773] {logging_mixin.py:115} INFO - [2022-08-04 01:20:35,773] {dagbag.py:508} INFO - Filling up the DagBag from /home/airflow/.local/lib/python3.7/site-packages/airflow/example_dags/example_branch_operator.py
[2022-08-04 01:20:35,786] {processor.py:651} INFO - DAG(s) dict_keys(['example_branch_operator']) retrieved from /home/airflow/.local/lib/python3.7/site-packages/airflow/example_dags/example_branch_operator.py
[2022-08-04 01:20:35,818] {logging_mixin.py:115} INFO - [2022-08-04 01:20:35,818] {dag.py:2420} INFO - Sync 1 DAGs
[2022-08-04 01:20:35,850] {logging_mixin.py:115} INFO - [2022-08-04 01:20:35,850] {dag.py:2972} INFO - Setting next_dagrun for example_branch_operator to 2022-08-03T00:00:00+00:00, run_after=2022-08-04T00:00:00+00:00
[2022-08-04 01:20:35,875] {processor.py:161} INFO - Processing /home/airflow/.local/lib/python3.7/site-packages/airflow/example_dags/example_branch_operator.py took 0.108 seconds
[2022-08-04 01:21:06,056] {processor.py:153} INFO - Started process (PID=32374) to work on /home/airflow/.local/lib/python3.7/site-packages/airflow/example_dags/example_branch_operator.py
[2022-08-04 01:21:06,057] {processor.py:641} INFO - Processing file /home/airflow/.local/lib/python3.7/site-packages/airflow/example_dags/example_branch_operator.py for tasks to queue
[2022-08-04 01:21:06,057] {logging_mixin.py:115} INFO - [2022-08-04 01:21:06,057] {dagbag.py:508} INFO - Filling up the DagBag from /home/airflow/.local/lib/python3.7/site-packages/airflow/example_dags/example_branch_operator.py
[2022-08-04 01:21:06,068] {processor.py:651} INFO - DAG(s) dict_keys(['example_branch_operator']) retrieved from /home/airflow/.local/lib/python3.7/site-packages/airflow/example_dags/example_branch_operator.py
[2022-08-04 01:21:06,096] {logging_mixin.py:115} INFO - [2022-08-04 01:21:06,096] {dag.py:2420} INFO - Sync 1 DAGs
[2022-08-04 01:21:06,120] {logging_mixin.py:115} INFO - [2022-08-04 01:21:06,120] {dag.py:2972} INFO - Setting next_dagrun for example_branch_operator to 2022-08-03T00:00:00+00:00, run_after=2022-08-04T00:00:00+00:00
[2022-08-04 01:21:06,143] {processor.py:161} INFO - Processing /home/airflow/.local/lib/python3.7/site-packages/airflow/example_dags/example_branch_operator.py took 0.090 seconds
[2022-08-04 01:21:36,994] {processor.py:153} INFO - Started process (PID=32587) to work on /home/airflow/.local/lib/python3.7/site-packages/airflow/example_dags/example_branch_operator.py
[2022-08-04 01:21:36,995] {processor.py:641} INFO - Processing file /home/airflow/.local/lib/python3.7/site-packages/airflow/example_dags/example_branch_operator.py for tasks to queue
[2022-08-04 01:21:36,996] {logging_mixin.py:115} INFO - [2022-08-04 01:21:36,996] {dagbag.py:508} INFO - Filling up the DagBag from /home/airflow/.local/lib/python3.7/site-packages/airflow/example_dags/example_branch_operator.py
[2022-08-04 01:21:37,009] {processor.py:651} INFO - DAG(s) dict_keys(['example_branch_operator']) retrieved from /home/airflow/.local/lib/python3.7/site-packages/airflow/example_dags/example_branch_operator.py
[2022-08-04 01:21:37,046] {logging_mixin.py:115} INFO - [2022-08-04 01:21:37,045] {dag.py:2420} INFO - Sync 1 DAGs
[2022-08-04 01:21:37,077] {logging_mixin.py:115} INFO - [2022-08-04 01:21:37,077] {dag.py:2972} INFO - Setting next_dagrun for example_branch_operator to 2022-08-03T00:00:00+00:00, run_after=2022-08-04T00:00:00+00:00
[2022-08-04 01:21:37,095] {processor.py:161} INFO - Processing /home/airflow/.local/lib/python3.7/site-packages/airflow/example_dags/example_branch_operator.py took 0.104 seconds
[2022-08-04 01:22:07,548] {processor.py:153} INFO - Started process (PID=313) to work on /home/airflow/.local/lib/python3.7/site-packages/airflow/example_dags/example_branch_operator.py
[2022-08-04 01:22:07,548] {processor.py:641} INFO - Processing file /home/airflow/.local/lib/python3.7/site-packages/airflow/example_dags/example_branch_operator.py for tasks to queue
[2022-08-04 01:22:07,549] {logging_mixin.py:115} INFO - [2022-08-04 01:22:07,549] {dagbag.py:508} INFO - Filling up the DagBag from /home/airflow/.local/lib/python3.7/site-packages/airflow/example_dags/example_branch_operator.py
[2022-08-04 01:22:07,563] {processor.py:651} INFO - DAG(s) dict_keys(['example_branch_operator']) retrieved from /home/airflow/.local/lib/python3.7/site-packages/airflow/example_dags/example_branch_operator.py
[2022-08-04 01:22:07,594] {logging_mixin.py:115} INFO - [2022-08-04 01:22:07,594] {dag.py:2420} INFO - Sync 1 DAGs
[2022-08-04 01:22:07,621] {logging_mixin.py:115} INFO - [2022-08-04 01:22:07,621] {dag.py:2972} INFO - Setting next_dagrun for example_branch_operator to 2022-08-03T00:00:00+00:00, run_after=2022-08-04T00:00:00+00:00
[2022-08-04 01:22:07,647] {processor.py:161} INFO - Processing /home/airflow/.local/lib/python3.7/site-packages/airflow/example_dags/example_branch_operator.py took 0.103 seconds
[2022-08-04 01:22:38,082] {processor.py:153} INFO - Started process (PID=516) to work on /home/airflow/.local/lib/python3.7/site-packages/airflow/example_dags/example_branch_operator.py
[2022-08-04 01:22:38,083] {processor.py:641} INFO - Processing file /home/airflow/.local/lib/python3.7/site-packages/airflow/example_dags/example_branch_operator.py for tasks to queue
[2022-08-04 01:22:38,083] {logging_mixin.py:115} INFO - [2022-08-04 01:22:38,083] {dagbag.py:508} INFO - Filling up the DagBag from /home/airflow/.local/lib/python3.7/site-packages/airflow/example_dags/example_branch_operator.py
[2022-08-04 01:22:38,097] {processor.py:651} INFO - DAG(s) dict_keys(['example_branch_operator']) retrieved from /home/airflow/.local/lib/python3.7/site-packages/airflow/example_dags/example_branch_operator.py
[2022-08-04 01:22:38,128] {logging_mixin.py:115} INFO - [2022-08-04 01:22:38,128] {dag.py:2420} INFO - Sync 1 DAGs
[2022-08-04 01:22:38,157] {logging_mixin.py:115} INFO - [2022-08-04 01:22:38,157] {dag.py:2972} INFO - Setting next_dagrun for example_branch_operator to 2022-08-03T00:00:00+00:00, run_after=2022-08-04T00:00:00+00:00
[2022-08-04 01:22:38,182] {processor.py:161} INFO - Processing /home/airflow/.local/lib/python3.7/site-packages/airflow/example_dags/example_branch_operator.py took 0.107 seconds
[2022-08-04 01:23:08,615] {processor.py:153} INFO - Started process (PID=710) to work on /home/airflow/.local/lib/python3.7/site-packages/airflow/example_dags/example_branch_operator.py
[2022-08-04 01:23:08,616] {processor.py:641} INFO - Processing file /home/airflow/.local/lib/python3.7/site-packages/airflow/example_dags/example_branch_operator.py for tasks to queue
[2022-08-04 01:23:08,617] {logging_mixin.py:115} INFO - [2022-08-04 01:23:08,617] {dagbag.py:508} INFO - Filling up the DagBag from /home/airflow/.local/lib/python3.7/site-packages/airflow/example_dags/example_branch_operator.py
[2022-08-04 01:23:08,635] {processor.py:651} INFO - DAG(s) dict_keys(['example_branch_operator']) retrieved from /home/airflow/.local/lib/python3.7/site-packages/airflow/example_dags/example_branch_operator.py
[2022-08-04 01:23:08,668] {logging_mixin.py:115} INFO - [2022-08-04 01:23:08,668] {dag.py:2420} INFO - Sync 1 DAGs
[2022-08-04 01:23:08,697] {logging_mixin.py:115} INFO - [2022-08-04 01:23:08,697] {dag.py:2972} INFO - Setting next_dagrun for example_branch_operator to 2022-08-03T00:00:00+00:00, run_after=2022-08-04T00:00:00+00:00
[2022-08-04 01:23:08,724] {processor.py:161} INFO - Processing /home/airflow/.local/lib/python3.7/site-packages/airflow/example_dags/example_branch_operator.py took 0.112 seconds
[2022-08-04 01:23:39,738] {processor.py:153} INFO - Started process (PID=916) to work on /home/airflow/.local/lib/python3.7/site-packages/airflow/example_dags/example_branch_operator.py
[2022-08-04 01:23:39,739] {processor.py:641} INFO - Processing file /home/airflow/.local/lib/python3.7/site-packages/airflow/example_dags/example_branch_operator.py for tasks to queue
[2022-08-04 01:23:39,740] {logging_mixin.py:115} INFO - [2022-08-04 01:23:39,740] {dagbag.py:508} INFO - Filling up the DagBag from /home/airflow/.local/lib/python3.7/site-packages/airflow/example_dags/example_branch_operator.py
[2022-08-04 01:23:39,753] {processor.py:651} INFO - DAG(s) dict_keys(['example_branch_operator']) retrieved from /home/airflow/.local/lib/python3.7/site-packages/airflow/example_dags/example_branch_operator.py
[2022-08-04 01:23:39,785] {logging_mixin.py:115} INFO - [2022-08-04 01:23:39,785] {dag.py:2420} INFO - Sync 1 DAGs
[2022-08-04 01:23:39,816] {logging_mixin.py:115} INFO - [2022-08-04 01:23:39,815] {dag.py:2972} INFO - Setting next_dagrun for example_branch_operator to 2022-08-03T00:00:00+00:00, run_after=2022-08-04T00:00:00+00:00
[2022-08-04 01:23:39,848] {processor.py:161} INFO - Processing /home/airflow/.local/lib/python3.7/site-packages/airflow/example_dags/example_branch_operator.py took 0.114 seconds
[2022-08-04 01:24:10,208] {processor.py:153} INFO - Started process (PID=1110) to work on /home/airflow/.local/lib/python3.7/site-packages/airflow/example_dags/example_branch_operator.py
[2022-08-04 01:24:10,209] {processor.py:641} INFO - Processing file /home/airflow/.local/lib/python3.7/site-packages/airflow/example_dags/example_branch_operator.py for tasks to queue
[2022-08-04 01:24:10,210] {logging_mixin.py:115} INFO - [2022-08-04 01:24:10,210] {dagbag.py:508} INFO - Filling up the DagBag from /home/airflow/.local/lib/python3.7/site-packages/airflow/example_dags/example_branch_operator.py
[2022-08-04 01:24:10,223] {processor.py:651} INFO - DAG(s) dict_keys(['example_branch_operator']) retrieved from /home/airflow/.local/lib/python3.7/site-packages/airflow/example_dags/example_branch_operator.py
[2022-08-04 01:24:10,255] {logging_mixin.py:115} INFO - [2022-08-04 01:24:10,255] {dag.py:2420} INFO - Sync 1 DAGs
[2022-08-04 01:24:10,285] {logging_mixin.py:115} INFO - [2022-08-04 01:24:10,285] {dag.py:2972} INFO - Setting next_dagrun for example_branch_operator to 2022-08-03T00:00:00+00:00, run_after=2022-08-04T00:00:00+00:00
[2022-08-04 01:24:10,312] {processor.py:161} INFO - Processing /home/airflow/.local/lib/python3.7/site-packages/airflow/example_dags/example_branch_operator.py took 0.107 seconds
[2022-08-04 01:24:40,450] {processor.py:153} INFO - Started process (PID=1313) to work on /home/airflow/.local/lib/python3.7/site-packages/airflow/example_dags/example_branch_operator.py
[2022-08-04 01:24:40,451] {processor.py:641} INFO - Processing file /home/airflow/.local/lib/python3.7/site-packages/airflow/example_dags/example_branch_operator.py for tasks to queue
[2022-08-04 01:24:40,452] {logging_mixin.py:115} INFO - [2022-08-04 01:24:40,452] {dagbag.py:508} INFO - Filling up the DagBag from /home/airflow/.local/lib/python3.7/site-packages/airflow/example_dags/example_branch_operator.py
[2022-08-04 01:24:40,465] {processor.py:651} INFO - DAG(s) dict_keys(['example_branch_operator']) retrieved from /home/airflow/.local/lib/python3.7/site-packages/airflow/example_dags/example_branch_operator.py
[2022-08-04 01:24:40,498] {logging_mixin.py:115} INFO - [2022-08-04 01:24:40,498] {dag.py:2420} INFO - Sync 1 DAGs
[2022-08-04 01:24:40,531] {logging_mixin.py:115} INFO - [2022-08-04 01:24:40,531] {dag.py:2972} INFO - Setting next_dagrun for example_branch_operator to 2022-08-03T00:00:00+00:00, run_after=2022-08-04T00:00:00+00:00
[2022-08-04 01:24:40,559] {processor.py:161} INFO - Processing /home/airflow/.local/lib/python3.7/site-packages/airflow/example_dags/example_branch_operator.py took 0.113 seconds
[2022-08-04 01:25:10,852] {processor.py:153} INFO - Started process (PID=1507) to work on /home/airflow/.local/lib/python3.7/site-packages/airflow/example_dags/example_branch_operator.py
[2022-08-04 01:25:10,853] {processor.py:641} INFO - Processing file /home/airflow/.local/lib/python3.7/site-packages/airflow/example_dags/example_branch_operator.py for tasks to queue
[2022-08-04 01:25:10,854] {logging_mixin.py:115} INFO - [2022-08-04 01:25:10,854] {dagbag.py:508} INFO - Filling up the DagBag from /home/airflow/.local/lib/python3.7/site-packages/airflow/example_dags/example_branch_operator.py
[2022-08-04 01:25:10,868] {processor.py:651} INFO - DAG(s) dict_keys(['example_branch_operator']) retrieved from /home/airflow/.local/lib/python3.7/site-packages/airflow/example_dags/example_branch_operator.py
[2022-08-04 01:25:10,906] {logging_mixin.py:115} INFO - [2022-08-04 01:25:10,905] {dag.py:2420} INFO - Sync 1 DAGs
[2022-08-04 01:25:10,939] {logging_mixin.py:115} INFO - [2022-08-04 01:25:10,939] {dag.py:2972} INFO - Setting next_dagrun for example_branch_operator to 2022-08-03T00:00:00+00:00, run_after=2022-08-04T00:00:00+00:00
[2022-08-04 01:25:10,957] {processor.py:161} INFO - Processing /home/airflow/.local/lib/python3.7/site-packages/airflow/example_dags/example_branch_operator.py took 0.108 seconds
[2022-08-04 01:25:41,121] {processor.py:153} INFO - Started process (PID=1709) to work on /home/airflow/.local/lib/python3.7/site-packages/airflow/example_dags/example_branch_operator.py
[2022-08-04 01:25:41,122] {processor.py:641} INFO - Processing file /home/airflow/.local/lib/python3.7/site-packages/airflow/example_dags/example_branch_operator.py for tasks to queue
[2022-08-04 01:25:41,123] {logging_mixin.py:115} INFO - [2022-08-04 01:25:41,123] {dagbag.py:508} INFO - Filling up the DagBag from /home/airflow/.local/lib/python3.7/site-packages/airflow/example_dags/example_branch_operator.py
[2022-08-04 01:25:41,136] {processor.py:651} INFO - DAG(s) dict_keys(['example_branch_operator']) retrieved from /home/airflow/.local/lib/python3.7/site-packages/airflow/example_dags/example_branch_operator.py
[2022-08-04 01:25:41,170] {logging_mixin.py:115} INFO - [2022-08-04 01:25:41,170] {dag.py:2420} INFO - Sync 1 DAGs
[2022-08-04 01:25:41,200] {logging_mixin.py:115} INFO - [2022-08-04 01:25:41,199] {dag.py:2972} INFO - Setting next_dagrun for example_branch_operator to 2022-08-03T00:00:00+00:00, run_after=2022-08-04T00:00:00+00:00
[2022-08-04 01:25:41,227] {processor.py:161} INFO - Processing /home/airflow/.local/lib/python3.7/site-packages/airflow/example_dags/example_branch_operator.py took 0.110 seconds
[2022-08-04 01:26:11,285] {processor.py:153} INFO - Started process (PID=1901) to work on /home/airflow/.local/lib/python3.7/site-packages/airflow/example_dags/example_branch_operator.py
[2022-08-04 01:26:11,286] {processor.py:641} INFO - Processing file /home/airflow/.local/lib/python3.7/site-packages/airflow/example_dags/example_branch_operator.py for tasks to queue
[2022-08-04 01:26:11,287] {logging_mixin.py:115} INFO - [2022-08-04 01:26:11,287] {dagbag.py:508} INFO - Filling up the DagBag from /home/airflow/.local/lib/python3.7/site-packages/airflow/example_dags/example_branch_operator.py
[2022-08-04 01:26:11,300] {processor.py:651} INFO - DAG(s) dict_keys(['example_branch_operator']) retrieved from /home/airflow/.local/lib/python3.7/site-packages/airflow/example_dags/example_branch_operator.py
[2022-08-04 01:26:11,332] {logging_mixin.py:115} INFO - [2022-08-04 01:26:11,332] {dag.py:2420} INFO - Sync 1 DAGs
[2022-08-04 01:26:11,365] {logging_mixin.py:115} INFO - [2022-08-04 01:26:11,365] {dag.py:2972} INFO - Setting next_dagrun for example_branch_operator to 2022-08-03T00:00:00+00:00, run_after=2022-08-04T00:00:00+00:00
[2022-08-04 01:26:11,390] {processor.py:161} INFO - Processing /home/airflow/.local/lib/python3.7/site-packages/airflow/example_dags/example_branch_operator.py took 0.108 seconds
[2022-08-04 01:26:41,572] {processor.py:153} INFO - Started process (PID=2104) to work on /home/airflow/.local/lib/python3.7/site-packages/airflow/example_dags/example_branch_operator.py
[2022-08-04 01:26:41,572] {processor.py:641} INFO - Processing file /home/airflow/.local/lib/python3.7/site-packages/airflow/example_dags/example_branch_operator.py for tasks to queue
[2022-08-04 01:26:41,573] {logging_mixin.py:115} INFO - [2022-08-04 01:26:41,573] {dagbag.py:508} INFO - Filling up the DagBag from /home/airflow/.local/lib/python3.7/site-packages/airflow/example_dags/example_branch_operator.py
[2022-08-04 01:26:41,587] {processor.py:651} INFO - DAG(s) dict_keys(['example_branch_operator']) retrieved from /home/airflow/.local/lib/python3.7/site-packages/airflow/example_dags/example_branch_operator.py
[2022-08-04 01:26:41,625] {logging_mixin.py:115} INFO - [2022-08-04 01:26:41,624] {dag.py:2420} INFO - Sync 1 DAGs
[2022-08-04 01:26:41,661] {logging_mixin.py:115} INFO - [2022-08-04 01:26:41,661] {dag.py:2972} INFO - Setting next_dagrun for example_branch_operator to 2022-08-03T00:00:00+00:00, run_after=2022-08-04T00:00:00+00:00
[2022-08-04 01:26:41,677] {processor.py:161} INFO - Processing /home/airflow/.local/lib/python3.7/site-packages/airflow/example_dags/example_branch_operator.py took 0.108 seconds
[2022-08-04 01:27:11,975] {processor.py:153} INFO - Started process (PID=2298) to work on /home/airflow/.local/lib/python3.7/site-packages/airflow/example_dags/example_branch_operator.py
[2022-08-04 01:27:11,976] {processor.py:641} INFO - Processing file /home/airflow/.local/lib/python3.7/site-packages/airflow/example_dags/example_branch_operator.py for tasks to queue
[2022-08-04 01:27:11,977] {logging_mixin.py:115} INFO - [2022-08-04 01:27:11,977] {dagbag.py:508} INFO - Filling up the DagBag from /home/airflow/.local/lib/python3.7/site-packages/airflow/example_dags/example_branch_operator.py
[2022-08-04 01:27:11,994] {processor.py:651} INFO - DAG(s) dict_keys(['example_branch_operator']) retrieved from /home/airflow/.local/lib/python3.7/site-packages/airflow/example_dags/example_branch_operator.py
[2022-08-04 01:27:12,030] {logging_mixin.py:115} INFO - [2022-08-04 01:27:12,030] {dag.py:2420} INFO - Sync 1 DAGs
[2022-08-04 01:27:12,061] {logging_mixin.py:115} INFO - [2022-08-04 01:27:12,061] {dag.py:2972} INFO - Setting next_dagrun for example_branch_operator to 2022-08-03T00:00:00+00:00, run_after=2022-08-04T00:00:00+00:00
[2022-08-04 01:27:12,078] {processor.py:161} INFO - Processing /home/airflow/.local/lib/python3.7/site-packages/airflow/example_dags/example_branch_operator.py took 0.107 seconds
[2022-08-04 05:37:02,884] {processor.py:153} INFO - Started process (PID=2504) to work on /home/airflow/.local/lib/python3.7/site-packages/airflow/example_dags/example_branch_operator.py
[2022-08-04 05:37:02,885] {processor.py:641} INFO - Processing file /home/airflow/.local/lib/python3.7/site-packages/airflow/example_dags/example_branch_operator.py for tasks to queue
[2022-08-04 05:37:02,886] {logging_mixin.py:115} INFO - [2022-08-04 05:37:02,886] {dagbag.py:508} INFO - Filling up the DagBag from /home/airflow/.local/lib/python3.7/site-packages/airflow/example_dags/example_branch_operator.py
[2022-08-04 05:37:02,902] {processor.py:651} INFO - DAG(s) dict_keys(['example_branch_operator']) retrieved from /home/airflow/.local/lib/python3.7/site-packages/airflow/example_dags/example_branch_operator.py
[2022-08-04 05:37:02,935] {logging_mixin.py:115} INFO - [2022-08-04 05:37:02,935] {dag.py:2420} INFO - Sync 1 DAGs
[2022-08-04 05:37:02,973] {logging_mixin.py:115} INFO - [2022-08-04 05:37:02,973] {dag.py:2972} INFO - Setting next_dagrun for example_branch_operator to 2022-08-03T00:00:00+00:00, run_after=2022-08-04T00:00:00+00:00
[2022-08-04 05:37:02,996] {processor.py:161} INFO - Processing /home/airflow/.local/lib/python3.7/site-packages/airflow/example_dags/example_branch_operator.py took 0.115 seconds
[2022-08-04 05:37:33,781] {processor.py:153} INFO - Started process (PID=2698) to work on /home/airflow/.local/lib/python3.7/site-packages/airflow/example_dags/example_branch_operator.py
[2022-08-04 05:37:33,782] {processor.py:641} INFO - Processing file /home/airflow/.local/lib/python3.7/site-packages/airflow/example_dags/example_branch_operator.py for tasks to queue
[2022-08-04 05:37:33,783] {logging_mixin.py:115} INFO - [2022-08-04 05:37:33,783] {dagbag.py:508} INFO - Filling up the DagBag from /home/airflow/.local/lib/python3.7/site-packages/airflow/example_dags/example_branch_operator.py
[2022-08-04 05:37:33,794] {processor.py:651} INFO - DAG(s) dict_keys(['example_branch_operator']) retrieved from /home/airflow/.local/lib/python3.7/site-packages/airflow/example_dags/example_branch_operator.py
[2022-08-04 05:37:33,822] {logging_mixin.py:115} INFO - [2022-08-04 05:37:33,822] {dag.py:2420} INFO - Sync 1 DAGs
[2022-08-04 05:37:33,846] {logging_mixin.py:115} INFO - [2022-08-04 05:37:33,846] {dag.py:2972} INFO - Setting next_dagrun for example_branch_operator to 2022-08-03T00:00:00+00:00, run_after=2022-08-04T00:00:00+00:00
[2022-08-04 05:37:33,862] {processor.py:161} INFO - Processing /home/airflow/.local/lib/python3.7/site-packages/airflow/example_dags/example_branch_operator.py took 0.083 seconds
[2022-08-04 05:38:04,371] {processor.py:153} INFO - Started process (PID=2901) to work on /home/airflow/.local/lib/python3.7/site-packages/airflow/example_dags/example_branch_operator.py
[2022-08-04 05:38:04,372] {processor.py:641} INFO - Processing file /home/airflow/.local/lib/python3.7/site-packages/airflow/example_dags/example_branch_operator.py for tasks to queue
[2022-08-04 05:38:04,373] {logging_mixin.py:115} INFO - [2022-08-04 05:38:04,373] {dagbag.py:508} INFO - Filling up the DagBag from /home/airflow/.local/lib/python3.7/site-packages/airflow/example_dags/example_branch_operator.py
[2022-08-04 05:38:04,385] {processor.py:651} INFO - DAG(s) dict_keys(['example_branch_operator']) retrieved from /home/airflow/.local/lib/python3.7/site-packages/airflow/example_dags/example_branch_operator.py
[2022-08-04 05:38:04,413] {logging_mixin.py:115} INFO - [2022-08-04 05:38:04,412] {dag.py:2420} INFO - Sync 1 DAGs
[2022-08-04 05:38:04,437] {logging_mixin.py:115} INFO - [2022-08-04 05:38:04,437] {dag.py:2972} INFO - Setting next_dagrun for example_branch_operator to 2022-08-03T00:00:00+00:00, run_after=2022-08-04T00:00:00+00:00
[2022-08-04 05:38:04,452] {processor.py:161} INFO - Processing /home/airflow/.local/lib/python3.7/site-packages/airflow/example_dags/example_branch_operator.py took 0.084 seconds
[2022-08-04 05:38:35,295] {processor.py:153} INFO - Started process (PID=3103) to work on /home/airflow/.local/lib/python3.7/site-packages/airflow/example_dags/example_branch_operator.py
[2022-08-04 05:38:35,296] {processor.py:641} INFO - Processing file /home/airflow/.local/lib/python3.7/site-packages/airflow/example_dags/example_branch_operator.py for tasks to queue
[2022-08-04 05:38:35,297] {logging_mixin.py:115} INFO - [2022-08-04 05:38:35,297] {dagbag.py:508} INFO - Filling up the DagBag from /home/airflow/.local/lib/python3.7/site-packages/airflow/example_dags/example_branch_operator.py
[2022-08-04 05:38:35,317] {processor.py:651} INFO - DAG(s) dict_keys(['example_branch_operator']) retrieved from /home/airflow/.local/lib/python3.7/site-packages/airflow/example_dags/example_branch_operator.py
[2022-08-04 05:38:35,355] {logging_mixin.py:115} INFO - [2022-08-04 05:38:35,355] {dag.py:2420} INFO - Sync 1 DAGs
[2022-08-04 05:38:35,399] {logging_mixin.py:115} INFO - [2022-08-04 05:38:35,399] {dag.py:2972} INFO - Setting next_dagrun for example_branch_operator to 2022-08-03T00:00:00+00:00, run_after=2022-08-04T00:00:00+00:00
[2022-08-04 05:38:35,419] {processor.py:161} INFO - Processing /home/airflow/.local/lib/python3.7/site-packages/airflow/example_dags/example_branch_operator.py took 0.128 seconds
[2022-08-04 05:39:05,840] {processor.py:153} INFO - Started process (PID=3299) to work on /home/airflow/.local/lib/python3.7/site-packages/airflow/example_dags/example_branch_operator.py
[2022-08-04 05:39:05,841] {processor.py:641} INFO - Processing file /home/airflow/.local/lib/python3.7/site-packages/airflow/example_dags/example_branch_operator.py for tasks to queue
[2022-08-04 05:39:05,842] {logging_mixin.py:115} INFO - [2022-08-04 05:39:05,842] {dagbag.py:508} INFO - Filling up the DagBag from /home/airflow/.local/lib/python3.7/site-packages/airflow/example_dags/example_branch_operator.py
[2022-08-04 05:39:05,855] {processor.py:651} INFO - DAG(s) dict_keys(['example_branch_operator']) retrieved from /home/airflow/.local/lib/python3.7/site-packages/airflow/example_dags/example_branch_operator.py
[2022-08-04 05:39:05,894] {logging_mixin.py:115} INFO - [2022-08-04 05:39:05,893] {dag.py:2420} INFO - Sync 1 DAGs
[2022-08-04 05:39:05,923] {logging_mixin.py:115} INFO - [2022-08-04 05:39:05,923] {dag.py:2972} INFO - Setting next_dagrun for example_branch_operator to 2022-08-03T00:00:00+00:00, run_after=2022-08-04T00:00:00+00:00
[2022-08-04 05:39:05,951] {processor.py:161} INFO - Processing /home/airflow/.local/lib/python3.7/site-packages/airflow/example_dags/example_branch_operator.py took 0.114 seconds
[2022-08-04 05:39:36,448] {processor.py:153} INFO - Started process (PID=3502) to work on /home/airflow/.local/lib/python3.7/site-packages/airflow/example_dags/example_branch_operator.py
[2022-08-04 05:39:36,450] {processor.py:641} INFO - Processing file /home/airflow/.local/lib/python3.7/site-packages/airflow/example_dags/example_branch_operator.py for tasks to queue
[2022-08-04 05:39:36,451] {logging_mixin.py:115} INFO - [2022-08-04 05:39:36,450] {dagbag.py:508} INFO - Filling up the DagBag from /home/airflow/.local/lib/python3.7/site-packages/airflow/example_dags/example_branch_operator.py
[2022-08-04 05:39:36,465] {processor.py:651} INFO - DAG(s) dict_keys(['example_branch_operator']) retrieved from /home/airflow/.local/lib/python3.7/site-packages/airflow/example_dags/example_branch_operator.py
[2022-08-04 05:39:36,500] {logging_mixin.py:115} INFO - [2022-08-04 05:39:36,500] {dag.py:2420} INFO - Sync 1 DAGs
[2022-08-04 05:39:36,536] {logging_mixin.py:115} INFO - [2022-08-04 05:39:36,535] {dag.py:2972} INFO - Setting next_dagrun for example_branch_operator to 2022-08-03T00:00:00+00:00, run_after=2022-08-04T00:00:00+00:00
[2022-08-04 05:39:36,556] {processor.py:161} INFO - Processing /home/airflow/.local/lib/python3.7/site-packages/airflow/example_dags/example_branch_operator.py took 0.111 seconds
[2022-08-04 05:40:07,405] {processor.py:153} INFO - Started process (PID=3696) to work on /home/airflow/.local/lib/python3.7/site-packages/airflow/example_dags/example_branch_operator.py
[2022-08-04 05:40:07,406] {processor.py:641} INFO - Processing file /home/airflow/.local/lib/python3.7/site-packages/airflow/example_dags/example_branch_operator.py for tasks to queue
[2022-08-04 05:40:07,407] {logging_mixin.py:115} INFO - [2022-08-04 05:40:07,407] {dagbag.py:508} INFO - Filling up the DagBag from /home/airflow/.local/lib/python3.7/site-packages/airflow/example_dags/example_branch_operator.py
[2022-08-04 05:40:07,421] {processor.py:651} INFO - DAG(s) dict_keys(['example_branch_operator']) retrieved from /home/airflow/.local/lib/python3.7/site-packages/airflow/example_dags/example_branch_operator.py
[2022-08-04 05:40:07,452] {logging_mixin.py:115} INFO - [2022-08-04 05:40:07,451] {dag.py:2420} INFO - Sync 1 DAGs
[2022-08-04 05:40:07,489] {logging_mixin.py:115} INFO - [2022-08-04 05:40:07,489] {dag.py:2972} INFO - Setting next_dagrun for example_branch_operator to 2022-08-03T00:00:00+00:00, run_after=2022-08-04T00:00:00+00:00
[2022-08-04 05:40:07,506] {processor.py:161} INFO - Processing /home/airflow/.local/lib/python3.7/site-packages/airflow/example_dags/example_branch_operator.py took 0.104 seconds
[2022-08-04 05:40:38,485] {processor.py:153} INFO - Started process (PID=3900) to work on /home/airflow/.local/lib/python3.7/site-packages/airflow/example_dags/example_branch_operator.py
[2022-08-04 05:40:38,486] {processor.py:641} INFO - Processing file /home/airflow/.local/lib/python3.7/site-packages/airflow/example_dags/example_branch_operator.py for tasks to queue
[2022-08-04 05:40:38,487] {logging_mixin.py:115} INFO - [2022-08-04 05:40:38,487] {dagbag.py:508} INFO - Filling up the DagBag from /home/airflow/.local/lib/python3.7/site-packages/airflow/example_dags/example_branch_operator.py
[2022-08-04 05:40:38,501] {processor.py:651} INFO - DAG(s) dict_keys(['example_branch_operator']) retrieved from /home/airflow/.local/lib/python3.7/site-packages/airflow/example_dags/example_branch_operator.py
[2022-08-04 05:40:38,532] {logging_mixin.py:115} INFO - [2022-08-04 05:40:38,532] {dag.py:2420} INFO - Sync 1 DAGs
[2022-08-04 05:40:38,561] {logging_mixin.py:115} INFO - [2022-08-04 05:40:38,560] {dag.py:2972} INFO - Setting next_dagrun for example_branch_operator to 2022-08-03T00:00:00+00:00, run_after=2022-08-04T00:00:00+00:00
[2022-08-04 05:40:38,584] {processor.py:161} INFO - Processing /home/airflow/.local/lib/python3.7/site-packages/airflow/example_dags/example_branch_operator.py took 0.102 seconds
[2022-08-04 05:41:09,265] {processor.py:153} INFO - Started process (PID=4094) to work on /home/airflow/.local/lib/python3.7/site-packages/airflow/example_dags/example_branch_operator.py
[2022-08-04 05:41:09,265] {processor.py:641} INFO - Processing file /home/airflow/.local/lib/python3.7/site-packages/airflow/example_dags/example_branch_operator.py for tasks to queue
[2022-08-04 05:41:09,266] {logging_mixin.py:115} INFO - [2022-08-04 05:41:09,266] {dagbag.py:508} INFO - Filling up the DagBag from /home/airflow/.local/lib/python3.7/site-packages/airflow/example_dags/example_branch_operator.py
[2022-08-04 05:41:09,282] {processor.py:651} INFO - DAG(s) dict_keys(['example_branch_operator']) retrieved from /home/airflow/.local/lib/python3.7/site-packages/airflow/example_dags/example_branch_operator.py
[2022-08-04 05:41:09,315] {logging_mixin.py:115} INFO - [2022-08-04 05:41:09,315] {dag.py:2420} INFO - Sync 1 DAGs
[2022-08-04 05:41:09,346] {logging_mixin.py:115} INFO - [2022-08-04 05:41:09,346] {dag.py:2972} INFO - Setting next_dagrun for example_branch_operator to 2022-08-03T00:00:00+00:00, run_after=2022-08-04T00:00:00+00:00
[2022-08-04 05:41:09,362] {processor.py:161} INFO - Processing /home/airflow/.local/lib/python3.7/site-packages/airflow/example_dags/example_branch_operator.py took 0.101 seconds
[2022-08-04 05:41:39,770] {processor.py:153} INFO - Started process (PID=4299) to work on /home/airflow/.local/lib/python3.7/site-packages/airflow/example_dags/example_branch_operator.py
[2022-08-04 05:41:39,771] {processor.py:641} INFO - Processing file /home/airflow/.local/lib/python3.7/site-packages/airflow/example_dags/example_branch_operator.py for tasks to queue
[2022-08-04 05:41:39,772] {logging_mixin.py:115} INFO - [2022-08-04 05:41:39,771] {dagbag.py:508} INFO - Filling up the DagBag from /home/airflow/.local/lib/python3.7/site-packages/airflow/example_dags/example_branch_operator.py
[2022-08-04 05:41:39,784] {processor.py:651} INFO - DAG(s) dict_keys(['example_branch_operator']) retrieved from /home/airflow/.local/lib/python3.7/site-packages/airflow/example_dags/example_branch_operator.py
[2022-08-04 05:41:39,813] {logging_mixin.py:115} INFO - [2022-08-04 05:41:39,813] {dag.py:2420} INFO - Sync 1 DAGs
[2022-08-04 05:41:39,850] {logging_mixin.py:115} INFO - [2022-08-04 05:41:39,850] {dag.py:2972} INFO - Setting next_dagrun for example_branch_operator to 2022-08-03T00:00:00+00:00, run_after=2022-08-04T00:00:00+00:00
[2022-08-04 05:41:39,865] {processor.py:161} INFO - Processing /home/airflow/.local/lib/python3.7/site-packages/airflow/example_dags/example_branch_operator.py took 0.099 seconds
[2022-08-04 05:42:10,114] {processor.py:153} INFO - Started process (PID=4492) to work on /home/airflow/.local/lib/python3.7/site-packages/airflow/example_dags/example_branch_operator.py
[2022-08-04 05:42:10,115] {processor.py:641} INFO - Processing file /home/airflow/.local/lib/python3.7/site-packages/airflow/example_dags/example_branch_operator.py for tasks to queue
[2022-08-04 05:42:10,116] {logging_mixin.py:115} INFO - [2022-08-04 05:42:10,116] {dagbag.py:508} INFO - Filling up the DagBag from /home/airflow/.local/lib/python3.7/site-packages/airflow/example_dags/example_branch_operator.py
[2022-08-04 05:42:10,134] {processor.py:651} INFO - DAG(s) dict_keys(['example_branch_operator']) retrieved from /home/airflow/.local/lib/python3.7/site-packages/airflow/example_dags/example_branch_operator.py
[2022-08-04 05:42:10,175] {logging_mixin.py:115} INFO - [2022-08-04 05:42:10,175] {dag.py:2420} INFO - Sync 1 DAGs
[2022-08-04 05:42:10,208] {logging_mixin.py:115} INFO - [2022-08-04 05:42:10,208] {dag.py:2972} INFO - Setting next_dagrun for example_branch_operator to 2022-08-03T00:00:00+00:00, run_after=2022-08-04T00:00:00+00:00
[2022-08-04 05:42:10,235] {processor.py:161} INFO - Processing /home/airflow/.local/lib/python3.7/site-packages/airflow/example_dags/example_branch_operator.py took 0.126 seconds
[2022-08-04 05:42:41,180] {processor.py:153} INFO - Started process (PID=4696) to work on /home/airflow/.local/lib/python3.7/site-packages/airflow/example_dags/example_branch_operator.py
[2022-08-04 05:42:41,181] {processor.py:641} INFO - Processing file /home/airflow/.local/lib/python3.7/site-packages/airflow/example_dags/example_branch_operator.py for tasks to queue
[2022-08-04 05:42:41,182] {logging_mixin.py:115} INFO - [2022-08-04 05:42:41,182] {dagbag.py:508} INFO - Filling up the DagBag from /home/airflow/.local/lib/python3.7/site-packages/airflow/example_dags/example_branch_operator.py
[2022-08-04 05:42:41,199] {processor.py:651} INFO - DAG(s) dict_keys(['example_branch_operator']) retrieved from /home/airflow/.local/lib/python3.7/site-packages/airflow/example_dags/example_branch_operator.py
[2022-08-04 05:42:41,229] {logging_mixin.py:115} INFO - [2022-08-04 05:42:41,228] {dag.py:2420} INFO - Sync 1 DAGs
[2022-08-04 05:42:41,257] {logging_mixin.py:115} INFO - [2022-08-04 05:42:41,257] {dag.py:2972} INFO - Setting next_dagrun for example_branch_operator to 2022-08-03T00:00:00+00:00, run_after=2022-08-04T00:00:00+00:00
[2022-08-04 05:42:41,277] {processor.py:161} INFO - Processing /home/airflow/.local/lib/python3.7/site-packages/airflow/example_dags/example_branch_operator.py took 0.101 seconds
[2022-08-04 05:43:11,448] {processor.py:153} INFO - Started process (PID=4886) to work on /home/airflow/.local/lib/python3.7/site-packages/airflow/example_dags/example_branch_operator.py
[2022-08-04 05:43:11,449] {processor.py:641} INFO - Processing file /home/airflow/.local/lib/python3.7/site-packages/airflow/example_dags/example_branch_operator.py for tasks to queue
[2022-08-04 05:43:11,450] {logging_mixin.py:115} INFO - [2022-08-04 05:43:11,450] {dagbag.py:508} INFO - Filling up the DagBag from /home/airflow/.local/lib/python3.7/site-packages/airflow/example_dags/example_branch_operator.py
[2022-08-04 05:43:11,463] {processor.py:651} INFO - DAG(s) dict_keys(['example_branch_operator']) retrieved from /home/airflow/.local/lib/python3.7/site-packages/airflow/example_dags/example_branch_operator.py
[2022-08-04 05:43:11,502] {logging_mixin.py:115} INFO - [2022-08-04 05:43:11,501] {dag.py:2420} INFO - Sync 1 DAGs
[2022-08-04 05:43:11,533] {logging_mixin.py:115} INFO - [2022-08-04 05:43:11,533] {dag.py:2972} INFO - Setting next_dagrun for example_branch_operator to 2022-08-03T00:00:00+00:00, run_after=2022-08-04T00:00:00+00:00
[2022-08-04 05:43:11,551] {processor.py:161} INFO - Processing /home/airflow/.local/lib/python3.7/site-packages/airflow/example_dags/example_branch_operator.py took 0.108 seconds
[2022-08-04 05:43:41,606] {processor.py:153} INFO - Started process (PID=5088) to work on /home/airflow/.local/lib/python3.7/site-packages/airflow/example_dags/example_branch_operator.py
[2022-08-04 05:43:41,607] {processor.py:641} INFO - Processing file /home/airflow/.local/lib/python3.7/site-packages/airflow/example_dags/example_branch_operator.py for tasks to queue
[2022-08-04 05:43:41,608] {logging_mixin.py:115} INFO - [2022-08-04 05:43:41,608] {dagbag.py:508} INFO - Filling up the DagBag from /home/airflow/.local/lib/python3.7/site-packages/airflow/example_dags/example_branch_operator.py
[2022-08-04 05:43:41,624] {processor.py:651} INFO - DAG(s) dict_keys(['example_branch_operator']) retrieved from /home/airflow/.local/lib/python3.7/site-packages/airflow/example_dags/example_branch_operator.py
[2022-08-04 05:43:41,658] {logging_mixin.py:115} INFO - [2022-08-04 05:43:41,658] {dag.py:2420} INFO - Sync 1 DAGs
[2022-08-04 05:43:41,690] {logging_mixin.py:115} INFO - [2022-08-04 05:43:41,690] {dag.py:2972} INFO - Setting next_dagrun for example_branch_operator to 2022-08-03T00:00:00+00:00, run_after=2022-08-04T00:00:00+00:00
[2022-08-04 05:43:41,707] {processor.py:161} INFO - Processing /home/airflow/.local/lib/python3.7/site-packages/airflow/example_dags/example_branch_operator.py took 0.104 seconds
[2022-08-04 05:44:11,808] {processor.py:153} INFO - Started process (PID=5282) to work on /home/airflow/.local/lib/python3.7/site-packages/airflow/example_dags/example_branch_operator.py
[2022-08-04 05:44:11,809] {processor.py:641} INFO - Processing file /home/airflow/.local/lib/python3.7/site-packages/airflow/example_dags/example_branch_operator.py for tasks to queue
[2022-08-04 05:44:11,810] {logging_mixin.py:115} INFO - [2022-08-04 05:44:11,810] {dagbag.py:508} INFO - Filling up the DagBag from /home/airflow/.local/lib/python3.7/site-packages/airflow/example_dags/example_branch_operator.py
[2022-08-04 05:44:11,824] {processor.py:651} INFO - DAG(s) dict_keys(['example_branch_operator']) retrieved from /home/airflow/.local/lib/python3.7/site-packages/airflow/example_dags/example_branch_operator.py
[2022-08-04 05:44:11,857] {logging_mixin.py:115} INFO - [2022-08-04 05:44:11,857] {dag.py:2420} INFO - Sync 1 DAGs
[2022-08-04 05:44:11,888] {logging_mixin.py:115} INFO - [2022-08-04 05:44:11,888] {dag.py:2972} INFO - Setting next_dagrun for example_branch_operator to 2022-08-03T00:00:00+00:00, run_after=2022-08-04T00:00:00+00:00
[2022-08-04 05:44:11,914] {processor.py:161} INFO - Processing /home/airflow/.local/lib/python3.7/site-packages/airflow/example_dags/example_branch_operator.py took 0.109 seconds
[2022-08-04 05:44:42,371] {processor.py:153} INFO - Started process (PID=5485) to work on /home/airflow/.local/lib/python3.7/site-packages/airflow/example_dags/example_branch_operator.py
[2022-08-04 05:44:42,372] {processor.py:641} INFO - Processing file /home/airflow/.local/lib/python3.7/site-packages/airflow/example_dags/example_branch_operator.py for tasks to queue
[2022-08-04 05:44:42,373] {logging_mixin.py:115} INFO - [2022-08-04 05:44:42,373] {dagbag.py:508} INFO - Filling up the DagBag from /home/airflow/.local/lib/python3.7/site-packages/airflow/example_dags/example_branch_operator.py
[2022-08-04 05:44:42,389] {processor.py:651} INFO - DAG(s) dict_keys(['example_branch_operator']) retrieved from /home/airflow/.local/lib/python3.7/site-packages/airflow/example_dags/example_branch_operator.py
[2022-08-04 05:44:42,421] {logging_mixin.py:115} INFO - [2022-08-04 05:44:42,421] {dag.py:2420} INFO - Sync 1 DAGs
[2022-08-04 05:44:42,453] {logging_mixin.py:115} INFO - [2022-08-04 05:44:42,452] {dag.py:2972} INFO - Setting next_dagrun for example_branch_operator to 2022-08-03T00:00:00+00:00, run_after=2022-08-04T00:00:00+00:00
[2022-08-04 05:44:42,476] {processor.py:161} INFO - Processing /home/airflow/.local/lib/python3.7/site-packages/airflow/example_dags/example_branch_operator.py took 0.108 seconds
[2022-08-04 05:45:12,620] {processor.py:153} INFO - Started process (PID=5679) to work on /home/airflow/.local/lib/python3.7/site-packages/airflow/example_dags/example_branch_operator.py
[2022-08-04 05:45:12,621] {processor.py:641} INFO - Processing file /home/airflow/.local/lib/python3.7/site-packages/airflow/example_dags/example_branch_operator.py for tasks to queue
[2022-08-04 05:45:12,622] {logging_mixin.py:115} INFO - [2022-08-04 05:45:12,622] {dagbag.py:508} INFO - Filling up the DagBag from /home/airflow/.local/lib/python3.7/site-packages/airflow/example_dags/example_branch_operator.py
[2022-08-04 05:45:12,638] {processor.py:651} INFO - DAG(s) dict_keys(['example_branch_operator']) retrieved from /home/airflow/.local/lib/python3.7/site-packages/airflow/example_dags/example_branch_operator.py
[2022-08-04 05:45:12,678] {logging_mixin.py:115} INFO - [2022-08-04 05:45:12,678] {dag.py:2420} INFO - Sync 1 DAGs
[2022-08-04 05:45:12,717] {logging_mixin.py:115} INFO - [2022-08-04 05:45:12,717] {dag.py:2972} INFO - Setting next_dagrun for example_branch_operator to 2022-08-03T00:00:00+00:00, run_after=2022-08-04T00:00:00+00:00
[2022-08-04 05:45:12,733] {processor.py:161} INFO - Processing /home/airflow/.local/lib/python3.7/site-packages/airflow/example_dags/example_branch_operator.py took 0.117 seconds
[2022-08-04 05:45:43,105] {processor.py:153} INFO - Started process (PID=5882) to work on /home/airflow/.local/lib/python3.7/site-packages/airflow/example_dags/example_branch_operator.py
[2022-08-04 05:45:43,105] {processor.py:641} INFO - Processing file /home/airflow/.local/lib/python3.7/site-packages/airflow/example_dags/example_branch_operator.py for tasks to queue
[2022-08-04 05:45:43,106] {logging_mixin.py:115} INFO - [2022-08-04 05:45:43,106] {dagbag.py:508} INFO - Filling up the DagBag from /home/airflow/.local/lib/python3.7/site-packages/airflow/example_dags/example_branch_operator.py
[2022-08-04 05:45:43,121] {processor.py:651} INFO - DAG(s) dict_keys(['example_branch_operator']) retrieved from /home/airflow/.local/lib/python3.7/site-packages/airflow/example_dags/example_branch_operator.py
[2022-08-04 05:45:43,162] {logging_mixin.py:115} INFO - [2022-08-04 05:45:43,162] {dag.py:2420} INFO - Sync 1 DAGs
[2022-08-04 05:45:43,196] {logging_mixin.py:115} INFO - [2022-08-04 05:45:43,196] {dag.py:2972} INFO - Setting next_dagrun for example_branch_operator to 2022-08-03T00:00:00+00:00, run_after=2022-08-04T00:00:00+00:00
[2022-08-04 05:45:43,212] {processor.py:161} INFO - Processing /home/airflow/.local/lib/python3.7/site-packages/airflow/example_dags/example_branch_operator.py took 0.110 seconds
[2022-08-04 05:46:13,596] {processor.py:153} INFO - Started process (PID=6076) to work on /home/airflow/.local/lib/python3.7/site-packages/airflow/example_dags/example_branch_operator.py
[2022-08-04 05:46:13,597] {processor.py:641} INFO - Processing file /home/airflow/.local/lib/python3.7/site-packages/airflow/example_dags/example_branch_operator.py for tasks to queue
[2022-08-04 05:46:13,598] {logging_mixin.py:115} INFO - [2022-08-04 05:46:13,598] {dagbag.py:508} INFO - Filling up the DagBag from /home/airflow/.local/lib/python3.7/site-packages/airflow/example_dags/example_branch_operator.py
[2022-08-04 05:46:13,613] {processor.py:651} INFO - DAG(s) dict_keys(['example_branch_operator']) retrieved from /home/airflow/.local/lib/python3.7/site-packages/airflow/example_dags/example_branch_operator.py
[2022-08-04 05:46:13,649] {logging_mixin.py:115} INFO - [2022-08-04 05:46:13,648] {dag.py:2420} INFO - Sync 1 DAGs
[2022-08-04 05:46:13,680] {logging_mixin.py:115} INFO - [2022-08-04 05:46:13,680] {dag.py:2972} INFO - Setting next_dagrun for example_branch_operator to 2022-08-03T00:00:00+00:00, run_after=2022-08-04T00:00:00+00:00
[2022-08-04 05:46:13,700] {processor.py:161} INFO - Processing /home/airflow/.local/lib/python3.7/site-packages/airflow/example_dags/example_branch_operator.py took 0.109 seconds
[2022-08-04 05:46:43,943] {processor.py:153} INFO - Started process (PID=6280) to work on /home/airflow/.local/lib/python3.7/site-packages/airflow/example_dags/example_branch_operator.py
[2022-08-04 05:46:43,944] {processor.py:641} INFO - Processing file /home/airflow/.local/lib/python3.7/site-packages/airflow/example_dags/example_branch_operator.py for tasks to queue
[2022-08-04 05:46:43,945] {logging_mixin.py:115} INFO - [2022-08-04 05:46:43,945] {dagbag.py:508} INFO - Filling up the DagBag from /home/airflow/.local/lib/python3.7/site-packages/airflow/example_dags/example_branch_operator.py
[2022-08-04 05:46:43,960] {processor.py:651} INFO - DAG(s) dict_keys(['example_branch_operator']) retrieved from /home/airflow/.local/lib/python3.7/site-packages/airflow/example_dags/example_branch_operator.py
[2022-08-04 05:46:43,995] {logging_mixin.py:115} INFO - [2022-08-04 05:46:43,995] {dag.py:2420} INFO - Sync 1 DAGs
[2022-08-04 05:46:44,030] {logging_mixin.py:115} INFO - [2022-08-04 05:46:44,030] {dag.py:2972} INFO - Setting next_dagrun for example_branch_operator to 2022-08-03T00:00:00+00:00, run_after=2022-08-04T00:00:00+00:00
[2022-08-04 05:46:44,055] {processor.py:161} INFO - Processing /home/airflow/.local/lib/python3.7/site-packages/airflow/example_dags/example_branch_operator.py took 0.115 seconds
[2022-08-04 05:47:14,174] {processor.py:153} INFO - Started process (PID=6475) to work on /home/airflow/.local/lib/python3.7/site-packages/airflow/example_dags/example_branch_operator.py
[2022-08-04 05:47:14,175] {processor.py:641} INFO - Processing file /home/airflow/.local/lib/python3.7/site-packages/airflow/example_dags/example_branch_operator.py for tasks to queue
[2022-08-04 05:47:14,176] {logging_mixin.py:115} INFO - [2022-08-04 05:47:14,176] {dagbag.py:508} INFO - Filling up the DagBag from /home/airflow/.local/lib/python3.7/site-packages/airflow/example_dags/example_branch_operator.py
[2022-08-04 05:47:14,189] {processor.py:651} INFO - DAG(s) dict_keys(['example_branch_operator']) retrieved from /home/airflow/.local/lib/python3.7/site-packages/airflow/example_dags/example_branch_operator.py
[2022-08-04 05:47:14,223] {logging_mixin.py:115} INFO - [2022-08-04 05:47:14,223] {dag.py:2420} INFO - Sync 1 DAGs
[2022-08-04 05:47:14,255] {logging_mixin.py:115} INFO - [2022-08-04 05:47:14,255] {dag.py:2972} INFO - Setting next_dagrun for example_branch_operator to 2022-08-03T00:00:00+00:00, run_after=2022-08-04T00:00:00+00:00
[2022-08-04 05:47:14,282] {processor.py:161} INFO - Processing /home/airflow/.local/lib/python3.7/site-packages/airflow/example_dags/example_branch_operator.py took 0.110 seconds
[2022-08-04 05:47:45,167] {processor.py:153} INFO - Started process (PID=6678) to work on /home/airflow/.local/lib/python3.7/site-packages/airflow/example_dags/example_branch_operator.py
[2022-08-04 05:47:45,168] {processor.py:641} INFO - Processing file /home/airflow/.local/lib/python3.7/site-packages/airflow/example_dags/example_branch_operator.py for tasks to queue
[2022-08-04 05:47:45,169] {logging_mixin.py:115} INFO - [2022-08-04 05:47:45,168] {dagbag.py:508} INFO - Filling up the DagBag from /home/airflow/.local/lib/python3.7/site-packages/airflow/example_dags/example_branch_operator.py
[2022-08-04 05:47:45,181] {processor.py:651} INFO - DAG(s) dict_keys(['example_branch_operator']) retrieved from /home/airflow/.local/lib/python3.7/site-packages/airflow/example_dags/example_branch_operator.py
[2022-08-04 05:47:45,214] {logging_mixin.py:115} INFO - [2022-08-04 05:47:45,214] {dag.py:2420} INFO - Sync 1 DAGs
[2022-08-04 05:47:45,245] {logging_mixin.py:115} INFO - [2022-08-04 05:47:45,245] {dag.py:2972} INFO - Setting next_dagrun for example_branch_operator to 2022-08-03T00:00:00+00:00, run_after=2022-08-04T00:00:00+00:00
[2022-08-04 05:47:45,270] {processor.py:161} INFO - Processing /home/airflow/.local/lib/python3.7/site-packages/airflow/example_dags/example_branch_operator.py took 0.108 seconds
[2022-08-04 05:48:15,544] {processor.py:153} INFO - Started process (PID=6872) to work on /home/airflow/.local/lib/python3.7/site-packages/airflow/example_dags/example_branch_operator.py
[2022-08-04 05:48:15,545] {processor.py:641} INFO - Processing file /home/airflow/.local/lib/python3.7/site-packages/airflow/example_dags/example_branch_operator.py for tasks to queue
[2022-08-04 05:48:15,547] {logging_mixin.py:115} INFO - [2022-08-04 05:48:15,547] {dagbag.py:508} INFO - Filling up the DagBag from /home/airflow/.local/lib/python3.7/site-packages/airflow/example_dags/example_branch_operator.py
[2022-08-04 05:48:15,564] {processor.py:651} INFO - DAG(s) dict_keys(['example_branch_operator']) retrieved from /home/airflow/.local/lib/python3.7/site-packages/airflow/example_dags/example_branch_operator.py
[2022-08-04 05:48:15,600] {logging_mixin.py:115} INFO - [2022-08-04 05:48:15,600] {dag.py:2420} INFO - Sync 1 DAGs
[2022-08-04 05:48:15,641] {logging_mixin.py:115} INFO - [2022-08-04 05:48:15,641] {dag.py:2972} INFO - Setting next_dagrun for example_branch_operator to 2022-08-03T00:00:00+00:00, run_after=2022-08-04T00:00:00+00:00
[2022-08-04 05:48:15,671] {processor.py:161} INFO - Processing /home/airflow/.local/lib/python3.7/site-packages/airflow/example_dags/example_branch_operator.py took 0.130 seconds
