[2022-08-04 01:05:55,342] {processor.py:153} INFO - Started process (PID=26496) to work on /home/airflow/.local/lib/python3.7/site-packages/airflow/example_dags/example_xcom.py
[2022-08-04 01:05:55,343] {processor.py:641} INFO - Processing file /home/airflow/.local/lib/python3.7/site-packages/airflow/example_dags/example_xcom.py for tasks to queue
[2022-08-04 01:05:55,344] {logging_mixin.py:115} INFO - [2022-08-04 01:05:55,344] {dagbag.py:508} INFO - Filling up the DagBag from /home/airflow/.local/lib/python3.7/site-packages/airflow/example_dags/example_xcom.py
[2022-08-04 01:05:55,373] {processor.py:651} INFO - DAG(s) dict_keys(['example_xcom']) retrieved from /home/airflow/.local/lib/python3.7/site-packages/airflow/example_dags/example_xcom.py
[2022-08-04 01:05:55,566] {logging_mixin.py:115} INFO - [2022-08-04 01:05:55,566] {dag.py:2420} INFO - Sync 1 DAGs
[2022-08-04 01:05:55,630] {logging_mixin.py:115} INFO - [2022-08-04 01:05:55,629] {dag.py:2972} INFO - Setting next_dagrun for example_xcom to 2021-01-01T00:00:00+00:00, run_after=2021-01-01T00:00:00+00:00
[2022-08-04 01:05:55,679] {processor.py:161} INFO - Processing /home/airflow/.local/lib/python3.7/site-packages/airflow/example_dags/example_xcom.py took 0.341 seconds
[2022-08-04 01:06:26,186] {processor.py:153} INFO - Started process (PID=26694) to work on /home/airflow/.local/lib/python3.7/site-packages/airflow/example_dags/example_xcom.py
[2022-08-04 01:06:26,187] {processor.py:641} INFO - Processing file /home/airflow/.local/lib/python3.7/site-packages/airflow/example_dags/example_xcom.py for tasks to queue
[2022-08-04 01:06:26,188] {logging_mixin.py:115} INFO - [2022-08-04 01:06:26,188] {dagbag.py:508} INFO - Filling up the DagBag from /home/airflow/.local/lib/python3.7/site-packages/airflow/example_dags/example_xcom.py
[2022-08-04 01:06:26,204] {processor.py:651} INFO - DAG(s) dict_keys(['example_xcom']) retrieved from /home/airflow/.local/lib/python3.7/site-packages/airflow/example_dags/example_xcom.py
[2022-08-04 01:06:26,230] {logging_mixin.py:115} INFO - [2022-08-04 01:06:26,229] {dag.py:2420} INFO - Sync 1 DAGs
[2022-08-04 01:06:26,251] {logging_mixin.py:115} INFO - [2022-08-04 01:06:26,250] {dag.py:2972} INFO - Setting next_dagrun for example_xcom to 2021-01-01T00:00:00+00:00, run_after=2021-01-01T00:00:00+00:00
[2022-08-04 01:06:26,266] {processor.py:161} INFO - Processing /home/airflow/.local/lib/python3.7/site-packages/airflow/example_dags/example_xcom.py took 0.083 seconds
[2022-08-04 01:06:56,783] {processor.py:153} INFO - Started process (PID=26900) to work on /home/airflow/.local/lib/python3.7/site-packages/airflow/example_dags/example_xcom.py
[2022-08-04 01:06:56,784] {processor.py:641} INFO - Processing file /home/airflow/.local/lib/python3.7/site-packages/airflow/example_dags/example_xcom.py for tasks to queue
[2022-08-04 01:06:56,785] {logging_mixin.py:115} INFO - [2022-08-04 01:06:56,785] {dagbag.py:508} INFO - Filling up the DagBag from /home/airflow/.local/lib/python3.7/site-packages/airflow/example_dags/example_xcom.py
[2022-08-04 01:06:56,801] {processor.py:651} INFO - DAG(s) dict_keys(['example_xcom']) retrieved from /home/airflow/.local/lib/python3.7/site-packages/airflow/example_dags/example_xcom.py
[2022-08-04 01:06:56,869] {logging_mixin.py:115} INFO - [2022-08-04 01:06:56,869] {dag.py:2420} INFO - Sync 1 DAGs
[2022-08-04 01:06:56,889] {logging_mixin.py:115} INFO - [2022-08-04 01:06:56,889] {dag.py:2972} INFO - Setting next_dagrun for example_xcom to 2021-01-01T00:00:00+00:00, run_after=2021-01-01T00:00:00+00:00
[2022-08-04 01:06:56,904] {processor.py:161} INFO - Processing /home/airflow/.local/lib/python3.7/site-packages/airflow/example_dags/example_xcom.py took 0.123 seconds
[2022-08-04 01:07:27,599] {processor.py:153} INFO - Started process (PID=27103) to work on /home/airflow/.local/lib/python3.7/site-packages/airflow/example_dags/example_xcom.py
[2022-08-04 01:07:27,599] {processor.py:641} INFO - Processing file /home/airflow/.local/lib/python3.7/site-packages/airflow/example_dags/example_xcom.py for tasks to queue
[2022-08-04 01:07:27,600] {logging_mixin.py:115} INFO - [2022-08-04 01:07:27,600] {dagbag.py:508} INFO - Filling up the DagBag from /home/airflow/.local/lib/python3.7/site-packages/airflow/example_dags/example_xcom.py
[2022-08-04 01:07:27,622] {processor.py:651} INFO - DAG(s) dict_keys(['example_xcom']) retrieved from /home/airflow/.local/lib/python3.7/site-packages/airflow/example_dags/example_xcom.py
[2022-08-04 01:07:27,652] {logging_mixin.py:115} INFO - [2022-08-04 01:07:27,651] {dag.py:2420} INFO - Sync 1 DAGs
[2022-08-04 01:07:27,684] {logging_mixin.py:115} INFO - [2022-08-04 01:07:27,683] {dag.py:2972} INFO - Setting next_dagrun for example_xcom to 2021-01-01T00:00:00+00:00, run_after=2021-01-01T00:00:00+00:00
[2022-08-04 01:07:27,705] {processor.py:161} INFO - Processing /home/airflow/.local/lib/python3.7/site-packages/airflow/example_dags/example_xcom.py took 0.110 seconds
[2022-08-04 01:07:58,540] {processor.py:153} INFO - Started process (PID=27297) to work on /home/airflow/.local/lib/python3.7/site-packages/airflow/example_dags/example_xcom.py
[2022-08-04 01:07:58,541] {processor.py:641} INFO - Processing file /home/airflow/.local/lib/python3.7/site-packages/airflow/example_dags/example_xcom.py for tasks to queue
[2022-08-04 01:07:58,542] {logging_mixin.py:115} INFO - [2022-08-04 01:07:58,542] {dagbag.py:508} INFO - Filling up the DagBag from /home/airflow/.local/lib/python3.7/site-packages/airflow/example_dags/example_xcom.py
[2022-08-04 01:07:58,560] {processor.py:651} INFO - DAG(s) dict_keys(['example_xcom']) retrieved from /home/airflow/.local/lib/python3.7/site-packages/airflow/example_dags/example_xcom.py
[2022-08-04 01:07:58,649] {logging_mixin.py:115} INFO - [2022-08-04 01:07:58,649] {dag.py:2420} INFO - Sync 1 DAGs
[2022-08-04 01:07:58,672] {logging_mixin.py:115} INFO - [2022-08-04 01:07:58,672] {dag.py:2972} INFO - Setting next_dagrun for example_xcom to 2021-01-01T00:00:00+00:00, run_after=2021-01-01T00:00:00+00:00
[2022-08-04 01:07:58,698] {processor.py:161} INFO - Processing /home/airflow/.local/lib/python3.7/site-packages/airflow/example_dags/example_xcom.py took 0.161 seconds
[2022-08-04 01:08:29,600] {processor.py:153} INFO - Started process (PID=27500) to work on /home/airflow/.local/lib/python3.7/site-packages/airflow/example_dags/example_xcom.py
[2022-08-04 01:08:29,601] {processor.py:641} INFO - Processing file /home/airflow/.local/lib/python3.7/site-packages/airflow/example_dags/example_xcom.py for tasks to queue
[2022-08-04 01:08:29,602] {logging_mixin.py:115} INFO - [2022-08-04 01:08:29,602] {dagbag.py:508} INFO - Filling up the DagBag from /home/airflow/.local/lib/python3.7/site-packages/airflow/example_dags/example_xcom.py
[2022-08-04 01:08:29,626] {processor.py:651} INFO - DAG(s) dict_keys(['example_xcom']) retrieved from /home/airflow/.local/lib/python3.7/site-packages/airflow/example_dags/example_xcom.py
[2022-08-04 01:08:29,729] {logging_mixin.py:115} INFO - [2022-08-04 01:08:29,729] {dag.py:2420} INFO - Sync 1 DAGs
[2022-08-04 01:08:29,756] {logging_mixin.py:115} INFO - [2022-08-04 01:08:29,755] {dag.py:2972} INFO - Setting next_dagrun for example_xcom to 2021-01-01T00:00:00+00:00, run_after=2021-01-01T00:00:00+00:00
[2022-08-04 01:08:29,776] {processor.py:161} INFO - Processing /home/airflow/.local/lib/python3.7/site-packages/airflow/example_dags/example_xcom.py took 0.180 seconds
[2022-08-04 01:08:59,875] {processor.py:153} INFO - Started process (PID=27691) to work on /home/airflow/.local/lib/python3.7/site-packages/airflow/example_dags/example_xcom.py
[2022-08-04 01:08:59,876] {processor.py:641} INFO - Processing file /home/airflow/.local/lib/python3.7/site-packages/airflow/example_dags/example_xcom.py for tasks to queue
[2022-08-04 01:08:59,877] {logging_mixin.py:115} INFO - [2022-08-04 01:08:59,877] {dagbag.py:508} INFO - Filling up the DagBag from /home/airflow/.local/lib/python3.7/site-packages/airflow/example_dags/example_xcom.py
[2022-08-04 01:08:59,898] {processor.py:651} INFO - DAG(s) dict_keys(['example_xcom']) retrieved from /home/airflow/.local/lib/python3.7/site-packages/airflow/example_dags/example_xcom.py
[2022-08-04 01:08:59,998] {logging_mixin.py:115} INFO - [2022-08-04 01:08:59,998] {dag.py:2420} INFO - Sync 1 DAGs
[2022-08-04 01:09:00,045] {logging_mixin.py:115} INFO - [2022-08-04 01:09:00,044] {dag.py:2972} INFO - Setting next_dagrun for example_xcom to 2021-01-01T00:00:00+00:00, run_after=2021-01-01T00:00:00+00:00
[2022-08-04 01:09:00,071] {processor.py:161} INFO - Processing /home/airflow/.local/lib/python3.7/site-packages/airflow/example_dags/example_xcom.py took 0.200 seconds
[2022-08-04 01:09:30,603] {processor.py:153} INFO - Started process (PID=27894) to work on /home/airflow/.local/lib/python3.7/site-packages/airflow/example_dags/example_xcom.py
[2022-08-04 01:09:30,603] {processor.py:641} INFO - Processing file /home/airflow/.local/lib/python3.7/site-packages/airflow/example_dags/example_xcom.py for tasks to queue
[2022-08-04 01:09:30,604] {logging_mixin.py:115} INFO - [2022-08-04 01:09:30,604] {dagbag.py:508} INFO - Filling up the DagBag from /home/airflow/.local/lib/python3.7/site-packages/airflow/example_dags/example_xcom.py
[2022-08-04 01:09:30,624] {processor.py:651} INFO - DAG(s) dict_keys(['example_xcom']) retrieved from /home/airflow/.local/lib/python3.7/site-packages/airflow/example_dags/example_xcom.py
[2022-08-04 01:09:30,659] {logging_mixin.py:115} INFO - [2022-08-04 01:09:30,659] {dag.py:2420} INFO - Sync 1 DAGs
[2022-08-04 01:09:30,690] {logging_mixin.py:115} INFO - [2022-08-04 01:09:30,690] {dag.py:2972} INFO - Setting next_dagrun for example_xcom to 2021-01-01T00:00:00+00:00, run_after=2021-01-01T00:00:00+00:00
[2022-08-04 01:09:30,710] {processor.py:161} INFO - Processing /home/airflow/.local/lib/python3.7/site-packages/airflow/example_dags/example_xcom.py took 0.111 seconds
[2022-08-04 01:10:01,110] {processor.py:153} INFO - Started process (PID=28088) to work on /home/airflow/.local/lib/python3.7/site-packages/airflow/example_dags/example_xcom.py
[2022-08-04 01:10:01,111] {processor.py:641} INFO - Processing file /home/airflow/.local/lib/python3.7/site-packages/airflow/example_dags/example_xcom.py for tasks to queue
[2022-08-04 01:10:01,112] {logging_mixin.py:115} INFO - [2022-08-04 01:10:01,112] {dagbag.py:508} INFO - Filling up the DagBag from /home/airflow/.local/lib/python3.7/site-packages/airflow/example_dags/example_xcom.py
[2022-08-04 01:10:01,132] {processor.py:651} INFO - DAG(s) dict_keys(['example_xcom']) retrieved from /home/airflow/.local/lib/python3.7/site-packages/airflow/example_dags/example_xcom.py
[2022-08-04 01:10:01,162] {logging_mixin.py:115} INFO - [2022-08-04 01:10:01,162] {dag.py:2420} INFO - Sync 1 DAGs
[2022-08-04 01:10:01,190] {logging_mixin.py:115} INFO - [2022-08-04 01:10:01,190] {dag.py:2972} INFO - Setting next_dagrun for example_xcom to 2021-01-01T00:00:00+00:00, run_after=2021-01-01T00:00:00+00:00
[2022-08-04 01:10:01,218] {processor.py:161} INFO - Processing /home/airflow/.local/lib/python3.7/site-packages/airflow/example_dags/example_xcom.py took 0.111 seconds
[2022-08-04 01:10:31,506] {processor.py:153} INFO - Started process (PID=28291) to work on /home/airflow/.local/lib/python3.7/site-packages/airflow/example_dags/example_xcom.py
[2022-08-04 01:10:31,507] {processor.py:641} INFO - Processing file /home/airflow/.local/lib/python3.7/site-packages/airflow/example_dags/example_xcom.py for tasks to queue
[2022-08-04 01:10:31,508] {logging_mixin.py:115} INFO - [2022-08-04 01:10:31,508] {dagbag.py:508} INFO - Filling up the DagBag from /home/airflow/.local/lib/python3.7/site-packages/airflow/example_dags/example_xcom.py
[2022-08-04 01:10:31,529] {processor.py:651} INFO - DAG(s) dict_keys(['example_xcom']) retrieved from /home/airflow/.local/lib/python3.7/site-packages/airflow/example_dags/example_xcom.py
[2022-08-04 01:10:31,620] {logging_mixin.py:115} INFO - [2022-08-04 01:10:31,620] {dag.py:2420} INFO - Sync 1 DAGs
[2022-08-04 01:10:31,653] {logging_mixin.py:115} INFO - [2022-08-04 01:10:31,653] {dag.py:2972} INFO - Setting next_dagrun for example_xcom to 2021-01-01T00:00:00+00:00, run_after=2021-01-01T00:00:00+00:00
[2022-08-04 01:10:31,672] {processor.py:161} INFO - Processing /home/airflow/.local/lib/python3.7/site-packages/airflow/example_dags/example_xcom.py took 0.171 seconds
[2022-08-04 01:11:01,903] {processor.py:153} INFO - Started process (PID=28485) to work on /home/airflow/.local/lib/python3.7/site-packages/airflow/example_dags/example_xcom.py
[2022-08-04 01:11:01,904] {processor.py:641} INFO - Processing file /home/airflow/.local/lib/python3.7/site-packages/airflow/example_dags/example_xcom.py for tasks to queue
[2022-08-04 01:11:01,904] {logging_mixin.py:115} INFO - [2022-08-04 01:11:01,904] {dagbag.py:508} INFO - Filling up the DagBag from /home/airflow/.local/lib/python3.7/site-packages/airflow/example_dags/example_xcom.py
[2022-08-04 01:11:01,929] {processor.py:651} INFO - DAG(s) dict_keys(['example_xcom']) retrieved from /home/airflow/.local/lib/python3.7/site-packages/airflow/example_dags/example_xcom.py
[2022-08-04 01:11:02,017] {logging_mixin.py:115} INFO - [2022-08-04 01:11:02,017] {dag.py:2420} INFO - Sync 1 DAGs
[2022-08-04 01:11:02,051] {logging_mixin.py:115} INFO - [2022-08-04 01:11:02,051] {dag.py:2972} INFO - Setting next_dagrun for example_xcom to 2021-01-01T00:00:00+00:00, run_after=2021-01-01T00:00:00+00:00
[2022-08-04 01:11:02,071] {processor.py:161} INFO - Processing /home/airflow/.local/lib/python3.7/site-packages/airflow/example_dags/example_xcom.py took 0.171 seconds
[2022-08-04 01:11:32,281] {processor.py:153} INFO - Started process (PID=28688) to work on /home/airflow/.local/lib/python3.7/site-packages/airflow/example_dags/example_xcom.py
[2022-08-04 01:11:32,283] {processor.py:641} INFO - Processing file /home/airflow/.local/lib/python3.7/site-packages/airflow/example_dags/example_xcom.py for tasks to queue
[2022-08-04 01:11:32,284] {logging_mixin.py:115} INFO - [2022-08-04 01:11:32,284] {dagbag.py:508} INFO - Filling up the DagBag from /home/airflow/.local/lib/python3.7/site-packages/airflow/example_dags/example_xcom.py
[2022-08-04 01:11:32,309] {processor.py:651} INFO - DAG(s) dict_keys(['example_xcom']) retrieved from /home/airflow/.local/lib/python3.7/site-packages/airflow/example_dags/example_xcom.py
[2022-08-04 01:11:32,402] {logging_mixin.py:115} INFO - [2022-08-04 01:11:32,402] {dag.py:2420} INFO - Sync 1 DAGs
[2022-08-04 01:11:32,432] {logging_mixin.py:115} INFO - [2022-08-04 01:11:32,432] {dag.py:2972} INFO - Setting next_dagrun for example_xcom to 2021-01-01T00:00:00+00:00, run_after=2021-01-01T00:00:00+00:00
[2022-08-04 01:11:32,454] {processor.py:161} INFO - Processing /home/airflow/.local/lib/python3.7/site-packages/airflow/example_dags/example_xcom.py took 0.177 seconds
[2022-08-04 01:12:03,031] {processor.py:153} INFO - Started process (PID=28882) to work on /home/airflow/.local/lib/python3.7/site-packages/airflow/example_dags/example_xcom.py
[2022-08-04 01:12:03,032] {processor.py:641} INFO - Processing file /home/airflow/.local/lib/python3.7/site-packages/airflow/example_dags/example_xcom.py for tasks to queue
[2022-08-04 01:12:03,033] {logging_mixin.py:115} INFO - [2022-08-04 01:12:03,033] {dagbag.py:508} INFO - Filling up the DagBag from /home/airflow/.local/lib/python3.7/site-packages/airflow/example_dags/example_xcom.py
[2022-08-04 01:12:03,063] {processor.py:651} INFO - DAG(s) dict_keys(['example_xcom']) retrieved from /home/airflow/.local/lib/python3.7/site-packages/airflow/example_dags/example_xcom.py
[2022-08-04 01:12:03,157] {logging_mixin.py:115} INFO - [2022-08-04 01:12:03,157] {dag.py:2420} INFO - Sync 1 DAGs
[2022-08-04 01:12:03,188] {logging_mixin.py:115} INFO - [2022-08-04 01:12:03,188] {dag.py:2972} INFO - Setting next_dagrun for example_xcom to 2021-01-01T00:00:00+00:00, run_after=2021-01-01T00:00:00+00:00
[2022-08-04 01:12:03,211] {processor.py:161} INFO - Processing /home/airflow/.local/lib/python3.7/site-packages/airflow/example_dags/example_xcom.py took 0.184 seconds
[2022-08-04 01:12:33,378] {processor.py:153} INFO - Started process (PID=29090) to work on /home/airflow/.local/lib/python3.7/site-packages/airflow/example_dags/example_xcom.py
[2022-08-04 01:12:33,379] {processor.py:641} INFO - Processing file /home/airflow/.local/lib/python3.7/site-packages/airflow/example_dags/example_xcom.py for tasks to queue
[2022-08-04 01:12:33,380] {logging_mixin.py:115} INFO - [2022-08-04 01:12:33,380] {dagbag.py:508} INFO - Filling up the DagBag from /home/airflow/.local/lib/python3.7/site-packages/airflow/example_dags/example_xcom.py
[2022-08-04 01:12:33,402] {processor.py:651} INFO - DAG(s) dict_keys(['example_xcom']) retrieved from /home/airflow/.local/lib/python3.7/site-packages/airflow/example_dags/example_xcom.py
[2022-08-04 01:12:33,438] {logging_mixin.py:115} INFO - [2022-08-04 01:12:33,438] {dag.py:2420} INFO - Sync 1 DAGs
[2022-08-04 01:12:33,468] {logging_mixin.py:115} INFO - [2022-08-04 01:12:33,468] {dag.py:2972} INFO - Setting next_dagrun for example_xcom to 2021-01-01T00:00:00+00:00, run_after=2021-01-01T00:00:00+00:00
[2022-08-04 01:12:33,487] {processor.py:161} INFO - Processing /home/airflow/.local/lib/python3.7/site-packages/airflow/example_dags/example_xcom.py took 0.114 seconds
[2022-08-04 01:13:03,599] {processor.py:153} INFO - Started process (PID=29279) to work on /home/airflow/.local/lib/python3.7/site-packages/airflow/example_dags/example_xcom.py
[2022-08-04 01:13:03,600] {processor.py:641} INFO - Processing file /home/airflow/.local/lib/python3.7/site-packages/airflow/example_dags/example_xcom.py for tasks to queue
[2022-08-04 01:13:03,601] {logging_mixin.py:115} INFO - [2022-08-04 01:13:03,601] {dagbag.py:508} INFO - Filling up the DagBag from /home/airflow/.local/lib/python3.7/site-packages/airflow/example_dags/example_xcom.py
[2022-08-04 01:13:03,625] {processor.py:651} INFO - DAG(s) dict_keys(['example_xcom']) retrieved from /home/airflow/.local/lib/python3.7/site-packages/airflow/example_dags/example_xcom.py
[2022-08-04 01:13:03,713] {logging_mixin.py:115} INFO - [2022-08-04 01:13:03,713] {dag.py:2420} INFO - Sync 1 DAGs
[2022-08-04 01:13:03,745] {logging_mixin.py:115} INFO - [2022-08-04 01:13:03,745] {dag.py:2972} INFO - Setting next_dagrun for example_xcom to 2021-01-01T00:00:00+00:00, run_after=2021-01-01T00:00:00+00:00
[2022-08-04 01:13:03,767] {processor.py:161} INFO - Processing /home/airflow/.local/lib/python3.7/site-packages/airflow/example_dags/example_xcom.py took 0.171 seconds
[2022-08-04 01:13:33,924] {processor.py:153} INFO - Started process (PID=29482) to work on /home/airflow/.local/lib/python3.7/site-packages/airflow/example_dags/example_xcom.py
[2022-08-04 01:13:33,925] {processor.py:641} INFO - Processing file /home/airflow/.local/lib/python3.7/site-packages/airflow/example_dags/example_xcom.py for tasks to queue
[2022-08-04 01:13:33,926] {logging_mixin.py:115} INFO - [2022-08-04 01:13:33,926] {dagbag.py:508} INFO - Filling up the DagBag from /home/airflow/.local/lib/python3.7/site-packages/airflow/example_dags/example_xcom.py
[2022-08-04 01:13:33,945] {processor.py:651} INFO - DAG(s) dict_keys(['example_xcom']) retrieved from /home/airflow/.local/lib/python3.7/site-packages/airflow/example_dags/example_xcom.py
[2022-08-04 01:13:34,049] {logging_mixin.py:115} INFO - [2022-08-04 01:13:34,049] {dag.py:2420} INFO - Sync 1 DAGs
[2022-08-04 01:13:34,080] {logging_mixin.py:115} INFO - [2022-08-04 01:13:34,080] {dag.py:2972} INFO - Setting next_dagrun for example_xcom to 2021-01-01T00:00:00+00:00, run_after=2021-01-01T00:00:00+00:00
[2022-08-04 01:13:34,100] {processor.py:161} INFO - Processing /home/airflow/.local/lib/python3.7/site-packages/airflow/example_dags/example_xcom.py took 0.180 seconds
[2022-08-04 01:14:04,287] {processor.py:153} INFO - Started process (PID=29676) to work on /home/airflow/.local/lib/python3.7/site-packages/airflow/example_dags/example_xcom.py
[2022-08-04 01:14:04,288] {processor.py:641} INFO - Processing file /home/airflow/.local/lib/python3.7/site-packages/airflow/example_dags/example_xcom.py for tasks to queue
[2022-08-04 01:14:04,288] {logging_mixin.py:115} INFO - [2022-08-04 01:14:04,288] {dagbag.py:508} INFO - Filling up the DagBag from /home/airflow/.local/lib/python3.7/site-packages/airflow/example_dags/example_xcom.py
[2022-08-04 01:14:04,308] {processor.py:651} INFO - DAG(s) dict_keys(['example_xcom']) retrieved from /home/airflow/.local/lib/python3.7/site-packages/airflow/example_dags/example_xcom.py
[2022-08-04 01:14:04,400] {logging_mixin.py:115} INFO - [2022-08-04 01:14:04,399] {dag.py:2420} INFO - Sync 1 DAGs
[2022-08-04 01:14:04,435] {logging_mixin.py:115} INFO - [2022-08-04 01:14:04,435] {dag.py:2972} INFO - Setting next_dagrun for example_xcom to 2021-01-01T00:00:00+00:00, run_after=2021-01-01T00:00:00+00:00
[2022-08-04 01:14:04,456] {processor.py:161} INFO - Processing /home/airflow/.local/lib/python3.7/site-packages/airflow/example_dags/example_xcom.py took 0.172 seconds
[2022-08-04 01:14:34,539] {processor.py:153} INFO - Started process (PID=29880) to work on /home/airflow/.local/lib/python3.7/site-packages/airflow/example_dags/example_xcom.py
[2022-08-04 01:14:34,540] {processor.py:641} INFO - Processing file /home/airflow/.local/lib/python3.7/site-packages/airflow/example_dags/example_xcom.py for tasks to queue
[2022-08-04 01:14:34,541] {logging_mixin.py:115} INFO - [2022-08-04 01:14:34,541] {dagbag.py:508} INFO - Filling up the DagBag from /home/airflow/.local/lib/python3.7/site-packages/airflow/example_dags/example_xcom.py
[2022-08-04 01:14:34,560] {processor.py:651} INFO - DAG(s) dict_keys(['example_xcom']) retrieved from /home/airflow/.local/lib/python3.7/site-packages/airflow/example_dags/example_xcom.py
[2022-08-04 01:14:34,653] {logging_mixin.py:115} INFO - [2022-08-04 01:14:34,653] {dag.py:2420} INFO - Sync 1 DAGs
[2022-08-04 01:14:34,686] {logging_mixin.py:115} INFO - [2022-08-04 01:14:34,686] {dag.py:2972} INFO - Setting next_dagrun for example_xcom to 2021-01-01T00:00:00+00:00, run_after=2021-01-01T00:00:00+00:00
[2022-08-04 01:14:34,706] {processor.py:161} INFO - Processing /home/airflow/.local/lib/python3.7/site-packages/airflow/example_dags/example_xcom.py took 0.171 seconds
[2022-08-04 01:15:04,792] {processor.py:153} INFO - Started process (PID=30074) to work on /home/airflow/.local/lib/python3.7/site-packages/airflow/example_dags/example_xcom.py
[2022-08-04 01:15:04,793] {processor.py:641} INFO - Processing file /home/airflow/.local/lib/python3.7/site-packages/airflow/example_dags/example_xcom.py for tasks to queue
[2022-08-04 01:15:04,794] {logging_mixin.py:115} INFO - [2022-08-04 01:15:04,793] {dagbag.py:508} INFO - Filling up the DagBag from /home/airflow/.local/lib/python3.7/site-packages/airflow/example_dags/example_xcom.py
[2022-08-04 01:15:04,821] {processor.py:651} INFO - DAG(s) dict_keys(['example_xcom']) retrieved from /home/airflow/.local/lib/python3.7/site-packages/airflow/example_dags/example_xcom.py
[2022-08-04 01:15:04,908] {logging_mixin.py:115} INFO - [2022-08-04 01:15:04,908] {dag.py:2420} INFO - Sync 1 DAGs
[2022-08-04 01:15:04,940] {logging_mixin.py:115} INFO - [2022-08-04 01:15:04,939] {dag.py:2972} INFO - Setting next_dagrun for example_xcom to 2021-01-01T00:00:00+00:00, run_after=2021-01-01T00:00:00+00:00
[2022-08-04 01:15:04,959] {processor.py:161} INFO - Processing /home/airflow/.local/lib/python3.7/site-packages/airflow/example_dags/example_xcom.py took 0.172 seconds
[2022-08-04 01:15:35,097] {processor.py:153} INFO - Started process (PID=30277) to work on /home/airflow/.local/lib/python3.7/site-packages/airflow/example_dags/example_xcom.py
[2022-08-04 01:15:35,098] {processor.py:641} INFO - Processing file /home/airflow/.local/lib/python3.7/site-packages/airflow/example_dags/example_xcom.py for tasks to queue
[2022-08-04 01:15:35,099] {logging_mixin.py:115} INFO - [2022-08-04 01:15:35,099] {dagbag.py:508} INFO - Filling up the DagBag from /home/airflow/.local/lib/python3.7/site-packages/airflow/example_dags/example_xcom.py
[2022-08-04 01:15:35,133] {processor.py:651} INFO - DAG(s) dict_keys(['example_xcom']) retrieved from /home/airflow/.local/lib/python3.7/site-packages/airflow/example_dags/example_xcom.py
[2022-08-04 01:15:35,165] {logging_mixin.py:115} INFO - [2022-08-04 01:15:35,165] {dag.py:2420} INFO - Sync 1 DAGs
[2022-08-04 01:15:35,191] {logging_mixin.py:115} INFO - [2022-08-04 01:15:35,191] {dag.py:2972} INFO - Setting next_dagrun for example_xcom to 2021-01-01T00:00:00+00:00, run_after=2021-01-01T00:00:00+00:00
[2022-08-04 01:15:35,209] {processor.py:161} INFO - Processing /home/airflow/.local/lib/python3.7/site-packages/airflow/example_dags/example_xcom.py took 0.116 seconds
[2022-08-04 01:16:05,425] {processor.py:153} INFO - Started process (PID=30471) to work on /home/airflow/.local/lib/python3.7/site-packages/airflow/example_dags/example_xcom.py
[2022-08-04 01:16:05,428] {processor.py:641} INFO - Processing file /home/airflow/.local/lib/python3.7/site-packages/airflow/example_dags/example_xcom.py for tasks to queue
[2022-08-04 01:16:05,430] {logging_mixin.py:115} INFO - [2022-08-04 01:16:05,430] {dagbag.py:508} INFO - Filling up the DagBag from /home/airflow/.local/lib/python3.7/site-packages/airflow/example_dags/example_xcom.py
[2022-08-04 01:16:05,461] {processor.py:651} INFO - DAG(s) dict_keys(['example_xcom']) retrieved from /home/airflow/.local/lib/python3.7/site-packages/airflow/example_dags/example_xcom.py
[2022-08-04 01:16:05,611] {logging_mixin.py:115} INFO - [2022-08-04 01:16:05,611] {dag.py:2420} INFO - Sync 1 DAGs
[2022-08-04 01:16:05,645] {logging_mixin.py:115} INFO - [2022-08-04 01:16:05,645] {dag.py:2972} INFO - Setting next_dagrun for example_xcom to 2021-01-01T00:00:00+00:00, run_after=2021-01-01T00:00:00+00:00
[2022-08-04 01:16:05,671] {processor.py:161} INFO - Processing /home/airflow/.local/lib/python3.7/site-packages/airflow/example_dags/example_xcom.py took 0.250 seconds
[2022-08-04 01:16:35,978] {processor.py:153} INFO - Started process (PID=30674) to work on /home/airflow/.local/lib/python3.7/site-packages/airflow/example_dags/example_xcom.py
[2022-08-04 01:16:35,979] {processor.py:641} INFO - Processing file /home/airflow/.local/lib/python3.7/site-packages/airflow/example_dags/example_xcom.py for tasks to queue
[2022-08-04 01:16:35,980] {logging_mixin.py:115} INFO - [2022-08-04 01:16:35,980] {dagbag.py:508} INFO - Filling up the DagBag from /home/airflow/.local/lib/python3.7/site-packages/airflow/example_dags/example_xcom.py
[2022-08-04 01:16:36,013] {processor.py:651} INFO - DAG(s) dict_keys(['example_xcom']) retrieved from /home/airflow/.local/lib/python3.7/site-packages/airflow/example_dags/example_xcom.py
[2022-08-04 01:16:36,050] {logging_mixin.py:115} INFO - [2022-08-04 01:16:36,050] {dag.py:2420} INFO - Sync 1 DAGs
[2022-08-04 01:16:36,083] {logging_mixin.py:115} INFO - [2022-08-04 01:16:36,083] {dag.py:2972} INFO - Setting next_dagrun for example_xcom to 2021-01-01T00:00:00+00:00, run_after=2021-01-01T00:00:00+00:00
[2022-08-04 01:16:36,100] {processor.py:161} INFO - Processing /home/airflow/.local/lib/python3.7/site-packages/airflow/example_dags/example_xcom.py took 0.126 seconds
[2022-08-04 01:17:06,432] {processor.py:153} INFO - Started process (PID=30868) to work on /home/airflow/.local/lib/python3.7/site-packages/airflow/example_dags/example_xcom.py
[2022-08-04 01:17:06,433] {processor.py:641} INFO - Processing file /home/airflow/.local/lib/python3.7/site-packages/airflow/example_dags/example_xcom.py for tasks to queue
[2022-08-04 01:17:06,434] {logging_mixin.py:115} INFO - [2022-08-04 01:17:06,434] {dagbag.py:508} INFO - Filling up the DagBag from /home/airflow/.local/lib/python3.7/site-packages/airflow/example_dags/example_xcom.py
[2022-08-04 01:17:06,464] {processor.py:651} INFO - DAG(s) dict_keys(['example_xcom']) retrieved from /home/airflow/.local/lib/python3.7/site-packages/airflow/example_dags/example_xcom.py
[2022-08-04 01:17:06,497] {logging_mixin.py:115} INFO - [2022-08-04 01:17:06,497] {dag.py:2420} INFO - Sync 1 DAGs
[2022-08-04 01:17:06,526] {logging_mixin.py:115} INFO - [2022-08-04 01:17:06,526] {dag.py:2972} INFO - Setting next_dagrun for example_xcom to 2021-01-01T00:00:00+00:00, run_after=2021-01-01T00:00:00+00:00
[2022-08-04 01:17:06,546] {processor.py:161} INFO - Processing /home/airflow/.local/lib/python3.7/site-packages/airflow/example_dags/example_xcom.py took 0.120 seconds
[2022-08-04 01:17:36,665] {processor.py:153} INFO - Started process (PID=31071) to work on /home/airflow/.local/lib/python3.7/site-packages/airflow/example_dags/example_xcom.py
[2022-08-04 01:17:36,665] {processor.py:641} INFO - Processing file /home/airflow/.local/lib/python3.7/site-packages/airflow/example_dags/example_xcom.py for tasks to queue
[2022-08-04 01:17:36,666] {logging_mixin.py:115} INFO - [2022-08-04 01:17:36,666] {dagbag.py:508} INFO - Filling up the DagBag from /home/airflow/.local/lib/python3.7/site-packages/airflow/example_dags/example_xcom.py
[2022-08-04 01:17:36,685] {processor.py:651} INFO - DAG(s) dict_keys(['example_xcom']) retrieved from /home/airflow/.local/lib/python3.7/site-packages/airflow/example_dags/example_xcom.py
[2022-08-04 01:17:36,721] {logging_mixin.py:115} INFO - [2022-08-04 01:17:36,720] {dag.py:2420} INFO - Sync 1 DAGs
[2022-08-04 01:17:36,753] {logging_mixin.py:115} INFO - [2022-08-04 01:17:36,753] {dag.py:2972} INFO - Setting next_dagrun for example_xcom to 2021-01-01T00:00:00+00:00, run_after=2021-01-01T00:00:00+00:00
[2022-08-04 01:17:36,781] {processor.py:161} INFO - Processing /home/airflow/.local/lib/python3.7/site-packages/airflow/example_dags/example_xcom.py took 0.120 seconds
[2022-08-04 01:18:06,882] {processor.py:153} INFO - Started process (PID=31265) to work on /home/airflow/.local/lib/python3.7/site-packages/airflow/example_dags/example_xcom.py
[2022-08-04 01:18:06,883] {processor.py:641} INFO - Processing file /home/airflow/.local/lib/python3.7/site-packages/airflow/example_dags/example_xcom.py for tasks to queue
[2022-08-04 01:18:06,884] {logging_mixin.py:115} INFO - [2022-08-04 01:18:06,884] {dagbag.py:508} INFO - Filling up the DagBag from /home/airflow/.local/lib/python3.7/site-packages/airflow/example_dags/example_xcom.py
[2022-08-04 01:18:06,904] {processor.py:651} INFO - DAG(s) dict_keys(['example_xcom']) retrieved from /home/airflow/.local/lib/python3.7/site-packages/airflow/example_dags/example_xcom.py
[2022-08-04 01:18:06,937] {logging_mixin.py:115} INFO - [2022-08-04 01:18:06,936] {dag.py:2420} INFO - Sync 1 DAGs
[2022-08-04 01:18:06,965] {logging_mixin.py:115} INFO - [2022-08-04 01:18:06,965] {dag.py:2972} INFO - Setting next_dagrun for example_xcom to 2021-01-01T00:00:00+00:00, run_after=2021-01-01T00:00:00+00:00
[2022-08-04 01:18:06,989] {processor.py:161} INFO - Processing /home/airflow/.local/lib/python3.7/site-packages/airflow/example_dags/example_xcom.py took 0.110 seconds
[2022-08-04 01:18:37,075] {processor.py:153} INFO - Started process (PID=31468) to work on /home/airflow/.local/lib/python3.7/site-packages/airflow/example_dags/example_xcom.py
[2022-08-04 01:18:37,076] {processor.py:641} INFO - Processing file /home/airflow/.local/lib/python3.7/site-packages/airflow/example_dags/example_xcom.py for tasks to queue
[2022-08-04 01:18:37,077] {logging_mixin.py:115} INFO - [2022-08-04 01:18:37,077] {dagbag.py:508} INFO - Filling up the DagBag from /home/airflow/.local/lib/python3.7/site-packages/airflow/example_dags/example_xcom.py
[2022-08-04 01:18:37,099] {processor.py:651} INFO - DAG(s) dict_keys(['example_xcom']) retrieved from /home/airflow/.local/lib/python3.7/site-packages/airflow/example_dags/example_xcom.py
[2022-08-04 01:18:37,133] {logging_mixin.py:115} INFO - [2022-08-04 01:18:37,133] {dag.py:2420} INFO - Sync 1 DAGs
[2022-08-04 01:18:37,166] {logging_mixin.py:115} INFO - [2022-08-04 01:18:37,166] {dag.py:2972} INFO - Setting next_dagrun for example_xcom to 2021-01-01T00:00:00+00:00, run_after=2021-01-01T00:00:00+00:00
[2022-08-04 01:18:37,193] {processor.py:161} INFO - Processing /home/airflow/.local/lib/python3.7/site-packages/airflow/example_dags/example_xcom.py took 0.121 seconds
[2022-08-04 01:19:07,316] {processor.py:153} INFO - Started process (PID=31662) to work on /home/airflow/.local/lib/python3.7/site-packages/airflow/example_dags/example_xcom.py
[2022-08-04 01:19:07,316] {processor.py:641} INFO - Processing file /home/airflow/.local/lib/python3.7/site-packages/airflow/example_dags/example_xcom.py for tasks to queue
[2022-08-04 01:19:07,317] {logging_mixin.py:115} INFO - [2022-08-04 01:19:07,317] {dagbag.py:508} INFO - Filling up the DagBag from /home/airflow/.local/lib/python3.7/site-packages/airflow/example_dags/example_xcom.py
[2022-08-04 01:19:07,344] {processor.py:651} INFO - DAG(s) dict_keys(['example_xcom']) retrieved from /home/airflow/.local/lib/python3.7/site-packages/airflow/example_dags/example_xcom.py
[2022-08-04 01:19:07,477] {logging_mixin.py:115} INFO - [2022-08-04 01:19:07,477] {dag.py:2420} INFO - Sync 1 DAGs
[2022-08-04 01:19:07,509] {logging_mixin.py:115} INFO - [2022-08-04 01:19:07,509] {dag.py:2972} INFO - Setting next_dagrun for example_xcom to 2021-01-01T00:00:00+00:00, run_after=2021-01-01T00:00:00+00:00
[2022-08-04 01:19:07,528] {processor.py:161} INFO - Processing /home/airflow/.local/lib/python3.7/site-packages/airflow/example_dags/example_xcom.py took 0.216 seconds
[2022-08-04 01:19:37,667] {processor.py:153} INFO - Started process (PID=31868) to work on /home/airflow/.local/lib/python3.7/site-packages/airflow/example_dags/example_xcom.py
[2022-08-04 01:19:37,669] {processor.py:641} INFO - Processing file /home/airflow/.local/lib/python3.7/site-packages/airflow/example_dags/example_xcom.py for tasks to queue
[2022-08-04 01:19:37,670] {logging_mixin.py:115} INFO - [2022-08-04 01:19:37,670] {dagbag.py:508} INFO - Filling up the DagBag from /home/airflow/.local/lib/python3.7/site-packages/airflow/example_dags/example_xcom.py
[2022-08-04 01:19:37,705] {processor.py:651} INFO - DAG(s) dict_keys(['example_xcom']) retrieved from /home/airflow/.local/lib/python3.7/site-packages/airflow/example_dags/example_xcom.py
[2022-08-04 01:19:37,829] {logging_mixin.py:115} INFO - [2022-08-04 01:19:37,829] {dag.py:2420} INFO - Sync 1 DAGs
[2022-08-04 01:19:37,867] {logging_mixin.py:115} INFO - [2022-08-04 01:19:37,867] {dag.py:2972} INFO - Setting next_dagrun for example_xcom to 2021-01-01T00:00:00+00:00, run_after=2021-01-01T00:00:00+00:00
[2022-08-04 01:19:37,899] {processor.py:161} INFO - Processing /home/airflow/.local/lib/python3.7/site-packages/airflow/example_dags/example_xcom.py took 0.237 seconds
[2022-08-04 01:20:08,014] {processor.py:153} INFO - Started process (PID=32059) to work on /home/airflow/.local/lib/python3.7/site-packages/airflow/example_dags/example_xcom.py
[2022-08-04 01:20:08,018] {processor.py:641} INFO - Processing file /home/airflow/.local/lib/python3.7/site-packages/airflow/example_dags/example_xcom.py for tasks to queue
[2022-08-04 01:20:08,020] {logging_mixin.py:115} INFO - [2022-08-04 01:20:08,020] {dagbag.py:508} INFO - Filling up the DagBag from /home/airflow/.local/lib/python3.7/site-packages/airflow/example_dags/example_xcom.py
[2022-08-04 01:20:08,050] {processor.py:651} INFO - DAG(s) dict_keys(['example_xcom']) retrieved from /home/airflow/.local/lib/python3.7/site-packages/airflow/example_dags/example_xcom.py
[2022-08-04 01:20:08,144] {logging_mixin.py:115} INFO - [2022-08-04 01:20:08,144] {dag.py:2420} INFO - Sync 1 DAGs
[2022-08-04 01:20:08,173] {logging_mixin.py:115} INFO - [2022-08-04 01:20:08,172] {dag.py:2972} INFO - Setting next_dagrun for example_xcom to 2021-01-01T00:00:00+00:00, run_after=2021-01-01T00:00:00+00:00
[2022-08-04 01:20:08,192] {processor.py:161} INFO - Processing /home/airflow/.local/lib/python3.7/site-packages/airflow/example_dags/example_xcom.py took 0.191 seconds
[2022-08-04 01:20:38,524] {processor.py:153} INFO - Started process (PID=32262) to work on /home/airflow/.local/lib/python3.7/site-packages/airflow/example_dags/example_xcom.py
[2022-08-04 01:20:38,525] {processor.py:641} INFO - Processing file /home/airflow/.local/lib/python3.7/site-packages/airflow/example_dags/example_xcom.py for tasks to queue
[2022-08-04 01:20:38,526] {logging_mixin.py:115} INFO - [2022-08-04 01:20:38,526] {dagbag.py:508} INFO - Filling up the DagBag from /home/airflow/.local/lib/python3.7/site-packages/airflow/example_dags/example_xcom.py
[2022-08-04 01:20:38,548] {processor.py:651} INFO - DAG(s) dict_keys(['example_xcom']) retrieved from /home/airflow/.local/lib/python3.7/site-packages/airflow/example_dags/example_xcom.py
[2022-08-04 01:20:38,580] {logging_mixin.py:115} INFO - [2022-08-04 01:20:38,580] {dag.py:2420} INFO - Sync 1 DAGs
[2022-08-04 01:20:38,608] {logging_mixin.py:115} INFO - [2022-08-04 01:20:38,608] {dag.py:2972} INFO - Setting next_dagrun for example_xcom to 2021-01-01T00:00:00+00:00, run_after=2021-01-01T00:00:00+00:00
[2022-08-04 01:20:38,624] {processor.py:161} INFO - Processing /home/airflow/.local/lib/python3.7/site-packages/airflow/example_dags/example_xcom.py took 0.104 seconds
[2022-08-04 01:21:09,461] {processor.py:153} INFO - Started process (PID=32465) to work on /home/airflow/.local/lib/python3.7/site-packages/airflow/example_dags/example_xcom.py
[2022-08-04 01:21:09,462] {processor.py:641} INFO - Processing file /home/airflow/.local/lib/python3.7/site-packages/airflow/example_dags/example_xcom.py for tasks to queue
[2022-08-04 01:21:09,463] {logging_mixin.py:115} INFO - [2022-08-04 01:21:09,463] {dagbag.py:508} INFO - Filling up the DagBag from /home/airflow/.local/lib/python3.7/site-packages/airflow/example_dags/example_xcom.py
[2022-08-04 01:21:09,488] {processor.py:651} INFO - DAG(s) dict_keys(['example_xcom']) retrieved from /home/airflow/.local/lib/python3.7/site-packages/airflow/example_dags/example_xcom.py
[2022-08-04 01:21:09,594] {logging_mixin.py:115} INFO - [2022-08-04 01:21:09,593] {dag.py:2420} INFO - Sync 1 DAGs
[2022-08-04 01:21:09,625] {logging_mixin.py:115} INFO - [2022-08-04 01:21:09,624] {dag.py:2972} INFO - Setting next_dagrun for example_xcom to 2021-01-01T00:00:00+00:00, run_after=2021-01-01T00:00:00+00:00
[2022-08-04 01:21:09,648] {processor.py:161} INFO - Processing /home/airflow/.local/lib/python3.7/site-packages/airflow/example_dags/example_xcom.py took 0.190 seconds
[2022-08-04 01:21:40,079] {processor.py:153} INFO - Started process (PID=32659) to work on /home/airflow/.local/lib/python3.7/site-packages/airflow/example_dags/example_xcom.py
[2022-08-04 01:21:40,079] {processor.py:641} INFO - Processing file /home/airflow/.local/lib/python3.7/site-packages/airflow/example_dags/example_xcom.py for tasks to queue
[2022-08-04 01:21:40,080] {logging_mixin.py:115} INFO - [2022-08-04 01:21:40,080] {dagbag.py:508} INFO - Filling up the DagBag from /home/airflow/.local/lib/python3.7/site-packages/airflow/example_dags/example_xcom.py
[2022-08-04 01:21:40,100] {processor.py:651} INFO - DAG(s) dict_keys(['example_xcom']) retrieved from /home/airflow/.local/lib/python3.7/site-packages/airflow/example_dags/example_xcom.py
[2022-08-04 01:21:40,198] {logging_mixin.py:115} INFO - [2022-08-04 01:21:40,198] {dag.py:2420} INFO - Sync 1 DAGs
[2022-08-04 01:21:40,222] {logging_mixin.py:115} INFO - [2022-08-04 01:21:40,222] {dag.py:2972} INFO - Setting next_dagrun for example_xcom to 2021-01-01T00:00:00+00:00, run_after=2021-01-01T00:00:00+00:00
[2022-08-04 01:21:40,240] {processor.py:161} INFO - Processing /home/airflow/.local/lib/python3.7/site-packages/airflow/example_dags/example_xcom.py took 0.165 seconds
[2022-08-04 01:22:10,703] {processor.py:153} INFO - Started process (PID=394) to work on /home/airflow/.local/lib/python3.7/site-packages/airflow/example_dags/example_xcom.py
[2022-08-04 01:22:10,708] {processor.py:641} INFO - Processing file /home/airflow/.local/lib/python3.7/site-packages/airflow/example_dags/example_xcom.py for tasks to queue
[2022-08-04 01:22:10,710] {logging_mixin.py:115} INFO - [2022-08-04 01:22:10,710] {dagbag.py:508} INFO - Filling up the DagBag from /home/airflow/.local/lib/python3.7/site-packages/airflow/example_dags/example_xcom.py
[2022-08-04 01:22:10,733] {processor.py:651} INFO - DAG(s) dict_keys(['example_xcom']) retrieved from /home/airflow/.local/lib/python3.7/site-packages/airflow/example_dags/example_xcom.py
[2022-08-04 01:22:10,821] {logging_mixin.py:115} INFO - [2022-08-04 01:22:10,820] {dag.py:2420} INFO - Sync 1 DAGs
[2022-08-04 01:22:10,853] {logging_mixin.py:115} INFO - [2022-08-04 01:22:10,853] {dag.py:2972} INFO - Setting next_dagrun for example_xcom to 2021-01-01T00:00:00+00:00, run_after=2021-01-01T00:00:00+00:00
[2022-08-04 01:22:10,876] {processor.py:161} INFO - Processing /home/airflow/.local/lib/python3.7/site-packages/airflow/example_dags/example_xcom.py took 0.178 seconds
[2022-08-04 01:22:41,105] {processor.py:153} INFO - Started process (PID=588) to work on /home/airflow/.local/lib/python3.7/site-packages/airflow/example_dags/example_xcom.py
[2022-08-04 01:22:41,107] {processor.py:641} INFO - Processing file /home/airflow/.local/lib/python3.7/site-packages/airflow/example_dags/example_xcom.py for tasks to queue
[2022-08-04 01:22:41,108] {logging_mixin.py:115} INFO - [2022-08-04 01:22:41,108] {dagbag.py:508} INFO - Filling up the DagBag from /home/airflow/.local/lib/python3.7/site-packages/airflow/example_dags/example_xcom.py
[2022-08-04 01:22:41,136] {processor.py:651} INFO - DAG(s) dict_keys(['example_xcom']) retrieved from /home/airflow/.local/lib/python3.7/site-packages/airflow/example_dags/example_xcom.py
[2022-08-04 01:22:41,227] {logging_mixin.py:115} INFO - [2022-08-04 01:22:41,227] {dag.py:2420} INFO - Sync 1 DAGs
[2022-08-04 01:22:41,256] {logging_mixin.py:115} INFO - [2022-08-04 01:22:41,256] {dag.py:2972} INFO - Setting next_dagrun for example_xcom to 2021-01-01T00:00:00+00:00, run_after=2021-01-01T00:00:00+00:00
[2022-08-04 01:22:41,277] {processor.py:161} INFO - Processing /home/airflow/.local/lib/python3.7/site-packages/airflow/example_dags/example_xcom.py took 0.177 seconds
[2022-08-04 01:23:11,807] {processor.py:153} INFO - Started process (PID=791) to work on /home/airflow/.local/lib/python3.7/site-packages/airflow/example_dags/example_xcom.py
[2022-08-04 01:23:11,808] {processor.py:641} INFO - Processing file /home/airflow/.local/lib/python3.7/site-packages/airflow/example_dags/example_xcom.py for tasks to queue
[2022-08-04 01:23:11,809] {logging_mixin.py:115} INFO - [2022-08-04 01:23:11,809] {dagbag.py:508} INFO - Filling up the DagBag from /home/airflow/.local/lib/python3.7/site-packages/airflow/example_dags/example_xcom.py
[2022-08-04 01:23:11,830] {processor.py:651} INFO - DAG(s) dict_keys(['example_xcom']) retrieved from /home/airflow/.local/lib/python3.7/site-packages/airflow/example_dags/example_xcom.py
[2022-08-04 01:23:11,931] {logging_mixin.py:115} INFO - [2022-08-04 01:23:11,930] {dag.py:2420} INFO - Sync 1 DAGs
[2022-08-04 01:23:11,963] {logging_mixin.py:115} INFO - [2022-08-04 01:23:11,962] {dag.py:2972} INFO - Setting next_dagrun for example_xcom to 2021-01-01T00:00:00+00:00, run_after=2021-01-01T00:00:00+00:00
[2022-08-04 01:23:11,988] {processor.py:161} INFO - Processing /home/airflow/.local/lib/python3.7/site-packages/airflow/example_dags/example_xcom.py took 0.185 seconds
[2022-08-04 01:23:42,190] {processor.py:153} INFO - Started process (PID=991) to work on /home/airflow/.local/lib/python3.7/site-packages/airflow/example_dags/example_xcom.py
[2022-08-04 01:23:42,191] {processor.py:641} INFO - Processing file /home/airflow/.local/lib/python3.7/site-packages/airflow/example_dags/example_xcom.py for tasks to queue
[2022-08-04 01:23:42,192] {logging_mixin.py:115} INFO - [2022-08-04 01:23:42,192] {dagbag.py:508} INFO - Filling up the DagBag from /home/airflow/.local/lib/python3.7/site-packages/airflow/example_dags/example_xcom.py
[2022-08-04 01:23:42,213] {processor.py:651} INFO - DAG(s) dict_keys(['example_xcom']) retrieved from /home/airflow/.local/lib/python3.7/site-packages/airflow/example_dags/example_xcom.py
[2022-08-04 01:23:42,301] {logging_mixin.py:115} INFO - [2022-08-04 01:23:42,301] {dag.py:2420} INFO - Sync 1 DAGs
[2022-08-04 01:23:42,326] {logging_mixin.py:115} INFO - [2022-08-04 01:23:42,326] {dag.py:2972} INFO - Setting next_dagrun for example_xcom to 2021-01-01T00:00:00+00:00, run_after=2021-01-01T00:00:00+00:00
[2022-08-04 01:23:42,355] {processor.py:161} INFO - Processing /home/airflow/.local/lib/python3.7/site-packages/airflow/example_dags/example_xcom.py took 0.168 seconds
[2022-08-04 01:24:12,579] {processor.py:153} INFO - Started process (PID=1199) to work on /home/airflow/.local/lib/python3.7/site-packages/airflow/example_dags/example_xcom.py
[2022-08-04 01:24:12,580] {processor.py:641} INFO - Processing file /home/airflow/.local/lib/python3.7/site-packages/airflow/example_dags/example_xcom.py for tasks to queue
[2022-08-04 01:24:12,580] {logging_mixin.py:115} INFO - [2022-08-04 01:24:12,580] {dagbag.py:508} INFO - Filling up the DagBag from /home/airflow/.local/lib/python3.7/site-packages/airflow/example_dags/example_xcom.py
[2022-08-04 01:24:12,603] {processor.py:651} INFO - DAG(s) dict_keys(['example_xcom']) retrieved from /home/airflow/.local/lib/python3.7/site-packages/airflow/example_dags/example_xcom.py
[2022-08-04 01:24:12,692] {logging_mixin.py:115} INFO - [2022-08-04 01:24:12,692] {dag.py:2420} INFO - Sync 1 DAGs
[2022-08-04 01:24:12,721] {logging_mixin.py:115} INFO - [2022-08-04 01:24:12,721] {dag.py:2972} INFO - Setting next_dagrun for example_xcom to 2021-01-01T00:00:00+00:00, run_after=2021-01-01T00:00:00+00:00
[2022-08-04 01:24:12,740] {processor.py:161} INFO - Processing /home/airflow/.local/lib/python3.7/site-packages/airflow/example_dags/example_xcom.py took 0.165 seconds
[2022-08-04 01:24:42,860] {processor.py:153} INFO - Started process (PID=1393) to work on /home/airflow/.local/lib/python3.7/site-packages/airflow/example_dags/example_xcom.py
[2022-08-04 01:24:42,861] {processor.py:641} INFO - Processing file /home/airflow/.local/lib/python3.7/site-packages/airflow/example_dags/example_xcom.py for tasks to queue
[2022-08-04 01:24:42,862] {logging_mixin.py:115} INFO - [2022-08-04 01:24:42,862] {dagbag.py:508} INFO - Filling up the DagBag from /home/airflow/.local/lib/python3.7/site-packages/airflow/example_dags/example_xcom.py
[2022-08-04 01:24:42,891] {processor.py:651} INFO - DAG(s) dict_keys(['example_xcom']) retrieved from /home/airflow/.local/lib/python3.7/site-packages/airflow/example_dags/example_xcom.py
[2022-08-04 01:24:42,980] {logging_mixin.py:115} INFO - [2022-08-04 01:24:42,979] {dag.py:2420} INFO - Sync 1 DAGs
[2022-08-04 01:24:43,018] {logging_mixin.py:115} INFO - [2022-08-04 01:24:43,017] {dag.py:2972} INFO - Setting next_dagrun for example_xcom to 2021-01-01T00:00:00+00:00, run_after=2021-01-01T00:00:00+00:00
[2022-08-04 01:24:43,047] {processor.py:161} INFO - Processing /home/airflow/.local/lib/python3.7/site-packages/airflow/example_dags/example_xcom.py took 0.193 seconds
[2022-08-04 01:25:13,311] {processor.py:153} INFO - Started process (PID=1599) to work on /home/airflow/.local/lib/python3.7/site-packages/airflow/example_dags/example_xcom.py
[2022-08-04 01:25:13,312] {processor.py:641} INFO - Processing file /home/airflow/.local/lib/python3.7/site-packages/airflow/example_dags/example_xcom.py for tasks to queue
[2022-08-04 01:25:13,313] {logging_mixin.py:115} INFO - [2022-08-04 01:25:13,313] {dagbag.py:508} INFO - Filling up the DagBag from /home/airflow/.local/lib/python3.7/site-packages/airflow/example_dags/example_xcom.py
[2022-08-04 01:25:13,338] {processor.py:651} INFO - DAG(s) dict_keys(['example_xcom']) retrieved from /home/airflow/.local/lib/python3.7/site-packages/airflow/example_dags/example_xcom.py
[2022-08-04 01:25:13,429] {logging_mixin.py:115} INFO - [2022-08-04 01:25:13,428] {dag.py:2420} INFO - Sync 1 DAGs
[2022-08-04 01:25:13,456] {logging_mixin.py:115} INFO - [2022-08-04 01:25:13,456] {dag.py:2972} INFO - Setting next_dagrun for example_xcom to 2021-01-01T00:00:00+00:00, run_after=2021-01-01T00:00:00+00:00
[2022-08-04 01:25:13,476] {processor.py:161} INFO - Processing /home/airflow/.local/lib/python3.7/site-packages/airflow/example_dags/example_xcom.py took 0.172 seconds
[2022-08-04 01:25:43,544] {processor.py:153} INFO - Started process (PID=1794) to work on /home/airflow/.local/lib/python3.7/site-packages/airflow/example_dags/example_xcom.py
[2022-08-04 01:25:43,545] {processor.py:641} INFO - Processing file /home/airflow/.local/lib/python3.7/site-packages/airflow/example_dags/example_xcom.py for tasks to queue
[2022-08-04 01:25:43,546] {logging_mixin.py:115} INFO - [2022-08-04 01:25:43,546] {dagbag.py:508} INFO - Filling up the DagBag from /home/airflow/.local/lib/python3.7/site-packages/airflow/example_dags/example_xcom.py
[2022-08-04 01:25:43,566] {processor.py:651} INFO - DAG(s) dict_keys(['example_xcom']) retrieved from /home/airflow/.local/lib/python3.7/site-packages/airflow/example_dags/example_xcom.py
[2022-08-04 01:25:43,659] {logging_mixin.py:115} INFO - [2022-08-04 01:25:43,659] {dag.py:2420} INFO - Sync 1 DAGs
[2022-08-04 01:25:43,686] {logging_mixin.py:115} INFO - [2022-08-04 01:25:43,686] {dag.py:2972} INFO - Setting next_dagrun for example_xcom to 2021-01-01T00:00:00+00:00, run_after=2021-01-01T00:00:00+00:00
[2022-08-04 01:25:43,714] {processor.py:161} INFO - Processing /home/airflow/.local/lib/python3.7/site-packages/airflow/example_dags/example_xcom.py took 0.174 seconds
[2022-08-04 01:26:13,928] {processor.py:153} INFO - Started process (PID=1995) to work on /home/airflow/.local/lib/python3.7/site-packages/airflow/example_dags/example_xcom.py
[2022-08-04 01:26:13,929] {processor.py:641} INFO - Processing file /home/airflow/.local/lib/python3.7/site-packages/airflow/example_dags/example_xcom.py for tasks to queue
[2022-08-04 01:26:13,930] {logging_mixin.py:115} INFO - [2022-08-04 01:26:13,930] {dagbag.py:508} INFO - Filling up the DagBag from /home/airflow/.local/lib/python3.7/site-packages/airflow/example_dags/example_xcom.py
[2022-08-04 01:26:13,952] {processor.py:651} INFO - DAG(s) dict_keys(['example_xcom']) retrieved from /home/airflow/.local/lib/python3.7/site-packages/airflow/example_dags/example_xcom.py
[2022-08-04 01:26:14,048] {logging_mixin.py:115} INFO - [2022-08-04 01:26:14,048] {dag.py:2420} INFO - Sync 1 DAGs
[2022-08-04 01:26:14,089] {logging_mixin.py:115} INFO - [2022-08-04 01:26:14,089] {dag.py:2972} INFO - Setting next_dagrun for example_xcom to 2021-01-01T00:00:00+00:00, run_after=2021-01-01T00:00:00+00:00
[2022-08-04 01:26:14,118] {processor.py:161} INFO - Processing /home/airflow/.local/lib/python3.7/site-packages/airflow/example_dags/example_xcom.py took 0.193 seconds
[2022-08-04 01:26:44,307] {processor.py:153} INFO - Started process (PID=2191) to work on /home/airflow/.local/lib/python3.7/site-packages/airflow/example_dags/example_xcom.py
[2022-08-04 01:26:44,308] {processor.py:641} INFO - Processing file /home/airflow/.local/lib/python3.7/site-packages/airflow/example_dags/example_xcom.py for tasks to queue
[2022-08-04 01:26:44,309] {logging_mixin.py:115} INFO - [2022-08-04 01:26:44,309] {dagbag.py:508} INFO - Filling up the DagBag from /home/airflow/.local/lib/python3.7/site-packages/airflow/example_dags/example_xcom.py
[2022-08-04 01:26:44,330] {processor.py:651} INFO - DAG(s) dict_keys(['example_xcom']) retrieved from /home/airflow/.local/lib/python3.7/site-packages/airflow/example_dags/example_xcom.py
[2022-08-04 01:26:44,409] {logging_mixin.py:115} INFO - [2022-08-04 01:26:44,409] {dag.py:2420} INFO - Sync 1 DAGs
[2022-08-04 01:26:44,432] {logging_mixin.py:115} INFO - [2022-08-04 01:26:44,432] {dag.py:2972} INFO - Setting next_dagrun for example_xcom to 2021-01-01T00:00:00+00:00, run_after=2021-01-01T00:00:00+00:00
[2022-08-04 01:26:44,455] {processor.py:161} INFO - Processing /home/airflow/.local/lib/python3.7/site-packages/airflow/example_dags/example_xcom.py took 0.151 seconds
[2022-08-04 01:27:15,172] {processor.py:153} INFO - Started process (PID=2389) to work on /home/airflow/.local/lib/python3.7/site-packages/airflow/example_dags/example_xcom.py
[2022-08-04 01:27:15,173] {processor.py:641} INFO - Processing file /home/airflow/.local/lib/python3.7/site-packages/airflow/example_dags/example_xcom.py for tasks to queue
[2022-08-04 01:27:15,174] {logging_mixin.py:115} INFO - [2022-08-04 01:27:15,174] {dagbag.py:508} INFO - Filling up the DagBag from /home/airflow/.local/lib/python3.7/site-packages/airflow/example_dags/example_xcom.py
[2022-08-04 01:27:15,190] {processor.py:651} INFO - DAG(s) dict_keys(['example_xcom']) retrieved from /home/airflow/.local/lib/python3.7/site-packages/airflow/example_dags/example_xcom.py
[2022-08-04 01:27:15,216] {logging_mixin.py:115} INFO - [2022-08-04 01:27:15,216] {dag.py:2420} INFO - Sync 1 DAGs
[2022-08-04 01:27:15,239] {logging_mixin.py:115} INFO - [2022-08-04 01:27:15,238] {dag.py:2972} INFO - Setting next_dagrun for example_xcom to 2021-01-01T00:00:00+00:00, run_after=2021-01-01T00:00:00+00:00
[2022-08-04 01:27:15,253] {processor.py:161} INFO - Processing /home/airflow/.local/lib/python3.7/site-packages/airflow/example_dags/example_xcom.py took 0.083 seconds
[2022-08-04 05:37:00,656] {processor.py:153} INFO - Started process (PID=2424) to work on /home/airflow/.local/lib/python3.7/site-packages/airflow/example_dags/example_xcom.py
[2022-08-04 05:37:00,658] {processor.py:641} INFO - Processing file /home/airflow/.local/lib/python3.7/site-packages/airflow/example_dags/example_xcom.py for tasks to queue
[2022-08-04 05:37:00,659] {logging_mixin.py:115} INFO - [2022-08-04 05:37:00,659] {dagbag.py:508} INFO - Filling up the DagBag from /home/airflow/.local/lib/python3.7/site-packages/airflow/example_dags/example_xcom.py
[2022-08-04 05:37:00,695] {processor.py:651} INFO - DAG(s) dict_keys(['example_xcom']) retrieved from /home/airflow/.local/lib/python3.7/site-packages/airflow/example_dags/example_xcom.py
[2022-08-04 05:37:00,921] {logging_mixin.py:115} INFO - [2022-08-04 05:37:00,920] {dag.py:2420} INFO - Sync 1 DAGs
[2022-08-04 05:37:00,986] {logging_mixin.py:115} INFO - [2022-08-04 05:37:00,986] {dag.py:2972} INFO - Setting next_dagrun for example_xcom to 2021-01-01T00:00:00+00:00, run_after=2021-01-01T00:00:00+00:00
[2022-08-04 05:37:01,024] {processor.py:161} INFO - Processing /home/airflow/.local/lib/python3.7/site-packages/airflow/example_dags/example_xcom.py took 0.372 seconds
[2022-08-04 05:37:31,249] {processor.py:153} INFO - Started process (PID=2614) to work on /home/airflow/.local/lib/python3.7/site-packages/airflow/example_dags/example_xcom.py
[2022-08-04 05:37:31,250] {processor.py:641} INFO - Processing file /home/airflow/.local/lib/python3.7/site-packages/airflow/example_dags/example_xcom.py for tasks to queue
[2022-08-04 05:37:31,251] {logging_mixin.py:115} INFO - [2022-08-04 05:37:31,251] {dagbag.py:508} INFO - Filling up the DagBag from /home/airflow/.local/lib/python3.7/site-packages/airflow/example_dags/example_xcom.py
[2022-08-04 05:37:31,267] {processor.py:651} INFO - DAG(s) dict_keys(['example_xcom']) retrieved from /home/airflow/.local/lib/python3.7/site-packages/airflow/example_dags/example_xcom.py
[2022-08-04 05:37:31,293] {logging_mixin.py:115} INFO - [2022-08-04 05:37:31,293] {dag.py:2420} INFO - Sync 1 DAGs
[2022-08-04 05:37:31,316] {logging_mixin.py:115} INFO - [2022-08-04 05:37:31,316] {dag.py:2972} INFO - Setting next_dagrun for example_xcom to 2021-01-01T00:00:00+00:00, run_after=2021-01-01T00:00:00+00:00
[2022-08-04 05:37:31,331] {processor.py:161} INFO - Processing /home/airflow/.local/lib/python3.7/site-packages/airflow/example_dags/example_xcom.py took 0.085 seconds
[2022-08-04 05:38:01,994] {processor.py:153} INFO - Started process (PID=2817) to work on /home/airflow/.local/lib/python3.7/site-packages/airflow/example_dags/example_xcom.py
[2022-08-04 05:38:01,994] {processor.py:641} INFO - Processing file /home/airflow/.local/lib/python3.7/site-packages/airflow/example_dags/example_xcom.py for tasks to queue
[2022-08-04 05:38:01,995] {logging_mixin.py:115} INFO - [2022-08-04 05:38:01,995] {dagbag.py:508} INFO - Filling up the DagBag from /home/airflow/.local/lib/python3.7/site-packages/airflow/example_dags/example_xcom.py
[2022-08-04 05:38:02,011] {processor.py:651} INFO - DAG(s) dict_keys(['example_xcom']) retrieved from /home/airflow/.local/lib/python3.7/site-packages/airflow/example_dags/example_xcom.py
[2022-08-04 05:38:02,075] {logging_mixin.py:115} INFO - [2022-08-04 05:38:02,075] {dag.py:2420} INFO - Sync 1 DAGs
[2022-08-04 05:38:02,094] {logging_mixin.py:115} INFO - [2022-08-04 05:38:02,094] {dag.py:2972} INFO - Setting next_dagrun for example_xcom to 2021-01-01T00:00:00+00:00, run_after=2021-01-01T00:00:00+00:00
[2022-08-04 05:38:02,117] {processor.py:161} INFO - Processing /home/airflow/.local/lib/python3.7/site-packages/airflow/example_dags/example_xcom.py took 0.126 seconds
[2022-08-04 05:38:32,749] {processor.py:153} INFO - Started process (PID=3012) to work on /home/airflow/.local/lib/python3.7/site-packages/airflow/example_dags/example_xcom.py
[2022-08-04 05:38:32,751] {processor.py:641} INFO - Processing file /home/airflow/.local/lib/python3.7/site-packages/airflow/example_dags/example_xcom.py for tasks to queue
[2022-08-04 05:38:32,753] {logging_mixin.py:115} INFO - [2022-08-04 05:38:32,753] {dagbag.py:508} INFO - Filling up the DagBag from /home/airflow/.local/lib/python3.7/site-packages/airflow/example_dags/example_xcom.py
[2022-08-04 05:38:32,776] {processor.py:651} INFO - DAG(s) dict_keys(['example_xcom']) retrieved from /home/airflow/.local/lib/python3.7/site-packages/airflow/example_dags/example_xcom.py
[2022-08-04 05:38:32,814] {logging_mixin.py:115} INFO - [2022-08-04 05:38:32,813] {dag.py:2420} INFO - Sync 1 DAGs
[2022-08-04 05:38:32,845] {logging_mixin.py:115} INFO - [2022-08-04 05:38:32,845] {dag.py:2972} INFO - Setting next_dagrun for example_xcom to 2021-01-01T00:00:00+00:00, run_after=2021-01-01T00:00:00+00:00
[2022-08-04 05:38:32,863] {processor.py:161} INFO - Processing /home/airflow/.local/lib/python3.7/site-packages/airflow/example_dags/example_xcom.py took 0.119 seconds
[2022-08-04 05:39:03,035] {processor.py:153} INFO - Started process (PID=3215) to work on /home/airflow/.local/lib/python3.7/site-packages/airflow/example_dags/example_xcom.py
[2022-08-04 05:39:03,036] {processor.py:641} INFO - Processing file /home/airflow/.local/lib/python3.7/site-packages/airflow/example_dags/example_xcom.py for tasks to queue
[2022-08-04 05:39:03,037] {logging_mixin.py:115} INFO - [2022-08-04 05:39:03,037] {dagbag.py:508} INFO - Filling up the DagBag from /home/airflow/.local/lib/python3.7/site-packages/airflow/example_dags/example_xcom.py
[2022-08-04 05:39:03,065] {processor.py:651} INFO - DAG(s) dict_keys(['example_xcom']) retrieved from /home/airflow/.local/lib/python3.7/site-packages/airflow/example_dags/example_xcom.py
[2022-08-04 05:39:03,159] {logging_mixin.py:115} INFO - [2022-08-04 05:39:03,159] {dag.py:2420} INFO - Sync 1 DAGs
[2022-08-04 05:39:03,198] {logging_mixin.py:115} INFO - [2022-08-04 05:39:03,198] {dag.py:2972} INFO - Setting next_dagrun for example_xcom to 2021-01-01T00:00:00+00:00, run_after=2021-01-01T00:00:00+00:00
[2022-08-04 05:39:03,227] {processor.py:161} INFO - Processing /home/airflow/.local/lib/python3.7/site-packages/airflow/example_dags/example_xcom.py took 0.197 seconds
[2022-08-04 05:39:33,358] {processor.py:153} INFO - Started process (PID=3409) to work on /home/airflow/.local/lib/python3.7/site-packages/airflow/example_dags/example_xcom.py
[2022-08-04 05:39:33,359] {processor.py:641} INFO - Processing file /home/airflow/.local/lib/python3.7/site-packages/airflow/example_dags/example_xcom.py for tasks to queue
[2022-08-04 05:39:33,360] {logging_mixin.py:115} INFO - [2022-08-04 05:39:33,360] {dagbag.py:508} INFO - Filling up the DagBag from /home/airflow/.local/lib/python3.7/site-packages/airflow/example_dags/example_xcom.py
[2022-08-04 05:39:33,382] {processor.py:651} INFO - DAG(s) dict_keys(['example_xcom']) retrieved from /home/airflow/.local/lib/python3.7/site-packages/airflow/example_dags/example_xcom.py
[2022-08-04 05:39:33,413] {logging_mixin.py:115} INFO - [2022-08-04 05:39:33,413] {dag.py:2420} INFO - Sync 1 DAGs
[2022-08-04 05:39:33,441] {logging_mixin.py:115} INFO - [2022-08-04 05:39:33,440] {dag.py:2972} INFO - Setting next_dagrun for example_xcom to 2021-01-01T00:00:00+00:00, run_after=2021-01-01T00:00:00+00:00
[2022-08-04 05:39:33,466] {processor.py:161} INFO - Processing /home/airflow/.local/lib/python3.7/site-packages/airflow/example_dags/example_xcom.py took 0.112 seconds
[2022-08-04 05:40:04,024] {processor.py:153} INFO - Started process (PID=3610) to work on /home/airflow/.local/lib/python3.7/site-packages/airflow/example_dags/example_xcom.py
[2022-08-04 05:40:04,024] {processor.py:641} INFO - Processing file /home/airflow/.local/lib/python3.7/site-packages/airflow/example_dags/example_xcom.py for tasks to queue
[2022-08-04 05:40:04,025] {logging_mixin.py:115} INFO - [2022-08-04 05:40:04,025] {dagbag.py:508} INFO - Filling up the DagBag from /home/airflow/.local/lib/python3.7/site-packages/airflow/example_dags/example_xcom.py
[2022-08-04 05:40:04,046] {processor.py:651} INFO - DAG(s) dict_keys(['example_xcom']) retrieved from /home/airflow/.local/lib/python3.7/site-packages/airflow/example_dags/example_xcom.py
[2022-08-04 05:40:04,073] {logging_mixin.py:115} INFO - [2022-08-04 05:40:04,073] {dag.py:2420} INFO - Sync 1 DAGs
[2022-08-04 05:40:04,102] {logging_mixin.py:115} INFO - [2022-08-04 05:40:04,102] {dag.py:2972} INFO - Setting next_dagrun for example_xcom to 2021-01-01T00:00:00+00:00, run_after=2021-01-01T00:00:00+00:00
[2022-08-04 05:40:04,118] {processor.py:161} INFO - Processing /home/airflow/.local/lib/python3.7/site-packages/airflow/example_dags/example_xcom.py took 0.098 seconds
[2022-08-04 05:40:34,915] {processor.py:153} INFO - Started process (PID=3807) to work on /home/airflow/.local/lib/python3.7/site-packages/airflow/example_dags/example_xcom.py
[2022-08-04 05:40:34,916] {processor.py:641} INFO - Processing file /home/airflow/.local/lib/python3.7/site-packages/airflow/example_dags/example_xcom.py for tasks to queue
[2022-08-04 05:40:34,917] {logging_mixin.py:115} INFO - [2022-08-04 05:40:34,917] {dagbag.py:508} INFO - Filling up the DagBag from /home/airflow/.local/lib/python3.7/site-packages/airflow/example_dags/example_xcom.py
[2022-08-04 05:40:34,937] {processor.py:651} INFO - DAG(s) dict_keys(['example_xcom']) retrieved from /home/airflow/.local/lib/python3.7/site-packages/airflow/example_dags/example_xcom.py
[2022-08-04 05:40:34,968] {logging_mixin.py:115} INFO - [2022-08-04 05:40:34,968] {dag.py:2420} INFO - Sync 1 DAGs
[2022-08-04 05:40:34,996] {logging_mixin.py:115} INFO - [2022-08-04 05:40:34,996] {dag.py:2972} INFO - Setting next_dagrun for example_xcom to 2021-01-01T00:00:00+00:00, run_after=2021-01-01T00:00:00+00:00
[2022-08-04 05:40:35,023] {processor.py:161} INFO - Processing /home/airflow/.local/lib/python3.7/site-packages/airflow/example_dags/example_xcom.py took 0.111 seconds
[2022-08-04 05:41:05,789] {processor.py:153} INFO - Started process (PID=4010) to work on /home/airflow/.local/lib/python3.7/site-packages/airflow/example_dags/example_xcom.py
[2022-08-04 05:41:05,790] {processor.py:641} INFO - Processing file /home/airflow/.local/lib/python3.7/site-packages/airflow/example_dags/example_xcom.py for tasks to queue
[2022-08-04 05:41:05,791] {logging_mixin.py:115} INFO - [2022-08-04 05:41:05,791] {dagbag.py:508} INFO - Filling up the DagBag from /home/airflow/.local/lib/python3.7/site-packages/airflow/example_dags/example_xcom.py
[2022-08-04 05:41:05,811] {processor.py:651} INFO - DAG(s) dict_keys(['example_xcom']) retrieved from /home/airflow/.local/lib/python3.7/site-packages/airflow/example_dags/example_xcom.py
[2022-08-04 05:41:05,842] {logging_mixin.py:115} INFO - [2022-08-04 05:41:05,841] {dag.py:2420} INFO - Sync 1 DAGs
[2022-08-04 05:41:05,869] {logging_mixin.py:115} INFO - [2022-08-04 05:41:05,869] {dag.py:2972} INFO - Setting next_dagrun for example_xcom to 2021-01-01T00:00:00+00:00, run_after=2021-01-01T00:00:00+00:00
[2022-08-04 05:41:05,885] {processor.py:161} INFO - Processing /home/airflow/.local/lib/python3.7/site-packages/airflow/example_dags/example_xcom.py took 0.100 seconds
[2022-08-04 05:41:36,184] {processor.py:153} INFO - Started process (PID=4203) to work on /home/airflow/.local/lib/python3.7/site-packages/airflow/example_dags/example_xcom.py
[2022-08-04 05:41:36,185] {processor.py:641} INFO - Processing file /home/airflow/.local/lib/python3.7/site-packages/airflow/example_dags/example_xcom.py for tasks to queue
[2022-08-04 05:41:36,186] {logging_mixin.py:115} INFO - [2022-08-04 05:41:36,186] {dagbag.py:508} INFO - Filling up the DagBag from /home/airflow/.local/lib/python3.7/site-packages/airflow/example_dags/example_xcom.py
[2022-08-04 05:41:36,210] {processor.py:651} INFO - DAG(s) dict_keys(['example_xcom']) retrieved from /home/airflow/.local/lib/python3.7/site-packages/airflow/example_dags/example_xcom.py
[2022-08-04 05:41:36,239] {logging_mixin.py:115} INFO - [2022-08-04 05:41:36,239] {dag.py:2420} INFO - Sync 1 DAGs
[2022-08-04 05:41:36,275] {logging_mixin.py:115} INFO - [2022-08-04 05:41:36,275] {dag.py:2972} INFO - Setting next_dagrun for example_xcom to 2021-01-01T00:00:00+00:00, run_after=2021-01-01T00:00:00+00:00
[2022-08-04 05:41:36,295] {processor.py:161} INFO - Processing /home/airflow/.local/lib/python3.7/site-packages/airflow/example_dags/example_xcom.py took 0.114 seconds
[2022-08-04 05:42:06,408] {processor.py:153} INFO - Started process (PID=4406) to work on /home/airflow/.local/lib/python3.7/site-packages/airflow/example_dags/example_xcom.py
[2022-08-04 05:42:06,409] {processor.py:641} INFO - Processing file /home/airflow/.local/lib/python3.7/site-packages/airflow/example_dags/example_xcom.py for tasks to queue
[2022-08-04 05:42:06,410] {logging_mixin.py:115} INFO - [2022-08-04 05:42:06,410] {dagbag.py:508} INFO - Filling up the DagBag from /home/airflow/.local/lib/python3.7/site-packages/airflow/example_dags/example_xcom.py
[2022-08-04 05:42:06,436] {processor.py:651} INFO - DAG(s) dict_keys(['example_xcom']) retrieved from /home/airflow/.local/lib/python3.7/site-packages/airflow/example_dags/example_xcom.py
[2022-08-04 05:42:06,520] {logging_mixin.py:115} INFO - [2022-08-04 05:42:06,520] {dag.py:2420} INFO - Sync 1 DAGs
[2022-08-04 05:42:06,546] {logging_mixin.py:115} INFO - [2022-08-04 05:42:06,546] {dag.py:2972} INFO - Setting next_dagrun for example_xcom to 2021-01-01T00:00:00+00:00, run_after=2021-01-01T00:00:00+00:00
[2022-08-04 05:42:06,570] {processor.py:161} INFO - Processing /home/airflow/.local/lib/python3.7/site-packages/airflow/example_dags/example_xcom.py took 0.167 seconds
[2022-08-04 05:42:36,663] {processor.py:153} INFO - Started process (PID=4603) to work on /home/airflow/.local/lib/python3.7/site-packages/airflow/example_dags/example_xcom.py
[2022-08-04 05:42:36,664] {processor.py:641} INFO - Processing file /home/airflow/.local/lib/python3.7/site-packages/airflow/example_dags/example_xcom.py for tasks to queue
[2022-08-04 05:42:36,665] {logging_mixin.py:115} INFO - [2022-08-04 05:42:36,665] {dagbag.py:508} INFO - Filling up the DagBag from /home/airflow/.local/lib/python3.7/site-packages/airflow/example_dags/example_xcom.py
[2022-08-04 05:42:36,687] {processor.py:651} INFO - DAG(s) dict_keys(['example_xcom']) retrieved from /home/airflow/.local/lib/python3.7/site-packages/airflow/example_dags/example_xcom.py
[2022-08-04 05:42:36,775] {logging_mixin.py:115} INFO - [2022-08-04 05:42:36,775] {dag.py:2420} INFO - Sync 1 DAGs
[2022-08-04 05:42:36,800] {logging_mixin.py:115} INFO - [2022-08-04 05:42:36,800] {dag.py:2972} INFO - Setting next_dagrun for example_xcom to 2021-01-01T00:00:00+00:00, run_after=2021-01-01T00:00:00+00:00
[2022-08-04 05:42:36,820] {processor.py:161} INFO - Processing /home/airflow/.local/lib/python3.7/site-packages/airflow/example_dags/example_xcom.py took 0.161 seconds
[2022-08-04 05:43:07,021] {processor.py:153} INFO - Started process (PID=4811) to work on /home/airflow/.local/lib/python3.7/site-packages/airflow/example_dags/example_xcom.py
[2022-08-04 05:43:07,022] {processor.py:641} INFO - Processing file /home/airflow/.local/lib/python3.7/site-packages/airflow/example_dags/example_xcom.py for tasks to queue
[2022-08-04 05:43:07,023] {logging_mixin.py:115} INFO - [2022-08-04 05:43:07,023] {dagbag.py:508} INFO - Filling up the DagBag from /home/airflow/.local/lib/python3.7/site-packages/airflow/example_dags/example_xcom.py
[2022-08-04 05:43:07,045] {processor.py:651} INFO - DAG(s) dict_keys(['example_xcom']) retrieved from /home/airflow/.local/lib/python3.7/site-packages/airflow/example_dags/example_xcom.py
[2022-08-04 05:43:07,141] {logging_mixin.py:115} INFO - [2022-08-04 05:43:07,141] {dag.py:2420} INFO - Sync 1 DAGs
[2022-08-04 05:43:07,172] {logging_mixin.py:115} INFO - [2022-08-04 05:43:07,172] {dag.py:2972} INFO - Setting next_dagrun for example_xcom to 2021-01-01T00:00:00+00:00, run_after=2021-01-01T00:00:00+00:00
[2022-08-04 05:43:07,191] {processor.py:161} INFO - Processing /home/airflow/.local/lib/python3.7/site-packages/airflow/example_dags/example_xcom.py took 0.174 seconds
[2022-08-04 05:43:37,664] {processor.py:153} INFO - Started process (PID=5008) to work on /home/airflow/.local/lib/python3.7/site-packages/airflow/example_dags/example_xcom.py
[2022-08-04 05:43:37,665] {processor.py:641} INFO - Processing file /home/airflow/.local/lib/python3.7/site-packages/airflow/example_dags/example_xcom.py for tasks to queue
[2022-08-04 05:43:37,666] {logging_mixin.py:115} INFO - [2022-08-04 05:43:37,666] {dagbag.py:508} INFO - Filling up the DagBag from /home/airflow/.local/lib/python3.7/site-packages/airflow/example_dags/example_xcom.py
[2022-08-04 05:43:37,691] {processor.py:651} INFO - DAG(s) dict_keys(['example_xcom']) retrieved from /home/airflow/.local/lib/python3.7/site-packages/airflow/example_dags/example_xcom.py
[2022-08-04 05:43:37,722] {logging_mixin.py:115} INFO - [2022-08-04 05:43:37,722] {dag.py:2420} INFO - Sync 1 DAGs
[2022-08-04 05:43:37,749] {logging_mixin.py:115} INFO - [2022-08-04 05:43:37,749] {dag.py:2972} INFO - Setting next_dagrun for example_xcom to 2021-01-01T00:00:00+00:00, run_after=2021-01-01T00:00:00+00:00
[2022-08-04 05:43:37,765] {processor.py:161} INFO - Processing /home/airflow/.local/lib/python3.7/site-packages/airflow/example_dags/example_xcom.py took 0.105 seconds
[2022-08-04 05:44:08,532] {processor.py:153} INFO - Started process (PID=5204) to work on /home/airflow/.local/lib/python3.7/site-packages/airflow/example_dags/example_xcom.py
[2022-08-04 05:44:08,533] {processor.py:641} INFO - Processing file /home/airflow/.local/lib/python3.7/site-packages/airflow/example_dags/example_xcom.py for tasks to queue
[2022-08-04 05:44:08,534] {logging_mixin.py:115} INFO - [2022-08-04 05:44:08,534] {dagbag.py:508} INFO - Filling up the DagBag from /home/airflow/.local/lib/python3.7/site-packages/airflow/example_dags/example_xcom.py
[2022-08-04 05:44:08,557] {processor.py:651} INFO - DAG(s) dict_keys(['example_xcom']) retrieved from /home/airflow/.local/lib/python3.7/site-packages/airflow/example_dags/example_xcom.py
[2022-08-04 05:44:08,595] {logging_mixin.py:115} INFO - [2022-08-04 05:44:08,595] {dag.py:2420} INFO - Sync 1 DAGs
[2022-08-04 05:44:08,634] {logging_mixin.py:115} INFO - [2022-08-04 05:44:08,634] {dag.py:2972} INFO - Setting next_dagrun for example_xcom to 2021-01-01T00:00:00+00:00, run_after=2021-01-01T00:00:00+00:00
[2022-08-04 05:44:08,664] {processor.py:161} INFO - Processing /home/airflow/.local/lib/python3.7/site-packages/airflow/example_dags/example_xcom.py took 0.137 seconds
[2022-08-04 05:44:39,221] {processor.py:153} INFO - Started process (PID=5406) to work on /home/airflow/.local/lib/python3.7/site-packages/airflow/example_dags/example_xcom.py
[2022-08-04 05:44:39,222] {processor.py:641} INFO - Processing file /home/airflow/.local/lib/python3.7/site-packages/airflow/example_dags/example_xcom.py for tasks to queue
[2022-08-04 05:44:39,223] {logging_mixin.py:115} INFO - [2022-08-04 05:44:39,223] {dagbag.py:508} INFO - Filling up the DagBag from /home/airflow/.local/lib/python3.7/site-packages/airflow/example_dags/example_xcom.py
[2022-08-04 05:44:39,253] {processor.py:651} INFO - DAG(s) dict_keys(['example_xcom']) retrieved from /home/airflow/.local/lib/python3.7/site-packages/airflow/example_dags/example_xcom.py
[2022-08-04 05:44:39,378] {logging_mixin.py:115} INFO - [2022-08-04 05:44:39,377] {dag.py:2420} INFO - Sync 1 DAGs
[2022-08-04 05:44:39,410] {logging_mixin.py:115} INFO - [2022-08-04 05:44:39,410] {dag.py:2972} INFO - Setting next_dagrun for example_xcom to 2021-01-01T00:00:00+00:00, run_after=2021-01-01T00:00:00+00:00
[2022-08-04 05:44:39,433] {processor.py:161} INFO - Processing /home/airflow/.local/lib/python3.7/site-packages/airflow/example_dags/example_xcom.py took 0.218 seconds
[2022-08-04 05:45:09,662] {processor.py:153} INFO - Started process (PID=5601) to work on /home/airflow/.local/lib/python3.7/site-packages/airflow/example_dags/example_xcom.py
[2022-08-04 05:45:09,663] {processor.py:641} INFO - Processing file /home/airflow/.local/lib/python3.7/site-packages/airflow/example_dags/example_xcom.py for tasks to queue
[2022-08-04 05:45:09,664] {logging_mixin.py:115} INFO - [2022-08-04 05:45:09,664] {dagbag.py:508} INFO - Filling up the DagBag from /home/airflow/.local/lib/python3.7/site-packages/airflow/example_dags/example_xcom.py
[2022-08-04 05:45:09,685] {processor.py:651} INFO - DAG(s) dict_keys(['example_xcom']) retrieved from /home/airflow/.local/lib/python3.7/site-packages/airflow/example_dags/example_xcom.py
[2022-08-04 05:45:09,717] {logging_mixin.py:115} INFO - [2022-08-04 05:45:09,717] {dag.py:2420} INFO - Sync 1 DAGs
[2022-08-04 05:45:09,744] {logging_mixin.py:115} INFO - [2022-08-04 05:45:09,744] {dag.py:2972} INFO - Setting next_dagrun for example_xcom to 2021-01-01T00:00:00+00:00, run_after=2021-01-01T00:00:00+00:00
[2022-08-04 05:45:09,759] {processor.py:161} INFO - Processing /home/airflow/.local/lib/python3.7/site-packages/airflow/example_dags/example_xcom.py took 0.101 seconds
[2022-08-04 05:45:39,913] {processor.py:153} INFO - Started process (PID=5804) to work on /home/airflow/.local/lib/python3.7/site-packages/airflow/example_dags/example_xcom.py
[2022-08-04 05:45:39,914] {processor.py:641} INFO - Processing file /home/airflow/.local/lib/python3.7/site-packages/airflow/example_dags/example_xcom.py for tasks to queue
[2022-08-04 05:45:39,915] {logging_mixin.py:115} INFO - [2022-08-04 05:45:39,915] {dagbag.py:508} INFO - Filling up the DagBag from /home/airflow/.local/lib/python3.7/site-packages/airflow/example_dags/example_xcom.py
[2022-08-04 05:45:39,935] {processor.py:651} INFO - DAG(s) dict_keys(['example_xcom']) retrieved from /home/airflow/.local/lib/python3.7/site-packages/airflow/example_dags/example_xcom.py
[2022-08-04 05:45:40,022] {logging_mixin.py:115} INFO - [2022-08-04 05:45:40,022] {dag.py:2420} INFO - Sync 1 DAGs
[2022-08-04 05:45:40,054] {logging_mixin.py:115} INFO - [2022-08-04 05:45:40,053] {dag.py:2972} INFO - Setting next_dagrun for example_xcom to 2021-01-01T00:00:00+00:00, run_after=2021-01-01T00:00:00+00:00
[2022-08-04 05:45:40,082] {processor.py:161} INFO - Processing /home/airflow/.local/lib/python3.7/site-packages/airflow/example_dags/example_xcom.py took 0.173 seconds
[2022-08-04 05:46:10,251] {processor.py:153} INFO - Started process (PID=5998) to work on /home/airflow/.local/lib/python3.7/site-packages/airflow/example_dags/example_xcom.py
[2022-08-04 05:46:10,251] {processor.py:641} INFO - Processing file /home/airflow/.local/lib/python3.7/site-packages/airflow/example_dags/example_xcom.py for tasks to queue
[2022-08-04 05:46:10,252] {logging_mixin.py:115} INFO - [2022-08-04 05:46:10,252] {dagbag.py:508} INFO - Filling up the DagBag from /home/airflow/.local/lib/python3.7/site-packages/airflow/example_dags/example_xcom.py
[2022-08-04 05:46:10,273] {processor.py:651} INFO - DAG(s) dict_keys(['example_xcom']) retrieved from /home/airflow/.local/lib/python3.7/site-packages/airflow/example_dags/example_xcom.py
[2022-08-04 05:46:10,355] {logging_mixin.py:115} INFO - [2022-08-04 05:46:10,355] {dag.py:2420} INFO - Sync 1 DAGs
[2022-08-04 05:46:10,380] {logging_mixin.py:115} INFO - [2022-08-04 05:46:10,380] {dag.py:2972} INFO - Setting next_dagrun for example_xcom to 2021-01-01T00:00:00+00:00, run_after=2021-01-01T00:00:00+00:00
[2022-08-04 05:46:10,406] {processor.py:161} INFO - Processing /home/airflow/.local/lib/python3.7/site-packages/airflow/example_dags/example_xcom.py took 0.159 seconds
[2022-08-04 05:46:40,457] {processor.py:153} INFO - Started process (PID=6200) to work on /home/airflow/.local/lib/python3.7/site-packages/airflow/example_dags/example_xcom.py
[2022-08-04 05:46:40,458] {processor.py:641} INFO - Processing file /home/airflow/.local/lib/python3.7/site-packages/airflow/example_dags/example_xcom.py for tasks to queue
[2022-08-04 05:46:40,460] {logging_mixin.py:115} INFO - [2022-08-04 05:46:40,459] {dagbag.py:508} INFO - Filling up the DagBag from /home/airflow/.local/lib/python3.7/site-packages/airflow/example_dags/example_xcom.py
[2022-08-04 05:46:40,483] {processor.py:651} INFO - DAG(s) dict_keys(['example_xcom']) retrieved from /home/airflow/.local/lib/python3.7/site-packages/airflow/example_dags/example_xcom.py
[2022-08-04 05:46:40,575] {logging_mixin.py:115} INFO - [2022-08-04 05:46:40,575] {dag.py:2420} INFO - Sync 1 DAGs
[2022-08-04 05:46:40,604] {logging_mixin.py:115} INFO - [2022-08-04 05:46:40,604] {dag.py:2972} INFO - Setting next_dagrun for example_xcom to 2021-01-01T00:00:00+00:00, run_after=2021-01-01T00:00:00+00:00
[2022-08-04 05:46:40,625] {processor.py:161} INFO - Processing /home/airflow/.local/lib/python3.7/site-packages/airflow/example_dags/example_xcom.py took 0.171 seconds
[2022-08-04 05:47:10,702] {processor.py:153} INFO - Started process (PID=6397) to work on /home/airflow/.local/lib/python3.7/site-packages/airflow/example_dags/example_xcom.py
[2022-08-04 05:47:10,703] {processor.py:641} INFO - Processing file /home/airflow/.local/lib/python3.7/site-packages/airflow/example_dags/example_xcom.py for tasks to queue
[2022-08-04 05:47:10,704] {logging_mixin.py:115} INFO - [2022-08-04 05:47:10,703] {dagbag.py:508} INFO - Filling up the DagBag from /home/airflow/.local/lib/python3.7/site-packages/airflow/example_dags/example_xcom.py
[2022-08-04 05:47:10,725] {processor.py:651} INFO - DAG(s) dict_keys(['example_xcom']) retrieved from /home/airflow/.local/lib/python3.7/site-packages/airflow/example_dags/example_xcom.py
[2022-08-04 05:47:10,807] {logging_mixin.py:115} INFO - [2022-08-04 05:47:10,807] {dag.py:2420} INFO - Sync 1 DAGs
[2022-08-04 05:47:10,831] {logging_mixin.py:115} INFO - [2022-08-04 05:47:10,831] {dag.py:2972} INFO - Setting next_dagrun for example_xcom to 2021-01-01T00:00:00+00:00, run_after=2021-01-01T00:00:00+00:00
[2022-08-04 05:47:10,860] {processor.py:161} INFO - Processing /home/airflow/.local/lib/python3.7/site-packages/airflow/example_dags/example_xcom.py took 0.162 seconds
[2022-08-04 05:47:41,060] {processor.py:153} INFO - Started process (PID=6596) to work on /home/airflow/.local/lib/python3.7/site-packages/airflow/example_dags/example_xcom.py
[2022-08-04 05:47:41,061] {processor.py:641} INFO - Processing file /home/airflow/.local/lib/python3.7/site-packages/airflow/example_dags/example_xcom.py for tasks to queue
[2022-08-04 05:47:41,064] {logging_mixin.py:115} INFO - [2022-08-04 05:47:41,063] {dagbag.py:508} INFO - Filling up the DagBag from /home/airflow/.local/lib/python3.7/site-packages/airflow/example_dags/example_xcom.py
[2022-08-04 05:47:41,102] {processor.py:651} INFO - DAG(s) dict_keys(['example_xcom']) retrieved from /home/airflow/.local/lib/python3.7/site-packages/airflow/example_dags/example_xcom.py
[2022-08-04 05:47:41,220] {logging_mixin.py:115} INFO - [2022-08-04 05:47:41,219] {dag.py:2420} INFO - Sync 1 DAGs
[2022-08-04 05:47:41,255] {logging_mixin.py:115} INFO - [2022-08-04 05:47:41,255] {dag.py:2972} INFO - Setting next_dagrun for example_xcom to 2021-01-01T00:00:00+00:00, run_after=2021-01-01T00:00:00+00:00
[2022-08-04 05:47:41,279] {processor.py:161} INFO - Processing /home/airflow/.local/lib/python3.7/site-packages/airflow/example_dags/example_xcom.py took 0.226 seconds
[2022-08-04 05:48:11,524] {processor.py:153} INFO - Started process (PID=6794) to work on /home/airflow/.local/lib/python3.7/site-packages/airflow/example_dags/example_xcom.py
[2022-08-04 05:48:11,525] {processor.py:641} INFO - Processing file /home/airflow/.local/lib/python3.7/site-packages/airflow/example_dags/example_xcom.py for tasks to queue
[2022-08-04 05:48:11,526] {logging_mixin.py:115} INFO - [2022-08-04 05:48:11,526] {dagbag.py:508} INFO - Filling up the DagBag from /home/airflow/.local/lib/python3.7/site-packages/airflow/example_dags/example_xcom.py
[2022-08-04 05:48:11,551] {processor.py:651} INFO - DAG(s) dict_keys(['example_xcom']) retrieved from /home/airflow/.local/lib/python3.7/site-packages/airflow/example_dags/example_xcom.py
[2022-08-04 05:48:11,585] {logging_mixin.py:115} INFO - [2022-08-04 05:48:11,585] {dag.py:2420} INFO - Sync 1 DAGs
[2022-08-04 05:48:11,618] {logging_mixin.py:115} INFO - [2022-08-04 05:48:11,618] {dag.py:2972} INFO - Setting next_dagrun for example_xcom to 2021-01-01T00:00:00+00:00, run_after=2021-01-01T00:00:00+00:00
[2022-08-04 05:48:11,636] {processor.py:161} INFO - Processing /home/airflow/.local/lib/python3.7/site-packages/airflow/example_dags/example_xcom.py took 0.117 seconds
