[2022-08-04 01:05:52,978] {processor.py:153} INFO - Started process (PID=26415) to work on /home/airflow/.local/lib/python3.7/site-packages/airflow/example_dags/example_bash_operator.py
[2022-08-04 01:05:52,982] {processor.py:641} INFO - Processing file /home/airflow/.local/lib/python3.7/site-packages/airflow/example_dags/example_bash_operator.py for tasks to queue
[2022-08-04 01:05:52,984] {logging_mixin.py:115} INFO - [2022-08-04 01:05:52,984] {dagbag.py:508} INFO - Filling up the DagBag from /home/airflow/.local/lib/python3.7/site-packages/airflow/example_dags/example_bash_operator.py
[2022-08-04 01:05:53,030] {processor.py:651} INFO - DAG(s) dict_keys(['example_bash_operator']) retrieved from /home/airflow/.local/lib/python3.7/site-packages/airflow/example_dags/example_bash_operator.py
[2022-08-04 01:05:53,137] {logging_mixin.py:115} INFO - [2022-08-04 01:05:53,136] {dag.py:2420} INFO - Sync 1 DAGs
[2022-08-04 01:05:53,240] {logging_mixin.py:115} INFO - [2022-08-04 01:05:53,239] {dag.py:2972} INFO - Setting next_dagrun for example_bash_operator to 2022-08-03T00:00:00+00:00, run_after=2022-08-04T00:00:00+00:00
[2022-08-04 01:05:53,272] {processor.py:161} INFO - Processing /home/airflow/.local/lib/python3.7/site-packages/airflow/example_dags/example_bash_operator.py took 0.304 seconds
[2022-08-04 01:06:23,325] {processor.py:153} INFO - Started process (PID=26625) to work on /home/airflow/.local/lib/python3.7/site-packages/airflow/example_dags/example_bash_operator.py
[2022-08-04 01:06:23,326] {processor.py:641} INFO - Processing file /home/airflow/.local/lib/python3.7/site-packages/airflow/example_dags/example_bash_operator.py for tasks to queue
[2022-08-04 01:06:23,327] {logging_mixin.py:115} INFO - [2022-08-04 01:06:23,327] {dagbag.py:508} INFO - Filling up the DagBag from /home/airflow/.local/lib/python3.7/site-packages/airflow/example_dags/example_bash_operator.py
[2022-08-04 01:06:23,336] {processor.py:651} INFO - DAG(s) dict_keys(['example_bash_operator']) retrieved from /home/airflow/.local/lib/python3.7/site-packages/airflow/example_dags/example_bash_operator.py
[2022-08-04 01:06:23,359] {logging_mixin.py:115} INFO - [2022-08-04 01:06:23,359] {dag.py:2420} INFO - Sync 1 DAGs
[2022-08-04 01:06:23,383] {logging_mixin.py:115} INFO - [2022-08-04 01:06:23,382] {dag.py:2972} INFO - Setting next_dagrun for example_bash_operator to 2022-08-03T00:00:00+00:00, run_after=2022-08-04T00:00:00+00:00
[2022-08-04 01:06:23,395] {processor.py:161} INFO - Processing /home/airflow/.local/lib/python3.7/site-packages/airflow/example_dags/example_bash_operator.py took 0.072 seconds
[2022-08-04 01:06:53,855] {processor.py:153} INFO - Started process (PID=26829) to work on /home/airflow/.local/lib/python3.7/site-packages/airflow/example_dags/example_bash_operator.py
[2022-08-04 01:06:53,856] {processor.py:641} INFO - Processing file /home/airflow/.local/lib/python3.7/site-packages/airflow/example_dags/example_bash_operator.py for tasks to queue
[2022-08-04 01:06:53,857] {logging_mixin.py:115} INFO - [2022-08-04 01:06:53,857] {dagbag.py:508} INFO - Filling up the DagBag from /home/airflow/.local/lib/python3.7/site-packages/airflow/example_dags/example_bash_operator.py
[2022-08-04 01:06:53,869] {processor.py:651} INFO - DAG(s) dict_keys(['example_bash_operator']) retrieved from /home/airflow/.local/lib/python3.7/site-packages/airflow/example_dags/example_bash_operator.py
[2022-08-04 01:06:53,899] {logging_mixin.py:115} INFO - [2022-08-04 01:06:53,899] {dag.py:2420} INFO - Sync 1 DAGs
[2022-08-04 01:06:53,927] {logging_mixin.py:115} INFO - [2022-08-04 01:06:53,927] {dag.py:2972} INFO - Setting next_dagrun for example_bash_operator to 2022-08-03T00:00:00+00:00, run_after=2022-08-04T00:00:00+00:00
[2022-08-04 01:06:53,944] {processor.py:161} INFO - Processing /home/airflow/.local/lib/python3.7/site-packages/airflow/example_dags/example_bash_operator.py took 0.092 seconds
[2022-08-04 01:07:24,537] {processor.py:153} INFO - Started process (PID=27023) to work on /home/airflow/.local/lib/python3.7/site-packages/airflow/example_dags/example_bash_operator.py
[2022-08-04 01:07:24,538] {processor.py:641} INFO - Processing file /home/airflow/.local/lib/python3.7/site-packages/airflow/example_dags/example_bash_operator.py for tasks to queue
[2022-08-04 01:07:24,538] {logging_mixin.py:115} INFO - [2022-08-04 01:07:24,538] {dagbag.py:508} INFO - Filling up the DagBag from /home/airflow/.local/lib/python3.7/site-packages/airflow/example_dags/example_bash_operator.py
[2022-08-04 01:07:24,552] {processor.py:651} INFO - DAG(s) dict_keys(['example_bash_operator']) retrieved from /home/airflow/.local/lib/python3.7/site-packages/airflow/example_dags/example_bash_operator.py
[2022-08-04 01:07:24,593] {logging_mixin.py:115} INFO - [2022-08-04 01:07:24,593] {dag.py:2420} INFO - Sync 1 DAGs
[2022-08-04 01:07:24,635] {logging_mixin.py:115} INFO - [2022-08-04 01:07:24,635] {dag.py:2972} INFO - Setting next_dagrun for example_bash_operator to 2022-08-03T00:00:00+00:00, run_after=2022-08-04T00:00:00+00:00
[2022-08-04 01:07:24,662] {processor.py:161} INFO - Processing /home/airflow/.local/lib/python3.7/site-packages/airflow/example_dags/example_bash_operator.py took 0.129 seconds
[2022-08-04 01:07:55,295] {processor.py:153} INFO - Started process (PID=27226) to work on /home/airflow/.local/lib/python3.7/site-packages/airflow/example_dags/example_bash_operator.py
[2022-08-04 01:07:55,296] {processor.py:641} INFO - Processing file /home/airflow/.local/lib/python3.7/site-packages/airflow/example_dags/example_bash_operator.py for tasks to queue
[2022-08-04 01:07:55,296] {logging_mixin.py:115} INFO - [2022-08-04 01:07:55,296] {dagbag.py:508} INFO - Filling up the DagBag from /home/airflow/.local/lib/python3.7/site-packages/airflow/example_dags/example_bash_operator.py
[2022-08-04 01:07:55,312] {processor.py:651} INFO - DAG(s) dict_keys(['example_bash_operator']) retrieved from /home/airflow/.local/lib/python3.7/site-packages/airflow/example_dags/example_bash_operator.py
[2022-08-04 01:07:55,343] {logging_mixin.py:115} INFO - [2022-08-04 01:07:55,343] {dag.py:2420} INFO - Sync 1 DAGs
[2022-08-04 01:07:55,376] {logging_mixin.py:115} INFO - [2022-08-04 01:07:55,376] {dag.py:2972} INFO - Setting next_dagrun for example_bash_operator to 2022-08-03T00:00:00+00:00, run_after=2022-08-04T00:00:00+00:00
[2022-08-04 01:07:55,392] {processor.py:161} INFO - Processing /home/airflow/.local/lib/python3.7/site-packages/airflow/example_dags/example_bash_operator.py took 0.101 seconds
[2022-08-04 01:08:26,488] {processor.py:153} INFO - Started process (PID=27432) to work on /home/airflow/.local/lib/python3.7/site-packages/airflow/example_dags/example_bash_operator.py
[2022-08-04 01:08:26,489] {processor.py:641} INFO - Processing file /home/airflow/.local/lib/python3.7/site-packages/airflow/example_dags/example_bash_operator.py for tasks to queue
[2022-08-04 01:08:26,490] {logging_mixin.py:115} INFO - [2022-08-04 01:08:26,490] {dagbag.py:508} INFO - Filling up the DagBag from /home/airflow/.local/lib/python3.7/site-packages/airflow/example_dags/example_bash_operator.py
[2022-08-04 01:08:26,503] {processor.py:651} INFO - DAG(s) dict_keys(['example_bash_operator']) retrieved from /home/airflow/.local/lib/python3.7/site-packages/airflow/example_dags/example_bash_operator.py
[2022-08-04 01:08:26,540] {logging_mixin.py:115} INFO - [2022-08-04 01:08:26,540] {dag.py:2420} INFO - Sync 1 DAGs
[2022-08-04 01:08:26,579] {logging_mixin.py:115} INFO - [2022-08-04 01:08:26,579] {dag.py:2972} INFO - Setting next_dagrun for example_bash_operator to 2022-08-03T00:00:00+00:00, run_after=2022-08-04T00:00:00+00:00
[2022-08-04 01:08:26,609] {processor.py:161} INFO - Processing /home/airflow/.local/lib/python3.7/site-packages/airflow/example_dags/example_bash_operator.py took 0.125 seconds
[2022-08-04 01:08:56,745] {processor.py:153} INFO - Started process (PID=27626) to work on /home/airflow/.local/lib/python3.7/site-packages/airflow/example_dags/example_bash_operator.py
[2022-08-04 01:08:56,746] {processor.py:641} INFO - Processing file /home/airflow/.local/lib/python3.7/site-packages/airflow/example_dags/example_bash_operator.py for tasks to queue
[2022-08-04 01:08:56,747] {logging_mixin.py:115} INFO - [2022-08-04 01:08:56,747] {dagbag.py:508} INFO - Filling up the DagBag from /home/airflow/.local/lib/python3.7/site-packages/airflow/example_dags/example_bash_operator.py
[2022-08-04 01:08:56,760] {processor.py:651} INFO - DAG(s) dict_keys(['example_bash_operator']) retrieved from /home/airflow/.local/lib/python3.7/site-packages/airflow/example_dags/example_bash_operator.py
[2022-08-04 01:08:56,791] {logging_mixin.py:115} INFO - [2022-08-04 01:08:56,791] {dag.py:2420} INFO - Sync 1 DAGs
[2022-08-04 01:08:56,819] {logging_mixin.py:115} INFO - [2022-08-04 01:08:56,819] {dag.py:2972} INFO - Setting next_dagrun for example_bash_operator to 2022-08-03T00:00:00+00:00, run_after=2022-08-04T00:00:00+00:00
[2022-08-04 01:08:56,846] {processor.py:161} INFO - Processing /home/airflow/.local/lib/python3.7/site-packages/airflow/example_dags/example_bash_operator.py took 0.104 seconds
[2022-08-04 01:09:27,529] {processor.py:153} INFO - Started process (PID=27829) to work on /home/airflow/.local/lib/python3.7/site-packages/airflow/example_dags/example_bash_operator.py
[2022-08-04 01:09:27,530] {processor.py:641} INFO - Processing file /home/airflow/.local/lib/python3.7/site-packages/airflow/example_dags/example_bash_operator.py for tasks to queue
[2022-08-04 01:09:27,531] {logging_mixin.py:115} INFO - [2022-08-04 01:09:27,531] {dagbag.py:508} INFO - Filling up the DagBag from /home/airflow/.local/lib/python3.7/site-packages/airflow/example_dags/example_bash_operator.py
[2022-08-04 01:09:27,546] {processor.py:651} INFO - DAG(s) dict_keys(['example_bash_operator']) retrieved from /home/airflow/.local/lib/python3.7/site-packages/airflow/example_dags/example_bash_operator.py
[2022-08-04 01:09:27,576] {logging_mixin.py:115} INFO - [2022-08-04 01:09:27,576] {dag.py:2420} INFO - Sync 1 DAGs
[2022-08-04 01:09:27,610] {logging_mixin.py:115} INFO - [2022-08-04 01:09:27,610] {dag.py:2972} INFO - Setting next_dagrun for example_bash_operator to 2022-08-03T00:00:00+00:00, run_after=2022-08-04T00:00:00+00:00
[2022-08-04 01:09:27,634] {processor.py:161} INFO - Processing /home/airflow/.local/lib/python3.7/site-packages/airflow/example_dags/example_bash_operator.py took 0.108 seconds
[2022-08-04 01:09:58,136] {processor.py:153} INFO - Started process (PID=28023) to work on /home/airflow/.local/lib/python3.7/site-packages/airflow/example_dags/example_bash_operator.py
[2022-08-04 01:09:58,137] {processor.py:641} INFO - Processing file /home/airflow/.local/lib/python3.7/site-packages/airflow/example_dags/example_bash_operator.py for tasks to queue
[2022-08-04 01:09:58,138] {logging_mixin.py:115} INFO - [2022-08-04 01:09:58,138] {dagbag.py:508} INFO - Filling up the DagBag from /home/airflow/.local/lib/python3.7/site-packages/airflow/example_dags/example_bash_operator.py
[2022-08-04 01:09:58,157] {processor.py:651} INFO - DAG(s) dict_keys(['example_bash_operator']) retrieved from /home/airflow/.local/lib/python3.7/site-packages/airflow/example_dags/example_bash_operator.py
[2022-08-04 01:09:58,195] {logging_mixin.py:115} INFO - [2022-08-04 01:09:58,195] {dag.py:2420} INFO - Sync 1 DAGs
[2022-08-04 01:09:58,228] {logging_mixin.py:115} INFO - [2022-08-04 01:09:58,228] {dag.py:2972} INFO - Setting next_dagrun for example_bash_operator to 2022-08-03T00:00:00+00:00, run_after=2022-08-04T00:00:00+00:00
[2022-08-04 01:09:58,255] {processor.py:161} INFO - Processing /home/airflow/.local/lib/python3.7/site-packages/airflow/example_dags/example_bash_operator.py took 0.123 seconds
[2022-08-04 01:10:28,604] {processor.py:153} INFO - Started process (PID=28226) to work on /home/airflow/.local/lib/python3.7/site-packages/airflow/example_dags/example_bash_operator.py
[2022-08-04 01:10:28,605] {processor.py:641} INFO - Processing file /home/airflow/.local/lib/python3.7/site-packages/airflow/example_dags/example_bash_operator.py for tasks to queue
[2022-08-04 01:10:28,606] {logging_mixin.py:115} INFO - [2022-08-04 01:10:28,606] {dagbag.py:508} INFO - Filling up the DagBag from /home/airflow/.local/lib/python3.7/site-packages/airflow/example_dags/example_bash_operator.py
[2022-08-04 01:10:28,617] {processor.py:651} INFO - DAG(s) dict_keys(['example_bash_operator']) retrieved from /home/airflow/.local/lib/python3.7/site-packages/airflow/example_dags/example_bash_operator.py
[2022-08-04 01:10:28,644] {logging_mixin.py:115} INFO - [2022-08-04 01:10:28,644] {dag.py:2420} INFO - Sync 1 DAGs
[2022-08-04 01:10:28,669] {logging_mixin.py:115} INFO - [2022-08-04 01:10:28,669] {dag.py:2972} INFO - Setting next_dagrun for example_bash_operator to 2022-08-03T00:00:00+00:00, run_after=2022-08-04T00:00:00+00:00
[2022-08-04 01:10:28,692] {processor.py:161} INFO - Processing /home/airflow/.local/lib/python3.7/site-packages/airflow/example_dags/example_bash_operator.py took 0.091 seconds
[2022-08-04 01:10:58,892] {processor.py:153} INFO - Started process (PID=28418) to work on /home/airflow/.local/lib/python3.7/site-packages/airflow/example_dags/example_bash_operator.py
[2022-08-04 01:10:58,893] {processor.py:641} INFO - Processing file /home/airflow/.local/lib/python3.7/site-packages/airflow/example_dags/example_bash_operator.py for tasks to queue
[2022-08-04 01:10:58,894] {logging_mixin.py:115} INFO - [2022-08-04 01:10:58,894] {dagbag.py:508} INFO - Filling up the DagBag from /home/airflow/.local/lib/python3.7/site-packages/airflow/example_dags/example_bash_operator.py
[2022-08-04 01:10:58,908] {processor.py:651} INFO - DAG(s) dict_keys(['example_bash_operator']) retrieved from /home/airflow/.local/lib/python3.7/site-packages/airflow/example_dags/example_bash_operator.py
[2022-08-04 01:10:58,939] {logging_mixin.py:115} INFO - [2022-08-04 01:10:58,939] {dag.py:2420} INFO - Sync 1 DAGs
[2022-08-04 01:10:58,970] {logging_mixin.py:115} INFO - [2022-08-04 01:10:58,970] {dag.py:2972} INFO - Setting next_dagrun for example_bash_operator to 2022-08-03T00:00:00+00:00, run_after=2022-08-04T00:00:00+00:00
[2022-08-04 01:10:58,987] {processor.py:161} INFO - Processing /home/airflow/.local/lib/python3.7/site-packages/airflow/example_dags/example_bash_operator.py took 0.099 seconds
[2022-08-04 01:11:29,332] {processor.py:153} INFO - Started process (PID=28623) to work on /home/airflow/.local/lib/python3.7/site-packages/airflow/example_dags/example_bash_operator.py
[2022-08-04 01:11:29,332] {processor.py:641} INFO - Processing file /home/airflow/.local/lib/python3.7/site-packages/airflow/example_dags/example_bash_operator.py for tasks to queue
[2022-08-04 01:11:29,333] {logging_mixin.py:115} INFO - [2022-08-04 01:11:29,333] {dagbag.py:508} INFO - Filling up the DagBag from /home/airflow/.local/lib/python3.7/site-packages/airflow/example_dags/example_bash_operator.py
[2022-08-04 01:11:29,346] {processor.py:651} INFO - DAG(s) dict_keys(['example_bash_operator']) retrieved from /home/airflow/.local/lib/python3.7/site-packages/airflow/example_dags/example_bash_operator.py
[2022-08-04 01:11:29,375] {logging_mixin.py:115} INFO - [2022-08-04 01:11:29,375] {dag.py:2420} INFO - Sync 1 DAGs
[2022-08-04 01:11:29,404] {logging_mixin.py:115} INFO - [2022-08-04 01:11:29,404] {dag.py:2972} INFO - Setting next_dagrun for example_bash_operator to 2022-08-03T00:00:00+00:00, run_after=2022-08-04T00:00:00+00:00
[2022-08-04 01:11:29,420] {processor.py:161} INFO - Processing /home/airflow/.local/lib/python3.7/site-packages/airflow/example_dags/example_bash_operator.py took 0.091 seconds
[2022-08-04 01:11:59,912] {processor.py:153} INFO - Started process (PID=28817) to work on /home/airflow/.local/lib/python3.7/site-packages/airflow/example_dags/example_bash_operator.py
[2022-08-04 01:11:59,913] {processor.py:641} INFO - Processing file /home/airflow/.local/lib/python3.7/site-packages/airflow/example_dags/example_bash_operator.py for tasks to queue
[2022-08-04 01:11:59,914] {logging_mixin.py:115} INFO - [2022-08-04 01:11:59,914] {dagbag.py:508} INFO - Filling up the DagBag from /home/airflow/.local/lib/python3.7/site-packages/airflow/example_dags/example_bash_operator.py
[2022-08-04 01:11:59,930] {processor.py:651} INFO - DAG(s) dict_keys(['example_bash_operator']) retrieved from /home/airflow/.local/lib/python3.7/site-packages/airflow/example_dags/example_bash_operator.py
[2022-08-04 01:11:59,968] {logging_mixin.py:115} INFO - [2022-08-04 01:11:59,967] {dag.py:2420} INFO - Sync 1 DAGs
[2022-08-04 01:11:59,998] {logging_mixin.py:115} INFO - [2022-08-04 01:11:59,997] {dag.py:2972} INFO - Setting next_dagrun for example_bash_operator to 2022-08-03T00:00:00+00:00, run_after=2022-08-04T00:00:00+00:00
[2022-08-04 01:12:00,027] {processor.py:161} INFO - Processing /home/airflow/.local/lib/python3.7/site-packages/airflow/example_dags/example_bash_operator.py took 0.119 seconds
[2022-08-04 01:12:30,272] {processor.py:153} INFO - Started process (PID=29018) to work on /home/airflow/.local/lib/python3.7/site-packages/airflow/example_dags/example_bash_operator.py
[2022-08-04 01:12:30,273] {processor.py:641} INFO - Processing file /home/airflow/.local/lib/python3.7/site-packages/airflow/example_dags/example_bash_operator.py for tasks to queue
[2022-08-04 01:12:30,275] {logging_mixin.py:115} INFO - [2022-08-04 01:12:30,275] {dagbag.py:508} INFO - Filling up the DagBag from /home/airflow/.local/lib/python3.7/site-packages/airflow/example_dags/example_bash_operator.py
[2022-08-04 01:12:30,290] {processor.py:651} INFO - DAG(s) dict_keys(['example_bash_operator']) retrieved from /home/airflow/.local/lib/python3.7/site-packages/airflow/example_dags/example_bash_operator.py
[2022-08-04 01:12:30,318] {logging_mixin.py:115} INFO - [2022-08-04 01:12:30,318] {dag.py:2420} INFO - Sync 1 DAGs
[2022-08-04 01:12:30,349] {logging_mixin.py:115} INFO - [2022-08-04 01:12:30,348] {dag.py:2972} INFO - Setting next_dagrun for example_bash_operator to 2022-08-03T00:00:00+00:00, run_after=2022-08-04T00:00:00+00:00
[2022-08-04 01:12:30,364] {processor.py:161} INFO - Processing /home/airflow/.local/lib/python3.7/site-packages/airflow/example_dags/example_bash_operator.py took 0.095 seconds
[2022-08-04 01:13:01,320] {processor.py:153} INFO - Started process (PID=29212) to work on /home/airflow/.local/lib/python3.7/site-packages/airflow/example_dags/example_bash_operator.py
[2022-08-04 01:13:01,321] {processor.py:641} INFO - Processing file /home/airflow/.local/lib/python3.7/site-packages/airflow/example_dags/example_bash_operator.py for tasks to queue
[2022-08-04 01:13:01,321] {logging_mixin.py:115} INFO - [2022-08-04 01:13:01,321] {dagbag.py:508} INFO - Filling up the DagBag from /home/airflow/.local/lib/python3.7/site-packages/airflow/example_dags/example_bash_operator.py
[2022-08-04 01:13:01,335] {processor.py:651} INFO - DAG(s) dict_keys(['example_bash_operator']) retrieved from /home/airflow/.local/lib/python3.7/site-packages/airflow/example_dags/example_bash_operator.py
[2022-08-04 01:13:01,370] {logging_mixin.py:115} INFO - [2022-08-04 01:13:01,370] {dag.py:2420} INFO - Sync 1 DAGs
[2022-08-04 01:13:01,409] {logging_mixin.py:115} INFO - [2022-08-04 01:13:01,408] {dag.py:2972} INFO - Setting next_dagrun for example_bash_operator to 2022-08-03T00:00:00+00:00, run_after=2022-08-04T00:00:00+00:00
[2022-08-04 01:13:01,426] {processor.py:161} INFO - Processing /home/airflow/.local/lib/python3.7/site-packages/airflow/example_dags/example_bash_operator.py took 0.110 seconds
[2022-08-04 01:13:31,704] {processor.py:153} INFO - Started process (PID=29415) to work on /home/airflow/.local/lib/python3.7/site-packages/airflow/example_dags/example_bash_operator.py
[2022-08-04 01:13:31,705] {processor.py:641} INFO - Processing file /home/airflow/.local/lib/python3.7/site-packages/airflow/example_dags/example_bash_operator.py for tasks to queue
[2022-08-04 01:13:31,706] {logging_mixin.py:115} INFO - [2022-08-04 01:13:31,706] {dagbag.py:508} INFO - Filling up the DagBag from /home/airflow/.local/lib/python3.7/site-packages/airflow/example_dags/example_bash_operator.py
[2022-08-04 01:13:31,721] {processor.py:651} INFO - DAG(s) dict_keys(['example_bash_operator']) retrieved from /home/airflow/.local/lib/python3.7/site-packages/airflow/example_dags/example_bash_operator.py
[2022-08-04 01:13:31,753] {logging_mixin.py:115} INFO - [2022-08-04 01:13:31,753] {dag.py:2420} INFO - Sync 1 DAGs
[2022-08-04 01:13:31,787] {logging_mixin.py:115} INFO - [2022-08-04 01:13:31,787] {dag.py:2972} INFO - Setting next_dagrun for example_bash_operator to 2022-08-03T00:00:00+00:00, run_after=2022-08-04T00:00:00+00:00
[2022-08-04 01:13:31,813] {processor.py:161} INFO - Processing /home/airflow/.local/lib/python3.7/site-packages/airflow/example_dags/example_bash_operator.py took 0.112 seconds
[2022-08-04 01:14:02,093] {processor.py:153} INFO - Started process (PID=29609) to work on /home/airflow/.local/lib/python3.7/site-packages/airflow/example_dags/example_bash_operator.py
[2022-08-04 01:14:02,094] {processor.py:641} INFO - Processing file /home/airflow/.local/lib/python3.7/site-packages/airflow/example_dags/example_bash_operator.py for tasks to queue
[2022-08-04 01:14:02,095] {logging_mixin.py:115} INFO - [2022-08-04 01:14:02,094] {dagbag.py:508} INFO - Filling up the DagBag from /home/airflow/.local/lib/python3.7/site-packages/airflow/example_dags/example_bash_operator.py
[2022-08-04 01:14:02,108] {processor.py:651} INFO - DAG(s) dict_keys(['example_bash_operator']) retrieved from /home/airflow/.local/lib/python3.7/site-packages/airflow/example_dags/example_bash_operator.py
[2022-08-04 01:14:02,140] {logging_mixin.py:115} INFO - [2022-08-04 01:14:02,140] {dag.py:2420} INFO - Sync 1 DAGs
[2022-08-04 01:14:02,176] {logging_mixin.py:115} INFO - [2022-08-04 01:14:02,176] {dag.py:2972} INFO - Setting next_dagrun for example_bash_operator to 2022-08-03T00:00:00+00:00, run_after=2022-08-04T00:00:00+00:00
[2022-08-04 01:14:02,194] {processor.py:161} INFO - Processing /home/airflow/.local/lib/python3.7/site-packages/airflow/example_dags/example_bash_operator.py took 0.104 seconds
[2022-08-04 01:14:32,389] {processor.py:153} INFO - Started process (PID=29813) to work on /home/airflow/.local/lib/python3.7/site-packages/airflow/example_dags/example_bash_operator.py
[2022-08-04 01:14:32,390] {processor.py:641} INFO - Processing file /home/airflow/.local/lib/python3.7/site-packages/airflow/example_dags/example_bash_operator.py for tasks to queue
[2022-08-04 01:14:32,391] {logging_mixin.py:115} INFO - [2022-08-04 01:14:32,390] {dagbag.py:508} INFO - Filling up the DagBag from /home/airflow/.local/lib/python3.7/site-packages/airflow/example_dags/example_bash_operator.py
[2022-08-04 01:14:32,407] {processor.py:651} INFO - DAG(s) dict_keys(['example_bash_operator']) retrieved from /home/airflow/.local/lib/python3.7/site-packages/airflow/example_dags/example_bash_operator.py
[2022-08-04 01:14:32,442] {logging_mixin.py:115} INFO - [2022-08-04 01:14:32,442] {dag.py:2420} INFO - Sync 1 DAGs
[2022-08-04 01:14:32,480] {logging_mixin.py:115} INFO - [2022-08-04 01:14:32,480] {dag.py:2972} INFO - Setting next_dagrun for example_bash_operator to 2022-08-03T00:00:00+00:00, run_after=2022-08-04T00:00:00+00:00
[2022-08-04 01:14:32,497] {processor.py:161} INFO - Processing /home/airflow/.local/lib/python3.7/site-packages/airflow/example_dags/example_bash_operator.py took 0.112 seconds
[2022-08-04 01:15:02,606] {processor.py:153} INFO - Started process (PID=30007) to work on /home/airflow/.local/lib/python3.7/site-packages/airflow/example_dags/example_bash_operator.py
[2022-08-04 01:15:02,607] {processor.py:641} INFO - Processing file /home/airflow/.local/lib/python3.7/site-packages/airflow/example_dags/example_bash_operator.py for tasks to queue
[2022-08-04 01:15:02,608] {logging_mixin.py:115} INFO - [2022-08-04 01:15:02,608] {dagbag.py:508} INFO - Filling up the DagBag from /home/airflow/.local/lib/python3.7/site-packages/airflow/example_dags/example_bash_operator.py
[2022-08-04 01:15:02,621] {processor.py:651} INFO - DAG(s) dict_keys(['example_bash_operator']) retrieved from /home/airflow/.local/lib/python3.7/site-packages/airflow/example_dags/example_bash_operator.py
[2022-08-04 01:15:02,657] {logging_mixin.py:115} INFO - [2022-08-04 01:15:02,656] {dag.py:2420} INFO - Sync 1 DAGs
[2022-08-04 01:15:02,694] {logging_mixin.py:115} INFO - [2022-08-04 01:15:02,694] {dag.py:2972} INFO - Setting next_dagrun for example_bash_operator to 2022-08-03T00:00:00+00:00, run_after=2022-08-04T00:00:00+00:00
[2022-08-04 01:15:02,711] {processor.py:161} INFO - Processing /home/airflow/.local/lib/python3.7/site-packages/airflow/example_dags/example_bash_operator.py took 0.108 seconds
[2022-08-04 01:15:32,887] {processor.py:153} INFO - Started process (PID=30210) to work on /home/airflow/.local/lib/python3.7/site-packages/airflow/example_dags/example_bash_operator.py
[2022-08-04 01:15:32,888] {processor.py:641} INFO - Processing file /home/airflow/.local/lib/python3.7/site-packages/airflow/example_dags/example_bash_operator.py for tasks to queue
[2022-08-04 01:15:32,888] {logging_mixin.py:115} INFO - [2022-08-04 01:15:32,888] {dagbag.py:508} INFO - Filling up the DagBag from /home/airflow/.local/lib/python3.7/site-packages/airflow/example_dags/example_bash_operator.py
[2022-08-04 01:15:32,903] {processor.py:651} INFO - DAG(s) dict_keys(['example_bash_operator']) retrieved from /home/airflow/.local/lib/python3.7/site-packages/airflow/example_dags/example_bash_operator.py
[2022-08-04 01:15:32,935] {logging_mixin.py:115} INFO - [2022-08-04 01:15:32,935] {dag.py:2420} INFO - Sync 1 DAGs
[2022-08-04 01:15:32,976] {logging_mixin.py:115} INFO - [2022-08-04 01:15:32,976] {dag.py:2972} INFO - Setting next_dagrun for example_bash_operator to 2022-08-03T00:00:00+00:00, run_after=2022-08-04T00:00:00+00:00
[2022-08-04 01:15:33,000] {processor.py:161} INFO - Processing /home/airflow/.local/lib/python3.7/site-packages/airflow/example_dags/example_bash_operator.py took 0.118 seconds
[2022-08-04 01:16:03,198] {processor.py:153} INFO - Started process (PID=30404) to work on /home/airflow/.local/lib/python3.7/site-packages/airflow/example_dags/example_bash_operator.py
[2022-08-04 01:16:03,199] {processor.py:641} INFO - Processing file /home/airflow/.local/lib/python3.7/site-packages/airflow/example_dags/example_bash_operator.py for tasks to queue
[2022-08-04 01:16:03,200] {logging_mixin.py:115} INFO - [2022-08-04 01:16:03,200] {dagbag.py:508} INFO - Filling up the DagBag from /home/airflow/.local/lib/python3.7/site-packages/airflow/example_dags/example_bash_operator.py
[2022-08-04 01:16:03,216] {processor.py:651} INFO - DAG(s) dict_keys(['example_bash_operator']) retrieved from /home/airflow/.local/lib/python3.7/site-packages/airflow/example_dags/example_bash_operator.py
[2022-08-04 01:16:03,251] {logging_mixin.py:115} INFO - [2022-08-04 01:16:03,251] {dag.py:2420} INFO - Sync 1 DAGs
[2022-08-04 01:16:03,285] {logging_mixin.py:115} INFO - [2022-08-04 01:16:03,284] {dag.py:2972} INFO - Setting next_dagrun for example_bash_operator to 2022-08-03T00:00:00+00:00, run_after=2022-08-04T00:00:00+00:00
[2022-08-04 01:16:03,306] {processor.py:161} INFO - Processing /home/airflow/.local/lib/python3.7/site-packages/airflow/example_dags/example_bash_operator.py took 0.110 seconds
[2022-08-04 01:16:33,810] {processor.py:153} INFO - Started process (PID=30609) to work on /home/airflow/.local/lib/python3.7/site-packages/airflow/example_dags/example_bash_operator.py
[2022-08-04 01:16:33,812] {processor.py:641} INFO - Processing file /home/airflow/.local/lib/python3.7/site-packages/airflow/example_dags/example_bash_operator.py for tasks to queue
[2022-08-04 01:16:33,813] {logging_mixin.py:115} INFO - [2022-08-04 01:16:33,813] {dagbag.py:508} INFO - Filling up the DagBag from /home/airflow/.local/lib/python3.7/site-packages/airflow/example_dags/example_bash_operator.py
[2022-08-04 01:16:33,828] {processor.py:651} INFO - DAG(s) dict_keys(['example_bash_operator']) retrieved from /home/airflow/.local/lib/python3.7/site-packages/airflow/example_dags/example_bash_operator.py
[2022-08-04 01:16:33,872] {logging_mixin.py:115} INFO - [2022-08-04 01:16:33,872] {dag.py:2420} INFO - Sync 1 DAGs
[2022-08-04 01:16:33,901] {logging_mixin.py:115} INFO - [2022-08-04 01:16:33,901] {dag.py:2972} INFO - Setting next_dagrun for example_bash_operator to 2022-08-03T00:00:00+00:00, run_after=2022-08-04T00:00:00+00:00
[2022-08-04 01:16:33,919] {processor.py:161} INFO - Processing /home/airflow/.local/lib/python3.7/site-packages/airflow/example_dags/example_bash_operator.py took 0.112 seconds
[2022-08-04 01:17:04,020] {processor.py:153} INFO - Started process (PID=30803) to work on /home/airflow/.local/lib/python3.7/site-packages/airflow/example_dags/example_bash_operator.py
[2022-08-04 01:17:04,021] {processor.py:641} INFO - Processing file /home/airflow/.local/lib/python3.7/site-packages/airflow/example_dags/example_bash_operator.py for tasks to queue
[2022-08-04 01:17:04,022] {logging_mixin.py:115} INFO - [2022-08-04 01:17:04,021] {dagbag.py:508} INFO - Filling up the DagBag from /home/airflow/.local/lib/python3.7/site-packages/airflow/example_dags/example_bash_operator.py
[2022-08-04 01:17:04,035] {processor.py:651} INFO - DAG(s) dict_keys(['example_bash_operator']) retrieved from /home/airflow/.local/lib/python3.7/site-packages/airflow/example_dags/example_bash_operator.py
[2022-08-04 01:17:04,069] {logging_mixin.py:115} INFO - [2022-08-04 01:17:04,069] {dag.py:2420} INFO - Sync 1 DAGs
[2022-08-04 01:17:04,096] {logging_mixin.py:115} INFO - [2022-08-04 01:17:04,096] {dag.py:2972} INFO - Setting next_dagrun for example_bash_operator to 2022-08-03T00:00:00+00:00, run_after=2022-08-04T00:00:00+00:00
[2022-08-04 01:17:04,120] {processor.py:161} INFO - Processing /home/airflow/.local/lib/python3.7/site-packages/airflow/example_dags/example_bash_operator.py took 0.103 seconds
[2022-08-04 01:17:34,582] {processor.py:153} INFO - Started process (PID=31006) to work on /home/airflow/.local/lib/python3.7/site-packages/airflow/example_dags/example_bash_operator.py
[2022-08-04 01:17:34,583] {processor.py:641} INFO - Processing file /home/airflow/.local/lib/python3.7/site-packages/airflow/example_dags/example_bash_operator.py for tasks to queue
[2022-08-04 01:17:34,583] {logging_mixin.py:115} INFO - [2022-08-04 01:17:34,583] {dagbag.py:508} INFO - Filling up the DagBag from /home/airflow/.local/lib/python3.7/site-packages/airflow/example_dags/example_bash_operator.py
[2022-08-04 01:17:34,598] {processor.py:651} INFO - DAG(s) dict_keys(['example_bash_operator']) retrieved from /home/airflow/.local/lib/python3.7/site-packages/airflow/example_dags/example_bash_operator.py
[2022-08-04 01:17:34,630] {logging_mixin.py:115} INFO - [2022-08-04 01:17:34,630] {dag.py:2420} INFO - Sync 1 DAGs
[2022-08-04 01:17:34,657] {logging_mixin.py:115} INFO - [2022-08-04 01:17:34,657] {dag.py:2972} INFO - Setting next_dagrun for example_bash_operator to 2022-08-03T00:00:00+00:00, run_after=2022-08-04T00:00:00+00:00
[2022-08-04 01:17:34,676] {processor.py:161} INFO - Processing /home/airflow/.local/lib/python3.7/site-packages/airflow/example_dags/example_bash_operator.py took 0.098 seconds
[2022-08-04 01:18:04,823] {processor.py:153} INFO - Started process (PID=31200) to work on /home/airflow/.local/lib/python3.7/site-packages/airflow/example_dags/example_bash_operator.py
[2022-08-04 01:18:04,824] {processor.py:641} INFO - Processing file /home/airflow/.local/lib/python3.7/site-packages/airflow/example_dags/example_bash_operator.py for tasks to queue
[2022-08-04 01:18:04,825] {logging_mixin.py:115} INFO - [2022-08-04 01:18:04,825] {dagbag.py:508} INFO - Filling up the DagBag from /home/airflow/.local/lib/python3.7/site-packages/airflow/example_dags/example_bash_operator.py
[2022-08-04 01:18:04,839] {processor.py:651} INFO - DAG(s) dict_keys(['example_bash_operator']) retrieved from /home/airflow/.local/lib/python3.7/site-packages/airflow/example_dags/example_bash_operator.py
[2022-08-04 01:18:04,870] {logging_mixin.py:115} INFO - [2022-08-04 01:18:04,870] {dag.py:2420} INFO - Sync 1 DAGs
[2022-08-04 01:18:04,897] {logging_mixin.py:115} INFO - [2022-08-04 01:18:04,897] {dag.py:2972} INFO - Setting next_dagrun for example_bash_operator to 2022-08-03T00:00:00+00:00, run_after=2022-08-04T00:00:00+00:00
[2022-08-04 01:18:04,924] {processor.py:161} INFO - Processing /home/airflow/.local/lib/python3.7/site-packages/airflow/example_dags/example_bash_operator.py took 0.104 seconds
[2022-08-04 01:18:34,991] {processor.py:153} INFO - Started process (PID=31401) to work on /home/airflow/.local/lib/python3.7/site-packages/airflow/example_dags/example_bash_operator.py
[2022-08-04 01:18:34,992] {processor.py:641} INFO - Processing file /home/airflow/.local/lib/python3.7/site-packages/airflow/example_dags/example_bash_operator.py for tasks to queue
[2022-08-04 01:18:34,993] {logging_mixin.py:115} INFO - [2022-08-04 01:18:34,993] {dagbag.py:508} INFO - Filling up the DagBag from /home/airflow/.local/lib/python3.7/site-packages/airflow/example_dags/example_bash_operator.py
[2022-08-04 01:18:35,007] {processor.py:651} INFO - DAG(s) dict_keys(['example_bash_operator']) retrieved from /home/airflow/.local/lib/python3.7/site-packages/airflow/example_dags/example_bash_operator.py
[2022-08-04 01:18:35,043] {logging_mixin.py:115} INFO - [2022-08-04 01:18:35,042] {dag.py:2420} INFO - Sync 1 DAGs
[2022-08-04 01:18:35,071] {logging_mixin.py:115} INFO - [2022-08-04 01:18:35,071] {dag.py:2972} INFO - Setting next_dagrun for example_bash_operator to 2022-08-03T00:00:00+00:00, run_after=2022-08-04T00:00:00+00:00
[2022-08-04 01:18:35,091] {processor.py:161} INFO - Processing /home/airflow/.local/lib/python3.7/site-packages/airflow/example_dags/example_bash_operator.py took 0.103 seconds
[2022-08-04 01:19:05,228] {processor.py:153} INFO - Started process (PID=31595) to work on /home/airflow/.local/lib/python3.7/site-packages/airflow/example_dags/example_bash_operator.py
[2022-08-04 01:19:05,229] {processor.py:641} INFO - Processing file /home/airflow/.local/lib/python3.7/site-packages/airflow/example_dags/example_bash_operator.py for tasks to queue
[2022-08-04 01:19:05,230] {logging_mixin.py:115} INFO - [2022-08-04 01:19:05,230] {dagbag.py:508} INFO - Filling up the DagBag from /home/airflow/.local/lib/python3.7/site-packages/airflow/example_dags/example_bash_operator.py
[2022-08-04 01:19:05,243] {processor.py:651} INFO - DAG(s) dict_keys(['example_bash_operator']) retrieved from /home/airflow/.local/lib/python3.7/site-packages/airflow/example_dags/example_bash_operator.py
[2022-08-04 01:19:05,274] {logging_mixin.py:115} INFO - [2022-08-04 01:19:05,274] {dag.py:2420} INFO - Sync 1 DAGs
[2022-08-04 01:19:05,307] {logging_mixin.py:115} INFO - [2022-08-04 01:19:05,307] {dag.py:2972} INFO - Setting next_dagrun for example_bash_operator to 2022-08-03T00:00:00+00:00, run_after=2022-08-04T00:00:00+00:00
[2022-08-04 01:19:05,332] {processor.py:161} INFO - Processing /home/airflow/.local/lib/python3.7/site-packages/airflow/example_dags/example_bash_operator.py took 0.108 seconds
[2022-08-04 01:19:35,389] {processor.py:153} INFO - Started process (PID=31798) to work on /home/airflow/.local/lib/python3.7/site-packages/airflow/example_dags/example_bash_operator.py
[2022-08-04 01:19:35,389] {processor.py:641} INFO - Processing file /home/airflow/.local/lib/python3.7/site-packages/airflow/example_dags/example_bash_operator.py for tasks to queue
[2022-08-04 01:19:35,391] {logging_mixin.py:115} INFO - [2022-08-04 01:19:35,390] {dagbag.py:508} INFO - Filling up the DagBag from /home/airflow/.local/lib/python3.7/site-packages/airflow/example_dags/example_bash_operator.py
[2022-08-04 01:19:35,404] {processor.py:651} INFO - DAG(s) dict_keys(['example_bash_operator']) retrieved from /home/airflow/.local/lib/python3.7/site-packages/airflow/example_dags/example_bash_operator.py
[2022-08-04 01:19:35,435] {logging_mixin.py:115} INFO - [2022-08-04 01:19:35,435] {dag.py:2420} INFO - Sync 1 DAGs
[2022-08-04 01:19:35,464] {logging_mixin.py:115} INFO - [2022-08-04 01:19:35,464] {dag.py:2972} INFO - Setting next_dagrun for example_bash_operator to 2022-08-03T00:00:00+00:00, run_after=2022-08-04T00:00:00+00:00
[2022-08-04 01:19:35,490] {processor.py:161} INFO - Processing /home/airflow/.local/lib/python3.7/site-packages/airflow/example_dags/example_bash_operator.py took 0.105 seconds
[2022-08-04 01:20:05,785] {processor.py:153} INFO - Started process (PID=31992) to work on /home/airflow/.local/lib/python3.7/site-packages/airflow/example_dags/example_bash_operator.py
[2022-08-04 01:20:05,786] {processor.py:641} INFO - Processing file /home/airflow/.local/lib/python3.7/site-packages/airflow/example_dags/example_bash_operator.py for tasks to queue
[2022-08-04 01:20:05,787] {logging_mixin.py:115} INFO - [2022-08-04 01:20:05,787] {dagbag.py:508} INFO - Filling up the DagBag from /home/airflow/.local/lib/python3.7/site-packages/airflow/example_dags/example_bash_operator.py
[2022-08-04 01:20:05,800] {processor.py:651} INFO - DAG(s) dict_keys(['example_bash_operator']) retrieved from /home/airflow/.local/lib/python3.7/site-packages/airflow/example_dags/example_bash_operator.py
[2022-08-04 01:20:05,833] {logging_mixin.py:115} INFO - [2022-08-04 01:20:05,833] {dag.py:2420} INFO - Sync 1 DAGs
[2022-08-04 01:20:05,866] {logging_mixin.py:115} INFO - [2022-08-04 01:20:05,866] {dag.py:2972} INFO - Setting next_dagrun for example_bash_operator to 2022-08-03T00:00:00+00:00, run_after=2022-08-04T00:00:00+00:00
[2022-08-04 01:20:05,893] {processor.py:161} INFO - Processing /home/airflow/.local/lib/python3.7/site-packages/airflow/example_dags/example_bash_operator.py took 0.111 seconds
[2022-08-04 01:20:36,057] {processor.py:153} INFO - Started process (PID=32195) to work on /home/airflow/.local/lib/python3.7/site-packages/airflow/example_dags/example_bash_operator.py
[2022-08-04 01:20:36,057] {processor.py:641} INFO - Processing file /home/airflow/.local/lib/python3.7/site-packages/airflow/example_dags/example_bash_operator.py for tasks to queue
[2022-08-04 01:20:36,058] {logging_mixin.py:115} INFO - [2022-08-04 01:20:36,058] {dagbag.py:508} INFO - Filling up the DagBag from /home/airflow/.local/lib/python3.7/site-packages/airflow/example_dags/example_bash_operator.py
[2022-08-04 01:20:36,072] {processor.py:651} INFO - DAG(s) dict_keys(['example_bash_operator']) retrieved from /home/airflow/.local/lib/python3.7/site-packages/airflow/example_dags/example_bash_operator.py
[2022-08-04 01:20:36,103] {logging_mixin.py:115} INFO - [2022-08-04 01:20:36,103] {dag.py:2420} INFO - Sync 1 DAGs
[2022-08-04 01:20:36,133] {logging_mixin.py:115} INFO - [2022-08-04 01:20:36,133] {dag.py:2972} INFO - Setting next_dagrun for example_bash_operator to 2022-08-03T00:00:00+00:00, run_after=2022-08-04T00:00:00+00:00
[2022-08-04 01:20:36,162] {processor.py:161} INFO - Processing /home/airflow/.local/lib/python3.7/site-packages/airflow/example_dags/example_bash_operator.py took 0.109 seconds
[2022-08-04 01:21:06,297] {processor.py:153} INFO - Started process (PID=32389) to work on /home/airflow/.local/lib/python3.7/site-packages/airflow/example_dags/example_bash_operator.py
[2022-08-04 01:21:06,297] {processor.py:641} INFO - Processing file /home/airflow/.local/lib/python3.7/site-packages/airflow/example_dags/example_bash_operator.py for tasks to queue
[2022-08-04 01:21:06,298] {logging_mixin.py:115} INFO - [2022-08-04 01:21:06,298] {dagbag.py:508} INFO - Filling up the DagBag from /home/airflow/.local/lib/python3.7/site-packages/airflow/example_dags/example_bash_operator.py
[2022-08-04 01:21:06,311] {processor.py:651} INFO - DAG(s) dict_keys(['example_bash_operator']) retrieved from /home/airflow/.local/lib/python3.7/site-packages/airflow/example_dags/example_bash_operator.py
[2022-08-04 01:21:06,343] {logging_mixin.py:115} INFO - [2022-08-04 01:21:06,343] {dag.py:2420} INFO - Sync 1 DAGs
[2022-08-04 01:21:06,373] {logging_mixin.py:115} INFO - [2022-08-04 01:21:06,373] {dag.py:2972} INFO - Setting next_dagrun for example_bash_operator to 2022-08-03T00:00:00+00:00, run_after=2022-08-04T00:00:00+00:00
[2022-08-04 01:21:06,391] {processor.py:161} INFO - Processing /home/airflow/.local/lib/python3.7/site-packages/airflow/example_dags/example_bash_operator.py took 0.098 seconds
[2022-08-04 01:21:37,269] {processor.py:153} INFO - Started process (PID=32602) to work on /home/airflow/.local/lib/python3.7/site-packages/airflow/example_dags/example_bash_operator.py
[2022-08-04 01:21:37,270] {processor.py:641} INFO - Processing file /home/airflow/.local/lib/python3.7/site-packages/airflow/example_dags/example_bash_operator.py for tasks to queue
[2022-08-04 01:21:37,271] {logging_mixin.py:115} INFO - [2022-08-04 01:21:37,271] {dagbag.py:508} INFO - Filling up the DagBag from /home/airflow/.local/lib/python3.7/site-packages/airflow/example_dags/example_bash_operator.py
[2022-08-04 01:21:37,289] {processor.py:651} INFO - DAG(s) dict_keys(['example_bash_operator']) retrieved from /home/airflow/.local/lib/python3.7/site-packages/airflow/example_dags/example_bash_operator.py
[2022-08-04 01:21:37,323] {logging_mixin.py:115} INFO - [2022-08-04 01:21:37,323] {dag.py:2420} INFO - Sync 1 DAGs
[2022-08-04 01:21:37,359] {logging_mixin.py:115} INFO - [2022-08-04 01:21:37,359] {dag.py:2972} INFO - Setting next_dagrun for example_bash_operator to 2022-08-03T00:00:00+00:00, run_after=2022-08-04T00:00:00+00:00
[2022-08-04 01:21:37,376] {processor.py:161} INFO - Processing /home/airflow/.local/lib/python3.7/site-packages/airflow/example_dags/example_bash_operator.py took 0.113 seconds
[2022-08-04 01:22:07,819] {processor.py:153} INFO - Started process (PID=328) to work on /home/airflow/.local/lib/python3.7/site-packages/airflow/example_dags/example_bash_operator.py
[2022-08-04 01:22:07,820] {processor.py:641} INFO - Processing file /home/airflow/.local/lib/python3.7/site-packages/airflow/example_dags/example_bash_operator.py for tasks to queue
[2022-08-04 01:22:07,820] {logging_mixin.py:115} INFO - [2022-08-04 01:22:07,820] {dagbag.py:508} INFO - Filling up the DagBag from /home/airflow/.local/lib/python3.7/site-packages/airflow/example_dags/example_bash_operator.py
[2022-08-04 01:22:07,835] {processor.py:651} INFO - DAG(s) dict_keys(['example_bash_operator']) retrieved from /home/airflow/.local/lib/python3.7/site-packages/airflow/example_dags/example_bash_operator.py
[2022-08-04 01:22:07,872] {logging_mixin.py:115} INFO - [2022-08-04 01:22:07,872] {dag.py:2420} INFO - Sync 1 DAGs
[2022-08-04 01:22:07,902] {logging_mixin.py:115} INFO - [2022-08-04 01:22:07,902] {dag.py:2972} INFO - Setting next_dagrun for example_bash_operator to 2022-08-03T00:00:00+00:00, run_after=2022-08-04T00:00:00+00:00
[2022-08-04 01:22:07,920] {processor.py:161} INFO - Processing /home/airflow/.local/lib/python3.7/site-packages/airflow/example_dags/example_bash_operator.py took 0.105 seconds
[2022-08-04 01:22:38,351] {processor.py:153} INFO - Started process (PID=531) to work on /home/airflow/.local/lib/python3.7/site-packages/airflow/example_dags/example_bash_operator.py
[2022-08-04 01:22:38,352] {processor.py:641} INFO - Processing file /home/airflow/.local/lib/python3.7/site-packages/airflow/example_dags/example_bash_operator.py for tasks to queue
[2022-08-04 01:22:38,352] {logging_mixin.py:115} INFO - [2022-08-04 01:22:38,352] {dagbag.py:508} INFO - Filling up the DagBag from /home/airflow/.local/lib/python3.7/site-packages/airflow/example_dags/example_bash_operator.py
[2022-08-04 01:22:38,369] {processor.py:651} INFO - DAG(s) dict_keys(['example_bash_operator']) retrieved from /home/airflow/.local/lib/python3.7/site-packages/airflow/example_dags/example_bash_operator.py
[2022-08-04 01:22:38,403] {logging_mixin.py:115} INFO - [2022-08-04 01:22:38,403] {dag.py:2420} INFO - Sync 1 DAGs
[2022-08-04 01:22:38,430] {logging_mixin.py:115} INFO - [2022-08-04 01:22:38,430] {dag.py:2972} INFO - Setting next_dagrun for example_bash_operator to 2022-08-03T00:00:00+00:00, run_after=2022-08-04T00:00:00+00:00
[2022-08-04 01:22:38,448] {processor.py:161} INFO - Processing /home/airflow/.local/lib/python3.7/site-packages/airflow/example_dags/example_bash_operator.py took 0.101 seconds
[2022-08-04 01:23:08,897] {processor.py:153} INFO - Started process (PID=725) to work on /home/airflow/.local/lib/python3.7/site-packages/airflow/example_dags/example_bash_operator.py
[2022-08-04 01:23:08,897] {processor.py:641} INFO - Processing file /home/airflow/.local/lib/python3.7/site-packages/airflow/example_dags/example_bash_operator.py for tasks to queue
[2022-08-04 01:23:08,898] {logging_mixin.py:115} INFO - [2022-08-04 01:23:08,898] {dagbag.py:508} INFO - Filling up the DagBag from /home/airflow/.local/lib/python3.7/site-packages/airflow/example_dags/example_bash_operator.py
[2022-08-04 01:23:08,913] {processor.py:651} INFO - DAG(s) dict_keys(['example_bash_operator']) retrieved from /home/airflow/.local/lib/python3.7/site-packages/airflow/example_dags/example_bash_operator.py
[2022-08-04 01:23:08,949] {logging_mixin.py:115} INFO - [2022-08-04 01:23:08,949] {dag.py:2420} INFO - Sync 1 DAGs
[2022-08-04 01:23:08,984] {logging_mixin.py:115} INFO - [2022-08-04 01:23:08,984] {dag.py:2972} INFO - Setting next_dagrun for example_bash_operator to 2022-08-03T00:00:00+00:00, run_after=2022-08-04T00:00:00+00:00
[2022-08-04 01:23:09,002] {processor.py:161} INFO - Processing /home/airflow/.local/lib/python3.7/site-packages/airflow/example_dags/example_bash_operator.py took 0.109 seconds
[2022-08-04 01:23:40,033] {processor.py:153} INFO - Started process (PID=931) to work on /home/airflow/.local/lib/python3.7/site-packages/airflow/example_dags/example_bash_operator.py
[2022-08-04 01:23:40,034] {processor.py:641} INFO - Processing file /home/airflow/.local/lib/python3.7/site-packages/airflow/example_dags/example_bash_operator.py for tasks to queue
[2022-08-04 01:23:40,035] {logging_mixin.py:115} INFO - [2022-08-04 01:23:40,034] {dagbag.py:508} INFO - Filling up the DagBag from /home/airflow/.local/lib/python3.7/site-packages/airflow/example_dags/example_bash_operator.py
[2022-08-04 01:23:40,049] {processor.py:651} INFO - DAG(s) dict_keys(['example_bash_operator']) retrieved from /home/airflow/.local/lib/python3.7/site-packages/airflow/example_dags/example_bash_operator.py
[2022-08-04 01:23:40,078] {logging_mixin.py:115} INFO - [2022-08-04 01:23:40,078] {dag.py:2420} INFO - Sync 1 DAGs
[2022-08-04 01:23:40,112] {logging_mixin.py:115} INFO - [2022-08-04 01:23:40,111] {dag.py:2972} INFO - Setting next_dagrun for example_bash_operator to 2022-08-03T00:00:00+00:00, run_after=2022-08-04T00:00:00+00:00
[2022-08-04 01:23:40,140] {processor.py:161} INFO - Processing /home/airflow/.local/lib/python3.7/site-packages/airflow/example_dags/example_bash_operator.py took 0.110 seconds
[2022-08-04 01:24:10,360] {processor.py:153} INFO - Started process (PID=1123) to work on /home/airflow/.local/lib/python3.7/site-packages/airflow/example_dags/example_bash_operator.py
[2022-08-04 01:24:10,361] {processor.py:641} INFO - Processing file /home/airflow/.local/lib/python3.7/site-packages/airflow/example_dags/example_bash_operator.py for tasks to queue
[2022-08-04 01:24:10,362] {logging_mixin.py:115} INFO - [2022-08-04 01:24:10,362] {dagbag.py:508} INFO - Filling up the DagBag from /home/airflow/.local/lib/python3.7/site-packages/airflow/example_dags/example_bash_operator.py
[2022-08-04 01:24:10,375] {processor.py:651} INFO - DAG(s) dict_keys(['example_bash_operator']) retrieved from /home/airflow/.local/lib/python3.7/site-packages/airflow/example_dags/example_bash_operator.py
[2022-08-04 01:24:10,406] {logging_mixin.py:115} INFO - [2022-08-04 01:24:10,406] {dag.py:2420} INFO - Sync 1 DAGs
[2022-08-04 01:24:10,435] {logging_mixin.py:115} INFO - [2022-08-04 01:24:10,435] {dag.py:2972} INFO - Setting next_dagrun for example_bash_operator to 2022-08-03T00:00:00+00:00, run_after=2022-08-04T00:00:00+00:00
[2022-08-04 01:24:10,459] {processor.py:161} INFO - Processing /home/airflow/.local/lib/python3.7/site-packages/airflow/example_dags/example_bash_operator.py took 0.103 seconds
[2022-08-04 01:24:40,604] {processor.py:153} INFO - Started process (PID=1326) to work on /home/airflow/.local/lib/python3.7/site-packages/airflow/example_dags/example_bash_operator.py
[2022-08-04 01:24:40,605] {processor.py:641} INFO - Processing file /home/airflow/.local/lib/python3.7/site-packages/airflow/example_dags/example_bash_operator.py for tasks to queue
[2022-08-04 01:24:40,606] {logging_mixin.py:115} INFO - [2022-08-04 01:24:40,606] {dagbag.py:508} INFO - Filling up the DagBag from /home/airflow/.local/lib/python3.7/site-packages/airflow/example_dags/example_bash_operator.py
[2022-08-04 01:24:40,619] {processor.py:651} INFO - DAG(s) dict_keys(['example_bash_operator']) retrieved from /home/airflow/.local/lib/python3.7/site-packages/airflow/example_dags/example_bash_operator.py
[2022-08-04 01:24:40,651] {logging_mixin.py:115} INFO - [2022-08-04 01:24:40,651] {dag.py:2420} INFO - Sync 1 DAGs
[2022-08-04 01:24:40,686] {logging_mixin.py:115} INFO - [2022-08-04 01:24:40,686] {dag.py:2972} INFO - Setting next_dagrun for example_bash_operator to 2022-08-03T00:00:00+00:00, run_after=2022-08-04T00:00:00+00:00
[2022-08-04 01:24:40,711] {processor.py:161} INFO - Processing /home/airflow/.local/lib/python3.7/site-packages/airflow/example_dags/example_bash_operator.py took 0.110 seconds
[2022-08-04 01:25:11,213] {processor.py:153} INFO - Started process (PID=1522) to work on /home/airflow/.local/lib/python3.7/site-packages/airflow/example_dags/example_bash_operator.py
[2022-08-04 01:25:11,214] {processor.py:641} INFO - Processing file /home/airflow/.local/lib/python3.7/site-packages/airflow/example_dags/example_bash_operator.py for tasks to queue
[2022-08-04 01:25:11,215] {logging_mixin.py:115} INFO - [2022-08-04 01:25:11,214] {dagbag.py:508} INFO - Filling up the DagBag from /home/airflow/.local/lib/python3.7/site-packages/airflow/example_dags/example_bash_operator.py
[2022-08-04 01:25:11,228] {processor.py:651} INFO - DAG(s) dict_keys(['example_bash_operator']) retrieved from /home/airflow/.local/lib/python3.7/site-packages/airflow/example_dags/example_bash_operator.py
[2022-08-04 01:25:11,260] {logging_mixin.py:115} INFO - [2022-08-04 01:25:11,260] {dag.py:2420} INFO - Sync 1 DAGs
[2022-08-04 01:25:11,289] {logging_mixin.py:115} INFO - [2022-08-04 01:25:11,289] {dag.py:2972} INFO - Setting next_dagrun for example_bash_operator to 2022-08-03T00:00:00+00:00, run_after=2022-08-04T00:00:00+00:00
[2022-08-04 01:25:11,307] {processor.py:161} INFO - Processing /home/airflow/.local/lib/python3.7/site-packages/airflow/example_dags/example_bash_operator.py took 0.097 seconds
[2022-08-04 01:25:41,438] {processor.py:153} INFO - Started process (PID=1724) to work on /home/airflow/.local/lib/python3.7/site-packages/airflow/example_dags/example_bash_operator.py
[2022-08-04 01:25:41,439] {processor.py:641} INFO - Processing file /home/airflow/.local/lib/python3.7/site-packages/airflow/example_dags/example_bash_operator.py for tasks to queue
[2022-08-04 01:25:41,440] {logging_mixin.py:115} INFO - [2022-08-04 01:25:41,440] {dagbag.py:508} INFO - Filling up the DagBag from /home/airflow/.local/lib/python3.7/site-packages/airflow/example_dags/example_bash_operator.py
[2022-08-04 01:25:41,453] {processor.py:651} INFO - DAG(s) dict_keys(['example_bash_operator']) retrieved from /home/airflow/.local/lib/python3.7/site-packages/airflow/example_dags/example_bash_operator.py
[2022-08-04 01:25:41,484] {logging_mixin.py:115} INFO - [2022-08-04 01:25:41,484] {dag.py:2420} INFO - Sync 1 DAGs
[2022-08-04 01:25:41,511] {logging_mixin.py:115} INFO - [2022-08-04 01:25:41,511] {dag.py:2972} INFO - Setting next_dagrun for example_bash_operator to 2022-08-03T00:00:00+00:00, run_after=2022-08-04T00:00:00+00:00
[2022-08-04 01:25:41,539] {processor.py:161} INFO - Processing /home/airflow/.local/lib/python3.7/site-packages/airflow/example_dags/example_bash_operator.py took 0.105 seconds
[2022-08-04 01:26:11,637] {processor.py:153} INFO - Started process (PID=1918) to work on /home/airflow/.local/lib/python3.7/site-packages/airflow/example_dags/example_bash_operator.py
[2022-08-04 01:26:11,638] {processor.py:641} INFO - Processing file /home/airflow/.local/lib/python3.7/site-packages/airflow/example_dags/example_bash_operator.py for tasks to queue
[2022-08-04 01:26:11,639] {logging_mixin.py:115} INFO - [2022-08-04 01:26:11,639] {dagbag.py:508} INFO - Filling up the DagBag from /home/airflow/.local/lib/python3.7/site-packages/airflow/example_dags/example_bash_operator.py
[2022-08-04 01:26:11,655] {processor.py:651} INFO - DAG(s) dict_keys(['example_bash_operator']) retrieved from /home/airflow/.local/lib/python3.7/site-packages/airflow/example_dags/example_bash_operator.py
[2022-08-04 01:26:11,688] {logging_mixin.py:115} INFO - [2022-08-04 01:26:11,688] {dag.py:2420} INFO - Sync 1 DAGs
[2022-08-04 01:26:11,718] {logging_mixin.py:115} INFO - [2022-08-04 01:26:11,717] {dag.py:2972} INFO - Setting next_dagrun for example_bash_operator to 2022-08-03T00:00:00+00:00, run_after=2022-08-04T00:00:00+00:00
[2022-08-04 01:26:11,743] {processor.py:161} INFO - Processing /home/airflow/.local/lib/python3.7/site-packages/airflow/example_dags/example_bash_operator.py took 0.110 seconds
[2022-08-04 01:26:41,853] {processor.py:153} INFO - Started process (PID=2119) to work on /home/airflow/.local/lib/python3.7/site-packages/airflow/example_dags/example_bash_operator.py
[2022-08-04 01:26:41,854] {processor.py:641} INFO - Processing file /home/airflow/.local/lib/python3.7/site-packages/airflow/example_dags/example_bash_operator.py for tasks to queue
[2022-08-04 01:26:41,855] {logging_mixin.py:115} INFO - [2022-08-04 01:26:41,855] {dagbag.py:508} INFO - Filling up the DagBag from /home/airflow/.local/lib/python3.7/site-packages/airflow/example_dags/example_bash_operator.py
[2022-08-04 01:26:41,870] {processor.py:651} INFO - DAG(s) dict_keys(['example_bash_operator']) retrieved from /home/airflow/.local/lib/python3.7/site-packages/airflow/example_dags/example_bash_operator.py
[2022-08-04 01:26:41,904] {logging_mixin.py:115} INFO - [2022-08-04 01:26:41,904] {dag.py:2420} INFO - Sync 1 DAGs
[2022-08-04 01:26:41,942] {logging_mixin.py:115} INFO - [2022-08-04 01:26:41,942] {dag.py:2972} INFO - Setting next_dagrun for example_bash_operator to 2022-08-03T00:00:00+00:00, run_after=2022-08-04T00:00:00+00:00
[2022-08-04 01:26:41,958] {processor.py:161} INFO - Processing /home/airflow/.local/lib/python3.7/site-packages/airflow/example_dags/example_bash_operator.py took 0.108 seconds
[2022-08-04 01:27:12,268] {processor.py:153} INFO - Started process (PID=2313) to work on /home/airflow/.local/lib/python3.7/site-packages/airflow/example_dags/example_bash_operator.py
[2022-08-04 01:27:12,270] {processor.py:641} INFO - Processing file /home/airflow/.local/lib/python3.7/site-packages/airflow/example_dags/example_bash_operator.py for tasks to queue
[2022-08-04 01:27:12,271] {logging_mixin.py:115} INFO - [2022-08-04 01:27:12,270] {dagbag.py:508} INFO - Filling up the DagBag from /home/airflow/.local/lib/python3.7/site-packages/airflow/example_dags/example_bash_operator.py
[2022-08-04 01:27:12,285] {processor.py:651} INFO - DAG(s) dict_keys(['example_bash_operator']) retrieved from /home/airflow/.local/lib/python3.7/site-packages/airflow/example_dags/example_bash_operator.py
[2022-08-04 01:27:12,325] {logging_mixin.py:115} INFO - [2022-08-04 01:27:12,325] {dag.py:2420} INFO - Sync 1 DAGs
[2022-08-04 01:27:12,365] {logging_mixin.py:115} INFO - [2022-08-04 01:27:12,365] {dag.py:2972} INFO - Setting next_dagrun for example_bash_operator to 2022-08-03T00:00:00+00:00, run_after=2022-08-04T00:00:00+00:00
[2022-08-04 01:27:12,387] {processor.py:161} INFO - Processing /home/airflow/.local/lib/python3.7/site-packages/airflow/example_dags/example_bash_operator.py took 0.123 seconds
[2022-08-04 05:37:03,098] {processor.py:153} INFO - Started process (PID=2519) to work on /home/airflow/.local/lib/python3.7/site-packages/airflow/example_dags/example_bash_operator.py
[2022-08-04 05:37:03,099] {processor.py:641} INFO - Processing file /home/airflow/.local/lib/python3.7/site-packages/airflow/example_dags/example_bash_operator.py for tasks to queue
[2022-08-04 05:37:03,100] {logging_mixin.py:115} INFO - [2022-08-04 05:37:03,100] {dagbag.py:508} INFO - Filling up the DagBag from /home/airflow/.local/lib/python3.7/site-packages/airflow/example_dags/example_bash_operator.py
[2022-08-04 05:37:03,115] {processor.py:651} INFO - DAG(s) dict_keys(['example_bash_operator']) retrieved from /home/airflow/.local/lib/python3.7/site-packages/airflow/example_dags/example_bash_operator.py
[2022-08-04 05:37:03,147] {logging_mixin.py:115} INFO - [2022-08-04 05:37:03,147] {dag.py:2420} INFO - Sync 1 DAGs
[2022-08-04 05:37:03,186] {logging_mixin.py:115} INFO - [2022-08-04 05:37:03,186] {dag.py:2972} INFO - Setting next_dagrun for example_bash_operator to 2022-08-03T00:00:00+00:00, run_after=2022-08-04T00:00:00+00:00
[2022-08-04 05:37:03,204] {processor.py:161} INFO - Processing /home/airflow/.local/lib/python3.7/site-packages/airflow/example_dags/example_bash_operator.py took 0.111 seconds
[2022-08-04 05:37:34,001] {processor.py:153} INFO - Started process (PID=2713) to work on /home/airflow/.local/lib/python3.7/site-packages/airflow/example_dags/example_bash_operator.py
[2022-08-04 05:37:34,002] {processor.py:641} INFO - Processing file /home/airflow/.local/lib/python3.7/site-packages/airflow/example_dags/example_bash_operator.py for tasks to queue
[2022-08-04 05:37:34,003] {logging_mixin.py:115} INFO - [2022-08-04 05:37:34,003] {dagbag.py:508} INFO - Filling up the DagBag from /home/airflow/.local/lib/python3.7/site-packages/airflow/example_dags/example_bash_operator.py
[2022-08-04 05:37:34,016] {processor.py:651} INFO - DAG(s) dict_keys(['example_bash_operator']) retrieved from /home/airflow/.local/lib/python3.7/site-packages/airflow/example_dags/example_bash_operator.py
[2022-08-04 05:37:34,047] {logging_mixin.py:115} INFO - [2022-08-04 05:37:34,047] {dag.py:2420} INFO - Sync 1 DAGs
[2022-08-04 05:37:34,073] {logging_mixin.py:115} INFO - [2022-08-04 05:37:34,073] {dag.py:2972} INFO - Setting next_dagrun for example_bash_operator to 2022-08-03T00:00:00+00:00, run_after=2022-08-04T00:00:00+00:00
[2022-08-04 05:37:34,087] {processor.py:161} INFO - Processing /home/airflow/.local/lib/python3.7/site-packages/airflow/example_dags/example_bash_operator.py took 0.088 seconds
[2022-08-04 05:38:04,613] {processor.py:153} INFO - Started process (PID=2916) to work on /home/airflow/.local/lib/python3.7/site-packages/airflow/example_dags/example_bash_operator.py
[2022-08-04 05:38:04,614] {processor.py:641} INFO - Processing file /home/airflow/.local/lib/python3.7/site-packages/airflow/example_dags/example_bash_operator.py for tasks to queue
[2022-08-04 05:38:04,615] {logging_mixin.py:115} INFO - [2022-08-04 05:38:04,615] {dagbag.py:508} INFO - Filling up the DagBag from /home/airflow/.local/lib/python3.7/site-packages/airflow/example_dags/example_bash_operator.py
[2022-08-04 05:38:04,627] {processor.py:651} INFO - DAG(s) dict_keys(['example_bash_operator']) retrieved from /home/airflow/.local/lib/python3.7/site-packages/airflow/example_dags/example_bash_operator.py
[2022-08-04 05:38:04,654] {logging_mixin.py:115} INFO - [2022-08-04 05:38:04,654] {dag.py:2420} INFO - Sync 1 DAGs
[2022-08-04 05:38:04,678] {logging_mixin.py:115} INFO - [2022-08-04 05:38:04,678] {dag.py:2972} INFO - Setting next_dagrun for example_bash_operator to 2022-08-03T00:00:00+00:00, run_after=2022-08-04T00:00:00+00:00
[2022-08-04 05:38:04,694] {processor.py:161} INFO - Processing /home/airflow/.local/lib/python3.7/site-packages/airflow/example_dags/example_bash_operator.py took 0.084 seconds
[2022-08-04 05:38:35,534] {processor.py:153} INFO - Started process (PID=3120) to work on /home/airflow/.local/lib/python3.7/site-packages/airflow/example_dags/example_bash_operator.py
[2022-08-04 05:38:35,535] {processor.py:641} INFO - Processing file /home/airflow/.local/lib/python3.7/site-packages/airflow/example_dags/example_bash_operator.py for tasks to queue
[2022-08-04 05:38:35,536] {logging_mixin.py:115} INFO - [2022-08-04 05:38:35,536] {dagbag.py:508} INFO - Filling up the DagBag from /home/airflow/.local/lib/python3.7/site-packages/airflow/example_dags/example_bash_operator.py
[2022-08-04 05:38:35,550] {processor.py:651} INFO - DAG(s) dict_keys(['example_bash_operator']) retrieved from /home/airflow/.local/lib/python3.7/site-packages/airflow/example_dags/example_bash_operator.py
[2022-08-04 05:38:35,583] {logging_mixin.py:115} INFO - [2022-08-04 05:38:35,583] {dag.py:2420} INFO - Sync 1 DAGs
[2022-08-04 05:38:35,622] {logging_mixin.py:115} INFO - [2022-08-04 05:38:35,622] {dag.py:2972} INFO - Setting next_dagrun for example_bash_operator to 2022-08-03T00:00:00+00:00, run_after=2022-08-04T00:00:00+00:00
[2022-08-04 05:38:35,643] {processor.py:161} INFO - Processing /home/airflow/.local/lib/python3.7/site-packages/airflow/example_dags/example_bash_operator.py took 0.112 seconds
[2022-08-04 05:39:06,144] {processor.py:153} INFO - Started process (PID=3316) to work on /home/airflow/.local/lib/python3.7/site-packages/airflow/example_dags/example_bash_operator.py
[2022-08-04 05:39:06,145] {processor.py:641} INFO - Processing file /home/airflow/.local/lib/python3.7/site-packages/airflow/example_dags/example_bash_operator.py for tasks to queue
[2022-08-04 05:39:06,146] {logging_mixin.py:115} INFO - [2022-08-04 05:39:06,146] {dagbag.py:508} INFO - Filling up the DagBag from /home/airflow/.local/lib/python3.7/site-packages/airflow/example_dags/example_bash_operator.py
[2022-08-04 05:39:06,160] {processor.py:651} INFO - DAG(s) dict_keys(['example_bash_operator']) retrieved from /home/airflow/.local/lib/python3.7/site-packages/airflow/example_dags/example_bash_operator.py
[2022-08-04 05:39:06,192] {logging_mixin.py:115} INFO - [2022-08-04 05:39:06,192] {dag.py:2420} INFO - Sync 1 DAGs
[2022-08-04 05:39:06,222] {logging_mixin.py:115} INFO - [2022-08-04 05:39:06,222] {dag.py:2972} INFO - Setting next_dagrun for example_bash_operator to 2022-08-03T00:00:00+00:00, run_after=2022-08-04T00:00:00+00:00
[2022-08-04 05:39:06,247] {processor.py:161} INFO - Processing /home/airflow/.local/lib/python3.7/site-packages/airflow/example_dags/example_bash_operator.py took 0.107 seconds
[2022-08-04 05:39:36,722] {processor.py:153} INFO - Started process (PID=3517) to work on /home/airflow/.local/lib/python3.7/site-packages/airflow/example_dags/example_bash_operator.py
[2022-08-04 05:39:36,724] {processor.py:641} INFO - Processing file /home/airflow/.local/lib/python3.7/site-packages/airflow/example_dags/example_bash_operator.py for tasks to queue
[2022-08-04 05:39:36,724] {logging_mixin.py:115} INFO - [2022-08-04 05:39:36,724] {dagbag.py:508} INFO - Filling up the DagBag from /home/airflow/.local/lib/python3.7/site-packages/airflow/example_dags/example_bash_operator.py
[2022-08-04 05:39:36,741] {processor.py:651} INFO - DAG(s) dict_keys(['example_bash_operator']) retrieved from /home/airflow/.local/lib/python3.7/site-packages/airflow/example_dags/example_bash_operator.py
[2022-08-04 05:39:36,783] {logging_mixin.py:115} INFO - [2022-08-04 05:39:36,783] {dag.py:2420} INFO - Sync 1 DAGs
[2022-08-04 05:39:36,815] {logging_mixin.py:115} INFO - [2022-08-04 05:39:36,815] {dag.py:2972} INFO - Setting next_dagrun for example_bash_operator to 2022-08-03T00:00:00+00:00, run_after=2022-08-04T00:00:00+00:00
[2022-08-04 05:39:36,835] {processor.py:161} INFO - Processing /home/airflow/.local/lib/python3.7/site-packages/airflow/example_dags/example_bash_operator.py took 0.118 seconds
[2022-08-04 05:40:07,666] {processor.py:153} INFO - Started process (PID=3711) to work on /home/airflow/.local/lib/python3.7/site-packages/airflow/example_dags/example_bash_operator.py
[2022-08-04 05:40:07,667] {processor.py:641} INFO - Processing file /home/airflow/.local/lib/python3.7/site-packages/airflow/example_dags/example_bash_operator.py for tasks to queue
[2022-08-04 05:40:07,668] {logging_mixin.py:115} INFO - [2022-08-04 05:40:07,668] {dagbag.py:508} INFO - Filling up the DagBag from /home/airflow/.local/lib/python3.7/site-packages/airflow/example_dags/example_bash_operator.py
[2022-08-04 05:40:07,682] {processor.py:651} INFO - DAG(s) dict_keys(['example_bash_operator']) retrieved from /home/airflow/.local/lib/python3.7/site-packages/airflow/example_dags/example_bash_operator.py
[2022-08-04 05:40:07,714] {logging_mixin.py:115} INFO - [2022-08-04 05:40:07,713] {dag.py:2420} INFO - Sync 1 DAGs
[2022-08-04 05:40:07,742] {logging_mixin.py:115} INFO - [2022-08-04 05:40:07,742] {dag.py:2972} INFO - Setting next_dagrun for example_bash_operator to 2022-08-03T00:00:00+00:00, run_after=2022-08-04T00:00:00+00:00
[2022-08-04 05:40:07,758] {processor.py:161} INFO - Processing /home/airflow/.local/lib/python3.7/site-packages/airflow/example_dags/example_bash_operator.py took 0.094 seconds
[2022-08-04 05:40:38,740] {processor.py:153} INFO - Started process (PID=3915) to work on /home/airflow/.local/lib/python3.7/site-packages/airflow/example_dags/example_bash_operator.py
[2022-08-04 05:40:38,741] {processor.py:641} INFO - Processing file /home/airflow/.local/lib/python3.7/site-packages/airflow/example_dags/example_bash_operator.py for tasks to queue
[2022-08-04 05:40:38,742] {logging_mixin.py:115} INFO - [2022-08-04 05:40:38,742] {dagbag.py:508} INFO - Filling up the DagBag from /home/airflow/.local/lib/python3.7/site-packages/airflow/example_dags/example_bash_operator.py
[2022-08-04 05:40:38,757] {processor.py:651} INFO - DAG(s) dict_keys(['example_bash_operator']) retrieved from /home/airflow/.local/lib/python3.7/site-packages/airflow/example_dags/example_bash_operator.py
[2022-08-04 05:40:38,789] {logging_mixin.py:115} INFO - [2022-08-04 05:40:38,789] {dag.py:2420} INFO - Sync 1 DAGs
[2022-08-04 05:40:38,821] {logging_mixin.py:115} INFO - [2022-08-04 05:40:38,820] {dag.py:2972} INFO - Setting next_dagrun for example_bash_operator to 2022-08-03T00:00:00+00:00, run_after=2022-08-04T00:00:00+00:00
[2022-08-04 05:40:38,835] {processor.py:161} INFO - Processing /home/airflow/.local/lib/python3.7/site-packages/airflow/example_dags/example_bash_operator.py took 0.097 seconds
[2022-08-04 05:41:09,530] {processor.py:153} INFO - Started process (PID=4109) to work on /home/airflow/.local/lib/python3.7/site-packages/airflow/example_dags/example_bash_operator.py
[2022-08-04 05:41:09,531] {processor.py:641} INFO - Processing file /home/airflow/.local/lib/python3.7/site-packages/airflow/example_dags/example_bash_operator.py for tasks to queue
[2022-08-04 05:41:09,532] {logging_mixin.py:115} INFO - [2022-08-04 05:41:09,532] {dagbag.py:508} INFO - Filling up the DagBag from /home/airflow/.local/lib/python3.7/site-packages/airflow/example_dags/example_bash_operator.py
[2022-08-04 05:41:09,546] {processor.py:651} INFO - DAG(s) dict_keys(['example_bash_operator']) retrieved from /home/airflow/.local/lib/python3.7/site-packages/airflow/example_dags/example_bash_operator.py
[2022-08-04 05:41:09,585] {logging_mixin.py:115} INFO - [2022-08-04 05:41:09,585] {dag.py:2420} INFO - Sync 1 DAGs
[2022-08-04 05:41:09,617] {logging_mixin.py:115} INFO - [2022-08-04 05:41:09,617] {dag.py:2972} INFO - Setting next_dagrun for example_bash_operator to 2022-08-03T00:00:00+00:00, run_after=2022-08-04T00:00:00+00:00
[2022-08-04 05:41:09,634] {processor.py:161} INFO - Processing /home/airflow/.local/lib/python3.7/site-packages/airflow/example_dags/example_bash_operator.py took 0.108 seconds
[2022-08-04 05:41:39,905] {processor.py:153} INFO - Started process (PID=4313) to work on /home/airflow/.local/lib/python3.7/site-packages/airflow/example_dags/example_bash_operator.py
[2022-08-04 05:41:39,906] {processor.py:641} INFO - Processing file /home/airflow/.local/lib/python3.7/site-packages/airflow/example_dags/example_bash_operator.py for tasks to queue
[2022-08-04 05:41:39,906] {logging_mixin.py:115} INFO - [2022-08-04 05:41:39,906] {dagbag.py:508} INFO - Filling up the DagBag from /home/airflow/.local/lib/python3.7/site-packages/airflow/example_dags/example_bash_operator.py
[2022-08-04 05:41:39,919] {processor.py:651} INFO - DAG(s) dict_keys(['example_bash_operator']) retrieved from /home/airflow/.local/lib/python3.7/site-packages/airflow/example_dags/example_bash_operator.py
[2022-08-04 05:41:39,946] {logging_mixin.py:115} INFO - [2022-08-04 05:41:39,946] {dag.py:2420} INFO - Sync 1 DAGs
[2022-08-04 05:41:39,978] {logging_mixin.py:115} INFO - [2022-08-04 05:41:39,978] {dag.py:2972} INFO - Setting next_dagrun for example_bash_operator to 2022-08-03T00:00:00+00:00, run_after=2022-08-04T00:00:00+00:00
[2022-08-04 05:41:40,002] {processor.py:161} INFO - Processing /home/airflow/.local/lib/python3.7/site-packages/airflow/example_dags/example_bash_operator.py took 0.100 seconds
[2022-08-04 05:42:10,551] {processor.py:153} INFO - Started process (PID=4507) to work on /home/airflow/.local/lib/python3.7/site-packages/airflow/example_dags/example_bash_operator.py
[2022-08-04 05:42:10,552] {processor.py:641} INFO - Processing file /home/airflow/.local/lib/python3.7/site-packages/airflow/example_dags/example_bash_operator.py for tasks to queue
[2022-08-04 05:42:10,553] {logging_mixin.py:115} INFO - [2022-08-04 05:42:10,553] {dagbag.py:508} INFO - Filling up the DagBag from /home/airflow/.local/lib/python3.7/site-packages/airflow/example_dags/example_bash_operator.py
[2022-08-04 05:42:10,567] {processor.py:651} INFO - DAG(s) dict_keys(['example_bash_operator']) retrieved from /home/airflow/.local/lib/python3.7/site-packages/airflow/example_dags/example_bash_operator.py
[2022-08-04 05:42:10,602] {logging_mixin.py:115} INFO - [2022-08-04 05:42:10,602] {dag.py:2420} INFO - Sync 1 DAGs
[2022-08-04 05:42:10,641] {logging_mixin.py:115} INFO - [2022-08-04 05:42:10,640] {dag.py:2972} INFO - Setting next_dagrun for example_bash_operator to 2022-08-03T00:00:00+00:00, run_after=2022-08-04T00:00:00+00:00
[2022-08-04 05:42:10,657] {processor.py:161} INFO - Processing /home/airflow/.local/lib/python3.7/site-packages/airflow/example_dags/example_bash_operator.py took 0.109 seconds
[2022-08-04 05:42:41,560] {processor.py:153} INFO - Started process (PID=4711) to work on /home/airflow/.local/lib/python3.7/site-packages/airflow/example_dags/example_bash_operator.py
[2022-08-04 05:42:41,560] {processor.py:641} INFO - Processing file /home/airflow/.local/lib/python3.7/site-packages/airflow/example_dags/example_bash_operator.py for tasks to queue
[2022-08-04 05:42:41,561] {logging_mixin.py:115} INFO - [2022-08-04 05:42:41,561] {dagbag.py:508} INFO - Filling up the DagBag from /home/airflow/.local/lib/python3.7/site-packages/airflow/example_dags/example_bash_operator.py
[2022-08-04 05:42:41,574] {processor.py:651} INFO - DAG(s) dict_keys(['example_bash_operator']) retrieved from /home/airflow/.local/lib/python3.7/site-packages/airflow/example_dags/example_bash_operator.py
[2022-08-04 05:42:41,602] {logging_mixin.py:115} INFO - [2022-08-04 05:42:41,602] {dag.py:2420} INFO - Sync 1 DAGs
[2022-08-04 05:42:41,633] {logging_mixin.py:115} INFO - [2022-08-04 05:42:41,633] {dag.py:2972} INFO - Setting next_dagrun for example_bash_operator to 2022-08-03T00:00:00+00:00, run_after=2022-08-04T00:00:00+00:00
[2022-08-04 05:42:41,649] {processor.py:161} INFO - Processing /home/airflow/.local/lib/python3.7/site-packages/airflow/example_dags/example_bash_operator.py took 0.092 seconds
[2022-08-04 05:43:12,481] {processor.py:153} INFO - Started process (PID=4907) to work on /home/airflow/.local/lib/python3.7/site-packages/airflow/example_dags/example_bash_operator.py
[2022-08-04 05:43:12,482] {processor.py:641} INFO - Processing file /home/airflow/.local/lib/python3.7/site-packages/airflow/example_dags/example_bash_operator.py for tasks to queue
[2022-08-04 05:43:12,483] {logging_mixin.py:115} INFO - [2022-08-04 05:43:12,483] {dagbag.py:508} INFO - Filling up the DagBag from /home/airflow/.local/lib/python3.7/site-packages/airflow/example_dags/example_bash_operator.py
[2022-08-04 05:43:12,497] {processor.py:651} INFO - DAG(s) dict_keys(['example_bash_operator']) retrieved from /home/airflow/.local/lib/python3.7/site-packages/airflow/example_dags/example_bash_operator.py
[2022-08-04 05:43:12,535] {logging_mixin.py:115} INFO - [2022-08-04 05:43:12,535] {dag.py:2420} INFO - Sync 1 DAGs
[2022-08-04 05:43:12,569] {logging_mixin.py:115} INFO - [2022-08-04 05:43:12,569] {dag.py:2972} INFO - Setting next_dagrun for example_bash_operator to 2022-08-03T00:00:00+00:00, run_after=2022-08-04T00:00:00+00:00
[2022-08-04 05:43:12,586] {processor.py:161} INFO - Processing /home/airflow/.local/lib/python3.7/site-packages/airflow/example_dags/example_bash_operator.py took 0.108 seconds
[2022-08-04 05:43:42,931] {processor.py:153} INFO - Started process (PID=5108) to work on /home/airflow/.local/lib/python3.7/site-packages/airflow/example_dags/example_bash_operator.py
[2022-08-04 05:43:42,931] {processor.py:641} INFO - Processing file /home/airflow/.local/lib/python3.7/site-packages/airflow/example_dags/example_bash_operator.py for tasks to queue
[2022-08-04 05:43:42,932] {logging_mixin.py:115} INFO - [2022-08-04 05:43:42,932] {dagbag.py:508} INFO - Filling up the DagBag from /home/airflow/.local/lib/python3.7/site-packages/airflow/example_dags/example_bash_operator.py
[2022-08-04 05:43:42,951] {processor.py:651} INFO - DAG(s) dict_keys(['example_bash_operator']) retrieved from /home/airflow/.local/lib/python3.7/site-packages/airflow/example_dags/example_bash_operator.py
[2022-08-04 05:43:42,999] {logging_mixin.py:115} INFO - [2022-08-04 05:43:42,999] {dag.py:2420} INFO - Sync 1 DAGs
[2022-08-04 05:43:43,042] {logging_mixin.py:115} INFO - [2022-08-04 05:43:43,042] {dag.py:2972} INFO - Setting next_dagrun for example_bash_operator to 2022-08-03T00:00:00+00:00, run_after=2022-08-04T00:00:00+00:00
[2022-08-04 05:43:43,064] {processor.py:161} INFO - Processing /home/airflow/.local/lib/python3.7/site-packages/airflow/example_dags/example_bash_operator.py took 0.137 seconds
[2022-08-04 05:44:13,143] {processor.py:153} INFO - Started process (PID=5299) to work on /home/airflow/.local/lib/python3.7/site-packages/airflow/example_dags/example_bash_operator.py
[2022-08-04 05:44:13,145] {processor.py:641} INFO - Processing file /home/airflow/.local/lib/python3.7/site-packages/airflow/example_dags/example_bash_operator.py for tasks to queue
[2022-08-04 05:44:13,146] {logging_mixin.py:115} INFO - [2022-08-04 05:44:13,146] {dagbag.py:508} INFO - Filling up the DagBag from /home/airflow/.local/lib/python3.7/site-packages/airflow/example_dags/example_bash_operator.py
[2022-08-04 05:44:13,165] {processor.py:651} INFO - DAG(s) dict_keys(['example_bash_operator']) retrieved from /home/airflow/.local/lib/python3.7/site-packages/airflow/example_dags/example_bash_operator.py
[2022-08-04 05:44:13,209] {logging_mixin.py:115} INFO - [2022-08-04 05:44:13,209] {dag.py:2420} INFO - Sync 1 DAGs
[2022-08-04 05:44:13,243] {logging_mixin.py:115} INFO - [2022-08-04 05:44:13,243] {dag.py:2972} INFO - Setting next_dagrun for example_bash_operator to 2022-08-03T00:00:00+00:00, run_after=2022-08-04T00:00:00+00:00
[2022-08-04 05:44:13,266] {processor.py:161} INFO - Processing /home/airflow/.local/lib/python3.7/site-packages/airflow/example_dags/example_bash_operator.py took 0.129 seconds
[2022-08-04 05:44:43,655] {processor.py:153} INFO - Started process (PID=5502) to work on /home/airflow/.local/lib/python3.7/site-packages/airflow/example_dags/example_bash_operator.py
[2022-08-04 05:44:43,656] {processor.py:641} INFO - Processing file /home/airflow/.local/lib/python3.7/site-packages/airflow/example_dags/example_bash_operator.py for tasks to queue
[2022-08-04 05:44:43,657] {logging_mixin.py:115} INFO - [2022-08-04 05:44:43,657] {dagbag.py:508} INFO - Filling up the DagBag from /home/airflow/.local/lib/python3.7/site-packages/airflow/example_dags/example_bash_operator.py
[2022-08-04 05:44:43,670] {processor.py:651} INFO - DAG(s) dict_keys(['example_bash_operator']) retrieved from /home/airflow/.local/lib/python3.7/site-packages/airflow/example_dags/example_bash_operator.py
[2022-08-04 05:44:43,701] {logging_mixin.py:115} INFO - [2022-08-04 05:44:43,701] {dag.py:2420} INFO - Sync 1 DAGs
[2022-08-04 05:44:43,733] {logging_mixin.py:115} INFO - [2022-08-04 05:44:43,732] {dag.py:2972} INFO - Setting next_dagrun for example_bash_operator to 2022-08-03T00:00:00+00:00, run_after=2022-08-04T00:00:00+00:00
[2022-08-04 05:44:43,760] {processor.py:161} INFO - Processing /home/airflow/.local/lib/python3.7/site-packages/airflow/example_dags/example_bash_operator.py took 0.109 seconds
[2022-08-04 05:45:13,928] {processor.py:153} INFO - Started process (PID=5696) to work on /home/airflow/.local/lib/python3.7/site-packages/airflow/example_dags/example_bash_operator.py
[2022-08-04 05:45:13,929] {processor.py:641} INFO - Processing file /home/airflow/.local/lib/python3.7/site-packages/airflow/example_dags/example_bash_operator.py for tasks to queue
[2022-08-04 05:45:13,930] {logging_mixin.py:115} INFO - [2022-08-04 05:45:13,930] {dagbag.py:508} INFO - Filling up the DagBag from /home/airflow/.local/lib/python3.7/site-packages/airflow/example_dags/example_bash_operator.py
[2022-08-04 05:45:13,943] {processor.py:651} INFO - DAG(s) dict_keys(['example_bash_operator']) retrieved from /home/airflow/.local/lib/python3.7/site-packages/airflow/example_dags/example_bash_operator.py
[2022-08-04 05:45:13,973] {logging_mixin.py:115} INFO - [2022-08-04 05:45:13,972] {dag.py:2420} INFO - Sync 1 DAGs
[2022-08-04 05:45:14,003] {logging_mixin.py:115} INFO - [2022-08-04 05:45:14,003] {dag.py:2972} INFO - Setting next_dagrun for example_bash_operator to 2022-08-03T00:00:00+00:00, run_after=2022-08-04T00:00:00+00:00
[2022-08-04 05:45:14,020] {processor.py:161} INFO - Processing /home/airflow/.local/lib/python3.7/site-packages/airflow/example_dags/example_bash_operator.py took 0.096 seconds
[2022-08-04 05:45:44,421] {processor.py:153} INFO - Started process (PID=5899) to work on /home/airflow/.local/lib/python3.7/site-packages/airflow/example_dags/example_bash_operator.py
[2022-08-04 05:45:44,422] {processor.py:641} INFO - Processing file /home/airflow/.local/lib/python3.7/site-packages/airflow/example_dags/example_bash_operator.py for tasks to queue
[2022-08-04 05:45:44,423] {logging_mixin.py:115} INFO - [2022-08-04 05:45:44,423] {dagbag.py:508} INFO - Filling up the DagBag from /home/airflow/.local/lib/python3.7/site-packages/airflow/example_dags/example_bash_operator.py
[2022-08-04 05:45:44,441] {processor.py:651} INFO - DAG(s) dict_keys(['example_bash_operator']) retrieved from /home/airflow/.local/lib/python3.7/site-packages/airflow/example_dags/example_bash_operator.py
[2022-08-04 05:45:44,479] {logging_mixin.py:115} INFO - [2022-08-04 05:45:44,479] {dag.py:2420} INFO - Sync 1 DAGs
[2022-08-04 05:45:44,515] {logging_mixin.py:115} INFO - [2022-08-04 05:45:44,514] {dag.py:2972} INFO - Setting next_dagrun for example_bash_operator to 2022-08-03T00:00:00+00:00, run_after=2022-08-04T00:00:00+00:00
[2022-08-04 05:45:44,543] {processor.py:161} INFO - Processing /home/airflow/.local/lib/python3.7/site-packages/airflow/example_dags/example_bash_operator.py took 0.126 seconds
[2022-08-04 05:46:14,936] {processor.py:153} INFO - Started process (PID=6093) to work on /home/airflow/.local/lib/python3.7/site-packages/airflow/example_dags/example_bash_operator.py
[2022-08-04 05:46:14,937] {processor.py:641} INFO - Processing file /home/airflow/.local/lib/python3.7/site-packages/airflow/example_dags/example_bash_operator.py for tasks to queue
[2022-08-04 05:46:14,939] {logging_mixin.py:115} INFO - [2022-08-04 05:46:14,939] {dagbag.py:508} INFO - Filling up the DagBag from /home/airflow/.local/lib/python3.7/site-packages/airflow/example_dags/example_bash_operator.py
[2022-08-04 05:46:14,956] {processor.py:651} INFO - DAG(s) dict_keys(['example_bash_operator']) retrieved from /home/airflow/.local/lib/python3.7/site-packages/airflow/example_dags/example_bash_operator.py
[2022-08-04 05:46:14,997] {logging_mixin.py:115} INFO - [2022-08-04 05:46:14,996] {dag.py:2420} INFO - Sync 1 DAGs
[2022-08-04 05:46:15,030] {logging_mixin.py:115} INFO - [2022-08-04 05:46:15,029] {dag.py:2972} INFO - Setting next_dagrun for example_bash_operator to 2022-08-03T00:00:00+00:00, run_after=2022-08-04T00:00:00+00:00
[2022-08-04 05:46:15,059] {processor.py:161} INFO - Processing /home/airflow/.local/lib/python3.7/site-packages/airflow/example_dags/example_bash_operator.py took 0.127 seconds
[2022-08-04 05:46:45,247] {processor.py:153} INFO - Started process (PID=6297) to work on /home/airflow/.local/lib/python3.7/site-packages/airflow/example_dags/example_bash_operator.py
[2022-08-04 05:46:45,248] {processor.py:641} INFO - Processing file /home/airflow/.local/lib/python3.7/site-packages/airflow/example_dags/example_bash_operator.py for tasks to queue
[2022-08-04 05:46:45,249] {logging_mixin.py:115} INFO - [2022-08-04 05:46:45,249] {dagbag.py:508} INFO - Filling up the DagBag from /home/airflow/.local/lib/python3.7/site-packages/airflow/example_dags/example_bash_operator.py
[2022-08-04 05:46:45,265] {processor.py:651} INFO - DAG(s) dict_keys(['example_bash_operator']) retrieved from /home/airflow/.local/lib/python3.7/site-packages/airflow/example_dags/example_bash_operator.py
[2022-08-04 05:46:45,302] {logging_mixin.py:115} INFO - [2022-08-04 05:46:45,302] {dag.py:2420} INFO - Sync 1 DAGs
[2022-08-04 05:46:45,334] {logging_mixin.py:115} INFO - [2022-08-04 05:46:45,334] {dag.py:2972} INFO - Setting next_dagrun for example_bash_operator to 2022-08-03T00:00:00+00:00, run_after=2022-08-04T00:00:00+00:00
[2022-08-04 05:46:45,351] {processor.py:161} INFO - Processing /home/airflow/.local/lib/python3.7/site-packages/airflow/example_dags/example_bash_operator.py took 0.108 seconds
[2022-08-04 05:47:15,488] {processor.py:153} INFO - Started process (PID=6492) to work on /home/airflow/.local/lib/python3.7/site-packages/airflow/example_dags/example_bash_operator.py
[2022-08-04 05:47:15,489] {processor.py:641} INFO - Processing file /home/airflow/.local/lib/python3.7/site-packages/airflow/example_dags/example_bash_operator.py for tasks to queue
[2022-08-04 05:47:15,490] {logging_mixin.py:115} INFO - [2022-08-04 05:47:15,490] {dagbag.py:508} INFO - Filling up the DagBag from /home/airflow/.local/lib/python3.7/site-packages/airflow/example_dags/example_bash_operator.py
[2022-08-04 05:47:15,503] {processor.py:651} INFO - DAG(s) dict_keys(['example_bash_operator']) retrieved from /home/airflow/.local/lib/python3.7/site-packages/airflow/example_dags/example_bash_operator.py
[2022-08-04 05:47:15,534] {logging_mixin.py:115} INFO - [2022-08-04 05:47:15,534] {dag.py:2420} INFO - Sync 1 DAGs
[2022-08-04 05:47:15,570] {logging_mixin.py:115} INFO - [2022-08-04 05:47:15,569] {dag.py:2972} INFO - Setting next_dagrun for example_bash_operator to 2022-08-03T00:00:00+00:00, run_after=2022-08-04T00:00:00+00:00
[2022-08-04 05:47:15,588] {processor.py:161} INFO - Processing /home/airflow/.local/lib/python3.7/site-packages/airflow/example_dags/example_bash_operator.py took 0.104 seconds
[2022-08-04 05:47:46,518] {processor.py:153} INFO - Started process (PID=6695) to work on /home/airflow/.local/lib/python3.7/site-packages/airflow/example_dags/example_bash_operator.py
[2022-08-04 05:47:46,519] {processor.py:641} INFO - Processing file /home/airflow/.local/lib/python3.7/site-packages/airflow/example_dags/example_bash_operator.py for tasks to queue
[2022-08-04 05:47:46,520] {logging_mixin.py:115} INFO - [2022-08-04 05:47:46,520] {dagbag.py:508} INFO - Filling up the DagBag from /home/airflow/.local/lib/python3.7/site-packages/airflow/example_dags/example_bash_operator.py
[2022-08-04 05:47:46,534] {processor.py:651} INFO - DAG(s) dict_keys(['example_bash_operator']) retrieved from /home/airflow/.local/lib/python3.7/site-packages/airflow/example_dags/example_bash_operator.py
[2022-08-04 05:47:46,563] {logging_mixin.py:115} INFO - [2022-08-04 05:47:46,563] {dag.py:2420} INFO - Sync 1 DAGs
[2022-08-04 05:47:46,593] {logging_mixin.py:115} INFO - [2022-08-04 05:47:46,593] {dag.py:2972} INFO - Setting next_dagrun for example_bash_operator to 2022-08-03T00:00:00+00:00, run_after=2022-08-04T00:00:00+00:00
[2022-08-04 05:47:46,620] {processor.py:161} INFO - Processing /home/airflow/.local/lib/python3.7/site-packages/airflow/example_dags/example_bash_operator.py took 0.105 seconds
[2022-08-04 05:48:16,882] {processor.py:153} INFO - Started process (PID=6889) to work on /home/airflow/.local/lib/python3.7/site-packages/airflow/example_dags/example_bash_operator.py
[2022-08-04 05:48:16,883] {processor.py:641} INFO - Processing file /home/airflow/.local/lib/python3.7/site-packages/airflow/example_dags/example_bash_operator.py for tasks to queue
[2022-08-04 05:48:16,883] {logging_mixin.py:115} INFO - [2022-08-04 05:48:16,883] {dagbag.py:508} INFO - Filling up the DagBag from /home/airflow/.local/lib/python3.7/site-packages/airflow/example_dags/example_bash_operator.py
[2022-08-04 05:48:16,901] {processor.py:651} INFO - DAG(s) dict_keys(['example_bash_operator']) retrieved from /home/airflow/.local/lib/python3.7/site-packages/airflow/example_dags/example_bash_operator.py
[2022-08-04 05:48:16,933] {logging_mixin.py:115} INFO - [2022-08-04 05:48:16,932] {dag.py:2420} INFO - Sync 1 DAGs
[2022-08-04 05:48:16,967] {logging_mixin.py:115} INFO - [2022-08-04 05:48:16,967] {dag.py:2972} INFO - Setting next_dagrun for example_bash_operator to 2022-08-03T00:00:00+00:00, run_after=2022-08-04T00:00:00+00:00
[2022-08-04 05:48:16,995] {processor.py:161} INFO - Processing /home/airflow/.local/lib/python3.7/site-packages/airflow/example_dags/example_bash_operator.py took 0.117 seconds
