[2022-08-04 01:05:50,666] {processor.py:153} INFO - Started process (PID=26355) to work on /home/airflow/.local/lib/python3.7/site-packages/airflow/example_dags/tutorial_etl_dag.py
[2022-08-04 01:05:50,674] {processor.py:641} INFO - Processing file /home/airflow/.local/lib/python3.7/site-packages/airflow/example_dags/tutorial_etl_dag.py for tasks to queue
[2022-08-04 01:05:50,678] {logging_mixin.py:115} INFO - [2022-08-04 01:05:50,678] {dagbag.py:508} INFO - Filling up the DagBag from /home/airflow/.local/lib/python3.7/site-packages/airflow/example_dags/tutorial_etl_dag.py
[2022-08-04 01:05:50,702] {processor.py:651} INFO - DAG(s) dict_keys(['tutorial_etl_dag']) retrieved from /home/airflow/.local/lib/python3.7/site-packages/airflow/example_dags/tutorial_etl_dag.py
[2022-08-04 01:05:50,819] {logging_mixin.py:115} INFO - [2022-08-04 01:05:50,819] {dag.py:2420} INFO - Sync 1 DAGs
[2022-08-04 01:05:50,905] {logging_mixin.py:115} INFO - [2022-08-04 01:05:50,905] {dag.py:2972} INFO - Setting next_dagrun for tutorial_etl_dag to None, run_after=None
[2022-08-04 01:05:50,959] {processor.py:161} INFO - Processing /home/airflow/.local/lib/python3.7/site-packages/airflow/example_dags/tutorial_etl_dag.py took 0.304 seconds
[2022-08-04 01:06:21,420] {processor.py:153} INFO - Started process (PID=26563) to work on /home/airflow/.local/lib/python3.7/site-packages/airflow/example_dags/tutorial_etl_dag.py
[2022-08-04 01:06:21,421] {processor.py:641} INFO - Processing file /home/airflow/.local/lib/python3.7/site-packages/airflow/example_dags/tutorial_etl_dag.py for tasks to queue
[2022-08-04 01:06:21,422] {logging_mixin.py:115} INFO - [2022-08-04 01:06:21,422] {dagbag.py:508} INFO - Filling up the DagBag from /home/airflow/.local/lib/python3.7/site-packages/airflow/example_dags/tutorial_etl_dag.py
[2022-08-04 01:06:21,429] {processor.py:651} INFO - DAG(s) dict_keys(['tutorial_etl_dag']) retrieved from /home/airflow/.local/lib/python3.7/site-packages/airflow/example_dags/tutorial_etl_dag.py
[2022-08-04 01:06:21,457] {logging_mixin.py:115} INFO - [2022-08-04 01:06:21,457] {dag.py:2420} INFO - Sync 1 DAGs
[2022-08-04 01:06:21,482] {logging_mixin.py:115} INFO - [2022-08-04 01:06:21,482] {dag.py:2972} INFO - Setting next_dagrun for tutorial_etl_dag to None, run_after=None
[2022-08-04 01:06:21,502] {processor.py:161} INFO - Processing /home/airflow/.local/lib/python3.7/site-packages/airflow/example_dags/tutorial_etl_dag.py took 0.087 seconds
[2022-08-04 01:06:51,920] {processor.py:153} INFO - Started process (PID=26769) to work on /home/airflow/.local/lib/python3.7/site-packages/airflow/example_dags/tutorial_etl_dag.py
[2022-08-04 01:06:51,921] {processor.py:641} INFO - Processing file /home/airflow/.local/lib/python3.7/site-packages/airflow/example_dags/tutorial_etl_dag.py for tasks to queue
[2022-08-04 01:06:51,922] {logging_mixin.py:115} INFO - [2022-08-04 01:06:51,922] {dagbag.py:508} INFO - Filling up the DagBag from /home/airflow/.local/lib/python3.7/site-packages/airflow/example_dags/tutorial_etl_dag.py
[2022-08-04 01:06:51,928] {processor.py:651} INFO - DAG(s) dict_keys(['tutorial_etl_dag']) retrieved from /home/airflow/.local/lib/python3.7/site-packages/airflow/example_dags/tutorial_etl_dag.py
[2022-08-04 01:06:51,963] {logging_mixin.py:115} INFO - [2022-08-04 01:06:51,963] {dag.py:2420} INFO - Sync 1 DAGs
[2022-08-04 01:06:51,996] {logging_mixin.py:115} INFO - [2022-08-04 01:06:51,996] {dag.py:2972} INFO - Setting next_dagrun for tutorial_etl_dag to None, run_after=None
[2022-08-04 01:06:52,018] {processor.py:161} INFO - Processing /home/airflow/.local/lib/python3.7/site-packages/airflow/example_dags/tutorial_etl_dag.py took 0.101 seconds
[2022-08-04 01:07:22,569] {processor.py:153} INFO - Started process (PID=26963) to work on /home/airflow/.local/lib/python3.7/site-packages/airflow/example_dags/tutorial_etl_dag.py
[2022-08-04 01:07:22,570] {processor.py:641} INFO - Processing file /home/airflow/.local/lib/python3.7/site-packages/airflow/example_dags/tutorial_etl_dag.py for tasks to queue
[2022-08-04 01:07:22,571] {logging_mixin.py:115} INFO - [2022-08-04 01:07:22,571] {dagbag.py:508} INFO - Filling up the DagBag from /home/airflow/.local/lib/python3.7/site-packages/airflow/example_dags/tutorial_etl_dag.py
[2022-08-04 01:07:22,580] {processor.py:651} INFO - DAG(s) dict_keys(['tutorial_etl_dag']) retrieved from /home/airflow/.local/lib/python3.7/site-packages/airflow/example_dags/tutorial_etl_dag.py
[2022-08-04 01:07:22,616] {logging_mixin.py:115} INFO - [2022-08-04 01:07:22,616] {dag.py:2420} INFO - Sync 1 DAGs
[2022-08-04 01:07:22,654] {logging_mixin.py:115} INFO - [2022-08-04 01:07:22,654] {dag.py:2972} INFO - Setting next_dagrun for tutorial_etl_dag to None, run_after=None
[2022-08-04 01:07:22,671] {processor.py:161} INFO - Processing /home/airflow/.local/lib/python3.7/site-packages/airflow/example_dags/tutorial_etl_dag.py took 0.106 seconds
[2022-08-04 01:07:53,542] {processor.py:153} INFO - Started process (PID=27168) to work on /home/airflow/.local/lib/python3.7/site-packages/airflow/example_dags/tutorial_etl_dag.py
[2022-08-04 01:07:53,543] {processor.py:641} INFO - Processing file /home/airflow/.local/lib/python3.7/site-packages/airflow/example_dags/tutorial_etl_dag.py for tasks to queue
[2022-08-04 01:07:53,544] {logging_mixin.py:115} INFO - [2022-08-04 01:07:53,544] {dagbag.py:508} INFO - Filling up the DagBag from /home/airflow/.local/lib/python3.7/site-packages/airflow/example_dags/tutorial_etl_dag.py
[2022-08-04 01:07:53,551] {processor.py:651} INFO - DAG(s) dict_keys(['tutorial_etl_dag']) retrieved from /home/airflow/.local/lib/python3.7/site-packages/airflow/example_dags/tutorial_etl_dag.py
[2022-08-04 01:07:53,581] {logging_mixin.py:115} INFO - [2022-08-04 01:07:53,581] {dag.py:2420} INFO - Sync 1 DAGs
[2022-08-04 01:07:53,608] {logging_mixin.py:115} INFO - [2022-08-04 01:07:53,608] {dag.py:2972} INFO - Setting next_dagrun for tutorial_etl_dag to None, run_after=None
[2022-08-04 01:07:53,628] {processor.py:161} INFO - Processing /home/airflow/.local/lib/python3.7/site-packages/airflow/example_dags/tutorial_etl_dag.py took 0.089 seconds
[2022-08-04 01:08:24,482] {processor.py:153} INFO - Started process (PID=27363) to work on /home/airflow/.local/lib/python3.7/site-packages/airflow/example_dags/tutorial_etl_dag.py
[2022-08-04 01:08:24,483] {processor.py:641} INFO - Processing file /home/airflow/.local/lib/python3.7/site-packages/airflow/example_dags/tutorial_etl_dag.py for tasks to queue
[2022-08-04 01:08:24,484] {logging_mixin.py:115} INFO - [2022-08-04 01:08:24,484] {dagbag.py:508} INFO - Filling up the DagBag from /home/airflow/.local/lib/python3.7/site-packages/airflow/example_dags/tutorial_etl_dag.py
[2022-08-04 01:08:24,491] {processor.py:651} INFO - DAG(s) dict_keys(['tutorial_etl_dag']) retrieved from /home/airflow/.local/lib/python3.7/site-packages/airflow/example_dags/tutorial_etl_dag.py
[2022-08-04 01:08:24,519] {logging_mixin.py:115} INFO - [2022-08-04 01:08:24,519] {dag.py:2420} INFO - Sync 1 DAGs
[2022-08-04 01:08:24,548] {logging_mixin.py:115} INFO - [2022-08-04 01:08:24,547] {dag.py:2972} INFO - Setting next_dagrun for tutorial_etl_dag to None, run_after=None
[2022-08-04 01:08:24,566] {processor.py:161} INFO - Processing /home/airflow/.local/lib/python3.7/site-packages/airflow/example_dags/tutorial_etl_dag.py took 0.087 seconds
[2022-08-04 01:08:54,654] {processor.py:153} INFO - Started process (PID=27566) to work on /home/airflow/.local/lib/python3.7/site-packages/airflow/example_dags/tutorial_etl_dag.py
[2022-08-04 01:08:54,655] {processor.py:641} INFO - Processing file /home/airflow/.local/lib/python3.7/site-packages/airflow/example_dags/tutorial_etl_dag.py for tasks to queue
[2022-08-04 01:08:54,656] {logging_mixin.py:115} INFO - [2022-08-04 01:08:54,656] {dagbag.py:508} INFO - Filling up the DagBag from /home/airflow/.local/lib/python3.7/site-packages/airflow/example_dags/tutorial_etl_dag.py
[2022-08-04 01:08:54,663] {processor.py:651} INFO - DAG(s) dict_keys(['tutorial_etl_dag']) retrieved from /home/airflow/.local/lib/python3.7/site-packages/airflow/example_dags/tutorial_etl_dag.py
[2022-08-04 01:08:54,693] {logging_mixin.py:115} INFO - [2022-08-04 01:08:54,693] {dag.py:2420} INFO - Sync 1 DAGs
[2022-08-04 01:08:54,730] {logging_mixin.py:115} INFO - [2022-08-04 01:08:54,729] {dag.py:2972} INFO - Setting next_dagrun for tutorial_etl_dag to None, run_after=None
[2022-08-04 01:08:54,748] {processor.py:161} INFO - Processing /home/airflow/.local/lib/python3.7/site-packages/airflow/example_dags/tutorial_etl_dag.py took 0.097 seconds
[2022-08-04 01:09:24,816] {processor.py:153} INFO - Started process (PID=27758) to work on /home/airflow/.local/lib/python3.7/site-packages/airflow/example_dags/tutorial_etl_dag.py
[2022-08-04 01:09:24,817] {processor.py:641} INFO - Processing file /home/airflow/.local/lib/python3.7/site-packages/airflow/example_dags/tutorial_etl_dag.py for tasks to queue
[2022-08-04 01:09:24,818] {logging_mixin.py:115} INFO - [2022-08-04 01:09:24,818] {dagbag.py:508} INFO - Filling up the DagBag from /home/airflow/.local/lib/python3.7/site-packages/airflow/example_dags/tutorial_etl_dag.py
[2022-08-04 01:09:24,825] {processor.py:651} INFO - DAG(s) dict_keys(['tutorial_etl_dag']) retrieved from /home/airflow/.local/lib/python3.7/site-packages/airflow/example_dags/tutorial_etl_dag.py
[2022-08-04 01:09:24,857] {logging_mixin.py:115} INFO - [2022-08-04 01:09:24,857] {dag.py:2420} INFO - Sync 1 DAGs
[2022-08-04 01:09:24,892] {logging_mixin.py:115} INFO - [2022-08-04 01:09:24,891] {dag.py:2972} INFO - Setting next_dagrun for tutorial_etl_dag to None, run_after=None
[2022-08-04 01:09:24,908] {processor.py:161} INFO - Processing /home/airflow/.local/lib/python3.7/site-packages/airflow/example_dags/tutorial_etl_dag.py took 0.096 seconds
[2022-08-04 01:09:55,234] {processor.py:153} INFO - Started process (PID=27961) to work on /home/airflow/.local/lib/python3.7/site-packages/airflow/example_dags/tutorial_etl_dag.py
[2022-08-04 01:09:55,236] {processor.py:641} INFO - Processing file /home/airflow/.local/lib/python3.7/site-packages/airflow/example_dags/tutorial_etl_dag.py for tasks to queue
[2022-08-04 01:09:55,236] {logging_mixin.py:115} INFO - [2022-08-04 01:09:55,236] {dagbag.py:508} INFO - Filling up the DagBag from /home/airflow/.local/lib/python3.7/site-packages/airflow/example_dags/tutorial_etl_dag.py
[2022-08-04 01:09:55,245] {processor.py:651} INFO - DAG(s) dict_keys(['tutorial_etl_dag']) retrieved from /home/airflow/.local/lib/python3.7/site-packages/airflow/example_dags/tutorial_etl_dag.py
[2022-08-04 01:09:55,276] {logging_mixin.py:115} INFO - [2022-08-04 01:09:55,276] {dag.py:2420} INFO - Sync 1 DAGs
[2022-08-04 01:09:55,302] {logging_mixin.py:115} INFO - [2022-08-04 01:09:55,301] {dag.py:2972} INFO - Setting next_dagrun for tutorial_etl_dag to None, run_after=None
[2022-08-04 01:09:55,316] {processor.py:161} INFO - Processing /home/airflow/.local/lib/python3.7/site-packages/airflow/example_dags/tutorial_etl_dag.py took 0.086 seconds
[2022-08-04 01:10:25,400] {processor.py:153} INFO - Started process (PID=28155) to work on /home/airflow/.local/lib/python3.7/site-packages/airflow/example_dags/tutorial_etl_dag.py
[2022-08-04 01:10:25,400] {processor.py:641} INFO - Processing file /home/airflow/.local/lib/python3.7/site-packages/airflow/example_dags/tutorial_etl_dag.py for tasks to queue
[2022-08-04 01:10:25,401] {logging_mixin.py:115} INFO - [2022-08-04 01:10:25,401] {dagbag.py:508} INFO - Filling up the DagBag from /home/airflow/.local/lib/python3.7/site-packages/airflow/example_dags/tutorial_etl_dag.py
[2022-08-04 01:10:25,409] {processor.py:651} INFO - DAG(s) dict_keys(['tutorial_etl_dag']) retrieved from /home/airflow/.local/lib/python3.7/site-packages/airflow/example_dags/tutorial_etl_dag.py
[2022-08-04 01:10:25,441] {logging_mixin.py:115} INFO - [2022-08-04 01:10:25,441] {dag.py:2420} INFO - Sync 1 DAGs
[2022-08-04 01:10:25,469] {logging_mixin.py:115} INFO - [2022-08-04 01:10:25,468] {dag.py:2972} INFO - Setting next_dagrun for tutorial_etl_dag to None, run_after=None
[2022-08-04 01:10:25,485] {processor.py:161} INFO - Processing /home/airflow/.local/lib/python3.7/site-packages/airflow/example_dags/tutorial_etl_dag.py took 0.088 seconds
[2022-08-04 01:10:55,956] {processor.py:153} INFO - Started process (PID=28358) to work on /home/airflow/.local/lib/python3.7/site-packages/airflow/example_dags/tutorial_etl_dag.py
[2022-08-04 01:10:55,957] {processor.py:641} INFO - Processing file /home/airflow/.local/lib/python3.7/site-packages/airflow/example_dags/tutorial_etl_dag.py for tasks to queue
[2022-08-04 01:10:55,958] {logging_mixin.py:115} INFO - [2022-08-04 01:10:55,958] {dagbag.py:508} INFO - Filling up the DagBag from /home/airflow/.local/lib/python3.7/site-packages/airflow/example_dags/tutorial_etl_dag.py
[2022-08-04 01:10:55,967] {processor.py:651} INFO - DAG(s) dict_keys(['tutorial_etl_dag']) retrieved from /home/airflow/.local/lib/python3.7/site-packages/airflow/example_dags/tutorial_etl_dag.py
[2022-08-04 01:10:56,003] {logging_mixin.py:115} INFO - [2022-08-04 01:10:56,003] {dag.py:2420} INFO - Sync 1 DAGs
[2022-08-04 01:10:56,040] {logging_mixin.py:115} INFO - [2022-08-04 01:10:56,040] {dag.py:2972} INFO - Setting next_dagrun for tutorial_etl_dag to None, run_after=None
[2022-08-04 01:10:56,058] {processor.py:161} INFO - Processing /home/airflow/.local/lib/python3.7/site-packages/airflow/example_dags/tutorial_etl_dag.py took 0.105 seconds
[2022-08-04 01:11:26,185] {processor.py:153} INFO - Started process (PID=28552) to work on /home/airflow/.local/lib/python3.7/site-packages/airflow/example_dags/tutorial_etl_dag.py
[2022-08-04 01:11:26,186] {processor.py:641} INFO - Processing file /home/airflow/.local/lib/python3.7/site-packages/airflow/example_dags/tutorial_etl_dag.py for tasks to queue
[2022-08-04 01:11:26,187] {logging_mixin.py:115} INFO - [2022-08-04 01:11:26,187] {dagbag.py:508} INFO - Filling up the DagBag from /home/airflow/.local/lib/python3.7/site-packages/airflow/example_dags/tutorial_etl_dag.py
[2022-08-04 01:11:26,206] {processor.py:651} INFO - DAG(s) dict_keys(['tutorial_etl_dag']) retrieved from /home/airflow/.local/lib/python3.7/site-packages/airflow/example_dags/tutorial_etl_dag.py
[2022-08-04 01:11:26,244] {logging_mixin.py:115} INFO - [2022-08-04 01:11:26,244] {dag.py:2420} INFO - Sync 1 DAGs
[2022-08-04 01:11:26,278] {logging_mixin.py:115} INFO - [2022-08-04 01:11:26,278] {dag.py:2972} INFO - Setting next_dagrun for tutorial_etl_dag to None, run_after=None
[2022-08-04 01:11:26,296] {processor.py:161} INFO - Processing /home/airflow/.local/lib/python3.7/site-packages/airflow/example_dags/tutorial_etl_dag.py took 0.116 seconds
[2022-08-04 01:11:56,649] {processor.py:153} INFO - Started process (PID=28755) to work on /home/airflow/.local/lib/python3.7/site-packages/airflow/example_dags/tutorial_etl_dag.py
[2022-08-04 01:11:56,650] {processor.py:641} INFO - Processing file /home/airflow/.local/lib/python3.7/site-packages/airflow/example_dags/tutorial_etl_dag.py for tasks to queue
[2022-08-04 01:11:56,651] {logging_mixin.py:115} INFO - [2022-08-04 01:11:56,650] {dagbag.py:508} INFO - Filling up the DagBag from /home/airflow/.local/lib/python3.7/site-packages/airflow/example_dags/tutorial_etl_dag.py
[2022-08-04 01:11:56,658] {processor.py:651} INFO - DAG(s) dict_keys(['tutorial_etl_dag']) retrieved from /home/airflow/.local/lib/python3.7/site-packages/airflow/example_dags/tutorial_etl_dag.py
[2022-08-04 01:11:56,690] {logging_mixin.py:115} INFO - [2022-08-04 01:11:56,690] {dag.py:2420} INFO - Sync 1 DAGs
[2022-08-04 01:11:56,732] {logging_mixin.py:115} INFO - [2022-08-04 01:11:56,732] {dag.py:2972} INFO - Setting next_dagrun for tutorial_etl_dag to None, run_after=None
[2022-08-04 01:11:56,749] {processor.py:161} INFO - Processing /home/airflow/.local/lib/python3.7/site-packages/airflow/example_dags/tutorial_etl_dag.py took 0.103 seconds
[2022-08-04 01:12:27,300] {processor.py:153} INFO - Started process (PID=28949) to work on /home/airflow/.local/lib/python3.7/site-packages/airflow/example_dags/tutorial_etl_dag.py
[2022-08-04 01:12:27,301] {processor.py:641} INFO - Processing file /home/airflow/.local/lib/python3.7/site-packages/airflow/example_dags/tutorial_etl_dag.py for tasks to queue
[2022-08-04 01:12:27,301] {logging_mixin.py:115} INFO - [2022-08-04 01:12:27,301] {dagbag.py:508} INFO - Filling up the DagBag from /home/airflow/.local/lib/python3.7/site-packages/airflow/example_dags/tutorial_etl_dag.py
[2022-08-04 01:12:27,309] {processor.py:651} INFO - DAG(s) dict_keys(['tutorial_etl_dag']) retrieved from /home/airflow/.local/lib/python3.7/site-packages/airflow/example_dags/tutorial_etl_dag.py
[2022-08-04 01:12:27,341] {logging_mixin.py:115} INFO - [2022-08-04 01:12:27,340] {dag.py:2420} INFO - Sync 1 DAGs
[2022-08-04 01:12:27,372] {logging_mixin.py:115} INFO - [2022-08-04 01:12:27,372] {dag.py:2972} INFO - Setting next_dagrun for tutorial_etl_dag to None, run_after=None
[2022-08-04 01:12:27,388] {processor.py:161} INFO - Processing /home/airflow/.local/lib/python3.7/site-packages/airflow/example_dags/tutorial_etl_dag.py took 0.092 seconds
[2022-08-04 01:12:57,563] {processor.py:153} INFO - Started process (PID=29152) to work on /home/airflow/.local/lib/python3.7/site-packages/airflow/example_dags/tutorial_etl_dag.py
[2022-08-04 01:12:57,564] {processor.py:641} INFO - Processing file /home/airflow/.local/lib/python3.7/site-packages/airflow/example_dags/tutorial_etl_dag.py for tasks to queue
[2022-08-04 01:12:57,565] {logging_mixin.py:115} INFO - [2022-08-04 01:12:57,565] {dagbag.py:508} INFO - Filling up the DagBag from /home/airflow/.local/lib/python3.7/site-packages/airflow/example_dags/tutorial_etl_dag.py
[2022-08-04 01:12:57,572] {processor.py:651} INFO - DAG(s) dict_keys(['tutorial_etl_dag']) retrieved from /home/airflow/.local/lib/python3.7/site-packages/airflow/example_dags/tutorial_etl_dag.py
[2022-08-04 01:12:57,603] {logging_mixin.py:115} INFO - [2022-08-04 01:12:57,603] {dag.py:2420} INFO - Sync 1 DAGs
[2022-08-04 01:12:57,634] {logging_mixin.py:115} INFO - [2022-08-04 01:12:57,634] {dag.py:2972} INFO - Setting next_dagrun for tutorial_etl_dag to None, run_after=None
[2022-08-04 01:12:57,651] {processor.py:161} INFO - Processing /home/airflow/.local/lib/python3.7/site-packages/airflow/example_dags/tutorial_etl_dag.py took 0.091 seconds
[2022-08-04 01:13:27,893] {processor.py:153} INFO - Started process (PID=29346) to work on /home/airflow/.local/lib/python3.7/site-packages/airflow/example_dags/tutorial_etl_dag.py
[2022-08-04 01:13:27,894] {processor.py:641} INFO - Processing file /home/airflow/.local/lib/python3.7/site-packages/airflow/example_dags/tutorial_etl_dag.py for tasks to queue
[2022-08-04 01:13:27,894] {logging_mixin.py:115} INFO - [2022-08-04 01:13:27,894] {dagbag.py:508} INFO - Filling up the DagBag from /home/airflow/.local/lib/python3.7/site-packages/airflow/example_dags/tutorial_etl_dag.py
[2022-08-04 01:13:27,904] {processor.py:651} INFO - DAG(s) dict_keys(['tutorial_etl_dag']) retrieved from /home/airflow/.local/lib/python3.7/site-packages/airflow/example_dags/tutorial_etl_dag.py
[2022-08-04 01:13:27,935] {logging_mixin.py:115} INFO - [2022-08-04 01:13:27,935] {dag.py:2420} INFO - Sync 1 DAGs
[2022-08-04 01:13:27,973] {logging_mixin.py:115} INFO - [2022-08-04 01:13:27,973] {dag.py:2972} INFO - Setting next_dagrun for tutorial_etl_dag to None, run_after=None
[2022-08-04 01:13:27,993] {processor.py:161} INFO - Processing /home/airflow/.local/lib/python3.7/site-packages/airflow/example_dags/tutorial_etl_dag.py took 0.103 seconds
[2022-08-04 01:13:58,359] {processor.py:153} INFO - Started process (PID=29549) to work on /home/airflow/.local/lib/python3.7/site-packages/airflow/example_dags/tutorial_etl_dag.py
[2022-08-04 01:13:58,360] {processor.py:641} INFO - Processing file /home/airflow/.local/lib/python3.7/site-packages/airflow/example_dags/tutorial_etl_dag.py for tasks to queue
[2022-08-04 01:13:58,361] {logging_mixin.py:115} INFO - [2022-08-04 01:13:58,361] {dagbag.py:508} INFO - Filling up the DagBag from /home/airflow/.local/lib/python3.7/site-packages/airflow/example_dags/tutorial_etl_dag.py
[2022-08-04 01:13:58,370] {processor.py:651} INFO - DAG(s) dict_keys(['tutorial_etl_dag']) retrieved from /home/airflow/.local/lib/python3.7/site-packages/airflow/example_dags/tutorial_etl_dag.py
[2022-08-04 01:13:58,401] {logging_mixin.py:115} INFO - [2022-08-04 01:13:58,401] {dag.py:2420} INFO - Sync 1 DAGs
[2022-08-04 01:13:58,437] {logging_mixin.py:115} INFO - [2022-08-04 01:13:58,437] {dag.py:2972} INFO - Setting next_dagrun for tutorial_etl_dag to None, run_after=None
[2022-08-04 01:13:58,454] {processor.py:161} INFO - Processing /home/airflow/.local/lib/python3.7/site-packages/airflow/example_dags/tutorial_etl_dag.py took 0.098 seconds
[2022-08-04 01:14:28,579] {processor.py:153} INFO - Started process (PID=29744) to work on /home/airflow/.local/lib/python3.7/site-packages/airflow/example_dags/tutorial_etl_dag.py
[2022-08-04 01:14:28,580] {processor.py:641} INFO - Processing file /home/airflow/.local/lib/python3.7/site-packages/airflow/example_dags/tutorial_etl_dag.py for tasks to queue
[2022-08-04 01:14:28,580] {logging_mixin.py:115} INFO - [2022-08-04 01:14:28,580] {dagbag.py:508} INFO - Filling up the DagBag from /home/airflow/.local/lib/python3.7/site-packages/airflow/example_dags/tutorial_etl_dag.py
[2022-08-04 01:14:28,588] {processor.py:651} INFO - DAG(s) dict_keys(['tutorial_etl_dag']) retrieved from /home/airflow/.local/lib/python3.7/site-packages/airflow/example_dags/tutorial_etl_dag.py
[2022-08-04 01:14:28,617] {logging_mixin.py:115} INFO - [2022-08-04 01:14:28,617] {dag.py:2420} INFO - Sync 1 DAGs
[2022-08-04 01:14:28,649] {logging_mixin.py:115} INFO - [2022-08-04 01:14:28,649] {dag.py:2972} INFO - Setting next_dagrun for tutorial_etl_dag to None, run_after=None
[2022-08-04 01:14:28,668] {processor.py:161} INFO - Processing /home/airflow/.local/lib/python3.7/site-packages/airflow/example_dags/tutorial_etl_dag.py took 0.093 seconds
[2022-08-04 01:14:58,855] {processor.py:153} INFO - Started process (PID=29947) to work on /home/airflow/.local/lib/python3.7/site-packages/airflow/example_dags/tutorial_etl_dag.py
[2022-08-04 01:14:58,856] {processor.py:641} INFO - Processing file /home/airflow/.local/lib/python3.7/site-packages/airflow/example_dags/tutorial_etl_dag.py for tasks to queue
[2022-08-04 01:14:58,857] {logging_mixin.py:115} INFO - [2022-08-04 01:14:58,857] {dagbag.py:508} INFO - Filling up the DagBag from /home/airflow/.local/lib/python3.7/site-packages/airflow/example_dags/tutorial_etl_dag.py
[2022-08-04 01:14:58,865] {processor.py:651} INFO - DAG(s) dict_keys(['tutorial_etl_dag']) retrieved from /home/airflow/.local/lib/python3.7/site-packages/airflow/example_dags/tutorial_etl_dag.py
[2022-08-04 01:14:58,899] {logging_mixin.py:115} INFO - [2022-08-04 01:14:58,898] {dag.py:2420} INFO - Sync 1 DAGs
[2022-08-04 01:14:58,928] {logging_mixin.py:115} INFO - [2022-08-04 01:14:58,928] {dag.py:2972} INFO - Setting next_dagrun for tutorial_etl_dag to None, run_after=None
[2022-08-04 01:14:58,946] {processor.py:161} INFO - Processing /home/airflow/.local/lib/python3.7/site-packages/airflow/example_dags/tutorial_etl_dag.py took 0.095 seconds
[2022-08-04 01:15:29,104] {processor.py:153} INFO - Started process (PID=30141) to work on /home/airflow/.local/lib/python3.7/site-packages/airflow/example_dags/tutorial_etl_dag.py
[2022-08-04 01:15:29,105] {processor.py:641} INFO - Processing file /home/airflow/.local/lib/python3.7/site-packages/airflow/example_dags/tutorial_etl_dag.py for tasks to queue
[2022-08-04 01:15:29,106] {logging_mixin.py:115} INFO - [2022-08-04 01:15:29,106] {dagbag.py:508} INFO - Filling up the DagBag from /home/airflow/.local/lib/python3.7/site-packages/airflow/example_dags/tutorial_etl_dag.py
[2022-08-04 01:15:29,114] {processor.py:651} INFO - DAG(s) dict_keys(['tutorial_etl_dag']) retrieved from /home/airflow/.local/lib/python3.7/site-packages/airflow/example_dags/tutorial_etl_dag.py
[2022-08-04 01:15:29,144] {logging_mixin.py:115} INFO - [2022-08-04 01:15:29,144] {dag.py:2420} INFO - Sync 1 DAGs
[2022-08-04 01:15:29,175] {logging_mixin.py:115} INFO - [2022-08-04 01:15:29,175] {dag.py:2972} INFO - Setting next_dagrun for tutorial_etl_dag to None, run_after=None
[2022-08-04 01:15:29,192] {processor.py:161} INFO - Processing /home/airflow/.local/lib/python3.7/site-packages/airflow/example_dags/tutorial_etl_dag.py took 0.091 seconds
[2022-08-04 01:15:59,419] {processor.py:153} INFO - Started process (PID=30344) to work on /home/airflow/.local/lib/python3.7/site-packages/airflow/example_dags/tutorial_etl_dag.py
[2022-08-04 01:15:59,420] {processor.py:641} INFO - Processing file /home/airflow/.local/lib/python3.7/site-packages/airflow/example_dags/tutorial_etl_dag.py for tasks to queue
[2022-08-04 01:15:59,421] {logging_mixin.py:115} INFO - [2022-08-04 01:15:59,420] {dagbag.py:508} INFO - Filling up the DagBag from /home/airflow/.local/lib/python3.7/site-packages/airflow/example_dags/tutorial_etl_dag.py
[2022-08-04 01:15:59,428] {processor.py:651} INFO - DAG(s) dict_keys(['tutorial_etl_dag']) retrieved from /home/airflow/.local/lib/python3.7/site-packages/airflow/example_dags/tutorial_etl_dag.py
[2022-08-04 01:15:59,460] {logging_mixin.py:115} INFO - [2022-08-04 01:15:59,460] {dag.py:2420} INFO - Sync 1 DAGs
[2022-08-04 01:15:59,490] {logging_mixin.py:115} INFO - [2022-08-04 01:15:59,490] {dag.py:2972} INFO - Setting next_dagrun for tutorial_etl_dag to None, run_after=None
[2022-08-04 01:15:59,508] {processor.py:161} INFO - Processing /home/airflow/.local/lib/python3.7/site-packages/airflow/example_dags/tutorial_etl_dag.py took 0.092 seconds
[2022-08-04 01:16:29,890] {processor.py:153} INFO - Started process (PID=30538) to work on /home/airflow/.local/lib/python3.7/site-packages/airflow/example_dags/tutorial_etl_dag.py
[2022-08-04 01:16:29,891] {processor.py:641} INFO - Processing file /home/airflow/.local/lib/python3.7/site-packages/airflow/example_dags/tutorial_etl_dag.py for tasks to queue
[2022-08-04 01:16:29,892] {logging_mixin.py:115} INFO - [2022-08-04 01:16:29,892] {dagbag.py:508} INFO - Filling up the DagBag from /home/airflow/.local/lib/python3.7/site-packages/airflow/example_dags/tutorial_etl_dag.py
[2022-08-04 01:16:29,899] {processor.py:651} INFO - DAG(s) dict_keys(['tutorial_etl_dag']) retrieved from /home/airflow/.local/lib/python3.7/site-packages/airflow/example_dags/tutorial_etl_dag.py
[2022-08-04 01:16:29,932] {logging_mixin.py:115} INFO - [2022-08-04 01:16:29,932] {dag.py:2420} INFO - Sync 1 DAGs
[2022-08-04 01:16:29,969] {logging_mixin.py:115} INFO - [2022-08-04 01:16:29,969] {dag.py:2972} INFO - Setting next_dagrun for tutorial_etl_dag to None, run_after=None
[2022-08-04 01:16:29,988] {processor.py:161} INFO - Processing /home/airflow/.local/lib/python3.7/site-packages/airflow/example_dags/tutorial_etl_dag.py took 0.101 seconds
[2022-08-04 01:17:00,149] {processor.py:153} INFO - Started process (PID=30741) to work on /home/airflow/.local/lib/python3.7/site-packages/airflow/example_dags/tutorial_etl_dag.py
[2022-08-04 01:17:00,150] {processor.py:641} INFO - Processing file /home/airflow/.local/lib/python3.7/site-packages/airflow/example_dags/tutorial_etl_dag.py for tasks to queue
[2022-08-04 01:17:00,151] {logging_mixin.py:115} INFO - [2022-08-04 01:17:00,151] {dagbag.py:508} INFO - Filling up the DagBag from /home/airflow/.local/lib/python3.7/site-packages/airflow/example_dags/tutorial_etl_dag.py
[2022-08-04 01:17:00,158] {processor.py:651} INFO - DAG(s) dict_keys(['tutorial_etl_dag']) retrieved from /home/airflow/.local/lib/python3.7/site-packages/airflow/example_dags/tutorial_etl_dag.py
[2022-08-04 01:17:00,193] {logging_mixin.py:115} INFO - [2022-08-04 01:17:00,193] {dag.py:2420} INFO - Sync 1 DAGs
[2022-08-04 01:17:00,219] {logging_mixin.py:115} INFO - [2022-08-04 01:17:00,219] {dag.py:2972} INFO - Setting next_dagrun for tutorial_etl_dag to None, run_after=None
[2022-08-04 01:17:00,242] {processor.py:161} INFO - Processing /home/airflow/.local/lib/python3.7/site-packages/airflow/example_dags/tutorial_etl_dag.py took 0.096 seconds
[2022-08-04 01:17:30,872] {processor.py:153} INFO - Started process (PID=30937) to work on /home/airflow/.local/lib/python3.7/site-packages/airflow/example_dags/tutorial_etl_dag.py
[2022-08-04 01:17:30,873] {processor.py:641} INFO - Processing file /home/airflow/.local/lib/python3.7/site-packages/airflow/example_dags/tutorial_etl_dag.py for tasks to queue
[2022-08-04 01:17:30,874] {logging_mixin.py:115} INFO - [2022-08-04 01:17:30,874] {dagbag.py:508} INFO - Filling up the DagBag from /home/airflow/.local/lib/python3.7/site-packages/airflow/example_dags/tutorial_etl_dag.py
[2022-08-04 01:17:30,882] {processor.py:651} INFO - DAG(s) dict_keys(['tutorial_etl_dag']) retrieved from /home/airflow/.local/lib/python3.7/site-packages/airflow/example_dags/tutorial_etl_dag.py
[2022-08-04 01:17:30,921] {logging_mixin.py:115} INFO - [2022-08-04 01:17:30,921] {dag.py:2420} INFO - Sync 1 DAGs
[2022-08-04 01:17:30,948] {logging_mixin.py:115} INFO - [2022-08-04 01:17:30,948] {dag.py:2972} INFO - Setting next_dagrun for tutorial_etl_dag to None, run_after=None
[2022-08-04 01:17:30,964] {processor.py:161} INFO - Processing /home/airflow/.local/lib/python3.7/site-packages/airflow/example_dags/tutorial_etl_dag.py took 0.095 seconds
[2022-08-04 01:18:01,099] {processor.py:153} INFO - Started process (PID=31140) to work on /home/airflow/.local/lib/python3.7/site-packages/airflow/example_dags/tutorial_etl_dag.py
[2022-08-04 01:18:01,100] {processor.py:641} INFO - Processing file /home/airflow/.local/lib/python3.7/site-packages/airflow/example_dags/tutorial_etl_dag.py for tasks to queue
[2022-08-04 01:18:01,101] {logging_mixin.py:115} INFO - [2022-08-04 01:18:01,101] {dagbag.py:508} INFO - Filling up the DagBag from /home/airflow/.local/lib/python3.7/site-packages/airflow/example_dags/tutorial_etl_dag.py
[2022-08-04 01:18:01,108] {processor.py:651} INFO - DAG(s) dict_keys(['tutorial_etl_dag']) retrieved from /home/airflow/.local/lib/python3.7/site-packages/airflow/example_dags/tutorial_etl_dag.py
[2022-08-04 01:18:01,139] {logging_mixin.py:115} INFO - [2022-08-04 01:18:01,138] {dag.py:2420} INFO - Sync 1 DAGs
[2022-08-04 01:18:01,164] {logging_mixin.py:115} INFO - [2022-08-04 01:18:01,164] {dag.py:2972} INFO - Setting next_dagrun for tutorial_etl_dag to None, run_after=None
[2022-08-04 01:18:01,188] {processor.py:161} INFO - Processing /home/airflow/.local/lib/python3.7/site-packages/airflow/example_dags/tutorial_etl_dag.py took 0.092 seconds
[2022-08-04 01:18:31,263] {processor.py:153} INFO - Started process (PID=31334) to work on /home/airflow/.local/lib/python3.7/site-packages/airflow/example_dags/tutorial_etl_dag.py
[2022-08-04 01:18:31,264] {processor.py:641} INFO - Processing file /home/airflow/.local/lib/python3.7/site-packages/airflow/example_dags/tutorial_etl_dag.py for tasks to queue
[2022-08-04 01:18:31,265] {logging_mixin.py:115} INFO - [2022-08-04 01:18:31,265] {dagbag.py:508} INFO - Filling up the DagBag from /home/airflow/.local/lib/python3.7/site-packages/airflow/example_dags/tutorial_etl_dag.py
[2022-08-04 01:18:31,272] {processor.py:651} INFO - DAG(s) dict_keys(['tutorial_etl_dag']) retrieved from /home/airflow/.local/lib/python3.7/site-packages/airflow/example_dags/tutorial_etl_dag.py
[2022-08-04 01:18:31,306] {logging_mixin.py:115} INFO - [2022-08-04 01:18:31,306] {dag.py:2420} INFO - Sync 1 DAGs
[2022-08-04 01:18:31,333] {logging_mixin.py:115} INFO - [2022-08-04 01:18:31,333] {dag.py:2972} INFO - Setting next_dagrun for tutorial_etl_dag to None, run_after=None
[2022-08-04 01:18:31,359] {processor.py:161} INFO - Processing /home/airflow/.local/lib/python3.7/site-packages/airflow/example_dags/tutorial_etl_dag.py took 0.100 seconds
[2022-08-04 01:19:01,465] {processor.py:153} INFO - Started process (PID=31537) to work on /home/airflow/.local/lib/python3.7/site-packages/airflow/example_dags/tutorial_etl_dag.py
[2022-08-04 01:19:01,466] {processor.py:641} INFO - Processing file /home/airflow/.local/lib/python3.7/site-packages/airflow/example_dags/tutorial_etl_dag.py for tasks to queue
[2022-08-04 01:19:01,467] {logging_mixin.py:115} INFO - [2022-08-04 01:19:01,467] {dagbag.py:508} INFO - Filling up the DagBag from /home/airflow/.local/lib/python3.7/site-packages/airflow/example_dags/tutorial_etl_dag.py
[2022-08-04 01:19:01,474] {processor.py:651} INFO - DAG(s) dict_keys(['tutorial_etl_dag']) retrieved from /home/airflow/.local/lib/python3.7/site-packages/airflow/example_dags/tutorial_etl_dag.py
[2022-08-04 01:19:01,504] {logging_mixin.py:115} INFO - [2022-08-04 01:19:01,504] {dag.py:2420} INFO - Sync 1 DAGs
[2022-08-04 01:19:01,530] {logging_mixin.py:115} INFO - [2022-08-04 01:19:01,530] {dag.py:2972} INFO - Setting next_dagrun for tutorial_etl_dag to None, run_after=None
[2022-08-04 01:19:01,548] {processor.py:161} INFO - Processing /home/airflow/.local/lib/python3.7/site-packages/airflow/example_dags/tutorial_etl_dag.py took 0.086 seconds
[2022-08-04 01:19:31,604] {processor.py:153} INFO - Started process (PID=31729) to work on /home/airflow/.local/lib/python3.7/site-packages/airflow/example_dags/tutorial_etl_dag.py
[2022-08-04 01:19:31,605] {processor.py:641} INFO - Processing file /home/airflow/.local/lib/python3.7/site-packages/airflow/example_dags/tutorial_etl_dag.py for tasks to queue
[2022-08-04 01:19:31,606] {logging_mixin.py:115} INFO - [2022-08-04 01:19:31,606] {dagbag.py:508} INFO - Filling up the DagBag from /home/airflow/.local/lib/python3.7/site-packages/airflow/example_dags/tutorial_etl_dag.py
[2022-08-04 01:19:31,613] {processor.py:651} INFO - DAG(s) dict_keys(['tutorial_etl_dag']) retrieved from /home/airflow/.local/lib/python3.7/site-packages/airflow/example_dags/tutorial_etl_dag.py
[2022-08-04 01:19:31,642] {logging_mixin.py:115} INFO - [2022-08-04 01:19:31,642] {dag.py:2420} INFO - Sync 1 DAGs
[2022-08-04 01:19:31,676] {logging_mixin.py:115} INFO - [2022-08-04 01:19:31,676] {dag.py:2972} INFO - Setting next_dagrun for tutorial_etl_dag to None, run_after=None
[2022-08-04 01:19:31,693] {processor.py:161} INFO - Processing /home/airflow/.local/lib/python3.7/site-packages/airflow/example_dags/tutorial_etl_dag.py took 0.092 seconds
[2022-08-04 01:20:02,002] {processor.py:153} INFO - Started process (PID=31932) to work on /home/airflow/.local/lib/python3.7/site-packages/airflow/example_dags/tutorial_etl_dag.py
[2022-08-04 01:20:02,003] {processor.py:641} INFO - Processing file /home/airflow/.local/lib/python3.7/site-packages/airflow/example_dags/tutorial_etl_dag.py for tasks to queue
[2022-08-04 01:20:02,004] {logging_mixin.py:115} INFO - [2022-08-04 01:20:02,003] {dagbag.py:508} INFO - Filling up the DagBag from /home/airflow/.local/lib/python3.7/site-packages/airflow/example_dags/tutorial_etl_dag.py
[2022-08-04 01:20:02,010] {processor.py:651} INFO - DAG(s) dict_keys(['tutorial_etl_dag']) retrieved from /home/airflow/.local/lib/python3.7/site-packages/airflow/example_dags/tutorial_etl_dag.py
[2022-08-04 01:20:02,043] {logging_mixin.py:115} INFO - [2022-08-04 01:20:02,043] {dag.py:2420} INFO - Sync 1 DAGs
[2022-08-04 01:20:02,075] {logging_mixin.py:115} INFO - [2022-08-04 01:20:02,074] {dag.py:2972} INFO - Setting next_dagrun for tutorial_etl_dag to None, run_after=None
[2022-08-04 01:20:02,092] {processor.py:161} INFO - Processing /home/airflow/.local/lib/python3.7/site-packages/airflow/example_dags/tutorial_etl_dag.py took 0.093 seconds
[2022-08-04 01:20:32,298] {processor.py:153} INFO - Started process (PID=32126) to work on /home/airflow/.local/lib/python3.7/site-packages/airflow/example_dags/tutorial_etl_dag.py
[2022-08-04 01:20:32,299] {processor.py:641} INFO - Processing file /home/airflow/.local/lib/python3.7/site-packages/airflow/example_dags/tutorial_etl_dag.py for tasks to queue
[2022-08-04 01:20:32,299] {logging_mixin.py:115} INFO - [2022-08-04 01:20:32,299] {dagbag.py:508} INFO - Filling up the DagBag from /home/airflow/.local/lib/python3.7/site-packages/airflow/example_dags/tutorial_etl_dag.py
[2022-08-04 01:20:32,308] {processor.py:651} INFO - DAG(s) dict_keys(['tutorial_etl_dag']) retrieved from /home/airflow/.local/lib/python3.7/site-packages/airflow/example_dags/tutorial_etl_dag.py
[2022-08-04 01:20:32,340] {logging_mixin.py:115} INFO - [2022-08-04 01:20:32,340] {dag.py:2420} INFO - Sync 1 DAGs
[2022-08-04 01:20:32,374] {logging_mixin.py:115} INFO - [2022-08-04 01:20:32,374] {dag.py:2972} INFO - Setting next_dagrun for tutorial_etl_dag to None, run_after=None
[2022-08-04 01:20:32,395] {processor.py:161} INFO - Processing /home/airflow/.local/lib/python3.7/site-packages/airflow/example_dags/tutorial_etl_dag.py took 0.100 seconds
[2022-08-04 01:21:02,579] {processor.py:153} INFO - Started process (PID=32329) to work on /home/airflow/.local/lib/python3.7/site-packages/airflow/example_dags/tutorial_etl_dag.py
[2022-08-04 01:21:02,580] {processor.py:641} INFO - Processing file /home/airflow/.local/lib/python3.7/site-packages/airflow/example_dags/tutorial_etl_dag.py for tasks to queue
[2022-08-04 01:21:02,580] {logging_mixin.py:115} INFO - [2022-08-04 01:21:02,580] {dagbag.py:508} INFO - Filling up the DagBag from /home/airflow/.local/lib/python3.7/site-packages/airflow/example_dags/tutorial_etl_dag.py
[2022-08-04 01:21:02,587] {processor.py:651} INFO - DAG(s) dict_keys(['tutorial_etl_dag']) retrieved from /home/airflow/.local/lib/python3.7/site-packages/airflow/example_dags/tutorial_etl_dag.py
[2022-08-04 01:21:02,612] {logging_mixin.py:115} INFO - [2022-08-04 01:21:02,612] {dag.py:2420} INFO - Sync 1 DAGs
[2022-08-04 01:21:02,637] {logging_mixin.py:115} INFO - [2022-08-04 01:21:02,637] {dag.py:2972} INFO - Setting next_dagrun for tutorial_etl_dag to None, run_after=None
[2022-08-04 01:21:02,653] {processor.py:161} INFO - Processing /home/airflow/.local/lib/python3.7/site-packages/airflow/example_dags/tutorial_etl_dag.py took 0.077 seconds
[2022-08-04 01:21:33,314] {processor.py:153} INFO - Started process (PID=32532) to work on /home/airflow/.local/lib/python3.7/site-packages/airflow/example_dags/tutorial_etl_dag.py
[2022-08-04 01:21:33,315] {processor.py:641} INFO - Processing file /home/airflow/.local/lib/python3.7/site-packages/airflow/example_dags/tutorial_etl_dag.py for tasks to queue
[2022-08-04 01:21:33,316] {logging_mixin.py:115} INFO - [2022-08-04 01:21:33,315] {dagbag.py:508} INFO - Filling up the DagBag from /home/airflow/.local/lib/python3.7/site-packages/airflow/example_dags/tutorial_etl_dag.py
[2022-08-04 01:21:33,327] {processor.py:651} INFO - DAG(s) dict_keys(['tutorial_etl_dag']) retrieved from /home/airflow/.local/lib/python3.7/site-packages/airflow/example_dags/tutorial_etl_dag.py
[2022-08-04 01:21:33,359] {logging_mixin.py:115} INFO - [2022-08-04 01:21:33,359] {dag.py:2420} INFO - Sync 1 DAGs
[2022-08-04 01:21:33,398] {logging_mixin.py:115} INFO - [2022-08-04 01:21:33,398] {dag.py:2972} INFO - Setting next_dagrun for tutorial_etl_dag to None, run_after=None
[2022-08-04 01:21:33,419] {processor.py:161} INFO - Processing /home/airflow/.local/lib/python3.7/site-packages/airflow/example_dags/tutorial_etl_dag.py took 0.109 seconds
[2022-08-04 01:22:03,889] {processor.py:153} INFO - Started process (PID=32726) to work on /home/airflow/.local/lib/python3.7/site-packages/airflow/example_dags/tutorial_etl_dag.py
[2022-08-04 01:22:03,890] {processor.py:641} INFO - Processing file /home/airflow/.local/lib/python3.7/site-packages/airflow/example_dags/tutorial_etl_dag.py for tasks to queue
[2022-08-04 01:22:03,891] {logging_mixin.py:115} INFO - [2022-08-04 01:22:03,890] {dagbag.py:508} INFO - Filling up the DagBag from /home/airflow/.local/lib/python3.7/site-packages/airflow/example_dags/tutorial_etl_dag.py
[2022-08-04 01:22:03,899] {processor.py:651} INFO - DAG(s) dict_keys(['tutorial_etl_dag']) retrieved from /home/airflow/.local/lib/python3.7/site-packages/airflow/example_dags/tutorial_etl_dag.py
[2022-08-04 01:22:03,931] {logging_mixin.py:115} INFO - [2022-08-04 01:22:03,931] {dag.py:2420} INFO - Sync 1 DAGs
[2022-08-04 01:22:03,965] {logging_mixin.py:115} INFO - [2022-08-04 01:22:03,965] {dag.py:2972} INFO - Setting next_dagrun for tutorial_etl_dag to None, run_after=None
[2022-08-04 01:22:03,981] {processor.py:161} INFO - Processing /home/airflow/.local/lib/python3.7/site-packages/airflow/example_dags/tutorial_etl_dag.py took 0.095 seconds
[2022-08-04 01:22:34,357] {processor.py:153} INFO - Started process (PID=461) to work on /home/airflow/.local/lib/python3.7/site-packages/airflow/example_dags/tutorial_etl_dag.py
[2022-08-04 01:22:34,358] {processor.py:641} INFO - Processing file /home/airflow/.local/lib/python3.7/site-packages/airflow/example_dags/tutorial_etl_dag.py for tasks to queue
[2022-08-04 01:22:34,359] {logging_mixin.py:115} INFO - [2022-08-04 01:22:34,359] {dagbag.py:508} INFO - Filling up the DagBag from /home/airflow/.local/lib/python3.7/site-packages/airflow/example_dags/tutorial_etl_dag.py
[2022-08-04 01:22:34,369] {processor.py:651} INFO - DAG(s) dict_keys(['tutorial_etl_dag']) retrieved from /home/airflow/.local/lib/python3.7/site-packages/airflow/example_dags/tutorial_etl_dag.py
[2022-08-04 01:22:34,403] {logging_mixin.py:115} INFO - [2022-08-04 01:22:34,402] {dag.py:2420} INFO - Sync 1 DAGs
[2022-08-04 01:22:34,440] {logging_mixin.py:115} INFO - [2022-08-04 01:22:34,440] {dag.py:2972} INFO - Setting next_dagrun for tutorial_etl_dag to None, run_after=None
[2022-08-04 01:22:34,457] {processor.py:161} INFO - Processing /home/airflow/.local/lib/python3.7/site-packages/airflow/example_dags/tutorial_etl_dag.py took 0.103 seconds
[2022-08-04 01:23:04,960] {processor.py:153} INFO - Started process (PID=655) to work on /home/airflow/.local/lib/python3.7/site-packages/airflow/example_dags/tutorial_etl_dag.py
[2022-08-04 01:23:04,961] {processor.py:641} INFO - Processing file /home/airflow/.local/lib/python3.7/site-packages/airflow/example_dags/tutorial_etl_dag.py for tasks to queue
[2022-08-04 01:23:04,962] {logging_mixin.py:115} INFO - [2022-08-04 01:23:04,962] {dagbag.py:508} INFO - Filling up the DagBag from /home/airflow/.local/lib/python3.7/site-packages/airflow/example_dags/tutorial_etl_dag.py
[2022-08-04 01:23:04,970] {processor.py:651} INFO - DAG(s) dict_keys(['tutorial_etl_dag']) retrieved from /home/airflow/.local/lib/python3.7/site-packages/airflow/example_dags/tutorial_etl_dag.py
[2022-08-04 01:23:05,001] {logging_mixin.py:115} INFO - [2022-08-04 01:23:05,001] {dag.py:2420} INFO - Sync 1 DAGs
[2022-08-04 01:23:05,039] {logging_mixin.py:115} INFO - [2022-08-04 01:23:05,039] {dag.py:2972} INFO - Setting next_dagrun for tutorial_etl_dag to None, run_after=None
[2022-08-04 01:23:05,056] {processor.py:161} INFO - Processing /home/airflow/.local/lib/python3.7/site-packages/airflow/example_dags/tutorial_etl_dag.py took 0.100 seconds
[2022-08-04 01:23:35,865] {processor.py:153} INFO - Started process (PID=859) to work on /home/airflow/.local/lib/python3.7/site-packages/airflow/example_dags/tutorial_etl_dag.py
[2022-08-04 01:23:35,866] {processor.py:641} INFO - Processing file /home/airflow/.local/lib/python3.7/site-packages/airflow/example_dags/tutorial_etl_dag.py for tasks to queue
[2022-08-04 01:23:35,867] {logging_mixin.py:115} INFO - [2022-08-04 01:23:35,867] {dagbag.py:508} INFO - Filling up the DagBag from /home/airflow/.local/lib/python3.7/site-packages/airflow/example_dags/tutorial_etl_dag.py
[2022-08-04 01:23:35,880] {processor.py:651} INFO - DAG(s) dict_keys(['tutorial_etl_dag']) retrieved from /home/airflow/.local/lib/python3.7/site-packages/airflow/example_dags/tutorial_etl_dag.py
[2022-08-04 01:23:35,925] {logging_mixin.py:115} INFO - [2022-08-04 01:23:35,925] {dag.py:2420} INFO - Sync 1 DAGs
[2022-08-04 01:23:35,969] {logging_mixin.py:115} INFO - [2022-08-04 01:23:35,969] {dag.py:2972} INFO - Setting next_dagrun for tutorial_etl_dag to None, run_after=None
[2022-08-04 01:23:35,995] {processor.py:161} INFO - Processing /home/airflow/.local/lib/python3.7/site-packages/airflow/example_dags/tutorial_etl_dag.py took 0.136 seconds
[2022-08-04 01:24:06,373] {processor.py:153} INFO - Started process (PID=1053) to work on /home/airflow/.local/lib/python3.7/site-packages/airflow/example_dags/tutorial_etl_dag.py
[2022-08-04 01:24:06,373] {processor.py:641} INFO - Processing file /home/airflow/.local/lib/python3.7/site-packages/airflow/example_dags/tutorial_etl_dag.py for tasks to queue
[2022-08-04 01:24:06,374] {logging_mixin.py:115} INFO - [2022-08-04 01:24:06,374] {dagbag.py:508} INFO - Filling up the DagBag from /home/airflow/.local/lib/python3.7/site-packages/airflow/example_dags/tutorial_etl_dag.py
[2022-08-04 01:24:06,381] {processor.py:651} INFO - DAG(s) dict_keys(['tutorial_etl_dag']) retrieved from /home/airflow/.local/lib/python3.7/site-packages/airflow/example_dags/tutorial_etl_dag.py
[2022-08-04 01:24:06,412] {logging_mixin.py:115} INFO - [2022-08-04 01:24:06,412] {dag.py:2420} INFO - Sync 1 DAGs
[2022-08-04 01:24:06,442] {logging_mixin.py:115} INFO - [2022-08-04 01:24:06,442] {dag.py:2972} INFO - Setting next_dagrun for tutorial_etl_dag to None, run_after=None
[2022-08-04 01:24:06,458] {processor.py:161} INFO - Processing /home/airflow/.local/lib/python3.7/site-packages/airflow/example_dags/tutorial_etl_dag.py took 0.089 seconds
[2022-08-04 01:24:37,468] {processor.py:153} INFO - Started process (PID=1256) to work on /home/airflow/.local/lib/python3.7/site-packages/airflow/example_dags/tutorial_etl_dag.py
[2022-08-04 01:24:37,469] {processor.py:641} INFO - Processing file /home/airflow/.local/lib/python3.7/site-packages/airflow/example_dags/tutorial_etl_dag.py for tasks to queue
[2022-08-04 01:24:37,470] {logging_mixin.py:115} INFO - [2022-08-04 01:24:37,470] {dagbag.py:508} INFO - Filling up the DagBag from /home/airflow/.local/lib/python3.7/site-packages/airflow/example_dags/tutorial_etl_dag.py
[2022-08-04 01:24:37,479] {processor.py:651} INFO - DAG(s) dict_keys(['tutorial_etl_dag']) retrieved from /home/airflow/.local/lib/python3.7/site-packages/airflow/example_dags/tutorial_etl_dag.py
[2022-08-04 01:24:37,510] {logging_mixin.py:115} INFO - [2022-08-04 01:24:37,510] {dag.py:2420} INFO - Sync 1 DAGs
[2022-08-04 01:24:37,541] {logging_mixin.py:115} INFO - [2022-08-04 01:24:37,540] {dag.py:2972} INFO - Setting next_dagrun for tutorial_etl_dag to None, run_after=None
[2022-08-04 01:24:37,560] {processor.py:161} INFO - Processing /home/airflow/.local/lib/python3.7/site-packages/airflow/example_dags/tutorial_etl_dag.py took 0.096 seconds
[2022-08-04 01:25:07,675] {processor.py:153} INFO - Started process (PID=1449) to work on /home/airflow/.local/lib/python3.7/site-packages/airflow/example_dags/tutorial_etl_dag.py
[2022-08-04 01:25:07,675] {processor.py:641} INFO - Processing file /home/airflow/.local/lib/python3.7/site-packages/airflow/example_dags/tutorial_etl_dag.py for tasks to queue
[2022-08-04 01:25:07,676] {logging_mixin.py:115} INFO - [2022-08-04 01:25:07,676] {dagbag.py:508} INFO - Filling up the DagBag from /home/airflow/.local/lib/python3.7/site-packages/airflow/example_dags/tutorial_etl_dag.py
[2022-08-04 01:25:07,686] {processor.py:651} INFO - DAG(s) dict_keys(['tutorial_etl_dag']) retrieved from /home/airflow/.local/lib/python3.7/site-packages/airflow/example_dags/tutorial_etl_dag.py
[2022-08-04 01:25:07,723] {logging_mixin.py:115} INFO - [2022-08-04 01:25:07,722] {dag.py:2420} INFO - Sync 1 DAGs
[2022-08-04 01:25:07,751] {logging_mixin.py:115} INFO - [2022-08-04 01:25:07,751] {dag.py:2972} INFO - Setting next_dagrun for tutorial_etl_dag to None, run_after=None
[2022-08-04 01:25:07,776] {processor.py:161} INFO - Processing /home/airflow/.local/lib/python3.7/site-packages/airflow/example_dags/tutorial_etl_dag.py took 0.105 seconds
[2022-08-04 01:25:37,861] {processor.py:153} INFO - Started process (PID=1646) to work on /home/airflow/.local/lib/python3.7/site-packages/airflow/example_dags/tutorial_etl_dag.py
[2022-08-04 01:25:37,862] {processor.py:641} INFO - Processing file /home/airflow/.local/lib/python3.7/site-packages/airflow/example_dags/tutorial_etl_dag.py for tasks to queue
[2022-08-04 01:25:37,863] {logging_mixin.py:115} INFO - [2022-08-04 01:25:37,863] {dagbag.py:508} INFO - Filling up the DagBag from /home/airflow/.local/lib/python3.7/site-packages/airflow/example_dags/tutorial_etl_dag.py
[2022-08-04 01:25:37,873] {processor.py:651} INFO - DAG(s) dict_keys(['tutorial_etl_dag']) retrieved from /home/airflow/.local/lib/python3.7/site-packages/airflow/example_dags/tutorial_etl_dag.py
[2022-08-04 01:25:37,911] {logging_mixin.py:115} INFO - [2022-08-04 01:25:37,910] {dag.py:2420} INFO - Sync 1 DAGs
[2022-08-04 01:25:37,942] {logging_mixin.py:115} INFO - [2022-08-04 01:25:37,942] {dag.py:2972} INFO - Setting next_dagrun for tutorial_etl_dag to None, run_after=None
[2022-08-04 01:25:37,958] {processor.py:161} INFO - Processing /home/airflow/.local/lib/python3.7/site-packages/airflow/example_dags/tutorial_etl_dag.py took 0.101 seconds
[2022-08-04 01:26:08,134] {processor.py:153} INFO - Started process (PID=1840) to work on /home/airflow/.local/lib/python3.7/site-packages/airflow/example_dags/tutorial_etl_dag.py
[2022-08-04 01:26:08,135] {processor.py:641} INFO - Processing file /home/airflow/.local/lib/python3.7/site-packages/airflow/example_dags/tutorial_etl_dag.py for tasks to queue
[2022-08-04 01:26:08,135] {logging_mixin.py:115} INFO - [2022-08-04 01:26:08,135] {dagbag.py:508} INFO - Filling up the DagBag from /home/airflow/.local/lib/python3.7/site-packages/airflow/example_dags/tutorial_etl_dag.py
[2022-08-04 01:26:08,142] {processor.py:651} INFO - DAG(s) dict_keys(['tutorial_etl_dag']) retrieved from /home/airflow/.local/lib/python3.7/site-packages/airflow/example_dags/tutorial_etl_dag.py
[2022-08-04 01:26:08,181] {logging_mixin.py:115} INFO - [2022-08-04 01:26:08,181] {dag.py:2420} INFO - Sync 1 DAGs
[2022-08-04 01:26:08,212] {logging_mixin.py:115} INFO - [2022-08-04 01:26:08,212] {dag.py:2972} INFO - Setting next_dagrun for tutorial_etl_dag to None, run_after=None
[2022-08-04 01:26:08,232] {processor.py:161} INFO - Processing /home/airflow/.local/lib/python3.7/site-packages/airflow/example_dags/tutorial_etl_dag.py took 0.102 seconds
[2022-08-04 01:26:38,329] {processor.py:153} INFO - Started process (PID=2043) to work on /home/airflow/.local/lib/python3.7/site-packages/airflow/example_dags/tutorial_etl_dag.py
[2022-08-04 01:26:38,330] {processor.py:641} INFO - Processing file /home/airflow/.local/lib/python3.7/site-packages/airflow/example_dags/tutorial_etl_dag.py for tasks to queue
[2022-08-04 01:26:38,331] {logging_mixin.py:115} INFO - [2022-08-04 01:26:38,331] {dagbag.py:508} INFO - Filling up the DagBag from /home/airflow/.local/lib/python3.7/site-packages/airflow/example_dags/tutorial_etl_dag.py
[2022-08-04 01:26:38,338] {processor.py:651} INFO - DAG(s) dict_keys(['tutorial_etl_dag']) retrieved from /home/airflow/.local/lib/python3.7/site-packages/airflow/example_dags/tutorial_etl_dag.py
[2022-08-04 01:26:38,372] {logging_mixin.py:115} INFO - [2022-08-04 01:26:38,372] {dag.py:2420} INFO - Sync 1 DAGs
[2022-08-04 01:26:38,411] {logging_mixin.py:115} INFO - [2022-08-04 01:26:38,411] {dag.py:2972} INFO - Setting next_dagrun for tutorial_etl_dag to None, run_after=None
[2022-08-04 01:26:38,441] {processor.py:161} INFO - Processing /home/airflow/.local/lib/python3.7/site-packages/airflow/example_dags/tutorial_etl_dag.py took 0.115 seconds
[2022-08-04 01:27:08,780] {processor.py:153} INFO - Started process (PID=2237) to work on /home/airflow/.local/lib/python3.7/site-packages/airflow/example_dags/tutorial_etl_dag.py
[2022-08-04 01:27:08,781] {processor.py:641} INFO - Processing file /home/airflow/.local/lib/python3.7/site-packages/airflow/example_dags/tutorial_etl_dag.py for tasks to queue
[2022-08-04 01:27:08,782] {logging_mixin.py:115} INFO - [2022-08-04 01:27:08,782] {dagbag.py:508} INFO - Filling up the DagBag from /home/airflow/.local/lib/python3.7/site-packages/airflow/example_dags/tutorial_etl_dag.py
[2022-08-04 01:27:08,789] {processor.py:651} INFO - DAG(s) dict_keys(['tutorial_etl_dag']) retrieved from /home/airflow/.local/lib/python3.7/site-packages/airflow/example_dags/tutorial_etl_dag.py
[2022-08-04 01:27:08,820] {logging_mixin.py:115} INFO - [2022-08-04 01:27:08,820] {dag.py:2420} INFO - Sync 1 DAGs
[2022-08-04 01:27:08,852] {logging_mixin.py:115} INFO - [2022-08-04 01:27:08,852] {dag.py:2972} INFO - Setting next_dagrun for tutorial_etl_dag to None, run_after=None
[2022-08-04 01:27:08,873] {processor.py:161} INFO - Processing /home/airflow/.local/lib/python3.7/site-packages/airflow/example_dags/tutorial_etl_dag.py took 0.096 seconds
[2022-08-04 05:37:01,885] {processor.py:153} INFO - Started process (PID=2459) to work on /home/airflow/.local/lib/python3.7/site-packages/airflow/example_dags/tutorial_etl_dag.py
[2022-08-04 05:37:01,888] {processor.py:641} INFO - Processing file /home/airflow/.local/lib/python3.7/site-packages/airflow/example_dags/tutorial_etl_dag.py for tasks to queue
[2022-08-04 05:37:01,889] {logging_mixin.py:115} INFO - [2022-08-04 05:37:01,889] {dagbag.py:508} INFO - Filling up the DagBag from /home/airflow/.local/lib/python3.7/site-packages/airflow/example_dags/tutorial_etl_dag.py
[2022-08-04 05:37:01,904] {processor.py:651} INFO - DAG(s) dict_keys(['tutorial_etl_dag']) retrieved from /home/airflow/.local/lib/python3.7/site-packages/airflow/example_dags/tutorial_etl_dag.py
[2022-08-04 05:37:01,964] {logging_mixin.py:115} INFO - [2022-08-04 05:37:01,964] {dag.py:2420} INFO - Sync 1 DAGs
[2022-08-04 05:37:02,027] {logging_mixin.py:115} INFO - [2022-08-04 05:37:02,026] {dag.py:2972} INFO - Setting next_dagrun for tutorial_etl_dag to None, run_after=None
[2022-08-04 05:37:02,063] {processor.py:161} INFO - Processing /home/airflow/.local/lib/python3.7/site-packages/airflow/example_dags/tutorial_etl_dag.py took 0.185 seconds
[2022-08-04 05:37:32,227] {processor.py:153} INFO - Started process (PID=2653) to work on /home/airflow/.local/lib/python3.7/site-packages/airflow/example_dags/tutorial_etl_dag.py
[2022-08-04 05:37:32,227] {processor.py:641} INFO - Processing file /home/airflow/.local/lib/python3.7/site-packages/airflow/example_dags/tutorial_etl_dag.py for tasks to queue
[2022-08-04 05:37:32,228] {logging_mixin.py:115} INFO - [2022-08-04 05:37:32,228] {dagbag.py:508} INFO - Filling up the DagBag from /home/airflow/.local/lib/python3.7/site-packages/airflow/example_dags/tutorial_etl_dag.py
[2022-08-04 05:37:32,234] {processor.py:651} INFO - DAG(s) dict_keys(['tutorial_etl_dag']) retrieved from /home/airflow/.local/lib/python3.7/site-packages/airflow/example_dags/tutorial_etl_dag.py
[2022-08-04 05:37:32,258] {logging_mixin.py:115} INFO - [2022-08-04 05:37:32,258] {dag.py:2420} INFO - Sync 1 DAGs
[2022-08-04 05:37:32,282] {logging_mixin.py:115} INFO - [2022-08-04 05:37:32,282] {dag.py:2972} INFO - Setting next_dagrun for tutorial_etl_dag to None, run_after=None
[2022-08-04 05:37:32,297] {processor.py:161} INFO - Processing /home/airflow/.local/lib/python3.7/site-packages/airflow/example_dags/tutorial_etl_dag.py took 0.073 seconds
[2022-08-04 05:38:02,850] {processor.py:153} INFO - Started process (PID=2856) to work on /home/airflow/.local/lib/python3.7/site-packages/airflow/example_dags/tutorial_etl_dag.py
[2022-08-04 05:38:02,851] {processor.py:641} INFO - Processing file /home/airflow/.local/lib/python3.7/site-packages/airflow/example_dags/tutorial_etl_dag.py for tasks to queue
[2022-08-04 05:38:02,852] {logging_mixin.py:115} INFO - [2022-08-04 05:38:02,852] {dagbag.py:508} INFO - Filling up the DagBag from /home/airflow/.local/lib/python3.7/site-packages/airflow/example_dags/tutorial_etl_dag.py
[2022-08-04 05:38:02,859] {processor.py:651} INFO - DAG(s) dict_keys(['tutorial_etl_dag']) retrieved from /home/airflow/.local/lib/python3.7/site-packages/airflow/example_dags/tutorial_etl_dag.py
[2022-08-04 05:38:02,888] {logging_mixin.py:115} INFO - [2022-08-04 05:38:02,888] {dag.py:2420} INFO - Sync 1 DAGs
[2022-08-04 05:38:02,911] {logging_mixin.py:115} INFO - [2022-08-04 05:38:02,911] {dag.py:2972} INFO - Setting next_dagrun for tutorial_etl_dag to None, run_after=None
[2022-08-04 05:38:02,930] {processor.py:161} INFO - Processing /home/airflow/.local/lib/python3.7/site-packages/airflow/example_dags/tutorial_etl_dag.py took 0.083 seconds
[2022-08-04 05:38:33,591] {processor.py:153} INFO - Started process (PID=3051) to work on /home/airflow/.local/lib/python3.7/site-packages/airflow/example_dags/tutorial_etl_dag.py
[2022-08-04 05:38:33,592] {processor.py:641} INFO - Processing file /home/airflow/.local/lib/python3.7/site-packages/airflow/example_dags/tutorial_etl_dag.py for tasks to queue
[2022-08-04 05:38:33,593] {logging_mixin.py:115} INFO - [2022-08-04 05:38:33,593] {dagbag.py:508} INFO - Filling up the DagBag from /home/airflow/.local/lib/python3.7/site-packages/airflow/example_dags/tutorial_etl_dag.py
[2022-08-04 05:38:33,603] {processor.py:651} INFO - DAG(s) dict_keys(['tutorial_etl_dag']) retrieved from /home/airflow/.local/lib/python3.7/site-packages/airflow/example_dags/tutorial_etl_dag.py
[2022-08-04 05:38:33,633] {logging_mixin.py:115} INFO - [2022-08-04 05:38:33,633] {dag.py:2420} INFO - Sync 1 DAGs
[2022-08-04 05:38:33,664] {logging_mixin.py:115} INFO - [2022-08-04 05:38:33,663] {dag.py:2972} INFO - Setting next_dagrun for tutorial_etl_dag to None, run_after=None
[2022-08-04 05:38:33,684] {processor.py:161} INFO - Processing /home/airflow/.local/lib/python3.7/site-packages/airflow/example_dags/tutorial_etl_dag.py took 0.096 seconds
[2022-08-04 05:39:04,134] {processor.py:153} INFO - Started process (PID=3254) to work on /home/airflow/.local/lib/python3.7/site-packages/airflow/example_dags/tutorial_etl_dag.py
[2022-08-04 05:39:04,134] {processor.py:641} INFO - Processing file /home/airflow/.local/lib/python3.7/site-packages/airflow/example_dags/tutorial_etl_dag.py for tasks to queue
[2022-08-04 05:39:04,135] {logging_mixin.py:115} INFO - [2022-08-04 05:39:04,135] {dagbag.py:508} INFO - Filling up the DagBag from /home/airflow/.local/lib/python3.7/site-packages/airflow/example_dags/tutorial_etl_dag.py
[2022-08-04 05:39:04,142] {processor.py:651} INFO - DAG(s) dict_keys(['tutorial_etl_dag']) retrieved from /home/airflow/.local/lib/python3.7/site-packages/airflow/example_dags/tutorial_etl_dag.py
[2022-08-04 05:39:04,167] {logging_mixin.py:115} INFO - [2022-08-04 05:39:04,167] {dag.py:2420} INFO - Sync 1 DAGs
[2022-08-04 05:39:04,193] {logging_mixin.py:115} INFO - [2022-08-04 05:39:04,193] {dag.py:2972} INFO - Setting next_dagrun for tutorial_etl_dag to None, run_after=None
[2022-08-04 05:39:04,210] {processor.py:161} INFO - Processing /home/airflow/.local/lib/python3.7/site-packages/airflow/example_dags/tutorial_etl_dag.py took 0.079 seconds
[2022-08-04 05:39:34,274] {processor.py:153} INFO - Started process (PID=3442) to work on /home/airflow/.local/lib/python3.7/site-packages/airflow/example_dags/tutorial_etl_dag.py
[2022-08-04 05:39:34,275] {processor.py:641} INFO - Processing file /home/airflow/.local/lib/python3.7/site-packages/airflow/example_dags/tutorial_etl_dag.py for tasks to queue
[2022-08-04 05:39:34,276] {logging_mixin.py:115} INFO - [2022-08-04 05:39:34,276] {dagbag.py:508} INFO - Filling up the DagBag from /home/airflow/.local/lib/python3.7/site-packages/airflow/example_dags/tutorial_etl_dag.py
[2022-08-04 05:39:34,285] {processor.py:651} INFO - DAG(s) dict_keys(['tutorial_etl_dag']) retrieved from /home/airflow/.local/lib/python3.7/site-packages/airflow/example_dags/tutorial_etl_dag.py
[2022-08-04 05:39:34,316] {logging_mixin.py:115} INFO - [2022-08-04 05:39:34,316] {dag.py:2420} INFO - Sync 1 DAGs
[2022-08-04 05:39:34,341] {logging_mixin.py:115} INFO - [2022-08-04 05:39:34,341] {dag.py:2972} INFO - Setting next_dagrun for tutorial_etl_dag to None, run_after=None
[2022-08-04 05:39:34,366] {processor.py:161} INFO - Processing /home/airflow/.local/lib/python3.7/site-packages/airflow/example_dags/tutorial_etl_dag.py took 0.096 seconds
[2022-08-04 05:40:04,468] {processor.py:153} INFO - Started process (PID=3645) to work on /home/airflow/.local/lib/python3.7/site-packages/airflow/example_dags/tutorial_etl_dag.py
[2022-08-04 05:40:04,469] {processor.py:641} INFO - Processing file /home/airflow/.local/lib/python3.7/site-packages/airflow/example_dags/tutorial_etl_dag.py for tasks to queue
[2022-08-04 05:40:04,470] {logging_mixin.py:115} INFO - [2022-08-04 05:40:04,469] {dagbag.py:508} INFO - Filling up the DagBag from /home/airflow/.local/lib/python3.7/site-packages/airflow/example_dags/tutorial_etl_dag.py
[2022-08-04 05:40:04,478] {processor.py:651} INFO - DAG(s) dict_keys(['tutorial_etl_dag']) retrieved from /home/airflow/.local/lib/python3.7/site-packages/airflow/example_dags/tutorial_etl_dag.py
[2022-08-04 05:40:04,507] {logging_mixin.py:115} INFO - [2022-08-04 05:40:04,507] {dag.py:2420} INFO - Sync 1 DAGs
[2022-08-04 05:40:04,532] {logging_mixin.py:115} INFO - [2022-08-04 05:40:04,532] {dag.py:2972} INFO - Setting next_dagrun for tutorial_etl_dag to None, run_after=None
[2022-08-04 05:40:04,550] {processor.py:161} INFO - Processing /home/airflow/.local/lib/python3.7/site-packages/airflow/example_dags/tutorial_etl_dag.py took 0.086 seconds
[2022-08-04 05:40:35,460] {processor.py:153} INFO - Started process (PID=3840) to work on /home/airflow/.local/lib/python3.7/site-packages/airflow/example_dags/tutorial_etl_dag.py
[2022-08-04 05:40:35,461] {processor.py:641} INFO - Processing file /home/airflow/.local/lib/python3.7/site-packages/airflow/example_dags/tutorial_etl_dag.py for tasks to queue
[2022-08-04 05:40:35,462] {logging_mixin.py:115} INFO - [2022-08-04 05:40:35,462] {dagbag.py:508} INFO - Filling up the DagBag from /home/airflow/.local/lib/python3.7/site-packages/airflow/example_dags/tutorial_etl_dag.py
[2022-08-04 05:40:35,472] {processor.py:651} INFO - DAG(s) dict_keys(['tutorial_etl_dag']) retrieved from /home/airflow/.local/lib/python3.7/site-packages/airflow/example_dags/tutorial_etl_dag.py
[2022-08-04 05:40:35,501] {logging_mixin.py:115} INFO - [2022-08-04 05:40:35,501] {dag.py:2420} INFO - Sync 1 DAGs
[2022-08-04 05:40:35,530] {logging_mixin.py:115} INFO - [2022-08-04 05:40:35,529] {dag.py:2972} INFO - Setting next_dagrun for tutorial_etl_dag to None, run_after=None
[2022-08-04 05:40:35,549] {processor.py:161} INFO - Processing /home/airflow/.local/lib/python3.7/site-packages/airflow/example_dags/tutorial_etl_dag.py took 0.092 seconds
[2022-08-04 05:41:06,366] {processor.py:153} INFO - Started process (PID=4043) to work on /home/airflow/.local/lib/python3.7/site-packages/airflow/example_dags/tutorial_etl_dag.py
[2022-08-04 05:41:06,367] {processor.py:641} INFO - Processing file /home/airflow/.local/lib/python3.7/site-packages/airflow/example_dags/tutorial_etl_dag.py for tasks to queue
[2022-08-04 05:41:06,368] {logging_mixin.py:115} INFO - [2022-08-04 05:41:06,368] {dagbag.py:508} INFO - Filling up the DagBag from /home/airflow/.local/lib/python3.7/site-packages/airflow/example_dags/tutorial_etl_dag.py
[2022-08-04 05:41:06,377] {processor.py:651} INFO - DAG(s) dict_keys(['tutorial_etl_dag']) retrieved from /home/airflow/.local/lib/python3.7/site-packages/airflow/example_dags/tutorial_etl_dag.py
[2022-08-04 05:41:06,415] {logging_mixin.py:115} INFO - [2022-08-04 05:41:06,414] {dag.py:2420} INFO - Sync 1 DAGs
[2022-08-04 05:41:06,447] {logging_mixin.py:115} INFO - [2022-08-04 05:41:06,447] {dag.py:2972} INFO - Setting next_dagrun for tutorial_etl_dag to None, run_after=None
[2022-08-04 05:41:06,465] {processor.py:161} INFO - Processing /home/airflow/.local/lib/python3.7/site-packages/airflow/example_dags/tutorial_etl_dag.py took 0.103 seconds
[2022-08-04 05:41:36,782] {processor.py:153} INFO - Started process (PID=4244) to work on /home/airflow/.local/lib/python3.7/site-packages/airflow/example_dags/tutorial_etl_dag.py
[2022-08-04 05:41:36,783] {processor.py:641} INFO - Processing file /home/airflow/.local/lib/python3.7/site-packages/airflow/example_dags/tutorial_etl_dag.py for tasks to queue
[2022-08-04 05:41:36,784] {logging_mixin.py:115} INFO - [2022-08-04 05:41:36,784] {dagbag.py:508} INFO - Filling up the DagBag from /home/airflow/.local/lib/python3.7/site-packages/airflow/example_dags/tutorial_etl_dag.py
[2022-08-04 05:41:36,792] {processor.py:651} INFO - DAG(s) dict_keys(['tutorial_etl_dag']) retrieved from /home/airflow/.local/lib/python3.7/site-packages/airflow/example_dags/tutorial_etl_dag.py
[2022-08-04 05:41:36,824] {logging_mixin.py:115} INFO - [2022-08-04 05:41:36,824] {dag.py:2420} INFO - Sync 1 DAGs
[2022-08-04 05:41:36,851] {logging_mixin.py:115} INFO - [2022-08-04 05:41:36,851] {dag.py:2972} INFO - Setting next_dagrun for tutorial_etl_dag to None, run_after=None
[2022-08-04 05:41:36,872] {processor.py:161} INFO - Processing /home/airflow/.local/lib/python3.7/site-packages/airflow/example_dags/tutorial_etl_dag.py took 0.093 seconds
[2022-08-04 05:42:07,065] {processor.py:153} INFO - Started process (PID=4441) to work on /home/airflow/.local/lib/python3.7/site-packages/airflow/example_dags/tutorial_etl_dag.py
[2022-08-04 05:42:07,066] {processor.py:641} INFO - Processing file /home/airflow/.local/lib/python3.7/site-packages/airflow/example_dags/tutorial_etl_dag.py for tasks to queue
[2022-08-04 05:42:07,067] {logging_mixin.py:115} INFO - [2022-08-04 05:42:07,067] {dagbag.py:508} INFO - Filling up the DagBag from /home/airflow/.local/lib/python3.7/site-packages/airflow/example_dags/tutorial_etl_dag.py
[2022-08-04 05:42:07,076] {processor.py:651} INFO - DAG(s) dict_keys(['tutorial_etl_dag']) retrieved from /home/airflow/.local/lib/python3.7/site-packages/airflow/example_dags/tutorial_etl_dag.py
[2022-08-04 05:42:07,111] {logging_mixin.py:115} INFO - [2022-08-04 05:42:07,111] {dag.py:2420} INFO - Sync 1 DAGs
[2022-08-04 05:42:07,147] {logging_mixin.py:115} INFO - [2022-08-04 05:42:07,147] {dag.py:2972} INFO - Setting next_dagrun for tutorial_etl_dag to None, run_after=None
[2022-08-04 05:42:07,170] {processor.py:161} INFO - Processing /home/airflow/.local/lib/python3.7/site-packages/airflow/example_dags/tutorial_etl_dag.py took 0.109 seconds
[2022-08-04 05:42:37,348] {processor.py:153} INFO - Started process (PID=4643) to work on /home/airflow/.local/lib/python3.7/site-packages/airflow/example_dags/tutorial_etl_dag.py
[2022-08-04 05:42:37,349] {processor.py:641} INFO - Processing file /home/airflow/.local/lib/python3.7/site-packages/airflow/example_dags/tutorial_etl_dag.py for tasks to queue
[2022-08-04 05:42:37,350] {logging_mixin.py:115} INFO - [2022-08-04 05:42:37,350] {dagbag.py:508} INFO - Filling up the DagBag from /home/airflow/.local/lib/python3.7/site-packages/airflow/example_dags/tutorial_etl_dag.py
[2022-08-04 05:42:37,361] {processor.py:651} INFO - DAG(s) dict_keys(['tutorial_etl_dag']) retrieved from /home/airflow/.local/lib/python3.7/site-packages/airflow/example_dags/tutorial_etl_dag.py
[2022-08-04 05:42:37,410] {logging_mixin.py:115} INFO - [2022-08-04 05:42:37,410] {dag.py:2420} INFO - Sync 1 DAGs
[2022-08-04 05:42:37,457] {logging_mixin.py:115} INFO - [2022-08-04 05:42:37,457] {dag.py:2972} INFO - Setting next_dagrun for tutorial_etl_dag to None, run_after=None
[2022-08-04 05:42:37,477] {processor.py:161} INFO - Processing /home/airflow/.local/lib/python3.7/site-packages/airflow/example_dags/tutorial_etl_dag.py took 0.133 seconds
[2022-08-04 05:43:07,588] {processor.py:153} INFO - Started process (PID=4839) to work on /home/airflow/.local/lib/python3.7/site-packages/airflow/example_dags/tutorial_etl_dag.py
[2022-08-04 05:43:07,589] {processor.py:641} INFO - Processing file /home/airflow/.local/lib/python3.7/site-packages/airflow/example_dags/tutorial_etl_dag.py for tasks to queue
[2022-08-04 05:43:07,590] {logging_mixin.py:115} INFO - [2022-08-04 05:43:07,590] {dagbag.py:508} INFO - Filling up the DagBag from /home/airflow/.local/lib/python3.7/site-packages/airflow/example_dags/tutorial_etl_dag.py
[2022-08-04 05:43:07,599] {processor.py:651} INFO - DAG(s) dict_keys(['tutorial_etl_dag']) retrieved from /home/airflow/.local/lib/python3.7/site-packages/airflow/example_dags/tutorial_etl_dag.py
[2022-08-04 05:43:07,630] {logging_mixin.py:115} INFO - [2022-08-04 05:43:07,630] {dag.py:2420} INFO - Sync 1 DAGs
[2022-08-04 05:43:07,659] {logging_mixin.py:115} INFO - [2022-08-04 05:43:07,659] {dag.py:2972} INFO - Setting next_dagrun for tutorial_etl_dag to None, run_after=None
[2022-08-04 05:43:07,677] {processor.py:161} INFO - Processing /home/airflow/.local/lib/python3.7/site-packages/airflow/example_dags/tutorial_etl_dag.py took 0.093 seconds
[2022-08-04 05:43:38,181] {processor.py:153} INFO - Started process (PID=5045) to work on /home/airflow/.local/lib/python3.7/site-packages/airflow/example_dags/tutorial_etl_dag.py
[2022-08-04 05:43:38,181] {processor.py:641} INFO - Processing file /home/airflow/.local/lib/python3.7/site-packages/airflow/example_dags/tutorial_etl_dag.py for tasks to queue
[2022-08-04 05:43:38,182] {logging_mixin.py:115} INFO - [2022-08-04 05:43:38,182] {dagbag.py:508} INFO - Filling up the DagBag from /home/airflow/.local/lib/python3.7/site-packages/airflow/example_dags/tutorial_etl_dag.py
[2022-08-04 05:43:38,190] {processor.py:651} INFO - DAG(s) dict_keys(['tutorial_etl_dag']) retrieved from /home/airflow/.local/lib/python3.7/site-packages/airflow/example_dags/tutorial_etl_dag.py
[2022-08-04 05:43:38,222] {logging_mixin.py:115} INFO - [2022-08-04 05:43:38,222] {dag.py:2420} INFO - Sync 1 DAGs
[2022-08-04 05:43:38,247] {logging_mixin.py:115} INFO - [2022-08-04 05:43:38,247] {dag.py:2972} INFO - Setting next_dagrun for tutorial_etl_dag to None, run_after=None
[2022-08-04 05:43:38,261] {processor.py:161} INFO - Processing /home/airflow/.local/lib/python3.7/site-packages/airflow/example_dags/tutorial_etl_dag.py took 0.084 seconds
[2022-08-04 05:44:09,172] {processor.py:153} INFO - Started process (PID=5237) to work on /home/airflow/.local/lib/python3.7/site-packages/airflow/example_dags/tutorial_etl_dag.py
[2022-08-04 05:44:09,173] {processor.py:641} INFO - Processing file /home/airflow/.local/lib/python3.7/site-packages/airflow/example_dags/tutorial_etl_dag.py for tasks to queue
[2022-08-04 05:44:09,174] {logging_mixin.py:115} INFO - [2022-08-04 05:44:09,174] {dagbag.py:508} INFO - Filling up the DagBag from /home/airflow/.local/lib/python3.7/site-packages/airflow/example_dags/tutorial_etl_dag.py
[2022-08-04 05:44:09,184] {processor.py:651} INFO - DAG(s) dict_keys(['tutorial_etl_dag']) retrieved from /home/airflow/.local/lib/python3.7/site-packages/airflow/example_dags/tutorial_etl_dag.py
[2022-08-04 05:44:09,222] {logging_mixin.py:115} INFO - [2022-08-04 05:44:09,221] {dag.py:2420} INFO - Sync 1 DAGs
[2022-08-04 05:44:09,267] {logging_mixin.py:115} INFO - [2022-08-04 05:44:09,266] {dag.py:2972} INFO - Setting next_dagrun for tutorial_etl_dag to None, run_after=None
[2022-08-04 05:44:09,286] {processor.py:161} INFO - Processing /home/airflow/.local/lib/python3.7/site-packages/airflow/example_dags/tutorial_etl_dag.py took 0.120 seconds
[2022-08-04 05:44:39,814] {processor.py:153} INFO - Started process (PID=5440) to work on /home/airflow/.local/lib/python3.7/site-packages/airflow/example_dags/tutorial_etl_dag.py
[2022-08-04 05:44:39,815] {processor.py:641} INFO - Processing file /home/airflow/.local/lib/python3.7/site-packages/airflow/example_dags/tutorial_etl_dag.py for tasks to queue
[2022-08-04 05:44:39,816] {logging_mixin.py:115} INFO - [2022-08-04 05:44:39,816] {dagbag.py:508} INFO - Filling up the DagBag from /home/airflow/.local/lib/python3.7/site-packages/airflow/example_dags/tutorial_etl_dag.py
[2022-08-04 05:44:39,824] {processor.py:651} INFO - DAG(s) dict_keys(['tutorial_etl_dag']) retrieved from /home/airflow/.local/lib/python3.7/site-packages/airflow/example_dags/tutorial_etl_dag.py
[2022-08-04 05:44:39,858] {logging_mixin.py:115} INFO - [2022-08-04 05:44:39,858] {dag.py:2420} INFO - Sync 1 DAGs
[2022-08-04 05:44:39,888] {logging_mixin.py:115} INFO - [2022-08-04 05:44:39,888] {dag.py:2972} INFO - Setting next_dagrun for tutorial_etl_dag to None, run_after=None
[2022-08-04 05:44:39,913] {processor.py:161} INFO - Processing /home/airflow/.local/lib/python3.7/site-packages/airflow/example_dags/tutorial_etl_dag.py took 0.104 seconds
[2022-08-04 05:45:10,147] {processor.py:153} INFO - Started process (PID=5634) to work on /home/airflow/.local/lib/python3.7/site-packages/airflow/example_dags/tutorial_etl_dag.py
[2022-08-04 05:45:10,148] {processor.py:641} INFO - Processing file /home/airflow/.local/lib/python3.7/site-packages/airflow/example_dags/tutorial_etl_dag.py for tasks to queue
[2022-08-04 05:45:10,149] {logging_mixin.py:115} INFO - [2022-08-04 05:45:10,149] {dagbag.py:508} INFO - Filling up the DagBag from /home/airflow/.local/lib/python3.7/site-packages/airflow/example_dags/tutorial_etl_dag.py
[2022-08-04 05:45:10,156] {processor.py:651} INFO - DAG(s) dict_keys(['tutorial_etl_dag']) retrieved from /home/airflow/.local/lib/python3.7/site-packages/airflow/example_dags/tutorial_etl_dag.py
[2022-08-04 05:45:10,197] {logging_mixin.py:115} INFO - [2022-08-04 05:45:10,197] {dag.py:2420} INFO - Sync 1 DAGs
[2022-08-04 05:45:10,228] {logging_mixin.py:115} INFO - [2022-08-04 05:45:10,228] {dag.py:2972} INFO - Setting next_dagrun for tutorial_etl_dag to None, run_after=None
[2022-08-04 05:45:10,246] {processor.py:161} INFO - Processing /home/airflow/.local/lib/python3.7/site-packages/airflow/example_dags/tutorial_etl_dag.py took 0.102 seconds
[2022-08-04 05:45:40,767] {processor.py:153} INFO - Started process (PID=5839) to work on /home/airflow/.local/lib/python3.7/site-packages/airflow/example_dags/tutorial_etl_dag.py
[2022-08-04 05:45:40,768] {processor.py:641} INFO - Processing file /home/airflow/.local/lib/python3.7/site-packages/airflow/example_dags/tutorial_etl_dag.py for tasks to queue
[2022-08-04 05:45:40,768] {logging_mixin.py:115} INFO - [2022-08-04 05:45:40,768] {dagbag.py:508} INFO - Filling up the DagBag from /home/airflow/.local/lib/python3.7/site-packages/airflow/example_dags/tutorial_etl_dag.py
[2022-08-04 05:45:40,776] {processor.py:651} INFO - DAG(s) dict_keys(['tutorial_etl_dag']) retrieved from /home/airflow/.local/lib/python3.7/site-packages/airflow/example_dags/tutorial_etl_dag.py
[2022-08-04 05:45:40,806] {logging_mixin.py:115} INFO - [2022-08-04 05:45:40,806] {dag.py:2420} INFO - Sync 1 DAGs
[2022-08-04 05:45:40,839] {logging_mixin.py:115} INFO - [2022-08-04 05:45:40,839] {dag.py:2972} INFO - Setting next_dagrun for tutorial_etl_dag to None, run_after=None
[2022-08-04 05:45:40,863] {processor.py:161} INFO - Processing /home/airflow/.local/lib/python3.7/site-packages/airflow/example_dags/tutorial_etl_dag.py took 0.099 seconds
[2022-08-04 05:46:10,936] {processor.py:153} INFO - Started process (PID=6031) to work on /home/airflow/.local/lib/python3.7/site-packages/airflow/example_dags/tutorial_etl_dag.py
[2022-08-04 05:46:10,937] {processor.py:641} INFO - Processing file /home/airflow/.local/lib/python3.7/site-packages/airflow/example_dags/tutorial_etl_dag.py for tasks to queue
[2022-08-04 05:46:10,938] {logging_mixin.py:115} INFO - [2022-08-04 05:46:10,938] {dagbag.py:508} INFO - Filling up the DagBag from /home/airflow/.local/lib/python3.7/site-packages/airflow/example_dags/tutorial_etl_dag.py
[2022-08-04 05:46:10,946] {processor.py:651} INFO - DAG(s) dict_keys(['tutorial_etl_dag']) retrieved from /home/airflow/.local/lib/python3.7/site-packages/airflow/example_dags/tutorial_etl_dag.py
[2022-08-04 05:46:10,978] {logging_mixin.py:115} INFO - [2022-08-04 05:46:10,978] {dag.py:2420} INFO - Sync 1 DAGs
[2022-08-04 05:46:11,008] {logging_mixin.py:115} INFO - [2022-08-04 05:46:11,007] {dag.py:2972} INFO - Setting next_dagrun for tutorial_etl_dag to None, run_after=None
[2022-08-04 05:46:11,025] {processor.py:161} INFO - Processing /home/airflow/.local/lib/python3.7/site-packages/airflow/example_dags/tutorial_etl_dag.py took 0.093 seconds
[2022-08-04 05:46:41,194] {processor.py:153} INFO - Started process (PID=6235) to work on /home/airflow/.local/lib/python3.7/site-packages/airflow/example_dags/tutorial_etl_dag.py
[2022-08-04 05:46:41,195] {processor.py:641} INFO - Processing file /home/airflow/.local/lib/python3.7/site-packages/airflow/example_dags/tutorial_etl_dag.py for tasks to queue
[2022-08-04 05:46:41,196] {logging_mixin.py:115} INFO - [2022-08-04 05:46:41,196] {dagbag.py:508} INFO - Filling up the DagBag from /home/airflow/.local/lib/python3.7/site-packages/airflow/example_dags/tutorial_etl_dag.py
[2022-08-04 05:46:41,205] {processor.py:651} INFO - DAG(s) dict_keys(['tutorial_etl_dag']) retrieved from /home/airflow/.local/lib/python3.7/site-packages/airflow/example_dags/tutorial_etl_dag.py
[2022-08-04 05:46:41,240] {logging_mixin.py:115} INFO - [2022-08-04 05:46:41,240] {dag.py:2420} INFO - Sync 1 DAGs
[2022-08-04 05:46:41,275] {logging_mixin.py:115} INFO - [2022-08-04 05:46:41,275] {dag.py:2972} INFO - Setting next_dagrun for tutorial_etl_dag to None, run_after=None
[2022-08-04 05:46:41,294] {processor.py:161} INFO - Processing /home/airflow/.local/lib/python3.7/site-packages/airflow/example_dags/tutorial_etl_dag.py took 0.105 seconds
[2022-08-04 05:47:11,338] {processor.py:153} INFO - Started process (PID=6425) to work on /home/airflow/.local/lib/python3.7/site-packages/airflow/example_dags/tutorial_etl_dag.py
[2022-08-04 05:47:11,339] {processor.py:641} INFO - Processing file /home/airflow/.local/lib/python3.7/site-packages/airflow/example_dags/tutorial_etl_dag.py for tasks to queue
[2022-08-04 05:47:11,340] {logging_mixin.py:115} INFO - [2022-08-04 05:47:11,340] {dagbag.py:508} INFO - Filling up the DagBag from /home/airflow/.local/lib/python3.7/site-packages/airflow/example_dags/tutorial_etl_dag.py
[2022-08-04 05:47:11,348] {processor.py:651} INFO - DAG(s) dict_keys(['tutorial_etl_dag']) retrieved from /home/airflow/.local/lib/python3.7/site-packages/airflow/example_dags/tutorial_etl_dag.py
[2022-08-04 05:47:11,380] {logging_mixin.py:115} INFO - [2022-08-04 05:47:11,380] {dag.py:2420} INFO - Sync 1 DAGs
[2022-08-04 05:47:11,413] {logging_mixin.py:115} INFO - [2022-08-04 05:47:11,413] {dag.py:2972} INFO - Setting next_dagrun for tutorial_etl_dag to None, run_after=None
[2022-08-04 05:47:11,430] {processor.py:161} INFO - Processing /home/airflow/.local/lib/python3.7/site-packages/airflow/example_dags/tutorial_etl_dag.py took 0.096 seconds
[2022-08-04 05:47:41,683] {processor.py:153} INFO - Started process (PID=6633) to work on /home/airflow/.local/lib/python3.7/site-packages/airflow/example_dags/tutorial_etl_dag.py
[2022-08-04 05:47:41,684] {processor.py:641} INFO - Processing file /home/airflow/.local/lib/python3.7/site-packages/airflow/example_dags/tutorial_etl_dag.py for tasks to queue
[2022-08-04 05:47:41,685] {logging_mixin.py:115} INFO - [2022-08-04 05:47:41,685] {dagbag.py:508} INFO - Filling up the DagBag from /home/airflow/.local/lib/python3.7/site-packages/airflow/example_dags/tutorial_etl_dag.py
[2022-08-04 05:47:41,692] {processor.py:651} INFO - DAG(s) dict_keys(['tutorial_etl_dag']) retrieved from /home/airflow/.local/lib/python3.7/site-packages/airflow/example_dags/tutorial_etl_dag.py
[2022-08-04 05:47:41,725] {logging_mixin.py:115} INFO - [2022-08-04 05:47:41,724] {dag.py:2420} INFO - Sync 1 DAGs
[2022-08-04 05:47:41,754] {logging_mixin.py:115} INFO - [2022-08-04 05:47:41,754] {dag.py:2972} INFO - Setting next_dagrun for tutorial_etl_dag to None, run_after=None
[2022-08-04 05:47:41,776] {processor.py:161} INFO - Processing /home/airflow/.local/lib/python3.7/site-packages/airflow/example_dags/tutorial_etl_dag.py took 0.098 seconds
[2022-08-04 05:48:12,030] {processor.py:153} INFO - Started process (PID=6827) to work on /home/airflow/.local/lib/python3.7/site-packages/airflow/example_dags/tutorial_etl_dag.py
[2022-08-04 05:48:12,031] {processor.py:641} INFO - Processing file /home/airflow/.local/lib/python3.7/site-packages/airflow/example_dags/tutorial_etl_dag.py for tasks to queue
[2022-08-04 05:48:12,032] {logging_mixin.py:115} INFO - [2022-08-04 05:48:12,032] {dagbag.py:508} INFO - Filling up the DagBag from /home/airflow/.local/lib/python3.7/site-packages/airflow/example_dags/tutorial_etl_dag.py
[2022-08-04 05:48:12,040] {processor.py:651} INFO - DAG(s) dict_keys(['tutorial_etl_dag']) retrieved from /home/airflow/.local/lib/python3.7/site-packages/airflow/example_dags/tutorial_etl_dag.py
[2022-08-04 05:48:12,073] {logging_mixin.py:115} INFO - [2022-08-04 05:48:12,072] {dag.py:2420} INFO - Sync 1 DAGs
[2022-08-04 05:48:12,101] {logging_mixin.py:115} INFO - [2022-08-04 05:48:12,101] {dag.py:2972} INFO - Setting next_dagrun for tutorial_etl_dag to None, run_after=None
[2022-08-04 05:48:12,120] {processor.py:161} INFO - Processing /home/airflow/.local/lib/python3.7/site-packages/airflow/example_dags/tutorial_etl_dag.py took 0.094 seconds
