[2022-09-01 02:02:11,717] {taskinstance.py:1179} INFO - Dependencies all met for <TaskInstance: csv_dag.description_dag scheduled__2022-08-31T00:00:00+00:00 [queued]>
[2022-09-01 02:02:11,739] {taskinstance.py:1179} INFO - Dependencies all met for <TaskInstance: csv_dag.description_dag scheduled__2022-08-31T00:00:00+00:00 [queued]>
[2022-09-01 02:02:11,740] {taskinstance.py:1376} INFO - 
--------------------------------------------------------------------------------
[2022-09-01 02:02:11,741] {taskinstance.py:1377} INFO - Starting attempt 1 of 2
[2022-09-01 02:02:11,741] {taskinstance.py:1378} INFO - 
--------------------------------------------------------------------------------
[2022-09-01 02:02:11,785] {taskinstance.py:1397} INFO - Executing <Task(PythonOperator): description_dag> on 2022-08-31 00:00:00+00:00
[2022-09-01 02:02:11,795] {standard_task_runner.py:52} INFO - Started process 29936 to run task
[2022-09-01 02:02:11,801] {standard_task_runner.py:79} INFO - Running: ['***', 'tasks', 'run', 'csv_dag', 'description_dag', 'scheduled__2022-08-31T00:00:00+00:00', '--job-id', '296', '--raw', '--subdir', 'DAGS_FOLDER/testDag.py', '--cfg-path', '/tmp/tmp5ul5hpnx', '--error-file', '/tmp/tmphrkeg71q']
[2022-09-01 02:02:11,803] {standard_task_runner.py:80} INFO - Job 296: Subtask description_dag
[2022-09-01 02:02:11,945] {task_command.py:371} INFO - Running <TaskInstance: csv_dag.description_dag scheduled__2022-08-31T00:00:00+00:00 [running]> on host 36e1df4dd6ce
[2022-09-01 02:02:12,127] {taskinstance.py:1591} INFO - Exporting the following env vars:
AIRFLOW_CTX_DAG_OWNER=***
AIRFLOW_CTX_DAG_ID=csv_dag
AIRFLOW_CTX_TASK_ID=description_dag
AIRFLOW_CTX_EXECUTION_DATE=2022-08-31T00:00:00+00:00
AIRFLOW_CTX_TRY_NUMBER=1
AIRFLOW_CTX_DAG_RUN_ID=scheduled__2022-08-31T00:00:00+00:00
[2022-09-01 02:02:57,978] {python.py:173} INFO - Done. Returned value was: None
[2022-09-01 02:02:57,993] {taskinstance.py:1420} INFO - Marking task as SUCCESS. dag_id=csv_dag, task_id=description_dag, execution_date=20220831T000000, start_date=20220901T020211, end_date=20220901T020257
[2022-09-01 02:02:58,049] {local_task_job.py:156} INFO - Task exited with return code 0
[2022-09-01 02:02:58,085] {local_task_job.py:273} INFO - 0 downstream tasks scheduled from follow-on schedule check
