[2022-07-19 03:26:25,374] {taskinstance.py:1179} INFO - Dependencies all met for <TaskInstance: csv_dag.model_dag manual__2022-07-19T03:26:21.274607+00:00 [queued]>
[2022-07-19 03:26:25,385] {taskinstance.py:1179} INFO - Dependencies all met for <TaskInstance: csv_dag.model_dag manual__2022-07-19T03:26:21.274607+00:00 [queued]>
[2022-07-19 03:26:25,386] {taskinstance.py:1376} INFO - 
--------------------------------------------------------------------------------
[2022-07-19 03:26:25,386] {taskinstance.py:1377} INFO - Starting attempt 1 of 2
[2022-07-19 03:26:25,386] {taskinstance.py:1378} INFO - 
--------------------------------------------------------------------------------
[2022-07-19 03:26:25,403] {taskinstance.py:1397} INFO - Executing <Task(PythonOperator): model_dag> on 2022-07-19 03:26:21.274607+00:00
[2022-07-19 03:26:25,410] {standard_task_runner.py:52} INFO - Started process 18247 to run task
[2022-07-19 03:26:25,413] {standard_task_runner.py:79} INFO - Running: ['***', 'tasks', 'run', 'csv_dag', 'model_dag', 'manual__2022-07-19T03:26:21.274607+00:00', '--job-id', '18', '--raw', '--subdir', 'DAGS_FOLDER/testDag.py', '--cfg-path', '/tmp/tmpzhsff_mp', '--error-file', '/tmp/tmp4scev4y2']
[2022-07-19 03:26:25,415] {standard_task_runner.py:80} INFO - Job 18: Subtask model_dag
[2022-07-19 03:26:25,486] {task_command.py:371} INFO - Running <TaskInstance: csv_dag.model_dag manual__2022-07-19T03:26:21.274607+00:00 [running]> on host 36e1df4dd6ce
[2022-07-19 03:26:25,571] {taskinstance.py:1591} INFO - Exporting the following env vars:
AIRFLOW_CTX_DAG_OWNER=***
AIRFLOW_CTX_DAG_ID=csv_dag
AIRFLOW_CTX_TASK_ID=model_dag
AIRFLOW_CTX_EXECUTION_DATE=2022-07-19T03:26:21.274607+00:00
AIRFLOW_CTX_TRY_NUMBER=1
AIRFLOW_CTX_DAG_RUN_ID=manual__2022-07-19T03:26:21.274607+00:00
[2022-07-19 03:27:02,768] {python.py:173} INFO - Done. Returned value was: None
[2022-07-19 03:27:02,783] {taskinstance.py:1420} INFO - Marking task as SUCCESS. dag_id=csv_dag, task_id=model_dag, execution_date=20220719T032621, start_date=20220719T032625, end_date=20220719T032702
[2022-07-19 03:27:02,826] {local_task_job.py:156} INFO - Task exited with return code 0
[2022-07-19 03:27:02,930] {local_task_job.py:273} INFO - 0 downstream tasks scheduled from follow-on schedule check
