[2022-08-06 03:38:39,559] {processor.py:153} INFO - Started process (PID=9241) to work on /home/airflow/.local/lib/python3.7/site-packages/airflow/example_dags/example_task_group.py
[2022-08-06 03:38:39,561] {processor.py:641} INFO - Processing file /home/airflow/.local/lib/python3.7/site-packages/airflow/example_dags/example_task_group.py for tasks to queue
[2022-08-06 03:38:39,562] {logging_mixin.py:115} INFO - [2022-08-06 03:38:39,562] {dagbag.py:508} INFO - Filling up the DagBag from /home/airflow/.local/lib/python3.7/site-packages/airflow/example_dags/example_task_group.py
[2022-08-06 03:38:39,580] {processor.py:651} INFO - DAG(s) dict_keys(['example_task_group']) retrieved from /home/airflow/.local/lib/python3.7/site-packages/airflow/example_dags/example_task_group.py
[2022-08-06 03:38:39,642] {logging_mixin.py:115} INFO - [2022-08-06 03:38:39,642] {dag.py:2420} INFO - Sync 1 DAGs
[2022-08-06 03:38:39,699] {logging_mixin.py:115} INFO - [2022-08-06 03:38:39,699] {dag.py:2972} INFO - Setting next_dagrun for example_task_group to 2022-08-05T03:38:39.699047+00:00, run_after=2022-08-06T03:38:39.699047+00:00
[2022-08-06 03:38:39,733] {processor.py:161} INFO - Processing /home/airflow/.local/lib/python3.7/site-packages/airflow/example_dags/example_task_group.py took 0.184 seconds
[2022-08-06 03:39:09,796] {processor.py:153} INFO - Started process (PID=9445) to work on /home/airflow/.local/lib/python3.7/site-packages/airflow/example_dags/example_task_group.py
[2022-08-06 03:39:09,797] {processor.py:641} INFO - Processing file /home/airflow/.local/lib/python3.7/site-packages/airflow/example_dags/example_task_group.py for tasks to queue
[2022-08-06 03:39:09,798] {logging_mixin.py:115} INFO - [2022-08-06 03:39:09,798] {dagbag.py:508} INFO - Filling up the DagBag from /home/airflow/.local/lib/python3.7/site-packages/airflow/example_dags/example_task_group.py
[2022-08-06 03:39:09,806] {processor.py:651} INFO - DAG(s) dict_keys(['example_task_group']) retrieved from /home/airflow/.local/lib/python3.7/site-packages/airflow/example_dags/example_task_group.py
[2022-08-06 03:39:09,842] {logging_mixin.py:115} INFO - [2022-08-06 03:39:09,842] {dag.py:2420} INFO - Sync 1 DAGs
[2022-08-06 03:39:09,870] {logging_mixin.py:115} INFO - [2022-08-06 03:39:09,870] {dag.py:2972} INFO - Setting next_dagrun for example_task_group to 2022-08-05T03:39:09.870198+00:00, run_after=2022-08-06T03:39:09.870198+00:00
[2022-08-06 03:39:09,887] {processor.py:161} INFO - Processing /home/airflow/.local/lib/python3.7/site-packages/airflow/example_dags/example_task_group.py took 0.095 seconds
[2022-08-06 03:39:40,487] {processor.py:153} INFO - Started process (PID=9656) to work on /home/airflow/.local/lib/python3.7/site-packages/airflow/example_dags/example_task_group.py
[2022-08-06 03:39:40,488] {processor.py:641} INFO - Processing file /home/airflow/.local/lib/python3.7/site-packages/airflow/example_dags/example_task_group.py for tasks to queue
[2022-08-06 03:39:40,489] {logging_mixin.py:115} INFO - [2022-08-06 03:39:40,488] {dagbag.py:508} INFO - Filling up the DagBag from /home/airflow/.local/lib/python3.7/site-packages/airflow/example_dags/example_task_group.py
[2022-08-06 03:39:40,495] {processor.py:651} INFO - DAG(s) dict_keys(['example_task_group']) retrieved from /home/airflow/.local/lib/python3.7/site-packages/airflow/example_dags/example_task_group.py
[2022-08-06 03:39:40,524] {logging_mixin.py:115} INFO - [2022-08-06 03:39:40,524] {dag.py:2420} INFO - Sync 1 DAGs
[2022-08-06 03:39:40,550] {logging_mixin.py:115} INFO - [2022-08-06 03:39:40,550] {dag.py:2972} INFO - Setting next_dagrun for example_task_group to 2022-08-05T03:39:40.550348+00:00, run_after=2022-08-06T03:39:40.550348+00:00
[2022-08-06 03:39:40,567] {processor.py:161} INFO - Processing /home/airflow/.local/lib/python3.7/site-packages/airflow/example_dags/example_task_group.py took 0.083 seconds
[2022-08-06 03:40:11,307] {processor.py:153} INFO - Started process (PID=9850) to work on /home/airflow/.local/lib/python3.7/site-packages/airflow/example_dags/example_task_group.py
[2022-08-06 03:40:11,310] {processor.py:641} INFO - Processing file /home/airflow/.local/lib/python3.7/site-packages/airflow/example_dags/example_task_group.py for tasks to queue
[2022-08-06 03:40:11,313] {logging_mixin.py:115} INFO - [2022-08-06 03:40:11,312] {dagbag.py:508} INFO - Filling up the DagBag from /home/airflow/.local/lib/python3.7/site-packages/airflow/example_dags/example_task_group.py
[2022-08-06 03:40:11,326] {processor.py:651} INFO - DAG(s) dict_keys(['example_task_group']) retrieved from /home/airflow/.local/lib/python3.7/site-packages/airflow/example_dags/example_task_group.py
[2022-08-06 03:40:11,369] {logging_mixin.py:115} INFO - [2022-08-06 03:40:11,369] {dag.py:2420} INFO - Sync 1 DAGs
[2022-08-06 03:40:11,400] {logging_mixin.py:115} INFO - [2022-08-06 03:40:11,400] {dag.py:2972} INFO - Setting next_dagrun for example_task_group to 2022-08-05T03:40:11.399597+00:00, run_after=2022-08-06T03:40:11.399597+00:00
[2022-08-06 03:40:11,423] {processor.py:161} INFO - Processing /home/airflow/.local/lib/python3.7/site-packages/airflow/example_dags/example_task_group.py took 0.122 seconds
[2022-08-06 03:40:41,478] {processor.py:153} INFO - Started process (PID=10053) to work on /home/airflow/.local/lib/python3.7/site-packages/airflow/example_dags/example_task_group.py
[2022-08-06 03:40:41,479] {processor.py:641} INFO - Processing file /home/airflow/.local/lib/python3.7/site-packages/airflow/example_dags/example_task_group.py for tasks to queue
[2022-08-06 03:40:41,480] {logging_mixin.py:115} INFO - [2022-08-06 03:40:41,479] {dagbag.py:508} INFO - Filling up the DagBag from /home/airflow/.local/lib/python3.7/site-packages/airflow/example_dags/example_task_group.py
[2022-08-06 03:40:41,487] {processor.py:651} INFO - DAG(s) dict_keys(['example_task_group']) retrieved from /home/airflow/.local/lib/python3.7/site-packages/airflow/example_dags/example_task_group.py
[2022-08-06 03:40:41,517] {logging_mixin.py:115} INFO - [2022-08-06 03:40:41,517] {dag.py:2420} INFO - Sync 1 DAGs
[2022-08-06 03:40:41,544] {logging_mixin.py:115} INFO - [2022-08-06 03:40:41,544] {dag.py:2972} INFO - Setting next_dagrun for example_task_group to 2022-08-05T03:40:41.543822+00:00, run_after=2022-08-06T03:40:41.543822+00:00
[2022-08-06 03:40:41,560] {processor.py:161} INFO - Processing /home/airflow/.local/lib/python3.7/site-packages/airflow/example_dags/example_task_group.py took 0.085 seconds
[2022-08-06 03:41:12,411] {processor.py:153} INFO - Started process (PID=10247) to work on /home/airflow/.local/lib/python3.7/site-packages/airflow/example_dags/example_task_group.py
[2022-08-06 03:41:12,412] {processor.py:641} INFO - Processing file /home/airflow/.local/lib/python3.7/site-packages/airflow/example_dags/example_task_group.py for tasks to queue
[2022-08-06 03:41:12,413] {logging_mixin.py:115} INFO - [2022-08-06 03:41:12,413] {dagbag.py:508} INFO - Filling up the DagBag from /home/airflow/.local/lib/python3.7/site-packages/airflow/example_dags/example_task_group.py
[2022-08-06 03:41:12,424] {processor.py:651} INFO - DAG(s) dict_keys(['example_task_group']) retrieved from /home/airflow/.local/lib/python3.7/site-packages/airflow/example_dags/example_task_group.py
[2022-08-06 03:41:12,462] {logging_mixin.py:115} INFO - [2022-08-06 03:41:12,462] {dag.py:2420} INFO - Sync 1 DAGs
[2022-08-06 03:41:12,495] {logging_mixin.py:115} INFO - [2022-08-06 03:41:12,495] {dag.py:2972} INFO - Setting next_dagrun for example_task_group to 2022-08-05T03:41:12.494730+00:00, run_after=2022-08-06T03:41:12.494730+00:00
[2022-08-06 03:41:12,517] {processor.py:161} INFO - Processing /home/airflow/.local/lib/python3.7/site-packages/airflow/example_dags/example_task_group.py took 0.109 seconds
[2022-08-06 03:41:43,200] {processor.py:153} INFO - Started process (PID=10452) to work on /home/airflow/.local/lib/python3.7/site-packages/airflow/example_dags/example_task_group.py
[2022-08-06 03:41:43,201] {processor.py:641} INFO - Processing file /home/airflow/.local/lib/python3.7/site-packages/airflow/example_dags/example_task_group.py for tasks to queue
[2022-08-06 03:41:43,202] {logging_mixin.py:115} INFO - [2022-08-06 03:41:43,202] {dagbag.py:508} INFO - Filling up the DagBag from /home/airflow/.local/lib/python3.7/site-packages/airflow/example_dags/example_task_group.py
[2022-08-06 03:41:43,212] {processor.py:651} INFO - DAG(s) dict_keys(['example_task_group']) retrieved from /home/airflow/.local/lib/python3.7/site-packages/airflow/example_dags/example_task_group.py
[2022-08-06 03:41:43,253] {logging_mixin.py:115} INFO - [2022-08-06 03:41:43,252] {dag.py:2420} INFO - Sync 1 DAGs
[2022-08-06 03:41:43,286] {logging_mixin.py:115} INFO - [2022-08-06 03:41:43,286] {dag.py:2972} INFO - Setting next_dagrun for example_task_group to 2022-08-05T03:41:43.285917+00:00, run_after=2022-08-06T03:41:43.285917+00:00
[2022-08-06 03:41:43,307] {processor.py:161} INFO - Processing /home/airflow/.local/lib/python3.7/site-packages/airflow/example_dags/example_task_group.py took 0.111 seconds
[2022-08-06 03:42:13,452] {processor.py:153} INFO - Started process (PID=10647) to work on /home/airflow/.local/lib/python3.7/site-packages/airflow/example_dags/example_task_group.py
[2022-08-06 03:42:13,454] {processor.py:641} INFO - Processing file /home/airflow/.local/lib/python3.7/site-packages/airflow/example_dags/example_task_group.py for tasks to queue
[2022-08-06 03:42:13,455] {logging_mixin.py:115} INFO - [2022-08-06 03:42:13,454] {dagbag.py:508} INFO - Filling up the DagBag from /home/airflow/.local/lib/python3.7/site-packages/airflow/example_dags/example_task_group.py
[2022-08-06 03:42:13,464] {processor.py:651} INFO - DAG(s) dict_keys(['example_task_group']) retrieved from /home/airflow/.local/lib/python3.7/site-packages/airflow/example_dags/example_task_group.py
[2022-08-06 03:42:13,502] {logging_mixin.py:115} INFO - [2022-08-06 03:42:13,502] {dag.py:2420} INFO - Sync 1 DAGs
[2022-08-06 03:42:13,540] {logging_mixin.py:115} INFO - [2022-08-06 03:42:13,540] {dag.py:2972} INFO - Setting next_dagrun for example_task_group to 2022-08-05T03:42:13.539674+00:00, run_after=2022-08-06T03:42:13.539674+00:00
[2022-08-06 03:42:13,561] {processor.py:161} INFO - Processing /home/airflow/.local/lib/python3.7/site-packages/airflow/example_dags/example_task_group.py took 0.113 seconds
[2022-08-06 03:42:43,639] {processor.py:153} INFO - Started process (PID=10850) to work on /home/airflow/.local/lib/python3.7/site-packages/airflow/example_dags/example_task_group.py
[2022-08-06 03:42:43,640] {processor.py:641} INFO - Processing file /home/airflow/.local/lib/python3.7/site-packages/airflow/example_dags/example_task_group.py for tasks to queue
[2022-08-06 03:42:43,641] {logging_mixin.py:115} INFO - [2022-08-06 03:42:43,641] {dagbag.py:508} INFO - Filling up the DagBag from /home/airflow/.local/lib/python3.7/site-packages/airflow/example_dags/example_task_group.py
[2022-08-06 03:42:43,648] {processor.py:651} INFO - DAG(s) dict_keys(['example_task_group']) retrieved from /home/airflow/.local/lib/python3.7/site-packages/airflow/example_dags/example_task_group.py
[2022-08-06 03:42:43,679] {logging_mixin.py:115} INFO - [2022-08-06 03:42:43,679] {dag.py:2420} INFO - Sync 1 DAGs
[2022-08-06 03:42:43,707] {logging_mixin.py:115} INFO - [2022-08-06 03:42:43,707] {dag.py:2972} INFO - Setting next_dagrun for example_task_group to 2022-08-05T03:42:43.707390+00:00, run_after=2022-08-06T03:42:43.707390+00:00
[2022-08-06 03:42:43,723] {processor.py:161} INFO - Processing /home/airflow/.local/lib/python3.7/site-packages/airflow/example_dags/example_task_group.py took 0.086 seconds
[2022-08-06 03:43:14,004] {processor.py:153} INFO - Started process (PID=11042) to work on /home/airflow/.local/lib/python3.7/site-packages/airflow/example_dags/example_task_group.py
[2022-08-06 03:43:14,005] {processor.py:641} INFO - Processing file /home/airflow/.local/lib/python3.7/site-packages/airflow/example_dags/example_task_group.py for tasks to queue
[2022-08-06 03:43:14,007] {logging_mixin.py:115} INFO - [2022-08-06 03:43:14,006] {dagbag.py:508} INFO - Filling up the DagBag from /home/airflow/.local/lib/python3.7/site-packages/airflow/example_dags/example_task_group.py
[2022-08-06 03:43:14,019] {processor.py:651} INFO - DAG(s) dict_keys(['example_task_group']) retrieved from /home/airflow/.local/lib/python3.7/site-packages/airflow/example_dags/example_task_group.py
[2022-08-06 03:43:14,054] {logging_mixin.py:115} INFO - [2022-08-06 03:43:14,054] {dag.py:2420} INFO - Sync 1 DAGs
[2022-08-06 03:43:14,086] {logging_mixin.py:115} INFO - [2022-08-06 03:43:14,086] {dag.py:2972} INFO - Setting next_dagrun for example_task_group to 2022-08-05T03:43:14.085818+00:00, run_after=2022-08-06T03:43:14.085818+00:00
[2022-08-06 03:43:14,112] {processor.py:161} INFO - Processing /home/airflow/.local/lib/python3.7/site-packages/airflow/example_dags/example_task_group.py took 0.111 seconds
[2022-08-06 03:43:44,536] {processor.py:153} INFO - Started process (PID=11245) to work on /home/airflow/.local/lib/python3.7/site-packages/airflow/example_dags/example_task_group.py
[2022-08-06 03:43:44,537] {processor.py:641} INFO - Processing file /home/airflow/.local/lib/python3.7/site-packages/airflow/example_dags/example_task_group.py for tasks to queue
[2022-08-06 03:43:44,538] {logging_mixin.py:115} INFO - [2022-08-06 03:43:44,538] {dagbag.py:508} INFO - Filling up the DagBag from /home/airflow/.local/lib/python3.7/site-packages/airflow/example_dags/example_task_group.py
[2022-08-06 03:43:44,547] {processor.py:651} INFO - DAG(s) dict_keys(['example_task_group']) retrieved from /home/airflow/.local/lib/python3.7/site-packages/airflow/example_dags/example_task_group.py
[2022-08-06 03:43:44,576] {logging_mixin.py:115} INFO - [2022-08-06 03:43:44,576] {dag.py:2420} INFO - Sync 1 DAGs
[2022-08-06 03:43:44,603] {logging_mixin.py:115} INFO - [2022-08-06 03:43:44,603] {dag.py:2972} INFO - Setting next_dagrun for example_task_group to 2022-08-05T03:43:44.602793+00:00, run_after=2022-08-06T03:43:44.602793+00:00
[2022-08-06 03:43:44,622] {processor.py:161} INFO - Processing /home/airflow/.local/lib/python3.7/site-packages/airflow/example_dags/example_task_group.py took 0.088 seconds
[2022-08-06 03:44:14,757] {processor.py:153} INFO - Started process (PID=11434) to work on /home/airflow/.local/lib/python3.7/site-packages/airflow/example_dags/example_task_group.py
[2022-08-06 03:44:14,758] {processor.py:641} INFO - Processing file /home/airflow/.local/lib/python3.7/site-packages/airflow/example_dags/example_task_group.py for tasks to queue
[2022-08-06 03:44:14,759] {logging_mixin.py:115} INFO - [2022-08-06 03:44:14,759] {dagbag.py:508} INFO - Filling up the DagBag from /home/airflow/.local/lib/python3.7/site-packages/airflow/example_dags/example_task_group.py
[2022-08-06 03:44:14,767] {processor.py:651} INFO - DAG(s) dict_keys(['example_task_group']) retrieved from /home/airflow/.local/lib/python3.7/site-packages/airflow/example_dags/example_task_group.py
[2022-08-06 03:44:14,806] {logging_mixin.py:115} INFO - [2022-08-06 03:44:14,806] {dag.py:2420} INFO - Sync 1 DAGs
[2022-08-06 03:44:14,844] {logging_mixin.py:115} INFO - [2022-08-06 03:44:14,843] {dag.py:2972} INFO - Setting next_dagrun for example_task_group to 2022-08-05T03:44:14.843532+00:00, run_after=2022-08-06T03:44:14.843532+00:00
[2022-08-06 03:44:14,866] {processor.py:161} INFO - Processing /home/airflow/.local/lib/python3.7/site-packages/airflow/example_dags/example_task_group.py took 0.114 seconds
[2022-08-06 03:44:45,353] {processor.py:153} INFO - Started process (PID=11637) to work on /home/airflow/.local/lib/python3.7/site-packages/airflow/example_dags/example_task_group.py
[2022-08-06 03:44:45,354] {processor.py:641} INFO - Processing file /home/airflow/.local/lib/python3.7/site-packages/airflow/example_dags/example_task_group.py for tasks to queue
[2022-08-06 03:44:45,355] {logging_mixin.py:115} INFO - [2022-08-06 03:44:45,355] {dagbag.py:508} INFO - Filling up the DagBag from /home/airflow/.local/lib/python3.7/site-packages/airflow/example_dags/example_task_group.py
[2022-08-06 03:44:45,363] {processor.py:651} INFO - DAG(s) dict_keys(['example_task_group']) retrieved from /home/airflow/.local/lib/python3.7/site-packages/airflow/example_dags/example_task_group.py
[2022-08-06 03:44:45,391] {logging_mixin.py:115} INFO - [2022-08-06 03:44:45,391] {dag.py:2420} INFO - Sync 1 DAGs
[2022-08-06 03:44:45,417] {logging_mixin.py:115} INFO - [2022-08-06 03:44:45,417] {dag.py:2972} INFO - Setting next_dagrun for example_task_group to 2022-08-05T03:44:45.417562+00:00, run_after=2022-08-06T03:44:45.417562+00:00
[2022-08-06 03:44:45,434] {processor.py:161} INFO - Processing /home/airflow/.local/lib/python3.7/site-packages/airflow/example_dags/example_task_group.py took 0.083 seconds
[2022-08-06 03:45:15,954] {processor.py:153} INFO - Started process (PID=11831) to work on /home/airflow/.local/lib/python3.7/site-packages/airflow/example_dags/example_task_group.py
[2022-08-06 03:45:15,955] {processor.py:641} INFO - Processing file /home/airflow/.local/lib/python3.7/site-packages/airflow/example_dags/example_task_group.py for tasks to queue
[2022-08-06 03:45:15,956] {logging_mixin.py:115} INFO - [2022-08-06 03:45:15,956] {dagbag.py:508} INFO - Filling up the DagBag from /home/airflow/.local/lib/python3.7/site-packages/airflow/example_dags/example_task_group.py
[2022-08-06 03:45:15,965] {processor.py:651} INFO - DAG(s) dict_keys(['example_task_group']) retrieved from /home/airflow/.local/lib/python3.7/site-packages/airflow/example_dags/example_task_group.py
[2022-08-06 03:45:16,001] {logging_mixin.py:115} INFO - [2022-08-06 03:45:16,001] {dag.py:2420} INFO - Sync 1 DAGs
[2022-08-06 03:45:16,037] {logging_mixin.py:115} INFO - [2022-08-06 03:45:16,037] {dag.py:2972} INFO - Setting next_dagrun for example_task_group to 2022-08-05T03:45:16.036682+00:00, run_after=2022-08-06T03:45:16.036682+00:00
[2022-08-06 03:45:16,059] {processor.py:161} INFO - Processing /home/airflow/.local/lib/python3.7/site-packages/airflow/example_dags/example_task_group.py took 0.108 seconds
[2022-08-06 03:45:46,247] {processor.py:153} INFO - Started process (PID=12035) to work on /home/airflow/.local/lib/python3.7/site-packages/airflow/example_dags/example_task_group.py
[2022-08-06 03:45:46,248] {processor.py:641} INFO - Processing file /home/airflow/.local/lib/python3.7/site-packages/airflow/example_dags/example_task_group.py for tasks to queue
[2022-08-06 03:45:46,249] {logging_mixin.py:115} INFO - [2022-08-06 03:45:46,249] {dagbag.py:508} INFO - Filling up the DagBag from /home/airflow/.local/lib/python3.7/site-packages/airflow/example_dags/example_task_group.py
[2022-08-06 03:45:46,257] {processor.py:651} INFO - DAG(s) dict_keys(['example_task_group']) retrieved from /home/airflow/.local/lib/python3.7/site-packages/airflow/example_dags/example_task_group.py
[2022-08-06 03:45:46,290] {logging_mixin.py:115} INFO - [2022-08-06 03:45:46,289] {dag.py:2420} INFO - Sync 1 DAGs
[2022-08-06 03:45:46,320] {logging_mixin.py:115} INFO - [2022-08-06 03:45:46,319] {dag.py:2972} INFO - Setting next_dagrun for example_task_group to 2022-08-05T03:45:46.319635+00:00, run_after=2022-08-06T03:45:46.319635+00:00
[2022-08-06 03:45:46,336] {processor.py:161} INFO - Processing /home/airflow/.local/lib/python3.7/site-packages/airflow/example_dags/example_task_group.py took 0.092 seconds
[2022-08-06 03:46:16,638] {processor.py:153} INFO - Started process (PID=12234) to work on /home/airflow/.local/lib/python3.7/site-packages/airflow/example_dags/example_task_group.py
[2022-08-06 03:46:16,639] {processor.py:641} INFO - Processing file /home/airflow/.local/lib/python3.7/site-packages/airflow/example_dags/example_task_group.py for tasks to queue
[2022-08-06 03:46:16,640] {logging_mixin.py:115} INFO - [2022-08-06 03:46:16,640] {dagbag.py:508} INFO - Filling up the DagBag from /home/airflow/.local/lib/python3.7/site-packages/airflow/example_dags/example_task_group.py
[2022-08-06 03:46:16,648] {processor.py:651} INFO - DAG(s) dict_keys(['example_task_group']) retrieved from /home/airflow/.local/lib/python3.7/site-packages/airflow/example_dags/example_task_group.py
[2022-08-06 03:46:16,681] {logging_mixin.py:115} INFO - [2022-08-06 03:46:16,680] {dag.py:2420} INFO - Sync 1 DAGs
[2022-08-06 03:46:16,712] {logging_mixin.py:115} INFO - [2022-08-06 03:46:16,712] {dag.py:2972} INFO - Setting next_dagrun for example_task_group to 2022-08-05T03:46:16.712159+00:00, run_after=2022-08-06T03:46:16.712159+00:00
[2022-08-06 03:46:16,739] {processor.py:161} INFO - Processing /home/airflow/.local/lib/python3.7/site-packages/airflow/example_dags/example_task_group.py took 0.103 seconds
[2022-08-06 03:46:47,618] {processor.py:153} INFO - Started process (PID=12437) to work on /home/airflow/.local/lib/python3.7/site-packages/airflow/example_dags/example_task_group.py
[2022-08-06 03:46:47,619] {processor.py:641} INFO - Processing file /home/airflow/.local/lib/python3.7/site-packages/airflow/example_dags/example_task_group.py for tasks to queue
[2022-08-06 03:46:47,620] {logging_mixin.py:115} INFO - [2022-08-06 03:46:47,620] {dagbag.py:508} INFO - Filling up the DagBag from /home/airflow/.local/lib/python3.7/site-packages/airflow/example_dags/example_task_group.py
[2022-08-06 03:46:47,629] {processor.py:651} INFO - DAG(s) dict_keys(['example_task_group']) retrieved from /home/airflow/.local/lib/python3.7/site-packages/airflow/example_dags/example_task_group.py
[2022-08-06 03:46:47,668] {logging_mixin.py:115} INFO - [2022-08-06 03:46:47,668] {dag.py:2420} INFO - Sync 1 DAGs
[2022-08-06 03:46:47,701] {logging_mixin.py:115} INFO - [2022-08-06 03:46:47,701] {dag.py:2972} INFO - Setting next_dagrun for example_task_group to 2022-08-05T03:46:47.701138+00:00, run_after=2022-08-06T03:46:47.701138+00:00
[2022-08-06 03:46:47,722] {processor.py:161} INFO - Processing /home/airflow/.local/lib/python3.7/site-packages/airflow/example_dags/example_task_group.py took 0.107 seconds
[2022-08-06 03:47:17,855] {processor.py:153} INFO - Started process (PID=12631) to work on /home/airflow/.local/lib/python3.7/site-packages/airflow/example_dags/example_task_group.py
[2022-08-06 03:47:17,856] {processor.py:641} INFO - Processing file /home/airflow/.local/lib/python3.7/site-packages/airflow/example_dags/example_task_group.py for tasks to queue
[2022-08-06 03:47:17,857] {logging_mixin.py:115} INFO - [2022-08-06 03:47:17,856] {dagbag.py:508} INFO - Filling up the DagBag from /home/airflow/.local/lib/python3.7/site-packages/airflow/example_dags/example_task_group.py
[2022-08-06 03:47:17,865] {processor.py:651} INFO - DAG(s) dict_keys(['example_task_group']) retrieved from /home/airflow/.local/lib/python3.7/site-packages/airflow/example_dags/example_task_group.py
[2022-08-06 03:47:17,895] {logging_mixin.py:115} INFO - [2022-08-06 03:47:17,895] {dag.py:2420} INFO - Sync 1 DAGs
[2022-08-06 03:47:17,928] {logging_mixin.py:115} INFO - [2022-08-06 03:47:17,927] {dag.py:2972} INFO - Setting next_dagrun for example_task_group to 2022-08-05T03:47:17.927572+00:00, run_after=2022-08-06T03:47:17.927572+00:00
[2022-08-06 03:47:17,949] {processor.py:161} INFO - Processing /home/airflow/.local/lib/python3.7/site-packages/airflow/example_dags/example_task_group.py took 0.098 seconds
[2022-08-06 03:47:48,376] {processor.py:153} INFO - Started process (PID=12836) to work on /home/airflow/.local/lib/python3.7/site-packages/airflow/example_dags/example_task_group.py
[2022-08-06 03:47:48,378] {processor.py:641} INFO - Processing file /home/airflow/.local/lib/python3.7/site-packages/airflow/example_dags/example_task_group.py for tasks to queue
[2022-08-06 03:47:48,379] {logging_mixin.py:115} INFO - [2022-08-06 03:47:48,379] {dagbag.py:508} INFO - Filling up the DagBag from /home/airflow/.local/lib/python3.7/site-packages/airflow/example_dags/example_task_group.py
[2022-08-06 03:47:48,388] {processor.py:651} INFO - DAG(s) dict_keys(['example_task_group']) retrieved from /home/airflow/.local/lib/python3.7/site-packages/airflow/example_dags/example_task_group.py
[2022-08-06 03:47:48,425] {logging_mixin.py:115} INFO - [2022-08-06 03:47:48,425] {dag.py:2420} INFO - Sync 1 DAGs
[2022-08-06 03:47:48,456] {logging_mixin.py:115} INFO - [2022-08-06 03:47:48,456] {dag.py:2972} INFO - Setting next_dagrun for example_task_group to 2022-08-05T03:47:48.455892+00:00, run_after=2022-08-06T03:47:48.455892+00:00
[2022-08-06 03:47:48,486] {processor.py:161} INFO - Processing /home/airflow/.local/lib/python3.7/site-packages/airflow/example_dags/example_task_group.py took 0.113 seconds
[2022-08-06 03:48:18,551] {processor.py:153} INFO - Started process (PID=13028) to work on /home/airflow/.local/lib/python3.7/site-packages/airflow/example_dags/example_task_group.py
[2022-08-06 03:48:18,553] {processor.py:641} INFO - Processing file /home/airflow/.local/lib/python3.7/site-packages/airflow/example_dags/example_task_group.py for tasks to queue
[2022-08-06 03:48:18,553] {logging_mixin.py:115} INFO - [2022-08-06 03:48:18,553] {dagbag.py:508} INFO - Filling up the DagBag from /home/airflow/.local/lib/python3.7/site-packages/airflow/example_dags/example_task_group.py
[2022-08-06 03:48:18,563] {processor.py:651} INFO - DAG(s) dict_keys(['example_task_group']) retrieved from /home/airflow/.local/lib/python3.7/site-packages/airflow/example_dags/example_task_group.py
[2022-08-06 03:48:18,607] {logging_mixin.py:115} INFO - [2022-08-06 03:48:18,607] {dag.py:2420} INFO - Sync 1 DAGs
[2022-08-06 03:48:18,647] {logging_mixin.py:115} INFO - [2022-08-06 03:48:18,647] {dag.py:2972} INFO - Setting next_dagrun for example_task_group to 2022-08-05T03:48:18.646697+00:00, run_after=2022-08-06T03:48:18.646697+00:00
[2022-08-06 03:48:18,667] {processor.py:161} INFO - Processing /home/airflow/.local/lib/python3.7/site-packages/airflow/example_dags/example_task_group.py took 0.119 seconds
[2022-08-06 16:59:49,615] {processor.py:153} INFO - Started process (PID=13235) to work on /home/airflow/.local/lib/python3.7/site-packages/airflow/example_dags/example_task_group.py
[2022-08-06 16:59:49,617] {processor.py:641} INFO - Processing file /home/airflow/.local/lib/python3.7/site-packages/airflow/example_dags/example_task_group.py for tasks to queue
[2022-08-06 16:59:49,618] {logging_mixin.py:115} INFO - [2022-08-06 16:59:49,618] {dagbag.py:508} INFO - Filling up the DagBag from /home/airflow/.local/lib/python3.7/site-packages/airflow/example_dags/example_task_group.py
[2022-08-06 16:59:49,636] {processor.py:651} INFO - DAG(s) dict_keys(['example_task_group']) retrieved from /home/airflow/.local/lib/python3.7/site-packages/airflow/example_dags/example_task_group.py
[2022-08-06 16:59:49,705] {logging_mixin.py:115} INFO - [2022-08-06 16:59:49,704] {dag.py:2420} INFO - Sync 1 DAGs
[2022-08-06 16:59:49,832] {logging_mixin.py:115} INFO - [2022-08-06 16:59:49,832] {dag.py:2972} INFO - Setting next_dagrun for example_task_group to 2022-08-05T16:59:49.826576+00:00, run_after=2022-08-06T16:59:49.826576+00:00
[2022-08-06 16:59:49,883] {processor.py:161} INFO - Processing /home/airflow/.local/lib/python3.7/site-packages/airflow/example_dags/example_task_group.py took 0.275 seconds
[2022-08-06 17:00:20,864] {processor.py:153} INFO - Started process (PID=13429) to work on /home/airflow/.local/lib/python3.7/site-packages/airflow/example_dags/example_task_group.py
[2022-08-06 17:00:20,865] {processor.py:641} INFO - Processing file /home/airflow/.local/lib/python3.7/site-packages/airflow/example_dags/example_task_group.py for tasks to queue
[2022-08-06 17:00:20,866] {logging_mixin.py:115} INFO - [2022-08-06 17:00:20,866] {dagbag.py:508} INFO - Filling up the DagBag from /home/airflow/.local/lib/python3.7/site-packages/airflow/example_dags/example_task_group.py
[2022-08-06 17:00:20,874] {processor.py:651} INFO - DAG(s) dict_keys(['example_task_group']) retrieved from /home/airflow/.local/lib/python3.7/site-packages/airflow/example_dags/example_task_group.py
[2022-08-06 17:00:20,906] {logging_mixin.py:115} INFO - [2022-08-06 17:00:20,906] {dag.py:2420} INFO - Sync 1 DAGs
[2022-08-06 17:00:20,933] {logging_mixin.py:115} INFO - [2022-08-06 17:00:20,933] {dag.py:2972} INFO - Setting next_dagrun for example_task_group to 2022-08-05T17:00:20.933266+00:00, run_after=2022-08-06T17:00:20.933266+00:00
[2022-08-06 17:00:20,946] {processor.py:161} INFO - Processing /home/airflow/.local/lib/python3.7/site-packages/airflow/example_dags/example_task_group.py took 0.086 seconds
[2022-08-06 17:00:51,776] {processor.py:153} INFO - Started process (PID=13632) to work on /home/airflow/.local/lib/python3.7/site-packages/airflow/example_dags/example_task_group.py
[2022-08-06 17:00:51,778] {processor.py:641} INFO - Processing file /home/airflow/.local/lib/python3.7/site-packages/airflow/example_dags/example_task_group.py for tasks to queue
[2022-08-06 17:00:51,778] {logging_mixin.py:115} INFO - [2022-08-06 17:00:51,778] {dagbag.py:508} INFO - Filling up the DagBag from /home/airflow/.local/lib/python3.7/site-packages/airflow/example_dags/example_task_group.py
[2022-08-06 17:00:51,787] {processor.py:651} INFO - DAG(s) dict_keys(['example_task_group']) retrieved from /home/airflow/.local/lib/python3.7/site-packages/airflow/example_dags/example_task_group.py
[2022-08-06 17:00:51,823] {logging_mixin.py:115} INFO - [2022-08-06 17:00:51,823] {dag.py:2420} INFO - Sync 1 DAGs
[2022-08-06 17:00:51,850] {logging_mixin.py:115} INFO - [2022-08-06 17:00:51,850] {dag.py:2972} INFO - Setting next_dagrun for example_task_group to 2022-08-05T17:00:51.850365+00:00, run_after=2022-08-06T17:00:51.850365+00:00
[2022-08-06 17:00:51,867] {processor.py:161} INFO - Processing /home/airflow/.local/lib/python3.7/site-packages/airflow/example_dags/example_task_group.py took 0.094 seconds
[2022-08-06 17:01:22,667] {processor.py:153} INFO - Started process (PID=13836) to work on /home/airflow/.local/lib/python3.7/site-packages/airflow/example_dags/example_task_group.py
[2022-08-06 17:01:22,668] {processor.py:641} INFO - Processing file /home/airflow/.local/lib/python3.7/site-packages/airflow/example_dags/example_task_group.py for tasks to queue
[2022-08-06 17:01:22,669] {logging_mixin.py:115} INFO - [2022-08-06 17:01:22,669] {dagbag.py:508} INFO - Filling up the DagBag from /home/airflow/.local/lib/python3.7/site-packages/airflow/example_dags/example_task_group.py
[2022-08-06 17:01:22,679] {processor.py:651} INFO - DAG(s) dict_keys(['example_task_group']) retrieved from /home/airflow/.local/lib/python3.7/site-packages/airflow/example_dags/example_task_group.py
[2022-08-06 17:01:22,724] {logging_mixin.py:115} INFO - [2022-08-06 17:01:22,724] {dag.py:2420} INFO - Sync 1 DAGs
[2022-08-06 17:01:22,762] {logging_mixin.py:115} INFO - [2022-08-06 17:01:22,762] {dag.py:2972} INFO - Setting next_dagrun for example_task_group to 2022-08-05T17:01:22.762347+00:00, run_after=2022-08-06T17:01:22.762347+00:00
[2022-08-06 17:01:22,788] {processor.py:161} INFO - Processing /home/airflow/.local/lib/python3.7/site-packages/airflow/example_dags/example_task_group.py took 0.127 seconds
[2022-08-06 17:01:53,003] {processor.py:153} INFO - Started process (PID=14030) to work on /home/airflow/.local/lib/python3.7/site-packages/airflow/example_dags/example_task_group.py
[2022-08-06 17:01:53,004] {processor.py:641} INFO - Processing file /home/airflow/.local/lib/python3.7/site-packages/airflow/example_dags/example_task_group.py for tasks to queue
[2022-08-06 17:01:53,006] {logging_mixin.py:115} INFO - [2022-08-06 17:01:53,005] {dagbag.py:508} INFO - Filling up the DagBag from /home/airflow/.local/lib/python3.7/site-packages/airflow/example_dags/example_task_group.py
[2022-08-06 17:01:53,016] {processor.py:651} INFO - DAG(s) dict_keys(['example_task_group']) retrieved from /home/airflow/.local/lib/python3.7/site-packages/airflow/example_dags/example_task_group.py
[2022-08-06 17:01:53,060] {logging_mixin.py:115} INFO - [2022-08-06 17:01:53,060] {dag.py:2420} INFO - Sync 1 DAGs
[2022-08-06 17:01:53,097] {logging_mixin.py:115} INFO - [2022-08-06 17:01:53,097] {dag.py:2972} INFO - Setting next_dagrun for example_task_group to 2022-08-05T17:01:53.096705+00:00, run_after=2022-08-06T17:01:53.096705+00:00
[2022-08-06 17:01:53,122] {processor.py:161} INFO - Processing /home/airflow/.local/lib/python3.7/site-packages/airflow/example_dags/example_task_group.py took 0.123 seconds
[2022-08-06 17:02:23,234] {processor.py:153} INFO - Started process (PID=14228) to work on /home/airflow/.local/lib/python3.7/site-packages/airflow/example_dags/example_task_group.py
[2022-08-06 17:02:23,236] {processor.py:641} INFO - Processing file /home/airflow/.local/lib/python3.7/site-packages/airflow/example_dags/example_task_group.py for tasks to queue
[2022-08-06 17:02:23,237] {logging_mixin.py:115} INFO - [2022-08-06 17:02:23,237] {dagbag.py:508} INFO - Filling up the DagBag from /home/airflow/.local/lib/python3.7/site-packages/airflow/example_dags/example_task_group.py
[2022-08-06 17:02:23,247] {processor.py:651} INFO - DAG(s) dict_keys(['example_task_group']) retrieved from /home/airflow/.local/lib/python3.7/site-packages/airflow/example_dags/example_task_group.py
[2022-08-06 17:02:23,292] {logging_mixin.py:115} INFO - [2022-08-06 17:02:23,292] {dag.py:2420} INFO - Sync 1 DAGs
[2022-08-06 17:02:23,329] {logging_mixin.py:115} INFO - [2022-08-06 17:02:23,329] {dag.py:2972} INFO - Setting next_dagrun for example_task_group to 2022-08-05T17:02:23.329314+00:00, run_after=2022-08-06T17:02:23.329314+00:00
[2022-08-06 17:02:23,362] {processor.py:161} INFO - Processing /home/airflow/.local/lib/python3.7/site-packages/airflow/example_dags/example_task_group.py took 0.132 seconds
[2022-08-06 17:02:53,937] {processor.py:153} INFO - Started process (PID=14427) to work on /home/airflow/.local/lib/python3.7/site-packages/airflow/example_dags/example_task_group.py
[2022-08-06 17:02:53,938] {processor.py:641} INFO - Processing file /home/airflow/.local/lib/python3.7/site-packages/airflow/example_dags/example_task_group.py for tasks to queue
[2022-08-06 17:02:53,939] {logging_mixin.py:115} INFO - [2022-08-06 17:02:53,939] {dagbag.py:508} INFO - Filling up the DagBag from /home/airflow/.local/lib/python3.7/site-packages/airflow/example_dags/example_task_group.py
[2022-08-06 17:02:53,948] {processor.py:651} INFO - DAG(s) dict_keys(['example_task_group']) retrieved from /home/airflow/.local/lib/python3.7/site-packages/airflow/example_dags/example_task_group.py
[2022-08-06 17:02:53,985] {logging_mixin.py:115} INFO - [2022-08-06 17:02:53,985] {dag.py:2420} INFO - Sync 1 DAGs
[2022-08-06 17:02:54,016] {logging_mixin.py:115} INFO - [2022-08-06 17:02:54,015] {dag.py:2972} INFO - Setting next_dagrun for example_task_group to 2022-08-05T17:02:54.015488+00:00, run_after=2022-08-06T17:02:54.015488+00:00
[2022-08-06 17:02:54,043] {processor.py:161} INFO - Processing /home/airflow/.local/lib/python3.7/site-packages/airflow/example_dags/example_task_group.py took 0.109 seconds
[2022-08-06 17:03:24,382] {processor.py:153} INFO - Started process (PID=14623) to work on /home/airflow/.local/lib/python3.7/site-packages/airflow/example_dags/example_task_group.py
[2022-08-06 17:03:24,383] {processor.py:641} INFO - Processing file /home/airflow/.local/lib/python3.7/site-packages/airflow/example_dags/example_task_group.py for tasks to queue
[2022-08-06 17:03:24,384] {logging_mixin.py:115} INFO - [2022-08-06 17:03:24,384] {dagbag.py:508} INFO - Filling up the DagBag from /home/airflow/.local/lib/python3.7/site-packages/airflow/example_dags/example_task_group.py
[2022-08-06 17:03:24,393] {processor.py:651} INFO - DAG(s) dict_keys(['example_task_group']) retrieved from /home/airflow/.local/lib/python3.7/site-packages/airflow/example_dags/example_task_group.py
[2022-08-06 17:03:24,440] {logging_mixin.py:115} INFO - [2022-08-06 17:03:24,439] {dag.py:2420} INFO - Sync 1 DAGs
[2022-08-06 17:03:24,471] {logging_mixin.py:115} INFO - [2022-08-06 17:03:24,471] {dag.py:2972} INFO - Setting next_dagrun for example_task_group to 2022-08-05T17:03:24.471328+00:00, run_after=2022-08-06T17:03:24.471328+00:00
[2022-08-06 17:03:24,491] {processor.py:161} INFO - Processing /home/airflow/.local/lib/python3.7/site-packages/airflow/example_dags/example_task_group.py took 0.112 seconds
[2022-08-06 17:03:54,555] {processor.py:153} INFO - Started process (PID=14813) to work on /home/airflow/.local/lib/python3.7/site-packages/airflow/example_dags/example_task_group.py
[2022-08-06 17:03:54,556] {processor.py:641} INFO - Processing file /home/airflow/.local/lib/python3.7/site-packages/airflow/example_dags/example_task_group.py for tasks to queue
[2022-08-06 17:03:54,557] {logging_mixin.py:115} INFO - [2022-08-06 17:03:54,557] {dagbag.py:508} INFO - Filling up the DagBag from /home/airflow/.local/lib/python3.7/site-packages/airflow/example_dags/example_task_group.py
[2022-08-06 17:03:54,571] {processor.py:651} INFO - DAG(s) dict_keys(['example_task_group']) retrieved from /home/airflow/.local/lib/python3.7/site-packages/airflow/example_dags/example_task_group.py
[2022-08-06 17:03:54,610] {logging_mixin.py:115} INFO - [2022-08-06 17:03:54,610] {dag.py:2420} INFO - Sync 1 DAGs
[2022-08-06 17:03:54,645] {logging_mixin.py:115} INFO - [2022-08-06 17:03:54,644] {dag.py:2972} INFO - Setting next_dagrun for example_task_group to 2022-08-05T17:03:54.644398+00:00, run_after=2022-08-06T17:03:54.644398+00:00
[2022-08-06 17:03:54,666] {processor.py:161} INFO - Processing /home/airflow/.local/lib/python3.7/site-packages/airflow/example_dags/example_task_group.py took 0.115 seconds
[2022-08-06 17:04:25,587] {processor.py:153} INFO - Started process (PID=15014) to work on /home/airflow/.local/lib/python3.7/site-packages/airflow/example_dags/example_task_group.py
[2022-08-06 17:04:25,588] {processor.py:641} INFO - Processing file /home/airflow/.local/lib/python3.7/site-packages/airflow/example_dags/example_task_group.py for tasks to queue
[2022-08-06 17:04:25,589] {logging_mixin.py:115} INFO - [2022-08-06 17:04:25,589] {dagbag.py:508} INFO - Filling up the DagBag from /home/airflow/.local/lib/python3.7/site-packages/airflow/example_dags/example_task_group.py
[2022-08-06 17:04:25,604] {processor.py:651} INFO - DAG(s) dict_keys(['example_task_group']) retrieved from /home/airflow/.local/lib/python3.7/site-packages/airflow/example_dags/example_task_group.py
[2022-08-06 17:04:25,656] {logging_mixin.py:115} INFO - [2022-08-06 17:04:25,656] {dag.py:2420} INFO - Sync 1 DAGs
[2022-08-06 17:04:25,707] {logging_mixin.py:115} INFO - [2022-08-06 17:04:25,706] {dag.py:2972} INFO - Setting next_dagrun for example_task_group to 2022-08-05T17:04:25.706332+00:00, run_after=2022-08-06T17:04:25.706332+00:00
[2022-08-06 17:04:25,737] {processor.py:161} INFO - Processing /home/airflow/.local/lib/python3.7/site-packages/airflow/example_dags/example_task_group.py took 0.154 seconds
[2022-08-06 17:04:56,601] {processor.py:153} INFO - Started process (PID=15210) to work on /home/airflow/.local/lib/python3.7/site-packages/airflow/example_dags/example_task_group.py
[2022-08-06 17:04:56,602] {processor.py:641} INFO - Processing file /home/airflow/.local/lib/python3.7/site-packages/airflow/example_dags/example_task_group.py for tasks to queue
[2022-08-06 17:04:56,603] {logging_mixin.py:115} INFO - [2022-08-06 17:04:56,603] {dagbag.py:508} INFO - Filling up the DagBag from /home/airflow/.local/lib/python3.7/site-packages/airflow/example_dags/example_task_group.py
[2022-08-06 17:04:56,611] {processor.py:651} INFO - DAG(s) dict_keys(['example_task_group']) retrieved from /home/airflow/.local/lib/python3.7/site-packages/airflow/example_dags/example_task_group.py
[2022-08-06 17:04:56,643] {logging_mixin.py:115} INFO - [2022-08-06 17:04:56,643] {dag.py:2420} INFO - Sync 1 DAGs
[2022-08-06 17:04:56,679] {logging_mixin.py:115} INFO - [2022-08-06 17:04:56,679] {dag.py:2972} INFO - Setting next_dagrun for example_task_group to 2022-08-05T17:04:56.679272+00:00, run_after=2022-08-06T17:04:56.679272+00:00
[2022-08-06 17:04:56,697] {processor.py:161} INFO - Processing /home/airflow/.local/lib/python3.7/site-packages/airflow/example_dags/example_task_group.py took 0.099 seconds
[2022-08-06 17:05:27,391] {processor.py:153} INFO - Started process (PID=15413) to work on /home/airflow/.local/lib/python3.7/site-packages/airflow/example_dags/example_task_group.py
[2022-08-06 17:05:27,391] {processor.py:641} INFO - Processing file /home/airflow/.local/lib/python3.7/site-packages/airflow/example_dags/example_task_group.py for tasks to queue
[2022-08-06 17:05:27,392] {logging_mixin.py:115} INFO - [2022-08-06 17:05:27,392] {dagbag.py:508} INFO - Filling up the DagBag from /home/airflow/.local/lib/python3.7/site-packages/airflow/example_dags/example_task_group.py
[2022-08-06 17:05:27,402] {processor.py:651} INFO - DAG(s) dict_keys(['example_task_group']) retrieved from /home/airflow/.local/lib/python3.7/site-packages/airflow/example_dags/example_task_group.py
[2022-08-06 17:05:27,433] {logging_mixin.py:115} INFO - [2022-08-06 17:05:27,433] {dag.py:2420} INFO - Sync 1 DAGs
[2022-08-06 17:05:27,464] {logging_mixin.py:115} INFO - [2022-08-06 17:05:27,464] {dag.py:2972} INFO - Setting next_dagrun for example_task_group to 2022-08-05T17:05:27.464607+00:00, run_after=2022-08-06T17:05:27.464607+00:00
[2022-08-06 17:05:27,483] {processor.py:161} INFO - Processing /home/airflow/.local/lib/python3.7/site-packages/airflow/example_dags/example_task_group.py took 0.096 seconds
[2022-08-06 17:05:58,357] {processor.py:153} INFO - Started process (PID=15607) to work on /home/airflow/.local/lib/python3.7/site-packages/airflow/example_dags/example_task_group.py
[2022-08-06 17:05:58,358] {processor.py:641} INFO - Processing file /home/airflow/.local/lib/python3.7/site-packages/airflow/example_dags/example_task_group.py for tasks to queue
[2022-08-06 17:05:58,359] {logging_mixin.py:115} INFO - [2022-08-06 17:05:58,359] {dagbag.py:508} INFO - Filling up the DagBag from /home/airflow/.local/lib/python3.7/site-packages/airflow/example_dags/example_task_group.py
[2022-08-06 17:05:58,367] {processor.py:651} INFO - DAG(s) dict_keys(['example_task_group']) retrieved from /home/airflow/.local/lib/python3.7/site-packages/airflow/example_dags/example_task_group.py
[2022-08-06 17:05:58,406] {logging_mixin.py:115} INFO - [2022-08-06 17:05:58,406] {dag.py:2420} INFO - Sync 1 DAGs
[2022-08-06 17:05:58,435] {logging_mixin.py:115} INFO - [2022-08-06 17:05:58,435] {dag.py:2972} INFO - Setting next_dagrun for example_task_group to 2022-08-05T17:05:58.435364+00:00, run_after=2022-08-06T17:05:58.435364+00:00
[2022-08-06 17:05:58,456] {processor.py:161} INFO - Processing /home/airflow/.local/lib/python3.7/site-packages/airflow/example_dags/example_task_group.py took 0.103 seconds
[2022-08-06 17:06:29,344] {processor.py:153} INFO - Started process (PID=15810) to work on /home/airflow/.local/lib/python3.7/site-packages/airflow/example_dags/example_task_group.py
[2022-08-06 17:06:29,345] {processor.py:641} INFO - Processing file /home/airflow/.local/lib/python3.7/site-packages/airflow/example_dags/example_task_group.py for tasks to queue
[2022-08-06 17:06:29,346] {logging_mixin.py:115} INFO - [2022-08-06 17:06:29,346] {dagbag.py:508} INFO - Filling up the DagBag from /home/airflow/.local/lib/python3.7/site-packages/airflow/example_dags/example_task_group.py
[2022-08-06 17:06:29,353] {processor.py:651} INFO - DAG(s) dict_keys(['example_task_group']) retrieved from /home/airflow/.local/lib/python3.7/site-packages/airflow/example_dags/example_task_group.py
[2022-08-06 17:06:29,385] {logging_mixin.py:115} INFO - [2022-08-06 17:06:29,384] {dag.py:2420} INFO - Sync 1 DAGs
[2022-08-06 17:06:29,410] {logging_mixin.py:115} INFO - [2022-08-06 17:06:29,410] {dag.py:2972} INFO - Setting next_dagrun for example_task_group to 2022-08-05T17:06:29.410166+00:00, run_after=2022-08-06T17:06:29.410166+00:00
[2022-08-06 17:06:29,434] {processor.py:161} INFO - Processing /home/airflow/.local/lib/python3.7/site-packages/airflow/example_dags/example_task_group.py took 0.092 seconds
[2022-08-06 17:07:00,291] {processor.py:153} INFO - Started process (PID=16003) to work on /home/airflow/.local/lib/python3.7/site-packages/airflow/example_dags/example_task_group.py
[2022-08-06 17:07:00,292] {processor.py:641} INFO - Processing file /home/airflow/.local/lib/python3.7/site-packages/airflow/example_dags/example_task_group.py for tasks to queue
[2022-08-06 17:07:00,293] {logging_mixin.py:115} INFO - [2022-08-06 17:07:00,293] {dagbag.py:508} INFO - Filling up the DagBag from /home/airflow/.local/lib/python3.7/site-packages/airflow/example_dags/example_task_group.py
[2022-08-06 17:07:00,302] {processor.py:651} INFO - DAG(s) dict_keys(['example_task_group']) retrieved from /home/airflow/.local/lib/python3.7/site-packages/airflow/example_dags/example_task_group.py
[2022-08-06 17:07:00,339] {logging_mixin.py:115} INFO - [2022-08-06 17:07:00,339] {dag.py:2420} INFO - Sync 1 DAGs
[2022-08-06 17:07:00,366] {logging_mixin.py:115} INFO - [2022-08-06 17:07:00,366] {dag.py:2972} INFO - Setting next_dagrun for example_task_group to 2022-08-05T17:07:00.366016+00:00, run_after=2022-08-06T17:07:00.366016+00:00
[2022-08-06 17:07:00,383] {processor.py:161} INFO - Processing /home/airflow/.local/lib/python3.7/site-packages/airflow/example_dags/example_task_group.py took 0.096 seconds
[2022-08-06 17:07:30,478] {processor.py:153} INFO - Started process (PID=16201) to work on /home/airflow/.local/lib/python3.7/site-packages/airflow/example_dags/example_task_group.py
[2022-08-06 17:07:30,479] {processor.py:641} INFO - Processing file /home/airflow/.local/lib/python3.7/site-packages/airflow/example_dags/example_task_group.py for tasks to queue
[2022-08-06 17:07:30,480] {logging_mixin.py:115} INFO - [2022-08-06 17:07:30,480] {dagbag.py:508} INFO - Filling up the DagBag from /home/airflow/.local/lib/python3.7/site-packages/airflow/example_dags/example_task_group.py
[2022-08-06 17:07:30,488] {processor.py:651} INFO - DAG(s) dict_keys(['example_task_group']) retrieved from /home/airflow/.local/lib/python3.7/site-packages/airflow/example_dags/example_task_group.py
[2022-08-06 17:07:30,521] {logging_mixin.py:115} INFO - [2022-08-06 17:07:30,521] {dag.py:2420} INFO - Sync 1 DAGs
[2022-08-06 17:07:30,557] {logging_mixin.py:115} INFO - [2022-08-06 17:07:30,557] {dag.py:2972} INFO - Setting next_dagrun for example_task_group to 2022-08-05T17:07:30.556973+00:00, run_after=2022-08-06T17:07:30.556973+00:00
[2022-08-06 17:07:30,581] {processor.py:161} INFO - Processing /home/airflow/.local/lib/python3.7/site-packages/airflow/example_dags/example_task_group.py took 0.106 seconds
[2022-08-06 17:08:01,034] {processor.py:153} INFO - Started process (PID=16400) to work on /home/airflow/.local/lib/python3.7/site-packages/airflow/example_dags/example_task_group.py
[2022-08-06 17:08:01,036] {processor.py:641} INFO - Processing file /home/airflow/.local/lib/python3.7/site-packages/airflow/example_dags/example_task_group.py for tasks to queue
[2022-08-06 17:08:01,037] {logging_mixin.py:115} INFO - [2022-08-06 17:08:01,037] {dagbag.py:508} INFO - Filling up the DagBag from /home/airflow/.local/lib/python3.7/site-packages/airflow/example_dags/example_task_group.py
[2022-08-06 17:08:01,046] {processor.py:651} INFO - DAG(s) dict_keys(['example_task_group']) retrieved from /home/airflow/.local/lib/python3.7/site-packages/airflow/example_dags/example_task_group.py
[2022-08-06 17:08:01,103] {logging_mixin.py:115} INFO - [2022-08-06 17:08:01,103] {dag.py:2420} INFO - Sync 1 DAGs
[2022-08-06 17:08:01,150] {logging_mixin.py:115} INFO - [2022-08-06 17:08:01,149] {dag.py:2972} INFO - Setting next_dagrun for example_task_group to 2022-08-05T17:08:01.149376+00:00, run_after=2022-08-06T17:08:01.149376+00:00
[2022-08-06 17:08:01,175] {processor.py:161} INFO - Processing /home/airflow/.local/lib/python3.7/site-packages/airflow/example_dags/example_task_group.py took 0.146 seconds
[2022-08-06 17:08:31,611] {processor.py:153} INFO - Started process (PID=16605) to work on /home/airflow/.local/lib/python3.7/site-packages/airflow/example_dags/example_task_group.py
[2022-08-06 17:08:31,612] {processor.py:641} INFO - Processing file /home/airflow/.local/lib/python3.7/site-packages/airflow/example_dags/example_task_group.py for tasks to queue
[2022-08-06 17:08:31,613] {logging_mixin.py:115} INFO - [2022-08-06 17:08:31,613] {dagbag.py:508} INFO - Filling up the DagBag from /home/airflow/.local/lib/python3.7/site-packages/airflow/example_dags/example_task_group.py
[2022-08-06 17:08:31,622] {processor.py:651} INFO - DAG(s) dict_keys(['example_task_group']) retrieved from /home/airflow/.local/lib/python3.7/site-packages/airflow/example_dags/example_task_group.py
[2022-08-06 17:08:31,655] {logging_mixin.py:115} INFO - [2022-08-06 17:08:31,655] {dag.py:2420} INFO - Sync 1 DAGs
[2022-08-06 17:08:31,682] {logging_mixin.py:115} INFO - [2022-08-06 17:08:31,682] {dag.py:2972} INFO - Setting next_dagrun for example_task_group to 2022-08-05T17:08:31.682412+00:00, run_after=2022-08-06T17:08:31.682412+00:00
[2022-08-06 17:08:31,703] {processor.py:161} INFO - Processing /home/airflow/.local/lib/python3.7/site-packages/airflow/example_dags/example_task_group.py took 0.096 seconds
[2022-08-06 17:09:02,392] {processor.py:153} INFO - Started process (PID=16797) to work on /home/airflow/.local/lib/python3.7/site-packages/airflow/example_dags/example_task_group.py
[2022-08-06 17:09:02,393] {processor.py:641} INFO - Processing file /home/airflow/.local/lib/python3.7/site-packages/airflow/example_dags/example_task_group.py for tasks to queue
[2022-08-06 17:09:02,394] {logging_mixin.py:115} INFO - [2022-08-06 17:09:02,393] {dagbag.py:508} INFO - Filling up the DagBag from /home/airflow/.local/lib/python3.7/site-packages/airflow/example_dags/example_task_group.py
[2022-08-06 17:09:02,401] {processor.py:651} INFO - DAG(s) dict_keys(['example_task_group']) retrieved from /home/airflow/.local/lib/python3.7/site-packages/airflow/example_dags/example_task_group.py
[2022-08-06 17:09:02,434] {logging_mixin.py:115} INFO - [2022-08-06 17:09:02,434] {dag.py:2420} INFO - Sync 1 DAGs
[2022-08-06 17:09:02,463] {logging_mixin.py:115} INFO - [2022-08-06 17:09:02,463] {dag.py:2972} INFO - Setting next_dagrun for example_task_group to 2022-08-05T17:09:02.463509+00:00, run_after=2022-08-06T17:09:02.463509+00:00
[2022-08-06 17:09:02,484] {processor.py:161} INFO - Processing /home/airflow/.local/lib/python3.7/site-packages/airflow/example_dags/example_task_group.py took 0.096 seconds
[2022-08-06 17:09:32,766] {processor.py:153} INFO - Started process (PID=17000) to work on /home/airflow/.local/lib/python3.7/site-packages/airflow/example_dags/example_task_group.py
[2022-08-06 17:09:32,767] {processor.py:641} INFO - Processing file /home/airflow/.local/lib/python3.7/site-packages/airflow/example_dags/example_task_group.py for tasks to queue
[2022-08-06 17:09:32,768] {logging_mixin.py:115} INFO - [2022-08-06 17:09:32,768] {dagbag.py:508} INFO - Filling up the DagBag from /home/airflow/.local/lib/python3.7/site-packages/airflow/example_dags/example_task_group.py
[2022-08-06 17:09:32,776] {processor.py:651} INFO - DAG(s) dict_keys(['example_task_group']) retrieved from /home/airflow/.local/lib/python3.7/site-packages/airflow/example_dags/example_task_group.py
[2022-08-06 17:09:32,810] {logging_mixin.py:115} INFO - [2022-08-06 17:09:32,809] {dag.py:2420} INFO - Sync 1 DAGs
[2022-08-06 17:09:32,838] {logging_mixin.py:115} INFO - [2022-08-06 17:09:32,838] {dag.py:2972} INFO - Setting next_dagrun for example_task_group to 2022-08-05T17:09:32.837821+00:00, run_after=2022-08-06T17:09:32.837821+00:00
[2022-08-06 17:09:32,857] {processor.py:161} INFO - Processing /home/airflow/.local/lib/python3.7/site-packages/airflow/example_dags/example_task_group.py took 0.094 seconds
[2022-08-06 17:10:03,676] {processor.py:153} INFO - Started process (PID=17194) to work on /home/airflow/.local/lib/python3.7/site-packages/airflow/example_dags/example_task_group.py
[2022-08-06 17:10:03,677] {processor.py:641} INFO - Processing file /home/airflow/.local/lib/python3.7/site-packages/airflow/example_dags/example_task_group.py for tasks to queue
[2022-08-06 17:10:03,678] {logging_mixin.py:115} INFO - [2022-08-06 17:10:03,678] {dagbag.py:508} INFO - Filling up the DagBag from /home/airflow/.local/lib/python3.7/site-packages/airflow/example_dags/example_task_group.py
[2022-08-06 17:10:03,686] {processor.py:651} INFO - DAG(s) dict_keys(['example_task_group']) retrieved from /home/airflow/.local/lib/python3.7/site-packages/airflow/example_dags/example_task_group.py
[2022-08-06 17:10:03,722] {logging_mixin.py:115} INFO - [2022-08-06 17:10:03,721] {dag.py:2420} INFO - Sync 1 DAGs
[2022-08-06 17:10:03,753] {logging_mixin.py:115} INFO - [2022-08-06 17:10:03,753] {dag.py:2972} INFO - Setting next_dagrun for example_task_group to 2022-08-05T17:10:03.753297+00:00, run_after=2022-08-06T17:10:03.753297+00:00
[2022-08-06 17:10:03,773] {processor.py:161} INFO - Processing /home/airflow/.local/lib/python3.7/site-packages/airflow/example_dags/example_task_group.py took 0.101 seconds
[2022-08-06 17:10:34,651] {processor.py:153} INFO - Started process (PID=17398) to work on /home/airflow/.local/lib/python3.7/site-packages/airflow/example_dags/example_task_group.py
[2022-08-06 17:10:34,652] {processor.py:641} INFO - Processing file /home/airflow/.local/lib/python3.7/site-packages/airflow/example_dags/example_task_group.py for tasks to queue
[2022-08-06 17:10:34,653] {logging_mixin.py:115} INFO - [2022-08-06 17:10:34,652] {dagbag.py:508} INFO - Filling up the DagBag from /home/airflow/.local/lib/python3.7/site-packages/airflow/example_dags/example_task_group.py
[2022-08-06 17:10:34,661] {processor.py:651} INFO - DAG(s) dict_keys(['example_task_group']) retrieved from /home/airflow/.local/lib/python3.7/site-packages/airflow/example_dags/example_task_group.py
[2022-08-06 17:10:34,698] {logging_mixin.py:115} INFO - [2022-08-06 17:10:34,698] {dag.py:2420} INFO - Sync 1 DAGs
[2022-08-06 17:10:34,730] {logging_mixin.py:115} INFO - [2022-08-06 17:10:34,730] {dag.py:2972} INFO - Setting next_dagrun for example_task_group to 2022-08-05T17:10:34.730080+00:00, run_after=2022-08-06T17:10:34.730080+00:00
[2022-08-06 17:10:34,758] {processor.py:161} INFO - Processing /home/airflow/.local/lib/python3.7/site-packages/airflow/example_dags/example_task_group.py took 0.111 seconds
[2022-08-06 17:11:05,617] {processor.py:153} INFO - Started process (PID=17592) to work on /home/airflow/.local/lib/python3.7/site-packages/airflow/example_dags/example_task_group.py
[2022-08-06 17:11:05,617] {processor.py:641} INFO - Processing file /home/airflow/.local/lib/python3.7/site-packages/airflow/example_dags/example_task_group.py for tasks to queue
[2022-08-06 17:11:05,618] {logging_mixin.py:115} INFO - [2022-08-06 17:11:05,618] {dagbag.py:508} INFO - Filling up the DagBag from /home/airflow/.local/lib/python3.7/site-packages/airflow/example_dags/example_task_group.py
[2022-08-06 17:11:05,627] {processor.py:651} INFO - DAG(s) dict_keys(['example_task_group']) retrieved from /home/airflow/.local/lib/python3.7/site-packages/airflow/example_dags/example_task_group.py
[2022-08-06 17:11:05,661] {logging_mixin.py:115} INFO - [2022-08-06 17:11:05,660] {dag.py:2420} INFO - Sync 1 DAGs
[2022-08-06 17:11:05,694] {logging_mixin.py:115} INFO - [2022-08-06 17:11:05,694] {dag.py:2972} INFO - Setting next_dagrun for example_task_group to 2022-08-05T17:11:05.694057+00:00, run_after=2022-08-06T17:11:05.694057+00:00
[2022-08-06 17:11:05,714] {processor.py:161} INFO - Processing /home/airflow/.local/lib/python3.7/site-packages/airflow/example_dags/example_task_group.py took 0.100 seconds
[2022-08-06 17:11:36,303] {processor.py:153} INFO - Started process (PID=17795) to work on /home/airflow/.local/lib/python3.7/site-packages/airflow/example_dags/example_task_group.py
[2022-08-06 17:11:36,304] {processor.py:641} INFO - Processing file /home/airflow/.local/lib/python3.7/site-packages/airflow/example_dags/example_task_group.py for tasks to queue
[2022-08-06 17:11:36,305] {logging_mixin.py:115} INFO - [2022-08-06 17:11:36,305] {dagbag.py:508} INFO - Filling up the DagBag from /home/airflow/.local/lib/python3.7/site-packages/airflow/example_dags/example_task_group.py
[2022-08-06 17:11:36,315] {processor.py:651} INFO - DAG(s) dict_keys(['example_task_group']) retrieved from /home/airflow/.local/lib/python3.7/site-packages/airflow/example_dags/example_task_group.py
[2022-08-06 17:11:36,348] {logging_mixin.py:115} INFO - [2022-08-06 17:11:36,348] {dag.py:2420} INFO - Sync 1 DAGs
[2022-08-06 17:11:36,382] {logging_mixin.py:115} INFO - [2022-08-06 17:11:36,382] {dag.py:2972} INFO - Setting next_dagrun for example_task_group to 2022-08-05T17:11:36.381938+00:00, run_after=2022-08-06T17:11:36.381938+00:00
[2022-08-06 17:11:36,401] {processor.py:161} INFO - Processing /home/airflow/.local/lib/python3.7/site-packages/airflow/example_dags/example_task_group.py took 0.102 seconds
[2022-08-06 17:12:06,604] {processor.py:153} INFO - Started process (PID=17989) to work on /home/airflow/.local/lib/python3.7/site-packages/airflow/example_dags/example_task_group.py
[2022-08-06 17:12:06,605] {processor.py:641} INFO - Processing file /home/airflow/.local/lib/python3.7/site-packages/airflow/example_dags/example_task_group.py for tasks to queue
[2022-08-06 17:12:06,606] {logging_mixin.py:115} INFO - [2022-08-06 17:12:06,606] {dagbag.py:508} INFO - Filling up the DagBag from /home/airflow/.local/lib/python3.7/site-packages/airflow/example_dags/example_task_group.py
[2022-08-06 17:12:06,615] {processor.py:651} INFO - DAG(s) dict_keys(['example_task_group']) retrieved from /home/airflow/.local/lib/python3.7/site-packages/airflow/example_dags/example_task_group.py
[2022-08-06 17:12:06,649] {logging_mixin.py:115} INFO - [2022-08-06 17:12:06,649] {dag.py:2420} INFO - Sync 1 DAGs
[2022-08-06 17:12:06,684] {logging_mixin.py:115} INFO - [2022-08-06 17:12:06,684] {dag.py:2972} INFO - Setting next_dagrun for example_task_group to 2022-08-05T17:12:06.684491+00:00, run_after=2022-08-06T17:12:06.684491+00:00
[2022-08-06 17:12:06,704] {processor.py:161} INFO - Processing /home/airflow/.local/lib/python3.7/site-packages/airflow/example_dags/example_task_group.py took 0.103 seconds
[2022-08-06 17:12:36,781] {processor.py:153} INFO - Started process (PID=18192) to work on /home/airflow/.local/lib/python3.7/site-packages/airflow/example_dags/example_task_group.py
[2022-08-06 17:12:36,782] {processor.py:641} INFO - Processing file /home/airflow/.local/lib/python3.7/site-packages/airflow/example_dags/example_task_group.py for tasks to queue
[2022-08-06 17:12:36,783] {logging_mixin.py:115} INFO - [2022-08-06 17:12:36,783] {dagbag.py:508} INFO - Filling up the DagBag from /home/airflow/.local/lib/python3.7/site-packages/airflow/example_dags/example_task_group.py
[2022-08-06 17:12:36,793] {processor.py:651} INFO - DAG(s) dict_keys(['example_task_group']) retrieved from /home/airflow/.local/lib/python3.7/site-packages/airflow/example_dags/example_task_group.py
[2022-08-06 17:12:36,828] {logging_mixin.py:115} INFO - [2022-08-06 17:12:36,828] {dag.py:2420} INFO - Sync 1 DAGs
[2022-08-06 17:12:36,856] {logging_mixin.py:115} INFO - [2022-08-06 17:12:36,856] {dag.py:2972} INFO - Setting next_dagrun for example_task_group to 2022-08-05T17:12:36.856219+00:00, run_after=2022-08-06T17:12:36.856219+00:00
[2022-08-06 17:12:36,885] {processor.py:161} INFO - Processing /home/airflow/.local/lib/python3.7/site-packages/airflow/example_dags/example_task_group.py took 0.107 seconds
[2022-08-06 17:13:07,691] {processor.py:153} INFO - Started process (PID=18386) to work on /home/airflow/.local/lib/python3.7/site-packages/airflow/example_dags/example_task_group.py
[2022-08-06 17:13:07,692] {processor.py:641} INFO - Processing file /home/airflow/.local/lib/python3.7/site-packages/airflow/example_dags/example_task_group.py for tasks to queue
[2022-08-06 17:13:07,693] {logging_mixin.py:115} INFO - [2022-08-06 17:13:07,693] {dagbag.py:508} INFO - Filling up the DagBag from /home/airflow/.local/lib/python3.7/site-packages/airflow/example_dags/example_task_group.py
[2022-08-06 17:13:07,703] {processor.py:651} INFO - DAG(s) dict_keys(['example_task_group']) retrieved from /home/airflow/.local/lib/python3.7/site-packages/airflow/example_dags/example_task_group.py
[2022-08-06 17:13:07,746] {logging_mixin.py:115} INFO - [2022-08-06 17:13:07,746] {dag.py:2420} INFO - Sync 1 DAGs
[2022-08-06 17:13:07,783] {logging_mixin.py:115} INFO - [2022-08-06 17:13:07,783] {dag.py:2972} INFO - Setting next_dagrun for example_task_group to 2022-08-05T17:13:07.783267+00:00, run_after=2022-08-06T17:13:07.783267+00:00
[2022-08-06 17:13:07,803] {processor.py:161} INFO - Processing /home/airflow/.local/lib/python3.7/site-packages/airflow/example_dags/example_task_group.py took 0.115 seconds
[2022-08-06 17:13:38,753] {processor.py:153} INFO - Started process (PID=18589) to work on /home/airflow/.local/lib/python3.7/site-packages/airflow/example_dags/example_task_group.py
[2022-08-06 17:13:38,754] {processor.py:641} INFO - Processing file /home/airflow/.local/lib/python3.7/site-packages/airflow/example_dags/example_task_group.py for tasks to queue
[2022-08-06 17:13:38,755] {logging_mixin.py:115} INFO - [2022-08-06 17:13:38,754] {dagbag.py:508} INFO - Filling up the DagBag from /home/airflow/.local/lib/python3.7/site-packages/airflow/example_dags/example_task_group.py
[2022-08-06 17:13:38,768] {processor.py:651} INFO - DAG(s) dict_keys(['example_task_group']) retrieved from /home/airflow/.local/lib/python3.7/site-packages/airflow/example_dags/example_task_group.py
[2022-08-06 17:13:38,801] {logging_mixin.py:115} INFO - [2022-08-06 17:13:38,800] {dag.py:2420} INFO - Sync 1 DAGs
[2022-08-06 17:13:38,829] {logging_mixin.py:115} INFO - [2022-08-06 17:13:38,829] {dag.py:2972} INFO - Setting next_dagrun for example_task_group to 2022-08-05T17:13:38.828855+00:00, run_after=2022-08-06T17:13:38.828855+00:00
[2022-08-06 17:13:38,847] {processor.py:161} INFO - Processing /home/airflow/.local/lib/python3.7/site-packages/airflow/example_dags/example_task_group.py took 0.098 seconds
[2022-08-06 17:14:09,614] {processor.py:153} INFO - Started process (PID=18783) to work on /home/airflow/.local/lib/python3.7/site-packages/airflow/example_dags/example_task_group.py
[2022-08-06 17:14:09,615] {processor.py:641} INFO - Processing file /home/airflow/.local/lib/python3.7/site-packages/airflow/example_dags/example_task_group.py for tasks to queue
[2022-08-06 17:14:09,616] {logging_mixin.py:115} INFO - [2022-08-06 17:14:09,616] {dagbag.py:508} INFO - Filling up the DagBag from /home/airflow/.local/lib/python3.7/site-packages/airflow/example_dags/example_task_group.py
[2022-08-06 17:14:09,627] {processor.py:651} INFO - DAG(s) dict_keys(['example_task_group']) retrieved from /home/airflow/.local/lib/python3.7/site-packages/airflow/example_dags/example_task_group.py
[2022-08-06 17:14:09,662] {logging_mixin.py:115} INFO - [2022-08-06 17:14:09,662] {dag.py:2420} INFO - Sync 1 DAGs
[2022-08-06 17:14:09,700] {logging_mixin.py:115} INFO - [2022-08-06 17:14:09,700] {dag.py:2972} INFO - Setting next_dagrun for example_task_group to 2022-08-05T17:14:09.700036+00:00, run_after=2022-08-06T17:14:09.700036+00:00
[2022-08-06 17:14:09,718] {processor.py:161} INFO - Processing /home/airflow/.local/lib/python3.7/site-packages/airflow/example_dags/example_task_group.py took 0.107 seconds
[2022-08-06 17:14:39,771] {processor.py:153} INFO - Started process (PID=18986) to work on /home/airflow/.local/lib/python3.7/site-packages/airflow/example_dags/example_task_group.py
[2022-08-06 17:14:39,772] {processor.py:641} INFO - Processing file /home/airflow/.local/lib/python3.7/site-packages/airflow/example_dags/example_task_group.py for tasks to queue
[2022-08-06 17:14:39,773] {logging_mixin.py:115} INFO - [2022-08-06 17:14:39,773] {dagbag.py:508} INFO - Filling up the DagBag from /home/airflow/.local/lib/python3.7/site-packages/airflow/example_dags/example_task_group.py
[2022-08-06 17:14:39,781] {processor.py:651} INFO - DAG(s) dict_keys(['example_task_group']) retrieved from /home/airflow/.local/lib/python3.7/site-packages/airflow/example_dags/example_task_group.py
[2022-08-06 17:14:39,813] {logging_mixin.py:115} INFO - [2022-08-06 17:14:39,812] {dag.py:2420} INFO - Sync 1 DAGs
[2022-08-06 17:14:39,844] {logging_mixin.py:115} INFO - [2022-08-06 17:14:39,844] {dag.py:2972} INFO - Setting next_dagrun for example_task_group to 2022-08-05T17:14:39.843802+00:00, run_after=2022-08-06T17:14:39.843802+00:00
[2022-08-06 17:14:39,862] {processor.py:161} INFO - Processing /home/airflow/.local/lib/python3.7/site-packages/airflow/example_dags/example_task_group.py took 0.094 seconds
[2022-08-06 17:15:10,406] {processor.py:153} INFO - Started process (PID=19180) to work on /home/airflow/.local/lib/python3.7/site-packages/airflow/example_dags/example_task_group.py
[2022-08-06 17:15:10,407] {processor.py:641} INFO - Processing file /home/airflow/.local/lib/python3.7/site-packages/airflow/example_dags/example_task_group.py for tasks to queue
[2022-08-06 17:15:10,408] {logging_mixin.py:115} INFO - [2022-08-06 17:15:10,408] {dagbag.py:508} INFO - Filling up the DagBag from /home/airflow/.local/lib/python3.7/site-packages/airflow/example_dags/example_task_group.py
[2022-08-06 17:15:10,416] {processor.py:651} INFO - DAG(s) dict_keys(['example_task_group']) retrieved from /home/airflow/.local/lib/python3.7/site-packages/airflow/example_dags/example_task_group.py
[2022-08-06 17:15:10,451] {logging_mixin.py:115} INFO - [2022-08-06 17:15:10,451] {dag.py:2420} INFO - Sync 1 DAGs
[2022-08-06 17:15:10,481] {logging_mixin.py:115} INFO - [2022-08-06 17:15:10,481] {dag.py:2972} INFO - Setting next_dagrun for example_task_group to 2022-08-05T17:15:10.480845+00:00, run_after=2022-08-06T17:15:10.480845+00:00
[2022-08-06 17:15:10,497] {processor.py:161} INFO - Processing /home/airflow/.local/lib/python3.7/site-packages/airflow/example_dags/example_task_group.py took 0.094 seconds
