[2022-08-06 03:38:42,159] {processor.py:153} INFO - Started process (PID=9346) to work on /home/airflow/.local/lib/python3.7/site-packages/airflow/example_dags/example_latest_only_with_trigger.py
[2022-08-06 03:38:42,160] {processor.py:641} INFO - Processing file /home/airflow/.local/lib/python3.7/site-packages/airflow/example_dags/example_latest_only_with_trigger.py for tasks to queue
[2022-08-06 03:38:42,163] {logging_mixin.py:115} INFO - [2022-08-06 03:38:42,163] {dagbag.py:508} INFO - Filling up the DagBag from /home/airflow/.local/lib/python3.7/site-packages/airflow/example_dags/example_latest_only_with_trigger.py
[2022-08-06 03:38:42,170] {processor.py:651} INFO - DAG(s) dict_keys(['latest_only_with_trigger']) retrieved from /home/airflow/.local/lib/python3.7/site-packages/airflow/example_dags/example_latest_only_with_trigger.py
[2022-08-06 03:38:42,207] {logging_mixin.py:115} INFO - [2022-08-06 03:38:42,207] {dag.py:2420} INFO - Sync 1 DAGs
[2022-08-06 03:38:42,242] {logging_mixin.py:115} INFO - [2022-08-06 03:38:42,242] {dag.py:2972} INFO - Setting next_dagrun for latest_only_with_trigger to 2022-08-05T23:38:42.242297+00:00, run_after=2022-08-06T03:38:42.242297+00:00
[2022-08-06 03:38:42,261] {processor.py:161} INFO - Processing /home/airflow/.local/lib/python3.7/site-packages/airflow/example_dags/example_latest_only_with_trigger.py took 0.104 seconds
[2022-08-06 03:39:12,506] {processor.py:153} INFO - Started process (PID=9550) to work on /home/airflow/.local/lib/python3.7/site-packages/airflow/example_dags/example_latest_only_with_trigger.py
[2022-08-06 03:39:12,507] {processor.py:641} INFO - Processing file /home/airflow/.local/lib/python3.7/site-packages/airflow/example_dags/example_latest_only_with_trigger.py for tasks to queue
[2022-08-06 03:39:12,508] {logging_mixin.py:115} INFO - [2022-08-06 03:39:12,507] {dagbag.py:508} INFO - Filling up the DagBag from /home/airflow/.local/lib/python3.7/site-packages/airflow/example_dags/example_latest_only_with_trigger.py
[2022-08-06 03:39:12,513] {processor.py:651} INFO - DAG(s) dict_keys(['latest_only_with_trigger']) retrieved from /home/airflow/.local/lib/python3.7/site-packages/airflow/example_dags/example_latest_only_with_trigger.py
[2022-08-06 03:39:12,540] {logging_mixin.py:115} INFO - [2022-08-06 03:39:12,540] {dag.py:2420} INFO - Sync 1 DAGs
[2022-08-06 03:39:12,563] {logging_mixin.py:115} INFO - [2022-08-06 03:39:12,563] {dag.py:2972} INFO - Setting next_dagrun for latest_only_with_trigger to 2022-08-05T23:39:12.563121+00:00, run_after=2022-08-06T03:39:12.563121+00:00
[2022-08-06 03:39:12,577] {processor.py:161} INFO - Processing /home/airflow/.local/lib/python3.7/site-packages/airflow/example_dags/example_latest_only_with_trigger.py took 0.074 seconds
[2022-08-06 03:39:43,155] {processor.py:153} INFO - Started process (PID=9761) to work on /home/airflow/.local/lib/python3.7/site-packages/airflow/example_dags/example_latest_only_with_trigger.py
[2022-08-06 03:39:43,156] {processor.py:641} INFO - Processing file /home/airflow/.local/lib/python3.7/site-packages/airflow/example_dags/example_latest_only_with_trigger.py for tasks to queue
[2022-08-06 03:39:43,156] {logging_mixin.py:115} INFO - [2022-08-06 03:39:43,156] {dagbag.py:508} INFO - Filling up the DagBag from /home/airflow/.local/lib/python3.7/site-packages/airflow/example_dags/example_latest_only_with_trigger.py
[2022-08-06 03:39:43,161] {processor.py:651} INFO - DAG(s) dict_keys(['latest_only_with_trigger']) retrieved from /home/airflow/.local/lib/python3.7/site-packages/airflow/example_dags/example_latest_only_with_trigger.py
[2022-08-06 03:39:43,183] {logging_mixin.py:115} INFO - [2022-08-06 03:39:43,183] {dag.py:2420} INFO - Sync 1 DAGs
[2022-08-06 03:39:43,203] {logging_mixin.py:115} INFO - [2022-08-06 03:39:43,203] {dag.py:2972} INFO - Setting next_dagrun for latest_only_with_trigger to 2022-08-05T23:39:43.202921+00:00, run_after=2022-08-06T03:39:43.202921+00:00
[2022-08-06 03:39:43,216] {processor.py:161} INFO - Processing /home/airflow/.local/lib/python3.7/site-packages/airflow/example_dags/example_latest_only_with_trigger.py took 0.064 seconds
[2022-08-06 03:40:14,142] {processor.py:153} INFO - Started process (PID=9955) to work on /home/airflow/.local/lib/python3.7/site-packages/airflow/example_dags/example_latest_only_with_trigger.py
[2022-08-06 03:40:14,142] {processor.py:641} INFO - Processing file /home/airflow/.local/lib/python3.7/site-packages/airflow/example_dags/example_latest_only_with_trigger.py for tasks to queue
[2022-08-06 03:40:14,143] {logging_mixin.py:115} INFO - [2022-08-06 03:40:14,143] {dagbag.py:508} INFO - Filling up the DagBag from /home/airflow/.local/lib/python3.7/site-packages/airflow/example_dags/example_latest_only_with_trigger.py
[2022-08-06 03:40:14,149] {processor.py:651} INFO - DAG(s) dict_keys(['latest_only_with_trigger']) retrieved from /home/airflow/.local/lib/python3.7/site-packages/airflow/example_dags/example_latest_only_with_trigger.py
[2022-08-06 03:40:14,179] {logging_mixin.py:115} INFO - [2022-08-06 03:40:14,179] {dag.py:2420} INFO - Sync 1 DAGs
[2022-08-06 03:40:14,206] {logging_mixin.py:115} INFO - [2022-08-06 03:40:14,206] {dag.py:2972} INFO - Setting next_dagrun for latest_only_with_trigger to 2022-08-05T23:40:14.206073+00:00, run_after=2022-08-06T03:40:14.206073+00:00
[2022-08-06 03:40:14,222] {processor.py:161} INFO - Processing /home/airflow/.local/lib/python3.7/site-packages/airflow/example_dags/example_latest_only_with_trigger.py took 0.084 seconds
[2022-08-06 03:40:45,149] {processor.py:153} INFO - Started process (PID=10158) to work on /home/airflow/.local/lib/python3.7/site-packages/airflow/example_dags/example_latest_only_with_trigger.py
[2022-08-06 03:40:45,149] {processor.py:641} INFO - Processing file /home/airflow/.local/lib/python3.7/site-packages/airflow/example_dags/example_latest_only_with_trigger.py for tasks to queue
[2022-08-06 03:40:45,150] {logging_mixin.py:115} INFO - [2022-08-06 03:40:45,150] {dagbag.py:508} INFO - Filling up the DagBag from /home/airflow/.local/lib/python3.7/site-packages/airflow/example_dags/example_latest_only_with_trigger.py
[2022-08-06 03:40:45,156] {processor.py:651} INFO - DAG(s) dict_keys(['latest_only_with_trigger']) retrieved from /home/airflow/.local/lib/python3.7/site-packages/airflow/example_dags/example_latest_only_with_trigger.py
[2022-08-06 03:40:45,187] {logging_mixin.py:115} INFO - [2022-08-06 03:40:45,186] {dag.py:2420} INFO - Sync 1 DAGs
[2022-08-06 03:40:45,224] {logging_mixin.py:115} INFO - [2022-08-06 03:40:45,223] {dag.py:2972} INFO - Setting next_dagrun for latest_only_with_trigger to 2022-08-05T23:40:45.223534+00:00, run_after=2022-08-06T03:40:45.223534+00:00
[2022-08-06 03:40:45,243] {processor.py:161} INFO - Processing /home/airflow/.local/lib/python3.7/site-packages/airflow/example_dags/example_latest_only_with_trigger.py took 0.097 seconds
[2022-08-06 03:41:15,910] {processor.py:153} INFO - Started process (PID=10361) to work on /home/airflow/.local/lib/python3.7/site-packages/airflow/example_dags/example_latest_only_with_trigger.py
[2022-08-06 03:41:15,911] {processor.py:641} INFO - Processing file /home/airflow/.local/lib/python3.7/site-packages/airflow/example_dags/example_latest_only_with_trigger.py for tasks to queue
[2022-08-06 03:41:15,912] {logging_mixin.py:115} INFO - [2022-08-06 03:41:15,912] {dagbag.py:508} INFO - Filling up the DagBag from /home/airflow/.local/lib/python3.7/site-packages/airflow/example_dags/example_latest_only_with_trigger.py
[2022-08-06 03:41:15,919] {processor.py:651} INFO - DAG(s) dict_keys(['latest_only_with_trigger']) retrieved from /home/airflow/.local/lib/python3.7/site-packages/airflow/example_dags/example_latest_only_with_trigger.py
[2022-08-06 03:41:15,951] {logging_mixin.py:115} INFO - [2022-08-06 03:41:15,951] {dag.py:2420} INFO - Sync 1 DAGs
[2022-08-06 03:41:15,984] {logging_mixin.py:115} INFO - [2022-08-06 03:41:15,984] {dag.py:2972} INFO - Setting next_dagrun for latest_only_with_trigger to 2022-08-05T23:41:15.984044+00:00, run_after=2022-08-06T03:41:15.984044+00:00
[2022-08-06 03:41:16,002] {processor.py:161} INFO - Processing /home/airflow/.local/lib/python3.7/site-packages/airflow/example_dags/example_latest_only_with_trigger.py took 0.095 seconds
[2022-08-06 03:41:46,896] {processor.py:153} INFO - Started process (PID=10557) to work on /home/airflow/.local/lib/python3.7/site-packages/airflow/example_dags/example_latest_only_with_trigger.py
[2022-08-06 03:41:46,897] {processor.py:641} INFO - Processing file /home/airflow/.local/lib/python3.7/site-packages/airflow/example_dags/example_latest_only_with_trigger.py for tasks to queue
[2022-08-06 03:41:46,897] {logging_mixin.py:115} INFO - [2022-08-06 03:41:46,897] {dagbag.py:508} INFO - Filling up the DagBag from /home/airflow/.local/lib/python3.7/site-packages/airflow/example_dags/example_latest_only_with_trigger.py
[2022-08-06 03:41:46,903] {processor.py:651} INFO - DAG(s) dict_keys(['latest_only_with_trigger']) retrieved from /home/airflow/.local/lib/python3.7/site-packages/airflow/example_dags/example_latest_only_with_trigger.py
[2022-08-06 03:41:46,930] {logging_mixin.py:115} INFO - [2022-08-06 03:41:46,930] {dag.py:2420} INFO - Sync 1 DAGs
[2022-08-06 03:41:46,964] {logging_mixin.py:115} INFO - [2022-08-06 03:41:46,964] {dag.py:2972} INFO - Setting next_dagrun for latest_only_with_trigger to 2022-08-05T23:41:46.963788+00:00, run_after=2022-08-06T03:41:46.963788+00:00
[2022-08-06 03:41:46,985] {processor.py:161} INFO - Processing /home/airflow/.local/lib/python3.7/site-packages/airflow/example_dags/example_latest_only_with_trigger.py took 0.092 seconds
[2022-08-06 03:42:17,422] {processor.py:153} INFO - Started process (PID=10759) to work on /home/airflow/.local/lib/python3.7/site-packages/airflow/example_dags/example_latest_only_with_trigger.py
[2022-08-06 03:42:17,423] {processor.py:641} INFO - Processing file /home/airflow/.local/lib/python3.7/site-packages/airflow/example_dags/example_latest_only_with_trigger.py for tasks to queue
[2022-08-06 03:42:17,425] {logging_mixin.py:115} INFO - [2022-08-06 03:42:17,424] {dagbag.py:508} INFO - Filling up the DagBag from /home/airflow/.local/lib/python3.7/site-packages/airflow/example_dags/example_latest_only_with_trigger.py
[2022-08-06 03:42:17,434] {processor.py:651} INFO - DAG(s) dict_keys(['latest_only_with_trigger']) retrieved from /home/airflow/.local/lib/python3.7/site-packages/airflow/example_dags/example_latest_only_with_trigger.py
[2022-08-06 03:42:17,477] {logging_mixin.py:115} INFO - [2022-08-06 03:42:17,477] {dag.py:2420} INFO - Sync 1 DAGs
[2022-08-06 03:42:17,507] {logging_mixin.py:115} INFO - [2022-08-06 03:42:17,507] {dag.py:2972} INFO - Setting next_dagrun for latest_only_with_trigger to 2022-08-05T23:42:17.507590+00:00, run_after=2022-08-06T03:42:17.507590+00:00
[2022-08-06 03:42:17,527] {processor.py:161} INFO - Processing /home/airflow/.local/lib/python3.7/site-packages/airflow/example_dags/example_latest_only_with_trigger.py took 0.109 seconds
[2022-08-06 03:42:48,558] {processor.py:153} INFO - Started process (PID=10953) to work on /home/airflow/.local/lib/python3.7/site-packages/airflow/example_dags/example_latest_only_with_trigger.py
[2022-08-06 03:42:48,559] {processor.py:641} INFO - Processing file /home/airflow/.local/lib/python3.7/site-packages/airflow/example_dags/example_latest_only_with_trigger.py for tasks to queue
[2022-08-06 03:42:48,560] {logging_mixin.py:115} INFO - [2022-08-06 03:42:48,560] {dagbag.py:508} INFO - Filling up the DagBag from /home/airflow/.local/lib/python3.7/site-packages/airflow/example_dags/example_latest_only_with_trigger.py
[2022-08-06 03:42:48,567] {processor.py:651} INFO - DAG(s) dict_keys(['latest_only_with_trigger']) retrieved from /home/airflow/.local/lib/python3.7/site-packages/airflow/example_dags/example_latest_only_with_trigger.py
[2022-08-06 03:42:48,599] {logging_mixin.py:115} INFO - [2022-08-06 03:42:48,599] {dag.py:2420} INFO - Sync 1 DAGs
[2022-08-06 03:42:48,630] {logging_mixin.py:115} INFO - [2022-08-06 03:42:48,629] {dag.py:2972} INFO - Setting next_dagrun for latest_only_with_trigger to 2022-08-05T23:42:48.629607+00:00, run_after=2022-08-06T03:42:48.629607+00:00
[2022-08-06 03:42:48,647] {processor.py:161} INFO - Processing /home/airflow/.local/lib/python3.7/site-packages/airflow/example_dags/example_latest_only_with_trigger.py took 0.092 seconds
[2022-08-06 03:43:19,206] {processor.py:153} INFO - Started process (PID=11156) to work on /home/airflow/.local/lib/python3.7/site-packages/airflow/example_dags/example_latest_only_with_trigger.py
[2022-08-06 03:43:19,207] {processor.py:641} INFO - Processing file /home/airflow/.local/lib/python3.7/site-packages/airflow/example_dags/example_latest_only_with_trigger.py for tasks to queue
[2022-08-06 03:43:19,208] {logging_mixin.py:115} INFO - [2022-08-06 03:43:19,208] {dagbag.py:508} INFO - Filling up the DagBag from /home/airflow/.local/lib/python3.7/site-packages/airflow/example_dags/example_latest_only_with_trigger.py
[2022-08-06 03:43:19,215] {processor.py:651} INFO - DAG(s) dict_keys(['latest_only_with_trigger']) retrieved from /home/airflow/.local/lib/python3.7/site-packages/airflow/example_dags/example_latest_only_with_trigger.py
[2022-08-06 03:43:19,250] {logging_mixin.py:115} INFO - [2022-08-06 03:43:19,249] {dag.py:2420} INFO - Sync 1 DAGs
[2022-08-06 03:43:19,289] {logging_mixin.py:115} INFO - [2022-08-06 03:43:19,289] {dag.py:2972} INFO - Setting next_dagrun for latest_only_with_trigger to 2022-08-05T23:43:19.289040+00:00, run_after=2022-08-06T03:43:19.289040+00:00
[2022-08-06 03:43:19,313] {processor.py:161} INFO - Processing /home/airflow/.local/lib/python3.7/site-packages/airflow/example_dags/example_latest_only_with_trigger.py took 0.112 seconds
[2022-08-06 03:43:50,059] {processor.py:153} INFO - Started process (PID=11350) to work on /home/airflow/.local/lib/python3.7/site-packages/airflow/example_dags/example_latest_only_with_trigger.py
[2022-08-06 03:43:50,061] {processor.py:641} INFO - Processing file /home/airflow/.local/lib/python3.7/site-packages/airflow/example_dags/example_latest_only_with_trigger.py for tasks to queue
[2022-08-06 03:43:50,062] {logging_mixin.py:115} INFO - [2022-08-06 03:43:50,061] {dagbag.py:508} INFO - Filling up the DagBag from /home/airflow/.local/lib/python3.7/site-packages/airflow/example_dags/example_latest_only_with_trigger.py
[2022-08-06 03:43:50,070] {processor.py:651} INFO - DAG(s) dict_keys(['latest_only_with_trigger']) retrieved from /home/airflow/.local/lib/python3.7/site-packages/airflow/example_dags/example_latest_only_with_trigger.py
[2022-08-06 03:43:50,106] {logging_mixin.py:115} INFO - [2022-08-06 03:43:50,106] {dag.py:2420} INFO - Sync 1 DAGs
[2022-08-06 03:43:50,140] {logging_mixin.py:115} INFO - [2022-08-06 03:43:50,140] {dag.py:2972} INFO - Setting next_dagrun for latest_only_with_trigger to 2022-08-05T23:43:50.140512+00:00, run_after=2022-08-06T03:43:50.140512+00:00
[2022-08-06 03:43:50,160] {processor.py:161} INFO - Processing /home/airflow/.local/lib/python3.7/site-packages/airflow/example_dags/example_latest_only_with_trigger.py took 0.105 seconds
[2022-08-06 03:44:20,800] {processor.py:153} INFO - Started process (PID=11553) to work on /home/airflow/.local/lib/python3.7/site-packages/airflow/example_dags/example_latest_only_with_trigger.py
[2022-08-06 03:44:20,801] {processor.py:641} INFO - Processing file /home/airflow/.local/lib/python3.7/site-packages/airflow/example_dags/example_latest_only_with_trigger.py for tasks to queue
[2022-08-06 03:44:20,802] {logging_mixin.py:115} INFO - [2022-08-06 03:44:20,802] {dagbag.py:508} INFO - Filling up the DagBag from /home/airflow/.local/lib/python3.7/site-packages/airflow/example_dags/example_latest_only_with_trigger.py
[2022-08-06 03:44:20,810] {processor.py:651} INFO - DAG(s) dict_keys(['latest_only_with_trigger']) retrieved from /home/airflow/.local/lib/python3.7/site-packages/airflow/example_dags/example_latest_only_with_trigger.py
[2022-08-06 03:44:20,844] {logging_mixin.py:115} INFO - [2022-08-06 03:44:20,844] {dag.py:2420} INFO - Sync 1 DAGs
[2022-08-06 03:44:20,878] {logging_mixin.py:115} INFO - [2022-08-06 03:44:20,878] {dag.py:2972} INFO - Setting next_dagrun for latest_only_with_trigger to 2022-08-05T23:44:20.878188+00:00, run_after=2022-08-06T03:44:20.878188+00:00
[2022-08-06 03:44:20,898] {processor.py:161} INFO - Processing /home/airflow/.local/lib/python3.7/site-packages/airflow/example_dags/example_latest_only_with_trigger.py took 0.102 seconds
[2022-08-06 03:44:51,729] {processor.py:153} INFO - Started process (PID=11747) to work on /home/airflow/.local/lib/python3.7/site-packages/airflow/example_dags/example_latest_only_with_trigger.py
[2022-08-06 03:44:51,729] {processor.py:641} INFO - Processing file /home/airflow/.local/lib/python3.7/site-packages/airflow/example_dags/example_latest_only_with_trigger.py for tasks to queue
[2022-08-06 03:44:51,730] {logging_mixin.py:115} INFO - [2022-08-06 03:44:51,730] {dagbag.py:508} INFO - Filling up the DagBag from /home/airflow/.local/lib/python3.7/site-packages/airflow/example_dags/example_latest_only_with_trigger.py
[2022-08-06 03:44:51,736] {processor.py:651} INFO - DAG(s) dict_keys(['latest_only_with_trigger']) retrieved from /home/airflow/.local/lib/python3.7/site-packages/airflow/example_dags/example_latest_only_with_trigger.py
[2022-08-06 03:44:51,762] {logging_mixin.py:115} INFO - [2022-08-06 03:44:51,762] {dag.py:2420} INFO - Sync 1 DAGs
[2022-08-06 03:44:51,790] {logging_mixin.py:115} INFO - [2022-08-06 03:44:51,790] {dag.py:2972} INFO - Setting next_dagrun for latest_only_with_trigger to 2022-08-05T23:44:51.790191+00:00, run_after=2022-08-06T03:44:51.790191+00:00
[2022-08-06 03:44:51,804] {processor.py:161} INFO - Processing /home/airflow/.local/lib/python3.7/site-packages/airflow/example_dags/example_latest_only_with_trigger.py took 0.079 seconds
[2022-08-06 03:45:22,633] {processor.py:153} INFO - Started process (PID=11951) to work on /home/airflow/.local/lib/python3.7/site-packages/airflow/example_dags/example_latest_only_with_trigger.py
[2022-08-06 03:45:22,633] {processor.py:641} INFO - Processing file /home/airflow/.local/lib/python3.7/site-packages/airflow/example_dags/example_latest_only_with_trigger.py for tasks to queue
[2022-08-06 03:45:22,634] {logging_mixin.py:115} INFO - [2022-08-06 03:45:22,634] {dagbag.py:508} INFO - Filling up the DagBag from /home/airflow/.local/lib/python3.7/site-packages/airflow/example_dags/example_latest_only_with_trigger.py
[2022-08-06 03:45:22,641] {processor.py:651} INFO - DAG(s) dict_keys(['latest_only_with_trigger']) retrieved from /home/airflow/.local/lib/python3.7/site-packages/airflow/example_dags/example_latest_only_with_trigger.py
[2022-08-06 03:45:22,676] {logging_mixin.py:115} INFO - [2022-08-06 03:45:22,676] {dag.py:2420} INFO - Sync 1 DAGs
[2022-08-06 03:45:22,711] {logging_mixin.py:115} INFO - [2022-08-06 03:45:22,711] {dag.py:2972} INFO - Setting next_dagrun for latest_only_with_trigger to 2022-08-05T23:45:22.710489+00:00, run_after=2022-08-06T03:45:22.710489+00:00
[2022-08-06 03:45:22,731] {processor.py:161} INFO - Processing /home/airflow/.local/lib/python3.7/site-packages/airflow/example_dags/example_latest_only_with_trigger.py took 0.102 seconds
[2022-08-06 03:45:53,113] {processor.py:153} INFO - Started process (PID=12145) to work on /home/airflow/.local/lib/python3.7/site-packages/airflow/example_dags/example_latest_only_with_trigger.py
[2022-08-06 03:45:53,114] {processor.py:641} INFO - Processing file /home/airflow/.local/lib/python3.7/site-packages/airflow/example_dags/example_latest_only_with_trigger.py for tasks to queue
[2022-08-06 03:45:53,115] {logging_mixin.py:115} INFO - [2022-08-06 03:45:53,115] {dagbag.py:508} INFO - Filling up the DagBag from /home/airflow/.local/lib/python3.7/site-packages/airflow/example_dags/example_latest_only_with_trigger.py
[2022-08-06 03:45:53,125] {processor.py:651} INFO - DAG(s) dict_keys(['latest_only_with_trigger']) retrieved from /home/airflow/.local/lib/python3.7/site-packages/airflow/example_dags/example_latest_only_with_trigger.py
[2022-08-06 03:45:53,166] {logging_mixin.py:115} INFO - [2022-08-06 03:45:53,165] {dag.py:2420} INFO - Sync 1 DAGs
[2022-08-06 03:45:53,208] {logging_mixin.py:115} INFO - [2022-08-06 03:45:53,207] {dag.py:2972} INFO - Setting next_dagrun for latest_only_with_trigger to 2022-08-05T23:45:53.207610+00:00, run_after=2022-08-06T03:45:53.207610+00:00
[2022-08-06 03:45:53,231] {processor.py:161} INFO - Processing /home/airflow/.local/lib/python3.7/site-packages/airflow/example_dags/example_latest_only_with_trigger.py took 0.122 seconds
[2022-08-06 03:46:23,464] {processor.py:153} INFO - Started process (PID=12348) to work on /home/airflow/.local/lib/python3.7/site-packages/airflow/example_dags/example_latest_only_with_trigger.py
[2022-08-06 03:46:23,466] {processor.py:641} INFO - Processing file /home/airflow/.local/lib/python3.7/site-packages/airflow/example_dags/example_latest_only_with_trigger.py for tasks to queue
[2022-08-06 03:46:23,467] {logging_mixin.py:115} INFO - [2022-08-06 03:46:23,466] {dagbag.py:508} INFO - Filling up the DagBag from /home/airflow/.local/lib/python3.7/site-packages/airflow/example_dags/example_latest_only_with_trigger.py
[2022-08-06 03:46:23,474] {processor.py:651} INFO - DAG(s) dict_keys(['latest_only_with_trigger']) retrieved from /home/airflow/.local/lib/python3.7/site-packages/airflow/example_dags/example_latest_only_with_trigger.py
[2022-08-06 03:46:23,509] {logging_mixin.py:115} INFO - [2022-08-06 03:46:23,509] {dag.py:2420} INFO - Sync 1 DAGs
[2022-08-06 03:46:23,548] {logging_mixin.py:115} INFO - [2022-08-06 03:46:23,548] {dag.py:2972} INFO - Setting next_dagrun for latest_only_with_trigger to 2022-08-05T23:46:23.548220+00:00, run_after=2022-08-06T03:46:23.548220+00:00
[2022-08-06 03:46:23,571] {processor.py:161} INFO - Processing /home/airflow/.local/lib/python3.7/site-packages/airflow/example_dags/example_latest_only_with_trigger.py took 0.113 seconds
[2022-08-06 03:46:54,043] {processor.py:153} INFO - Started process (PID=12542) to work on /home/airflow/.local/lib/python3.7/site-packages/airflow/example_dags/example_latest_only_with_trigger.py
[2022-08-06 03:46:54,044] {processor.py:641} INFO - Processing file /home/airflow/.local/lib/python3.7/site-packages/airflow/example_dags/example_latest_only_with_trigger.py for tasks to queue
[2022-08-06 03:46:54,044] {logging_mixin.py:115} INFO - [2022-08-06 03:46:54,044] {dagbag.py:508} INFO - Filling up the DagBag from /home/airflow/.local/lib/python3.7/site-packages/airflow/example_dags/example_latest_only_with_trigger.py
[2022-08-06 03:46:54,052] {processor.py:651} INFO - DAG(s) dict_keys(['latest_only_with_trigger']) retrieved from /home/airflow/.local/lib/python3.7/site-packages/airflow/example_dags/example_latest_only_with_trigger.py
[2022-08-06 03:46:54,156] {logging_mixin.py:115} INFO - [2022-08-06 03:46:54,156] {dag.py:2420} INFO - Sync 1 DAGs
[2022-08-06 03:46:54,186] {logging_mixin.py:115} INFO - [2022-08-06 03:46:54,186] {dag.py:2972} INFO - Setting next_dagrun for latest_only_with_trigger to 2022-08-05T23:46:54.185968+00:00, run_after=2022-08-06T03:46:54.185968+00:00
[2022-08-06 03:46:54,206] {processor.py:161} INFO - Processing /home/airflow/.local/lib/python3.7/site-packages/airflow/example_dags/example_latest_only_with_trigger.py took 0.167 seconds
[2022-08-06 03:47:24,449] {processor.py:153} INFO - Started process (PID=12745) to work on /home/airflow/.local/lib/python3.7/site-packages/airflow/example_dags/example_latest_only_with_trigger.py
[2022-08-06 03:47:24,450] {processor.py:641} INFO - Processing file /home/airflow/.local/lib/python3.7/site-packages/airflow/example_dags/example_latest_only_with_trigger.py for tasks to queue
[2022-08-06 03:47:24,450] {logging_mixin.py:115} INFO - [2022-08-06 03:47:24,450] {dagbag.py:508} INFO - Filling up the DagBag from /home/airflow/.local/lib/python3.7/site-packages/airflow/example_dags/example_latest_only_with_trigger.py
[2022-08-06 03:47:24,457] {processor.py:651} INFO - DAG(s) dict_keys(['latest_only_with_trigger']) retrieved from /home/airflow/.local/lib/python3.7/site-packages/airflow/example_dags/example_latest_only_with_trigger.py
[2022-08-06 03:47:24,487] {logging_mixin.py:115} INFO - [2022-08-06 03:47:24,486] {dag.py:2420} INFO - Sync 1 DAGs
[2022-08-06 03:47:24,517] {logging_mixin.py:115} INFO - [2022-08-06 03:47:24,517] {dag.py:2972} INFO - Setting next_dagrun for latest_only_with_trigger to 2022-08-05T23:47:24.517380+00:00, run_after=2022-08-06T03:47:24.517380+00:00
[2022-08-06 03:47:24,535] {processor.py:161} INFO - Processing /home/airflow/.local/lib/python3.7/site-packages/airflow/example_dags/example_latest_only_with_trigger.py took 0.090 seconds
[2022-08-06 03:47:54,829] {processor.py:153} INFO - Started process (PID=12939) to work on /home/airflow/.local/lib/python3.7/site-packages/airflow/example_dags/example_latest_only_with_trigger.py
[2022-08-06 03:47:54,830] {processor.py:641} INFO - Processing file /home/airflow/.local/lib/python3.7/site-packages/airflow/example_dags/example_latest_only_with_trigger.py for tasks to queue
[2022-08-06 03:47:54,831] {logging_mixin.py:115} INFO - [2022-08-06 03:47:54,831] {dagbag.py:508} INFO - Filling up the DagBag from /home/airflow/.local/lib/python3.7/site-packages/airflow/example_dags/example_latest_only_with_trigger.py
[2022-08-06 03:47:54,839] {processor.py:651} INFO - DAG(s) dict_keys(['latest_only_with_trigger']) retrieved from /home/airflow/.local/lib/python3.7/site-packages/airflow/example_dags/example_latest_only_with_trigger.py
[2022-08-06 03:47:54,878] {logging_mixin.py:115} INFO - [2022-08-06 03:47:54,878] {dag.py:2420} INFO - Sync 1 DAGs
[2022-08-06 03:47:54,918] {logging_mixin.py:115} INFO - [2022-08-06 03:47:54,917] {dag.py:2972} INFO - Setting next_dagrun for latest_only_with_trigger to 2022-08-05T23:47:54.917561+00:00, run_after=2022-08-06T03:47:54.917561+00:00
[2022-08-06 03:47:54,938] {processor.py:161} INFO - Processing /home/airflow/.local/lib/python3.7/site-packages/airflow/example_dags/example_latest_only_with_trigger.py took 0.113 seconds
[2022-08-06 03:48:25,291] {processor.py:153} INFO - Started process (PID=13142) to work on /home/airflow/.local/lib/python3.7/site-packages/airflow/example_dags/example_latest_only_with_trigger.py
[2022-08-06 03:48:25,292] {processor.py:641} INFO - Processing file /home/airflow/.local/lib/python3.7/site-packages/airflow/example_dags/example_latest_only_with_trigger.py for tasks to queue
[2022-08-06 03:48:25,293] {logging_mixin.py:115} INFO - [2022-08-06 03:48:25,293] {dagbag.py:508} INFO - Filling up the DagBag from /home/airflow/.local/lib/python3.7/site-packages/airflow/example_dags/example_latest_only_with_trigger.py
[2022-08-06 03:48:25,301] {processor.py:651} INFO - DAG(s) dict_keys(['latest_only_with_trigger']) retrieved from /home/airflow/.local/lib/python3.7/site-packages/airflow/example_dags/example_latest_only_with_trigger.py
[2022-08-06 03:48:25,331] {logging_mixin.py:115} INFO - [2022-08-06 03:48:25,331] {dag.py:2420} INFO - Sync 1 DAGs
[2022-08-06 03:48:25,365] {logging_mixin.py:115} INFO - [2022-08-06 03:48:25,365] {dag.py:2972} INFO - Setting next_dagrun for latest_only_with_trigger to 2022-08-05T23:48:25.365183+00:00, run_after=2022-08-06T03:48:25.365183+00:00
[2022-08-06 03:48:25,384] {processor.py:161} INFO - Processing /home/airflow/.local/lib/python3.7/site-packages/airflow/example_dags/example_latest_only_with_trigger.py took 0.095 seconds
[2022-08-06 16:59:52,028] {processor.py:153} INFO - Started process (PID=13335) to work on /home/airflow/.local/lib/python3.7/site-packages/airflow/example_dags/example_latest_only_with_trigger.py
[2022-08-06 16:59:52,030] {processor.py:641} INFO - Processing file /home/airflow/.local/lib/python3.7/site-packages/airflow/example_dags/example_latest_only_with_trigger.py for tasks to queue
[2022-08-06 16:59:52,031] {logging_mixin.py:115} INFO - [2022-08-06 16:59:52,031] {dagbag.py:508} INFO - Filling up the DagBag from /home/airflow/.local/lib/python3.7/site-packages/airflow/example_dags/example_latest_only_with_trigger.py
[2022-08-06 16:59:52,042] {processor.py:651} INFO - DAG(s) dict_keys(['latest_only_with_trigger']) retrieved from /home/airflow/.local/lib/python3.7/site-packages/airflow/example_dags/example_latest_only_with_trigger.py
[2022-08-06 16:59:52,083] {logging_mixin.py:115} INFO - [2022-08-06 16:59:52,083] {dag.py:2420} INFO - Sync 1 DAGs
[2022-08-06 16:59:52,148] {logging_mixin.py:115} INFO - [2022-08-06 16:59:52,148] {dag.py:2972} INFO - Setting next_dagrun for latest_only_with_trigger to 2022-08-06T12:59:52.147650+00:00, run_after=2022-08-06T16:59:52.147650+00:00
[2022-08-06 16:59:52,183] {processor.py:161} INFO - Processing /home/airflow/.local/lib/python3.7/site-packages/airflow/example_dags/example_latest_only_with_trigger.py took 0.159 seconds
[2022-08-06 17:00:22,528] {processor.py:153} INFO - Started process (PID=13531) to work on /home/airflow/.local/lib/python3.7/site-packages/airflow/example_dags/example_latest_only_with_trigger.py
[2022-08-06 17:00:22,529] {processor.py:641} INFO - Processing file /home/airflow/.local/lib/python3.7/site-packages/airflow/example_dags/example_latest_only_with_trigger.py for tasks to queue
[2022-08-06 17:00:22,529] {logging_mixin.py:115} INFO - [2022-08-06 17:00:22,529] {dagbag.py:508} INFO - Filling up the DagBag from /home/airflow/.local/lib/python3.7/site-packages/airflow/example_dags/example_latest_only_with_trigger.py
[2022-08-06 17:00:22,535] {processor.py:651} INFO - DAG(s) dict_keys(['latest_only_with_trigger']) retrieved from /home/airflow/.local/lib/python3.7/site-packages/airflow/example_dags/example_latest_only_with_trigger.py
[2022-08-06 17:00:22,563] {logging_mixin.py:115} INFO - [2022-08-06 17:00:22,562] {dag.py:2420} INFO - Sync 1 DAGs
[2022-08-06 17:00:22,587] {logging_mixin.py:115} INFO - [2022-08-06 17:00:22,587] {dag.py:2972} INFO - Setting next_dagrun for latest_only_with_trigger to 2022-08-06T13:00:22.586954+00:00, run_after=2022-08-06T17:00:22.586954+00:00
[2022-08-06 17:00:22,603] {processor.py:161} INFO - Processing /home/airflow/.local/lib/python3.7/site-packages/airflow/example_dags/example_latest_only_with_trigger.py took 0.077 seconds
[2022-08-06 17:00:53,385] {processor.py:153} INFO - Started process (PID=13734) to work on /home/airflow/.local/lib/python3.7/site-packages/airflow/example_dags/example_latest_only_with_trigger.py
[2022-08-06 17:00:53,386] {processor.py:641} INFO - Processing file /home/airflow/.local/lib/python3.7/site-packages/airflow/example_dags/example_latest_only_with_trigger.py for tasks to queue
[2022-08-06 17:00:53,386] {logging_mixin.py:115} INFO - [2022-08-06 17:00:53,386] {dagbag.py:508} INFO - Filling up the DagBag from /home/airflow/.local/lib/python3.7/site-packages/airflow/example_dags/example_latest_only_with_trigger.py
[2022-08-06 17:00:53,392] {processor.py:651} INFO - DAG(s) dict_keys(['latest_only_with_trigger']) retrieved from /home/airflow/.local/lib/python3.7/site-packages/airflow/example_dags/example_latest_only_with_trigger.py
[2022-08-06 17:00:53,419] {logging_mixin.py:115} INFO - [2022-08-06 17:00:53,419] {dag.py:2420} INFO - Sync 1 DAGs
[2022-08-06 17:00:53,443] {logging_mixin.py:115} INFO - [2022-08-06 17:00:53,443] {dag.py:2972} INFO - Setting next_dagrun for latest_only_with_trigger to 2022-08-06T13:00:53.443360+00:00, run_after=2022-08-06T17:00:53.443360+00:00
[2022-08-06 17:00:53,458] {processor.py:161} INFO - Processing /home/airflow/.local/lib/python3.7/site-packages/airflow/example_dags/example_latest_only_with_trigger.py took 0.076 seconds
[2022-08-06 17:01:24,290] {processor.py:153} INFO - Started process (PID=13936) to work on /home/airflow/.local/lib/python3.7/site-packages/airflow/example_dags/example_latest_only_with_trigger.py
[2022-08-06 17:01:24,291] {processor.py:641} INFO - Processing file /home/airflow/.local/lib/python3.7/site-packages/airflow/example_dags/example_latest_only_with_trigger.py for tasks to queue
[2022-08-06 17:01:24,292] {logging_mixin.py:115} INFO - [2022-08-06 17:01:24,292] {dagbag.py:508} INFO - Filling up the DagBag from /home/airflow/.local/lib/python3.7/site-packages/airflow/example_dags/example_latest_only_with_trigger.py
[2022-08-06 17:01:24,298] {processor.py:651} INFO - DAG(s) dict_keys(['latest_only_with_trigger']) retrieved from /home/airflow/.local/lib/python3.7/site-packages/airflow/example_dags/example_latest_only_with_trigger.py
[2022-08-06 17:01:24,330] {logging_mixin.py:115} INFO - [2022-08-06 17:01:24,330] {dag.py:2420} INFO - Sync 1 DAGs
[2022-08-06 17:01:24,362] {logging_mixin.py:115} INFO - [2022-08-06 17:01:24,362] {dag.py:2972} INFO - Setting next_dagrun for latest_only_with_trigger to 2022-08-06T13:01:24.362020+00:00, run_after=2022-08-06T17:01:24.362020+00:00
[2022-08-06 17:01:24,379] {processor.py:161} INFO - Processing /home/airflow/.local/lib/python3.7/site-packages/airflow/example_dags/example_latest_only_with_trigger.py took 0.092 seconds
[2022-08-06 17:01:55,203] {processor.py:153} INFO - Started process (PID=14130) to work on /home/airflow/.local/lib/python3.7/site-packages/airflow/example_dags/example_latest_only_with_trigger.py
[2022-08-06 17:01:55,204] {processor.py:641} INFO - Processing file /home/airflow/.local/lib/python3.7/site-packages/airflow/example_dags/example_latest_only_with_trigger.py for tasks to queue
[2022-08-06 17:01:55,205] {logging_mixin.py:115} INFO - [2022-08-06 17:01:55,205] {dagbag.py:508} INFO - Filling up the DagBag from /home/airflow/.local/lib/python3.7/site-packages/airflow/example_dags/example_latest_only_with_trigger.py
[2022-08-06 17:01:55,214] {processor.py:651} INFO - DAG(s) dict_keys(['latest_only_with_trigger']) retrieved from /home/airflow/.local/lib/python3.7/site-packages/airflow/example_dags/example_latest_only_with_trigger.py
[2022-08-06 17:01:55,251] {logging_mixin.py:115} INFO - [2022-08-06 17:01:55,250] {dag.py:2420} INFO - Sync 1 DAGs
[2022-08-06 17:01:55,286] {logging_mixin.py:115} INFO - [2022-08-06 17:01:55,286] {dag.py:2972} INFO - Setting next_dagrun for latest_only_with_trigger to 2022-08-06T13:01:55.285987+00:00, run_after=2022-08-06T17:01:55.285987+00:00
[2022-08-06 17:01:55,304] {processor.py:161} INFO - Processing /home/airflow/.local/lib/python3.7/site-packages/airflow/example_dags/example_latest_only_with_trigger.py took 0.106 seconds
[2022-08-06 17:02:25,502] {processor.py:153} INFO - Started process (PID=14333) to work on /home/airflow/.local/lib/python3.7/site-packages/airflow/example_dags/example_latest_only_with_trigger.py
[2022-08-06 17:02:25,503] {processor.py:641} INFO - Processing file /home/airflow/.local/lib/python3.7/site-packages/airflow/example_dags/example_latest_only_with_trigger.py for tasks to queue
[2022-08-06 17:02:25,504] {logging_mixin.py:115} INFO - [2022-08-06 17:02:25,504] {dagbag.py:508} INFO - Filling up the DagBag from /home/airflow/.local/lib/python3.7/site-packages/airflow/example_dags/example_latest_only_with_trigger.py
[2022-08-06 17:02:25,511] {processor.py:651} INFO - DAG(s) dict_keys(['latest_only_with_trigger']) retrieved from /home/airflow/.local/lib/python3.7/site-packages/airflow/example_dags/example_latest_only_with_trigger.py
[2022-08-06 17:02:25,544] {logging_mixin.py:115} INFO - [2022-08-06 17:02:25,543] {dag.py:2420} INFO - Sync 1 DAGs
[2022-08-06 17:02:25,578] {logging_mixin.py:115} INFO - [2022-08-06 17:02:25,578] {dag.py:2972} INFO - Setting next_dagrun for latest_only_with_trigger to 2022-08-06T13:02:25.577839+00:00, run_after=2022-08-06T17:02:25.577839+00:00
[2022-08-06 17:02:25,598] {processor.py:161} INFO - Processing /home/airflow/.local/lib/python3.7/site-packages/airflow/example_dags/example_latest_only_with_trigger.py took 0.098 seconds
[2022-08-06 17:02:55,799] {processor.py:153} INFO - Started process (PID=14527) to work on /home/airflow/.local/lib/python3.7/site-packages/airflow/example_dags/example_latest_only_with_trigger.py
[2022-08-06 17:02:55,800] {processor.py:641} INFO - Processing file /home/airflow/.local/lib/python3.7/site-packages/airflow/example_dags/example_latest_only_with_trigger.py for tasks to queue
[2022-08-06 17:02:55,801] {logging_mixin.py:115} INFO - [2022-08-06 17:02:55,801] {dagbag.py:508} INFO - Filling up the DagBag from /home/airflow/.local/lib/python3.7/site-packages/airflow/example_dags/example_latest_only_with_trigger.py
[2022-08-06 17:02:55,809] {processor.py:651} INFO - DAG(s) dict_keys(['latest_only_with_trigger']) retrieved from /home/airflow/.local/lib/python3.7/site-packages/airflow/example_dags/example_latest_only_with_trigger.py
[2022-08-06 17:02:55,843] {logging_mixin.py:115} INFO - [2022-08-06 17:02:55,843] {dag.py:2420} INFO - Sync 1 DAGs
[2022-08-06 17:02:55,880] {logging_mixin.py:115} INFO - [2022-08-06 17:02:55,879] {dag.py:2972} INFO - Setting next_dagrun for latest_only_with_trigger to 2022-08-06T13:02:55.879551+00:00, run_after=2022-08-06T17:02:55.879551+00:00
[2022-08-06 17:02:55,898] {processor.py:161} INFO - Processing /home/airflow/.local/lib/python3.7/site-packages/airflow/example_dags/example_latest_only_with_trigger.py took 0.102 seconds
[2022-08-06 17:03:26,448] {processor.py:153} INFO - Started process (PID=14730) to work on /home/airflow/.local/lib/python3.7/site-packages/airflow/example_dags/example_latest_only_with_trigger.py
[2022-08-06 17:03:26,449] {processor.py:641} INFO - Processing file /home/airflow/.local/lib/python3.7/site-packages/airflow/example_dags/example_latest_only_with_trigger.py for tasks to queue
[2022-08-06 17:03:26,450] {logging_mixin.py:115} INFO - [2022-08-06 17:03:26,450] {dagbag.py:508} INFO - Filling up the DagBag from /home/airflow/.local/lib/python3.7/site-packages/airflow/example_dags/example_latest_only_with_trigger.py
[2022-08-06 17:03:26,456] {processor.py:651} INFO - DAG(s) dict_keys(['latest_only_with_trigger']) retrieved from /home/airflow/.local/lib/python3.7/site-packages/airflow/example_dags/example_latest_only_with_trigger.py
[2022-08-06 17:03:26,487] {logging_mixin.py:115} INFO - [2022-08-06 17:03:26,487] {dag.py:2420} INFO - Sync 1 DAGs
[2022-08-06 17:03:26,515] {logging_mixin.py:115} INFO - [2022-08-06 17:03:26,515] {dag.py:2972} INFO - Setting next_dagrun for latest_only_with_trigger to 2022-08-06T13:03:26.515269+00:00, run_after=2022-08-06T17:03:26.515269+00:00
[2022-08-06 17:03:26,535] {processor.py:161} INFO - Processing /home/airflow/.local/lib/python3.7/site-packages/airflow/example_dags/example_latest_only_with_trigger.py took 0.090 seconds
[2022-08-06 17:03:57,380] {processor.py:153} INFO - Started process (PID=14926) to work on /home/airflow/.local/lib/python3.7/site-packages/airflow/example_dags/example_latest_only_with_trigger.py
[2022-08-06 17:03:57,381] {processor.py:641} INFO - Processing file /home/airflow/.local/lib/python3.7/site-packages/airflow/example_dags/example_latest_only_with_trigger.py for tasks to queue
[2022-08-06 17:03:57,382] {logging_mixin.py:115} INFO - [2022-08-06 17:03:57,382] {dagbag.py:508} INFO - Filling up the DagBag from /home/airflow/.local/lib/python3.7/site-packages/airflow/example_dags/example_latest_only_with_trigger.py
[2022-08-06 17:03:57,388] {processor.py:651} INFO - DAG(s) dict_keys(['latest_only_with_trigger']) retrieved from /home/airflow/.local/lib/python3.7/site-packages/airflow/example_dags/example_latest_only_with_trigger.py
[2022-08-06 17:03:57,418] {logging_mixin.py:115} INFO - [2022-08-06 17:03:57,418] {dag.py:2420} INFO - Sync 1 DAGs
[2022-08-06 17:03:57,444] {logging_mixin.py:115} INFO - [2022-08-06 17:03:57,444] {dag.py:2972} INFO - Setting next_dagrun for latest_only_with_trigger to 2022-08-06T13:03:57.444084+00:00, run_after=2022-08-06T17:03:57.444084+00:00
[2022-08-06 17:03:57,461] {processor.py:161} INFO - Processing /home/airflow/.local/lib/python3.7/site-packages/airflow/example_dags/example_latest_only_with_trigger.py took 0.083 seconds
[2022-08-06 17:04:28,511] {processor.py:153} INFO - Started process (PID=15129) to work on /home/airflow/.local/lib/python3.7/site-packages/airflow/example_dags/example_latest_only_with_trigger.py
[2022-08-06 17:04:28,512] {processor.py:641} INFO - Processing file /home/airflow/.local/lib/python3.7/site-packages/airflow/example_dags/example_latest_only_with_trigger.py for tasks to queue
[2022-08-06 17:04:28,512] {logging_mixin.py:115} INFO - [2022-08-06 17:04:28,512] {dagbag.py:508} INFO - Filling up the DagBag from /home/airflow/.local/lib/python3.7/site-packages/airflow/example_dags/example_latest_only_with_trigger.py
[2022-08-06 17:04:28,518] {processor.py:651} INFO - DAG(s) dict_keys(['latest_only_with_trigger']) retrieved from /home/airflow/.local/lib/python3.7/site-packages/airflow/example_dags/example_latest_only_with_trigger.py
[2022-08-06 17:04:28,547] {logging_mixin.py:115} INFO - [2022-08-06 17:04:28,547] {dag.py:2420} INFO - Sync 1 DAGs
[2022-08-06 17:04:28,576] {logging_mixin.py:115} INFO - [2022-08-06 17:04:28,576] {dag.py:2972} INFO - Setting next_dagrun for latest_only_with_trigger to 2022-08-06T13:04:28.575788+00:00, run_after=2022-08-06T17:04:28.575788+00:00
[2022-08-06 17:04:28,600] {processor.py:161} INFO - Processing /home/airflow/.local/lib/python3.7/site-packages/airflow/example_dags/example_latest_only_with_trigger.py took 0.093 seconds
[2022-08-06 17:04:59,374] {processor.py:153} INFO - Started process (PID=15321) to work on /home/airflow/.local/lib/python3.7/site-packages/airflow/example_dags/example_latest_only_with_trigger.py
[2022-08-06 17:04:59,375] {processor.py:641} INFO - Processing file /home/airflow/.local/lib/python3.7/site-packages/airflow/example_dags/example_latest_only_with_trigger.py for tasks to queue
[2022-08-06 17:04:59,375] {logging_mixin.py:115} INFO - [2022-08-06 17:04:59,375] {dagbag.py:508} INFO - Filling up the DagBag from /home/airflow/.local/lib/python3.7/site-packages/airflow/example_dags/example_latest_only_with_trigger.py
[2022-08-06 17:04:59,381] {processor.py:651} INFO - DAG(s) dict_keys(['latest_only_with_trigger']) retrieved from /home/airflow/.local/lib/python3.7/site-packages/airflow/example_dags/example_latest_only_with_trigger.py
[2022-08-06 17:04:59,411] {logging_mixin.py:115} INFO - [2022-08-06 17:04:59,411] {dag.py:2420} INFO - Sync 1 DAGs
[2022-08-06 17:04:59,439] {logging_mixin.py:115} INFO - [2022-08-06 17:04:59,439] {dag.py:2972} INFO - Setting next_dagrun for latest_only_with_trigger to 2022-08-06T13:04:59.439422+00:00, run_after=2022-08-06T17:04:59.439422+00:00
[2022-08-06 17:04:59,456] {processor.py:161} INFO - Processing /home/airflow/.local/lib/python3.7/site-packages/airflow/example_dags/example_latest_only_with_trigger.py took 0.085 seconds
[2022-08-06 17:05:30,318] {processor.py:153} INFO - Started process (PID=15526) to work on /home/airflow/.local/lib/python3.7/site-packages/airflow/example_dags/example_latest_only_with_trigger.py
[2022-08-06 17:05:30,319] {processor.py:641} INFO - Processing file /home/airflow/.local/lib/python3.7/site-packages/airflow/example_dags/example_latest_only_with_trigger.py for tasks to queue
[2022-08-06 17:05:30,320] {logging_mixin.py:115} INFO - [2022-08-06 17:05:30,320] {dagbag.py:508} INFO - Filling up the DagBag from /home/airflow/.local/lib/python3.7/site-packages/airflow/example_dags/example_latest_only_with_trigger.py
[2022-08-06 17:05:30,326] {processor.py:651} INFO - DAG(s) dict_keys(['latest_only_with_trigger']) retrieved from /home/airflow/.local/lib/python3.7/site-packages/airflow/example_dags/example_latest_only_with_trigger.py
[2022-08-06 17:05:30,354] {logging_mixin.py:115} INFO - [2022-08-06 17:05:30,354] {dag.py:2420} INFO - Sync 1 DAGs
[2022-08-06 17:05:30,381] {logging_mixin.py:115} INFO - [2022-08-06 17:05:30,381] {dag.py:2972} INFO - Setting next_dagrun for latest_only_with_trigger to 2022-08-06T13:05:30.381384+00:00, run_after=2022-08-06T17:05:30.381384+00:00
[2022-08-06 17:05:30,399] {processor.py:161} INFO - Processing /home/airflow/.local/lib/python3.7/site-packages/airflow/example_dags/example_latest_only_with_trigger.py took 0.086 seconds
[2022-08-06 17:06:01,273] {processor.py:153} INFO - Started process (PID=15718) to work on /home/airflow/.local/lib/python3.7/site-packages/airflow/example_dags/example_latest_only_with_trigger.py
[2022-08-06 17:06:01,273] {processor.py:641} INFO - Processing file /home/airflow/.local/lib/python3.7/site-packages/airflow/example_dags/example_latest_only_with_trigger.py for tasks to queue
[2022-08-06 17:06:01,274] {logging_mixin.py:115} INFO - [2022-08-06 17:06:01,274] {dagbag.py:508} INFO - Filling up the DagBag from /home/airflow/.local/lib/python3.7/site-packages/airflow/example_dags/example_latest_only_with_trigger.py
[2022-08-06 17:06:01,280] {processor.py:651} INFO - DAG(s) dict_keys(['latest_only_with_trigger']) retrieved from /home/airflow/.local/lib/python3.7/site-packages/airflow/example_dags/example_latest_only_with_trigger.py
[2022-08-06 17:06:01,309] {logging_mixin.py:115} INFO - [2022-08-06 17:06:01,309] {dag.py:2420} INFO - Sync 1 DAGs
[2022-08-06 17:06:01,334] {logging_mixin.py:115} INFO - [2022-08-06 17:06:01,334] {dag.py:2972} INFO - Setting next_dagrun for latest_only_with_trigger to 2022-08-06T13:06:01.334000+00:00, run_after=2022-08-06T17:06:01.334000+00:00
[2022-08-06 17:06:01,350] {processor.py:161} INFO - Processing /home/airflow/.local/lib/python3.7/site-packages/airflow/example_dags/example_latest_only_with_trigger.py took 0.080 seconds
[2022-08-06 17:06:32,266] {processor.py:153} INFO - Started process (PID=15921) to work on /home/airflow/.local/lib/python3.7/site-packages/airflow/example_dags/example_latest_only_with_trigger.py
[2022-08-06 17:06:32,267] {processor.py:641} INFO - Processing file /home/airflow/.local/lib/python3.7/site-packages/airflow/example_dags/example_latest_only_with_trigger.py for tasks to queue
[2022-08-06 17:06:32,268] {logging_mixin.py:115} INFO - [2022-08-06 17:06:32,267] {dagbag.py:508} INFO - Filling up the DagBag from /home/airflow/.local/lib/python3.7/site-packages/airflow/example_dags/example_latest_only_with_trigger.py
[2022-08-06 17:06:32,274] {processor.py:651} INFO - DAG(s) dict_keys(['latest_only_with_trigger']) retrieved from /home/airflow/.local/lib/python3.7/site-packages/airflow/example_dags/example_latest_only_with_trigger.py
[2022-08-06 17:06:32,308] {logging_mixin.py:115} INFO - [2022-08-06 17:06:32,308] {dag.py:2420} INFO - Sync 1 DAGs
[2022-08-06 17:06:32,337] {logging_mixin.py:115} INFO - [2022-08-06 17:06:32,337] {dag.py:2972} INFO - Setting next_dagrun for latest_only_with_trigger to 2022-08-06T13:06:32.336727+00:00, run_after=2022-08-06T17:06:32.336727+00:00
[2022-08-06 17:06:32,352] {processor.py:161} INFO - Processing /home/airflow/.local/lib/python3.7/site-packages/airflow/example_dags/example_latest_only_with_trigger.py took 0.089 seconds
[2022-08-06 17:07:03,388] {processor.py:153} INFO - Started process (PID=16123) to work on /home/airflow/.local/lib/python3.7/site-packages/airflow/example_dags/example_latest_only_with_trigger.py
[2022-08-06 17:07:03,389] {processor.py:641} INFO - Processing file /home/airflow/.local/lib/python3.7/site-packages/airflow/example_dags/example_latest_only_with_trigger.py for tasks to queue
[2022-08-06 17:07:03,390] {logging_mixin.py:115} INFO - [2022-08-06 17:07:03,390] {dagbag.py:508} INFO - Filling up the DagBag from /home/airflow/.local/lib/python3.7/site-packages/airflow/example_dags/example_latest_only_with_trigger.py
[2022-08-06 17:07:03,396] {processor.py:651} INFO - DAG(s) dict_keys(['latest_only_with_trigger']) retrieved from /home/airflow/.local/lib/python3.7/site-packages/airflow/example_dags/example_latest_only_with_trigger.py
[2022-08-06 17:07:03,429] {logging_mixin.py:115} INFO - [2022-08-06 17:07:03,428] {dag.py:2420} INFO - Sync 1 DAGs
[2022-08-06 17:07:03,464] {logging_mixin.py:115} INFO - [2022-08-06 17:07:03,464] {dag.py:2972} INFO - Setting next_dagrun for latest_only_with_trigger to 2022-08-06T13:07:03.463898+00:00, run_after=2022-08-06T17:07:03.463898+00:00
[2022-08-06 17:07:03,486] {processor.py:161} INFO - Processing /home/airflow/.local/lib/python3.7/site-packages/airflow/example_dags/example_latest_only_with_trigger.py took 0.101 seconds
[2022-08-06 17:07:33,879] {processor.py:153} INFO - Started process (PID=16319) to work on /home/airflow/.local/lib/python3.7/site-packages/airflow/example_dags/example_latest_only_with_trigger.py
[2022-08-06 17:07:33,880] {processor.py:641} INFO - Processing file /home/airflow/.local/lib/python3.7/site-packages/airflow/example_dags/example_latest_only_with_trigger.py for tasks to queue
[2022-08-06 17:07:33,881] {logging_mixin.py:115} INFO - [2022-08-06 17:07:33,881] {dagbag.py:508} INFO - Filling up the DagBag from /home/airflow/.local/lib/python3.7/site-packages/airflow/example_dags/example_latest_only_with_trigger.py
[2022-08-06 17:07:33,886] {processor.py:651} INFO - DAG(s) dict_keys(['latest_only_with_trigger']) retrieved from /home/airflow/.local/lib/python3.7/site-packages/airflow/example_dags/example_latest_only_with_trigger.py
[2022-08-06 17:07:33,916] {logging_mixin.py:115} INFO - [2022-08-06 17:07:33,916] {dag.py:2420} INFO - Sync 1 DAGs
[2022-08-06 17:07:33,942] {logging_mixin.py:115} INFO - [2022-08-06 17:07:33,942] {dag.py:2972} INFO - Setting next_dagrun for latest_only_with_trigger to 2022-08-06T13:07:33.942448+00:00, run_after=2022-08-06T17:07:33.942448+00:00
[2022-08-06 17:07:33,966] {processor.py:161} INFO - Processing /home/airflow/.local/lib/python3.7/site-packages/airflow/example_dags/example_latest_only_with_trigger.py took 0.091 seconds
[2022-08-06 17:08:05,411] {processor.py:153} INFO - Started process (PID=16520) to work on /home/airflow/.local/lib/python3.7/site-packages/airflow/example_dags/example_latest_only_with_trigger.py
[2022-08-06 17:08:05,411] {processor.py:641} INFO - Processing file /home/airflow/.local/lib/python3.7/site-packages/airflow/example_dags/example_latest_only_with_trigger.py for tasks to queue
[2022-08-06 17:08:05,412] {logging_mixin.py:115} INFO - [2022-08-06 17:08:05,412] {dagbag.py:508} INFO - Filling up the DagBag from /home/airflow/.local/lib/python3.7/site-packages/airflow/example_dags/example_latest_only_with_trigger.py
[2022-08-06 17:08:05,419] {processor.py:651} INFO - DAG(s) dict_keys(['latest_only_with_trigger']) retrieved from /home/airflow/.local/lib/python3.7/site-packages/airflow/example_dags/example_latest_only_with_trigger.py
[2022-08-06 17:08:05,454] {logging_mixin.py:115} INFO - [2022-08-06 17:08:05,454] {dag.py:2420} INFO - Sync 1 DAGs
[2022-08-06 17:08:05,490] {logging_mixin.py:115} INFO - [2022-08-06 17:08:05,490] {dag.py:2972} INFO - Setting next_dagrun for latest_only_with_trigger to 2022-08-06T13:08:05.490247+00:00, run_after=2022-08-06T17:08:05.490247+00:00
[2022-08-06 17:08:05,513] {processor.py:161} INFO - Processing /home/airflow/.local/lib/python3.7/site-packages/airflow/example_dags/example_latest_only_with_trigger.py took 0.106 seconds
[2022-08-06 17:08:36,303] {processor.py:153} INFO - Started process (PID=16716) to work on /home/airflow/.local/lib/python3.7/site-packages/airflow/example_dags/example_latest_only_with_trigger.py
[2022-08-06 17:08:36,304] {processor.py:641} INFO - Processing file /home/airflow/.local/lib/python3.7/site-packages/airflow/example_dags/example_latest_only_with_trigger.py for tasks to queue
[2022-08-06 17:08:36,305] {logging_mixin.py:115} INFO - [2022-08-06 17:08:36,304] {dagbag.py:508} INFO - Filling up the DagBag from /home/airflow/.local/lib/python3.7/site-packages/airflow/example_dags/example_latest_only_with_trigger.py
[2022-08-06 17:08:36,312] {processor.py:651} INFO - DAG(s) dict_keys(['latest_only_with_trigger']) retrieved from /home/airflow/.local/lib/python3.7/site-packages/airflow/example_dags/example_latest_only_with_trigger.py
[2022-08-06 17:08:36,348] {logging_mixin.py:115} INFO - [2022-08-06 17:08:36,348] {dag.py:2420} INFO - Sync 1 DAGs
[2022-08-06 17:08:36,382] {logging_mixin.py:115} INFO - [2022-08-06 17:08:36,382] {dag.py:2972} INFO - Setting next_dagrun for latest_only_with_trigger to 2022-08-06T13:08:36.382312+00:00, run_after=2022-08-06T17:08:36.382312+00:00
[2022-08-06 17:08:36,404] {processor.py:161} INFO - Processing /home/airflow/.local/lib/python3.7/site-packages/airflow/example_dags/example_latest_only_with_trigger.py took 0.105 seconds
[2022-08-06 17:09:06,741] {processor.py:153} INFO - Started process (PID=16917) to work on /home/airflow/.local/lib/python3.7/site-packages/airflow/example_dags/example_latest_only_with_trigger.py
[2022-08-06 17:09:06,742] {processor.py:641} INFO - Processing file /home/airflow/.local/lib/python3.7/site-packages/airflow/example_dags/example_latest_only_with_trigger.py for tasks to queue
[2022-08-06 17:09:06,743] {logging_mixin.py:115} INFO - [2022-08-06 17:09:06,743] {dagbag.py:508} INFO - Filling up the DagBag from /home/airflow/.local/lib/python3.7/site-packages/airflow/example_dags/example_latest_only_with_trigger.py
[2022-08-06 17:09:06,750] {processor.py:651} INFO - DAG(s) dict_keys(['latest_only_with_trigger']) retrieved from /home/airflow/.local/lib/python3.7/site-packages/airflow/example_dags/example_latest_only_with_trigger.py
[2022-08-06 17:09:06,788] {logging_mixin.py:115} INFO - [2022-08-06 17:09:06,788] {dag.py:2420} INFO - Sync 1 DAGs
[2022-08-06 17:09:06,824] {logging_mixin.py:115} INFO - [2022-08-06 17:09:06,824] {dag.py:2972} INFO - Setting next_dagrun for latest_only_with_trigger to 2022-08-06T13:09:06.823829+00:00, run_after=2022-08-06T17:09:06.823829+00:00
[2022-08-06 17:09:06,843] {processor.py:161} INFO - Processing /home/airflow/.local/lib/python3.7/site-packages/airflow/example_dags/example_latest_only_with_trigger.py took 0.106 seconds
[2022-08-06 17:09:37,521] {processor.py:153} INFO - Started process (PID=17113) to work on /home/airflow/.local/lib/python3.7/site-packages/airflow/example_dags/example_latest_only_with_trigger.py
[2022-08-06 17:09:37,522] {processor.py:641} INFO - Processing file /home/airflow/.local/lib/python3.7/site-packages/airflow/example_dags/example_latest_only_with_trigger.py for tasks to queue
[2022-08-06 17:09:37,523] {logging_mixin.py:115} INFO - [2022-08-06 17:09:37,523] {dagbag.py:508} INFO - Filling up the DagBag from /home/airflow/.local/lib/python3.7/site-packages/airflow/example_dags/example_latest_only_with_trigger.py
[2022-08-06 17:09:37,530] {processor.py:651} INFO - DAG(s) dict_keys(['latest_only_with_trigger']) retrieved from /home/airflow/.local/lib/python3.7/site-packages/airflow/example_dags/example_latest_only_with_trigger.py
[2022-08-06 17:09:37,561] {logging_mixin.py:115} INFO - [2022-08-06 17:09:37,561] {dag.py:2420} INFO - Sync 1 DAGs
[2022-08-06 17:09:37,590] {logging_mixin.py:115} INFO - [2022-08-06 17:09:37,590] {dag.py:2972} INFO - Setting next_dagrun for latest_only_with_trigger to 2022-08-06T13:09:37.590266+00:00, run_after=2022-08-06T17:09:37.590266+00:00
[2022-08-06 17:09:37,608] {processor.py:161} INFO - Processing /home/airflow/.local/lib/python3.7/site-packages/airflow/example_dags/example_latest_only_with_trigger.py took 0.091 seconds
[2022-08-06 17:10:08,553] {processor.py:153} INFO - Started process (PID=17315) to work on /home/airflow/.local/lib/python3.7/site-packages/airflow/example_dags/example_latest_only_with_trigger.py
[2022-08-06 17:10:08,554] {processor.py:641} INFO - Processing file /home/airflow/.local/lib/python3.7/site-packages/airflow/example_dags/example_latest_only_with_trigger.py for tasks to queue
[2022-08-06 17:10:08,555] {logging_mixin.py:115} INFO - [2022-08-06 17:10:08,555] {dagbag.py:508} INFO - Filling up the DagBag from /home/airflow/.local/lib/python3.7/site-packages/airflow/example_dags/example_latest_only_with_trigger.py
[2022-08-06 17:10:08,562] {processor.py:651} INFO - DAG(s) dict_keys(['latest_only_with_trigger']) retrieved from /home/airflow/.local/lib/python3.7/site-packages/airflow/example_dags/example_latest_only_with_trigger.py
[2022-08-06 17:10:08,590] {logging_mixin.py:115} INFO - [2022-08-06 17:10:08,590] {dag.py:2420} INFO - Sync 1 DAGs
[2022-08-06 17:10:08,617] {logging_mixin.py:115} INFO - [2022-08-06 17:10:08,617] {dag.py:2972} INFO - Setting next_dagrun for latest_only_with_trigger to 2022-08-06T13:10:08.617124+00:00, run_after=2022-08-06T17:10:08.617124+00:00
[2022-08-06 17:10:08,635] {processor.py:161} INFO - Processing /home/airflow/.local/lib/python3.7/site-packages/airflow/example_dags/example_latest_only_with_trigger.py took 0.084 seconds
[2022-08-06 17:10:39,543] {processor.py:153} INFO - Started process (PID=17509) to work on /home/airflow/.local/lib/python3.7/site-packages/airflow/example_dags/example_latest_only_with_trigger.py
[2022-08-06 17:10:39,544] {processor.py:641} INFO - Processing file /home/airflow/.local/lib/python3.7/site-packages/airflow/example_dags/example_latest_only_with_trigger.py for tasks to queue
[2022-08-06 17:10:39,545] {logging_mixin.py:115} INFO - [2022-08-06 17:10:39,545] {dagbag.py:508} INFO - Filling up the DagBag from /home/airflow/.local/lib/python3.7/site-packages/airflow/example_dags/example_latest_only_with_trigger.py
[2022-08-06 17:10:39,553] {processor.py:651} INFO - DAG(s) dict_keys(['latest_only_with_trigger']) retrieved from /home/airflow/.local/lib/python3.7/site-packages/airflow/example_dags/example_latest_only_with_trigger.py
[2022-08-06 17:10:39,589] {logging_mixin.py:115} INFO - [2022-08-06 17:10:39,589] {dag.py:2420} INFO - Sync 1 DAGs
[2022-08-06 17:10:39,622] {logging_mixin.py:115} INFO - [2022-08-06 17:10:39,622] {dag.py:2972} INFO - Setting next_dagrun for latest_only_with_trigger to 2022-08-06T13:10:39.621775+00:00, run_after=2022-08-06T17:10:39.621775+00:00
[2022-08-06 17:10:39,642] {processor.py:161} INFO - Processing /home/airflow/.local/lib/python3.7/site-packages/airflow/example_dags/example_latest_only_with_trigger.py took 0.103 seconds
[2022-08-06 17:11:10,257] {processor.py:153} INFO - Started process (PID=17712) to work on /home/airflow/.local/lib/python3.7/site-packages/airflow/example_dags/example_latest_only_with_trigger.py
[2022-08-06 17:11:10,258] {processor.py:641} INFO - Processing file /home/airflow/.local/lib/python3.7/site-packages/airflow/example_dags/example_latest_only_with_trigger.py for tasks to queue
[2022-08-06 17:11:10,259] {logging_mixin.py:115} INFO - [2022-08-06 17:11:10,259] {dagbag.py:508} INFO - Filling up the DagBag from /home/airflow/.local/lib/python3.7/site-packages/airflow/example_dags/example_latest_only_with_trigger.py
[2022-08-06 17:11:10,266] {processor.py:651} INFO - DAG(s) dict_keys(['latest_only_with_trigger']) retrieved from /home/airflow/.local/lib/python3.7/site-packages/airflow/example_dags/example_latest_only_with_trigger.py
[2022-08-06 17:11:10,300] {logging_mixin.py:115} INFO - [2022-08-06 17:11:10,299] {dag.py:2420} INFO - Sync 1 DAGs
[2022-08-06 17:11:10,331] {logging_mixin.py:115} INFO - [2022-08-06 17:11:10,331] {dag.py:2972} INFO - Setting next_dagrun for latest_only_with_trigger to 2022-08-06T13:11:10.331076+00:00, run_after=2022-08-06T17:11:10.331076+00:00
[2022-08-06 17:11:10,350] {processor.py:161} INFO - Processing /home/airflow/.local/lib/python3.7/site-packages/airflow/example_dags/example_latest_only_with_trigger.py took 0.095 seconds
[2022-08-06 17:11:41,538] {processor.py:153} INFO - Started process (PID=17908) to work on /home/airflow/.local/lib/python3.7/site-packages/airflow/example_dags/example_latest_only_with_trigger.py
[2022-08-06 17:11:41,539] {processor.py:641} INFO - Processing file /home/airflow/.local/lib/python3.7/site-packages/airflow/example_dags/example_latest_only_with_trigger.py for tasks to queue
[2022-08-06 17:11:41,540] {logging_mixin.py:115} INFO - [2022-08-06 17:11:41,540] {dagbag.py:508} INFO - Filling up the DagBag from /home/airflow/.local/lib/python3.7/site-packages/airflow/example_dags/example_latest_only_with_trigger.py
[2022-08-06 17:11:41,548] {processor.py:651} INFO - DAG(s) dict_keys(['latest_only_with_trigger']) retrieved from /home/airflow/.local/lib/python3.7/site-packages/airflow/example_dags/example_latest_only_with_trigger.py
[2022-08-06 17:11:41,581] {logging_mixin.py:115} INFO - [2022-08-06 17:11:41,581] {dag.py:2420} INFO - Sync 1 DAGs
[2022-08-06 17:11:41,611] {logging_mixin.py:115} INFO - [2022-08-06 17:11:41,611] {dag.py:2972} INFO - Setting next_dagrun for latest_only_with_trigger to 2022-08-06T13:11:41.610907+00:00, run_after=2022-08-06T17:11:41.610907+00:00
[2022-08-06 17:11:41,638] {processor.py:161} INFO - Processing /home/airflow/.local/lib/python3.7/site-packages/airflow/example_dags/example_latest_only_with_trigger.py took 0.104 seconds
[2022-08-06 17:12:12,724] {processor.py:153} INFO - Started process (PID=18111) to work on /home/airflow/.local/lib/python3.7/site-packages/airflow/example_dags/example_latest_only_with_trigger.py
[2022-08-06 17:12:12,725] {processor.py:641} INFO - Processing file /home/airflow/.local/lib/python3.7/site-packages/airflow/example_dags/example_latest_only_with_trigger.py for tasks to queue
[2022-08-06 17:12:12,725] {logging_mixin.py:115} INFO - [2022-08-06 17:12:12,725] {dagbag.py:508} INFO - Filling up the DagBag from /home/airflow/.local/lib/python3.7/site-packages/airflow/example_dags/example_latest_only_with_trigger.py
[2022-08-06 17:12:12,733] {processor.py:651} INFO - DAG(s) dict_keys(['latest_only_with_trigger']) retrieved from /home/airflow/.local/lib/python3.7/site-packages/airflow/example_dags/example_latest_only_with_trigger.py
[2022-08-06 17:12:12,767] {logging_mixin.py:115} INFO - [2022-08-06 17:12:12,766] {dag.py:2420} INFO - Sync 1 DAGs
[2022-08-06 17:12:12,796] {logging_mixin.py:115} INFO - [2022-08-06 17:12:12,796] {dag.py:2972} INFO - Setting next_dagrun for latest_only_with_trigger to 2022-08-06T13:12:12.796169+00:00, run_after=2022-08-06T17:12:12.796169+00:00
[2022-08-06 17:12:12,824] {processor.py:161} INFO - Processing /home/airflow/.local/lib/python3.7/site-packages/airflow/example_dags/example_latest_only_with_trigger.py took 0.104 seconds
[2022-08-06 17:12:43,638] {processor.py:153} INFO - Started process (PID=18305) to work on /home/airflow/.local/lib/python3.7/site-packages/airflow/example_dags/example_latest_only_with_trigger.py
[2022-08-06 17:12:43,639] {processor.py:641} INFO - Processing file /home/airflow/.local/lib/python3.7/site-packages/airflow/example_dags/example_latest_only_with_trigger.py for tasks to queue
[2022-08-06 17:12:43,640] {logging_mixin.py:115} INFO - [2022-08-06 17:12:43,640] {dagbag.py:508} INFO - Filling up the DagBag from /home/airflow/.local/lib/python3.7/site-packages/airflow/example_dags/example_latest_only_with_trigger.py
[2022-08-06 17:12:43,648] {processor.py:651} INFO - DAG(s) dict_keys(['latest_only_with_trigger']) retrieved from /home/airflow/.local/lib/python3.7/site-packages/airflow/example_dags/example_latest_only_with_trigger.py
[2022-08-06 17:12:43,682] {logging_mixin.py:115} INFO - [2022-08-06 17:12:43,682] {dag.py:2420} INFO - Sync 1 DAGs
[2022-08-06 17:12:43,712] {logging_mixin.py:115} INFO - [2022-08-06 17:12:43,712] {dag.py:2972} INFO - Setting next_dagrun for latest_only_with_trigger to 2022-08-06T13:12:43.712080+00:00, run_after=2022-08-06T17:12:43.712080+00:00
[2022-08-06 17:12:43,731] {processor.py:161} INFO - Processing /home/airflow/.local/lib/python3.7/site-packages/airflow/example_dags/example_latest_only_with_trigger.py took 0.096 seconds
[2022-08-06 17:13:14,430] {processor.py:153} INFO - Started process (PID=18506) to work on /home/airflow/.local/lib/python3.7/site-packages/airflow/example_dags/example_latest_only_with_trigger.py
[2022-08-06 17:13:14,431] {processor.py:641} INFO - Processing file /home/airflow/.local/lib/python3.7/site-packages/airflow/example_dags/example_latest_only_with_trigger.py for tasks to queue
[2022-08-06 17:13:14,432] {logging_mixin.py:115} INFO - [2022-08-06 17:13:14,432] {dagbag.py:508} INFO - Filling up the DagBag from /home/airflow/.local/lib/python3.7/site-packages/airflow/example_dags/example_latest_only_with_trigger.py
[2022-08-06 17:13:14,437] {processor.py:651} INFO - DAG(s) dict_keys(['latest_only_with_trigger']) retrieved from /home/airflow/.local/lib/python3.7/site-packages/airflow/example_dags/example_latest_only_with_trigger.py
[2022-08-06 17:13:14,465] {logging_mixin.py:115} INFO - [2022-08-06 17:13:14,465] {dag.py:2420} INFO - Sync 1 DAGs
[2022-08-06 17:13:14,490] {logging_mixin.py:115} INFO - [2022-08-06 17:13:14,490] {dag.py:2972} INFO - Setting next_dagrun for latest_only_with_trigger to 2022-08-06T13:13:14.489856+00:00, run_after=2022-08-06T17:13:14.489856+00:00
[2022-08-06 17:13:14,506] {processor.py:161} INFO - Processing /home/airflow/.local/lib/python3.7/site-packages/airflow/example_dags/example_latest_only_with_trigger.py took 0.078 seconds
[2022-08-06 17:13:45,278] {processor.py:153} INFO - Started process (PID=18700) to work on /home/airflow/.local/lib/python3.7/site-packages/airflow/example_dags/example_latest_only_with_trigger.py
[2022-08-06 17:13:45,279] {processor.py:641} INFO - Processing file /home/airflow/.local/lib/python3.7/site-packages/airflow/example_dags/example_latest_only_with_trigger.py for tasks to queue
[2022-08-06 17:13:45,280] {logging_mixin.py:115} INFO - [2022-08-06 17:13:45,280] {dagbag.py:508} INFO - Filling up the DagBag from /home/airflow/.local/lib/python3.7/site-packages/airflow/example_dags/example_latest_only_with_trigger.py
[2022-08-06 17:13:45,289] {processor.py:651} INFO - DAG(s) dict_keys(['latest_only_with_trigger']) retrieved from /home/airflow/.local/lib/python3.7/site-packages/airflow/example_dags/example_latest_only_with_trigger.py
[2022-08-06 17:13:45,329] {logging_mixin.py:115} INFO - [2022-08-06 17:13:45,329] {dag.py:2420} INFO - Sync 1 DAGs
[2022-08-06 17:13:45,363] {logging_mixin.py:115} INFO - [2022-08-06 17:13:45,363] {dag.py:2972} INFO - Setting next_dagrun for latest_only_with_trigger to 2022-08-06T13:13:45.363363+00:00, run_after=2022-08-06T17:13:45.363363+00:00
[2022-08-06 17:13:45,384] {processor.py:161} INFO - Processing /home/airflow/.local/lib/python3.7/site-packages/airflow/example_dags/example_latest_only_with_trigger.py took 0.111 seconds
[2022-08-06 17:14:15,420] {processor.py:153} INFO - Started process (PID=18897) to work on /home/airflow/.local/lib/python3.7/site-packages/airflow/example_dags/example_latest_only_with_trigger.py
[2022-08-06 17:14:15,421] {processor.py:641} INFO - Processing file /home/airflow/.local/lib/python3.7/site-packages/airflow/example_dags/example_latest_only_with_trigger.py for tasks to queue
[2022-08-06 17:14:15,422] {logging_mixin.py:115} INFO - [2022-08-06 17:14:15,422] {dagbag.py:508} INFO - Filling up the DagBag from /home/airflow/.local/lib/python3.7/site-packages/airflow/example_dags/example_latest_only_with_trigger.py
[2022-08-06 17:14:15,429] {processor.py:651} INFO - DAG(s) dict_keys(['latest_only_with_trigger']) retrieved from /home/airflow/.local/lib/python3.7/site-packages/airflow/example_dags/example_latest_only_with_trigger.py
[2022-08-06 17:14:15,457] {logging_mixin.py:115} INFO - [2022-08-06 17:14:15,457] {dag.py:2420} INFO - Sync 1 DAGs
[2022-08-06 17:14:15,481] {logging_mixin.py:115} INFO - [2022-08-06 17:14:15,481] {dag.py:2972} INFO - Setting next_dagrun for latest_only_with_trigger to 2022-08-06T13:14:15.481668+00:00, run_after=2022-08-06T17:14:15.481668+00:00
[2022-08-06 17:14:15,499] {processor.py:161} INFO - Processing /home/airflow/.local/lib/python3.7/site-packages/airflow/example_dags/example_latest_only_with_trigger.py took 0.081 seconds
[2022-08-06 17:14:45,657] {processor.py:153} INFO - Started process (PID=19091) to work on /home/airflow/.local/lib/python3.7/site-packages/airflow/example_dags/example_latest_only_with_trigger.py
[2022-08-06 17:14:45,658] {processor.py:641} INFO - Processing file /home/airflow/.local/lib/python3.7/site-packages/airflow/example_dags/example_latest_only_with_trigger.py for tasks to queue
[2022-08-06 17:14:45,659] {logging_mixin.py:115} INFO - [2022-08-06 17:14:45,658] {dagbag.py:508} INFO - Filling up the DagBag from /home/airflow/.local/lib/python3.7/site-packages/airflow/example_dags/example_latest_only_with_trigger.py
[2022-08-06 17:14:45,666] {processor.py:651} INFO - DAG(s) dict_keys(['latest_only_with_trigger']) retrieved from /home/airflow/.local/lib/python3.7/site-packages/airflow/example_dags/example_latest_only_with_trigger.py
[2022-08-06 17:14:45,707] {logging_mixin.py:115} INFO - [2022-08-06 17:14:45,707] {dag.py:2420} INFO - Sync 1 DAGs
[2022-08-06 17:14:45,742] {logging_mixin.py:115} INFO - [2022-08-06 17:14:45,742] {dag.py:2972} INFO - Setting next_dagrun for latest_only_with_trigger to 2022-08-06T13:14:45.741727+00:00, run_after=2022-08-06T17:14:45.741727+00:00
[2022-08-06 17:14:45,763] {processor.py:161} INFO - Processing /home/airflow/.local/lib/python3.7/site-packages/airflow/example_dags/example_latest_only_with_trigger.py took 0.109 seconds
[2022-08-06 17:15:15,817] {processor.py:153} INFO - Started process (PID=19294) to work on /home/airflow/.local/lib/python3.7/site-packages/airflow/example_dags/example_latest_only_with_trigger.py
[2022-08-06 17:15:15,818] {processor.py:641} INFO - Processing file /home/airflow/.local/lib/python3.7/site-packages/airflow/example_dags/example_latest_only_with_trigger.py for tasks to queue
[2022-08-06 17:15:15,818] {logging_mixin.py:115} INFO - [2022-08-06 17:15:15,818] {dagbag.py:508} INFO - Filling up the DagBag from /home/airflow/.local/lib/python3.7/site-packages/airflow/example_dags/example_latest_only_with_trigger.py
[2022-08-06 17:15:15,823] {processor.py:651} INFO - DAG(s) dict_keys(['latest_only_with_trigger']) retrieved from /home/airflow/.local/lib/python3.7/site-packages/airflow/example_dags/example_latest_only_with_trigger.py
[2022-08-06 17:15:15,846] {logging_mixin.py:115} INFO - [2022-08-06 17:15:15,845] {dag.py:2420} INFO - Sync 1 DAGs
[2022-08-06 17:15:15,867] {logging_mixin.py:115} INFO - [2022-08-06 17:15:15,867] {dag.py:2972} INFO - Setting next_dagrun for latest_only_with_trigger to 2022-08-06T13:15:15.867005+00:00, run_after=2022-08-06T17:15:15.867005+00:00
[2022-08-06 17:15:15,881] {processor.py:161} INFO - Processing /home/airflow/.local/lib/python3.7/site-packages/airflow/example_dags/example_latest_only_with_trigger.py took 0.067 seconds
