[2022-08-06 03:38:38,853] {processor.py:153} INFO - Started process (PID=9218) to work on /home/airflow/.local/lib/python3.7/site-packages/airflow/example_dags/example_kubernetes_executor.py
[2022-08-06 03:38:38,854] {processor.py:641} INFO - Processing file /home/airflow/.local/lib/python3.7/site-packages/airflow/example_dags/example_kubernetes_executor.py for tasks to queue
[2022-08-06 03:38:38,857] {logging_mixin.py:115} INFO - [2022-08-06 03:38:38,856] {dagbag.py:508} INFO - Filling up the DagBag from /home/airflow/.local/lib/python3.7/site-packages/airflow/example_dags/example_kubernetes_executor.py
[2022-08-06 03:38:38,941] {processor.py:651} INFO - DAG(s) dict_keys(['example_kubernetes_executor']) retrieved from /home/airflow/.local/lib/python3.7/site-packages/airflow/example_dags/example_kubernetes_executor.py
[2022-08-06 03:38:39,023] {logging_mixin.py:115} INFO - [2022-08-06 03:38:39,019] {dag.py:2420} INFO - Sync 1 DAGs
[2022-08-06 03:38:39,095] {logging_mixin.py:115} INFO - [2022-08-06 03:38:39,095] {dag.py:2972} INFO - Setting next_dagrun for example_kubernetes_executor to None, run_after=None
[2022-08-06 03:38:39,150] {processor.py:161} INFO - Processing /home/airflow/.local/lib/python3.7/site-packages/airflow/example_dags/example_kubernetes_executor.py took 0.302 seconds
[2022-08-06 03:39:09,532] {processor.py:153} INFO - Started process (PID=9430) to work on /home/airflow/.local/lib/python3.7/site-packages/airflow/example_dags/example_kubernetes_executor.py
[2022-08-06 03:39:09,533] {processor.py:641} INFO - Processing file /home/airflow/.local/lib/python3.7/site-packages/airflow/example_dags/example_kubernetes_executor.py for tasks to queue
[2022-08-06 03:39:09,534] {logging_mixin.py:115} INFO - [2022-08-06 03:39:09,534] {dagbag.py:508} INFO - Filling up the DagBag from /home/airflow/.local/lib/python3.7/site-packages/airflow/example_dags/example_kubernetes_executor.py
[2022-08-06 03:39:09,559] {processor.py:651} INFO - DAG(s) dict_keys(['example_kubernetes_executor']) retrieved from /home/airflow/.local/lib/python3.7/site-packages/airflow/example_dags/example_kubernetes_executor.py
[2022-08-06 03:39:09,589] {logging_mixin.py:115} INFO - [2022-08-06 03:39:09,589] {dag.py:2420} INFO - Sync 1 DAGs
[2022-08-06 03:39:09,616] {logging_mixin.py:115} INFO - [2022-08-06 03:39:09,616] {dag.py:2972} INFO - Setting next_dagrun for example_kubernetes_executor to None, run_after=None
[2022-08-06 03:39:09,634] {processor.py:161} INFO - Processing /home/airflow/.local/lib/python3.7/site-packages/airflow/example_dags/example_kubernetes_executor.py took 0.105 seconds
[2022-08-06 03:39:40,186] {processor.py:153} INFO - Started process (PID=9636) to work on /home/airflow/.local/lib/python3.7/site-packages/airflow/example_dags/example_kubernetes_executor.py
[2022-08-06 03:39:40,187] {processor.py:641} INFO - Processing file /home/airflow/.local/lib/python3.7/site-packages/airflow/example_dags/example_kubernetes_executor.py for tasks to queue
[2022-08-06 03:39:40,188] {logging_mixin.py:115} INFO - [2022-08-06 03:39:40,188] {dagbag.py:508} INFO - Filling up the DagBag from /home/airflow/.local/lib/python3.7/site-packages/airflow/example_dags/example_kubernetes_executor.py
[2022-08-06 03:39:40,211] {processor.py:651} INFO - DAG(s) dict_keys(['example_kubernetes_executor']) retrieved from /home/airflow/.local/lib/python3.7/site-packages/airflow/example_dags/example_kubernetes_executor.py
[2022-08-06 03:39:40,244] {logging_mixin.py:115} INFO - [2022-08-06 03:39:40,244] {dag.py:2420} INFO - Sync 1 DAGs
[2022-08-06 03:39:40,269] {logging_mixin.py:115} INFO - [2022-08-06 03:39:40,269] {dag.py:2972} INFO - Setting next_dagrun for example_kubernetes_executor to None, run_after=None
[2022-08-06 03:39:40,292] {processor.py:161} INFO - Processing /home/airflow/.local/lib/python3.7/site-packages/airflow/example_dags/example_kubernetes_executor.py took 0.109 seconds
[2022-08-06 03:40:10,880] {processor.py:153} INFO - Started process (PID=9830) to work on /home/airflow/.local/lib/python3.7/site-packages/airflow/example_dags/example_kubernetes_executor.py
[2022-08-06 03:40:10,881] {processor.py:641} INFO - Processing file /home/airflow/.local/lib/python3.7/site-packages/airflow/example_dags/example_kubernetes_executor.py for tasks to queue
[2022-08-06 03:40:10,883] {logging_mixin.py:115} INFO - [2022-08-06 03:40:10,883] {dagbag.py:508} INFO - Filling up the DagBag from /home/airflow/.local/lib/python3.7/site-packages/airflow/example_dags/example_kubernetes_executor.py
[2022-08-06 03:40:10,924] {processor.py:651} INFO - DAG(s) dict_keys(['example_kubernetes_executor']) retrieved from /home/airflow/.local/lib/python3.7/site-packages/airflow/example_dags/example_kubernetes_executor.py
[2022-08-06 03:40:10,965] {logging_mixin.py:115} INFO - [2022-08-06 03:40:10,964] {dag.py:2420} INFO - Sync 1 DAGs
[2022-08-06 03:40:10,992] {logging_mixin.py:115} INFO - [2022-08-06 03:40:10,992] {dag.py:2972} INFO - Setting next_dagrun for example_kubernetes_executor to None, run_after=None
[2022-08-06 03:40:11,010] {processor.py:161} INFO - Processing /home/airflow/.local/lib/python3.7/site-packages/airflow/example_dags/example_kubernetes_executor.py took 0.136 seconds
[2022-08-06 03:40:41,204] {processor.py:153} INFO - Started process (PID=10033) to work on /home/airflow/.local/lib/python3.7/site-packages/airflow/example_dags/example_kubernetes_executor.py
[2022-08-06 03:40:41,205] {processor.py:641} INFO - Processing file /home/airflow/.local/lib/python3.7/site-packages/airflow/example_dags/example_kubernetes_executor.py for tasks to queue
[2022-08-06 03:40:41,206] {logging_mixin.py:115} INFO - [2022-08-06 03:40:41,206] {dagbag.py:508} INFO - Filling up the DagBag from /home/airflow/.local/lib/python3.7/site-packages/airflow/example_dags/example_kubernetes_executor.py
[2022-08-06 03:40:41,241] {processor.py:651} INFO - DAG(s) dict_keys(['example_kubernetes_executor']) retrieved from /home/airflow/.local/lib/python3.7/site-packages/airflow/example_dags/example_kubernetes_executor.py
[2022-08-06 03:40:41,271] {logging_mixin.py:115} INFO - [2022-08-06 03:40:41,271] {dag.py:2420} INFO - Sync 1 DAGs
[2022-08-06 03:40:41,296] {logging_mixin.py:115} INFO - [2022-08-06 03:40:41,296] {dag.py:2972} INFO - Setting next_dagrun for example_kubernetes_executor to None, run_after=None
[2022-08-06 03:40:41,311] {processor.py:161} INFO - Processing /home/airflow/.local/lib/python3.7/site-packages/airflow/example_dags/example_kubernetes_executor.py took 0.111 seconds
[2022-08-06 03:41:11,913] {processor.py:153} INFO - Started process (PID=10227) to work on /home/airflow/.local/lib/python3.7/site-packages/airflow/example_dags/example_kubernetes_executor.py
[2022-08-06 03:41:11,914] {processor.py:641} INFO - Processing file /home/airflow/.local/lib/python3.7/site-packages/airflow/example_dags/example_kubernetes_executor.py for tasks to queue
[2022-08-06 03:41:11,915] {logging_mixin.py:115} INFO - [2022-08-06 03:41:11,914] {dagbag.py:508} INFO - Filling up the DagBag from /home/airflow/.local/lib/python3.7/site-packages/airflow/example_dags/example_kubernetes_executor.py
[2022-08-06 03:41:11,948] {processor.py:651} INFO - DAG(s) dict_keys(['example_kubernetes_executor']) retrieved from /home/airflow/.local/lib/python3.7/site-packages/airflow/example_dags/example_kubernetes_executor.py
[2022-08-06 03:41:11,986] {logging_mixin.py:115} INFO - [2022-08-06 03:41:11,986] {dag.py:2420} INFO - Sync 1 DAGs
[2022-08-06 03:41:12,017] {logging_mixin.py:115} INFO - [2022-08-06 03:41:12,017] {dag.py:2972} INFO - Setting next_dagrun for example_kubernetes_executor to None, run_after=None
[2022-08-06 03:41:12,037] {processor.py:161} INFO - Processing /home/airflow/.local/lib/python3.7/site-packages/airflow/example_dags/example_kubernetes_executor.py took 0.128 seconds
[2022-08-06 03:41:42,642] {processor.py:153} INFO - Started process (PID=10430) to work on /home/airflow/.local/lib/python3.7/site-packages/airflow/example_dags/example_kubernetes_executor.py
[2022-08-06 03:41:42,643] {processor.py:641} INFO - Processing file /home/airflow/.local/lib/python3.7/site-packages/airflow/example_dags/example_kubernetes_executor.py for tasks to queue
[2022-08-06 03:41:42,644] {logging_mixin.py:115} INFO - [2022-08-06 03:41:42,644] {dagbag.py:508} INFO - Filling up the DagBag from /home/airflow/.local/lib/python3.7/site-packages/airflow/example_dags/example_kubernetes_executor.py
[2022-08-06 03:41:42,673] {processor.py:651} INFO - DAG(s) dict_keys(['example_kubernetes_executor']) retrieved from /home/airflow/.local/lib/python3.7/site-packages/airflow/example_dags/example_kubernetes_executor.py
[2022-08-06 03:41:42,711] {logging_mixin.py:115} INFO - [2022-08-06 03:41:42,711] {dag.py:2420} INFO - Sync 1 DAGs
[2022-08-06 03:41:42,739] {logging_mixin.py:115} INFO - [2022-08-06 03:41:42,738] {dag.py:2972} INFO - Setting next_dagrun for example_kubernetes_executor to None, run_after=None
[2022-08-06 03:41:42,759] {processor.py:161} INFO - Processing /home/airflow/.local/lib/python3.7/site-packages/airflow/example_dags/example_kubernetes_executor.py took 0.120 seconds
[2022-08-06 03:42:12,939] {processor.py:153} INFO - Started process (PID=10625) to work on /home/airflow/.local/lib/python3.7/site-packages/airflow/example_dags/example_kubernetes_executor.py
[2022-08-06 03:42:12,940] {processor.py:641} INFO - Processing file /home/airflow/.local/lib/python3.7/site-packages/airflow/example_dags/example_kubernetes_executor.py for tasks to queue
[2022-08-06 03:42:12,941] {logging_mixin.py:115} INFO - [2022-08-06 03:42:12,941] {dagbag.py:508} INFO - Filling up the DagBag from /home/airflow/.local/lib/python3.7/site-packages/airflow/example_dags/example_kubernetes_executor.py
[2022-08-06 03:42:12,985] {processor.py:651} INFO - DAG(s) dict_keys(['example_kubernetes_executor']) retrieved from /home/airflow/.local/lib/python3.7/site-packages/airflow/example_dags/example_kubernetes_executor.py
[2022-08-06 03:42:13,033] {logging_mixin.py:115} INFO - [2022-08-06 03:42:13,033] {dag.py:2420} INFO - Sync 1 DAGs
[2022-08-06 03:42:13,073] {logging_mixin.py:115} INFO - [2022-08-06 03:42:13,073] {dag.py:2972} INFO - Setting next_dagrun for example_kubernetes_executor to None, run_after=None
[2022-08-06 03:42:13,094] {processor.py:161} INFO - Processing /home/airflow/.local/lib/python3.7/site-packages/airflow/example_dags/example_kubernetes_executor.py took 0.159 seconds
[2022-08-06 03:42:43,262] {processor.py:153} INFO - Started process (PID=10828) to work on /home/airflow/.local/lib/python3.7/site-packages/airflow/example_dags/example_kubernetes_executor.py
[2022-08-06 03:42:43,263] {processor.py:641} INFO - Processing file /home/airflow/.local/lib/python3.7/site-packages/airflow/example_dags/example_kubernetes_executor.py for tasks to queue
[2022-08-06 03:42:43,264] {logging_mixin.py:115} INFO - [2022-08-06 03:42:43,264] {dagbag.py:508} INFO - Filling up the DagBag from /home/airflow/.local/lib/python3.7/site-packages/airflow/example_dags/example_kubernetes_executor.py
[2022-08-06 03:42:43,297] {processor.py:651} INFO - DAG(s) dict_keys(['example_kubernetes_executor']) retrieved from /home/airflow/.local/lib/python3.7/site-packages/airflow/example_dags/example_kubernetes_executor.py
[2022-08-06 03:42:43,328] {logging_mixin.py:115} INFO - [2022-08-06 03:42:43,328] {dag.py:2420} INFO - Sync 1 DAGs
[2022-08-06 03:42:43,355] {logging_mixin.py:115} INFO - [2022-08-06 03:42:43,355] {dag.py:2972} INFO - Setting next_dagrun for example_kubernetes_executor to None, run_after=None
[2022-08-06 03:42:43,371] {processor.py:161} INFO - Processing /home/airflow/.local/lib/python3.7/site-packages/airflow/example_dags/example_kubernetes_executor.py took 0.114 seconds
[2022-08-06 03:43:13,681] {processor.py:153} INFO - Started process (PID=11022) to work on /home/airflow/.local/lib/python3.7/site-packages/airflow/example_dags/example_kubernetes_executor.py
[2022-08-06 03:43:13,682] {processor.py:641} INFO - Processing file /home/airflow/.local/lib/python3.7/site-packages/airflow/example_dags/example_kubernetes_executor.py for tasks to queue
[2022-08-06 03:43:13,683] {logging_mixin.py:115} INFO - [2022-08-06 03:43:13,683] {dagbag.py:508} INFO - Filling up the DagBag from /home/airflow/.local/lib/python3.7/site-packages/airflow/example_dags/example_kubernetes_executor.py
[2022-08-06 03:43:13,716] {processor.py:651} INFO - DAG(s) dict_keys(['example_kubernetes_executor']) retrieved from /home/airflow/.local/lib/python3.7/site-packages/airflow/example_dags/example_kubernetes_executor.py
[2022-08-06 03:43:13,750] {logging_mixin.py:115} INFO - [2022-08-06 03:43:13,750] {dag.py:2420} INFO - Sync 1 DAGs
[2022-08-06 03:43:13,776] {logging_mixin.py:115} INFO - [2022-08-06 03:43:13,776] {dag.py:2972} INFO - Setting next_dagrun for example_kubernetes_executor to None, run_after=None
[2022-08-06 03:43:13,793] {processor.py:161} INFO - Processing /home/airflow/.local/lib/python3.7/site-packages/airflow/example_dags/example_kubernetes_executor.py took 0.115 seconds
[2022-08-06 03:43:44,216] {processor.py:153} INFO - Started process (PID=11225) to work on /home/airflow/.local/lib/python3.7/site-packages/airflow/example_dags/example_kubernetes_executor.py
[2022-08-06 03:43:44,217] {processor.py:641} INFO - Processing file /home/airflow/.local/lib/python3.7/site-packages/airflow/example_dags/example_kubernetes_executor.py for tasks to queue
[2022-08-06 03:43:44,218] {logging_mixin.py:115} INFO - [2022-08-06 03:43:44,218] {dagbag.py:508} INFO - Filling up the DagBag from /home/airflow/.local/lib/python3.7/site-packages/airflow/example_dags/example_kubernetes_executor.py
[2022-08-06 03:43:44,250] {processor.py:651} INFO - DAG(s) dict_keys(['example_kubernetes_executor']) retrieved from /home/airflow/.local/lib/python3.7/site-packages/airflow/example_dags/example_kubernetes_executor.py
[2022-08-06 03:43:44,286] {logging_mixin.py:115} INFO - [2022-08-06 03:43:44,286] {dag.py:2420} INFO - Sync 1 DAGs
[2022-08-06 03:43:44,315] {logging_mixin.py:115} INFO - [2022-08-06 03:43:44,315] {dag.py:2972} INFO - Setting next_dagrun for example_kubernetes_executor to None, run_after=None
[2022-08-06 03:43:44,333] {processor.py:161} INFO - Processing /home/airflow/.local/lib/python3.7/site-packages/airflow/example_dags/example_kubernetes_executor.py took 0.121 seconds
[2022-08-06 03:44:14,387] {processor.py:153} INFO - Started process (PID=11416) to work on /home/airflow/.local/lib/python3.7/site-packages/airflow/example_dags/example_kubernetes_executor.py
[2022-08-06 03:44:14,388] {processor.py:641} INFO - Processing file /home/airflow/.local/lib/python3.7/site-packages/airflow/example_dags/example_kubernetes_executor.py for tasks to queue
[2022-08-06 03:44:14,389] {logging_mixin.py:115} INFO - [2022-08-06 03:44:14,389] {dagbag.py:508} INFO - Filling up the DagBag from /home/airflow/.local/lib/python3.7/site-packages/airflow/example_dags/example_kubernetes_executor.py
[2022-08-06 03:44:14,420] {processor.py:651} INFO - DAG(s) dict_keys(['example_kubernetes_executor']) retrieved from /home/airflow/.local/lib/python3.7/site-packages/airflow/example_dags/example_kubernetes_executor.py
[2022-08-06 03:44:14,453] {logging_mixin.py:115} INFO - [2022-08-06 03:44:14,453] {dag.py:2420} INFO - Sync 1 DAGs
[2022-08-06 03:44:14,488] {logging_mixin.py:115} INFO - [2022-08-06 03:44:14,488] {dag.py:2972} INFO - Setting next_dagrun for example_kubernetes_executor to None, run_after=None
[2022-08-06 03:44:14,509] {processor.py:161} INFO - Processing /home/airflow/.local/lib/python3.7/site-packages/airflow/example_dags/example_kubernetes_executor.py took 0.125 seconds
[2022-08-06 03:44:45,066] {processor.py:153} INFO - Started process (PID=11622) to work on /home/airflow/.local/lib/python3.7/site-packages/airflow/example_dags/example_kubernetes_executor.py
[2022-08-06 03:44:45,067] {processor.py:641} INFO - Processing file /home/airflow/.local/lib/python3.7/site-packages/airflow/example_dags/example_kubernetes_executor.py for tasks to queue
[2022-08-06 03:44:45,067] {logging_mixin.py:115} INFO - [2022-08-06 03:44:45,067] {dagbag.py:508} INFO - Filling up the DagBag from /home/airflow/.local/lib/python3.7/site-packages/airflow/example_dags/example_kubernetes_executor.py
[2022-08-06 03:44:45,102] {processor.py:651} INFO - DAG(s) dict_keys(['example_kubernetes_executor']) retrieved from /home/airflow/.local/lib/python3.7/site-packages/airflow/example_dags/example_kubernetes_executor.py
[2022-08-06 03:44:45,141] {logging_mixin.py:115} INFO - [2022-08-06 03:44:45,140] {dag.py:2420} INFO - Sync 1 DAGs
[2022-08-06 03:44:45,176] {logging_mixin.py:115} INFO - [2022-08-06 03:44:45,176] {dag.py:2972} INFO - Setting next_dagrun for example_kubernetes_executor to None, run_after=None
[2022-08-06 03:44:45,198] {processor.py:161} INFO - Processing /home/airflow/.local/lib/python3.7/site-packages/airflow/example_dags/example_kubernetes_executor.py took 0.136 seconds
[2022-08-06 03:45:15,561] {processor.py:153} INFO - Started process (PID=11816) to work on /home/airflow/.local/lib/python3.7/site-packages/airflow/example_dags/example_kubernetes_executor.py
[2022-08-06 03:45:15,562] {processor.py:641} INFO - Processing file /home/airflow/.local/lib/python3.7/site-packages/airflow/example_dags/example_kubernetes_executor.py for tasks to queue
[2022-08-06 03:45:15,563] {logging_mixin.py:115} INFO - [2022-08-06 03:45:15,563] {dagbag.py:508} INFO - Filling up the DagBag from /home/airflow/.local/lib/python3.7/site-packages/airflow/example_dags/example_kubernetes_executor.py
[2022-08-06 03:45:15,595] {processor.py:651} INFO - DAG(s) dict_keys(['example_kubernetes_executor']) retrieved from /home/airflow/.local/lib/python3.7/site-packages/airflow/example_dags/example_kubernetes_executor.py
[2022-08-06 03:45:15,634] {logging_mixin.py:115} INFO - [2022-08-06 03:45:15,634] {dag.py:2420} INFO - Sync 1 DAGs
[2022-08-06 03:45:15,663] {logging_mixin.py:115} INFO - [2022-08-06 03:45:15,663] {dag.py:2972} INFO - Setting next_dagrun for example_kubernetes_executor to None, run_after=None
[2022-08-06 03:45:15,685] {processor.py:161} INFO - Processing /home/airflow/.local/lib/python3.7/site-packages/airflow/example_dags/example_kubernetes_executor.py took 0.128 seconds
[2022-08-06 03:45:45,777] {processor.py:153} INFO - Started process (PID=12017) to work on /home/airflow/.local/lib/python3.7/site-packages/airflow/example_dags/example_kubernetes_executor.py
[2022-08-06 03:45:45,778] {processor.py:641} INFO - Processing file /home/airflow/.local/lib/python3.7/site-packages/airflow/example_dags/example_kubernetes_executor.py for tasks to queue
[2022-08-06 03:45:45,779] {logging_mixin.py:115} INFO - [2022-08-06 03:45:45,779] {dagbag.py:508} INFO - Filling up the DagBag from /home/airflow/.local/lib/python3.7/site-packages/airflow/example_dags/example_kubernetes_executor.py
[2022-08-06 03:45:45,821] {processor.py:651} INFO - DAG(s) dict_keys(['example_kubernetes_executor']) retrieved from /home/airflow/.local/lib/python3.7/site-packages/airflow/example_dags/example_kubernetes_executor.py
[2022-08-06 03:45:45,855] {logging_mixin.py:115} INFO - [2022-08-06 03:45:45,855] {dag.py:2420} INFO - Sync 1 DAGs
[2022-08-06 03:45:45,882] {logging_mixin.py:115} INFO - [2022-08-06 03:45:45,882] {dag.py:2972} INFO - Setting next_dagrun for example_kubernetes_executor to None, run_after=None
[2022-08-06 03:45:45,900] {processor.py:161} INFO - Processing /home/airflow/.local/lib/python3.7/site-packages/airflow/example_dags/example_kubernetes_executor.py took 0.126 seconds
[2022-08-06 03:46:16,077] {processor.py:153} INFO - Started process (PID=12211) to work on /home/airflow/.local/lib/python3.7/site-packages/airflow/example_dags/example_kubernetes_executor.py
[2022-08-06 03:46:16,079] {processor.py:641} INFO - Processing file /home/airflow/.local/lib/python3.7/site-packages/airflow/example_dags/example_kubernetes_executor.py for tasks to queue
[2022-08-06 03:46:16,080] {logging_mixin.py:115} INFO - [2022-08-06 03:46:16,079] {dagbag.py:508} INFO - Filling up the DagBag from /home/airflow/.local/lib/python3.7/site-packages/airflow/example_dags/example_kubernetes_executor.py
[2022-08-06 03:46:16,111] {processor.py:651} INFO - DAG(s) dict_keys(['example_kubernetes_executor']) retrieved from /home/airflow/.local/lib/python3.7/site-packages/airflow/example_dags/example_kubernetes_executor.py
[2022-08-06 03:46:16,144] {logging_mixin.py:115} INFO - [2022-08-06 03:46:16,144] {dag.py:2420} INFO - Sync 1 DAGs
[2022-08-06 03:46:16,172] {logging_mixin.py:115} INFO - [2022-08-06 03:46:16,172] {dag.py:2972} INFO - Setting next_dagrun for example_kubernetes_executor to None, run_after=None
[2022-08-06 03:46:16,198] {processor.py:161} INFO - Processing /home/airflow/.local/lib/python3.7/site-packages/airflow/example_dags/example_kubernetes_executor.py took 0.124 seconds
[2022-08-06 03:46:46,259] {processor.py:153} INFO - Started process (PID=12414) to work on /home/airflow/.local/lib/python3.7/site-packages/airflow/example_dags/example_kubernetes_executor.py
[2022-08-06 03:46:46,260] {processor.py:641} INFO - Processing file /home/airflow/.local/lib/python3.7/site-packages/airflow/example_dags/example_kubernetes_executor.py for tasks to queue
[2022-08-06 03:46:46,260] {logging_mixin.py:115} INFO - [2022-08-06 03:46:46,260] {dagbag.py:508} INFO - Filling up the DagBag from /home/airflow/.local/lib/python3.7/site-packages/airflow/example_dags/example_kubernetes_executor.py
[2022-08-06 03:46:46,293] {processor.py:651} INFO - DAG(s) dict_keys(['example_kubernetes_executor']) retrieved from /home/airflow/.local/lib/python3.7/site-packages/airflow/example_dags/example_kubernetes_executor.py
[2022-08-06 03:46:46,325] {logging_mixin.py:115} INFO - [2022-08-06 03:46:46,325] {dag.py:2420} INFO - Sync 1 DAGs
[2022-08-06 03:46:46,356] {logging_mixin.py:115} INFO - [2022-08-06 03:46:46,356] {dag.py:2972} INFO - Setting next_dagrun for example_kubernetes_executor to None, run_after=None
[2022-08-06 03:46:46,375] {processor.py:161} INFO - Processing /home/airflow/.local/lib/python3.7/site-packages/airflow/example_dags/example_kubernetes_executor.py took 0.120 seconds
[2022-08-06 03:47:16,481] {processor.py:153} INFO - Started process (PID=12608) to work on /home/airflow/.local/lib/python3.7/site-packages/airflow/example_dags/example_kubernetes_executor.py
[2022-08-06 03:47:16,482] {processor.py:641} INFO - Processing file /home/airflow/.local/lib/python3.7/site-packages/airflow/example_dags/example_kubernetes_executor.py for tasks to queue
[2022-08-06 03:47:16,483] {logging_mixin.py:115} INFO - [2022-08-06 03:47:16,483] {dagbag.py:508} INFO - Filling up the DagBag from /home/airflow/.local/lib/python3.7/site-packages/airflow/example_dags/example_kubernetes_executor.py
[2022-08-06 03:47:16,513] {processor.py:651} INFO - DAG(s) dict_keys(['example_kubernetes_executor']) retrieved from /home/airflow/.local/lib/python3.7/site-packages/airflow/example_dags/example_kubernetes_executor.py
[2022-08-06 03:47:16,544] {logging_mixin.py:115} INFO - [2022-08-06 03:47:16,544] {dag.py:2420} INFO - Sync 1 DAGs
[2022-08-06 03:47:16,574] {logging_mixin.py:115} INFO - [2022-08-06 03:47:16,574] {dag.py:2972} INFO - Setting next_dagrun for example_kubernetes_executor to None, run_after=None
[2022-08-06 03:47:16,600] {processor.py:161} INFO - Processing /home/airflow/.local/lib/python3.7/site-packages/airflow/example_dags/example_kubernetes_executor.py took 0.121 seconds
[2022-08-06 03:47:46,751] {processor.py:153} INFO - Started process (PID=12811) to work on /home/airflow/.local/lib/python3.7/site-packages/airflow/example_dags/example_kubernetes_executor.py
[2022-08-06 03:47:46,752] {processor.py:641} INFO - Processing file /home/airflow/.local/lib/python3.7/site-packages/airflow/example_dags/example_kubernetes_executor.py for tasks to queue
[2022-08-06 03:47:46,753] {logging_mixin.py:115} INFO - [2022-08-06 03:47:46,753] {dagbag.py:508} INFO - Filling up the DagBag from /home/airflow/.local/lib/python3.7/site-packages/airflow/example_dags/example_kubernetes_executor.py
[2022-08-06 03:47:46,788] {processor.py:651} INFO - DAG(s) dict_keys(['example_kubernetes_executor']) retrieved from /home/airflow/.local/lib/python3.7/site-packages/airflow/example_dags/example_kubernetes_executor.py
[2022-08-06 03:47:46,828] {logging_mixin.py:115} INFO - [2022-08-06 03:47:46,828] {dag.py:2420} INFO - Sync 1 DAGs
[2022-08-06 03:47:46,873] {logging_mixin.py:115} INFO - [2022-08-06 03:47:46,873] {dag.py:2972} INFO - Setting next_dagrun for example_kubernetes_executor to None, run_after=None
[2022-08-06 03:47:46,898] {processor.py:161} INFO - Processing /home/airflow/.local/lib/python3.7/site-packages/airflow/example_dags/example_kubernetes_executor.py took 0.151 seconds
[2022-08-06 03:48:17,130] {processor.py:153} INFO - Started process (PID=13005) to work on /home/airflow/.local/lib/python3.7/site-packages/airflow/example_dags/example_kubernetes_executor.py
[2022-08-06 03:48:17,131] {processor.py:641} INFO - Processing file /home/airflow/.local/lib/python3.7/site-packages/airflow/example_dags/example_kubernetes_executor.py for tasks to queue
[2022-08-06 03:48:17,132] {logging_mixin.py:115} INFO - [2022-08-06 03:48:17,132] {dagbag.py:508} INFO - Filling up the DagBag from /home/airflow/.local/lib/python3.7/site-packages/airflow/example_dags/example_kubernetes_executor.py
[2022-08-06 03:48:17,160] {processor.py:651} INFO - DAG(s) dict_keys(['example_kubernetes_executor']) retrieved from /home/airflow/.local/lib/python3.7/site-packages/airflow/example_dags/example_kubernetes_executor.py
[2022-08-06 03:48:17,187] {logging_mixin.py:115} INFO - [2022-08-06 03:48:17,187] {dag.py:2420} INFO - Sync 1 DAGs
[2022-08-06 03:48:17,213] {logging_mixin.py:115} INFO - [2022-08-06 03:48:17,213] {dag.py:2972} INFO - Setting next_dagrun for example_kubernetes_executor to None, run_after=None
[2022-08-06 03:48:17,231] {processor.py:161} INFO - Processing /home/airflow/.local/lib/python3.7/site-packages/airflow/example_dags/example_kubernetes_executor.py took 0.104 seconds
[2022-08-06 16:59:49,073] {processor.py:153} INFO - Started process (PID=13215) to work on /home/airflow/.local/lib/python3.7/site-packages/airflow/example_dags/example_kubernetes_executor.py
[2022-08-06 16:59:49,075] {processor.py:641} INFO - Processing file /home/airflow/.local/lib/python3.7/site-packages/airflow/example_dags/example_kubernetes_executor.py for tasks to queue
[2022-08-06 16:59:49,077] {logging_mixin.py:115} INFO - [2022-08-06 16:59:49,077] {dagbag.py:508} INFO - Filling up the DagBag from /home/airflow/.local/lib/python3.7/site-packages/airflow/example_dags/example_kubernetes_executor.py
[2022-08-06 16:59:49,136] {processor.py:651} INFO - DAG(s) dict_keys(['example_kubernetes_executor']) retrieved from /home/airflow/.local/lib/python3.7/site-packages/airflow/example_dags/example_kubernetes_executor.py
[2022-08-06 16:59:49,203] {logging_mixin.py:115} INFO - [2022-08-06 16:59:49,203] {dag.py:2420} INFO - Sync 1 DAGs
[2022-08-06 16:59:49,274] {logging_mixin.py:115} INFO - [2022-08-06 16:59:49,274] {dag.py:2972} INFO - Setting next_dagrun for example_kubernetes_executor to None, run_after=None
[2022-08-06 16:59:49,303] {processor.py:161} INFO - Processing /home/airflow/.local/lib/python3.7/site-packages/airflow/example_dags/example_kubernetes_executor.py took 0.235 seconds
[2022-08-06 17:00:19,582] {processor.py:153} INFO - Started process (PID=13409) to work on /home/airflow/.local/lib/python3.7/site-packages/airflow/example_dags/example_kubernetes_executor.py
[2022-08-06 17:00:19,583] {processor.py:641} INFO - Processing file /home/airflow/.local/lib/python3.7/site-packages/airflow/example_dags/example_kubernetes_executor.py for tasks to queue
[2022-08-06 17:00:19,584] {logging_mixin.py:115} INFO - [2022-08-06 17:00:19,583] {dagbag.py:508} INFO - Filling up the DagBag from /home/airflow/.local/lib/python3.7/site-packages/airflow/example_dags/example_kubernetes_executor.py
[2022-08-06 17:00:19,607] {processor.py:651} INFO - DAG(s) dict_keys(['example_kubernetes_executor']) retrieved from /home/airflow/.local/lib/python3.7/site-packages/airflow/example_dags/example_kubernetes_executor.py
[2022-08-06 17:00:19,640] {logging_mixin.py:115} INFO - [2022-08-06 17:00:19,640] {dag.py:2420} INFO - Sync 1 DAGs
[2022-08-06 17:00:19,663] {logging_mixin.py:115} INFO - [2022-08-06 17:00:19,663] {dag.py:2972} INFO - Setting next_dagrun for example_kubernetes_executor to None, run_after=None
[2022-08-06 17:00:19,679] {processor.py:161} INFO - Processing /home/airflow/.local/lib/python3.7/site-packages/airflow/example_dags/example_kubernetes_executor.py took 0.100 seconds
[2022-08-06 17:00:50,437] {processor.py:153} INFO - Started process (PID=13612) to work on /home/airflow/.local/lib/python3.7/site-packages/airflow/example_dags/example_kubernetes_executor.py
[2022-08-06 17:00:50,438] {processor.py:641} INFO - Processing file /home/airflow/.local/lib/python3.7/site-packages/airflow/example_dags/example_kubernetes_executor.py for tasks to queue
[2022-08-06 17:00:50,439] {logging_mixin.py:115} INFO - [2022-08-06 17:00:50,439] {dagbag.py:508} INFO - Filling up the DagBag from /home/airflow/.local/lib/python3.7/site-packages/airflow/example_dags/example_kubernetes_executor.py
[2022-08-06 17:00:50,466] {processor.py:651} INFO - DAG(s) dict_keys(['example_kubernetes_executor']) retrieved from /home/airflow/.local/lib/python3.7/site-packages/airflow/example_dags/example_kubernetes_executor.py
[2022-08-06 17:00:50,501] {logging_mixin.py:115} INFO - [2022-08-06 17:00:50,500] {dag.py:2420} INFO - Sync 1 DAGs
[2022-08-06 17:00:50,529] {logging_mixin.py:115} INFO - [2022-08-06 17:00:50,529] {dag.py:2972} INFO - Setting next_dagrun for example_kubernetes_executor to None, run_after=None
[2022-08-06 17:00:50,548] {processor.py:161} INFO - Processing /home/airflow/.local/lib/python3.7/site-packages/airflow/example_dags/example_kubernetes_executor.py took 0.114 seconds
[2022-08-06 17:01:21,229] {processor.py:153} INFO - Started process (PID=13807) to work on /home/airflow/.local/lib/python3.7/site-packages/airflow/example_dags/example_kubernetes_executor.py
[2022-08-06 17:01:21,230] {processor.py:641} INFO - Processing file /home/airflow/.local/lib/python3.7/site-packages/airflow/example_dags/example_kubernetes_executor.py for tasks to queue
[2022-08-06 17:01:21,231] {logging_mixin.py:115} INFO - [2022-08-06 17:01:21,231] {dagbag.py:508} INFO - Filling up the DagBag from /home/airflow/.local/lib/python3.7/site-packages/airflow/example_dags/example_kubernetes_executor.py
[2022-08-06 17:01:21,261] {processor.py:651} INFO - DAG(s) dict_keys(['example_kubernetes_executor']) retrieved from /home/airflow/.local/lib/python3.7/site-packages/airflow/example_dags/example_kubernetes_executor.py
[2022-08-06 17:01:21,295] {logging_mixin.py:115} INFO - [2022-08-06 17:01:21,295] {dag.py:2420} INFO - Sync 1 DAGs
[2022-08-06 17:01:21,326] {logging_mixin.py:115} INFO - [2022-08-06 17:01:21,326] {dag.py:2972} INFO - Setting next_dagrun for example_kubernetes_executor to None, run_after=None
[2022-08-06 17:01:21,348] {processor.py:161} INFO - Processing /home/airflow/.local/lib/python3.7/site-packages/airflow/example_dags/example_kubernetes_executor.py took 0.123 seconds
[2022-08-06 17:01:51,501] {processor.py:153} INFO - Started process (PID=14006) to work on /home/airflow/.local/lib/python3.7/site-packages/airflow/example_dags/example_kubernetes_executor.py
[2022-08-06 17:01:51,501] {processor.py:641} INFO - Processing file /home/airflow/.local/lib/python3.7/site-packages/airflow/example_dags/example_kubernetes_executor.py for tasks to queue
[2022-08-06 17:01:51,502] {logging_mixin.py:115} INFO - [2022-08-06 17:01:51,502] {dagbag.py:508} INFO - Filling up the DagBag from /home/airflow/.local/lib/python3.7/site-packages/airflow/example_dags/example_kubernetes_executor.py
[2022-08-06 17:01:51,534] {processor.py:651} INFO - DAG(s) dict_keys(['example_kubernetes_executor']) retrieved from /home/airflow/.local/lib/python3.7/site-packages/airflow/example_dags/example_kubernetes_executor.py
[2022-08-06 17:01:51,570] {logging_mixin.py:115} INFO - [2022-08-06 17:01:51,570] {dag.py:2420} INFO - Sync 1 DAGs
[2022-08-06 17:01:51,599] {logging_mixin.py:115} INFO - [2022-08-06 17:01:51,598] {dag.py:2972} INFO - Setting next_dagrun for example_kubernetes_executor to None, run_after=None
[2022-08-06 17:01:51,617] {processor.py:161} INFO - Processing /home/airflow/.local/lib/python3.7/site-packages/airflow/example_dags/example_kubernetes_executor.py took 0.120 seconds
[2022-08-06 17:02:22,268] {processor.py:153} INFO - Started process (PID=14200) to work on /home/airflow/.local/lib/python3.7/site-packages/airflow/example_dags/example_kubernetes_executor.py
[2022-08-06 17:02:22,269] {processor.py:641} INFO - Processing file /home/airflow/.local/lib/python3.7/site-packages/airflow/example_dags/example_kubernetes_executor.py for tasks to queue
[2022-08-06 17:02:22,270] {logging_mixin.py:115} INFO - [2022-08-06 17:02:22,270] {dagbag.py:508} INFO - Filling up the DagBag from /home/airflow/.local/lib/python3.7/site-packages/airflow/example_dags/example_kubernetes_executor.py
[2022-08-06 17:02:22,300] {processor.py:651} INFO - DAG(s) dict_keys(['example_kubernetes_executor']) retrieved from /home/airflow/.local/lib/python3.7/site-packages/airflow/example_dags/example_kubernetes_executor.py
[2022-08-06 17:02:22,342] {logging_mixin.py:115} INFO - [2022-08-06 17:02:22,342] {dag.py:2420} INFO - Sync 1 DAGs
[2022-08-06 17:02:22,372] {logging_mixin.py:115} INFO - [2022-08-06 17:02:22,372] {dag.py:2972} INFO - Setting next_dagrun for example_kubernetes_executor to None, run_after=None
[2022-08-06 17:02:22,391] {processor.py:161} INFO - Processing /home/airflow/.local/lib/python3.7/site-packages/airflow/example_dags/example_kubernetes_executor.py took 0.127 seconds
[2022-08-06 17:02:53,463] {processor.py:153} INFO - Started process (PID=14407) to work on /home/airflow/.local/lib/python3.7/site-packages/airflow/example_dags/example_kubernetes_executor.py
[2022-08-06 17:02:53,463] {processor.py:641} INFO - Processing file /home/airflow/.local/lib/python3.7/site-packages/airflow/example_dags/example_kubernetes_executor.py for tasks to queue
[2022-08-06 17:02:53,464] {logging_mixin.py:115} INFO - [2022-08-06 17:02:53,464] {dagbag.py:508} INFO - Filling up the DagBag from /home/airflow/.local/lib/python3.7/site-packages/airflow/example_dags/example_kubernetes_executor.py
[2022-08-06 17:02:53,495] {processor.py:651} INFO - DAG(s) dict_keys(['example_kubernetes_executor']) retrieved from /home/airflow/.local/lib/python3.7/site-packages/airflow/example_dags/example_kubernetes_executor.py
[2022-08-06 17:02:53,534] {logging_mixin.py:115} INFO - [2022-08-06 17:02:53,534] {dag.py:2420} INFO - Sync 1 DAGs
[2022-08-06 17:02:53,563] {logging_mixin.py:115} INFO - [2022-08-06 17:02:53,563] {dag.py:2972} INFO - Setting next_dagrun for example_kubernetes_executor to None, run_after=None
[2022-08-06 17:02:53,591] {processor.py:161} INFO - Processing /home/airflow/.local/lib/python3.7/site-packages/airflow/example_dags/example_kubernetes_executor.py took 0.132 seconds
[2022-08-06 17:03:23,727] {processor.py:153} INFO - Started process (PID=14597) to work on /home/airflow/.local/lib/python3.7/site-packages/airflow/example_dags/example_kubernetes_executor.py
[2022-08-06 17:03:23,728] {processor.py:641} INFO - Processing file /home/airflow/.local/lib/python3.7/site-packages/airflow/example_dags/example_kubernetes_executor.py for tasks to queue
[2022-08-06 17:03:23,729] {logging_mixin.py:115} INFO - [2022-08-06 17:03:23,729] {dagbag.py:508} INFO - Filling up the DagBag from /home/airflow/.local/lib/python3.7/site-packages/airflow/example_dags/example_kubernetes_executor.py
[2022-08-06 17:03:23,756] {processor.py:651} INFO - DAG(s) dict_keys(['example_kubernetes_executor']) retrieved from /home/airflow/.local/lib/python3.7/site-packages/airflow/example_dags/example_kubernetes_executor.py
[2022-08-06 17:03:23,790] {logging_mixin.py:115} INFO - [2022-08-06 17:03:23,790] {dag.py:2420} INFO - Sync 1 DAGs
[2022-08-06 17:03:23,835] {logging_mixin.py:115} INFO - [2022-08-06 17:03:23,834] {dag.py:2972} INFO - Setting next_dagrun for example_kubernetes_executor to None, run_after=None
[2022-08-06 17:03:23,881] {processor.py:161} INFO - Processing /home/airflow/.local/lib/python3.7/site-packages/airflow/example_dags/example_kubernetes_executor.py took 0.157 seconds
[2022-08-06 17:03:54,231] {processor.py:153} INFO - Started process (PID=14798) to work on /home/airflow/.local/lib/python3.7/site-packages/airflow/example_dags/example_kubernetes_executor.py
[2022-08-06 17:03:54,232] {processor.py:641} INFO - Processing file /home/airflow/.local/lib/python3.7/site-packages/airflow/example_dags/example_kubernetes_executor.py for tasks to queue
[2022-08-06 17:03:54,233] {logging_mixin.py:115} INFO - [2022-08-06 17:03:54,232] {dagbag.py:508} INFO - Filling up the DagBag from /home/airflow/.local/lib/python3.7/site-packages/airflow/example_dags/example_kubernetes_executor.py
[2022-08-06 17:03:54,269] {processor.py:651} INFO - DAG(s) dict_keys(['example_kubernetes_executor']) retrieved from /home/airflow/.local/lib/python3.7/site-packages/airflow/example_dags/example_kubernetes_executor.py
[2022-08-06 17:03:54,308] {logging_mixin.py:115} INFO - [2022-08-06 17:03:54,308] {dag.py:2420} INFO - Sync 1 DAGs
[2022-08-06 17:03:54,338] {logging_mixin.py:115} INFO - [2022-08-06 17:03:54,338] {dag.py:2972} INFO - Setting next_dagrun for example_kubernetes_executor to None, run_after=None
[2022-08-06 17:03:54,365] {processor.py:161} INFO - Processing /home/airflow/.local/lib/python3.7/site-packages/airflow/example_dags/example_kubernetes_executor.py took 0.138 seconds
[2022-08-06 17:04:25,156] {processor.py:153} INFO - Started process (PID=14992) to work on /home/airflow/.local/lib/python3.7/site-packages/airflow/example_dags/example_kubernetes_executor.py
[2022-08-06 17:04:25,157] {processor.py:641} INFO - Processing file /home/airflow/.local/lib/python3.7/site-packages/airflow/example_dags/example_kubernetes_executor.py for tasks to queue
[2022-08-06 17:04:25,158] {logging_mixin.py:115} INFO - [2022-08-06 17:04:25,158] {dagbag.py:508} INFO - Filling up the DagBag from /home/airflow/.local/lib/python3.7/site-packages/airflow/example_dags/example_kubernetes_executor.py
[2022-08-06 17:04:25,197] {processor.py:651} INFO - DAG(s) dict_keys(['example_kubernetes_executor']) retrieved from /home/airflow/.local/lib/python3.7/site-packages/airflow/example_dags/example_kubernetes_executor.py
[2022-08-06 17:04:25,314] {logging_mixin.py:115} INFO - [2022-08-06 17:04:25,314] {dag.py:2420} INFO - Sync 1 DAGs
[2022-08-06 17:04:25,354] {logging_mixin.py:115} INFO - [2022-08-06 17:04:25,353] {dag.py:2972} INFO - Setting next_dagrun for example_kubernetes_executor to None, run_after=None
[2022-08-06 17:04:25,382] {processor.py:161} INFO - Processing /home/airflow/.local/lib/python3.7/site-packages/airflow/example_dags/example_kubernetes_executor.py took 0.229 seconds
[2022-08-06 17:04:56,311] {processor.py:153} INFO - Started process (PID=15195) to work on /home/airflow/.local/lib/python3.7/site-packages/airflow/example_dags/example_kubernetes_executor.py
[2022-08-06 17:04:56,312] {processor.py:641} INFO - Processing file /home/airflow/.local/lib/python3.7/site-packages/airflow/example_dags/example_kubernetes_executor.py for tasks to queue
[2022-08-06 17:04:56,313] {logging_mixin.py:115} INFO - [2022-08-06 17:04:56,313] {dagbag.py:508} INFO - Filling up the DagBag from /home/airflow/.local/lib/python3.7/site-packages/airflow/example_dags/example_kubernetes_executor.py
[2022-08-06 17:04:56,355] {processor.py:651} INFO - DAG(s) dict_keys(['example_kubernetes_executor']) retrieved from /home/airflow/.local/lib/python3.7/site-packages/airflow/example_dags/example_kubernetes_executor.py
[2022-08-06 17:04:56,397] {logging_mixin.py:115} INFO - [2022-08-06 17:04:56,397] {dag.py:2420} INFO - Sync 1 DAGs
[2022-08-06 17:04:56,425] {logging_mixin.py:115} INFO - [2022-08-06 17:04:56,425] {dag.py:2972} INFO - Setting next_dagrun for example_kubernetes_executor to None, run_after=None
[2022-08-06 17:04:56,444] {processor.py:161} INFO - Processing /home/airflow/.local/lib/python3.7/site-packages/airflow/example_dags/example_kubernetes_executor.py took 0.137 seconds
[2022-08-06 17:05:27,133] {processor.py:153} INFO - Started process (PID=15398) to work on /home/airflow/.local/lib/python3.7/site-packages/airflow/example_dags/example_kubernetes_executor.py
[2022-08-06 17:05:27,134] {processor.py:641} INFO - Processing file /home/airflow/.local/lib/python3.7/site-packages/airflow/example_dags/example_kubernetes_executor.py for tasks to queue
[2022-08-06 17:05:27,135] {logging_mixin.py:115} INFO - [2022-08-06 17:05:27,134] {dagbag.py:508} INFO - Filling up the DagBag from /home/airflow/.local/lib/python3.7/site-packages/airflow/example_dags/example_kubernetes_executor.py
[2022-08-06 17:05:27,169] {processor.py:651} INFO - DAG(s) dict_keys(['example_kubernetes_executor']) retrieved from /home/airflow/.local/lib/python3.7/site-packages/airflow/example_dags/example_kubernetes_executor.py
[2022-08-06 17:05:27,200] {logging_mixin.py:115} INFO - [2022-08-06 17:05:27,199] {dag.py:2420} INFO - Sync 1 DAGs
[2022-08-06 17:05:27,229] {logging_mixin.py:115} INFO - [2022-08-06 17:05:27,229] {dag.py:2972} INFO - Setting next_dagrun for example_kubernetes_executor to None, run_after=None
[2022-08-06 17:05:27,249] {processor.py:161} INFO - Processing /home/airflow/.local/lib/python3.7/site-packages/airflow/example_dags/example_kubernetes_executor.py took 0.119 seconds
[2022-08-06 17:05:58,042] {processor.py:153} INFO - Started process (PID=15592) to work on /home/airflow/.local/lib/python3.7/site-packages/airflow/example_dags/example_kubernetes_executor.py
[2022-08-06 17:05:58,043] {processor.py:641} INFO - Processing file /home/airflow/.local/lib/python3.7/site-packages/airflow/example_dags/example_kubernetes_executor.py for tasks to queue
[2022-08-06 17:05:58,044] {logging_mixin.py:115} INFO - [2022-08-06 17:05:58,044] {dagbag.py:508} INFO - Filling up the DagBag from /home/airflow/.local/lib/python3.7/site-packages/airflow/example_dags/example_kubernetes_executor.py
[2022-08-06 17:05:58,082] {processor.py:651} INFO - DAG(s) dict_keys(['example_kubernetes_executor']) retrieved from /home/airflow/.local/lib/python3.7/site-packages/airflow/example_dags/example_kubernetes_executor.py
[2022-08-06 17:05:58,121] {logging_mixin.py:115} INFO - [2022-08-06 17:05:58,121] {dag.py:2420} INFO - Sync 1 DAGs
[2022-08-06 17:05:58,154] {logging_mixin.py:115} INFO - [2022-08-06 17:05:58,154] {dag.py:2972} INFO - Setting next_dagrun for example_kubernetes_executor to None, run_after=None
[2022-08-06 17:05:58,181] {processor.py:161} INFO - Processing /home/airflow/.local/lib/python3.7/site-packages/airflow/example_dags/example_kubernetes_executor.py took 0.143 seconds
[2022-08-06 17:06:29,087] {processor.py:153} INFO - Started process (PID=15795) to work on /home/airflow/.local/lib/python3.7/site-packages/airflow/example_dags/example_kubernetes_executor.py
[2022-08-06 17:06:29,088] {processor.py:641} INFO - Processing file /home/airflow/.local/lib/python3.7/site-packages/airflow/example_dags/example_kubernetes_executor.py for tasks to queue
[2022-08-06 17:06:29,089] {logging_mixin.py:115} INFO - [2022-08-06 17:06:29,089] {dagbag.py:508} INFO - Filling up the DagBag from /home/airflow/.local/lib/python3.7/site-packages/airflow/example_dags/example_kubernetes_executor.py
[2022-08-06 17:06:29,117] {processor.py:651} INFO - DAG(s) dict_keys(['example_kubernetes_executor']) retrieved from /home/airflow/.local/lib/python3.7/site-packages/airflow/example_dags/example_kubernetes_executor.py
[2022-08-06 17:06:29,146] {logging_mixin.py:115} INFO - [2022-08-06 17:06:29,146] {dag.py:2420} INFO - Sync 1 DAGs
[2022-08-06 17:06:29,175] {logging_mixin.py:115} INFO - [2022-08-06 17:06:29,174] {dag.py:2972} INFO - Setting next_dagrun for example_kubernetes_executor to None, run_after=None
[2022-08-06 17:06:29,193] {processor.py:161} INFO - Processing /home/airflow/.local/lib/python3.7/site-packages/airflow/example_dags/example_kubernetes_executor.py took 0.110 seconds
[2022-08-06 17:06:59,974] {processor.py:153} INFO - Started process (PID=15988) to work on /home/airflow/.local/lib/python3.7/site-packages/airflow/example_dags/example_kubernetes_executor.py
[2022-08-06 17:06:59,975] {processor.py:641} INFO - Processing file /home/airflow/.local/lib/python3.7/site-packages/airflow/example_dags/example_kubernetes_executor.py for tasks to queue
[2022-08-06 17:06:59,977] {logging_mixin.py:115} INFO - [2022-08-06 17:06:59,976] {dagbag.py:508} INFO - Filling up the DagBag from /home/airflow/.local/lib/python3.7/site-packages/airflow/example_dags/example_kubernetes_executor.py
[2022-08-06 17:07:00,012] {processor.py:651} INFO - DAG(s) dict_keys(['example_kubernetes_executor']) retrieved from /home/airflow/.local/lib/python3.7/site-packages/airflow/example_dags/example_kubernetes_executor.py
[2022-08-06 17:07:00,065] {logging_mixin.py:115} INFO - [2022-08-06 17:07:00,065] {dag.py:2420} INFO - Sync 1 DAGs
[2022-08-06 17:07:00,093] {logging_mixin.py:115} INFO - [2022-08-06 17:07:00,092] {dag.py:2972} INFO - Setting next_dagrun for example_kubernetes_executor to None, run_after=None
[2022-08-06 17:07:00,108] {processor.py:161} INFO - Processing /home/airflow/.local/lib/python3.7/site-packages/airflow/example_dags/example_kubernetes_executor.py took 0.138 seconds
[2022-08-06 17:07:30,268] {processor.py:153} INFO - Started process (PID=16191) to work on /home/airflow/.local/lib/python3.7/site-packages/airflow/example_dags/example_kubernetes_executor.py
[2022-08-06 17:07:30,270] {processor.py:641} INFO - Processing file /home/airflow/.local/lib/python3.7/site-packages/airflow/example_dags/example_kubernetes_executor.py for tasks to queue
[2022-08-06 17:07:30,271] {logging_mixin.py:115} INFO - [2022-08-06 17:07:30,270] {dagbag.py:508} INFO - Filling up the DagBag from /home/airflow/.local/lib/python3.7/site-packages/airflow/example_dags/example_kubernetes_executor.py
[2022-08-06 17:07:30,301] {processor.py:651} INFO - DAG(s) dict_keys(['example_kubernetes_executor']) retrieved from /home/airflow/.local/lib/python3.7/site-packages/airflow/example_dags/example_kubernetes_executor.py
[2022-08-06 17:07:30,333] {logging_mixin.py:115} INFO - [2022-08-06 17:07:30,333] {dag.py:2420} INFO - Sync 1 DAGs
[2022-08-06 17:07:30,361] {logging_mixin.py:115} INFO - [2022-08-06 17:07:30,361] {dag.py:2972} INFO - Setting next_dagrun for example_kubernetes_executor to None, run_after=None
[2022-08-06 17:07:30,385] {processor.py:161} INFO - Processing /home/airflow/.local/lib/python3.7/site-packages/airflow/example_dags/example_kubernetes_executor.py took 0.120 seconds
[2022-08-06 17:08:00,636] {processor.py:153} INFO - Started process (PID=16385) to work on /home/airflow/.local/lib/python3.7/site-packages/airflow/example_dags/example_kubernetes_executor.py
[2022-08-06 17:08:00,638] {processor.py:641} INFO - Processing file /home/airflow/.local/lib/python3.7/site-packages/airflow/example_dags/example_kubernetes_executor.py for tasks to queue
[2022-08-06 17:08:00,639] {logging_mixin.py:115} INFO - [2022-08-06 17:08:00,639] {dagbag.py:508} INFO - Filling up the DagBag from /home/airflow/.local/lib/python3.7/site-packages/airflow/example_dags/example_kubernetes_executor.py
[2022-08-06 17:08:00,682] {processor.py:651} INFO - DAG(s) dict_keys(['example_kubernetes_executor']) retrieved from /home/airflow/.local/lib/python3.7/site-packages/airflow/example_dags/example_kubernetes_executor.py
[2022-08-06 17:08:00,733] {logging_mixin.py:115} INFO - [2022-08-06 17:08:00,733] {dag.py:2420} INFO - Sync 1 DAGs
[2022-08-06 17:08:00,772] {logging_mixin.py:115} INFO - [2022-08-06 17:08:00,772] {dag.py:2972} INFO - Setting next_dagrun for example_kubernetes_executor to None, run_after=None
[2022-08-06 17:08:00,793] {processor.py:161} INFO - Processing /home/airflow/.local/lib/python3.7/site-packages/airflow/example_dags/example_kubernetes_executor.py took 0.161 seconds
[2022-08-06 17:08:31,316] {processor.py:153} INFO - Started process (PID=16588) to work on /home/airflow/.local/lib/python3.7/site-packages/airflow/example_dags/example_kubernetes_executor.py
[2022-08-06 17:08:31,317] {processor.py:641} INFO - Processing file /home/airflow/.local/lib/python3.7/site-packages/airflow/example_dags/example_kubernetes_executor.py for tasks to queue
[2022-08-06 17:08:31,318] {logging_mixin.py:115} INFO - [2022-08-06 17:08:31,318] {dagbag.py:508} INFO - Filling up the DagBag from /home/airflow/.local/lib/python3.7/site-packages/airflow/example_dags/example_kubernetes_executor.py
[2022-08-06 17:08:31,348] {processor.py:651} INFO - DAG(s) dict_keys(['example_kubernetes_executor']) retrieved from /home/airflow/.local/lib/python3.7/site-packages/airflow/example_dags/example_kubernetes_executor.py
[2022-08-06 17:08:31,384] {logging_mixin.py:115} INFO - [2022-08-06 17:08:31,384] {dag.py:2420} INFO - Sync 1 DAGs
[2022-08-06 17:08:31,409] {logging_mixin.py:115} INFO - [2022-08-06 17:08:31,409] {dag.py:2972} INFO - Setting next_dagrun for example_kubernetes_executor to None, run_after=None
[2022-08-06 17:08:31,431] {processor.py:161} INFO - Processing /home/airflow/.local/lib/python3.7/site-packages/airflow/example_dags/example_kubernetes_executor.py took 0.117 seconds
[2022-08-06 17:09:02,110] {processor.py:153} INFO - Started process (PID=16782) to work on /home/airflow/.local/lib/python3.7/site-packages/airflow/example_dags/example_kubernetes_executor.py
[2022-08-06 17:09:02,110] {processor.py:641} INFO - Processing file /home/airflow/.local/lib/python3.7/site-packages/airflow/example_dags/example_kubernetes_executor.py for tasks to queue
[2022-08-06 17:09:02,111] {logging_mixin.py:115} INFO - [2022-08-06 17:09:02,111] {dagbag.py:508} INFO - Filling up the DagBag from /home/airflow/.local/lib/python3.7/site-packages/airflow/example_dags/example_kubernetes_executor.py
[2022-08-06 17:09:02,141] {processor.py:651} INFO - DAG(s) dict_keys(['example_kubernetes_executor']) retrieved from /home/airflow/.local/lib/python3.7/site-packages/airflow/example_dags/example_kubernetes_executor.py
[2022-08-06 17:09:02,174] {logging_mixin.py:115} INFO - [2022-08-06 17:09:02,174] {dag.py:2420} INFO - Sync 1 DAGs
[2022-08-06 17:09:02,204] {logging_mixin.py:115} INFO - [2022-08-06 17:09:02,204] {dag.py:2972} INFO - Setting next_dagrun for example_kubernetes_executor to None, run_after=None
[2022-08-06 17:09:02,224] {processor.py:161} INFO - Processing /home/airflow/.local/lib/python3.7/site-packages/airflow/example_dags/example_kubernetes_executor.py took 0.118 seconds
[2022-08-06 17:09:32,516] {processor.py:153} INFO - Started process (PID=16985) to work on /home/airflow/.local/lib/python3.7/site-packages/airflow/example_dags/example_kubernetes_executor.py
[2022-08-06 17:09:32,517] {processor.py:641} INFO - Processing file /home/airflow/.local/lib/python3.7/site-packages/airflow/example_dags/example_kubernetes_executor.py for tasks to queue
[2022-08-06 17:09:32,518] {logging_mixin.py:115} INFO - [2022-08-06 17:09:32,518] {dagbag.py:508} INFO - Filling up the DagBag from /home/airflow/.local/lib/python3.7/site-packages/airflow/example_dags/example_kubernetes_executor.py
[2022-08-06 17:09:32,549] {processor.py:651} INFO - DAG(s) dict_keys(['example_kubernetes_executor']) retrieved from /home/airflow/.local/lib/python3.7/site-packages/airflow/example_dags/example_kubernetes_executor.py
[2022-08-06 17:09:32,589] {logging_mixin.py:115} INFO - [2022-08-06 17:09:32,589] {dag.py:2420} INFO - Sync 1 DAGs
[2022-08-06 17:09:32,617] {logging_mixin.py:115} INFO - [2022-08-06 17:09:32,617] {dag.py:2972} INFO - Setting next_dagrun for example_kubernetes_executor to None, run_after=None
[2022-08-06 17:09:32,636] {processor.py:161} INFO - Processing /home/airflow/.local/lib/python3.7/site-packages/airflow/example_dags/example_kubernetes_executor.py took 0.123 seconds
[2022-08-06 17:10:03,388] {processor.py:153} INFO - Started process (PID=17179) to work on /home/airflow/.local/lib/python3.7/site-packages/airflow/example_dags/example_kubernetes_executor.py
[2022-08-06 17:10:03,390] {processor.py:641} INFO - Processing file /home/airflow/.local/lib/python3.7/site-packages/airflow/example_dags/example_kubernetes_executor.py for tasks to queue
[2022-08-06 17:10:03,390] {logging_mixin.py:115} INFO - [2022-08-06 17:10:03,390] {dagbag.py:508} INFO - Filling up the DagBag from /home/airflow/.local/lib/python3.7/site-packages/airflow/example_dags/example_kubernetes_executor.py
[2022-08-06 17:10:03,421] {processor.py:651} INFO - DAG(s) dict_keys(['example_kubernetes_executor']) retrieved from /home/airflow/.local/lib/python3.7/site-packages/airflow/example_dags/example_kubernetes_executor.py
[2022-08-06 17:10:03,455] {logging_mixin.py:115} INFO - [2022-08-06 17:10:03,455] {dag.py:2420} INFO - Sync 1 DAGs
[2022-08-06 17:10:03,484] {logging_mixin.py:115} INFO - [2022-08-06 17:10:03,484] {dag.py:2972} INFO - Setting next_dagrun for example_kubernetes_executor to None, run_after=None
[2022-08-06 17:10:03,508] {processor.py:161} INFO - Processing /home/airflow/.local/lib/python3.7/site-packages/airflow/example_dags/example_kubernetes_executor.py took 0.123 seconds
[2022-08-06 17:10:34,277] {processor.py:153} INFO - Started process (PID=17383) to work on /home/airflow/.local/lib/python3.7/site-packages/airflow/example_dags/example_kubernetes_executor.py
[2022-08-06 17:10:34,278] {processor.py:641} INFO - Processing file /home/airflow/.local/lib/python3.7/site-packages/airflow/example_dags/example_kubernetes_executor.py for tasks to queue
[2022-08-06 17:10:34,279] {logging_mixin.py:115} INFO - [2022-08-06 17:10:34,279] {dagbag.py:508} INFO - Filling up the DagBag from /home/airflow/.local/lib/python3.7/site-packages/airflow/example_dags/example_kubernetes_executor.py
[2022-08-06 17:10:34,311] {processor.py:651} INFO - DAG(s) dict_keys(['example_kubernetes_executor']) retrieved from /home/airflow/.local/lib/python3.7/site-packages/airflow/example_dags/example_kubernetes_executor.py
[2022-08-06 17:10:34,348] {logging_mixin.py:115} INFO - [2022-08-06 17:10:34,348] {dag.py:2420} INFO - Sync 1 DAGs
[2022-08-06 17:10:34,380] {logging_mixin.py:115} INFO - [2022-08-06 17:10:34,380] {dag.py:2972} INFO - Setting next_dagrun for example_kubernetes_executor to None, run_after=None
[2022-08-06 17:10:34,403] {processor.py:161} INFO - Processing /home/airflow/.local/lib/python3.7/site-packages/airflow/example_dags/example_kubernetes_executor.py took 0.129 seconds
[2022-08-06 17:11:05,336] {processor.py:153} INFO - Started process (PID=17577) to work on /home/airflow/.local/lib/python3.7/site-packages/airflow/example_dags/example_kubernetes_executor.py
[2022-08-06 17:11:05,337] {processor.py:641} INFO - Processing file /home/airflow/.local/lib/python3.7/site-packages/airflow/example_dags/example_kubernetes_executor.py for tasks to queue
[2022-08-06 17:11:05,338] {logging_mixin.py:115} INFO - [2022-08-06 17:11:05,337] {dagbag.py:508} INFO - Filling up the DagBag from /home/airflow/.local/lib/python3.7/site-packages/airflow/example_dags/example_kubernetes_executor.py
[2022-08-06 17:11:05,372] {processor.py:651} INFO - DAG(s) dict_keys(['example_kubernetes_executor']) retrieved from /home/airflow/.local/lib/python3.7/site-packages/airflow/example_dags/example_kubernetes_executor.py
[2022-08-06 17:11:05,406] {logging_mixin.py:115} INFO - [2022-08-06 17:11:05,406] {dag.py:2420} INFO - Sync 1 DAGs
[2022-08-06 17:11:05,440] {logging_mixin.py:115} INFO - [2022-08-06 17:11:05,439] {dag.py:2972} INFO - Setting next_dagrun for example_kubernetes_executor to None, run_after=None
[2022-08-06 17:11:05,459] {processor.py:161} INFO - Processing /home/airflow/.local/lib/python3.7/site-packages/airflow/example_dags/example_kubernetes_executor.py took 0.126 seconds
[2022-08-06 17:11:36,004] {processor.py:153} INFO - Started process (PID=17780) to work on /home/airflow/.local/lib/python3.7/site-packages/airflow/example_dags/example_kubernetes_executor.py
[2022-08-06 17:11:36,005] {processor.py:641} INFO - Processing file /home/airflow/.local/lib/python3.7/site-packages/airflow/example_dags/example_kubernetes_executor.py for tasks to queue
[2022-08-06 17:11:36,006] {logging_mixin.py:115} INFO - [2022-08-06 17:11:36,006] {dagbag.py:508} INFO - Filling up the DagBag from /home/airflow/.local/lib/python3.7/site-packages/airflow/example_dags/example_kubernetes_executor.py
[2022-08-06 17:11:36,040] {processor.py:651} INFO - DAG(s) dict_keys(['example_kubernetes_executor']) retrieved from /home/airflow/.local/lib/python3.7/site-packages/airflow/example_dags/example_kubernetes_executor.py
[2022-08-06 17:11:36,074] {logging_mixin.py:115} INFO - [2022-08-06 17:11:36,074] {dag.py:2420} INFO - Sync 1 DAGs
[2022-08-06 17:11:36,108] {logging_mixin.py:115} INFO - [2022-08-06 17:11:36,108] {dag.py:2972} INFO - Setting next_dagrun for example_kubernetes_executor to None, run_after=None
[2022-08-06 17:11:36,136] {processor.py:161} INFO - Processing /home/airflow/.local/lib/python3.7/site-packages/airflow/example_dags/example_kubernetes_executor.py took 0.135 seconds
[2022-08-06 17:12:06,256] {processor.py:153} INFO - Started process (PID=17974) to work on /home/airflow/.local/lib/python3.7/site-packages/airflow/example_dags/example_kubernetes_executor.py
[2022-08-06 17:12:06,257] {processor.py:641} INFO - Processing file /home/airflow/.local/lib/python3.7/site-packages/airflow/example_dags/example_kubernetes_executor.py for tasks to queue
[2022-08-06 17:12:06,259] {logging_mixin.py:115} INFO - [2022-08-06 17:12:06,258] {dagbag.py:508} INFO - Filling up the DagBag from /home/airflow/.local/lib/python3.7/site-packages/airflow/example_dags/example_kubernetes_executor.py
[2022-08-06 17:12:06,295] {processor.py:651} INFO - DAG(s) dict_keys(['example_kubernetes_executor']) retrieved from /home/airflow/.local/lib/python3.7/site-packages/airflow/example_dags/example_kubernetes_executor.py
[2022-08-06 17:12:06,362] {logging_mixin.py:115} INFO - [2022-08-06 17:12:06,362] {dag.py:2420} INFO - Sync 1 DAGs
[2022-08-06 17:12:06,393] {logging_mixin.py:115} INFO - [2022-08-06 17:12:06,393] {dag.py:2972} INFO - Setting next_dagrun for example_kubernetes_executor to None, run_after=None
[2022-08-06 17:12:06,415] {processor.py:161} INFO - Processing /home/airflow/.local/lib/python3.7/site-packages/airflow/example_dags/example_kubernetes_executor.py took 0.163 seconds
[2022-08-06 17:12:36,462] {processor.py:153} INFO - Started process (PID=18174) to work on /home/airflow/.local/lib/python3.7/site-packages/airflow/example_dags/example_kubernetes_executor.py
[2022-08-06 17:12:36,463] {processor.py:641} INFO - Processing file /home/airflow/.local/lib/python3.7/site-packages/airflow/example_dags/example_kubernetes_executor.py for tasks to queue
[2022-08-06 17:12:36,464] {logging_mixin.py:115} INFO - [2022-08-06 17:12:36,464] {dagbag.py:508} INFO - Filling up the DagBag from /home/airflow/.local/lib/python3.7/site-packages/airflow/example_dags/example_kubernetes_executor.py
[2022-08-06 17:12:36,494] {processor.py:651} INFO - DAG(s) dict_keys(['example_kubernetes_executor']) retrieved from /home/airflow/.local/lib/python3.7/site-packages/airflow/example_dags/example_kubernetes_executor.py
[2022-08-06 17:12:36,532] {logging_mixin.py:115} INFO - [2022-08-06 17:12:36,532] {dag.py:2420} INFO - Sync 1 DAGs
[2022-08-06 17:12:36,566] {logging_mixin.py:115} INFO - [2022-08-06 17:12:36,566] {dag.py:2972} INFO - Setting next_dagrun for example_kubernetes_executor to None, run_after=None
[2022-08-06 17:12:36,585] {processor.py:161} INFO - Processing /home/airflow/.local/lib/python3.7/site-packages/airflow/example_dags/example_kubernetes_executor.py took 0.126 seconds
[2022-08-06 17:13:07,375] {processor.py:153} INFO - Started process (PID=18371) to work on /home/airflow/.local/lib/python3.7/site-packages/airflow/example_dags/example_kubernetes_executor.py
[2022-08-06 17:13:07,376] {processor.py:641} INFO - Processing file /home/airflow/.local/lib/python3.7/site-packages/airflow/example_dags/example_kubernetes_executor.py for tasks to queue
[2022-08-06 17:13:07,377] {logging_mixin.py:115} INFO - [2022-08-06 17:13:07,377] {dagbag.py:508} INFO - Filling up the DagBag from /home/airflow/.local/lib/python3.7/site-packages/airflow/example_dags/example_kubernetes_executor.py
[2022-08-06 17:13:07,405] {processor.py:651} INFO - DAG(s) dict_keys(['example_kubernetes_executor']) retrieved from /home/airflow/.local/lib/python3.7/site-packages/airflow/example_dags/example_kubernetes_executor.py
[2022-08-06 17:13:07,442] {logging_mixin.py:115} INFO - [2022-08-06 17:13:07,442] {dag.py:2420} INFO - Sync 1 DAGs
[2022-08-06 17:13:07,485] {logging_mixin.py:115} INFO - [2022-08-06 17:13:07,485] {dag.py:2972} INFO - Setting next_dagrun for example_kubernetes_executor to None, run_after=None
[2022-08-06 17:13:07,508] {processor.py:161} INFO - Processing /home/airflow/.local/lib/python3.7/site-packages/airflow/example_dags/example_kubernetes_executor.py took 0.136 seconds
[2022-08-06 17:13:38,420] {processor.py:153} INFO - Started process (PID=18574) to work on /home/airflow/.local/lib/python3.7/site-packages/airflow/example_dags/example_kubernetes_executor.py
[2022-08-06 17:13:38,421] {processor.py:641} INFO - Processing file /home/airflow/.local/lib/python3.7/site-packages/airflow/example_dags/example_kubernetes_executor.py for tasks to queue
[2022-08-06 17:13:38,422] {logging_mixin.py:115} INFO - [2022-08-06 17:13:38,422] {dagbag.py:508} INFO - Filling up the DagBag from /home/airflow/.local/lib/python3.7/site-packages/airflow/example_dags/example_kubernetes_executor.py
[2022-08-06 17:13:38,463] {processor.py:651} INFO - DAG(s) dict_keys(['example_kubernetes_executor']) retrieved from /home/airflow/.local/lib/python3.7/site-packages/airflow/example_dags/example_kubernetes_executor.py
[2022-08-06 17:13:38,508] {logging_mixin.py:115} INFO - [2022-08-06 17:13:38,508] {dag.py:2420} INFO - Sync 1 DAGs
[2022-08-06 17:13:38,545] {logging_mixin.py:115} INFO - [2022-08-06 17:13:38,545] {dag.py:2972} INFO - Setting next_dagrun for example_kubernetes_executor to None, run_after=None
[2022-08-06 17:13:38,570] {processor.py:161} INFO - Processing /home/airflow/.local/lib/python3.7/site-packages/airflow/example_dags/example_kubernetes_executor.py took 0.153 seconds
[2022-08-06 17:14:09,334] {processor.py:153} INFO - Started process (PID=18768) to work on /home/airflow/.local/lib/python3.7/site-packages/airflow/example_dags/example_kubernetes_executor.py
[2022-08-06 17:14:09,335] {processor.py:641} INFO - Processing file /home/airflow/.local/lib/python3.7/site-packages/airflow/example_dags/example_kubernetes_executor.py for tasks to queue
[2022-08-06 17:14:09,336] {logging_mixin.py:115} INFO - [2022-08-06 17:14:09,336] {dagbag.py:508} INFO - Filling up the DagBag from /home/airflow/.local/lib/python3.7/site-packages/airflow/example_dags/example_kubernetes_executor.py
[2022-08-06 17:14:09,362] {processor.py:651} INFO - DAG(s) dict_keys(['example_kubernetes_executor']) retrieved from /home/airflow/.local/lib/python3.7/site-packages/airflow/example_dags/example_kubernetes_executor.py
[2022-08-06 17:14:09,392] {logging_mixin.py:115} INFO - [2022-08-06 17:14:09,392] {dag.py:2420} INFO - Sync 1 DAGs
[2022-08-06 17:14:09,425] {logging_mixin.py:115} INFO - [2022-08-06 17:14:09,425] {dag.py:2972} INFO - Setting next_dagrun for example_kubernetes_executor to None, run_after=None
[2022-08-06 17:14:09,445] {processor.py:161} INFO - Processing /home/airflow/.local/lib/python3.7/site-packages/airflow/example_dags/example_kubernetes_executor.py took 0.114 seconds
[2022-08-06 17:14:39,514] {processor.py:153} INFO - Started process (PID=18971) to work on /home/airflow/.local/lib/python3.7/site-packages/airflow/example_dags/example_kubernetes_executor.py
[2022-08-06 17:14:39,515] {processor.py:641} INFO - Processing file /home/airflow/.local/lib/python3.7/site-packages/airflow/example_dags/example_kubernetes_executor.py for tasks to queue
[2022-08-06 17:14:39,516] {logging_mixin.py:115} INFO - [2022-08-06 17:14:39,516] {dagbag.py:508} INFO - Filling up the DagBag from /home/airflow/.local/lib/python3.7/site-packages/airflow/example_dags/example_kubernetes_executor.py
[2022-08-06 17:14:39,554] {processor.py:651} INFO - DAG(s) dict_keys(['example_kubernetes_executor']) retrieved from /home/airflow/.local/lib/python3.7/site-packages/airflow/example_dags/example_kubernetes_executor.py
[2022-08-06 17:14:39,591] {logging_mixin.py:115} INFO - [2022-08-06 17:14:39,590] {dag.py:2420} INFO - Sync 1 DAGs
[2022-08-06 17:14:39,624] {logging_mixin.py:115} INFO - [2022-08-06 17:14:39,624] {dag.py:2972} INFO - Setting next_dagrun for example_kubernetes_executor to None, run_after=None
[2022-08-06 17:14:39,646] {processor.py:161} INFO - Processing /home/airflow/.local/lib/python3.7/site-packages/airflow/example_dags/example_kubernetes_executor.py took 0.137 seconds
[2022-08-06 17:15:10,148] {processor.py:153} INFO - Started process (PID=19165) to work on /home/airflow/.local/lib/python3.7/site-packages/airflow/example_dags/example_kubernetes_executor.py
[2022-08-06 17:15:10,149] {processor.py:641} INFO - Processing file /home/airflow/.local/lib/python3.7/site-packages/airflow/example_dags/example_kubernetes_executor.py for tasks to queue
[2022-08-06 17:15:10,150] {logging_mixin.py:115} INFO - [2022-08-06 17:15:10,150] {dagbag.py:508} INFO - Filling up the DagBag from /home/airflow/.local/lib/python3.7/site-packages/airflow/example_dags/example_kubernetes_executor.py
[2022-08-06 17:15:10,176] {processor.py:651} INFO - DAG(s) dict_keys(['example_kubernetes_executor']) retrieved from /home/airflow/.local/lib/python3.7/site-packages/airflow/example_dags/example_kubernetes_executor.py
[2022-08-06 17:15:10,207] {logging_mixin.py:115} INFO - [2022-08-06 17:15:10,206] {dag.py:2420} INFO - Sync 1 DAGs
[2022-08-06 17:15:10,236] {logging_mixin.py:115} INFO - [2022-08-06 17:15:10,236] {dag.py:2972} INFO - Setting next_dagrun for example_kubernetes_executor to None, run_after=None
[2022-08-06 17:15:10,260] {processor.py:161} INFO - Processing /home/airflow/.local/lib/python3.7/site-packages/airflow/example_dags/example_kubernetes_executor.py took 0.115 seconds
