[2022-08-06 03:38:39,256] {processor.py:153} INFO - Started process (PID=9232) to work on /home/airflow/.local/lib/python3.7/site-packages/airflow/example_dags/example_branch_operator_decorator.py
[2022-08-06 03:38:39,262] {processor.py:641} INFO - Processing file /home/airflow/.local/lib/python3.7/site-packages/airflow/example_dags/example_branch_operator_decorator.py for tasks to queue
[2022-08-06 03:38:39,267] {logging_mixin.py:115} INFO - [2022-08-06 03:38:39,267] {dagbag.py:508} INFO - Filling up the DagBag from /home/airflow/.local/lib/python3.7/site-packages/airflow/example_dags/example_branch_operator_decorator.py
[2022-08-06 03:38:39,332] {processor.py:651} INFO - DAG(s) dict_keys(['example_branch_python_operator_decorator']) retrieved from /home/airflow/.local/lib/python3.7/site-packages/airflow/example_dags/example_branch_operator_decorator.py
[2022-08-06 03:38:39,380] {logging_mixin.py:115} INFO - [2022-08-06 03:38:39,380] {dag.py:2420} INFO - Sync 1 DAGs
[2022-08-06 03:38:39,444] {logging_mixin.py:115} INFO - [2022-08-06 03:38:39,444] {dag.py:2972} INFO - Setting next_dagrun for example_branch_python_operator_decorator to 2022-08-05T00:00:00+00:00, run_after=2022-08-06T00:00:00+00:00
[2022-08-06 03:38:39,476] {processor.py:161} INFO - Processing /home/airflow/.local/lib/python3.7/site-packages/airflow/example_dags/example_branch_operator_decorator.py took 0.225 seconds
[2022-08-06 03:39:09,715] {processor.py:153} INFO - Started process (PID=9440) to work on /home/airflow/.local/lib/python3.7/site-packages/airflow/example_dags/example_branch_operator_decorator.py
[2022-08-06 03:39:09,717] {processor.py:641} INFO - Processing file /home/airflow/.local/lib/python3.7/site-packages/airflow/example_dags/example_branch_operator_decorator.py for tasks to queue
[2022-08-06 03:39:09,718] {logging_mixin.py:115} INFO - [2022-08-06 03:39:09,718] {dagbag.py:508} INFO - Filling up the DagBag from /home/airflow/.local/lib/python3.7/site-packages/airflow/example_dags/example_branch_operator_decorator.py
[2022-08-06 03:39:09,744] {processor.py:651} INFO - DAG(s) dict_keys(['example_branch_python_operator_decorator']) retrieved from /home/airflow/.local/lib/python3.7/site-packages/airflow/example_dags/example_branch_operator_decorator.py
[2022-08-06 03:39:09,780] {logging_mixin.py:115} INFO - [2022-08-06 03:39:09,780] {dag.py:2420} INFO - Sync 1 DAGs
[2022-08-06 03:39:09,816] {logging_mixin.py:115} INFO - [2022-08-06 03:39:09,815] {dag.py:2972} INFO - Setting next_dagrun for example_branch_python_operator_decorator to 2022-08-05T00:00:00+00:00, run_after=2022-08-06T00:00:00+00:00
[2022-08-06 03:39:09,836] {processor.py:161} INFO - Processing /home/airflow/.local/lib/python3.7/site-packages/airflow/example_dags/example_branch_operator_decorator.py took 0.124 seconds
[2022-08-06 03:39:40,358] {processor.py:153} INFO - Started process (PID=9646) to work on /home/airflow/.local/lib/python3.7/site-packages/airflow/example_dags/example_branch_operator_decorator.py
[2022-08-06 03:39:40,359] {processor.py:641} INFO - Processing file /home/airflow/.local/lib/python3.7/site-packages/airflow/example_dags/example_branch_operator_decorator.py for tasks to queue
[2022-08-06 03:39:40,360] {logging_mixin.py:115} INFO - [2022-08-06 03:39:40,360] {dagbag.py:508} INFO - Filling up the DagBag from /home/airflow/.local/lib/python3.7/site-packages/airflow/example_dags/example_branch_operator_decorator.py
[2022-08-06 03:39:40,379] {processor.py:651} INFO - DAG(s) dict_keys(['example_branch_python_operator_decorator']) retrieved from /home/airflow/.local/lib/python3.7/site-packages/airflow/example_dags/example_branch_operator_decorator.py
[2022-08-06 03:39:40,408] {logging_mixin.py:115} INFO - [2022-08-06 03:39:40,408] {dag.py:2420} INFO - Sync 1 DAGs
[2022-08-06 03:39:40,438] {logging_mixin.py:115} INFO - [2022-08-06 03:39:40,438] {dag.py:2972} INFO - Setting next_dagrun for example_branch_python_operator_decorator to 2022-08-05T00:00:00+00:00, run_after=2022-08-06T00:00:00+00:00
[2022-08-06 03:39:40,455] {processor.py:161} INFO - Processing /home/airflow/.local/lib/python3.7/site-packages/airflow/example_dags/example_branch_operator_decorator.py took 0.100 seconds
[2022-08-06 03:40:11,100] {processor.py:153} INFO - Started process (PID=9840) to work on /home/airflow/.local/lib/python3.7/site-packages/airflow/example_dags/example_branch_operator_decorator.py
[2022-08-06 03:40:11,101] {processor.py:641} INFO - Processing file /home/airflow/.local/lib/python3.7/site-packages/airflow/example_dags/example_branch_operator_decorator.py for tasks to queue
[2022-08-06 03:40:11,102] {logging_mixin.py:115} INFO - [2022-08-06 03:40:11,102] {dagbag.py:508} INFO - Filling up the DagBag from /home/airflow/.local/lib/python3.7/site-packages/airflow/example_dags/example_branch_operator_decorator.py
[2022-08-06 03:40:11,126] {processor.py:651} INFO - DAG(s) dict_keys(['example_branch_python_operator_decorator']) retrieved from /home/airflow/.local/lib/python3.7/site-packages/airflow/example_dags/example_branch_operator_decorator.py
[2022-08-06 03:40:11,162] {logging_mixin.py:115} INFO - [2022-08-06 03:40:11,162] {dag.py:2420} INFO - Sync 1 DAGs
[2022-08-06 03:40:11,202] {logging_mixin.py:115} INFO - [2022-08-06 03:40:11,201] {dag.py:2972} INFO - Setting next_dagrun for example_branch_python_operator_decorator to 2022-08-05T00:00:00+00:00, run_after=2022-08-06T00:00:00+00:00
[2022-08-06 03:40:11,233] {processor.py:161} INFO - Processing /home/airflow/.local/lib/python3.7/site-packages/airflow/example_dags/example_branch_operator_decorator.py took 0.137 seconds
[2022-08-06 03:40:41,347] {processor.py:153} INFO - Started process (PID=10043) to work on /home/airflow/.local/lib/python3.7/site-packages/airflow/example_dags/example_branch_operator_decorator.py
[2022-08-06 03:40:41,348] {processor.py:641} INFO - Processing file /home/airflow/.local/lib/python3.7/site-packages/airflow/example_dags/example_branch_operator_decorator.py for tasks to queue
[2022-08-06 03:40:41,349] {logging_mixin.py:115} INFO - [2022-08-06 03:40:41,349] {dagbag.py:508} INFO - Filling up the DagBag from /home/airflow/.local/lib/python3.7/site-packages/airflow/example_dags/example_branch_operator_decorator.py
[2022-08-06 03:40:41,373] {processor.py:651} INFO - DAG(s) dict_keys(['example_branch_python_operator_decorator']) retrieved from /home/airflow/.local/lib/python3.7/site-packages/airflow/example_dags/example_branch_operator_decorator.py
[2022-08-06 03:40:41,404] {logging_mixin.py:115} INFO - [2022-08-06 03:40:41,404] {dag.py:2420} INFO - Sync 1 DAGs
[2022-08-06 03:40:41,430] {logging_mixin.py:115} INFO - [2022-08-06 03:40:41,430] {dag.py:2972} INFO - Setting next_dagrun for example_branch_python_operator_decorator to 2022-08-05T00:00:00+00:00, run_after=2022-08-06T00:00:00+00:00
[2022-08-06 03:40:41,447] {processor.py:161} INFO - Processing /home/airflow/.local/lib/python3.7/site-packages/airflow/example_dags/example_branch_operator_decorator.py took 0.103 seconds
[2022-08-06 03:41:12,249] {processor.py:153} INFO - Started process (PID=10239) to work on /home/airflow/.local/lib/python3.7/site-packages/airflow/example_dags/example_branch_operator_decorator.py
[2022-08-06 03:41:12,250] {processor.py:641} INFO - Processing file /home/airflow/.local/lib/python3.7/site-packages/airflow/example_dags/example_branch_operator_decorator.py for tasks to queue
[2022-08-06 03:41:12,251] {logging_mixin.py:115} INFO - [2022-08-06 03:41:12,251] {dagbag.py:508} INFO - Filling up the DagBag from /home/airflow/.local/lib/python3.7/site-packages/airflow/example_dags/example_branch_operator_decorator.py
[2022-08-06 03:41:12,276] {processor.py:651} INFO - DAG(s) dict_keys(['example_branch_python_operator_decorator']) retrieved from /home/airflow/.local/lib/python3.7/site-packages/airflow/example_dags/example_branch_operator_decorator.py
[2022-08-06 03:41:12,315] {logging_mixin.py:115} INFO - [2022-08-06 03:41:12,315] {dag.py:2420} INFO - Sync 1 DAGs
[2022-08-06 03:41:12,349] {logging_mixin.py:115} INFO - [2022-08-06 03:41:12,349] {dag.py:2972} INFO - Setting next_dagrun for example_branch_python_operator_decorator to 2022-08-05T00:00:00+00:00, run_after=2022-08-06T00:00:00+00:00
[2022-08-06 03:41:12,376] {processor.py:161} INFO - Processing /home/airflow/.local/lib/python3.7/site-packages/airflow/example_dags/example_branch_operator_decorator.py took 0.131 seconds
[2022-08-06 03:41:42,805] {processor.py:153} INFO - Started process (PID=10440) to work on /home/airflow/.local/lib/python3.7/site-packages/airflow/example_dags/example_branch_operator_decorator.py
[2022-08-06 03:41:42,807] {processor.py:641} INFO - Processing file /home/airflow/.local/lib/python3.7/site-packages/airflow/example_dags/example_branch_operator_decorator.py for tasks to queue
[2022-08-06 03:41:42,808] {logging_mixin.py:115} INFO - [2022-08-06 03:41:42,808] {dagbag.py:508} INFO - Filling up the DagBag from /home/airflow/.local/lib/python3.7/site-packages/airflow/example_dags/example_branch_operator_decorator.py
[2022-08-06 03:41:42,833] {processor.py:651} INFO - DAG(s) dict_keys(['example_branch_python_operator_decorator']) retrieved from /home/airflow/.local/lib/python3.7/site-packages/airflow/example_dags/example_branch_operator_decorator.py
[2022-08-06 03:41:42,869] {logging_mixin.py:115} INFO - [2022-08-06 03:41:42,869] {dag.py:2420} INFO - Sync 1 DAGs
[2022-08-06 03:41:42,902] {logging_mixin.py:115} INFO - [2022-08-06 03:41:42,902] {dag.py:2972} INFO - Setting next_dagrun for example_branch_python_operator_decorator to 2022-08-05T00:00:00+00:00, run_after=2022-08-06T00:00:00+00:00
[2022-08-06 03:41:42,920] {processor.py:161} INFO - Processing /home/airflow/.local/lib/python3.7/site-packages/airflow/example_dags/example_branch_operator_decorator.py took 0.117 seconds
[2022-08-06 03:42:13,132] {processor.py:153} INFO - Started process (PID=10635) to work on /home/airflow/.local/lib/python3.7/site-packages/airflow/example_dags/example_branch_operator_decorator.py
[2022-08-06 03:42:13,133] {processor.py:641} INFO - Processing file /home/airflow/.local/lib/python3.7/site-packages/airflow/example_dags/example_branch_operator_decorator.py for tasks to queue
[2022-08-06 03:42:13,134] {logging_mixin.py:115} INFO - [2022-08-06 03:42:13,134] {dagbag.py:508} INFO - Filling up the DagBag from /home/airflow/.local/lib/python3.7/site-packages/airflow/example_dags/example_branch_operator_decorator.py
[2022-08-06 03:42:13,159] {processor.py:651} INFO - DAG(s) dict_keys(['example_branch_python_operator_decorator']) retrieved from /home/airflow/.local/lib/python3.7/site-packages/airflow/example_dags/example_branch_operator_decorator.py
[2022-08-06 03:42:13,194] {logging_mixin.py:115} INFO - [2022-08-06 03:42:13,194] {dag.py:2420} INFO - Sync 1 DAGs
[2022-08-06 03:42:13,233] {logging_mixin.py:115} INFO - [2022-08-06 03:42:13,233] {dag.py:2972} INFO - Setting next_dagrun for example_branch_python_operator_decorator to 2022-08-05T00:00:00+00:00, run_after=2022-08-06T00:00:00+00:00
[2022-08-06 03:42:13,252] {processor.py:161} INFO - Processing /home/airflow/.local/lib/python3.7/site-packages/airflow/example_dags/example_branch_operator_decorator.py took 0.123 seconds
[2022-08-06 03:42:43,400] {processor.py:153} INFO - Started process (PID=10838) to work on /home/airflow/.local/lib/python3.7/site-packages/airflow/example_dags/example_branch_operator_decorator.py
[2022-08-06 03:42:43,401] {processor.py:641} INFO - Processing file /home/airflow/.local/lib/python3.7/site-packages/airflow/example_dags/example_branch_operator_decorator.py for tasks to queue
[2022-08-06 03:42:43,402] {logging_mixin.py:115} INFO - [2022-08-06 03:42:43,402] {dagbag.py:508} INFO - Filling up the DagBag from /home/airflow/.local/lib/python3.7/site-packages/airflow/example_dags/example_branch_operator_decorator.py
[2022-08-06 03:42:43,424] {processor.py:651} INFO - DAG(s) dict_keys(['example_branch_python_operator_decorator']) retrieved from /home/airflow/.local/lib/python3.7/site-packages/airflow/example_dags/example_branch_operator_decorator.py
[2022-08-06 03:42:43,457] {logging_mixin.py:115} INFO - [2022-08-06 03:42:43,456] {dag.py:2420} INFO - Sync 1 DAGs
[2022-08-06 03:42:43,489] {logging_mixin.py:115} INFO - [2022-08-06 03:42:43,489] {dag.py:2972} INFO - Setting next_dagrun for example_branch_python_operator_decorator to 2022-08-05T00:00:00+00:00, run_after=2022-08-06T00:00:00+00:00
[2022-08-06 03:42:43,505] {processor.py:161} INFO - Processing /home/airflow/.local/lib/python3.7/site-packages/airflow/example_dags/example_branch_operator_decorator.py took 0.107 seconds
[2022-08-06 03:43:13,834] {processor.py:153} INFO - Started process (PID=11032) to work on /home/airflow/.local/lib/python3.7/site-packages/airflow/example_dags/example_branch_operator_decorator.py
[2022-08-06 03:43:13,835] {processor.py:641} INFO - Processing file /home/airflow/.local/lib/python3.7/site-packages/airflow/example_dags/example_branch_operator_decorator.py for tasks to queue
[2022-08-06 03:43:13,836] {logging_mixin.py:115} INFO - [2022-08-06 03:43:13,836] {dagbag.py:508} INFO - Filling up the DagBag from /home/airflow/.local/lib/python3.7/site-packages/airflow/example_dags/example_branch_operator_decorator.py
[2022-08-06 03:43:13,868] {processor.py:651} INFO - DAG(s) dict_keys(['example_branch_python_operator_decorator']) retrieved from /home/airflow/.local/lib/python3.7/site-packages/airflow/example_dags/example_branch_operator_decorator.py
[2022-08-06 03:43:13,904] {logging_mixin.py:115} INFO - [2022-08-06 03:43:13,904] {dag.py:2420} INFO - Sync 1 DAGs
[2022-08-06 03:43:13,938] {logging_mixin.py:115} INFO - [2022-08-06 03:43:13,938] {dag.py:2972} INFO - Setting next_dagrun for example_branch_python_operator_decorator to 2022-08-05T00:00:00+00:00, run_after=2022-08-06T00:00:00+00:00
[2022-08-06 03:43:13,962] {processor.py:161} INFO - Processing /home/airflow/.local/lib/python3.7/site-packages/airflow/example_dags/example_branch_operator_decorator.py took 0.134 seconds
[2022-08-06 03:43:44,401] {processor.py:153} INFO - Started process (PID=11235) to work on /home/airflow/.local/lib/python3.7/site-packages/airflow/example_dags/example_branch_operator_decorator.py
[2022-08-06 03:43:44,402] {processor.py:641} INFO - Processing file /home/airflow/.local/lib/python3.7/site-packages/airflow/example_dags/example_branch_operator_decorator.py for tasks to queue
[2022-08-06 03:43:44,403] {logging_mixin.py:115} INFO - [2022-08-06 03:43:44,403] {dagbag.py:508} INFO - Filling up the DagBag from /home/airflow/.local/lib/python3.7/site-packages/airflow/example_dags/example_branch_operator_decorator.py
[2022-08-06 03:43:44,425] {processor.py:651} INFO - DAG(s) dict_keys(['example_branch_python_operator_decorator']) retrieved from /home/airflow/.local/lib/python3.7/site-packages/airflow/example_dags/example_branch_operator_decorator.py
[2022-08-06 03:43:44,455] {logging_mixin.py:115} INFO - [2022-08-06 03:43:44,455] {dag.py:2420} INFO - Sync 1 DAGs
[2022-08-06 03:43:44,486] {logging_mixin.py:115} INFO - [2022-08-06 03:43:44,486] {dag.py:2972} INFO - Setting next_dagrun for example_branch_python_operator_decorator to 2022-08-05T00:00:00+00:00, run_after=2022-08-06T00:00:00+00:00
[2022-08-06 03:43:44,503] {processor.py:161} INFO - Processing /home/airflow/.local/lib/python3.7/site-packages/airflow/example_dags/example_branch_operator_decorator.py took 0.104 seconds
[2022-08-06 03:44:14,687] {processor.py:153} INFO - Started process (PID=11429) to work on /home/airflow/.local/lib/python3.7/site-packages/airflow/example_dags/example_branch_operator_decorator.py
[2022-08-06 03:44:14,688] {processor.py:641} INFO - Processing file /home/airflow/.local/lib/python3.7/site-packages/airflow/example_dags/example_branch_operator_decorator.py for tasks to queue
[2022-08-06 03:44:14,689] {logging_mixin.py:115} INFO - [2022-08-06 03:44:14,689] {dagbag.py:508} INFO - Filling up the DagBag from /home/airflow/.local/lib/python3.7/site-packages/airflow/example_dags/example_branch_operator_decorator.py
[2022-08-06 03:44:14,718] {processor.py:651} INFO - DAG(s) dict_keys(['example_branch_python_operator_decorator']) retrieved from /home/airflow/.local/lib/python3.7/site-packages/airflow/example_dags/example_branch_operator_decorator.py
[2022-08-06 03:44:14,757] {logging_mixin.py:115} INFO - [2022-08-06 03:44:14,757] {dag.py:2420} INFO - Sync 1 DAGs
[2022-08-06 03:44:14,792] {logging_mixin.py:115} INFO - [2022-08-06 03:44:14,792] {dag.py:2972} INFO - Setting next_dagrun for example_branch_python_operator_decorator to 2022-08-05T00:00:00+00:00, run_after=2022-08-06T00:00:00+00:00
[2022-08-06 03:44:14,813] {processor.py:161} INFO - Processing /home/airflow/.local/lib/python3.7/site-packages/airflow/example_dags/example_branch_operator_decorator.py took 0.129 seconds
[2022-08-06 03:44:45,284] {processor.py:153} INFO - Started process (PID=11632) to work on /home/airflow/.local/lib/python3.7/site-packages/airflow/example_dags/example_branch_operator_decorator.py
[2022-08-06 03:44:45,285] {processor.py:641} INFO - Processing file /home/airflow/.local/lib/python3.7/site-packages/airflow/example_dags/example_branch_operator_decorator.py for tasks to queue
[2022-08-06 03:44:45,286] {logging_mixin.py:115} INFO - [2022-08-06 03:44:45,286] {dagbag.py:508} INFO - Filling up the DagBag from /home/airflow/.local/lib/python3.7/site-packages/airflow/example_dags/example_branch_operator_decorator.py
[2022-08-06 03:44:45,310] {processor.py:651} INFO - DAG(s) dict_keys(['example_branch_python_operator_decorator']) retrieved from /home/airflow/.local/lib/python3.7/site-packages/airflow/example_dags/example_branch_operator_decorator.py
[2022-08-06 03:44:45,339] {logging_mixin.py:115} INFO - [2022-08-06 03:44:45,339] {dag.py:2420} INFO - Sync 1 DAGs
[2022-08-06 03:44:45,374] {logging_mixin.py:115} INFO - [2022-08-06 03:44:45,374] {dag.py:2972} INFO - Setting next_dagrun for example_branch_python_operator_decorator to 2022-08-05T00:00:00+00:00, run_after=2022-08-06T00:00:00+00:00
[2022-08-06 03:44:45,418] {processor.py:161} INFO - Processing /home/airflow/.local/lib/python3.7/site-packages/airflow/example_dags/example_branch_operator_decorator.py took 0.137 seconds
[2022-08-06 03:45:15,830] {processor.py:153} INFO - Started process (PID=11826) to work on /home/airflow/.local/lib/python3.7/site-packages/airflow/example_dags/example_branch_operator_decorator.py
[2022-08-06 03:45:15,831] {processor.py:641} INFO - Processing file /home/airflow/.local/lib/python3.7/site-packages/airflow/example_dags/example_branch_operator_decorator.py for tasks to queue
[2022-08-06 03:45:15,832] {logging_mixin.py:115} INFO - [2022-08-06 03:45:15,832] {dagbag.py:508} INFO - Filling up the DagBag from /home/airflow/.local/lib/python3.7/site-packages/airflow/example_dags/example_branch_operator_decorator.py
[2022-08-06 03:45:15,858] {processor.py:651} INFO - DAG(s) dict_keys(['example_branch_python_operator_decorator']) retrieved from /home/airflow/.local/lib/python3.7/site-packages/airflow/example_dags/example_branch_operator_decorator.py
[2022-08-06 03:45:15,899] {logging_mixin.py:115} INFO - [2022-08-06 03:45:15,898] {dag.py:2420} INFO - Sync 1 DAGs
[2022-08-06 03:45:15,934] {logging_mixin.py:115} INFO - [2022-08-06 03:45:15,933] {dag.py:2972} INFO - Setting next_dagrun for example_branch_python_operator_decorator to 2022-08-05T00:00:00+00:00, run_after=2022-08-06T00:00:00+00:00
[2022-08-06 03:45:15,956] {processor.py:161} INFO - Processing /home/airflow/.local/lib/python3.7/site-packages/airflow/example_dags/example_branch_operator_decorator.py took 0.130 seconds
[2022-08-06 03:45:46,126] {processor.py:153} INFO - Started process (PID=12030) to work on /home/airflow/.local/lib/python3.7/site-packages/airflow/example_dags/example_branch_operator_decorator.py
[2022-08-06 03:45:46,126] {processor.py:641} INFO - Processing file /home/airflow/.local/lib/python3.7/site-packages/airflow/example_dags/example_branch_operator_decorator.py for tasks to queue
[2022-08-06 03:45:46,127] {logging_mixin.py:115} INFO - [2022-08-06 03:45:46,127] {dagbag.py:508} INFO - Filling up the DagBag from /home/airflow/.local/lib/python3.7/site-packages/airflow/example_dags/example_branch_operator_decorator.py
[2022-08-06 03:45:46,157] {processor.py:651} INFO - DAG(s) dict_keys(['example_branch_python_operator_decorator']) retrieved from /home/airflow/.local/lib/python3.7/site-packages/airflow/example_dags/example_branch_operator_decorator.py
[2022-08-06 03:45:46,189] {logging_mixin.py:115} INFO - [2022-08-06 03:45:46,189] {dag.py:2420} INFO - Sync 1 DAGs
[2022-08-06 03:45:46,217] {logging_mixin.py:115} INFO - [2022-08-06 03:45:46,217] {dag.py:2972} INFO - Setting next_dagrun for example_branch_python_operator_decorator to 2022-08-05T00:00:00+00:00, run_after=2022-08-06T00:00:00+00:00
[2022-08-06 03:45:46,235] {processor.py:161} INFO - Processing /home/airflow/.local/lib/python3.7/site-packages/airflow/example_dags/example_branch_operator_decorator.py took 0.112 seconds
[2022-08-06 03:46:16,492] {processor.py:153} INFO - Started process (PID=12224) to work on /home/airflow/.local/lib/python3.7/site-packages/airflow/example_dags/example_branch_operator_decorator.py
[2022-08-06 03:46:16,492] {processor.py:641} INFO - Processing file /home/airflow/.local/lib/python3.7/site-packages/airflow/example_dags/example_branch_operator_decorator.py for tasks to queue
[2022-08-06 03:46:16,493] {logging_mixin.py:115} INFO - [2022-08-06 03:46:16,493] {dagbag.py:508} INFO - Filling up the DagBag from /home/airflow/.local/lib/python3.7/site-packages/airflow/example_dags/example_branch_operator_decorator.py
[2022-08-06 03:46:16,520] {processor.py:651} INFO - DAG(s) dict_keys(['example_branch_python_operator_decorator']) retrieved from /home/airflow/.local/lib/python3.7/site-packages/airflow/example_dags/example_branch_operator_decorator.py
[2022-08-06 03:46:16,554] {logging_mixin.py:115} INFO - [2022-08-06 03:46:16,554] {dag.py:2420} INFO - Sync 1 DAGs
[2022-08-06 03:46:16,586] {logging_mixin.py:115} INFO - [2022-08-06 03:46:16,586] {dag.py:2972} INFO - Setting next_dagrun for example_branch_python_operator_decorator to 2022-08-05T00:00:00+00:00, run_after=2022-08-06T00:00:00+00:00
[2022-08-06 03:46:16,605] {processor.py:161} INFO - Processing /home/airflow/.local/lib/python3.7/site-packages/airflow/example_dags/example_branch_operator_decorator.py took 0.116 seconds
[2022-08-06 03:46:47,447] {processor.py:153} INFO - Started process (PID=12427) to work on /home/airflow/.local/lib/python3.7/site-packages/airflow/example_dags/example_branch_operator_decorator.py
[2022-08-06 03:46:47,449] {processor.py:641} INFO - Processing file /home/airflow/.local/lib/python3.7/site-packages/airflow/example_dags/example_branch_operator_decorator.py for tasks to queue
[2022-08-06 03:46:47,450] {logging_mixin.py:115} INFO - [2022-08-06 03:46:47,450] {dagbag.py:508} INFO - Filling up the DagBag from /home/airflow/.local/lib/python3.7/site-packages/airflow/example_dags/example_branch_operator_decorator.py
[2022-08-06 03:46:47,485] {processor.py:651} INFO - DAG(s) dict_keys(['example_branch_python_operator_decorator']) retrieved from /home/airflow/.local/lib/python3.7/site-packages/airflow/example_dags/example_branch_operator_decorator.py
[2022-08-06 03:46:47,523] {logging_mixin.py:115} INFO - [2022-08-06 03:46:47,523] {dag.py:2420} INFO - Sync 1 DAGs
[2022-08-06 03:46:47,563] {logging_mixin.py:115} INFO - [2022-08-06 03:46:47,563] {dag.py:2972} INFO - Setting next_dagrun for example_branch_python_operator_decorator to 2022-08-05T00:00:00+00:00, run_after=2022-08-06T00:00:00+00:00
[2022-08-06 03:46:47,584] {processor.py:161} INFO - Processing /home/airflow/.local/lib/python3.7/site-packages/airflow/example_dags/example_branch_operator_decorator.py took 0.142 seconds
[2022-08-06 03:47:17,634] {processor.py:153} INFO - Started process (PID=12621) to work on /home/airflow/.local/lib/python3.7/site-packages/airflow/example_dags/example_branch_operator_decorator.py
[2022-08-06 03:47:17,635] {processor.py:641} INFO - Processing file /home/airflow/.local/lib/python3.7/site-packages/airflow/example_dags/example_branch_operator_decorator.py for tasks to queue
[2022-08-06 03:47:17,635] {logging_mixin.py:115} INFO - [2022-08-06 03:47:17,635] {dagbag.py:508} INFO - Filling up the DagBag from /home/airflow/.local/lib/python3.7/site-packages/airflow/example_dags/example_branch_operator_decorator.py
[2022-08-06 03:47:17,663] {processor.py:651} INFO - DAG(s) dict_keys(['example_branch_python_operator_decorator']) retrieved from /home/airflow/.local/lib/python3.7/site-packages/airflow/example_dags/example_branch_operator_decorator.py
[2022-08-06 03:47:17,699] {logging_mixin.py:115} INFO - [2022-08-06 03:47:17,699] {dag.py:2420} INFO - Sync 1 DAGs
[2022-08-06 03:47:17,740] {logging_mixin.py:115} INFO - [2022-08-06 03:47:17,740] {dag.py:2972} INFO - Setting next_dagrun for example_branch_python_operator_decorator to 2022-08-05T00:00:00+00:00, run_after=2022-08-06T00:00:00+00:00
[2022-08-06 03:47:17,760] {processor.py:161} INFO - Processing /home/airflow/.local/lib/python3.7/site-packages/airflow/example_dags/example_branch_operator_decorator.py took 0.130 seconds
[2022-08-06 03:47:47,938] {processor.py:153} INFO - Started process (PID=12824) to work on /home/airflow/.local/lib/python3.7/site-packages/airflow/example_dags/example_branch_operator_decorator.py
[2022-08-06 03:47:47,939] {processor.py:641} INFO - Processing file /home/airflow/.local/lib/python3.7/site-packages/airflow/example_dags/example_branch_operator_decorator.py for tasks to queue
[2022-08-06 03:47:47,940] {logging_mixin.py:115} INFO - [2022-08-06 03:47:47,940] {dagbag.py:508} INFO - Filling up the DagBag from /home/airflow/.local/lib/python3.7/site-packages/airflow/example_dags/example_branch_operator_decorator.py
[2022-08-06 03:47:47,973] {processor.py:651} INFO - DAG(s) dict_keys(['example_branch_python_operator_decorator']) retrieved from /home/airflow/.local/lib/python3.7/site-packages/airflow/example_dags/example_branch_operator_decorator.py
[2022-08-06 03:47:48,012] {logging_mixin.py:115} INFO - [2022-08-06 03:47:48,012] {dag.py:2420} INFO - Sync 1 DAGs
[2022-08-06 03:47:48,051] {logging_mixin.py:115} INFO - [2022-08-06 03:47:48,050] {dag.py:2972} INFO - Setting next_dagrun for example_branch_python_operator_decorator to 2022-08-05T00:00:00+00:00, run_after=2022-08-06T00:00:00+00:00
[2022-08-06 03:47:48,073] {processor.py:161} INFO - Processing /home/airflow/.local/lib/python3.7/site-packages/airflow/example_dags/example_branch_operator_decorator.py took 0.139 seconds
[2022-08-06 03:48:18,373] {processor.py:153} INFO - Started process (PID=13018) to work on /home/airflow/.local/lib/python3.7/site-packages/airflow/example_dags/example_branch_operator_decorator.py
[2022-08-06 03:48:18,374] {processor.py:641} INFO - Processing file /home/airflow/.local/lib/python3.7/site-packages/airflow/example_dags/example_branch_operator_decorator.py for tasks to queue
[2022-08-06 03:48:18,375] {logging_mixin.py:115} INFO - [2022-08-06 03:48:18,374] {dagbag.py:508} INFO - Filling up the DagBag from /home/airflow/.local/lib/python3.7/site-packages/airflow/example_dags/example_branch_operator_decorator.py
[2022-08-06 03:48:18,402] {processor.py:651} INFO - DAG(s) dict_keys(['example_branch_python_operator_decorator']) retrieved from /home/airflow/.local/lib/python3.7/site-packages/airflow/example_dags/example_branch_operator_decorator.py
[2022-08-06 03:48:18,449] {logging_mixin.py:115} INFO - [2022-08-06 03:48:18,449] {dag.py:2420} INFO - Sync 1 DAGs
[2022-08-06 03:48:18,493] {logging_mixin.py:115} INFO - [2022-08-06 03:48:18,493] {dag.py:2972} INFO - Setting next_dagrun for example_branch_python_operator_decorator to 2022-08-05T00:00:00+00:00, run_after=2022-08-06T00:00:00+00:00
[2022-08-06 03:48:18,514] {processor.py:161} INFO - Processing /home/airflow/.local/lib/python3.7/site-packages/airflow/example_dags/example_branch_operator_decorator.py took 0.145 seconds
[2022-08-06 16:59:49,345] {processor.py:153} INFO - Started process (PID=13225) to work on /home/airflow/.local/lib/python3.7/site-packages/airflow/example_dags/example_branch_operator_decorator.py
[2022-08-06 16:59:49,346] {processor.py:641} INFO - Processing file /home/airflow/.local/lib/python3.7/site-packages/airflow/example_dags/example_branch_operator_decorator.py for tasks to queue
[2022-08-06 16:59:49,348] {logging_mixin.py:115} INFO - [2022-08-06 16:59:49,348] {dagbag.py:508} INFO - Filling up the DagBag from /home/airflow/.local/lib/python3.7/site-packages/airflow/example_dags/example_branch_operator_decorator.py
[2022-08-06 16:59:49,383] {processor.py:651} INFO - DAG(s) dict_keys(['example_branch_python_operator_decorator']) retrieved from /home/airflow/.local/lib/python3.7/site-packages/airflow/example_dags/example_branch_operator_decorator.py
[2022-08-06 16:59:49,437] {logging_mixin.py:115} INFO - [2022-08-06 16:59:49,437] {dag.py:2420} INFO - Sync 1 DAGs
[2022-08-06 16:59:49,527] {logging_mixin.py:115} INFO - [2022-08-06 16:59:49,526] {dag.py:2972} INFO - Setting next_dagrun for example_branch_python_operator_decorator to 2022-08-05T00:00:00+00:00, run_after=2022-08-06T00:00:00+00:00
[2022-08-06 16:59:49,565] {processor.py:161} INFO - Processing /home/airflow/.local/lib/python3.7/site-packages/airflow/example_dags/example_branch_operator_decorator.py took 0.224 seconds
[2022-08-06 17:00:19,798] {processor.py:153} INFO - Started process (PID=13419) to work on /home/airflow/.local/lib/python3.7/site-packages/airflow/example_dags/example_branch_operator_decorator.py
[2022-08-06 17:00:19,799] {processor.py:641} INFO - Processing file /home/airflow/.local/lib/python3.7/site-packages/airflow/example_dags/example_branch_operator_decorator.py for tasks to queue
[2022-08-06 17:00:19,800] {logging_mixin.py:115} INFO - [2022-08-06 17:00:19,800] {dagbag.py:508} INFO - Filling up the DagBag from /home/airflow/.local/lib/python3.7/site-packages/airflow/example_dags/example_branch_operator_decorator.py
[2022-08-06 17:00:19,821] {processor.py:651} INFO - DAG(s) dict_keys(['example_branch_python_operator_decorator']) retrieved from /home/airflow/.local/lib/python3.7/site-packages/airflow/example_dags/example_branch_operator_decorator.py
[2022-08-06 17:00:19,853] {logging_mixin.py:115} INFO - [2022-08-06 17:00:19,853] {dag.py:2420} INFO - Sync 1 DAGs
[2022-08-06 17:00:19,880] {logging_mixin.py:115} INFO - [2022-08-06 17:00:19,880] {dag.py:2972} INFO - Setting next_dagrun for example_branch_python_operator_decorator to 2022-08-05T00:00:00+00:00, run_after=2022-08-06T00:00:00+00:00
[2022-08-06 17:00:19,900] {processor.py:161} INFO - Processing /home/airflow/.local/lib/python3.7/site-packages/airflow/example_dags/example_branch_operator_decorator.py took 0.105 seconds
[2022-08-06 17:00:50,740] {processor.py:153} INFO - Started process (PID=13624) to work on /home/airflow/.local/lib/python3.7/site-packages/airflow/example_dags/example_branch_operator_decorator.py
[2022-08-06 17:00:50,741] {processor.py:641} INFO - Processing file /home/airflow/.local/lib/python3.7/site-packages/airflow/example_dags/example_branch_operator_decorator.py for tasks to queue
[2022-08-06 17:00:50,741] {logging_mixin.py:115} INFO - [2022-08-06 17:00:50,741] {dagbag.py:508} INFO - Filling up the DagBag from /home/airflow/.local/lib/python3.7/site-packages/airflow/example_dags/example_branch_operator_decorator.py
[2022-08-06 17:00:50,765] {processor.py:651} INFO - DAG(s) dict_keys(['example_branch_python_operator_decorator']) retrieved from /home/airflow/.local/lib/python3.7/site-packages/airflow/example_dags/example_branch_operator_decorator.py
[2022-08-06 17:00:50,797] {logging_mixin.py:115} INFO - [2022-08-06 17:00:50,797] {dag.py:2420} INFO - Sync 1 DAGs
[2022-08-06 17:00:50,821] {logging_mixin.py:115} INFO - [2022-08-06 17:00:50,821] {dag.py:2972} INFO - Setting next_dagrun for example_branch_python_operator_decorator to 2022-08-05T00:00:00+00:00, run_after=2022-08-06T00:00:00+00:00
[2022-08-06 17:00:50,836] {processor.py:161} INFO - Processing /home/airflow/.local/lib/python3.7/site-packages/airflow/example_dags/example_branch_operator_decorator.py took 0.101 seconds
[2022-08-06 17:01:21,550] {processor.py:153} INFO - Started process (PID=13824) to work on /home/airflow/.local/lib/python3.7/site-packages/airflow/example_dags/example_branch_operator_decorator.py
[2022-08-06 17:01:21,551] {processor.py:641} INFO - Processing file /home/airflow/.local/lib/python3.7/site-packages/airflow/example_dags/example_branch_operator_decorator.py for tasks to queue
[2022-08-06 17:01:21,553] {logging_mixin.py:115} INFO - [2022-08-06 17:01:21,553] {dagbag.py:508} INFO - Filling up the DagBag from /home/airflow/.local/lib/python3.7/site-packages/airflow/example_dags/example_branch_operator_decorator.py
[2022-08-06 17:01:21,583] {processor.py:651} INFO - DAG(s) dict_keys(['example_branch_python_operator_decorator']) retrieved from /home/airflow/.local/lib/python3.7/site-packages/airflow/example_dags/example_branch_operator_decorator.py
[2022-08-06 17:01:21,623] {logging_mixin.py:115} INFO - [2022-08-06 17:01:21,622] {dag.py:2420} INFO - Sync 1 DAGs
[2022-08-06 17:01:21,659] {logging_mixin.py:115} INFO - [2022-08-06 17:01:21,659] {dag.py:2972} INFO - Setting next_dagrun for example_branch_python_operator_decorator to 2022-08-05T00:00:00+00:00, run_after=2022-08-06T00:00:00+00:00
[2022-08-06 17:01:21,679] {processor.py:161} INFO - Processing /home/airflow/.local/lib/python3.7/site-packages/airflow/example_dags/example_branch_operator_decorator.py took 0.133 seconds
[2022-08-06 17:01:51,818] {processor.py:153} INFO - Started process (PID=14020) to work on /home/airflow/.local/lib/python3.7/site-packages/airflow/example_dags/example_branch_operator_decorator.py
[2022-08-06 17:01:51,819] {processor.py:641} INFO - Processing file /home/airflow/.local/lib/python3.7/site-packages/airflow/example_dags/example_branch_operator_decorator.py for tasks to queue
[2022-08-06 17:01:51,820] {logging_mixin.py:115} INFO - [2022-08-06 17:01:51,820] {dagbag.py:508} INFO - Filling up the DagBag from /home/airflow/.local/lib/python3.7/site-packages/airflow/example_dags/example_branch_operator_decorator.py
[2022-08-06 17:01:51,844] {processor.py:651} INFO - DAG(s) dict_keys(['example_branch_python_operator_decorator']) retrieved from /home/airflow/.local/lib/python3.7/site-packages/airflow/example_dags/example_branch_operator_decorator.py
[2022-08-06 17:01:51,879] {logging_mixin.py:115} INFO - [2022-08-06 17:01:51,879] {dag.py:2420} INFO - Sync 1 DAGs
[2022-08-06 17:01:51,908] {logging_mixin.py:115} INFO - [2022-08-06 17:01:51,908] {dag.py:2972} INFO - Setting next_dagrun for example_branch_python_operator_decorator to 2022-08-05T00:00:00+00:00, run_after=2022-08-06T00:00:00+00:00
[2022-08-06 17:01:51,928] {processor.py:161} INFO - Processing /home/airflow/.local/lib/python3.7/site-packages/airflow/example_dags/example_branch_operator_decorator.py took 0.114 seconds
[2022-08-06 17:02:22,604] {processor.py:153} INFO - Started process (PID=14214) to work on /home/airflow/.local/lib/python3.7/site-packages/airflow/example_dags/example_branch_operator_decorator.py
[2022-08-06 17:02:22,605] {processor.py:641} INFO - Processing file /home/airflow/.local/lib/python3.7/site-packages/airflow/example_dags/example_branch_operator_decorator.py for tasks to queue
[2022-08-06 17:02:22,606] {logging_mixin.py:115} INFO - [2022-08-06 17:02:22,606] {dagbag.py:508} INFO - Filling up the DagBag from /home/airflow/.local/lib/python3.7/site-packages/airflow/example_dags/example_branch_operator_decorator.py
[2022-08-06 17:02:22,628] {processor.py:651} INFO - DAG(s) dict_keys(['example_branch_python_operator_decorator']) retrieved from /home/airflow/.local/lib/python3.7/site-packages/airflow/example_dags/example_branch_operator_decorator.py
[2022-08-06 17:02:22,666] {logging_mixin.py:115} INFO - [2022-08-06 17:02:22,666] {dag.py:2420} INFO - Sync 1 DAGs
[2022-08-06 17:02:22,713] {logging_mixin.py:115} INFO - [2022-08-06 17:02:22,713] {dag.py:2972} INFO - Setting next_dagrun for example_branch_python_operator_decorator to 2022-08-05T00:00:00+00:00, run_after=2022-08-06T00:00:00+00:00
[2022-08-06 17:02:22,755] {processor.py:161} INFO - Processing /home/airflow/.local/lib/python3.7/site-packages/airflow/example_dags/example_branch_operator_decorator.py took 0.155 seconds
[2022-08-06 17:02:53,771] {processor.py:153} INFO - Started process (PID=14417) to work on /home/airflow/.local/lib/python3.7/site-packages/airflow/example_dags/example_branch_operator_decorator.py
[2022-08-06 17:02:53,771] {processor.py:641} INFO - Processing file /home/airflow/.local/lib/python3.7/site-packages/airflow/example_dags/example_branch_operator_decorator.py for tasks to queue
[2022-08-06 17:02:53,772] {logging_mixin.py:115} INFO - [2022-08-06 17:02:53,772] {dagbag.py:508} INFO - Filling up the DagBag from /home/airflow/.local/lib/python3.7/site-packages/airflow/example_dags/example_branch_operator_decorator.py
[2022-08-06 17:02:53,797] {processor.py:651} INFO - DAG(s) dict_keys(['example_branch_python_operator_decorator']) retrieved from /home/airflow/.local/lib/python3.7/site-packages/airflow/example_dags/example_branch_operator_decorator.py
[2022-08-06 17:02:53,834] {logging_mixin.py:115} INFO - [2022-08-06 17:02:53,833] {dag.py:2420} INFO - Sync 1 DAGs
[2022-08-06 17:02:53,870] {logging_mixin.py:115} INFO - [2022-08-06 17:02:53,870] {dag.py:2972} INFO - Setting next_dagrun for example_branch_python_operator_decorator to 2022-08-05T00:00:00+00:00, run_after=2022-08-06T00:00:00+00:00
[2022-08-06 17:02:53,890] {processor.py:161} INFO - Processing /home/airflow/.local/lib/python3.7/site-packages/airflow/example_dags/example_branch_operator_decorator.py took 0.123 seconds
[2022-08-06 17:03:24,176] {processor.py:153} INFO - Started process (PID=14616) to work on /home/airflow/.local/lib/python3.7/site-packages/airflow/example_dags/example_branch_operator_decorator.py
[2022-08-06 17:03:24,178] {processor.py:641} INFO - Processing file /home/airflow/.local/lib/python3.7/site-packages/airflow/example_dags/example_branch_operator_decorator.py for tasks to queue
[2022-08-06 17:03:24,179] {logging_mixin.py:115} INFO - [2022-08-06 17:03:24,179] {dagbag.py:508} INFO - Filling up the DagBag from /home/airflow/.local/lib/python3.7/site-packages/airflow/example_dags/example_branch_operator_decorator.py
[2022-08-06 17:03:24,220] {processor.py:651} INFO - DAG(s) dict_keys(['example_branch_python_operator_decorator']) retrieved from /home/airflow/.local/lib/python3.7/site-packages/airflow/example_dags/example_branch_operator_decorator.py
[2022-08-06 17:03:24,263] {logging_mixin.py:115} INFO - [2022-08-06 17:03:24,263] {dag.py:2420} INFO - Sync 1 DAGs
[2022-08-06 17:03:24,312] {logging_mixin.py:115} INFO - [2022-08-06 17:03:24,312] {dag.py:2972} INFO - Setting next_dagrun for example_branch_python_operator_decorator to 2022-08-05T00:00:00+00:00, run_after=2022-08-06T00:00:00+00:00
[2022-08-06 17:03:24,336] {processor.py:161} INFO - Processing /home/airflow/.local/lib/python3.7/site-packages/airflow/example_dags/example_branch_operator_decorator.py took 0.168 seconds
[2022-08-06 17:03:54,446] {processor.py:153} INFO - Started process (PID=14808) to work on /home/airflow/.local/lib/python3.7/site-packages/airflow/example_dags/example_branch_operator_decorator.py
[2022-08-06 17:03:54,447] {processor.py:641} INFO - Processing file /home/airflow/.local/lib/python3.7/site-packages/airflow/example_dags/example_branch_operator_decorator.py for tasks to queue
[2022-08-06 17:03:54,448] {logging_mixin.py:115} INFO - [2022-08-06 17:03:54,448] {dagbag.py:508} INFO - Filling up the DagBag from /home/airflow/.local/lib/python3.7/site-packages/airflow/example_dags/example_branch_operator_decorator.py
[2022-08-06 17:03:54,476] {processor.py:651} INFO - DAG(s) dict_keys(['example_branch_python_operator_decorator']) retrieved from /home/airflow/.local/lib/python3.7/site-packages/airflow/example_dags/example_branch_operator_decorator.py
[2022-08-06 17:03:54,515] {logging_mixin.py:115} INFO - [2022-08-06 17:03:54,514] {dag.py:2420} INFO - Sync 1 DAGs
[2022-08-06 17:03:54,555] {logging_mixin.py:115} INFO - [2022-08-06 17:03:54,555] {dag.py:2972} INFO - Setting next_dagrun for example_branch_python_operator_decorator to 2022-08-05T00:00:00+00:00, run_after=2022-08-06T00:00:00+00:00
[2022-08-06 17:03:54,580] {processor.py:161} INFO - Processing /home/airflow/.local/lib/python3.7/site-packages/airflow/example_dags/example_branch_operator_decorator.py took 0.137 seconds
[2022-08-06 17:04:25,500] {processor.py:153} INFO - Started process (PID=15009) to work on /home/airflow/.local/lib/python3.7/site-packages/airflow/example_dags/example_branch_operator_decorator.py
[2022-08-06 17:04:25,501] {processor.py:641} INFO - Processing file /home/airflow/.local/lib/python3.7/site-packages/airflow/example_dags/example_branch_operator_decorator.py for tasks to queue
[2022-08-06 17:04:25,502] {logging_mixin.py:115} INFO - [2022-08-06 17:04:25,502] {dagbag.py:508} INFO - Filling up the DagBag from /home/airflow/.local/lib/python3.7/site-packages/airflow/example_dags/example_branch_operator_decorator.py
[2022-08-06 17:04:25,530] {processor.py:651} INFO - DAG(s) dict_keys(['example_branch_python_operator_decorator']) retrieved from /home/airflow/.local/lib/python3.7/site-packages/airflow/example_dags/example_branch_operator_decorator.py
[2022-08-06 17:04:25,570] {logging_mixin.py:115} INFO - [2022-08-06 17:04:25,570] {dag.py:2420} INFO - Sync 1 DAGs
[2022-08-06 17:04:25,620] {logging_mixin.py:115} INFO - [2022-08-06 17:04:25,620] {dag.py:2972} INFO - Setting next_dagrun for example_branch_python_operator_decorator to 2022-08-05T00:00:00+00:00, run_after=2022-08-06T00:00:00+00:00
[2022-08-06 17:04:25,649] {processor.py:161} INFO - Processing /home/airflow/.local/lib/python3.7/site-packages/airflow/example_dags/example_branch_operator_decorator.py took 0.153 seconds
[2022-08-06 17:04:56,533] {processor.py:153} INFO - Started process (PID=15205) to work on /home/airflow/.local/lib/python3.7/site-packages/airflow/example_dags/example_branch_operator_decorator.py
[2022-08-06 17:04:56,533] {processor.py:641} INFO - Processing file /home/airflow/.local/lib/python3.7/site-packages/airflow/example_dags/example_branch_operator_decorator.py for tasks to queue
[2022-08-06 17:04:56,535] {logging_mixin.py:115} INFO - [2022-08-06 17:04:56,535] {dagbag.py:508} INFO - Filling up the DagBag from /home/airflow/.local/lib/python3.7/site-packages/airflow/example_dags/example_branch_operator_decorator.py
[2022-08-06 17:04:56,562] {processor.py:651} INFO - DAG(s) dict_keys(['example_branch_python_operator_decorator']) retrieved from /home/airflow/.local/lib/python3.7/site-packages/airflow/example_dags/example_branch_operator_decorator.py
[2022-08-06 17:04:56,597] {logging_mixin.py:115} INFO - [2022-08-06 17:04:56,596] {dag.py:2420} INFO - Sync 1 DAGs
[2022-08-06 17:04:56,627] {logging_mixin.py:115} INFO - [2022-08-06 17:04:56,627] {dag.py:2972} INFO - Setting next_dagrun for example_branch_python_operator_decorator to 2022-08-05T00:00:00+00:00, run_after=2022-08-06T00:00:00+00:00
[2022-08-06 17:04:56,646] {processor.py:161} INFO - Processing /home/airflow/.local/lib/python3.7/site-packages/airflow/example_dags/example_branch_operator_decorator.py took 0.118 seconds
[2022-08-06 17:05:27,281] {processor.py:153} INFO - Started process (PID=15408) to work on /home/airflow/.local/lib/python3.7/site-packages/airflow/example_dags/example_branch_operator_decorator.py
[2022-08-06 17:05:27,282] {processor.py:641} INFO - Processing file /home/airflow/.local/lib/python3.7/site-packages/airflow/example_dags/example_branch_operator_decorator.py for tasks to queue
[2022-08-06 17:05:27,283] {logging_mixin.py:115} INFO - [2022-08-06 17:05:27,283] {dagbag.py:508} INFO - Filling up the DagBag from /home/airflow/.local/lib/python3.7/site-packages/airflow/example_dags/example_branch_operator_decorator.py
[2022-08-06 17:05:27,310] {processor.py:651} INFO - DAG(s) dict_keys(['example_branch_python_operator_decorator']) retrieved from /home/airflow/.local/lib/python3.7/site-packages/airflow/example_dags/example_branch_operator_decorator.py
[2022-08-06 17:05:27,344] {logging_mixin.py:115} INFO - [2022-08-06 17:05:27,344] {dag.py:2420} INFO - Sync 1 DAGs
[2022-08-06 17:05:27,377] {logging_mixin.py:115} INFO - [2022-08-06 17:05:27,377] {dag.py:2972} INFO - Setting next_dagrun for example_branch_python_operator_decorator to 2022-08-05T00:00:00+00:00, run_after=2022-08-06T00:00:00+00:00
[2022-08-06 17:05:27,398] {processor.py:161} INFO - Processing /home/airflow/.local/lib/python3.7/site-packages/airflow/example_dags/example_branch_operator_decorator.py took 0.120 seconds
[2022-08-06 17:05:58,264] {processor.py:153} INFO - Started process (PID=15602) to work on /home/airflow/.local/lib/python3.7/site-packages/airflow/example_dags/example_branch_operator_decorator.py
[2022-08-06 17:05:58,265] {processor.py:641} INFO - Processing file /home/airflow/.local/lib/python3.7/site-packages/airflow/example_dags/example_branch_operator_decorator.py for tasks to queue
[2022-08-06 17:05:58,266] {logging_mixin.py:115} INFO - [2022-08-06 17:05:58,266] {dagbag.py:508} INFO - Filling up the DagBag from /home/airflow/.local/lib/python3.7/site-packages/airflow/example_dags/example_branch_operator_decorator.py
[2022-08-06 17:05:58,294] {processor.py:651} INFO - DAG(s) dict_keys(['example_branch_python_operator_decorator']) retrieved from /home/airflow/.local/lib/python3.7/site-packages/airflow/example_dags/example_branch_operator_decorator.py
[2022-08-06 17:05:58,330] {logging_mixin.py:115} INFO - [2022-08-06 17:05:58,330] {dag.py:2420} INFO - Sync 1 DAGs
[2022-08-06 17:05:58,364] {logging_mixin.py:115} INFO - [2022-08-06 17:05:58,363] {dag.py:2972} INFO - Setting next_dagrun for example_branch_python_operator_decorator to 2022-08-05T00:00:00+00:00, run_after=2022-08-06T00:00:00+00:00
[2022-08-06 17:05:58,384] {processor.py:161} INFO - Processing /home/airflow/.local/lib/python3.7/site-packages/airflow/example_dags/example_branch_operator_decorator.py took 0.123 seconds
[2022-08-06 17:06:29,344] {processor.py:153} INFO - Started process (PID=15807) to work on /home/airflow/.local/lib/python3.7/site-packages/airflow/example_dags/example_branch_operator_decorator.py
[2022-08-06 17:06:29,345] {processor.py:641} INFO - Processing file /home/airflow/.local/lib/python3.7/site-packages/airflow/example_dags/example_branch_operator_decorator.py for tasks to queue
[2022-08-06 17:06:29,346] {logging_mixin.py:115} INFO - [2022-08-06 17:06:29,346] {dagbag.py:508} INFO - Filling up the DagBag from /home/airflow/.local/lib/python3.7/site-packages/airflow/example_dags/example_branch_operator_decorator.py
[2022-08-06 17:06:29,369] {processor.py:651} INFO - DAG(s) dict_keys(['example_branch_python_operator_decorator']) retrieved from /home/airflow/.local/lib/python3.7/site-packages/airflow/example_dags/example_branch_operator_decorator.py
[2022-08-06 17:06:29,398] {logging_mixin.py:115} INFO - [2022-08-06 17:06:29,398] {dag.py:2420} INFO - Sync 1 DAGs
[2022-08-06 17:06:29,426] {logging_mixin.py:115} INFO - [2022-08-06 17:06:29,426] {dag.py:2972} INFO - Setting next_dagrun for example_branch_python_operator_decorator to 2022-08-05T00:00:00+00:00, run_after=2022-08-06T00:00:00+00:00
[2022-08-06 17:06:29,441] {processor.py:161} INFO - Processing /home/airflow/.local/lib/python3.7/site-packages/airflow/example_dags/example_branch_operator_decorator.py took 0.100 seconds
[2022-08-06 17:07:00,291] {processor.py:153} INFO - Started process (PID=16000) to work on /home/airflow/.local/lib/python3.7/site-packages/airflow/example_dags/example_branch_operator_decorator.py
[2022-08-06 17:07:00,292] {processor.py:641} INFO - Processing file /home/airflow/.local/lib/python3.7/site-packages/airflow/example_dags/example_branch_operator_decorator.py for tasks to queue
[2022-08-06 17:07:00,293] {logging_mixin.py:115} INFO - [2022-08-06 17:07:00,293] {dagbag.py:508} INFO - Filling up the DagBag from /home/airflow/.local/lib/python3.7/site-packages/airflow/example_dags/example_branch_operator_decorator.py
[2022-08-06 17:07:00,321] {processor.py:651} INFO - DAG(s) dict_keys(['example_branch_python_operator_decorator']) retrieved from /home/airflow/.local/lib/python3.7/site-packages/airflow/example_dags/example_branch_operator_decorator.py
[2022-08-06 17:07:00,353] {logging_mixin.py:115} INFO - [2022-08-06 17:07:00,353] {dag.py:2420} INFO - Sync 1 DAGs
[2022-08-06 17:07:00,383] {logging_mixin.py:115} INFO - [2022-08-06 17:07:00,383] {dag.py:2972} INFO - Setting next_dagrun for example_branch_python_operator_decorator to 2022-08-05T00:00:00+00:00, run_after=2022-08-06T00:00:00+00:00
[2022-08-06 17:07:00,402] {processor.py:161} INFO - Processing /home/airflow/.local/lib/python3.7/site-packages/airflow/example_dags/example_branch_operator_decorator.py took 0.115 seconds
[2022-08-06 17:07:30,564] {processor.py:153} INFO - Started process (PID=16206) to work on /home/airflow/.local/lib/python3.7/site-packages/airflow/example_dags/example_branch_operator_decorator.py
[2022-08-06 17:07:30,565] {processor.py:641} INFO - Processing file /home/airflow/.local/lib/python3.7/site-packages/airflow/example_dags/example_branch_operator_decorator.py for tasks to queue
[2022-08-06 17:07:30,566] {logging_mixin.py:115} INFO - [2022-08-06 17:07:30,566] {dagbag.py:508} INFO - Filling up the DagBag from /home/airflow/.local/lib/python3.7/site-packages/airflow/example_dags/example_branch_operator_decorator.py
[2022-08-06 17:07:30,595] {processor.py:651} INFO - DAG(s) dict_keys(['example_branch_python_operator_decorator']) retrieved from /home/airflow/.local/lib/python3.7/site-packages/airflow/example_dags/example_branch_operator_decorator.py
[2022-08-06 17:07:30,634] {logging_mixin.py:115} INFO - [2022-08-06 17:07:30,634] {dag.py:2420} INFO - Sync 1 DAGs
[2022-08-06 17:07:30,669] {logging_mixin.py:115} INFO - [2022-08-06 17:07:30,668] {dag.py:2972} INFO - Setting next_dagrun for example_branch_python_operator_decorator to 2022-08-05T00:00:00+00:00, run_after=2022-08-06T00:00:00+00:00
[2022-08-06 17:07:30,687] {processor.py:161} INFO - Processing /home/airflow/.local/lib/python3.7/site-packages/airflow/example_dags/example_branch_operator_decorator.py took 0.127 seconds
[2022-08-06 17:08:00,923] {processor.py:153} INFO - Started process (PID=16395) to work on /home/airflow/.local/lib/python3.7/site-packages/airflow/example_dags/example_branch_operator_decorator.py
[2022-08-06 17:08:00,925] {processor.py:641} INFO - Processing file /home/airflow/.local/lib/python3.7/site-packages/airflow/example_dags/example_branch_operator_decorator.py for tasks to queue
[2022-08-06 17:08:00,926] {logging_mixin.py:115} INFO - [2022-08-06 17:08:00,926] {dagbag.py:508} INFO - Filling up the DagBag from /home/airflow/.local/lib/python3.7/site-packages/airflow/example_dags/example_branch_operator_decorator.py
[2022-08-06 17:08:00,964] {processor.py:651} INFO - DAG(s) dict_keys(['example_branch_python_operator_decorator']) retrieved from /home/airflow/.local/lib/python3.7/site-packages/airflow/example_dags/example_branch_operator_decorator.py
[2022-08-06 17:08:01,012] {logging_mixin.py:115} INFO - [2022-08-06 17:08:01,012] {dag.py:2420} INFO - Sync 1 DAGs
[2022-08-06 17:08:01,052] {logging_mixin.py:115} INFO - [2022-08-06 17:08:01,052] {dag.py:2972} INFO - Setting next_dagrun for example_branch_python_operator_decorator to 2022-08-05T00:00:00+00:00, run_after=2022-08-06T00:00:00+00:00
[2022-08-06 17:08:01,089] {processor.py:161} INFO - Processing /home/airflow/.local/lib/python3.7/site-packages/airflow/example_dags/example_branch_operator_decorator.py took 0.172 seconds
[2022-08-06 17:08:31,472] {processor.py:153} INFO - Started process (PID=16598) to work on /home/airflow/.local/lib/python3.7/site-packages/airflow/example_dags/example_branch_operator_decorator.py
[2022-08-06 17:08:31,474] {processor.py:641} INFO - Processing file /home/airflow/.local/lib/python3.7/site-packages/airflow/example_dags/example_branch_operator_decorator.py for tasks to queue
[2022-08-06 17:08:31,475] {logging_mixin.py:115} INFO - [2022-08-06 17:08:31,475] {dagbag.py:508} INFO - Filling up the DagBag from /home/airflow/.local/lib/python3.7/site-packages/airflow/example_dags/example_branch_operator_decorator.py
[2022-08-06 17:08:31,499] {processor.py:651} INFO - DAG(s) dict_keys(['example_branch_python_operator_decorator']) retrieved from /home/airflow/.local/lib/python3.7/site-packages/airflow/example_dags/example_branch_operator_decorator.py
[2022-08-06 17:08:31,530] {logging_mixin.py:115} INFO - [2022-08-06 17:08:31,530] {dag.py:2420} INFO - Sync 1 DAGs
[2022-08-06 17:08:31,559] {logging_mixin.py:115} INFO - [2022-08-06 17:08:31,559] {dag.py:2972} INFO - Setting next_dagrun for example_branch_python_operator_decorator to 2022-08-05T00:00:00+00:00, run_after=2022-08-06T00:00:00+00:00
[2022-08-06 17:08:31,575] {processor.py:161} INFO - Processing /home/airflow/.local/lib/python3.7/site-packages/airflow/example_dags/example_branch_operator_decorator.py took 0.106 seconds
[2022-08-06 17:09:02,321] {processor.py:153} INFO - Started process (PID=16792) to work on /home/airflow/.local/lib/python3.7/site-packages/airflow/example_dags/example_branch_operator_decorator.py
[2022-08-06 17:09:02,322] {processor.py:641} INFO - Processing file /home/airflow/.local/lib/python3.7/site-packages/airflow/example_dags/example_branch_operator_decorator.py for tasks to queue
[2022-08-06 17:09:02,323] {logging_mixin.py:115} INFO - [2022-08-06 17:09:02,323] {dagbag.py:508} INFO - Filling up the DagBag from /home/airflow/.local/lib/python3.7/site-packages/airflow/example_dags/example_branch_operator_decorator.py
[2022-08-06 17:09:02,347] {processor.py:651} INFO - DAG(s) dict_keys(['example_branch_python_operator_decorator']) retrieved from /home/airflow/.local/lib/python3.7/site-packages/airflow/example_dags/example_branch_operator_decorator.py
[2022-08-06 17:09:02,381] {logging_mixin.py:115} INFO - [2022-08-06 17:09:02,381] {dag.py:2420} INFO - Sync 1 DAGs
[2022-08-06 17:09:02,414] {logging_mixin.py:115} INFO - [2022-08-06 17:09:02,413] {dag.py:2972} INFO - Setting next_dagrun for example_branch_python_operator_decorator to 2022-08-05T00:00:00+00:00, run_after=2022-08-06T00:00:00+00:00
[2022-08-06 17:09:02,431] {processor.py:161} INFO - Processing /home/airflow/.local/lib/python3.7/site-packages/airflow/example_dags/example_branch_operator_decorator.py took 0.114 seconds
[2022-08-06 17:09:32,666] {processor.py:153} INFO - Started process (PID=16995) to work on /home/airflow/.local/lib/python3.7/site-packages/airflow/example_dags/example_branch_operator_decorator.py
[2022-08-06 17:09:32,667] {processor.py:641} INFO - Processing file /home/airflow/.local/lib/python3.7/site-packages/airflow/example_dags/example_branch_operator_decorator.py for tasks to queue
[2022-08-06 17:09:32,667] {logging_mixin.py:115} INFO - [2022-08-06 17:09:32,667] {dagbag.py:508} INFO - Filling up the DagBag from /home/airflow/.local/lib/python3.7/site-packages/airflow/example_dags/example_branch_operator_decorator.py
[2022-08-06 17:09:32,689] {processor.py:651} INFO - DAG(s) dict_keys(['example_branch_python_operator_decorator']) retrieved from /home/airflow/.local/lib/python3.7/site-packages/airflow/example_dags/example_branch_operator_decorator.py
[2022-08-06 17:09:32,720] {logging_mixin.py:115} INFO - [2022-08-06 17:09:32,720] {dag.py:2420} INFO - Sync 1 DAGs
[2022-08-06 17:09:32,754] {logging_mixin.py:115} INFO - [2022-08-06 17:09:32,753] {dag.py:2972} INFO - Setting next_dagrun for example_branch_python_operator_decorator to 2022-08-05T00:00:00+00:00, run_after=2022-08-06T00:00:00+00:00
[2022-08-06 17:09:32,775] {processor.py:161} INFO - Processing /home/airflow/.local/lib/python3.7/site-packages/airflow/example_dags/example_branch_operator_decorator.py took 0.112 seconds
[2022-08-06 17:10:03,602] {processor.py:153} INFO - Started process (PID=17189) to work on /home/airflow/.local/lib/python3.7/site-packages/airflow/example_dags/example_branch_operator_decorator.py
[2022-08-06 17:10:03,604] {processor.py:641} INFO - Processing file /home/airflow/.local/lib/python3.7/site-packages/airflow/example_dags/example_branch_operator_decorator.py for tasks to queue
[2022-08-06 17:10:03,604] {logging_mixin.py:115} INFO - [2022-08-06 17:10:03,604] {dagbag.py:508} INFO - Filling up the DagBag from /home/airflow/.local/lib/python3.7/site-packages/airflow/example_dags/example_branch_operator_decorator.py
[2022-08-06 17:10:03,627] {processor.py:651} INFO - DAG(s) dict_keys(['example_branch_python_operator_decorator']) retrieved from /home/airflow/.local/lib/python3.7/site-packages/airflow/example_dags/example_branch_operator_decorator.py
[2022-08-06 17:10:03,663] {logging_mixin.py:115} INFO - [2022-08-06 17:10:03,663] {dag.py:2420} INFO - Sync 1 DAGs
[2022-08-06 17:10:03,696] {logging_mixin.py:115} INFO - [2022-08-06 17:10:03,695] {dag.py:2972} INFO - Setting next_dagrun for example_branch_python_operator_decorator to 2022-08-05T00:00:00+00:00, run_after=2022-08-06T00:00:00+00:00
[2022-08-06 17:10:03,715] {processor.py:161} INFO - Processing /home/airflow/.local/lib/python3.7/site-packages/airflow/example_dags/example_branch_operator_decorator.py took 0.117 seconds
[2022-08-06 17:10:34,651] {processor.py:153} INFO - Started process (PID=17395) to work on /home/airflow/.local/lib/python3.7/site-packages/airflow/example_dags/example_branch_operator_decorator.py
[2022-08-06 17:10:34,652] {processor.py:641} INFO - Processing file /home/airflow/.local/lib/python3.7/site-packages/airflow/example_dags/example_branch_operator_decorator.py for tasks to queue
[2022-08-06 17:10:34,653] {logging_mixin.py:115} INFO - [2022-08-06 17:10:34,652] {dagbag.py:508} INFO - Filling up the DagBag from /home/airflow/.local/lib/python3.7/site-packages/airflow/example_dags/example_branch_operator_decorator.py
[2022-08-06 17:10:34,677] {processor.py:651} INFO - DAG(s) dict_keys(['example_branch_python_operator_decorator']) retrieved from /home/airflow/.local/lib/python3.7/site-packages/airflow/example_dags/example_branch_operator_decorator.py
[2022-08-06 17:10:34,710] {logging_mixin.py:115} INFO - [2022-08-06 17:10:34,710] {dag.py:2420} INFO - Sync 1 DAGs
[2022-08-06 17:10:34,742] {logging_mixin.py:115} INFO - [2022-08-06 17:10:34,742] {dag.py:2972} INFO - Setting next_dagrun for example_branch_python_operator_decorator to 2022-08-05T00:00:00+00:00, run_after=2022-08-06T00:00:00+00:00
[2022-08-06 17:10:34,759] {processor.py:161} INFO - Processing /home/airflow/.local/lib/python3.7/site-packages/airflow/example_dags/example_branch_operator_decorator.py took 0.113 seconds
[2022-08-06 17:11:05,551] {processor.py:153} INFO - Started process (PID=17587) to work on /home/airflow/.local/lib/python3.7/site-packages/airflow/example_dags/example_branch_operator_decorator.py
[2022-08-06 17:11:05,552] {processor.py:641} INFO - Processing file /home/airflow/.local/lib/python3.7/site-packages/airflow/example_dags/example_branch_operator_decorator.py for tasks to queue
[2022-08-06 17:11:05,553] {logging_mixin.py:115} INFO - [2022-08-06 17:11:05,553] {dagbag.py:508} INFO - Filling up the DagBag from /home/airflow/.local/lib/python3.7/site-packages/airflow/example_dags/example_branch_operator_decorator.py
[2022-08-06 17:11:05,576] {processor.py:651} INFO - DAG(s) dict_keys(['example_branch_python_operator_decorator']) retrieved from /home/airflow/.local/lib/python3.7/site-packages/airflow/example_dags/example_branch_operator_decorator.py
[2022-08-06 17:11:05,614] {logging_mixin.py:115} INFO - [2022-08-06 17:11:05,613] {dag.py:2420} INFO - Sync 1 DAGs
[2022-08-06 17:11:05,646] {logging_mixin.py:115} INFO - [2022-08-06 17:11:05,646] {dag.py:2972} INFO - Setting next_dagrun for example_branch_python_operator_decorator to 2022-08-05T00:00:00+00:00, run_after=2022-08-06T00:00:00+00:00
[2022-08-06 17:11:05,665] {processor.py:161} INFO - Processing /home/airflow/.local/lib/python3.7/site-packages/airflow/example_dags/example_branch_operator_decorator.py took 0.118 seconds
[2022-08-06 17:11:36,228] {processor.py:153} INFO - Started process (PID=17790) to work on /home/airflow/.local/lib/python3.7/site-packages/airflow/example_dags/example_branch_operator_decorator.py
[2022-08-06 17:11:36,228] {processor.py:641} INFO - Processing file /home/airflow/.local/lib/python3.7/site-packages/airflow/example_dags/example_branch_operator_decorator.py for tasks to queue
[2022-08-06 17:11:36,229] {logging_mixin.py:115} INFO - [2022-08-06 17:11:36,229] {dagbag.py:508} INFO - Filling up the DagBag from /home/airflow/.local/lib/python3.7/site-packages/airflow/example_dags/example_branch_operator_decorator.py
[2022-08-06 17:11:36,256] {processor.py:651} INFO - DAG(s) dict_keys(['example_branch_python_operator_decorator']) retrieved from /home/airflow/.local/lib/python3.7/site-packages/airflow/example_dags/example_branch_operator_decorator.py
[2022-08-06 17:11:36,294] {logging_mixin.py:115} INFO - [2022-08-06 17:11:36,294] {dag.py:2420} INFO - Sync 1 DAGs
[2022-08-06 17:11:36,329] {logging_mixin.py:115} INFO - [2022-08-06 17:11:36,329] {dag.py:2972} INFO - Setting next_dagrun for example_branch_python_operator_decorator to 2022-08-05T00:00:00+00:00, run_after=2022-08-06T00:00:00+00:00
[2022-08-06 17:11:36,349] {processor.py:161} INFO - Processing /home/airflow/.local/lib/python3.7/site-packages/airflow/example_dags/example_branch_operator_decorator.py took 0.124 seconds
[2022-08-06 17:12:06,604] {processor.py:153} INFO - Started process (PID=17986) to work on /home/airflow/.local/lib/python3.7/site-packages/airflow/example_dags/example_branch_operator_decorator.py
[2022-08-06 17:12:06,605] {processor.py:641} INFO - Processing file /home/airflow/.local/lib/python3.7/site-packages/airflow/example_dags/example_branch_operator_decorator.py for tasks to queue
[2022-08-06 17:12:06,606] {logging_mixin.py:115} INFO - [2022-08-06 17:12:06,606] {dagbag.py:508} INFO - Filling up the DagBag from /home/airflow/.local/lib/python3.7/site-packages/airflow/example_dags/example_branch_operator_decorator.py
[2022-08-06 17:12:06,630] {processor.py:651} INFO - DAG(s) dict_keys(['example_branch_python_operator_decorator']) retrieved from /home/airflow/.local/lib/python3.7/site-packages/airflow/example_dags/example_branch_operator_decorator.py
[2022-08-06 17:12:06,670] {logging_mixin.py:115} INFO - [2022-08-06 17:12:06,670] {dag.py:2420} INFO - Sync 1 DAGs
[2022-08-06 17:12:06,707] {logging_mixin.py:115} INFO - [2022-08-06 17:12:06,707] {dag.py:2972} INFO - Setting next_dagrun for example_branch_python_operator_decorator to 2022-08-05T00:00:00+00:00, run_after=2022-08-06T00:00:00+00:00
[2022-08-06 17:12:06,727] {processor.py:161} INFO - Processing /home/airflow/.local/lib/python3.7/site-packages/airflow/example_dags/example_branch_operator_decorator.py took 0.127 seconds
[2022-08-06 17:12:36,782] {processor.py:153} INFO - Started process (PID=18189) to work on /home/airflow/.local/lib/python3.7/site-packages/airflow/example_dags/example_branch_operator_decorator.py
[2022-08-06 17:12:36,783] {processor.py:641} INFO - Processing file /home/airflow/.local/lib/python3.7/site-packages/airflow/example_dags/example_branch_operator_decorator.py for tasks to queue
[2022-08-06 17:12:36,783] {logging_mixin.py:115} INFO - [2022-08-06 17:12:36,783] {dagbag.py:508} INFO - Filling up the DagBag from /home/airflow/.local/lib/python3.7/site-packages/airflow/example_dags/example_branch_operator_decorator.py
[2022-08-06 17:12:36,808] {processor.py:651} INFO - DAG(s) dict_keys(['example_branch_python_operator_decorator']) retrieved from /home/airflow/.local/lib/python3.7/site-packages/airflow/example_dags/example_branch_operator_decorator.py
[2022-08-06 17:12:36,843] {logging_mixin.py:115} INFO - [2022-08-06 17:12:36,842] {dag.py:2420} INFO - Sync 1 DAGs
[2022-08-06 17:12:36,874] {logging_mixin.py:115} INFO - [2022-08-06 17:12:36,873] {dag.py:2972} INFO - Setting next_dagrun for example_branch_python_operator_decorator to 2022-08-05T00:00:00+00:00, run_after=2022-08-06T00:00:00+00:00
[2022-08-06 17:12:36,893] {processor.py:161} INFO - Processing /home/airflow/.local/lib/python3.7/site-packages/airflow/example_dags/example_branch_operator_decorator.py took 0.115 seconds
[2022-08-06 17:13:07,612] {processor.py:153} INFO - Started process (PID=18381) to work on /home/airflow/.local/lib/python3.7/site-packages/airflow/example_dags/example_branch_operator_decorator.py
[2022-08-06 17:13:07,613] {processor.py:641} INFO - Processing file /home/airflow/.local/lib/python3.7/site-packages/airflow/example_dags/example_branch_operator_decorator.py for tasks to queue
[2022-08-06 17:13:07,614] {logging_mixin.py:115} INFO - [2022-08-06 17:13:07,614] {dagbag.py:508} INFO - Filling up the DagBag from /home/airflow/.local/lib/python3.7/site-packages/airflow/example_dags/example_branch_operator_decorator.py
[2022-08-06 17:13:07,639] {processor.py:651} INFO - DAG(s) dict_keys(['example_branch_python_operator_decorator']) retrieved from /home/airflow/.local/lib/python3.7/site-packages/airflow/example_dags/example_branch_operator_decorator.py
[2022-08-06 17:13:07,683] {logging_mixin.py:115} INFO - [2022-08-06 17:13:07,683] {dag.py:2420} INFO - Sync 1 DAGs
[2022-08-06 17:13:07,723] {logging_mixin.py:115} INFO - [2022-08-06 17:13:07,723] {dag.py:2972} INFO - Setting next_dagrun for example_branch_python_operator_decorator to 2022-08-05T00:00:00+00:00, run_after=2022-08-06T00:00:00+00:00
[2022-08-06 17:13:07,745] {processor.py:161} INFO - Processing /home/airflow/.local/lib/python3.7/site-packages/airflow/example_dags/example_branch_operator_decorator.py took 0.136 seconds
[2022-08-06 17:13:38,612] {processor.py:153} INFO - Started process (PID=18584) to work on /home/airflow/.local/lib/python3.7/site-packages/airflow/example_dags/example_branch_operator_decorator.py
[2022-08-06 17:13:38,613] {processor.py:641} INFO - Processing file /home/airflow/.local/lib/python3.7/site-packages/airflow/example_dags/example_branch_operator_decorator.py for tasks to queue
[2022-08-06 17:13:38,614] {logging_mixin.py:115} INFO - [2022-08-06 17:13:38,614] {dagbag.py:508} INFO - Filling up the DagBag from /home/airflow/.local/lib/python3.7/site-packages/airflow/example_dags/example_branch_operator_decorator.py
[2022-08-06 17:13:38,640] {processor.py:651} INFO - DAG(s) dict_keys(['example_branch_python_operator_decorator']) retrieved from /home/airflow/.local/lib/python3.7/site-packages/airflow/example_dags/example_branch_operator_decorator.py
[2022-08-06 17:13:38,684] {logging_mixin.py:115} INFO - [2022-08-06 17:13:38,684] {dag.py:2420} INFO - Sync 1 DAGs
[2022-08-06 17:13:38,726] {logging_mixin.py:115} INFO - [2022-08-06 17:13:38,726] {dag.py:2972} INFO - Setting next_dagrun for example_branch_python_operator_decorator to 2022-08-05T00:00:00+00:00, run_after=2022-08-06T00:00:00+00:00
[2022-08-06 17:13:38,750] {processor.py:161} INFO - Processing /home/airflow/.local/lib/python3.7/site-packages/airflow/example_dags/example_branch_operator_decorator.py took 0.143 seconds
[2022-08-06 17:14:09,613] {processor.py:153} INFO - Started process (PID=18780) to work on /home/airflow/.local/lib/python3.7/site-packages/airflow/example_dags/example_branch_operator_decorator.py
[2022-08-06 17:14:09,614] {processor.py:641} INFO - Processing file /home/airflow/.local/lib/python3.7/site-packages/airflow/example_dags/example_branch_operator_decorator.py for tasks to queue
[2022-08-06 17:14:09,616] {logging_mixin.py:115} INFO - [2022-08-06 17:14:09,615] {dagbag.py:508} INFO - Filling up the DagBag from /home/airflow/.local/lib/python3.7/site-packages/airflow/example_dags/example_branch_operator_decorator.py
[2022-08-06 17:14:09,642] {processor.py:651} INFO - DAG(s) dict_keys(['example_branch_python_operator_decorator']) retrieved from /home/airflow/.local/lib/python3.7/site-packages/airflow/example_dags/example_branch_operator_decorator.py
[2022-08-06 17:14:09,675] {logging_mixin.py:115} INFO - [2022-08-06 17:14:09,675] {dag.py:2420} INFO - Sync 1 DAGs
[2022-08-06 17:14:09,712] {logging_mixin.py:115} INFO - [2022-08-06 17:14:09,712] {dag.py:2972} INFO - Setting next_dagrun for example_branch_python_operator_decorator to 2022-08-05T00:00:00+00:00, run_after=2022-08-06T00:00:00+00:00
[2022-08-06 17:14:09,729] {processor.py:161} INFO - Processing /home/airflow/.local/lib/python3.7/site-packages/airflow/example_dags/example_branch_operator_decorator.py took 0.118 seconds
[2022-08-06 17:14:39,771] {processor.py:153} INFO - Started process (PID=18983) to work on /home/airflow/.local/lib/python3.7/site-packages/airflow/example_dags/example_branch_operator_decorator.py
[2022-08-06 17:14:39,772] {processor.py:641} INFO - Processing file /home/airflow/.local/lib/python3.7/site-packages/airflow/example_dags/example_branch_operator_decorator.py for tasks to queue
[2022-08-06 17:14:39,773] {logging_mixin.py:115} INFO - [2022-08-06 17:14:39,773] {dagbag.py:508} INFO - Filling up the DagBag from /home/airflow/.local/lib/python3.7/site-packages/airflow/example_dags/example_branch_operator_decorator.py
[2022-08-06 17:14:39,800] {processor.py:651} INFO - DAG(s) dict_keys(['example_branch_python_operator_decorator']) retrieved from /home/airflow/.local/lib/python3.7/site-packages/airflow/example_dags/example_branch_operator_decorator.py
[2022-08-06 17:14:39,833] {logging_mixin.py:115} INFO - [2022-08-06 17:14:39,833] {dag.py:2420} INFO - Sync 1 DAGs
[2022-08-06 17:14:39,869] {logging_mixin.py:115} INFO - [2022-08-06 17:14:39,868] {dag.py:2972} INFO - Setting next_dagrun for example_branch_python_operator_decorator to 2022-08-05T00:00:00+00:00, run_after=2022-08-06T00:00:00+00:00
[2022-08-06 17:14:39,887] {processor.py:161} INFO - Processing /home/airflow/.local/lib/python3.7/site-packages/airflow/example_dags/example_branch_operator_decorator.py took 0.119 seconds
[2022-08-06 17:15:10,332] {processor.py:153} INFO - Started process (PID=19175) to work on /home/airflow/.local/lib/python3.7/site-packages/airflow/example_dags/example_branch_operator_decorator.py
[2022-08-06 17:15:10,333] {processor.py:641} INFO - Processing file /home/airflow/.local/lib/python3.7/site-packages/airflow/example_dags/example_branch_operator_decorator.py for tasks to queue
[2022-08-06 17:15:10,334] {logging_mixin.py:115} INFO - [2022-08-06 17:15:10,334] {dagbag.py:508} INFO - Filling up the DagBag from /home/airflow/.local/lib/python3.7/site-packages/airflow/example_dags/example_branch_operator_decorator.py
[2022-08-06 17:15:10,358] {processor.py:651} INFO - DAG(s) dict_keys(['example_branch_python_operator_decorator']) retrieved from /home/airflow/.local/lib/python3.7/site-packages/airflow/example_dags/example_branch_operator_decorator.py
[2022-08-06 17:15:10,388] {logging_mixin.py:115} INFO - [2022-08-06 17:15:10,387] {dag.py:2420} INFO - Sync 1 DAGs
[2022-08-06 17:15:10,422] {logging_mixin.py:115} INFO - [2022-08-06 17:15:10,421] {dag.py:2972} INFO - Setting next_dagrun for example_branch_python_operator_decorator to 2022-08-05T00:00:00+00:00, run_after=2022-08-06T00:00:00+00:00
[2022-08-06 17:15:10,440] {processor.py:161} INFO - Processing /home/airflow/.local/lib/python3.7/site-packages/airflow/example_dags/example_branch_operator_decorator.py took 0.111 seconds
