[2022-08-06 03:38:41,735] {processor.py:153} INFO - Started process (PID=9323) to work on /home/airflow/.local/lib/python3.7/site-packages/airflow/example_dags/example_task_group_decorator.py
[2022-08-06 03:38:41,736] {processor.py:641} INFO - Processing file /home/airflow/.local/lib/python3.7/site-packages/airflow/example_dags/example_task_group_decorator.py for tasks to queue
[2022-08-06 03:38:41,738] {logging_mixin.py:115} INFO - [2022-08-06 03:38:41,738] {dagbag.py:508} INFO - Filling up the DagBag from /home/airflow/.local/lib/python3.7/site-packages/airflow/example_dags/example_task_group_decorator.py
[2022-08-06 03:38:41,797] {processor.py:651} INFO - DAG(s) dict_keys(['example_task_group_decorator']) retrieved from /home/airflow/.local/lib/python3.7/site-packages/airflow/example_dags/example_task_group_decorator.py
[2022-08-06 03:38:41,927] {logging_mixin.py:115} INFO - [2022-08-06 03:38:41,927] {dag.py:2420} INFO - Sync 1 DAGs
[2022-08-06 03:38:41,965] {logging_mixin.py:115} INFO - [2022-08-06 03:38:41,965] {dag.py:2972} INFO - Setting next_dagrun for example_task_group_decorator to 2022-08-05T03:38:41.965381+00:00, run_after=2022-08-06T03:38:41.965381+00:00
[2022-08-06 03:38:41,990] {processor.py:161} INFO - Processing /home/airflow/.local/lib/python3.7/site-packages/airflow/example_dags/example_task_group_decorator.py took 0.261 seconds
[2022-08-06 03:39:12,210] {processor.py:153} INFO - Started process (PID=9530) to work on /home/airflow/.local/lib/python3.7/site-packages/airflow/example_dags/example_task_group_decorator.py
[2022-08-06 03:39:12,210] {processor.py:641} INFO - Processing file /home/airflow/.local/lib/python3.7/site-packages/airflow/example_dags/example_task_group_decorator.py for tasks to queue
[2022-08-06 03:39:12,211] {logging_mixin.py:115} INFO - [2022-08-06 03:39:12,211] {dagbag.py:508} INFO - Filling up the DagBag from /home/airflow/.local/lib/python3.7/site-packages/airflow/example_dags/example_task_group_decorator.py
[2022-08-06 03:39:12,242] {processor.py:651} INFO - DAG(s) dict_keys(['example_task_group_decorator']) retrieved from /home/airflow/.local/lib/python3.7/site-packages/airflow/example_dags/example_task_group_decorator.py
[2022-08-06 03:39:12,328] {logging_mixin.py:115} INFO - [2022-08-06 03:39:12,328] {dag.py:2420} INFO - Sync 1 DAGs
[2022-08-06 03:39:12,351] {logging_mixin.py:115} INFO - [2022-08-06 03:39:12,351] {dag.py:2972} INFO - Setting next_dagrun for example_task_group_decorator to 2022-08-05T03:39:12.350888+00:00, run_after=2022-08-06T03:39:12.350888+00:00
[2022-08-06 03:39:12,368] {processor.py:161} INFO - Processing /home/airflow/.local/lib/python3.7/site-packages/airflow/example_dags/example_task_group_decorator.py took 0.161 seconds
[2022-08-06 03:39:42,708] {processor.py:153} INFO - Started process (PID=9738) to work on /home/airflow/.local/lib/python3.7/site-packages/airflow/example_dags/example_task_group_decorator.py
[2022-08-06 03:39:42,709] {processor.py:641} INFO - Processing file /home/airflow/.local/lib/python3.7/site-packages/airflow/example_dags/example_task_group_decorator.py for tasks to queue
[2022-08-06 03:39:42,709] {logging_mixin.py:115} INFO - [2022-08-06 03:39:42,709] {dagbag.py:508} INFO - Filling up the DagBag from /home/airflow/.local/lib/python3.7/site-packages/airflow/example_dags/example_task_group_decorator.py
[2022-08-06 03:39:42,735] {processor.py:651} INFO - DAG(s) dict_keys(['example_task_group_decorator']) retrieved from /home/airflow/.local/lib/python3.7/site-packages/airflow/example_dags/example_task_group_decorator.py
[2022-08-06 03:39:42,806] {logging_mixin.py:115} INFO - [2022-08-06 03:39:42,805] {dag.py:2420} INFO - Sync 1 DAGs
[2022-08-06 03:39:42,826] {logging_mixin.py:115} INFO - [2022-08-06 03:39:42,825] {dag.py:2972} INFO - Setting next_dagrun for example_task_group_decorator to 2022-08-05T03:39:42.825631+00:00, run_after=2022-08-06T03:39:42.825631+00:00
[2022-08-06 03:39:42,850] {processor.py:161} INFO - Processing /home/airflow/.local/lib/python3.7/site-packages/airflow/example_dags/example_task_group_decorator.py took 0.145 seconds
[2022-08-06 03:40:13,784] {processor.py:153} INFO - Started process (PID=9935) to work on /home/airflow/.local/lib/python3.7/site-packages/airflow/example_dags/example_task_group_decorator.py
[2022-08-06 03:40:13,784] {processor.py:641} INFO - Processing file /home/airflow/.local/lib/python3.7/site-packages/airflow/example_dags/example_task_group_decorator.py for tasks to queue
[2022-08-06 03:40:13,785] {logging_mixin.py:115} INFO - [2022-08-06 03:40:13,785] {dagbag.py:508} INFO - Filling up the DagBag from /home/airflow/.local/lib/python3.7/site-packages/airflow/example_dags/example_task_group_decorator.py
[2022-08-06 03:40:13,824] {processor.py:651} INFO - DAG(s) dict_keys(['example_task_group_decorator']) retrieved from /home/airflow/.local/lib/python3.7/site-packages/airflow/example_dags/example_task_group_decorator.py
[2022-08-06 03:40:13,939] {logging_mixin.py:115} INFO - [2022-08-06 03:40:13,938] {dag.py:2420} INFO - Sync 1 DAGs
[2022-08-06 03:40:13,967] {logging_mixin.py:115} INFO - [2022-08-06 03:40:13,967] {dag.py:2972} INFO - Setting next_dagrun for example_task_group_decorator to 2022-08-05T03:40:13.966984+00:00, run_after=2022-08-06T03:40:13.966984+00:00
[2022-08-06 03:40:13,987] {processor.py:161} INFO - Processing /home/airflow/.local/lib/python3.7/site-packages/airflow/example_dags/example_task_group_decorator.py took 0.207 seconds
[2022-08-06 03:40:44,837] {processor.py:153} INFO - Started process (PID=10138) to work on /home/airflow/.local/lib/python3.7/site-packages/airflow/example_dags/example_task_group_decorator.py
[2022-08-06 03:40:44,838] {processor.py:641} INFO - Processing file /home/airflow/.local/lib/python3.7/site-packages/airflow/example_dags/example_task_group_decorator.py for tasks to queue
[2022-08-06 03:40:44,839] {logging_mixin.py:115} INFO - [2022-08-06 03:40:44,838] {dagbag.py:508} INFO - Filling up the DagBag from /home/airflow/.local/lib/python3.7/site-packages/airflow/example_dags/example_task_group_decorator.py
[2022-08-06 03:40:44,872] {processor.py:651} INFO - DAG(s) dict_keys(['example_task_group_decorator']) retrieved from /home/airflow/.local/lib/python3.7/site-packages/airflow/example_dags/example_task_group_decorator.py
[2022-08-06 03:40:44,957] {logging_mixin.py:115} INFO - [2022-08-06 03:40:44,957] {dag.py:2420} INFO - Sync 1 DAGs
[2022-08-06 03:40:44,983] {logging_mixin.py:115} INFO - [2022-08-06 03:40:44,983] {dag.py:2972} INFO - Setting next_dagrun for example_task_group_decorator to 2022-08-05T03:40:44.983430+00:00, run_after=2022-08-06T03:40:44.983430+00:00
[2022-08-06 03:40:45,003] {processor.py:161} INFO - Processing /home/airflow/.local/lib/python3.7/site-packages/airflow/example_dags/example_task_group_decorator.py took 0.170 seconds
[2022-08-06 03:41:15,625] {processor.py:153} INFO - Started process (PID=10339) to work on /home/airflow/.local/lib/python3.7/site-packages/airflow/example_dags/example_task_group_decorator.py
[2022-08-06 03:41:15,626] {processor.py:641} INFO - Processing file /home/airflow/.local/lib/python3.7/site-packages/airflow/example_dags/example_task_group_decorator.py for tasks to queue
[2022-08-06 03:41:15,627] {logging_mixin.py:115} INFO - [2022-08-06 03:41:15,626] {dagbag.py:508} INFO - Filling up the DagBag from /home/airflow/.local/lib/python3.7/site-packages/airflow/example_dags/example_task_group_decorator.py
[2022-08-06 03:41:15,661] {processor.py:651} INFO - DAG(s) dict_keys(['example_task_group_decorator']) retrieved from /home/airflow/.local/lib/python3.7/site-packages/airflow/example_dags/example_task_group_decorator.py
[2022-08-06 03:41:15,701] {logging_mixin.py:115} INFO - [2022-08-06 03:41:15,701] {dag.py:2420} INFO - Sync 1 DAGs
[2022-08-06 03:41:15,729] {logging_mixin.py:115} INFO - [2022-08-06 03:41:15,729] {dag.py:2972} INFO - Setting next_dagrun for example_task_group_decorator to 2022-08-05T03:41:15.728637+00:00, run_after=2022-08-06T03:41:15.728637+00:00
[2022-08-06 03:41:15,749] {processor.py:161} INFO - Processing /home/airflow/.local/lib/python3.7/site-packages/airflow/example_dags/example_task_group_decorator.py took 0.127 seconds
[2022-08-06 03:41:46,352] {processor.py:153} INFO - Started process (PID=10537) to work on /home/airflow/.local/lib/python3.7/site-packages/airflow/example_dags/example_task_group_decorator.py
[2022-08-06 03:41:46,353] {processor.py:641} INFO - Processing file /home/airflow/.local/lib/python3.7/site-packages/airflow/example_dags/example_task_group_decorator.py for tasks to queue
[2022-08-06 03:41:46,354] {logging_mixin.py:115} INFO - [2022-08-06 03:41:46,354] {dagbag.py:508} INFO - Filling up the DagBag from /home/airflow/.local/lib/python3.7/site-packages/airflow/example_dags/example_task_group_decorator.py
[2022-08-06 03:41:46,390] {processor.py:651} INFO - DAG(s) dict_keys(['example_task_group_decorator']) retrieved from /home/airflow/.local/lib/python3.7/site-packages/airflow/example_dags/example_task_group_decorator.py
[2022-08-06 03:41:46,510] {logging_mixin.py:115} INFO - [2022-08-06 03:41:46,510] {dag.py:2420} INFO - Sync 1 DAGs
[2022-08-06 03:41:46,546] {logging_mixin.py:115} INFO - [2022-08-06 03:41:46,546] {dag.py:2972} INFO - Setting next_dagrun for example_task_group_decorator to 2022-08-05T03:41:46.545945+00:00, run_after=2022-08-06T03:41:46.545945+00:00
[2022-08-06 03:41:46,572] {processor.py:161} INFO - Processing /home/airflow/.local/lib/python3.7/site-packages/airflow/example_dags/example_task_group_decorator.py took 0.224 seconds
[2022-08-06 03:42:16,994] {processor.py:153} INFO - Started process (PID=10741) to work on /home/airflow/.local/lib/python3.7/site-packages/airflow/example_dags/example_task_group_decorator.py
[2022-08-06 03:42:16,995] {processor.py:641} INFO - Processing file /home/airflow/.local/lib/python3.7/site-packages/airflow/example_dags/example_task_group_decorator.py for tasks to queue
[2022-08-06 03:42:16,996] {logging_mixin.py:115} INFO - [2022-08-06 03:42:16,996] {dagbag.py:508} INFO - Filling up the DagBag from /home/airflow/.local/lib/python3.7/site-packages/airflow/example_dags/example_task_group_decorator.py
[2022-08-06 03:42:17,033] {processor.py:651} INFO - DAG(s) dict_keys(['example_task_group_decorator']) retrieved from /home/airflow/.local/lib/python3.7/site-packages/airflow/example_dags/example_task_group_decorator.py
[2022-08-06 03:42:17,151] {logging_mixin.py:115} INFO - [2022-08-06 03:42:17,150] {dag.py:2420} INFO - Sync 1 DAGs
[2022-08-06 03:42:17,184] {logging_mixin.py:115} INFO - [2022-08-06 03:42:17,184] {dag.py:2972} INFO - Setting next_dagrun for example_task_group_decorator to 2022-08-05T03:42:17.184001+00:00, run_after=2022-08-06T03:42:17.184001+00:00
[2022-08-06 03:42:17,219] {processor.py:161} INFO - Processing /home/airflow/.local/lib/python3.7/site-packages/airflow/example_dags/example_task_group_decorator.py took 0.228 seconds
[2022-08-06 03:42:48,128] {processor.py:153} INFO - Started process (PID=10933) to work on /home/airflow/.local/lib/python3.7/site-packages/airflow/example_dags/example_task_group_decorator.py
[2022-08-06 03:42:48,129] {processor.py:641} INFO - Processing file /home/airflow/.local/lib/python3.7/site-packages/airflow/example_dags/example_task_group_decorator.py for tasks to queue
[2022-08-06 03:42:48,130] {logging_mixin.py:115} INFO - [2022-08-06 03:42:48,130] {dagbag.py:508} INFO - Filling up the DagBag from /home/airflow/.local/lib/python3.7/site-packages/airflow/example_dags/example_task_group_decorator.py
[2022-08-06 03:42:48,165] {processor.py:651} INFO - DAG(s) dict_keys(['example_task_group_decorator']) retrieved from /home/airflow/.local/lib/python3.7/site-packages/airflow/example_dags/example_task_group_decorator.py
[2022-08-06 03:42:48,283] {logging_mixin.py:115} INFO - [2022-08-06 03:42:48,282] {dag.py:2420} INFO - Sync 1 DAGs
[2022-08-06 03:42:48,322] {logging_mixin.py:115} INFO - [2022-08-06 03:42:48,322] {dag.py:2972} INFO - Setting next_dagrun for example_task_group_decorator to 2022-08-05T03:42:48.321944+00:00, run_after=2022-08-06T03:42:48.321944+00:00
[2022-08-06 03:42:48,348] {processor.py:161} INFO - Processing /home/airflow/.local/lib/python3.7/site-packages/airflow/example_dags/example_task_group_decorator.py took 0.224 seconds
[2022-08-06 03:43:18,706] {processor.py:153} INFO - Started process (PID=11136) to work on /home/airflow/.local/lib/python3.7/site-packages/airflow/example_dags/example_task_group_decorator.py
[2022-08-06 03:43:18,707] {processor.py:641} INFO - Processing file /home/airflow/.local/lib/python3.7/site-packages/airflow/example_dags/example_task_group_decorator.py for tasks to queue
[2022-08-06 03:43:18,718] {logging_mixin.py:115} INFO - [2022-08-06 03:43:18,718] {dagbag.py:508} INFO - Filling up the DagBag from /home/airflow/.local/lib/python3.7/site-packages/airflow/example_dags/example_task_group_decorator.py
[2022-08-06 03:43:18,836] {processor.py:651} INFO - DAG(s) dict_keys(['example_task_group_decorator']) retrieved from /home/airflow/.local/lib/python3.7/site-packages/airflow/example_dags/example_task_group_decorator.py
[2022-08-06 03:43:18,891] {logging_mixin.py:115} INFO - [2022-08-06 03:43:18,891] {dag.py:2420} INFO - Sync 1 DAGs
[2022-08-06 03:43:18,945] {logging_mixin.py:115} INFO - [2022-08-06 03:43:18,945] {dag.py:2972} INFO - Setting next_dagrun for example_task_group_decorator to 2022-08-05T03:43:18.944709+00:00, run_after=2022-08-06T03:43:18.944709+00:00
[2022-08-06 03:43:18,974] {processor.py:161} INFO - Processing /home/airflow/.local/lib/python3.7/site-packages/airflow/example_dags/example_task_group_decorator.py took 0.273 seconds
[2022-08-06 03:43:49,704] {processor.py:153} INFO - Started process (PID=11332) to work on /home/airflow/.local/lib/python3.7/site-packages/airflow/example_dags/example_task_group_decorator.py
[2022-08-06 03:43:49,705] {processor.py:641} INFO - Processing file /home/airflow/.local/lib/python3.7/site-packages/airflow/example_dags/example_task_group_decorator.py for tasks to queue
[2022-08-06 03:43:49,706] {logging_mixin.py:115} INFO - [2022-08-06 03:43:49,706] {dagbag.py:508} INFO - Filling up the DagBag from /home/airflow/.local/lib/python3.7/site-packages/airflow/example_dags/example_task_group_decorator.py
[2022-08-06 03:43:49,752] {processor.py:651} INFO - DAG(s) dict_keys(['example_task_group_decorator']) retrieved from /home/airflow/.local/lib/python3.7/site-packages/airflow/example_dags/example_task_group_decorator.py
[2022-08-06 03:43:49,858] {logging_mixin.py:115} INFO - [2022-08-06 03:43:49,858] {dag.py:2420} INFO - Sync 1 DAGs
[2022-08-06 03:43:49,894] {logging_mixin.py:115} INFO - [2022-08-06 03:43:49,893] {dag.py:2972} INFO - Setting next_dagrun for example_task_group_decorator to 2022-08-05T03:43:49.893292+00:00, run_after=2022-08-06T03:43:49.893292+00:00
[2022-08-06 03:43:49,925] {processor.py:161} INFO - Processing /home/airflow/.local/lib/python3.7/site-packages/airflow/example_dags/example_task_group_decorator.py took 0.226 seconds
[2022-08-06 03:44:20,379] {processor.py:153} INFO - Started process (PID=11535) to work on /home/airflow/.local/lib/python3.7/site-packages/airflow/example_dags/example_task_group_decorator.py
[2022-08-06 03:44:20,380] {processor.py:641} INFO - Processing file /home/airflow/.local/lib/python3.7/site-packages/airflow/example_dags/example_task_group_decorator.py for tasks to queue
[2022-08-06 03:44:20,382] {logging_mixin.py:115} INFO - [2022-08-06 03:44:20,381] {dagbag.py:508} INFO - Filling up the DagBag from /home/airflow/.local/lib/python3.7/site-packages/airflow/example_dags/example_task_group_decorator.py
[2022-08-06 03:44:20,423] {processor.py:651} INFO - DAG(s) dict_keys(['example_task_group_decorator']) retrieved from /home/airflow/.local/lib/python3.7/site-packages/airflow/example_dags/example_task_group_decorator.py
[2022-08-06 03:44:20,523] {logging_mixin.py:115} INFO - [2022-08-06 03:44:20,522] {dag.py:2420} INFO - Sync 1 DAGs
[2022-08-06 03:44:20,554] {logging_mixin.py:115} INFO - [2022-08-06 03:44:20,554] {dag.py:2972} INFO - Setting next_dagrun for example_task_group_decorator to 2022-08-05T03:44:20.553761+00:00, run_after=2022-08-06T03:44:20.553761+00:00
[2022-08-06 03:44:20,586] {processor.py:161} INFO - Processing /home/airflow/.local/lib/python3.7/site-packages/airflow/example_dags/example_task_group_decorator.py took 0.213 seconds
[2022-08-06 03:44:51,508] {processor.py:153} INFO - Started process (PID=11729) to work on /home/airflow/.local/lib/python3.7/site-packages/airflow/example_dags/example_task_group_decorator.py
[2022-08-06 03:44:51,509] {processor.py:641} INFO - Processing file /home/airflow/.local/lib/python3.7/site-packages/airflow/example_dags/example_task_group_decorator.py for tasks to queue
[2022-08-06 03:44:51,510] {logging_mixin.py:115} INFO - [2022-08-06 03:44:51,510] {dagbag.py:508} INFO - Filling up the DagBag from /home/airflow/.local/lib/python3.7/site-packages/airflow/example_dags/example_task_group_decorator.py
[2022-08-06 03:44:51,542] {processor.py:651} INFO - DAG(s) dict_keys(['example_task_group_decorator']) retrieved from /home/airflow/.local/lib/python3.7/site-packages/airflow/example_dags/example_task_group_decorator.py
[2022-08-06 03:44:51,620] {logging_mixin.py:115} INFO - [2022-08-06 03:44:51,620] {dag.py:2420} INFO - Sync 1 DAGs
[2022-08-06 03:44:51,647] {logging_mixin.py:115} INFO - [2022-08-06 03:44:51,647] {dag.py:2972} INFO - Setting next_dagrun for example_task_group_decorator to 2022-08-05T03:44:51.647300+00:00, run_after=2022-08-06T03:44:51.647300+00:00
[2022-08-06 03:44:51,665] {processor.py:161} INFO - Processing /home/airflow/.local/lib/python3.7/site-packages/airflow/example_dags/example_task_group_decorator.py took 0.160 seconds
[2022-08-06 03:45:22,334] {processor.py:153} INFO - Started process (PID=11933) to work on /home/airflow/.local/lib/python3.7/site-packages/airflow/example_dags/example_task_group_decorator.py
[2022-08-06 03:45:22,335] {processor.py:641} INFO - Processing file /home/airflow/.local/lib/python3.7/site-packages/airflow/example_dags/example_task_group_decorator.py for tasks to queue
[2022-08-06 03:45:22,336] {logging_mixin.py:115} INFO - [2022-08-06 03:45:22,336] {dagbag.py:508} INFO - Filling up the DagBag from /home/airflow/.local/lib/python3.7/site-packages/airflow/example_dags/example_task_group_decorator.py
[2022-08-06 03:45:22,387] {processor.py:651} INFO - DAG(s) dict_keys(['example_task_group_decorator']) retrieved from /home/airflow/.local/lib/python3.7/site-packages/airflow/example_dags/example_task_group_decorator.py
[2022-08-06 03:45:22,482] {logging_mixin.py:115} INFO - [2022-08-06 03:45:22,481] {dag.py:2420} INFO - Sync 1 DAGs
[2022-08-06 03:45:22,512] {logging_mixin.py:115} INFO - [2022-08-06 03:45:22,512] {dag.py:2972} INFO - Setting next_dagrun for example_task_group_decorator to 2022-08-05T03:45:22.512048+00:00, run_after=2022-08-06T03:45:22.512048+00:00
[2022-08-06 03:45:22,534] {processor.py:161} INFO - Processing /home/airflow/.local/lib/python3.7/site-packages/airflow/example_dags/example_task_group_decorator.py took 0.204 seconds
[2022-08-06 03:45:52,780] {processor.py:153} INFO - Started process (PID=12127) to work on /home/airflow/.local/lib/python3.7/site-packages/airflow/example_dags/example_task_group_decorator.py
[2022-08-06 03:45:52,781] {processor.py:641} INFO - Processing file /home/airflow/.local/lib/python3.7/site-packages/airflow/example_dags/example_task_group_decorator.py for tasks to queue
[2022-08-06 03:45:52,782] {logging_mixin.py:115} INFO - [2022-08-06 03:45:52,782] {dagbag.py:508} INFO - Filling up the DagBag from /home/airflow/.local/lib/python3.7/site-packages/airflow/example_dags/example_task_group_decorator.py
[2022-08-06 03:45:52,821] {processor.py:651} INFO - DAG(s) dict_keys(['example_task_group_decorator']) retrieved from /home/airflow/.local/lib/python3.7/site-packages/airflow/example_dags/example_task_group_decorator.py
[2022-08-06 03:45:52,920] {logging_mixin.py:115} INFO - [2022-08-06 03:45:52,920] {dag.py:2420} INFO - Sync 1 DAGs
[2022-08-06 03:45:52,955] {logging_mixin.py:115} INFO - [2022-08-06 03:45:52,955] {dag.py:2972} INFO - Setting next_dagrun for example_task_group_decorator to 2022-08-05T03:45:52.954763+00:00, run_after=2022-08-06T03:45:52.954763+00:00
[2022-08-06 03:45:52,983] {processor.py:161} INFO - Processing /home/airflow/.local/lib/python3.7/site-packages/airflow/example_dags/example_task_group_decorator.py took 0.207 seconds
[2022-08-06 03:46:23,224] {processor.py:153} INFO - Started process (PID=12335) to work on /home/airflow/.local/lib/python3.7/site-packages/airflow/example_dags/example_task_group_decorator.py
[2022-08-06 03:46:23,225] {processor.py:641} INFO - Processing file /home/airflow/.local/lib/python3.7/site-packages/airflow/example_dags/example_task_group_decorator.py for tasks to queue
[2022-08-06 03:46:23,226] {logging_mixin.py:115} INFO - [2022-08-06 03:46:23,226] {dagbag.py:508} INFO - Filling up the DagBag from /home/airflow/.local/lib/python3.7/site-packages/airflow/example_dags/example_task_group_decorator.py
[2022-08-06 03:46:23,268] {processor.py:651} INFO - DAG(s) dict_keys(['example_task_group_decorator']) retrieved from /home/airflow/.local/lib/python3.7/site-packages/airflow/example_dags/example_task_group_decorator.py
[2022-08-06 03:46:23,366] {logging_mixin.py:115} INFO - [2022-08-06 03:46:23,366] {dag.py:2420} INFO - Sync 1 DAGs
[2022-08-06 03:46:23,399] {logging_mixin.py:115} INFO - [2022-08-06 03:46:23,399] {dag.py:2972} INFO - Setting next_dagrun for example_task_group_decorator to 2022-08-05T03:46:23.399360+00:00, run_after=2022-08-06T03:46:23.399360+00:00
[2022-08-06 03:46:23,423] {processor.py:161} INFO - Processing /home/airflow/.local/lib/python3.7/site-packages/airflow/example_dags/example_task_group_decorator.py took 0.203 seconds
[2022-08-06 03:46:53,768] {processor.py:153} INFO - Started process (PID=12524) to work on /home/airflow/.local/lib/python3.7/site-packages/airflow/example_dags/example_task_group_decorator.py
[2022-08-06 03:46:53,769] {processor.py:641} INFO - Processing file /home/airflow/.local/lib/python3.7/site-packages/airflow/example_dags/example_task_group_decorator.py for tasks to queue
[2022-08-06 03:46:53,770] {logging_mixin.py:115} INFO - [2022-08-06 03:46:53,769] {dagbag.py:508} INFO - Filling up the DagBag from /home/airflow/.local/lib/python3.7/site-packages/airflow/example_dags/example_task_group_decorator.py
[2022-08-06 03:46:53,810] {processor.py:651} INFO - DAG(s) dict_keys(['example_task_group_decorator']) retrieved from /home/airflow/.local/lib/python3.7/site-packages/airflow/example_dags/example_task_group_decorator.py
[2022-08-06 03:46:53,910] {logging_mixin.py:115} INFO - [2022-08-06 03:46:53,910] {dag.py:2420} INFO - Sync 1 DAGs
[2022-08-06 03:46:53,939] {logging_mixin.py:115} INFO - [2022-08-06 03:46:53,939] {dag.py:2972} INFO - Setting next_dagrun for example_task_group_decorator to 2022-08-05T03:46:53.939121+00:00, run_after=2022-08-06T03:46:53.939121+00:00
[2022-08-06 03:46:53,963] {processor.py:161} INFO - Processing /home/airflow/.local/lib/python3.7/site-packages/airflow/example_dags/example_task_group_decorator.py took 0.199 seconds
[2022-08-06 03:47:24,185] {processor.py:153} INFO - Started process (PID=12727) to work on /home/airflow/.local/lib/python3.7/site-packages/airflow/example_dags/example_task_group_decorator.py
[2022-08-06 03:47:24,186] {processor.py:641} INFO - Processing file /home/airflow/.local/lib/python3.7/site-packages/airflow/example_dags/example_task_group_decorator.py for tasks to queue
[2022-08-06 03:47:24,187] {logging_mixin.py:115} INFO - [2022-08-06 03:47:24,187] {dagbag.py:508} INFO - Filling up the DagBag from /home/airflow/.local/lib/python3.7/site-packages/airflow/example_dags/example_task_group_decorator.py
[2022-08-06 03:47:24,220] {processor.py:651} INFO - DAG(s) dict_keys(['example_task_group_decorator']) retrieved from /home/airflow/.local/lib/python3.7/site-packages/airflow/example_dags/example_task_group_decorator.py
[2022-08-06 03:47:24,316] {logging_mixin.py:115} INFO - [2022-08-06 03:47:24,316] {dag.py:2420} INFO - Sync 1 DAGs
[2022-08-06 03:47:24,346] {logging_mixin.py:115} INFO - [2022-08-06 03:47:24,346] {dag.py:2972} INFO - Setting next_dagrun for example_task_group_decorator to 2022-08-05T03:47:24.346264+00:00, run_after=2022-08-06T03:47:24.346264+00:00
[2022-08-06 03:47:24,366] {processor.py:161} INFO - Processing /home/airflow/.local/lib/python3.7/site-packages/airflow/example_dags/example_task_group_decorator.py took 0.185 seconds
[2022-08-06 03:47:54,545] {processor.py:153} INFO - Started process (PID=12921) to work on /home/airflow/.local/lib/python3.7/site-packages/airflow/example_dags/example_task_group_decorator.py
[2022-08-06 03:47:54,546] {processor.py:641} INFO - Processing file /home/airflow/.local/lib/python3.7/site-packages/airflow/example_dags/example_task_group_decorator.py for tasks to queue
[2022-08-06 03:47:54,547] {logging_mixin.py:115} INFO - [2022-08-06 03:47:54,547] {dagbag.py:508} INFO - Filling up the DagBag from /home/airflow/.local/lib/python3.7/site-packages/airflow/example_dags/example_task_group_decorator.py
[2022-08-06 03:47:54,584] {processor.py:651} INFO - DAG(s) dict_keys(['example_task_group_decorator']) retrieved from /home/airflow/.local/lib/python3.7/site-packages/airflow/example_dags/example_task_group_decorator.py
[2022-08-06 03:47:54,692] {logging_mixin.py:115} INFO - [2022-08-06 03:47:54,692] {dag.py:2420} INFO - Sync 1 DAGs
[2022-08-06 03:47:54,724] {logging_mixin.py:115} INFO - [2022-08-06 03:47:54,724] {dag.py:2972} INFO - Setting next_dagrun for example_task_group_decorator to 2022-08-05T03:47:54.724280+00:00, run_after=2022-08-06T03:47:54.724280+00:00
[2022-08-06 03:47:54,744] {processor.py:161} INFO - Processing /home/airflow/.local/lib/python3.7/site-packages/airflow/example_dags/example_task_group_decorator.py took 0.203 seconds
[2022-08-06 03:48:25,032] {processor.py:153} INFO - Started process (PID=13124) to work on /home/airflow/.local/lib/python3.7/site-packages/airflow/example_dags/example_task_group_decorator.py
[2022-08-06 03:48:25,032] {processor.py:641} INFO - Processing file /home/airflow/.local/lib/python3.7/site-packages/airflow/example_dags/example_task_group_decorator.py for tasks to queue
[2022-08-06 03:48:25,033] {logging_mixin.py:115} INFO - [2022-08-06 03:48:25,033] {dagbag.py:508} INFO - Filling up the DagBag from /home/airflow/.local/lib/python3.7/site-packages/airflow/example_dags/example_task_group_decorator.py
[2022-08-06 03:48:25,072] {processor.py:651} INFO - DAG(s) dict_keys(['example_task_group_decorator']) retrieved from /home/airflow/.local/lib/python3.7/site-packages/airflow/example_dags/example_task_group_decorator.py
[2022-08-06 03:48:25,161] {logging_mixin.py:115} INFO - [2022-08-06 03:48:25,161] {dag.py:2420} INFO - Sync 1 DAGs
[2022-08-06 03:48:25,192] {logging_mixin.py:115} INFO - [2022-08-06 03:48:25,192] {dag.py:2972} INFO - Setting next_dagrun for example_task_group_decorator to 2022-08-05T03:48:25.192074+00:00, run_after=2022-08-06T03:48:25.192074+00:00
[2022-08-06 03:48:25,213] {processor.py:161} INFO - Processing /home/airflow/.local/lib/python3.7/site-packages/airflow/example_dags/example_task_group_decorator.py took 0.185 seconds
[2022-08-06 16:59:51,612] {processor.py:153} INFO - Started process (PID=13315) to work on /home/airflow/.local/lib/python3.7/site-packages/airflow/example_dags/example_task_group_decorator.py
[2022-08-06 16:59:51,614] {processor.py:641} INFO - Processing file /home/airflow/.local/lib/python3.7/site-packages/airflow/example_dags/example_task_group_decorator.py for tasks to queue
[2022-08-06 16:59:51,614] {logging_mixin.py:115} INFO - [2022-08-06 16:59:51,614] {dagbag.py:508} INFO - Filling up the DagBag from /home/airflow/.local/lib/python3.7/site-packages/airflow/example_dags/example_task_group_decorator.py
[2022-08-06 16:59:51,658] {processor.py:651} INFO - DAG(s) dict_keys(['example_task_group_decorator']) retrieved from /home/airflow/.local/lib/python3.7/site-packages/airflow/example_dags/example_task_group_decorator.py
[2022-08-06 16:59:51,778] {logging_mixin.py:115} INFO - [2022-08-06 16:59:51,778] {dag.py:2420} INFO - Sync 1 DAGs
[2022-08-06 16:59:51,817] {logging_mixin.py:115} INFO - [2022-08-06 16:59:51,817] {dag.py:2972} INFO - Setting next_dagrun for example_task_group_decorator to 2022-08-05T16:59:51.817371+00:00, run_after=2022-08-06T16:59:51.817371+00:00
[2022-08-06 16:59:51,850] {processor.py:161} INFO - Processing /home/airflow/.local/lib/python3.7/site-packages/airflow/example_dags/example_task_group_decorator.py took 0.241 seconds
[2022-08-06 17:00:22,136] {processor.py:153} INFO - Started process (PID=13511) to work on /home/airflow/.local/lib/python3.7/site-packages/airflow/example_dags/example_task_group_decorator.py
[2022-08-06 17:00:22,137] {processor.py:641} INFO - Processing file /home/airflow/.local/lib/python3.7/site-packages/airflow/example_dags/example_task_group_decorator.py for tasks to queue
[2022-08-06 17:00:22,137] {logging_mixin.py:115} INFO - [2022-08-06 17:00:22,137] {dagbag.py:508} INFO - Filling up the DagBag from /home/airflow/.local/lib/python3.7/site-packages/airflow/example_dags/example_task_group_decorator.py
[2022-08-06 17:00:22,163] {processor.py:651} INFO - DAG(s) dict_keys(['example_task_group_decorator']) retrieved from /home/airflow/.local/lib/python3.7/site-packages/airflow/example_dags/example_task_group_decorator.py
[2022-08-06 17:00:22,231] {logging_mixin.py:115} INFO - [2022-08-06 17:00:22,231] {dag.py:2420} INFO - Sync 1 DAGs
[2022-08-06 17:00:22,251] {logging_mixin.py:115} INFO - [2022-08-06 17:00:22,251] {dag.py:2972} INFO - Setting next_dagrun for example_task_group_decorator to 2022-08-05T17:00:22.250972+00:00, run_after=2022-08-06T17:00:22.250972+00:00
[2022-08-06 17:00:22,269] {processor.py:161} INFO - Processing /home/airflow/.local/lib/python3.7/site-packages/airflow/example_dags/example_task_group_decorator.py took 0.135 seconds
[2022-08-06 17:00:52,987] {processor.py:153} INFO - Started process (PID=13712) to work on /home/airflow/.local/lib/python3.7/site-packages/airflow/example_dags/example_task_group_decorator.py
[2022-08-06 17:00:52,988] {processor.py:641} INFO - Processing file /home/airflow/.local/lib/python3.7/site-packages/airflow/example_dags/example_task_group_decorator.py for tasks to queue
[2022-08-06 17:00:52,989] {logging_mixin.py:115} INFO - [2022-08-06 17:00:52,989] {dagbag.py:508} INFO - Filling up the DagBag from /home/airflow/.local/lib/python3.7/site-packages/airflow/example_dags/example_task_group_decorator.py
[2022-08-06 17:00:53,019] {processor.py:651} INFO - DAG(s) dict_keys(['example_task_group_decorator']) retrieved from /home/airflow/.local/lib/python3.7/site-packages/airflow/example_dags/example_task_group_decorator.py
[2022-08-06 17:00:53,089] {logging_mixin.py:115} INFO - [2022-08-06 17:00:53,089] {dag.py:2420} INFO - Sync 1 DAGs
[2022-08-06 17:00:53,109] {logging_mixin.py:115} INFO - [2022-08-06 17:00:53,109] {dag.py:2972} INFO - Setting next_dagrun for example_task_group_decorator to 2022-08-05T17:00:53.109215+00:00, run_after=2022-08-06T17:00:53.109215+00:00
[2022-08-06 17:00:53,127] {processor.py:161} INFO - Processing /home/airflow/.local/lib/python3.7/site-packages/airflow/example_dags/example_task_group_decorator.py took 0.142 seconds
[2022-08-06 17:01:23,978] {processor.py:153} INFO - Started process (PID=13916) to work on /home/airflow/.local/lib/python3.7/site-packages/airflow/example_dags/example_task_group_decorator.py
[2022-08-06 17:01:23,979] {processor.py:641} INFO - Processing file /home/airflow/.local/lib/python3.7/site-packages/airflow/example_dags/example_task_group_decorator.py for tasks to queue
[2022-08-06 17:01:23,980] {logging_mixin.py:115} INFO - [2022-08-06 17:01:23,980] {dagbag.py:508} INFO - Filling up the DagBag from /home/airflow/.local/lib/python3.7/site-packages/airflow/example_dags/example_task_group_decorator.py
[2022-08-06 17:01:24,020] {processor.py:651} INFO - DAG(s) dict_keys(['example_task_group_decorator']) retrieved from /home/airflow/.local/lib/python3.7/site-packages/airflow/example_dags/example_task_group_decorator.py
[2022-08-06 17:01:24,114] {logging_mixin.py:115} INFO - [2022-08-06 17:01:24,114] {dag.py:2420} INFO - Sync 1 DAGs
[2022-08-06 17:01:24,148] {logging_mixin.py:115} INFO - [2022-08-06 17:01:24,148] {dag.py:2972} INFO - Setting next_dagrun for example_task_group_decorator to 2022-08-05T17:01:24.148269+00:00, run_after=2022-08-06T17:01:24.148269+00:00
[2022-08-06 17:01:24,173] {processor.py:161} INFO - Processing /home/airflow/.local/lib/python3.7/site-packages/airflow/example_dags/example_task_group_decorator.py took 0.200 seconds
[2022-08-06 17:01:54,826] {processor.py:153} INFO - Started process (PID=14110) to work on /home/airflow/.local/lib/python3.7/site-packages/airflow/example_dags/example_task_group_decorator.py
[2022-08-06 17:01:54,827] {processor.py:641} INFO - Processing file /home/airflow/.local/lib/python3.7/site-packages/airflow/example_dags/example_task_group_decorator.py for tasks to queue
[2022-08-06 17:01:54,828] {logging_mixin.py:115} INFO - [2022-08-06 17:01:54,828] {dagbag.py:508} INFO - Filling up the DagBag from /home/airflow/.local/lib/python3.7/site-packages/airflow/example_dags/example_task_group_decorator.py
[2022-08-06 17:01:54,862] {processor.py:651} INFO - DAG(s) dict_keys(['example_task_group_decorator']) retrieved from /home/airflow/.local/lib/python3.7/site-packages/airflow/example_dags/example_task_group_decorator.py
[2022-08-06 17:01:54,948] {logging_mixin.py:115} INFO - [2022-08-06 17:01:54,948] {dag.py:2420} INFO - Sync 1 DAGs
[2022-08-06 17:01:54,980] {logging_mixin.py:115} INFO - [2022-08-06 17:01:54,980] {dag.py:2972} INFO - Setting next_dagrun for example_task_group_decorator to 2022-08-05T17:01:54.979312+00:00, run_after=2022-08-06T17:01:54.979312+00:00
[2022-08-06 17:01:55,014] {processor.py:161} INFO - Processing /home/airflow/.local/lib/python3.7/site-packages/airflow/example_dags/example_task_group_decorator.py took 0.191 seconds
[2022-08-06 17:02:25,218] {processor.py:153} INFO - Started process (PID=14315) to work on /home/airflow/.local/lib/python3.7/site-packages/airflow/example_dags/example_task_group_decorator.py
[2022-08-06 17:02:25,219] {processor.py:641} INFO - Processing file /home/airflow/.local/lib/python3.7/site-packages/airflow/example_dags/example_task_group_decorator.py for tasks to queue
[2022-08-06 17:02:25,221] {logging_mixin.py:115} INFO - [2022-08-06 17:02:25,221] {dagbag.py:508} INFO - Filling up the DagBag from /home/airflow/.local/lib/python3.7/site-packages/airflow/example_dags/example_task_group_decorator.py
[2022-08-06 17:02:25,265] {processor.py:651} INFO - DAG(s) dict_keys(['example_task_group_decorator']) retrieved from /home/airflow/.local/lib/python3.7/site-packages/airflow/example_dags/example_task_group_decorator.py
[2022-08-06 17:02:25,360] {logging_mixin.py:115} INFO - [2022-08-06 17:02:25,360] {dag.py:2420} INFO - Sync 1 DAGs
[2022-08-06 17:02:25,390] {logging_mixin.py:115} INFO - [2022-08-06 17:02:25,389] {dag.py:2972} INFO - Setting next_dagrun for example_task_group_decorator to 2022-08-05T17:02:25.389418+00:00, run_after=2022-08-06T17:02:25.389418+00:00
[2022-08-06 17:02:25,417] {processor.py:161} INFO - Processing /home/airflow/.local/lib/python3.7/site-packages/airflow/example_dags/example_task_group_decorator.py took 0.203 seconds
[2022-08-06 17:02:55,509] {processor.py:153} INFO - Started process (PID=14509) to work on /home/airflow/.local/lib/python3.7/site-packages/airflow/example_dags/example_task_group_decorator.py
[2022-08-06 17:02:55,510] {processor.py:641} INFO - Processing file /home/airflow/.local/lib/python3.7/site-packages/airflow/example_dags/example_task_group_decorator.py for tasks to queue
[2022-08-06 17:02:55,511] {logging_mixin.py:115} INFO - [2022-08-06 17:02:55,511] {dagbag.py:508} INFO - Filling up the DagBag from /home/airflow/.local/lib/python3.7/site-packages/airflow/example_dags/example_task_group_decorator.py
[2022-08-06 17:02:55,548] {processor.py:651} INFO - DAG(s) dict_keys(['example_task_group_decorator']) retrieved from /home/airflow/.local/lib/python3.7/site-packages/airflow/example_dags/example_task_group_decorator.py
[2022-08-06 17:02:55,649] {logging_mixin.py:115} INFO - [2022-08-06 17:02:55,649] {dag.py:2420} INFO - Sync 1 DAGs
[2022-08-06 17:02:55,683] {logging_mixin.py:115} INFO - [2022-08-06 17:02:55,683] {dag.py:2972} INFO - Setting next_dagrun for example_task_group_decorator to 2022-08-05T17:02:55.683292+00:00, run_after=2022-08-06T17:02:55.683292+00:00
[2022-08-06 17:02:55,710] {processor.py:161} INFO - Processing /home/airflow/.local/lib/python3.7/site-packages/airflow/example_dags/example_task_group_decorator.py took 0.205 seconds
[2022-08-06 17:03:26,149] {processor.py:153} INFO - Started process (PID=14710) to work on /home/airflow/.local/lib/python3.7/site-packages/airflow/example_dags/example_task_group_decorator.py
[2022-08-06 17:03:26,150] {processor.py:641} INFO - Processing file /home/airflow/.local/lib/python3.7/site-packages/airflow/example_dags/example_task_group_decorator.py for tasks to queue
[2022-08-06 17:03:26,151] {logging_mixin.py:115} INFO - [2022-08-06 17:03:26,151] {dagbag.py:508} INFO - Filling up the DagBag from /home/airflow/.local/lib/python3.7/site-packages/airflow/example_dags/example_task_group_decorator.py
[2022-08-06 17:03:26,186] {processor.py:651} INFO - DAG(s) dict_keys(['example_task_group_decorator']) retrieved from /home/airflow/.local/lib/python3.7/site-packages/airflow/example_dags/example_task_group_decorator.py
[2022-08-06 17:03:26,269] {logging_mixin.py:115} INFO - [2022-08-06 17:03:26,269] {dag.py:2420} INFO - Sync 1 DAGs
[2022-08-06 17:03:26,294] {logging_mixin.py:115} INFO - [2022-08-06 17:03:26,294] {dag.py:2972} INFO - Setting next_dagrun for example_task_group_decorator to 2022-08-05T17:03:26.294541+00:00, run_after=2022-08-06T17:03:26.294541+00:00
[2022-08-06 17:03:26,319] {processor.py:161} INFO - Processing /home/airflow/.local/lib/python3.7/site-packages/airflow/example_dags/example_task_group_decorator.py took 0.174 seconds
[2022-08-06 17:03:57,057] {processor.py:153} INFO - Started process (PID=14904) to work on /home/airflow/.local/lib/python3.7/site-packages/airflow/example_dags/example_task_group_decorator.py
[2022-08-06 17:03:57,058] {processor.py:641} INFO - Processing file /home/airflow/.local/lib/python3.7/site-packages/airflow/example_dags/example_task_group_decorator.py for tasks to queue
[2022-08-06 17:03:57,059] {logging_mixin.py:115} INFO - [2022-08-06 17:03:57,059] {dagbag.py:508} INFO - Filling up the DagBag from /home/airflow/.local/lib/python3.7/site-packages/airflow/example_dags/example_task_group_decorator.py
[2022-08-06 17:03:57,092] {processor.py:651} INFO - DAG(s) dict_keys(['example_task_group_decorator']) retrieved from /home/airflow/.local/lib/python3.7/site-packages/airflow/example_dags/example_task_group_decorator.py
[2022-08-06 17:03:57,175] {logging_mixin.py:115} INFO - [2022-08-06 17:03:57,175] {dag.py:2420} INFO - Sync 1 DAGs
[2022-08-06 17:03:57,203] {logging_mixin.py:115} INFO - [2022-08-06 17:03:57,203] {dag.py:2972} INFO - Setting next_dagrun for example_task_group_decorator to 2022-08-05T17:03:57.203364+00:00, run_after=2022-08-06T17:03:57.203364+00:00
[2022-08-06 17:03:57,226] {processor.py:161} INFO - Processing /home/airflow/.local/lib/python3.7/site-packages/airflow/example_dags/example_task_group_decorator.py took 0.172 seconds
[2022-08-06 17:04:28,192] {processor.py:153} INFO - Started process (PID=15107) to work on /home/airflow/.local/lib/python3.7/site-packages/airflow/example_dags/example_task_group_decorator.py
[2022-08-06 17:04:28,193] {processor.py:641} INFO - Processing file /home/airflow/.local/lib/python3.7/site-packages/airflow/example_dags/example_task_group_decorator.py for tasks to queue
[2022-08-06 17:04:28,194] {logging_mixin.py:115} INFO - [2022-08-06 17:04:28,194] {dagbag.py:508} INFO - Filling up the DagBag from /home/airflow/.local/lib/python3.7/site-packages/airflow/example_dags/example_task_group_decorator.py
[2022-08-06 17:04:28,227] {processor.py:651} INFO - DAG(s) dict_keys(['example_task_group_decorator']) retrieved from /home/airflow/.local/lib/python3.7/site-packages/airflow/example_dags/example_task_group_decorator.py
[2022-08-06 17:04:28,319] {logging_mixin.py:115} INFO - [2022-08-06 17:04:28,319] {dag.py:2420} INFO - Sync 1 DAGs
[2022-08-06 17:04:28,350] {logging_mixin.py:115} INFO - [2022-08-06 17:04:28,349] {dag.py:2972} INFO - Setting next_dagrun for example_task_group_decorator to 2022-08-05T17:04:28.349643+00:00, run_after=2022-08-06T17:04:28.349643+00:00
[2022-08-06 17:04:28,376] {processor.py:161} INFO - Processing /home/airflow/.local/lib/python3.7/site-packages/airflow/example_dags/example_task_group_decorator.py took 0.187 seconds
[2022-08-06 17:04:59,110] {processor.py:153} INFO - Started process (PID=15303) to work on /home/airflow/.local/lib/python3.7/site-packages/airflow/example_dags/example_task_group_decorator.py
[2022-08-06 17:04:59,111] {processor.py:641} INFO - Processing file /home/airflow/.local/lib/python3.7/site-packages/airflow/example_dags/example_task_group_decorator.py for tasks to queue
[2022-08-06 17:04:59,111] {logging_mixin.py:115} INFO - [2022-08-06 17:04:59,111] {dagbag.py:508} INFO - Filling up the DagBag from /home/airflow/.local/lib/python3.7/site-packages/airflow/example_dags/example_task_group_decorator.py
[2022-08-06 17:04:59,142] {processor.py:651} INFO - DAG(s) dict_keys(['example_task_group_decorator']) retrieved from /home/airflow/.local/lib/python3.7/site-packages/airflow/example_dags/example_task_group_decorator.py
[2022-08-06 17:04:59,229] {logging_mixin.py:115} INFO - [2022-08-06 17:04:59,229] {dag.py:2420} INFO - Sync 1 DAGs
[2022-08-06 17:04:59,260] {logging_mixin.py:115} INFO - [2022-08-06 17:04:59,259] {dag.py:2972} INFO - Setting next_dagrun for example_task_group_decorator to 2022-08-05T17:04:59.259483+00:00, run_after=2022-08-06T17:04:59.259483+00:00
[2022-08-06 17:04:59,280] {processor.py:161} INFO - Processing /home/airflow/.local/lib/python3.7/site-packages/airflow/example_dags/example_task_group_decorator.py took 0.173 seconds
[2022-08-06 17:05:29,906] {processor.py:153} INFO - Started process (PID=15504) to work on /home/airflow/.local/lib/python3.7/site-packages/airflow/example_dags/example_task_group_decorator.py
[2022-08-06 17:05:29,906] {processor.py:641} INFO - Processing file /home/airflow/.local/lib/python3.7/site-packages/airflow/example_dags/example_task_group_decorator.py for tasks to queue
[2022-08-06 17:05:29,907] {logging_mixin.py:115} INFO - [2022-08-06 17:05:29,907] {dagbag.py:508} INFO - Filling up the DagBag from /home/airflow/.local/lib/python3.7/site-packages/airflow/example_dags/example_task_group_decorator.py
[2022-08-06 17:05:29,944] {processor.py:651} INFO - DAG(s) dict_keys(['example_task_group_decorator']) retrieved from /home/airflow/.local/lib/python3.7/site-packages/airflow/example_dags/example_task_group_decorator.py
[2022-08-06 17:05:30,042] {logging_mixin.py:115} INFO - [2022-08-06 17:05:30,041] {dag.py:2420} INFO - Sync 1 DAGs
[2022-08-06 17:05:30,069] {logging_mixin.py:115} INFO - [2022-08-06 17:05:30,069] {dag.py:2972} INFO - Setting next_dagrun for example_task_group_decorator to 2022-08-05T17:05:30.069072+00:00, run_after=2022-08-06T17:05:30.069072+00:00
[2022-08-06 17:05:30,089] {processor.py:161} INFO - Processing /home/airflow/.local/lib/python3.7/site-packages/airflow/example_dags/example_task_group_decorator.py took 0.187 seconds
[2022-08-06 17:06:01,005] {processor.py:153} INFO - Started process (PID=15698) to work on /home/airflow/.local/lib/python3.7/site-packages/airflow/example_dags/example_task_group_decorator.py
[2022-08-06 17:06:01,006] {processor.py:641} INFO - Processing file /home/airflow/.local/lib/python3.7/site-packages/airflow/example_dags/example_task_group_decorator.py for tasks to queue
[2022-08-06 17:06:01,007] {logging_mixin.py:115} INFO - [2022-08-06 17:06:01,007] {dagbag.py:508} INFO - Filling up the DagBag from /home/airflow/.local/lib/python3.7/site-packages/airflow/example_dags/example_task_group_decorator.py
[2022-08-06 17:06:01,038] {processor.py:651} INFO - DAG(s) dict_keys(['example_task_group_decorator']) retrieved from /home/airflow/.local/lib/python3.7/site-packages/airflow/example_dags/example_task_group_decorator.py
[2022-08-06 17:06:01,071] {logging_mixin.py:115} INFO - [2022-08-06 17:06:01,071] {dag.py:2420} INFO - Sync 1 DAGs
[2022-08-06 17:06:01,097] {logging_mixin.py:115} INFO - [2022-08-06 17:06:01,097] {dag.py:2972} INFO - Setting next_dagrun for example_task_group_decorator to 2022-08-05T17:06:01.097444+00:00, run_after=2022-08-06T17:06:01.097444+00:00
[2022-08-06 17:06:01,114] {processor.py:161} INFO - Processing /home/airflow/.local/lib/python3.7/site-packages/airflow/example_dags/example_task_group_decorator.py took 0.112 seconds
[2022-08-06 17:06:31,926] {processor.py:153} INFO - Started process (PID=15901) to work on /home/airflow/.local/lib/python3.7/site-packages/airflow/example_dags/example_task_group_decorator.py
[2022-08-06 17:06:31,927] {processor.py:641} INFO - Processing file /home/airflow/.local/lib/python3.7/site-packages/airflow/example_dags/example_task_group_decorator.py for tasks to queue
[2022-08-06 17:06:31,928] {logging_mixin.py:115} INFO - [2022-08-06 17:06:31,928] {dagbag.py:508} INFO - Filling up the DagBag from /home/airflow/.local/lib/python3.7/site-packages/airflow/example_dags/example_task_group_decorator.py
[2022-08-06 17:06:31,958] {processor.py:651} INFO - DAG(s) dict_keys(['example_task_group_decorator']) retrieved from /home/airflow/.local/lib/python3.7/site-packages/airflow/example_dags/example_task_group_decorator.py
[2022-08-06 17:06:32,051] {logging_mixin.py:115} INFO - [2022-08-06 17:06:32,050] {dag.py:2420} INFO - Sync 1 DAGs
[2022-08-06 17:06:32,076] {logging_mixin.py:115} INFO - [2022-08-06 17:06:32,076] {dag.py:2972} INFO - Setting next_dagrun for example_task_group_decorator to 2022-08-05T17:06:32.076535+00:00, run_after=2022-08-06T17:06:32.076535+00:00
[2022-08-06 17:06:32,096] {processor.py:161} INFO - Processing /home/airflow/.local/lib/python3.7/site-packages/airflow/example_dags/example_task_group_decorator.py took 0.172 seconds
[2022-08-06 17:07:02,982] {processor.py:153} INFO - Started process (PID=16101) to work on /home/airflow/.local/lib/python3.7/site-packages/airflow/example_dags/example_task_group_decorator.py
[2022-08-06 17:07:02,984] {processor.py:641} INFO - Processing file /home/airflow/.local/lib/python3.7/site-packages/airflow/example_dags/example_task_group_decorator.py for tasks to queue
[2022-08-06 17:07:02,985] {logging_mixin.py:115} INFO - [2022-08-06 17:07:02,985] {dagbag.py:508} INFO - Filling up the DagBag from /home/airflow/.local/lib/python3.7/site-packages/airflow/example_dags/example_task_group_decorator.py
[2022-08-06 17:07:03,035] {processor.py:651} INFO - DAG(s) dict_keys(['example_task_group_decorator']) retrieved from /home/airflow/.local/lib/python3.7/site-packages/airflow/example_dags/example_task_group_decorator.py
[2022-08-06 17:07:03,148] {logging_mixin.py:115} INFO - [2022-08-06 17:07:03,147] {dag.py:2420} INFO - Sync 1 DAGs
[2022-08-06 17:07:03,183] {logging_mixin.py:115} INFO - [2022-08-06 17:07:03,183] {dag.py:2972} INFO - Setting next_dagrun for example_task_group_decorator to 2022-08-05T17:07:03.182854+00:00, run_after=2022-08-06T17:07:03.182854+00:00
[2022-08-06 17:07:03,205] {processor.py:161} INFO - Processing /home/airflow/.local/lib/python3.7/site-packages/airflow/example_dags/example_task_group_decorator.py took 0.229 seconds
[2022-08-06 17:07:33,538] {processor.py:153} INFO - Started process (PID=16297) to work on /home/airflow/.local/lib/python3.7/site-packages/airflow/example_dags/example_task_group_decorator.py
[2022-08-06 17:07:33,539] {processor.py:641} INFO - Processing file /home/airflow/.local/lib/python3.7/site-packages/airflow/example_dags/example_task_group_decorator.py for tasks to queue
[2022-08-06 17:07:33,540] {logging_mixin.py:115} INFO - [2022-08-06 17:07:33,540] {dagbag.py:508} INFO - Filling up the DagBag from /home/airflow/.local/lib/python3.7/site-packages/airflow/example_dags/example_task_group_decorator.py
[2022-08-06 17:07:33,573] {processor.py:651} INFO - DAG(s) dict_keys(['example_task_group_decorator']) retrieved from /home/airflow/.local/lib/python3.7/site-packages/airflow/example_dags/example_task_group_decorator.py
[2022-08-06 17:07:33,663] {logging_mixin.py:115} INFO - [2022-08-06 17:07:33,663] {dag.py:2420} INFO - Sync 1 DAGs
[2022-08-06 17:07:33,692] {logging_mixin.py:115} INFO - [2022-08-06 17:07:33,692] {dag.py:2972} INFO - Setting next_dagrun for example_task_group_decorator to 2022-08-05T17:07:33.692217+00:00, run_after=2022-08-06T17:07:33.692217+00:00
[2022-08-06 17:07:33,714] {processor.py:161} INFO - Processing /home/airflow/.local/lib/python3.7/site-packages/airflow/example_dags/example_task_group_decorator.py took 0.180 seconds
[2022-08-06 17:08:05,087] {processor.py:153} INFO - Started process (PID=16502) to work on /home/airflow/.local/lib/python3.7/site-packages/airflow/example_dags/example_task_group_decorator.py
[2022-08-06 17:08:05,089] {processor.py:641} INFO - Processing file /home/airflow/.local/lib/python3.7/site-packages/airflow/example_dags/example_task_group_decorator.py for tasks to queue
[2022-08-06 17:08:05,091] {logging_mixin.py:115} INFO - [2022-08-06 17:08:05,090] {dagbag.py:508} INFO - Filling up the DagBag from /home/airflow/.local/lib/python3.7/site-packages/airflow/example_dags/example_task_group_decorator.py
[2022-08-06 17:08:05,134] {processor.py:651} INFO - DAG(s) dict_keys(['example_task_group_decorator']) retrieved from /home/airflow/.local/lib/python3.7/site-packages/airflow/example_dags/example_task_group_decorator.py
[2022-08-06 17:08:05,253] {logging_mixin.py:115} INFO - [2022-08-06 17:08:05,253] {dag.py:2420} INFO - Sync 1 DAGs
[2022-08-06 17:08:05,294] {logging_mixin.py:115} INFO - [2022-08-06 17:08:05,294] {dag.py:2972} INFO - Setting next_dagrun for example_task_group_decorator to 2022-08-05T17:08:05.294510+00:00, run_after=2022-08-06T17:08:05.294510+00:00
[2022-08-06 17:08:05,320] {processor.py:161} INFO - Processing /home/airflow/.local/lib/python3.7/site-packages/airflow/example_dags/example_task_group_decorator.py took 0.239 seconds
[2022-08-06 17:08:35,792] {processor.py:153} INFO - Started process (PID=16696) to work on /home/airflow/.local/lib/python3.7/site-packages/airflow/example_dags/example_task_group_decorator.py
[2022-08-06 17:08:35,793] {processor.py:641} INFO - Processing file /home/airflow/.local/lib/python3.7/site-packages/airflow/example_dags/example_task_group_decorator.py for tasks to queue
[2022-08-06 17:08:35,795] {logging_mixin.py:115} INFO - [2022-08-06 17:08:35,795] {dagbag.py:508} INFO - Filling up the DagBag from /home/airflow/.local/lib/python3.7/site-packages/airflow/example_dags/example_task_group_decorator.py
[2022-08-06 17:08:35,831] {processor.py:651} INFO - DAG(s) dict_keys(['example_task_group_decorator']) retrieved from /home/airflow/.local/lib/python3.7/site-packages/airflow/example_dags/example_task_group_decorator.py
[2022-08-06 17:08:35,926] {logging_mixin.py:115} INFO - [2022-08-06 17:08:35,926] {dag.py:2420} INFO - Sync 1 DAGs
[2022-08-06 17:08:35,953] {logging_mixin.py:115} INFO - [2022-08-06 17:08:35,953] {dag.py:2972} INFO - Setting next_dagrun for example_task_group_decorator to 2022-08-05T17:08:35.953529+00:00, run_after=2022-08-06T17:08:35.953529+00:00
[2022-08-06 17:08:35,983] {processor.py:161} INFO - Processing /home/airflow/.local/lib/python3.7/site-packages/airflow/example_dags/example_task_group_decorator.py took 0.196 seconds
[2022-08-06 17:09:06,319] {processor.py:153} INFO - Started process (PID=16897) to work on /home/airflow/.local/lib/python3.7/site-packages/airflow/example_dags/example_task_group_decorator.py
[2022-08-06 17:09:06,320] {processor.py:641} INFO - Processing file /home/airflow/.local/lib/python3.7/site-packages/airflow/example_dags/example_task_group_decorator.py for tasks to queue
[2022-08-06 17:09:06,321] {logging_mixin.py:115} INFO - [2022-08-06 17:09:06,321] {dagbag.py:508} INFO - Filling up the DagBag from /home/airflow/.local/lib/python3.7/site-packages/airflow/example_dags/example_task_group_decorator.py
[2022-08-06 17:09:06,354] {processor.py:651} INFO - DAG(s) dict_keys(['example_task_group_decorator']) retrieved from /home/airflow/.local/lib/python3.7/site-packages/airflow/example_dags/example_task_group_decorator.py
[2022-08-06 17:09:06,465] {logging_mixin.py:115} INFO - [2022-08-06 17:09:06,464] {dag.py:2420} INFO - Sync 1 DAGs
[2022-08-06 17:09:06,507] {logging_mixin.py:115} INFO - [2022-08-06 17:09:06,507] {dag.py:2972} INFO - Setting next_dagrun for example_task_group_decorator to 2022-08-05T17:09:06.506784+00:00, run_after=2022-08-06T17:09:06.506784+00:00
[2022-08-06 17:09:06,529] {processor.py:161} INFO - Processing /home/airflow/.local/lib/python3.7/site-packages/airflow/example_dags/example_task_group_decorator.py took 0.214 seconds
[2022-08-06 17:09:37,163] {processor.py:153} INFO - Started process (PID=17091) to work on /home/airflow/.local/lib/python3.7/site-packages/airflow/example_dags/example_task_group_decorator.py
[2022-08-06 17:09:37,164] {processor.py:641} INFO - Processing file /home/airflow/.local/lib/python3.7/site-packages/airflow/example_dags/example_task_group_decorator.py for tasks to queue
[2022-08-06 17:09:37,164] {logging_mixin.py:115} INFO - [2022-08-06 17:09:37,164] {dagbag.py:508} INFO - Filling up the DagBag from /home/airflow/.local/lib/python3.7/site-packages/airflow/example_dags/example_task_group_decorator.py
[2022-08-06 17:09:37,204] {processor.py:651} INFO - DAG(s) dict_keys(['example_task_group_decorator']) retrieved from /home/airflow/.local/lib/python3.7/site-packages/airflow/example_dags/example_task_group_decorator.py
[2022-08-06 17:09:37,303] {logging_mixin.py:115} INFO - [2022-08-06 17:09:37,302] {dag.py:2420} INFO - Sync 1 DAGs
[2022-08-06 17:09:37,337] {logging_mixin.py:115} INFO - [2022-08-06 17:09:37,337] {dag.py:2972} INFO - Setting next_dagrun for example_task_group_decorator to 2022-08-05T17:09:37.337348+00:00, run_after=2022-08-06T17:09:37.337348+00:00
[2022-08-06 17:09:37,360] {processor.py:161} INFO - Processing /home/airflow/.local/lib/python3.7/site-packages/airflow/example_dags/example_task_group_decorator.py took 0.200 seconds
[2022-08-06 17:10:08,297] {processor.py:153} INFO - Started process (PID=17297) to work on /home/airflow/.local/lib/python3.7/site-packages/airflow/example_dags/example_task_group_decorator.py
[2022-08-06 17:10:08,298] {processor.py:641} INFO - Processing file /home/airflow/.local/lib/python3.7/site-packages/airflow/example_dags/example_task_group_decorator.py for tasks to queue
[2022-08-06 17:10:08,299] {logging_mixin.py:115} INFO - [2022-08-06 17:10:08,298] {dagbag.py:508} INFO - Filling up the DagBag from /home/airflow/.local/lib/python3.7/site-packages/airflow/example_dags/example_task_group_decorator.py
[2022-08-06 17:10:08,334] {processor.py:651} INFO - DAG(s) dict_keys(['example_task_group_decorator']) retrieved from /home/airflow/.local/lib/python3.7/site-packages/airflow/example_dags/example_task_group_decorator.py
[2022-08-06 17:10:08,447] {logging_mixin.py:115} INFO - [2022-08-06 17:10:08,446] {dag.py:2420} INFO - Sync 1 DAGs
[2022-08-06 17:10:08,474] {logging_mixin.py:115} INFO - [2022-08-06 17:10:08,473] {dag.py:2972} INFO - Setting next_dagrun for example_task_group_decorator to 2022-08-05T17:10:08.473620+00:00, run_after=2022-08-06T17:10:08.473620+00:00
[2022-08-06 17:10:08,493] {processor.py:161} INFO - Processing /home/airflow/.local/lib/python3.7/site-packages/airflow/example_dags/example_task_group_decorator.py took 0.199 seconds
[2022-08-06 17:10:39,236] {processor.py:153} INFO - Started process (PID=17489) to work on /home/airflow/.local/lib/python3.7/site-packages/airflow/example_dags/example_task_group_decorator.py
[2022-08-06 17:10:39,237] {processor.py:641} INFO - Processing file /home/airflow/.local/lib/python3.7/site-packages/airflow/example_dags/example_task_group_decorator.py for tasks to queue
[2022-08-06 17:10:39,238] {logging_mixin.py:115} INFO - [2022-08-06 17:10:39,238] {dagbag.py:508} INFO - Filling up the DagBag from /home/airflow/.local/lib/python3.7/site-packages/airflow/example_dags/example_task_group_decorator.py
[2022-08-06 17:10:39,281] {processor.py:651} INFO - DAG(s) dict_keys(['example_task_group_decorator']) retrieved from /home/airflow/.local/lib/python3.7/site-packages/airflow/example_dags/example_task_group_decorator.py
[2022-08-06 17:10:39,389] {logging_mixin.py:115} INFO - [2022-08-06 17:10:39,389] {dag.py:2420} INFO - Sync 1 DAGs
[2022-08-06 17:10:39,427] {logging_mixin.py:115} INFO - [2022-08-06 17:10:39,427] {dag.py:2972} INFO - Setting next_dagrun for example_task_group_decorator to 2022-08-05T17:10:39.426908+00:00, run_after=2022-08-06T17:10:39.426908+00:00
[2022-08-06 17:10:39,452] {processor.py:161} INFO - Processing /home/airflow/.local/lib/python3.7/site-packages/airflow/example_dags/example_task_group_decorator.py took 0.219 seconds
[2022-08-06 17:11:09,990] {processor.py:153} INFO - Started process (PID=17699) to work on /home/airflow/.local/lib/python3.7/site-packages/airflow/example_dags/example_task_group_decorator.py
[2022-08-06 17:11:09,991] {processor.py:641} INFO - Processing file /home/airflow/.local/lib/python3.7/site-packages/airflow/example_dags/example_task_group_decorator.py for tasks to queue
[2022-08-06 17:11:09,992] {logging_mixin.py:115} INFO - [2022-08-06 17:11:09,992] {dagbag.py:508} INFO - Filling up the DagBag from /home/airflow/.local/lib/python3.7/site-packages/airflow/example_dags/example_task_group_decorator.py
[2022-08-06 17:11:10,032] {processor.py:651} INFO - DAG(s) dict_keys(['example_task_group_decorator']) retrieved from /home/airflow/.local/lib/python3.7/site-packages/airflow/example_dags/example_task_group_decorator.py
[2022-08-06 17:11:10,165] {logging_mixin.py:115} INFO - [2022-08-06 17:11:10,165] {dag.py:2420} INFO - Sync 1 DAGs
[2022-08-06 17:11:10,200] {logging_mixin.py:115} INFO - [2022-08-06 17:11:10,200] {dag.py:2972} INFO - Setting next_dagrun for example_task_group_decorator to 2022-08-05T17:11:10.199913+00:00, run_after=2022-08-06T17:11:10.199913+00:00
[2022-08-06 17:11:10,224] {processor.py:161} INFO - Processing /home/airflow/.local/lib/python3.7/site-packages/airflow/example_dags/example_task_group_decorator.py took 0.238 seconds
[2022-08-06 17:11:41,018] {processor.py:153} INFO - Started process (PID=17886) to work on /home/airflow/.local/lib/python3.7/site-packages/airflow/example_dags/example_task_group_decorator.py
[2022-08-06 17:11:41,019] {processor.py:641} INFO - Processing file /home/airflow/.local/lib/python3.7/site-packages/airflow/example_dags/example_task_group_decorator.py for tasks to queue
[2022-08-06 17:11:41,020] {logging_mixin.py:115} INFO - [2022-08-06 17:11:41,020] {dagbag.py:508} INFO - Filling up the DagBag from /home/airflow/.local/lib/python3.7/site-packages/airflow/example_dags/example_task_group_decorator.py
[2022-08-06 17:11:41,056] {processor.py:651} INFO - DAG(s) dict_keys(['example_task_group_decorator']) retrieved from /home/airflow/.local/lib/python3.7/site-packages/airflow/example_dags/example_task_group_decorator.py
[2022-08-06 17:11:41,154] {logging_mixin.py:115} INFO - [2022-08-06 17:11:41,154] {dag.py:2420} INFO - Sync 1 DAGs
[2022-08-06 17:11:41,192] {logging_mixin.py:115} INFO - [2022-08-06 17:11:41,192] {dag.py:2972} INFO - Setting next_dagrun for example_task_group_decorator to 2022-08-05T17:11:41.191575+00:00, run_after=2022-08-06T17:11:41.191575+00:00
[2022-08-06 17:11:41,215] {processor.py:161} INFO - Processing /home/airflow/.local/lib/python3.7/site-packages/airflow/example_dags/example_task_group_decorator.py took 0.202 seconds
[2022-08-06 17:12:12,060] {processor.py:153} INFO - Started process (PID=18088) to work on /home/airflow/.local/lib/python3.7/site-packages/airflow/example_dags/example_task_group_decorator.py
[2022-08-06 17:12:12,061] {processor.py:641} INFO - Processing file /home/airflow/.local/lib/python3.7/site-packages/airflow/example_dags/example_task_group_decorator.py for tasks to queue
[2022-08-06 17:12:12,062] {logging_mixin.py:115} INFO - [2022-08-06 17:12:12,062] {dagbag.py:508} INFO - Filling up the DagBag from /home/airflow/.local/lib/python3.7/site-packages/airflow/example_dags/example_task_group_decorator.py
[2022-08-06 17:12:12,105] {processor.py:651} INFO - DAG(s) dict_keys(['example_task_group_decorator']) retrieved from /home/airflow/.local/lib/python3.7/site-packages/airflow/example_dags/example_task_group_decorator.py
[2022-08-06 17:12:12,204] {logging_mixin.py:115} INFO - [2022-08-06 17:12:12,204] {dag.py:2420} INFO - Sync 1 DAGs
[2022-08-06 17:12:12,237] {logging_mixin.py:115} INFO - [2022-08-06 17:12:12,236] {dag.py:2972} INFO - Setting next_dagrun for example_task_group_decorator to 2022-08-05T17:12:12.236605+00:00, run_after=2022-08-06T17:12:12.236605+00:00
[2022-08-06 17:12:12,260] {processor.py:161} INFO - Processing /home/airflow/.local/lib/python3.7/site-packages/airflow/example_dags/example_task_group_decorator.py took 0.204 seconds
[2022-08-06 17:12:42,436] {processor.py:153} INFO - Started process (PID=18279) to work on /home/airflow/.local/lib/python3.7/site-packages/airflow/example_dags/example_task_group_decorator.py
[2022-08-06 17:12:42,437] {processor.py:641} INFO - Processing file /home/airflow/.local/lib/python3.7/site-packages/airflow/example_dags/example_task_group_decorator.py for tasks to queue
[2022-08-06 17:12:42,437] {logging_mixin.py:115} INFO - [2022-08-06 17:12:42,437] {dagbag.py:508} INFO - Filling up the DagBag from /home/airflow/.local/lib/python3.7/site-packages/airflow/example_dags/example_task_group_decorator.py
[2022-08-06 17:12:42,473] {processor.py:651} INFO - DAG(s) dict_keys(['example_task_group_decorator']) retrieved from /home/airflow/.local/lib/python3.7/site-packages/airflow/example_dags/example_task_group_decorator.py
[2022-08-06 17:12:42,578] {logging_mixin.py:115} INFO - [2022-08-06 17:12:42,578] {dag.py:2420} INFO - Sync 1 DAGs
[2022-08-06 17:12:42,615] {logging_mixin.py:115} INFO - [2022-08-06 17:12:42,615] {dag.py:2972} INFO - Setting next_dagrun for example_task_group_decorator to 2022-08-05T17:12:42.614999+00:00, run_after=2022-08-06T17:12:42.614999+00:00
[2022-08-06 17:12:42,640] {processor.py:161} INFO - Processing /home/airflow/.local/lib/python3.7/site-packages/airflow/example_dags/example_task_group_decorator.py took 0.208 seconds
[2022-08-06 17:13:13,090] {processor.py:153} INFO - Started process (PID=18482) to work on /home/airflow/.local/lib/python3.7/site-packages/airflow/example_dags/example_task_group_decorator.py
[2022-08-06 17:13:13,091] {processor.py:641} INFO - Processing file /home/airflow/.local/lib/python3.7/site-packages/airflow/example_dags/example_task_group_decorator.py for tasks to queue
[2022-08-06 17:13:13,092] {logging_mixin.py:115} INFO - [2022-08-06 17:13:13,092] {dagbag.py:508} INFO - Filling up the DagBag from /home/airflow/.local/lib/python3.7/site-packages/airflow/example_dags/example_task_group_decorator.py
[2022-08-06 17:13:13,126] {processor.py:651} INFO - DAG(s) dict_keys(['example_task_group_decorator']) retrieved from /home/airflow/.local/lib/python3.7/site-packages/airflow/example_dags/example_task_group_decorator.py
[2022-08-06 17:13:13,229] {logging_mixin.py:115} INFO - [2022-08-06 17:13:13,229] {dag.py:2420} INFO - Sync 1 DAGs
[2022-08-06 17:13:13,264] {logging_mixin.py:115} INFO - [2022-08-06 17:13:13,264] {dag.py:2972} INFO - Setting next_dagrun for example_task_group_decorator to 2022-08-05T17:13:13.264005+00:00, run_after=2022-08-06T17:13:13.264005+00:00
[2022-08-06 17:13:13,286] {processor.py:161} INFO - Processing /home/airflow/.local/lib/python3.7/site-packages/airflow/example_dags/example_task_group_decorator.py took 0.199 seconds
[2022-08-06 17:13:43,844] {processor.py:153} INFO - Started process (PID=18676) to work on /home/airflow/.local/lib/python3.7/site-packages/airflow/example_dags/example_task_group_decorator.py
[2022-08-06 17:13:43,845] {processor.py:641} INFO - Processing file /home/airflow/.local/lib/python3.7/site-packages/airflow/example_dags/example_task_group_decorator.py for tasks to queue
[2022-08-06 17:13:43,846] {logging_mixin.py:115} INFO - [2022-08-06 17:13:43,846] {dagbag.py:508} INFO - Filling up the DagBag from /home/airflow/.local/lib/python3.7/site-packages/airflow/example_dags/example_task_group_decorator.py
[2022-08-06 17:13:43,890] {processor.py:651} INFO - DAG(s) dict_keys(['example_task_group_decorator']) retrieved from /home/airflow/.local/lib/python3.7/site-packages/airflow/example_dags/example_task_group_decorator.py
[2022-08-06 17:13:44,010] {logging_mixin.py:115} INFO - [2022-08-06 17:13:44,010] {dag.py:2420} INFO - Sync 1 DAGs
[2022-08-06 17:13:44,052] {logging_mixin.py:115} INFO - [2022-08-06 17:13:44,051] {dag.py:2972} INFO - Setting next_dagrun for example_task_group_decorator to 2022-08-05T17:13:44.051443+00:00, run_after=2022-08-06T17:13:44.051443+00:00
[2022-08-06 17:13:44,077] {processor.py:161} INFO - Processing /home/airflow/.local/lib/python3.7/site-packages/airflow/example_dags/example_task_group_decorator.py took 0.237 seconds
[2022-08-06 17:14:14,195] {processor.py:153} INFO - Started process (PID=18884) to work on /home/airflow/.local/lib/python3.7/site-packages/airflow/example_dags/example_task_group_decorator.py
[2022-08-06 17:14:14,196] {processor.py:641} INFO - Processing file /home/airflow/.local/lib/python3.7/site-packages/airflow/example_dags/example_task_group_decorator.py for tasks to queue
[2022-08-06 17:14:14,197] {logging_mixin.py:115} INFO - [2022-08-06 17:14:14,197] {dagbag.py:508} INFO - Filling up the DagBag from /home/airflow/.local/lib/python3.7/site-packages/airflow/example_dags/example_task_group_decorator.py
[2022-08-06 17:14:14,232] {processor.py:651} INFO - DAG(s) dict_keys(['example_task_group_decorator']) retrieved from /home/airflow/.local/lib/python3.7/site-packages/airflow/example_dags/example_task_group_decorator.py
[2022-08-06 17:14:14,331] {logging_mixin.py:115} INFO - [2022-08-06 17:14:14,330] {dag.py:2420} INFO - Sync 1 DAGs
[2022-08-06 17:14:14,363] {logging_mixin.py:115} INFO - [2022-08-06 17:14:14,363] {dag.py:2972} INFO - Setting next_dagrun for example_task_group_decorator to 2022-08-05T17:14:14.363414+00:00, run_after=2022-08-06T17:14:14.363414+00:00
[2022-08-06 17:14:14,384] {processor.py:161} INFO - Processing /home/airflow/.local/lib/python3.7/site-packages/airflow/example_dags/example_task_group_decorator.py took 0.191 seconds
[2022-08-06 17:14:44,441] {processor.py:153} INFO - Started process (PID=19076) to work on /home/airflow/.local/lib/python3.7/site-packages/airflow/example_dags/example_task_group_decorator.py
[2022-08-06 17:14:44,443] {processor.py:641} INFO - Processing file /home/airflow/.local/lib/python3.7/site-packages/airflow/example_dags/example_task_group_decorator.py for tasks to queue
[2022-08-06 17:14:44,444] {logging_mixin.py:115} INFO - [2022-08-06 17:14:44,444] {dagbag.py:508} INFO - Filling up the DagBag from /home/airflow/.local/lib/python3.7/site-packages/airflow/example_dags/example_task_group_decorator.py
[2022-08-06 17:14:44,490] {processor.py:651} INFO - DAG(s) dict_keys(['example_task_group_decorator']) retrieved from /home/airflow/.local/lib/python3.7/site-packages/airflow/example_dags/example_task_group_decorator.py
[2022-08-06 17:14:44,597] {logging_mixin.py:115} INFO - [2022-08-06 17:14:44,596] {dag.py:2420} INFO - Sync 1 DAGs
[2022-08-06 17:14:44,639] {logging_mixin.py:115} INFO - [2022-08-06 17:14:44,638] {dag.py:2972} INFO - Setting next_dagrun for example_task_group_decorator to 2022-08-05T17:14:44.638606+00:00, run_after=2022-08-06T17:14:44.638606+00:00
[2022-08-06 17:14:44,662] {processor.py:161} INFO - Processing /home/airflow/.local/lib/python3.7/site-packages/airflow/example_dags/example_task_group_decorator.py took 0.225 seconds
[2022-08-06 17:15:14,700] {processor.py:153} INFO - Started process (PID=19281) to work on /home/airflow/.local/lib/python3.7/site-packages/airflow/example_dags/example_task_group_decorator.py
[2022-08-06 17:15:14,701] {processor.py:641} INFO - Processing file /home/airflow/.local/lib/python3.7/site-packages/airflow/example_dags/example_task_group_decorator.py for tasks to queue
[2022-08-06 17:15:14,702] {logging_mixin.py:115} INFO - [2022-08-06 17:15:14,702] {dagbag.py:508} INFO - Filling up the DagBag from /home/airflow/.local/lib/python3.7/site-packages/airflow/example_dags/example_task_group_decorator.py
[2022-08-06 17:15:14,731] {processor.py:651} INFO - DAG(s) dict_keys(['example_task_group_decorator']) retrieved from /home/airflow/.local/lib/python3.7/site-packages/airflow/example_dags/example_task_group_decorator.py
[2022-08-06 17:15:14,810] {logging_mixin.py:115} INFO - [2022-08-06 17:15:14,810] {dag.py:2420} INFO - Sync 1 DAGs
[2022-08-06 17:15:14,831] {logging_mixin.py:115} INFO - [2022-08-06 17:15:14,831] {dag.py:2972} INFO - Setting next_dagrun for example_task_group_decorator to 2022-08-05T17:15:14.831625+00:00, run_after=2022-08-06T17:15:14.831625+00:00
[2022-08-06 17:15:14,847] {processor.py:161} INFO - Processing /home/airflow/.local/lib/python3.7/site-packages/airflow/example_dags/example_task_group_decorator.py took 0.149 seconds
