[2022-07-29 03:44:05,155] {processor.py:153} INFO - Started process (PID=25789) to work on /home/airflow/.local/lib/python3.7/site-packages/airflow/example_dags/example_branch_day_of_week_operator.py
[2022-07-29 03:44:05,157] {processor.py:641} INFO - Processing file /home/airflow/.local/lib/python3.7/site-packages/airflow/example_dags/example_branch_day_of_week_operator.py for tasks to queue
[2022-07-29 03:44:05,158] {logging_mixin.py:115} INFO - [2022-07-29 03:44:05,158] {dagbag.py:508} INFO - Filling up the DagBag from /home/airflow/.local/lib/python3.7/site-packages/airflow/example_dags/example_branch_day_of_week_operator.py
[2022-07-29 03:44:05,176] {processor.py:651} INFO - DAG(s) dict_keys(['example_weekday_branch_operator']) retrieved from /home/airflow/.local/lib/python3.7/site-packages/airflow/example_dags/example_branch_day_of_week_operator.py
[2022-07-29 03:44:05,220] {logging_mixin.py:115} INFO - [2022-07-29 03:44:05,219] {dag.py:2420} INFO - Sync 1 DAGs
[2022-07-29 03:44:05,270] {logging_mixin.py:115} INFO - [2022-07-29 03:44:05,270] {dag.py:2972} INFO - Setting next_dagrun for example_weekday_branch_operator to 2022-07-28T00:00:00+00:00, run_after=2022-07-29T00:00:00+00:00
[2022-07-29 03:44:05,294] {processor.py:161} INFO - Processing /home/airflow/.local/lib/python3.7/site-packages/airflow/example_dags/example_branch_day_of_week_operator.py took 0.144 seconds
[2022-07-29 03:44:36,135] {processor.py:153} INFO - Started process (PID=25997) to work on /home/airflow/.local/lib/python3.7/site-packages/airflow/example_dags/example_branch_day_of_week_operator.py
[2022-07-29 03:44:36,136] {processor.py:641} INFO - Processing file /home/airflow/.local/lib/python3.7/site-packages/airflow/example_dags/example_branch_day_of_week_operator.py for tasks to queue
[2022-07-29 03:44:36,137] {logging_mixin.py:115} INFO - [2022-07-29 03:44:36,137] {dagbag.py:508} INFO - Filling up the DagBag from /home/airflow/.local/lib/python3.7/site-packages/airflow/example_dags/example_branch_day_of_week_operator.py
[2022-07-29 03:44:36,144] {processor.py:651} INFO - DAG(s) dict_keys(['example_weekday_branch_operator']) retrieved from /home/airflow/.local/lib/python3.7/site-packages/airflow/example_dags/example_branch_day_of_week_operator.py
[2022-07-29 03:44:36,169] {logging_mixin.py:115} INFO - [2022-07-29 03:44:36,168] {dag.py:2420} INFO - Sync 1 DAGs
[2022-07-29 03:44:36,194] {logging_mixin.py:115} INFO - [2022-07-29 03:44:36,194] {dag.py:2972} INFO - Setting next_dagrun for example_weekday_branch_operator to 2022-07-28T00:00:00+00:00, run_after=2022-07-29T00:00:00+00:00
[2022-07-29 03:44:36,207] {processor.py:161} INFO - Processing /home/airflow/.local/lib/python3.7/site-packages/airflow/example_dags/example_branch_day_of_week_operator.py took 0.075 seconds
[2022-07-29 03:45:06,698] {processor.py:153} INFO - Started process (PID=26205) to work on /home/airflow/.local/lib/python3.7/site-packages/airflow/example_dags/example_branch_day_of_week_operator.py
[2022-07-29 03:45:06,699] {processor.py:641} INFO - Processing file /home/airflow/.local/lib/python3.7/site-packages/airflow/example_dags/example_branch_day_of_week_operator.py for tasks to queue
[2022-07-29 03:45:06,700] {logging_mixin.py:115} INFO - [2022-07-29 03:45:06,700] {dagbag.py:508} INFO - Filling up the DagBag from /home/airflow/.local/lib/python3.7/site-packages/airflow/example_dags/example_branch_day_of_week_operator.py
[2022-07-29 03:45:06,709] {processor.py:651} INFO - DAG(s) dict_keys(['example_weekday_branch_operator']) retrieved from /home/airflow/.local/lib/python3.7/site-packages/airflow/example_dags/example_branch_day_of_week_operator.py
[2022-07-29 03:45:06,737] {logging_mixin.py:115} INFO - [2022-07-29 03:45:06,737] {dag.py:2420} INFO - Sync 1 DAGs
[2022-07-29 03:45:06,763] {logging_mixin.py:115} INFO - [2022-07-29 03:45:06,763] {dag.py:2972} INFO - Setting next_dagrun for example_weekday_branch_operator to 2022-07-28T00:00:00+00:00, run_after=2022-07-29T00:00:00+00:00
[2022-07-29 03:45:06,779] {processor.py:161} INFO - Processing /home/airflow/.local/lib/python3.7/site-packages/airflow/example_dags/example_branch_day_of_week_operator.py took 0.085 seconds
[2022-07-29 03:45:37,058] {processor.py:153} INFO - Started process (PID=26399) to work on /home/airflow/.local/lib/python3.7/site-packages/airflow/example_dags/example_branch_day_of_week_operator.py
[2022-07-29 03:45:37,059] {processor.py:641} INFO - Processing file /home/airflow/.local/lib/python3.7/site-packages/airflow/example_dags/example_branch_day_of_week_operator.py for tasks to queue
[2022-07-29 03:45:37,060] {logging_mixin.py:115} INFO - [2022-07-29 03:45:37,060] {dagbag.py:508} INFO - Filling up the DagBag from /home/airflow/.local/lib/python3.7/site-packages/airflow/example_dags/example_branch_day_of_week_operator.py
[2022-07-29 03:45:37,070] {processor.py:651} INFO - DAG(s) dict_keys(['example_weekday_branch_operator']) retrieved from /home/airflow/.local/lib/python3.7/site-packages/airflow/example_dags/example_branch_day_of_week_operator.py
[2022-07-29 03:45:37,102] {logging_mixin.py:115} INFO - [2022-07-29 03:45:37,101] {dag.py:2420} INFO - Sync 1 DAGs
[2022-07-29 03:45:37,132] {logging_mixin.py:115} INFO - [2022-07-29 03:45:37,132] {dag.py:2972} INFO - Setting next_dagrun for example_weekday_branch_operator to 2022-07-28T00:00:00+00:00, run_after=2022-07-29T00:00:00+00:00
[2022-07-29 03:45:37,148] {processor.py:161} INFO - Processing /home/airflow/.local/lib/python3.7/site-packages/airflow/example_dags/example_branch_day_of_week_operator.py took 0.094 seconds
[2022-07-29 03:46:07,436] {processor.py:153} INFO - Started process (PID=26600) to work on /home/airflow/.local/lib/python3.7/site-packages/airflow/example_dags/example_branch_day_of_week_operator.py
[2022-07-29 03:46:07,437] {processor.py:641} INFO - Processing file /home/airflow/.local/lib/python3.7/site-packages/airflow/example_dags/example_branch_day_of_week_operator.py for tasks to queue
[2022-07-29 03:46:07,438] {logging_mixin.py:115} INFO - [2022-07-29 03:46:07,438] {dagbag.py:508} INFO - Filling up the DagBag from /home/airflow/.local/lib/python3.7/site-packages/airflow/example_dags/example_branch_day_of_week_operator.py
[2022-07-29 03:46:07,448] {processor.py:651} INFO - DAG(s) dict_keys(['example_weekday_branch_operator']) retrieved from /home/airflow/.local/lib/python3.7/site-packages/airflow/example_dags/example_branch_day_of_week_operator.py
[2022-07-29 03:46:07,478] {logging_mixin.py:115} INFO - [2022-07-29 03:46:07,477] {dag.py:2420} INFO - Sync 1 DAGs
[2022-07-29 03:46:07,511] {logging_mixin.py:115} INFO - [2022-07-29 03:46:07,511] {dag.py:2972} INFO - Setting next_dagrun for example_weekday_branch_operator to 2022-07-28T00:00:00+00:00, run_after=2022-07-29T00:00:00+00:00
[2022-07-29 03:46:07,529] {processor.py:161} INFO - Processing /home/airflow/.local/lib/python3.7/site-packages/airflow/example_dags/example_branch_day_of_week_operator.py took 0.097 seconds
[2022-07-29 03:46:38,574] {processor.py:153} INFO - Started process (PID=26794) to work on /home/airflow/.local/lib/python3.7/site-packages/airflow/example_dags/example_branch_day_of_week_operator.py
[2022-07-29 03:46:38,575] {processor.py:641} INFO - Processing file /home/airflow/.local/lib/python3.7/site-packages/airflow/example_dags/example_branch_day_of_week_operator.py for tasks to queue
[2022-07-29 03:46:38,576] {logging_mixin.py:115} INFO - [2022-07-29 03:46:38,576] {dagbag.py:508} INFO - Filling up the DagBag from /home/airflow/.local/lib/python3.7/site-packages/airflow/example_dags/example_branch_day_of_week_operator.py
[2022-07-29 03:46:38,587] {processor.py:651} INFO - DAG(s) dict_keys(['example_weekday_branch_operator']) retrieved from /home/airflow/.local/lib/python3.7/site-packages/airflow/example_dags/example_branch_day_of_week_operator.py
[2022-07-29 03:46:38,621] {logging_mixin.py:115} INFO - [2022-07-29 03:46:38,620] {dag.py:2420} INFO - Sync 1 DAGs
[2022-07-29 03:46:38,659] {logging_mixin.py:115} INFO - [2022-07-29 03:46:38,659] {dag.py:2972} INFO - Setting next_dagrun for example_weekday_branch_operator to 2022-07-28T00:00:00+00:00, run_after=2022-07-29T00:00:00+00:00
[2022-07-29 03:46:38,676] {processor.py:161} INFO - Processing /home/airflow/.local/lib/python3.7/site-packages/airflow/example_dags/example_branch_day_of_week_operator.py took 0.105 seconds
[2022-07-29 03:47:09,179] {processor.py:153} INFO - Started process (PID=26999) to work on /home/airflow/.local/lib/python3.7/site-packages/airflow/example_dags/example_branch_day_of_week_operator.py
[2022-07-29 03:47:09,180] {processor.py:641} INFO - Processing file /home/airflow/.local/lib/python3.7/site-packages/airflow/example_dags/example_branch_day_of_week_operator.py for tasks to queue
[2022-07-29 03:47:09,181] {logging_mixin.py:115} INFO - [2022-07-29 03:47:09,181] {dagbag.py:508} INFO - Filling up the DagBag from /home/airflow/.local/lib/python3.7/site-packages/airflow/example_dags/example_branch_day_of_week_operator.py
[2022-07-29 03:47:09,193] {processor.py:651} INFO - DAG(s) dict_keys(['example_weekday_branch_operator']) retrieved from /home/airflow/.local/lib/python3.7/site-packages/airflow/example_dags/example_branch_day_of_week_operator.py
[2022-07-29 03:47:09,232] {logging_mixin.py:115} INFO - [2022-07-29 03:47:09,232] {dag.py:2420} INFO - Sync 1 DAGs
[2022-07-29 03:47:09,266] {logging_mixin.py:115} INFO - [2022-07-29 03:47:09,266] {dag.py:2972} INFO - Setting next_dagrun for example_weekday_branch_operator to 2022-07-28T00:00:00+00:00, run_after=2022-07-29T00:00:00+00:00
[2022-07-29 03:47:09,283] {processor.py:161} INFO - Processing /home/airflow/.local/lib/python3.7/site-packages/airflow/example_dags/example_branch_day_of_week_operator.py took 0.108 seconds
[2022-07-29 03:47:40,318] {processor.py:153} INFO - Started process (PID=27198) to work on /home/airflow/.local/lib/python3.7/site-packages/airflow/example_dags/example_branch_day_of_week_operator.py
[2022-07-29 03:47:40,319] {processor.py:641} INFO - Processing file /home/airflow/.local/lib/python3.7/site-packages/airflow/example_dags/example_branch_day_of_week_operator.py for tasks to queue
[2022-07-29 03:47:40,320] {logging_mixin.py:115} INFO - [2022-07-29 03:47:40,320] {dagbag.py:508} INFO - Filling up the DagBag from /home/airflow/.local/lib/python3.7/site-packages/airflow/example_dags/example_branch_day_of_week_operator.py
[2022-07-29 03:47:40,330] {processor.py:651} INFO - DAG(s) dict_keys(['example_weekday_branch_operator']) retrieved from /home/airflow/.local/lib/python3.7/site-packages/airflow/example_dags/example_branch_day_of_week_operator.py
[2022-07-29 03:47:40,362] {logging_mixin.py:115} INFO - [2022-07-29 03:47:40,362] {dag.py:2420} INFO - Sync 1 DAGs
[2022-07-29 03:47:40,394] {logging_mixin.py:115} INFO - [2022-07-29 03:47:40,393] {dag.py:2972} INFO - Setting next_dagrun for example_weekday_branch_operator to 2022-07-28T00:00:00+00:00, run_after=2022-07-29T00:00:00+00:00
[2022-07-29 03:47:40,413] {processor.py:161} INFO - Processing /home/airflow/.local/lib/python3.7/site-packages/airflow/example_dags/example_branch_day_of_week_operator.py took 0.100 seconds
[2022-07-29 03:48:10,505] {processor.py:153} INFO - Started process (PID=27390) to work on /home/airflow/.local/lib/python3.7/site-packages/airflow/example_dags/example_branch_day_of_week_operator.py
[2022-07-29 03:48:10,506] {processor.py:641} INFO - Processing file /home/airflow/.local/lib/python3.7/site-packages/airflow/example_dags/example_branch_day_of_week_operator.py for tasks to queue
[2022-07-29 03:48:10,507] {logging_mixin.py:115} INFO - [2022-07-29 03:48:10,507] {dagbag.py:508} INFO - Filling up the DagBag from /home/airflow/.local/lib/python3.7/site-packages/airflow/example_dags/example_branch_day_of_week_operator.py
[2022-07-29 03:48:10,516] {processor.py:651} INFO - DAG(s) dict_keys(['example_weekday_branch_operator']) retrieved from /home/airflow/.local/lib/python3.7/site-packages/airflow/example_dags/example_branch_day_of_week_operator.py
[2022-07-29 03:48:10,547] {logging_mixin.py:115} INFO - [2022-07-29 03:48:10,546] {dag.py:2420} INFO - Sync 1 DAGs
[2022-07-29 03:48:10,576] {logging_mixin.py:115} INFO - [2022-07-29 03:48:10,575] {dag.py:2972} INFO - Setting next_dagrun for example_weekday_branch_operator to 2022-07-28T00:00:00+00:00, run_after=2022-07-29T00:00:00+00:00
[2022-07-29 03:48:10,596] {processor.py:161} INFO - Processing /home/airflow/.local/lib/python3.7/site-packages/airflow/example_dags/example_branch_day_of_week_operator.py took 0.094 seconds
[2022-07-29 03:48:40,876] {processor.py:153} INFO - Started process (PID=27584) to work on /home/airflow/.local/lib/python3.7/site-packages/airflow/example_dags/example_branch_day_of_week_operator.py
[2022-07-29 03:48:40,877] {processor.py:641} INFO - Processing file /home/airflow/.local/lib/python3.7/site-packages/airflow/example_dags/example_branch_day_of_week_operator.py for tasks to queue
[2022-07-29 03:48:40,878] {logging_mixin.py:115} INFO - [2022-07-29 03:48:40,877] {dagbag.py:508} INFO - Filling up the DagBag from /home/airflow/.local/lib/python3.7/site-packages/airflow/example_dags/example_branch_day_of_week_operator.py
[2022-07-29 03:48:40,891] {processor.py:651} INFO - DAG(s) dict_keys(['example_weekday_branch_operator']) retrieved from /home/airflow/.local/lib/python3.7/site-packages/airflow/example_dags/example_branch_day_of_week_operator.py
[2022-07-29 03:48:40,925] {logging_mixin.py:115} INFO - [2022-07-29 03:48:40,925] {dag.py:2420} INFO - Sync 1 DAGs
[2022-07-29 03:48:40,957] {logging_mixin.py:115} INFO - [2022-07-29 03:48:40,957] {dag.py:2972} INFO - Setting next_dagrun for example_weekday_branch_operator to 2022-07-28T00:00:00+00:00, run_after=2022-07-29T00:00:00+00:00
[2022-07-29 03:48:40,974] {processor.py:161} INFO - Processing /home/airflow/.local/lib/python3.7/site-packages/airflow/example_dags/example_branch_day_of_week_operator.py took 0.101 seconds
[2022-07-29 03:49:11,133] {processor.py:153} INFO - Started process (PID=27785) to work on /home/airflow/.local/lib/python3.7/site-packages/airflow/example_dags/example_branch_day_of_week_operator.py
[2022-07-29 03:49:11,134] {processor.py:641} INFO - Processing file /home/airflow/.local/lib/python3.7/site-packages/airflow/example_dags/example_branch_day_of_week_operator.py for tasks to queue
[2022-07-29 03:49:11,135] {logging_mixin.py:115} INFO - [2022-07-29 03:49:11,135] {dagbag.py:508} INFO - Filling up the DagBag from /home/airflow/.local/lib/python3.7/site-packages/airflow/example_dags/example_branch_day_of_week_operator.py
[2022-07-29 03:49:11,145] {processor.py:651} INFO - DAG(s) dict_keys(['example_weekday_branch_operator']) retrieved from /home/airflow/.local/lib/python3.7/site-packages/airflow/example_dags/example_branch_day_of_week_operator.py
[2022-07-29 03:49:11,177] {logging_mixin.py:115} INFO - [2022-07-29 03:49:11,177] {dag.py:2420} INFO - Sync 1 DAGs
[2022-07-29 03:49:11,228] {logging_mixin.py:115} INFO - [2022-07-29 03:49:11,228] {dag.py:2972} INFO - Setting next_dagrun for example_weekday_branch_operator to 2022-07-28T00:00:00+00:00, run_after=2022-07-29T00:00:00+00:00
[2022-07-29 03:49:11,251] {processor.py:161} INFO - Processing /home/airflow/.local/lib/python3.7/site-packages/airflow/example_dags/example_branch_day_of_week_operator.py took 0.122 seconds
[2022-07-29 03:49:41,412] {processor.py:153} INFO - Started process (PID=27979) to work on /home/airflow/.local/lib/python3.7/site-packages/airflow/example_dags/example_branch_day_of_week_operator.py
[2022-07-29 03:49:41,412] {processor.py:641} INFO - Processing file /home/airflow/.local/lib/python3.7/site-packages/airflow/example_dags/example_branch_day_of_week_operator.py for tasks to queue
[2022-07-29 03:49:41,413] {logging_mixin.py:115} INFO - [2022-07-29 03:49:41,413] {dagbag.py:508} INFO - Filling up the DagBag from /home/airflow/.local/lib/python3.7/site-packages/airflow/example_dags/example_branch_day_of_week_operator.py
[2022-07-29 03:49:41,425] {processor.py:651} INFO - DAG(s) dict_keys(['example_weekday_branch_operator']) retrieved from /home/airflow/.local/lib/python3.7/site-packages/airflow/example_dags/example_branch_day_of_week_operator.py
[2022-07-29 03:49:41,458] {logging_mixin.py:115} INFO - [2022-07-29 03:49:41,458] {dag.py:2420} INFO - Sync 1 DAGs
[2022-07-29 03:49:41,496] {logging_mixin.py:115} INFO - [2022-07-29 03:49:41,496] {dag.py:2972} INFO - Setting next_dagrun for example_weekday_branch_operator to 2022-07-28T00:00:00+00:00, run_after=2022-07-29T00:00:00+00:00
[2022-07-29 03:49:41,514] {processor.py:161} INFO - Processing /home/airflow/.local/lib/python3.7/site-packages/airflow/example_dags/example_branch_day_of_week_operator.py took 0.105 seconds
[2022-07-29 03:50:12,188] {processor.py:153} INFO - Started process (PID=28182) to work on /home/airflow/.local/lib/python3.7/site-packages/airflow/example_dags/example_branch_day_of_week_operator.py
[2022-07-29 03:50:12,189] {processor.py:641} INFO - Processing file /home/airflow/.local/lib/python3.7/site-packages/airflow/example_dags/example_branch_day_of_week_operator.py for tasks to queue
[2022-07-29 03:50:12,190] {logging_mixin.py:115} INFO - [2022-07-29 03:50:12,190] {dagbag.py:508} INFO - Filling up the DagBag from /home/airflow/.local/lib/python3.7/site-packages/airflow/example_dags/example_branch_day_of_week_operator.py
[2022-07-29 03:50:12,200] {processor.py:651} INFO - DAG(s) dict_keys(['example_weekday_branch_operator']) retrieved from /home/airflow/.local/lib/python3.7/site-packages/airflow/example_dags/example_branch_day_of_week_operator.py
[2022-07-29 03:50:12,231] {logging_mixin.py:115} INFO - [2022-07-29 03:50:12,231] {dag.py:2420} INFO - Sync 1 DAGs
[2022-07-29 03:50:12,271] {logging_mixin.py:115} INFO - [2022-07-29 03:50:12,271] {dag.py:2972} INFO - Setting next_dagrun for example_weekday_branch_operator to 2022-07-28T00:00:00+00:00, run_after=2022-07-29T00:00:00+00:00
[2022-07-29 03:50:12,288] {processor.py:161} INFO - Processing /home/airflow/.local/lib/python3.7/site-packages/airflow/example_dags/example_branch_day_of_week_operator.py took 0.104 seconds
[2022-07-29 03:50:43,091] {processor.py:153} INFO - Started process (PID=28376) to work on /home/airflow/.local/lib/python3.7/site-packages/airflow/example_dags/example_branch_day_of_week_operator.py
[2022-07-29 03:50:43,092] {processor.py:641} INFO - Processing file /home/airflow/.local/lib/python3.7/site-packages/airflow/example_dags/example_branch_day_of_week_operator.py for tasks to queue
[2022-07-29 03:50:43,093] {logging_mixin.py:115} INFO - [2022-07-29 03:50:43,092] {dagbag.py:508} INFO - Filling up the DagBag from /home/airflow/.local/lib/python3.7/site-packages/airflow/example_dags/example_branch_day_of_week_operator.py
[2022-07-29 03:50:43,102] {processor.py:651} INFO - DAG(s) dict_keys(['example_weekday_branch_operator']) retrieved from /home/airflow/.local/lib/python3.7/site-packages/airflow/example_dags/example_branch_day_of_week_operator.py
[2022-07-29 03:50:43,132] {logging_mixin.py:115} INFO - [2022-07-29 03:50:43,132] {dag.py:2420} INFO - Sync 1 DAGs
[2022-07-29 03:50:43,170] {logging_mixin.py:115} INFO - [2022-07-29 03:50:43,170] {dag.py:2972} INFO - Setting next_dagrun for example_weekday_branch_operator to 2022-07-28T00:00:00+00:00, run_after=2022-07-29T00:00:00+00:00
[2022-07-29 03:50:43,187] {processor.py:161} INFO - Processing /home/airflow/.local/lib/python3.7/site-packages/airflow/example_dags/example_branch_day_of_week_operator.py took 0.099 seconds
[2022-07-29 03:51:13,788] {processor.py:153} INFO - Started process (PID=28580) to work on /home/airflow/.local/lib/python3.7/site-packages/airflow/example_dags/example_branch_day_of_week_operator.py
[2022-07-29 03:51:13,790] {processor.py:641} INFO - Processing file /home/airflow/.local/lib/python3.7/site-packages/airflow/example_dags/example_branch_day_of_week_operator.py for tasks to queue
[2022-07-29 03:51:13,793] {logging_mixin.py:115} INFO - [2022-07-29 03:51:13,793] {dagbag.py:508} INFO - Filling up the DagBag from /home/airflow/.local/lib/python3.7/site-packages/airflow/example_dags/example_branch_day_of_week_operator.py
[2022-07-29 03:51:13,813] {processor.py:651} INFO - DAG(s) dict_keys(['example_weekday_branch_operator']) retrieved from /home/airflow/.local/lib/python3.7/site-packages/airflow/example_dags/example_branch_day_of_week_operator.py
[2022-07-29 03:51:13,860] {logging_mixin.py:115} INFO - [2022-07-29 03:51:13,859] {dag.py:2420} INFO - Sync 1 DAGs
[2022-07-29 03:51:13,911] {logging_mixin.py:115} INFO - [2022-07-29 03:51:13,910] {dag.py:2972} INFO - Setting next_dagrun for example_weekday_branch_operator to 2022-07-28T00:00:00+00:00, run_after=2022-07-29T00:00:00+00:00
[2022-07-29 03:51:13,937] {processor.py:161} INFO - Processing /home/airflow/.local/lib/python3.7/site-packages/airflow/example_dags/example_branch_day_of_week_operator.py took 0.155 seconds
[2022-07-29 03:51:44,090] {processor.py:153} INFO - Started process (PID=28776) to work on /home/airflow/.local/lib/python3.7/site-packages/airflow/example_dags/example_branch_day_of_week_operator.py
[2022-07-29 03:51:44,091] {processor.py:641} INFO - Processing file /home/airflow/.local/lib/python3.7/site-packages/airflow/example_dags/example_branch_day_of_week_operator.py for tasks to queue
[2022-07-29 03:51:44,092] {logging_mixin.py:115} INFO - [2022-07-29 03:51:44,092] {dagbag.py:508} INFO - Filling up the DagBag from /home/airflow/.local/lib/python3.7/site-packages/airflow/example_dags/example_branch_day_of_week_operator.py
[2022-07-29 03:51:44,102] {processor.py:651} INFO - DAG(s) dict_keys(['example_weekday_branch_operator']) retrieved from /home/airflow/.local/lib/python3.7/site-packages/airflow/example_dags/example_branch_day_of_week_operator.py
[2022-07-29 03:51:44,151] {logging_mixin.py:115} INFO - [2022-07-29 03:51:44,151] {dag.py:2420} INFO - Sync 1 DAGs
[2022-07-29 03:51:44,190] {logging_mixin.py:115} INFO - [2022-07-29 03:51:44,190] {dag.py:2972} INFO - Setting next_dagrun for example_weekday_branch_operator to 2022-07-28T00:00:00+00:00, run_after=2022-07-29T00:00:00+00:00
[2022-07-29 03:51:44,213] {processor.py:161} INFO - Processing /home/airflow/.local/lib/python3.7/site-packages/airflow/example_dags/example_branch_day_of_week_operator.py took 0.126 seconds
[2022-07-29 03:52:14,505] {processor.py:153} INFO - Started process (PID=28977) to work on /home/airflow/.local/lib/python3.7/site-packages/airflow/example_dags/example_branch_day_of_week_operator.py
[2022-07-29 03:52:14,506] {processor.py:641} INFO - Processing file /home/airflow/.local/lib/python3.7/site-packages/airflow/example_dags/example_branch_day_of_week_operator.py for tasks to queue
[2022-07-29 03:52:14,507] {logging_mixin.py:115} INFO - [2022-07-29 03:52:14,507] {dagbag.py:508} INFO - Filling up the DagBag from /home/airflow/.local/lib/python3.7/site-packages/airflow/example_dags/example_branch_day_of_week_operator.py
[2022-07-29 03:52:14,517] {processor.py:651} INFO - DAG(s) dict_keys(['example_weekday_branch_operator']) retrieved from /home/airflow/.local/lib/python3.7/site-packages/airflow/example_dags/example_branch_day_of_week_operator.py
[2022-07-29 03:52:14,547] {logging_mixin.py:115} INFO - [2022-07-29 03:52:14,547] {dag.py:2420} INFO - Sync 1 DAGs
[2022-07-29 03:52:14,579] {logging_mixin.py:115} INFO - [2022-07-29 03:52:14,578] {dag.py:2972} INFO - Setting next_dagrun for example_weekday_branch_operator to 2022-07-28T00:00:00+00:00, run_after=2022-07-29T00:00:00+00:00
[2022-07-29 03:52:14,595] {processor.py:161} INFO - Processing /home/airflow/.local/lib/python3.7/site-packages/airflow/example_dags/example_branch_day_of_week_operator.py took 0.093 seconds
[2022-07-29 03:52:44,674] {processor.py:153} INFO - Started process (PID=29171) to work on /home/airflow/.local/lib/python3.7/site-packages/airflow/example_dags/example_branch_day_of_week_operator.py
[2022-07-29 03:52:44,675] {processor.py:641} INFO - Processing file /home/airflow/.local/lib/python3.7/site-packages/airflow/example_dags/example_branch_day_of_week_operator.py for tasks to queue
[2022-07-29 03:52:44,676] {logging_mixin.py:115} INFO - [2022-07-29 03:52:44,676] {dagbag.py:508} INFO - Filling up the DagBag from /home/airflow/.local/lib/python3.7/site-packages/airflow/example_dags/example_branch_day_of_week_operator.py
[2022-07-29 03:52:44,689] {processor.py:651} INFO - DAG(s) dict_keys(['example_weekday_branch_operator']) retrieved from /home/airflow/.local/lib/python3.7/site-packages/airflow/example_dags/example_branch_day_of_week_operator.py
[2022-07-29 03:52:44,723] {logging_mixin.py:115} INFO - [2022-07-29 03:52:44,723] {dag.py:2420} INFO - Sync 1 DAGs
[2022-07-29 03:52:44,757] {logging_mixin.py:115} INFO - [2022-07-29 03:52:44,757] {dag.py:2972} INFO - Setting next_dagrun for example_weekday_branch_operator to 2022-07-28T00:00:00+00:00, run_after=2022-07-29T00:00:00+00:00
[2022-07-29 03:52:44,774] {processor.py:161} INFO - Processing /home/airflow/.local/lib/python3.7/site-packages/airflow/example_dags/example_branch_day_of_week_operator.py took 0.104 seconds
[2022-07-29 03:53:14,947] {processor.py:153} INFO - Started process (PID=29374) to work on /home/airflow/.local/lib/python3.7/site-packages/airflow/example_dags/example_branch_day_of_week_operator.py
[2022-07-29 03:53:14,948] {processor.py:641} INFO - Processing file /home/airflow/.local/lib/python3.7/site-packages/airflow/example_dags/example_branch_day_of_week_operator.py for tasks to queue
[2022-07-29 03:53:14,949] {logging_mixin.py:115} INFO - [2022-07-29 03:53:14,949] {dagbag.py:508} INFO - Filling up the DagBag from /home/airflow/.local/lib/python3.7/site-packages/airflow/example_dags/example_branch_day_of_week_operator.py
[2022-07-29 03:53:14,960] {processor.py:651} INFO - DAG(s) dict_keys(['example_weekday_branch_operator']) retrieved from /home/airflow/.local/lib/python3.7/site-packages/airflow/example_dags/example_branch_day_of_week_operator.py
[2022-07-29 03:53:14,997] {logging_mixin.py:115} INFO - [2022-07-29 03:53:14,997] {dag.py:2420} INFO - Sync 1 DAGs
[2022-07-29 03:53:15,034] {logging_mixin.py:115} INFO - [2022-07-29 03:53:15,034] {dag.py:2972} INFO - Setting next_dagrun for example_weekday_branch_operator to 2022-07-28T00:00:00+00:00, run_after=2022-07-29T00:00:00+00:00
[2022-07-29 03:53:15,050] {processor.py:161} INFO - Processing /home/airflow/.local/lib/python3.7/site-packages/airflow/example_dags/example_branch_day_of_week_operator.py took 0.108 seconds
[2022-07-29 03:53:45,439] {processor.py:153} INFO - Started process (PID=29568) to work on /home/airflow/.local/lib/python3.7/site-packages/airflow/example_dags/example_branch_day_of_week_operator.py
[2022-07-29 03:53:45,440] {processor.py:641} INFO - Processing file /home/airflow/.local/lib/python3.7/site-packages/airflow/example_dags/example_branch_day_of_week_operator.py for tasks to queue
[2022-07-29 03:53:45,441] {logging_mixin.py:115} INFO - [2022-07-29 03:53:45,441] {dagbag.py:508} INFO - Filling up the DagBag from /home/airflow/.local/lib/python3.7/site-packages/airflow/example_dags/example_branch_day_of_week_operator.py
[2022-07-29 03:53:45,453] {processor.py:651} INFO - DAG(s) dict_keys(['example_weekday_branch_operator']) retrieved from /home/airflow/.local/lib/python3.7/site-packages/airflow/example_dags/example_branch_day_of_week_operator.py
[2022-07-29 03:53:45,488] {logging_mixin.py:115} INFO - [2022-07-29 03:53:45,488] {dag.py:2420} INFO - Sync 1 DAGs
[2022-07-29 03:53:45,522] {logging_mixin.py:115} INFO - [2022-07-29 03:53:45,522] {dag.py:2972} INFO - Setting next_dagrun for example_weekday_branch_operator to 2022-07-28T00:00:00+00:00, run_after=2022-07-29T00:00:00+00:00
[2022-07-29 03:53:45,540] {processor.py:161} INFO - Processing /home/airflow/.local/lib/python3.7/site-packages/airflow/example_dags/example_branch_day_of_week_operator.py took 0.105 seconds
[2022-07-29 03:54:16,560] {processor.py:153} INFO - Started process (PID=29771) to work on /home/airflow/.local/lib/python3.7/site-packages/airflow/example_dags/example_branch_day_of_week_operator.py
[2022-07-29 03:54:16,561] {processor.py:641} INFO - Processing file /home/airflow/.local/lib/python3.7/site-packages/airflow/example_dags/example_branch_day_of_week_operator.py for tasks to queue
[2022-07-29 03:54:16,562] {logging_mixin.py:115} INFO - [2022-07-29 03:54:16,562] {dagbag.py:508} INFO - Filling up the DagBag from /home/airflow/.local/lib/python3.7/site-packages/airflow/example_dags/example_branch_day_of_week_operator.py
[2022-07-29 03:54:16,572] {processor.py:651} INFO - DAG(s) dict_keys(['example_weekday_branch_operator']) retrieved from /home/airflow/.local/lib/python3.7/site-packages/airflow/example_dags/example_branch_day_of_week_operator.py
[2022-07-29 03:54:16,607] {logging_mixin.py:115} INFO - [2022-07-29 03:54:16,607] {dag.py:2420} INFO - Sync 1 DAGs
[2022-07-29 03:54:16,636] {logging_mixin.py:115} INFO - [2022-07-29 03:54:16,636] {dag.py:2972} INFO - Setting next_dagrun for example_weekday_branch_operator to 2022-07-28T00:00:00+00:00, run_after=2022-07-29T00:00:00+00:00
[2022-07-29 03:54:16,651] {processor.py:161} INFO - Processing /home/airflow/.local/lib/python3.7/site-packages/airflow/example_dags/example_branch_day_of_week_operator.py took 0.095 seconds
[2022-07-29 03:54:46,725] {processor.py:153} INFO - Started process (PID=29974) to work on /home/airflow/.local/lib/python3.7/site-packages/airflow/example_dags/example_branch_day_of_week_operator.py
[2022-07-29 03:54:46,726] {processor.py:641} INFO - Processing file /home/airflow/.local/lib/python3.7/site-packages/airflow/example_dags/example_branch_day_of_week_operator.py for tasks to queue
[2022-07-29 03:54:46,726] {logging_mixin.py:115} INFO - [2022-07-29 03:54:46,726] {dagbag.py:508} INFO - Filling up the DagBag from /home/airflow/.local/lib/python3.7/site-packages/airflow/example_dags/example_branch_day_of_week_operator.py
[2022-07-29 03:54:46,734] {processor.py:651} INFO - DAG(s) dict_keys(['example_weekday_branch_operator']) retrieved from /home/airflow/.local/lib/python3.7/site-packages/airflow/example_dags/example_branch_day_of_week_operator.py
[2022-07-29 03:54:46,764] {logging_mixin.py:115} INFO - [2022-07-29 03:54:46,763] {dag.py:2420} INFO - Sync 1 DAGs
[2022-07-29 03:54:46,799] {logging_mixin.py:115} INFO - [2022-07-29 03:54:46,799] {dag.py:2972} INFO - Setting next_dagrun for example_weekday_branch_operator to 2022-07-28T00:00:00+00:00, run_after=2022-07-29T00:00:00+00:00
[2022-07-29 03:54:46,815] {processor.py:161} INFO - Processing /home/airflow/.local/lib/python3.7/site-packages/airflow/example_dags/example_branch_day_of_week_operator.py took 0.092 seconds
