[2022-07-29 03:44:06,617] {processor.py:153} INFO - Started process (PID=25866) to work on /home/airflow/.local/lib/python3.7/site-packages/airflow/example_dags/example_trigger_target_dag.py
[2022-07-29 03:44:06,617] {processor.py:641} INFO - Processing file /home/airflow/.local/lib/python3.7/site-packages/airflow/example_dags/example_trigger_target_dag.py for tasks to queue
[2022-07-29 03:44:06,618] {logging_mixin.py:115} INFO - [2022-07-29 03:44:06,618] {dagbag.py:508} INFO - Filling up the DagBag from /home/airflow/.local/lib/python3.7/site-packages/airflow/example_dags/example_trigger_target_dag.py
[2022-07-29 03:44:06,644] {processor.py:651} INFO - DAG(s) dict_keys(['example_trigger_target_dag']) retrieved from /home/airflow/.local/lib/python3.7/site-packages/airflow/example_dags/example_trigger_target_dag.py
[2022-07-29 03:44:06,678] {logging_mixin.py:115} INFO - [2022-07-29 03:44:06,677] {dag.py:2420} INFO - Sync 1 DAGs
[2022-07-29 03:44:06,716] {logging_mixin.py:115} INFO - [2022-07-29 03:44:06,716] {dag.py:2972} INFO - Setting next_dagrun for example_trigger_target_dag to None, run_after=None
[2022-07-29 03:44:06,737] {processor.py:161} INFO - Processing /home/airflow/.local/lib/python3.7/site-packages/airflow/example_dags/example_trigger_target_dag.py took 0.123 seconds
[2022-07-29 03:44:36,919] {processor.py:153} INFO - Started process (PID=26072) to work on /home/airflow/.local/lib/python3.7/site-packages/airflow/example_dags/example_trigger_target_dag.py
[2022-07-29 03:44:36,920] {processor.py:641} INFO - Processing file /home/airflow/.local/lib/python3.7/site-packages/airflow/example_dags/example_trigger_target_dag.py for tasks to queue
[2022-07-29 03:44:36,921] {logging_mixin.py:115} INFO - [2022-07-29 03:44:36,920] {dagbag.py:508} INFO - Filling up the DagBag from /home/airflow/.local/lib/python3.7/site-packages/airflow/example_dags/example_trigger_target_dag.py
[2022-07-29 03:44:36,934] {processor.py:651} INFO - DAG(s) dict_keys(['example_trigger_target_dag']) retrieved from /home/airflow/.local/lib/python3.7/site-packages/airflow/example_dags/example_trigger_target_dag.py
[2022-07-29 03:44:36,954] {logging_mixin.py:115} INFO - [2022-07-29 03:44:36,954] {dag.py:2420} INFO - Sync 1 DAGs
[2022-07-29 03:44:36,974] {logging_mixin.py:115} INFO - [2022-07-29 03:44:36,974] {dag.py:2972} INFO - Setting next_dagrun for example_trigger_target_dag to None, run_after=None
[2022-07-29 03:44:36,986] {processor.py:161} INFO - Processing /home/airflow/.local/lib/python3.7/site-packages/airflow/example_dags/example_trigger_target_dag.py took 0.069 seconds
[2022-07-29 03:45:07,644] {processor.py:153} INFO - Started process (PID=26278) to work on /home/airflow/.local/lib/python3.7/site-packages/airflow/example_dags/example_trigger_target_dag.py
[2022-07-29 03:45:07,645] {processor.py:641} INFO - Processing file /home/airflow/.local/lib/python3.7/site-packages/airflow/example_dags/example_trigger_target_dag.py for tasks to queue
[2022-07-29 03:45:07,646] {logging_mixin.py:115} INFO - [2022-07-29 03:45:07,646] {dagbag.py:508} INFO - Filling up the DagBag from /home/airflow/.local/lib/python3.7/site-packages/airflow/example_dags/example_trigger_target_dag.py
[2022-07-29 03:45:07,661] {processor.py:651} INFO - DAG(s) dict_keys(['example_trigger_target_dag']) retrieved from /home/airflow/.local/lib/python3.7/site-packages/airflow/example_dags/example_trigger_target_dag.py
[2022-07-29 03:45:07,688] {logging_mixin.py:115} INFO - [2022-07-29 03:45:07,688] {dag.py:2420} INFO - Sync 1 DAGs
[2022-07-29 03:45:07,709] {logging_mixin.py:115} INFO - [2022-07-29 03:45:07,709] {dag.py:2972} INFO - Setting next_dagrun for example_trigger_target_dag to None, run_after=None
[2022-07-29 03:45:07,723] {processor.py:161} INFO - Processing /home/airflow/.local/lib/python3.7/site-packages/airflow/example_dags/example_trigger_target_dag.py took 0.083 seconds
[2022-07-29 03:45:38,389] {processor.py:153} INFO - Started process (PID=26481) to work on /home/airflow/.local/lib/python3.7/site-packages/airflow/example_dags/example_trigger_target_dag.py
[2022-07-29 03:45:38,390] {processor.py:641} INFO - Processing file /home/airflow/.local/lib/python3.7/site-packages/airflow/example_dags/example_trigger_target_dag.py for tasks to queue
[2022-07-29 03:45:38,391] {logging_mixin.py:115} INFO - [2022-07-29 03:45:38,391] {dagbag.py:508} INFO - Filling up the DagBag from /home/airflow/.local/lib/python3.7/site-packages/airflow/example_dags/example_trigger_target_dag.py
[2022-07-29 03:45:38,411] {processor.py:651} INFO - DAG(s) dict_keys(['example_trigger_target_dag']) retrieved from /home/airflow/.local/lib/python3.7/site-packages/airflow/example_dags/example_trigger_target_dag.py
[2022-07-29 03:45:38,442] {logging_mixin.py:115} INFO - [2022-07-29 03:45:38,442] {dag.py:2420} INFO - Sync 1 DAGs
[2022-07-29 03:45:38,475] {logging_mixin.py:115} INFO - [2022-07-29 03:45:38,475] {dag.py:2972} INFO - Setting next_dagrun for example_trigger_target_dag to None, run_after=None
[2022-07-29 03:45:38,494] {processor.py:161} INFO - Processing /home/airflow/.local/lib/python3.7/site-packages/airflow/example_dags/example_trigger_target_dag.py took 0.109 seconds
[2022-07-29 03:46:08,756] {processor.py:153} INFO - Started process (PID=26677) to work on /home/airflow/.local/lib/python3.7/site-packages/airflow/example_dags/example_trigger_target_dag.py
[2022-07-29 03:46:08,757] {processor.py:641} INFO - Processing file /home/airflow/.local/lib/python3.7/site-packages/airflow/example_dags/example_trigger_target_dag.py for tasks to queue
[2022-07-29 03:46:08,758] {logging_mixin.py:115} INFO - [2022-07-29 03:46:08,758] {dagbag.py:508} INFO - Filling up the DagBag from /home/airflow/.local/lib/python3.7/site-packages/airflow/example_dags/example_trigger_target_dag.py
[2022-07-29 03:46:08,778] {processor.py:651} INFO - DAG(s) dict_keys(['example_trigger_target_dag']) retrieved from /home/airflow/.local/lib/python3.7/site-packages/airflow/example_dags/example_trigger_target_dag.py
[2022-07-29 03:46:08,811] {logging_mixin.py:115} INFO - [2022-07-29 03:46:08,811] {dag.py:2420} INFO - Sync 1 DAGs
[2022-07-29 03:46:08,841] {logging_mixin.py:115} INFO - [2022-07-29 03:46:08,841] {dag.py:2972} INFO - Setting next_dagrun for example_trigger_target_dag to None, run_after=None
[2022-07-29 03:46:08,859] {processor.py:161} INFO - Processing /home/airflow/.local/lib/python3.7/site-packages/airflow/example_dags/example_trigger_target_dag.py took 0.106 seconds
[2022-07-29 03:46:39,857] {processor.py:153} INFO - Started process (PID=26878) to work on /home/airflow/.local/lib/python3.7/site-packages/airflow/example_dags/example_trigger_target_dag.py
[2022-07-29 03:46:39,858] {processor.py:641} INFO - Processing file /home/airflow/.local/lib/python3.7/site-packages/airflow/example_dags/example_trigger_target_dag.py for tasks to queue
[2022-07-29 03:46:39,859] {logging_mixin.py:115} INFO - [2022-07-29 03:46:39,858] {dagbag.py:508} INFO - Filling up the DagBag from /home/airflow/.local/lib/python3.7/site-packages/airflow/example_dags/example_trigger_target_dag.py
[2022-07-29 03:46:39,883] {processor.py:651} INFO - DAG(s) dict_keys(['example_trigger_target_dag']) retrieved from /home/airflow/.local/lib/python3.7/site-packages/airflow/example_dags/example_trigger_target_dag.py
[2022-07-29 03:46:39,921] {logging_mixin.py:115} INFO - [2022-07-29 03:46:39,921] {dag.py:2420} INFO - Sync 1 DAGs
[2022-07-29 03:46:39,963] {logging_mixin.py:115} INFO - [2022-07-29 03:46:39,963] {dag.py:2972} INFO - Setting next_dagrun for example_trigger_target_dag to None, run_after=None
[2022-07-29 03:46:39,982] {processor.py:161} INFO - Processing /home/airflow/.local/lib/python3.7/site-packages/airflow/example_dags/example_trigger_target_dag.py took 0.129 seconds
[2022-07-29 03:47:10,224] {processor.py:153} INFO - Started process (PID=27072) to work on /home/airflow/.local/lib/python3.7/site-packages/airflow/example_dags/example_trigger_target_dag.py
[2022-07-29 03:47:10,225] {processor.py:641} INFO - Processing file /home/airflow/.local/lib/python3.7/site-packages/airflow/example_dags/example_trigger_target_dag.py for tasks to queue
[2022-07-29 03:47:10,226] {logging_mixin.py:115} INFO - [2022-07-29 03:47:10,225] {dagbag.py:508} INFO - Filling up the DagBag from /home/airflow/.local/lib/python3.7/site-packages/airflow/example_dags/example_trigger_target_dag.py
[2022-07-29 03:47:10,245] {processor.py:651} INFO - DAG(s) dict_keys(['example_trigger_target_dag']) retrieved from /home/airflow/.local/lib/python3.7/site-packages/airflow/example_dags/example_trigger_target_dag.py
[2022-07-29 03:47:10,270] {logging_mixin.py:115} INFO - [2022-07-29 03:47:10,270] {dag.py:2420} INFO - Sync 1 DAGs
[2022-07-29 03:47:10,295] {logging_mixin.py:115} INFO - [2022-07-29 03:47:10,295] {dag.py:2972} INFO - Setting next_dagrun for example_trigger_target_dag to None, run_after=None
[2022-07-29 03:47:10,311] {processor.py:161} INFO - Processing /home/airflow/.local/lib/python3.7/site-packages/airflow/example_dags/example_trigger_target_dag.py took 0.093 seconds
[2022-07-29 03:47:41,734] {processor.py:153} INFO - Started process (PID=27275) to work on /home/airflow/.local/lib/python3.7/site-packages/airflow/example_dags/example_trigger_target_dag.py
[2022-07-29 03:47:41,735] {processor.py:641} INFO - Processing file /home/airflow/.local/lib/python3.7/site-packages/airflow/example_dags/example_trigger_target_dag.py for tasks to queue
[2022-07-29 03:47:41,736] {logging_mixin.py:115} INFO - [2022-07-29 03:47:41,736] {dagbag.py:508} INFO - Filling up the DagBag from /home/airflow/.local/lib/python3.7/site-packages/airflow/example_dags/example_trigger_target_dag.py
[2022-07-29 03:47:41,757] {processor.py:651} INFO - DAG(s) dict_keys(['example_trigger_target_dag']) retrieved from /home/airflow/.local/lib/python3.7/site-packages/airflow/example_dags/example_trigger_target_dag.py
[2022-07-29 03:47:41,785] {logging_mixin.py:115} INFO - [2022-07-29 03:47:41,785] {dag.py:2420} INFO - Sync 1 DAGs
[2022-07-29 03:47:41,813] {logging_mixin.py:115} INFO - [2022-07-29 03:47:41,813] {dag.py:2972} INFO - Setting next_dagrun for example_trigger_target_dag to None, run_after=None
[2022-07-29 03:47:41,828] {processor.py:161} INFO - Processing /home/airflow/.local/lib/python3.7/site-packages/airflow/example_dags/example_trigger_target_dag.py took 0.097 seconds
[2022-07-29 03:48:12,134] {processor.py:153} INFO - Started process (PID=27471) to work on /home/airflow/.local/lib/python3.7/site-packages/airflow/example_dags/example_trigger_target_dag.py
[2022-07-29 03:48:12,135] {processor.py:641} INFO - Processing file /home/airflow/.local/lib/python3.7/site-packages/airflow/example_dags/example_trigger_target_dag.py for tasks to queue
[2022-07-29 03:48:12,136] {logging_mixin.py:115} INFO - [2022-07-29 03:48:12,136] {dagbag.py:508} INFO - Filling up the DagBag from /home/airflow/.local/lib/python3.7/site-packages/airflow/example_dags/example_trigger_target_dag.py
[2022-07-29 03:48:12,153] {processor.py:651} INFO - DAG(s) dict_keys(['example_trigger_target_dag']) retrieved from /home/airflow/.local/lib/python3.7/site-packages/airflow/example_dags/example_trigger_target_dag.py
[2022-07-29 03:48:12,186] {logging_mixin.py:115} INFO - [2022-07-29 03:48:12,185] {dag.py:2420} INFO - Sync 1 DAGs
[2022-07-29 03:48:12,214] {logging_mixin.py:115} INFO - [2022-07-29 03:48:12,214] {dag.py:2972} INFO - Setting next_dagrun for example_trigger_target_dag to None, run_after=None
[2022-07-29 03:48:12,242] {processor.py:161} INFO - Processing /home/airflow/.local/lib/python3.7/site-packages/airflow/example_dags/example_trigger_target_dag.py took 0.112 seconds
[2022-07-29 03:48:42,595] {processor.py:153} INFO - Started process (PID=27673) to work on /home/airflow/.local/lib/python3.7/site-packages/airflow/example_dags/example_trigger_target_dag.py
[2022-07-29 03:48:42,597] {processor.py:641} INFO - Processing file /home/airflow/.local/lib/python3.7/site-packages/airflow/example_dags/example_trigger_target_dag.py for tasks to queue
[2022-07-29 03:48:42,599] {logging_mixin.py:115} INFO - [2022-07-29 03:48:42,599] {dagbag.py:508} INFO - Filling up the DagBag from /home/airflow/.local/lib/python3.7/site-packages/airflow/example_dags/example_trigger_target_dag.py
[2022-07-29 03:48:42,623] {processor.py:651} INFO - DAG(s) dict_keys(['example_trigger_target_dag']) retrieved from /home/airflow/.local/lib/python3.7/site-packages/airflow/example_dags/example_trigger_target_dag.py
[2022-07-29 03:48:42,656] {logging_mixin.py:115} INFO - [2022-07-29 03:48:42,656] {dag.py:2420} INFO - Sync 1 DAGs
[2022-07-29 03:48:42,688] {logging_mixin.py:115} INFO - [2022-07-29 03:48:42,687] {dag.py:2972} INFO - Setting next_dagrun for example_trigger_target_dag to None, run_after=None
[2022-07-29 03:48:42,711] {processor.py:161} INFO - Processing /home/airflow/.local/lib/python3.7/site-packages/airflow/example_dags/example_trigger_target_dag.py took 0.121 seconds
[2022-07-29 03:49:13,807] {processor.py:153} INFO - Started process (PID=27866) to work on /home/airflow/.local/lib/python3.7/site-packages/airflow/example_dags/example_trigger_target_dag.py
[2022-07-29 03:49:13,808] {processor.py:641} INFO - Processing file /home/airflow/.local/lib/python3.7/site-packages/airflow/example_dags/example_trigger_target_dag.py for tasks to queue
[2022-07-29 03:49:13,809] {logging_mixin.py:115} INFO - [2022-07-29 03:49:13,809] {dagbag.py:508} INFO - Filling up the DagBag from /home/airflow/.local/lib/python3.7/site-packages/airflow/example_dags/example_trigger_target_dag.py
[2022-07-29 03:49:13,829] {processor.py:651} INFO - DAG(s) dict_keys(['example_trigger_target_dag']) retrieved from /home/airflow/.local/lib/python3.7/site-packages/airflow/example_dags/example_trigger_target_dag.py
[2022-07-29 03:49:13,862] {logging_mixin.py:115} INFO - [2022-07-29 03:49:13,862] {dag.py:2420} INFO - Sync 1 DAGs
[2022-07-29 03:49:13,894] {logging_mixin.py:115} INFO - [2022-07-29 03:49:13,894] {dag.py:2972} INFO - Setting next_dagrun for example_trigger_target_dag to None, run_after=None
[2022-07-29 03:49:13,916] {processor.py:161} INFO - Processing /home/airflow/.local/lib/python3.7/site-packages/airflow/example_dags/example_trigger_target_dag.py took 0.112 seconds
[2022-07-29 03:49:44,682] {processor.py:153} INFO - Started process (PID=28069) to work on /home/airflow/.local/lib/python3.7/site-packages/airflow/example_dags/example_trigger_target_dag.py
[2022-07-29 03:49:44,683] {processor.py:641} INFO - Processing file /home/airflow/.local/lib/python3.7/site-packages/airflow/example_dags/example_trigger_target_dag.py for tasks to queue
[2022-07-29 03:49:44,684] {logging_mixin.py:115} INFO - [2022-07-29 03:49:44,684] {dagbag.py:508} INFO - Filling up the DagBag from /home/airflow/.local/lib/python3.7/site-packages/airflow/example_dags/example_trigger_target_dag.py
[2022-07-29 03:49:44,708] {processor.py:651} INFO - DAG(s) dict_keys(['example_trigger_target_dag']) retrieved from /home/airflow/.local/lib/python3.7/site-packages/airflow/example_dags/example_trigger_target_dag.py
[2022-07-29 03:49:44,751] {logging_mixin.py:115} INFO - [2022-07-29 03:49:44,751] {dag.py:2420} INFO - Sync 1 DAGs
[2022-07-29 03:49:44,794] {logging_mixin.py:115} INFO - [2022-07-29 03:49:44,794] {dag.py:2972} INFO - Setting next_dagrun for example_trigger_target_dag to None, run_after=None
[2022-07-29 03:49:44,819] {processor.py:161} INFO - Processing /home/airflow/.local/lib/python3.7/site-packages/airflow/example_dags/example_trigger_target_dag.py took 0.142 seconds
[2022-07-29 03:50:15,585] {processor.py:153} INFO - Started process (PID=28263) to work on /home/airflow/.local/lib/python3.7/site-packages/airflow/example_dags/example_trigger_target_dag.py
[2022-07-29 03:50:15,586] {processor.py:641} INFO - Processing file /home/airflow/.local/lib/python3.7/site-packages/airflow/example_dags/example_trigger_target_dag.py for tasks to queue
[2022-07-29 03:50:15,587] {logging_mixin.py:115} INFO - [2022-07-29 03:50:15,587] {dagbag.py:508} INFO - Filling up the DagBag from /home/airflow/.local/lib/python3.7/site-packages/airflow/example_dags/example_trigger_target_dag.py
[2022-07-29 03:50:15,605] {processor.py:651} INFO - DAG(s) dict_keys(['example_trigger_target_dag']) retrieved from /home/airflow/.local/lib/python3.7/site-packages/airflow/example_dags/example_trigger_target_dag.py
[2022-07-29 03:50:15,635] {logging_mixin.py:115} INFO - [2022-07-29 03:50:15,635] {dag.py:2420} INFO - Sync 1 DAGs
[2022-07-29 03:50:15,661] {logging_mixin.py:115} INFO - [2022-07-29 03:50:15,661] {dag.py:2972} INFO - Setting next_dagrun for example_trigger_target_dag to None, run_after=None
[2022-07-29 03:50:15,682] {processor.py:161} INFO - Processing /home/airflow/.local/lib/python3.7/site-packages/airflow/example_dags/example_trigger_target_dag.py took 0.100 seconds
[2022-07-29 03:50:46,299] {processor.py:153} INFO - Started process (PID=28466) to work on /home/airflow/.local/lib/python3.7/site-packages/airflow/example_dags/example_trigger_target_dag.py
[2022-07-29 03:50:46,299] {processor.py:641} INFO - Processing file /home/airflow/.local/lib/python3.7/site-packages/airflow/example_dags/example_trigger_target_dag.py for tasks to queue
[2022-07-29 03:50:46,300] {logging_mixin.py:115} INFO - [2022-07-29 03:50:46,300] {dagbag.py:508} INFO - Filling up the DagBag from /home/airflow/.local/lib/python3.7/site-packages/airflow/example_dags/example_trigger_target_dag.py
[2022-07-29 03:50:46,317] {processor.py:651} INFO - DAG(s) dict_keys(['example_trigger_target_dag']) retrieved from /home/airflow/.local/lib/python3.7/site-packages/airflow/example_dags/example_trigger_target_dag.py
[2022-07-29 03:50:46,344] {logging_mixin.py:115} INFO - [2022-07-29 03:50:46,344] {dag.py:2420} INFO - Sync 1 DAGs
[2022-07-29 03:50:46,369] {logging_mixin.py:115} INFO - [2022-07-29 03:50:46,369] {dag.py:2972} INFO - Setting next_dagrun for example_trigger_target_dag to None, run_after=None
[2022-07-29 03:50:46,385] {processor.py:161} INFO - Processing /home/airflow/.local/lib/python3.7/site-packages/airflow/example_dags/example_trigger_target_dag.py took 0.089 seconds
[2022-07-29 03:51:17,452] {processor.py:153} INFO - Started process (PID=28661) to work on /home/airflow/.local/lib/python3.7/site-packages/airflow/example_dags/example_trigger_target_dag.py
[2022-07-29 03:51:17,453] {processor.py:641} INFO - Processing file /home/airflow/.local/lib/python3.7/site-packages/airflow/example_dags/example_trigger_target_dag.py for tasks to queue
[2022-07-29 03:51:17,454] {logging_mixin.py:115} INFO - [2022-07-29 03:51:17,454] {dagbag.py:508} INFO - Filling up the DagBag from /home/airflow/.local/lib/python3.7/site-packages/airflow/example_dags/example_trigger_target_dag.py
[2022-07-29 03:51:17,475] {processor.py:651} INFO - DAG(s) dict_keys(['example_trigger_target_dag']) retrieved from /home/airflow/.local/lib/python3.7/site-packages/airflow/example_dags/example_trigger_target_dag.py
[2022-07-29 03:51:17,506] {logging_mixin.py:115} INFO - [2022-07-29 03:51:17,506] {dag.py:2420} INFO - Sync 1 DAGs
[2022-07-29 03:51:17,540] {logging_mixin.py:115} INFO - [2022-07-29 03:51:17,540] {dag.py:2972} INFO - Setting next_dagrun for example_trigger_target_dag to None, run_after=None
[2022-07-29 03:51:17,558] {processor.py:161} INFO - Processing /home/airflow/.local/lib/python3.7/site-packages/airflow/example_dags/example_trigger_target_dag.py took 0.110 seconds
[2022-07-29 03:51:47,933] {processor.py:153} INFO - Started process (PID=28864) to work on /home/airflow/.local/lib/python3.7/site-packages/airflow/example_dags/example_trigger_target_dag.py
[2022-07-29 03:51:47,934] {processor.py:641} INFO - Processing file /home/airflow/.local/lib/python3.7/site-packages/airflow/example_dags/example_trigger_target_dag.py for tasks to queue
[2022-07-29 03:51:47,935] {logging_mixin.py:115} INFO - [2022-07-29 03:51:47,935] {dagbag.py:508} INFO - Filling up the DagBag from /home/airflow/.local/lib/python3.7/site-packages/airflow/example_dags/example_trigger_target_dag.py
[2022-07-29 03:51:47,954] {processor.py:651} INFO - DAG(s) dict_keys(['example_trigger_target_dag']) retrieved from /home/airflow/.local/lib/python3.7/site-packages/airflow/example_dags/example_trigger_target_dag.py
[2022-07-29 03:51:47,987] {logging_mixin.py:115} INFO - [2022-07-29 03:51:47,987] {dag.py:2420} INFO - Sync 1 DAGs
[2022-07-29 03:51:48,015] {logging_mixin.py:115} INFO - [2022-07-29 03:51:48,014] {dag.py:2972} INFO - Setting next_dagrun for example_trigger_target_dag to None, run_after=None
[2022-07-29 03:51:48,033] {processor.py:161} INFO - Processing /home/airflow/.local/lib/python3.7/site-packages/airflow/example_dags/example_trigger_target_dag.py took 0.103 seconds
[2022-07-29 03:52:18,933] {processor.py:153} INFO - Started process (PID=29058) to work on /home/airflow/.local/lib/python3.7/site-packages/airflow/example_dags/example_trigger_target_dag.py
[2022-07-29 03:52:18,934] {processor.py:641} INFO - Processing file /home/airflow/.local/lib/python3.7/site-packages/airflow/example_dags/example_trigger_target_dag.py for tasks to queue
[2022-07-29 03:52:18,935] {logging_mixin.py:115} INFO - [2022-07-29 03:52:18,935] {dagbag.py:508} INFO - Filling up the DagBag from /home/airflow/.local/lib/python3.7/site-packages/airflow/example_dags/example_trigger_target_dag.py
[2022-07-29 03:52:18,957] {processor.py:651} INFO - DAG(s) dict_keys(['example_trigger_target_dag']) retrieved from /home/airflow/.local/lib/python3.7/site-packages/airflow/example_dags/example_trigger_target_dag.py
[2022-07-29 03:52:18,993] {logging_mixin.py:115} INFO - [2022-07-29 03:52:18,992] {dag.py:2420} INFO - Sync 1 DAGs
[2022-07-29 03:52:19,022] {logging_mixin.py:115} INFO - [2022-07-29 03:52:19,022] {dag.py:2972} INFO - Setting next_dagrun for example_trigger_target_dag to None, run_after=None
[2022-07-29 03:52:19,042] {processor.py:161} INFO - Processing /home/airflow/.local/lib/python3.7/site-packages/airflow/example_dags/example_trigger_target_dag.py took 0.114 seconds
[2022-07-29 03:52:49,178] {processor.py:153} INFO - Started process (PID=29255) to work on /home/airflow/.local/lib/python3.7/site-packages/airflow/example_dags/example_trigger_target_dag.py
[2022-07-29 03:52:49,179] {processor.py:641} INFO - Processing file /home/airflow/.local/lib/python3.7/site-packages/airflow/example_dags/example_trigger_target_dag.py for tasks to queue
[2022-07-29 03:52:49,180] {logging_mixin.py:115} INFO - [2022-07-29 03:52:49,180] {dagbag.py:508} INFO - Filling up the DagBag from /home/airflow/.local/lib/python3.7/site-packages/airflow/example_dags/example_trigger_target_dag.py
[2022-07-29 03:52:49,199] {processor.py:651} INFO - DAG(s) dict_keys(['example_trigger_target_dag']) retrieved from /home/airflow/.local/lib/python3.7/site-packages/airflow/example_dags/example_trigger_target_dag.py
[2022-07-29 03:52:49,234] {logging_mixin.py:115} INFO - [2022-07-29 03:52:49,234] {dag.py:2420} INFO - Sync 1 DAGs
[2022-07-29 03:52:49,263] {logging_mixin.py:115} INFO - [2022-07-29 03:52:49,263] {dag.py:2972} INFO - Setting next_dagrun for example_trigger_target_dag to None, run_after=None
[2022-07-29 03:52:49,280] {processor.py:161} INFO - Processing /home/airflow/.local/lib/python3.7/site-packages/airflow/example_dags/example_trigger_target_dag.py took 0.105 seconds
[2022-07-29 03:53:20,097] {processor.py:153} INFO - Started process (PID=29449) to work on /home/airflow/.local/lib/python3.7/site-packages/airflow/example_dags/example_trigger_target_dag.py
[2022-07-29 03:53:20,098] {processor.py:641} INFO - Processing file /home/airflow/.local/lib/python3.7/site-packages/airflow/example_dags/example_trigger_target_dag.py for tasks to queue
[2022-07-29 03:53:20,099] {logging_mixin.py:115} INFO - [2022-07-29 03:53:20,099] {dagbag.py:508} INFO - Filling up the DagBag from /home/airflow/.local/lib/python3.7/site-packages/airflow/example_dags/example_trigger_target_dag.py
[2022-07-29 03:53:20,117] {processor.py:651} INFO - DAG(s) dict_keys(['example_trigger_target_dag']) retrieved from /home/airflow/.local/lib/python3.7/site-packages/airflow/example_dags/example_trigger_target_dag.py
[2022-07-29 03:53:20,150] {logging_mixin.py:115} INFO - [2022-07-29 03:53:20,150] {dag.py:2420} INFO - Sync 1 DAGs
[2022-07-29 03:53:20,178] {logging_mixin.py:115} INFO - [2022-07-29 03:53:20,178] {dag.py:2972} INFO - Setting next_dagrun for example_trigger_target_dag to None, run_after=None
[2022-07-29 03:53:20,204] {processor.py:161} INFO - Processing /home/airflow/.local/lib/python3.7/site-packages/airflow/example_dags/example_trigger_target_dag.py took 0.111 seconds
[2022-07-29 03:53:50,652] {processor.py:153} INFO - Started process (PID=29652) to work on /home/airflow/.local/lib/python3.7/site-packages/airflow/example_dags/example_trigger_target_dag.py
[2022-07-29 03:53:50,652] {processor.py:641} INFO - Processing file /home/airflow/.local/lib/python3.7/site-packages/airflow/example_dags/example_trigger_target_dag.py for tasks to queue
[2022-07-29 03:53:50,653] {logging_mixin.py:115} INFO - [2022-07-29 03:53:50,653] {dagbag.py:508} INFO - Filling up the DagBag from /home/airflow/.local/lib/python3.7/site-packages/airflow/example_dags/example_trigger_target_dag.py
[2022-07-29 03:53:50,672] {processor.py:651} INFO - DAG(s) dict_keys(['example_trigger_target_dag']) retrieved from /home/airflow/.local/lib/python3.7/site-packages/airflow/example_dags/example_trigger_target_dag.py
[2022-07-29 03:53:50,703] {logging_mixin.py:115} INFO - [2022-07-29 03:53:50,703] {dag.py:2420} INFO - Sync 1 DAGs
[2022-07-29 03:53:50,733] {logging_mixin.py:115} INFO - [2022-07-29 03:53:50,733] {dag.py:2972} INFO - Setting next_dagrun for example_trigger_target_dag to None, run_after=None
[2022-07-29 03:53:50,750] {processor.py:161} INFO - Processing /home/airflow/.local/lib/python3.7/site-packages/airflow/example_dags/example_trigger_target_dag.py took 0.102 seconds
[2022-07-29 03:54:21,589] {processor.py:153} INFO - Started process (PID=29846) to work on /home/airflow/.local/lib/python3.7/site-packages/airflow/example_dags/example_trigger_target_dag.py
[2022-07-29 03:54:21,590] {processor.py:641} INFO - Processing file /home/airflow/.local/lib/python3.7/site-packages/airflow/example_dags/example_trigger_target_dag.py for tasks to queue
[2022-07-29 03:54:21,591] {logging_mixin.py:115} INFO - [2022-07-29 03:54:21,591] {dagbag.py:508} INFO - Filling up the DagBag from /home/airflow/.local/lib/python3.7/site-packages/airflow/example_dags/example_trigger_target_dag.py
[2022-07-29 03:54:21,624] {processor.py:651} INFO - DAG(s) dict_keys(['example_trigger_target_dag']) retrieved from /home/airflow/.local/lib/python3.7/site-packages/airflow/example_dags/example_trigger_target_dag.py
[2022-07-29 03:54:21,665] {logging_mixin.py:115} INFO - [2022-07-29 03:54:21,665] {dag.py:2420} INFO - Sync 1 DAGs
[2022-07-29 03:54:21,704] {logging_mixin.py:115} INFO - [2022-07-29 03:54:21,704] {dag.py:2972} INFO - Setting next_dagrun for example_trigger_target_dag to None, run_after=None
[2022-07-29 03:54:21,730] {processor.py:161} INFO - Processing /home/airflow/.local/lib/python3.7/site-packages/airflow/example_dags/example_trigger_target_dag.py took 0.146 seconds
[2022-07-29 03:54:54,339] {processor.py:153} INFO - Started process (PID=30055) to work on /home/airflow/.local/lib/python3.7/site-packages/airflow/example_dags/example_trigger_target_dag.py
[2022-07-29 03:54:54,340] {processor.py:641} INFO - Processing file /home/airflow/.local/lib/python3.7/site-packages/airflow/example_dags/example_trigger_target_dag.py for tasks to queue
[2022-07-29 03:54:54,341] {logging_mixin.py:115} INFO - [2022-07-29 03:54:54,341] {dagbag.py:508} INFO - Filling up the DagBag from /home/airflow/.local/lib/python3.7/site-packages/airflow/example_dags/example_trigger_target_dag.py
[2022-07-29 03:54:54,359] {processor.py:651} INFO - DAG(s) dict_keys(['example_trigger_target_dag']) retrieved from /home/airflow/.local/lib/python3.7/site-packages/airflow/example_dags/example_trigger_target_dag.py
[2022-07-29 03:54:54,391] {logging_mixin.py:115} INFO - [2022-07-29 03:54:54,391] {dag.py:2420} INFO - Sync 1 DAGs
[2022-07-29 03:54:54,423] {logging_mixin.py:115} INFO - [2022-07-29 03:54:54,423] {dag.py:2972} INFO - Setting next_dagrun for example_trigger_target_dag to None, run_after=None
[2022-07-29 03:54:54,438] {processor.py:161} INFO - Processing /home/airflow/.local/lib/python3.7/site-packages/airflow/example_dags/example_trigger_target_dag.py took 0.103 seconds
