[2022-07-29 03:44:03,443] {processor.py:153} INFO - Started process (PID=25739) to work on /home/airflow/.local/lib/python3.7/site-packages/airflow/example_dags/example_kubernetes_executor.py
[2022-07-29 03:44:03,445] {processor.py:641} INFO - Processing file /home/airflow/.local/lib/python3.7/site-packages/airflow/example_dags/example_kubernetes_executor.py for tasks to queue
[2022-07-29 03:44:03,446] {logging_mixin.py:115} INFO - [2022-07-29 03:44:03,446] {dagbag.py:508} INFO - Filling up the DagBag from /home/airflow/.local/lib/python3.7/site-packages/airflow/example_dags/example_kubernetes_executor.py
[2022-07-29 03:44:03,515] {processor.py:651} INFO - DAG(s) dict_keys(['example_kubernetes_executor']) retrieved from /home/airflow/.local/lib/python3.7/site-packages/airflow/example_dags/example_kubernetes_executor.py
[2022-07-29 03:44:03,590] {logging_mixin.py:115} INFO - [2022-07-29 03:44:03,590] {dag.py:2420} INFO - Sync 1 DAGs
[2022-07-29 03:44:03,673] {logging_mixin.py:115} INFO - [2022-07-29 03:44:03,673] {dag.py:2972} INFO - Setting next_dagrun for example_kubernetes_executor to None, run_after=None
[2022-07-29 03:44:03,711] {processor.py:161} INFO - Processing /home/airflow/.local/lib/python3.7/site-packages/airflow/example_dags/example_kubernetes_executor.py took 0.273 seconds
[2022-07-29 03:44:34,444] {processor.py:153} INFO - Started process (PID=25947) to work on /home/airflow/.local/lib/python3.7/site-packages/airflow/example_dags/example_kubernetes_executor.py
[2022-07-29 03:44:34,445] {processor.py:641} INFO - Processing file /home/airflow/.local/lib/python3.7/site-packages/airflow/example_dags/example_kubernetes_executor.py for tasks to queue
[2022-07-29 03:44:34,446] {logging_mixin.py:115} INFO - [2022-07-29 03:44:34,446] {dagbag.py:508} INFO - Filling up the DagBag from /home/airflow/.local/lib/python3.7/site-packages/airflow/example_dags/example_kubernetes_executor.py
[2022-07-29 03:44:34,465] {processor.py:651} INFO - DAG(s) dict_keys(['example_kubernetes_executor']) retrieved from /home/airflow/.local/lib/python3.7/site-packages/airflow/example_dags/example_kubernetes_executor.py
[2022-07-29 03:44:34,488] {logging_mixin.py:115} INFO - [2022-07-29 03:44:34,488] {dag.py:2420} INFO - Sync 1 DAGs
[2022-07-29 03:44:34,508] {logging_mixin.py:115} INFO - [2022-07-29 03:44:34,508] {dag.py:2972} INFO - Setting next_dagrun for example_kubernetes_executor to None, run_after=None
[2022-07-29 03:44:34,524] {processor.py:161} INFO - Processing /home/airflow/.local/lib/python3.7/site-packages/airflow/example_dags/example_kubernetes_executor.py took 0.082 seconds
[2022-07-29 03:45:04,619] {processor.py:153} INFO - Started process (PID=26147) to work on /home/airflow/.local/lib/python3.7/site-packages/airflow/example_dags/example_kubernetes_executor.py
[2022-07-29 03:45:04,619] {processor.py:641} INFO - Processing file /home/airflow/.local/lib/python3.7/site-packages/airflow/example_dags/example_kubernetes_executor.py for tasks to queue
[2022-07-29 03:45:04,620] {logging_mixin.py:115} INFO - [2022-07-29 03:45:04,620] {dagbag.py:508} INFO - Filling up the DagBag from /home/airflow/.local/lib/python3.7/site-packages/airflow/example_dags/example_kubernetes_executor.py
[2022-07-29 03:45:04,640] {processor.py:651} INFO - DAG(s) dict_keys(['example_kubernetes_executor']) retrieved from /home/airflow/.local/lib/python3.7/site-packages/airflow/example_dags/example_kubernetes_executor.py
[2022-07-29 03:45:04,665] {logging_mixin.py:115} INFO - [2022-07-29 03:45:04,665] {dag.py:2420} INFO - Sync 1 DAGs
[2022-07-29 03:45:04,694] {logging_mixin.py:115} INFO - [2022-07-29 03:45:04,694] {dag.py:2972} INFO - Setting next_dagrun for example_kubernetes_executor to None, run_after=None
[2022-07-29 03:45:04,753] {processor.py:161} INFO - Processing /home/airflow/.local/lib/python3.7/site-packages/airflow/example_dags/example_kubernetes_executor.py took 0.137 seconds
[2022-07-29 03:45:35,758] {processor.py:153} INFO - Started process (PID=26347) to work on /home/airflow/.local/lib/python3.7/site-packages/airflow/example_dags/example_kubernetes_executor.py
[2022-07-29 03:45:35,760] {processor.py:641} INFO - Processing file /home/airflow/.local/lib/python3.7/site-packages/airflow/example_dags/example_kubernetes_executor.py for tasks to queue
[2022-07-29 03:45:35,761] {logging_mixin.py:115} INFO - [2022-07-29 03:45:35,761] {dagbag.py:508} INFO - Filling up the DagBag from /home/airflow/.local/lib/python3.7/site-packages/airflow/example_dags/example_kubernetes_executor.py
[2022-07-29 03:45:35,796] {processor.py:651} INFO - DAG(s) dict_keys(['example_kubernetes_executor']) retrieved from /home/airflow/.local/lib/python3.7/site-packages/airflow/example_dags/example_kubernetes_executor.py
[2022-07-29 03:45:35,837] {logging_mixin.py:115} INFO - [2022-07-29 03:45:35,837] {dag.py:2420} INFO - Sync 1 DAGs
[2022-07-29 03:45:35,886] {logging_mixin.py:115} INFO - [2022-07-29 03:45:35,886] {dag.py:2972} INFO - Setting next_dagrun for example_kubernetes_executor to None, run_after=None
[2022-07-29 03:45:35,909] {processor.py:161} INFO - Processing /home/airflow/.local/lib/python3.7/site-packages/airflow/example_dags/example_kubernetes_executor.py took 0.155 seconds
[2022-07-29 03:46:06,088] {processor.py:153} INFO - Started process (PID=26544) to work on /home/airflow/.local/lib/python3.7/site-packages/airflow/example_dags/example_kubernetes_executor.py
[2022-07-29 03:46:06,089] {processor.py:641} INFO - Processing file /home/airflow/.local/lib/python3.7/site-packages/airflow/example_dags/example_kubernetes_executor.py for tasks to queue
[2022-07-29 03:46:06,090] {logging_mixin.py:115} INFO - [2022-07-29 03:46:06,090] {dagbag.py:508} INFO - Filling up the DagBag from /home/airflow/.local/lib/python3.7/site-packages/airflow/example_dags/example_kubernetes_executor.py
[2022-07-29 03:46:06,121] {processor.py:651} INFO - DAG(s) dict_keys(['example_kubernetes_executor']) retrieved from /home/airflow/.local/lib/python3.7/site-packages/airflow/example_dags/example_kubernetes_executor.py
[2022-07-29 03:46:06,157] {logging_mixin.py:115} INFO - [2022-07-29 03:46:06,157] {dag.py:2420} INFO - Sync 1 DAGs
[2022-07-29 03:46:06,186] {logging_mixin.py:115} INFO - [2022-07-29 03:46:06,186] {dag.py:2972} INFO - Setting next_dagrun for example_kubernetes_executor to None, run_after=None
[2022-07-29 03:46:06,204] {processor.py:161} INFO - Processing /home/airflow/.local/lib/python3.7/site-packages/airflow/example_dags/example_kubernetes_executor.py took 0.118 seconds
[2022-07-29 03:46:36,453] {processor.py:153} INFO - Started process (PID=26738) to work on /home/airflow/.local/lib/python3.7/site-packages/airflow/example_dags/example_kubernetes_executor.py
[2022-07-29 03:46:36,454] {processor.py:641} INFO - Processing file /home/airflow/.local/lib/python3.7/site-packages/airflow/example_dags/example_kubernetes_executor.py for tasks to queue
[2022-07-29 03:46:36,455] {logging_mixin.py:115} INFO - [2022-07-29 03:46:36,455] {dagbag.py:508} INFO - Filling up the DagBag from /home/airflow/.local/lib/python3.7/site-packages/airflow/example_dags/example_kubernetes_executor.py
[2022-07-29 03:46:36,482] {processor.py:651} INFO - DAG(s) dict_keys(['example_kubernetes_executor']) retrieved from /home/airflow/.local/lib/python3.7/site-packages/airflow/example_dags/example_kubernetes_executor.py
[2022-07-29 03:46:36,515] {logging_mixin.py:115} INFO - [2022-07-29 03:46:36,515] {dag.py:2420} INFO - Sync 1 DAGs
[2022-07-29 03:46:36,547] {logging_mixin.py:115} INFO - [2022-07-29 03:46:36,547] {dag.py:2972} INFO - Setting next_dagrun for example_kubernetes_executor to None, run_after=None
[2022-07-29 03:46:36,564] {processor.py:161} INFO - Processing /home/airflow/.local/lib/python3.7/site-packages/airflow/example_dags/example_kubernetes_executor.py took 0.115 seconds
[2022-07-29 03:47:06,619] {processor.py:153} INFO - Started process (PID=26938) to work on /home/airflow/.local/lib/python3.7/site-packages/airflow/example_dags/example_kubernetes_executor.py
[2022-07-29 03:47:06,620] {processor.py:641} INFO - Processing file /home/airflow/.local/lib/python3.7/site-packages/airflow/example_dags/example_kubernetes_executor.py for tasks to queue
[2022-07-29 03:47:06,621] {logging_mixin.py:115} INFO - [2022-07-29 03:47:06,621] {dagbag.py:508} INFO - Filling up the DagBag from /home/airflow/.local/lib/python3.7/site-packages/airflow/example_dags/example_kubernetes_executor.py
[2022-07-29 03:47:06,645] {processor.py:651} INFO - DAG(s) dict_keys(['example_kubernetes_executor']) retrieved from /home/airflow/.local/lib/python3.7/site-packages/airflow/example_dags/example_kubernetes_executor.py
[2022-07-29 03:47:06,674] {logging_mixin.py:115} INFO - [2022-07-29 03:47:06,674] {dag.py:2420} INFO - Sync 1 DAGs
[2022-07-29 03:47:06,697] {logging_mixin.py:115} INFO - [2022-07-29 03:47:06,697] {dag.py:2972} INFO - Setting next_dagrun for example_kubernetes_executor to None, run_after=None
[2022-07-29 03:47:06,723] {processor.py:161} INFO - Processing /home/airflow/.local/lib/python3.7/site-packages/airflow/example_dags/example_kubernetes_executor.py took 0.107 seconds
[2022-07-29 03:47:36,851] {processor.py:153} INFO - Started process (PID=27132) to work on /home/airflow/.local/lib/python3.7/site-packages/airflow/example_dags/example_kubernetes_executor.py
[2022-07-29 03:47:36,852] {processor.py:641} INFO - Processing file /home/airflow/.local/lib/python3.7/site-packages/airflow/example_dags/example_kubernetes_executor.py for tasks to queue
[2022-07-29 03:47:36,852] {logging_mixin.py:115} INFO - [2022-07-29 03:47:36,852] {dagbag.py:508} INFO - Filling up the DagBag from /home/airflow/.local/lib/python3.7/site-packages/airflow/example_dags/example_kubernetes_executor.py
[2022-07-29 03:47:36,878] {processor.py:651} INFO - DAG(s) dict_keys(['example_kubernetes_executor']) retrieved from /home/airflow/.local/lib/python3.7/site-packages/airflow/example_dags/example_kubernetes_executor.py
[2022-07-29 03:47:36,910] {logging_mixin.py:115} INFO - [2022-07-29 03:47:36,909] {dag.py:2420} INFO - Sync 1 DAGs
[2022-07-29 03:47:36,935] {logging_mixin.py:115} INFO - [2022-07-29 03:47:36,935] {dag.py:2972} INFO - Setting next_dagrun for example_kubernetes_executor to None, run_after=None
[2022-07-29 03:47:36,960] {processor.py:161} INFO - Processing /home/airflow/.local/lib/python3.7/site-packages/airflow/example_dags/example_kubernetes_executor.py took 0.113 seconds
[2022-07-29 03:48:07,259] {processor.py:153} INFO - Started process (PID=27338) to work on /home/airflow/.local/lib/python3.7/site-packages/airflow/example_dags/example_kubernetes_executor.py
[2022-07-29 03:48:07,260] {processor.py:641} INFO - Processing file /home/airflow/.local/lib/python3.7/site-packages/airflow/example_dags/example_kubernetes_executor.py for tasks to queue
[2022-07-29 03:48:07,261] {logging_mixin.py:115} INFO - [2022-07-29 03:48:07,261] {dagbag.py:508} INFO - Filling up the DagBag from /home/airflow/.local/lib/python3.7/site-packages/airflow/example_dags/example_kubernetes_executor.py
[2022-07-29 03:48:07,288] {processor.py:651} INFO - DAG(s) dict_keys(['example_kubernetes_executor']) retrieved from /home/airflow/.local/lib/python3.7/site-packages/airflow/example_dags/example_kubernetes_executor.py
[2022-07-29 03:48:07,318] {logging_mixin.py:115} INFO - [2022-07-29 03:48:07,318] {dag.py:2420} INFO - Sync 1 DAGs
[2022-07-29 03:48:07,344] {logging_mixin.py:115} INFO - [2022-07-29 03:48:07,344] {dag.py:2972} INFO - Setting next_dagrun for example_kubernetes_executor to None, run_after=None
[2022-07-29 03:48:07,367] {processor.py:161} INFO - Processing /home/airflow/.local/lib/python3.7/site-packages/airflow/example_dags/example_kubernetes_executor.py took 0.111 seconds
[2022-07-29 03:48:38,115] {processor.py:153} INFO - Started process (PID=27532) to work on /home/airflow/.local/lib/python3.7/site-packages/airflow/example_dags/example_kubernetes_executor.py
[2022-07-29 03:48:38,116] {processor.py:641} INFO - Processing file /home/airflow/.local/lib/python3.7/site-packages/airflow/example_dags/example_kubernetes_executor.py for tasks to queue
[2022-07-29 03:48:38,117] {logging_mixin.py:115} INFO - [2022-07-29 03:48:38,116] {dagbag.py:508} INFO - Filling up the DagBag from /home/airflow/.local/lib/python3.7/site-packages/airflow/example_dags/example_kubernetes_executor.py
[2022-07-29 03:48:38,147] {processor.py:651} INFO - DAG(s) dict_keys(['example_kubernetes_executor']) retrieved from /home/airflow/.local/lib/python3.7/site-packages/airflow/example_dags/example_kubernetes_executor.py
[2022-07-29 03:48:38,180] {logging_mixin.py:115} INFO - [2022-07-29 03:48:38,180] {dag.py:2420} INFO - Sync 1 DAGs
[2022-07-29 03:48:38,206] {logging_mixin.py:115} INFO - [2022-07-29 03:48:38,206] {dag.py:2972} INFO - Setting next_dagrun for example_kubernetes_executor to None, run_after=None
[2022-07-29 03:48:38,222] {processor.py:161} INFO - Processing /home/airflow/.local/lib/python3.7/site-packages/airflow/example_dags/example_kubernetes_executor.py took 0.112 seconds
[2022-07-29 03:49:08,320] {processor.py:153} INFO - Started process (PID=27735) to work on /home/airflow/.local/lib/python3.7/site-packages/airflow/example_dags/example_kubernetes_executor.py
[2022-07-29 03:49:08,321] {processor.py:641} INFO - Processing file /home/airflow/.local/lib/python3.7/site-packages/airflow/example_dags/example_kubernetes_executor.py for tasks to queue
[2022-07-29 03:49:08,322] {logging_mixin.py:115} INFO - [2022-07-29 03:49:08,322] {dagbag.py:508} INFO - Filling up the DagBag from /home/airflow/.local/lib/python3.7/site-packages/airflow/example_dags/example_kubernetes_executor.py
[2022-07-29 03:49:08,350] {processor.py:651} INFO - DAG(s) dict_keys(['example_kubernetes_executor']) retrieved from /home/airflow/.local/lib/python3.7/site-packages/airflow/example_dags/example_kubernetes_executor.py
[2022-07-29 03:49:08,382] {logging_mixin.py:115} INFO - [2022-07-29 03:49:08,382] {dag.py:2420} INFO - Sync 1 DAGs
[2022-07-29 03:49:08,414] {logging_mixin.py:115} INFO - [2022-07-29 03:49:08,414] {dag.py:2972} INFO - Setting next_dagrun for example_kubernetes_executor to None, run_after=None
[2022-07-29 03:49:08,432] {processor.py:161} INFO - Processing /home/airflow/.local/lib/python3.7/site-packages/airflow/example_dags/example_kubernetes_executor.py took 0.115 seconds
[2022-07-29 03:49:38,632] {processor.py:153} INFO - Started process (PID=27929) to work on /home/airflow/.local/lib/python3.7/site-packages/airflow/example_dags/example_kubernetes_executor.py
[2022-07-29 03:49:38,632] {processor.py:641} INFO - Processing file /home/airflow/.local/lib/python3.7/site-packages/airflow/example_dags/example_kubernetes_executor.py for tasks to queue
[2022-07-29 03:49:38,633] {logging_mixin.py:115} INFO - [2022-07-29 03:49:38,633] {dagbag.py:508} INFO - Filling up the DagBag from /home/airflow/.local/lib/python3.7/site-packages/airflow/example_dags/example_kubernetes_executor.py
[2022-07-29 03:49:38,661] {processor.py:651} INFO - DAG(s) dict_keys(['example_kubernetes_executor']) retrieved from /home/airflow/.local/lib/python3.7/site-packages/airflow/example_dags/example_kubernetes_executor.py
[2022-07-29 03:49:38,692] {logging_mixin.py:115} INFO - [2022-07-29 03:49:38,692] {dag.py:2420} INFO - Sync 1 DAGs
[2022-07-29 03:49:38,722] {logging_mixin.py:115} INFO - [2022-07-29 03:49:38,722] {dag.py:2972} INFO - Setting next_dagrun for example_kubernetes_executor to None, run_after=None
[2022-07-29 03:49:38,749] {processor.py:161} INFO - Processing /home/airflow/.local/lib/python3.7/site-packages/airflow/example_dags/example_kubernetes_executor.py took 0.121 seconds
[2022-07-29 03:50:09,466] {processor.py:153} INFO - Started process (PID=28132) to work on /home/airflow/.local/lib/python3.7/site-packages/airflow/example_dags/example_kubernetes_executor.py
[2022-07-29 03:50:09,466] {processor.py:641} INFO - Processing file /home/airflow/.local/lib/python3.7/site-packages/airflow/example_dags/example_kubernetes_executor.py for tasks to queue
[2022-07-29 03:50:09,467] {logging_mixin.py:115} INFO - [2022-07-29 03:50:09,467] {dagbag.py:508} INFO - Filling up the DagBag from /home/airflow/.local/lib/python3.7/site-packages/airflow/example_dags/example_kubernetes_executor.py
[2022-07-29 03:50:09,501] {processor.py:651} INFO - DAG(s) dict_keys(['example_kubernetes_executor']) retrieved from /home/airflow/.local/lib/python3.7/site-packages/airflow/example_dags/example_kubernetes_executor.py
[2022-07-29 03:50:09,535] {logging_mixin.py:115} INFO - [2022-07-29 03:50:09,535] {dag.py:2420} INFO - Sync 1 DAGs
[2022-07-29 03:50:09,563] {logging_mixin.py:115} INFO - [2022-07-29 03:50:09,563] {dag.py:2972} INFO - Setting next_dagrun for example_kubernetes_executor to None, run_after=None
[2022-07-29 03:50:09,584] {processor.py:161} INFO - Processing /home/airflow/.local/lib/python3.7/site-packages/airflow/example_dags/example_kubernetes_executor.py took 0.122 seconds
[2022-07-29 03:50:40,424] {processor.py:153} INFO - Started process (PID=28326) to work on /home/airflow/.local/lib/python3.7/site-packages/airflow/example_dags/example_kubernetes_executor.py
[2022-07-29 03:50:40,426] {processor.py:641} INFO - Processing file /home/airflow/.local/lib/python3.7/site-packages/airflow/example_dags/example_kubernetes_executor.py for tasks to queue
[2022-07-29 03:50:40,427] {logging_mixin.py:115} INFO - [2022-07-29 03:50:40,427] {dagbag.py:508} INFO - Filling up the DagBag from /home/airflow/.local/lib/python3.7/site-packages/airflow/example_dags/example_kubernetes_executor.py
[2022-07-29 03:50:40,459] {processor.py:651} INFO - DAG(s) dict_keys(['example_kubernetes_executor']) retrieved from /home/airflow/.local/lib/python3.7/site-packages/airflow/example_dags/example_kubernetes_executor.py
[2022-07-29 03:50:40,490] {logging_mixin.py:115} INFO - [2022-07-29 03:50:40,490] {dag.py:2420} INFO - Sync 1 DAGs
[2022-07-29 03:50:40,517] {logging_mixin.py:115} INFO - [2022-07-29 03:50:40,516] {dag.py:2972} INFO - Setting next_dagrun for example_kubernetes_executor to None, run_after=None
[2022-07-29 03:50:40,534] {processor.py:161} INFO - Processing /home/airflow/.local/lib/python3.7/site-packages/airflow/example_dags/example_kubernetes_executor.py took 0.113 seconds
[2022-07-29 03:51:10,991] {processor.py:153} INFO - Started process (PID=28530) to work on /home/airflow/.local/lib/python3.7/site-packages/airflow/example_dags/example_kubernetes_executor.py
[2022-07-29 03:51:10,992] {processor.py:641} INFO - Processing file /home/airflow/.local/lib/python3.7/site-packages/airflow/example_dags/example_kubernetes_executor.py for tasks to queue
[2022-07-29 03:51:10,993] {logging_mixin.py:115} INFO - [2022-07-29 03:51:10,993] {dagbag.py:508} INFO - Filling up the DagBag from /home/airflow/.local/lib/python3.7/site-packages/airflow/example_dags/example_kubernetes_executor.py
[2022-07-29 03:51:11,052] {processor.py:651} INFO - DAG(s) dict_keys(['example_kubernetes_executor']) retrieved from /home/airflow/.local/lib/python3.7/site-packages/airflow/example_dags/example_kubernetes_executor.py
[2022-07-29 03:51:11,086] {logging_mixin.py:115} INFO - [2022-07-29 03:51:11,086] {dag.py:2420} INFO - Sync 1 DAGs
[2022-07-29 03:51:11,116] {logging_mixin.py:115} INFO - [2022-07-29 03:51:11,116] {dag.py:2972} INFO - Setting next_dagrun for example_kubernetes_executor to None, run_after=None
[2022-07-29 03:51:11,133] {processor.py:161} INFO - Processing /home/airflow/.local/lib/python3.7/site-packages/airflow/example_dags/example_kubernetes_executor.py took 0.146 seconds
[2022-07-29 03:51:41,188] {processor.py:153} INFO - Started process (PID=28724) to work on /home/airflow/.local/lib/python3.7/site-packages/airflow/example_dags/example_kubernetes_executor.py
[2022-07-29 03:51:41,189] {processor.py:641} INFO - Processing file /home/airflow/.local/lib/python3.7/site-packages/airflow/example_dags/example_kubernetes_executor.py for tasks to queue
[2022-07-29 03:51:41,190] {logging_mixin.py:115} INFO - [2022-07-29 03:51:41,190] {dagbag.py:508} INFO - Filling up the DagBag from /home/airflow/.local/lib/python3.7/site-packages/airflow/example_dags/example_kubernetes_executor.py
[2022-07-29 03:51:41,219] {processor.py:651} INFO - DAG(s) dict_keys(['example_kubernetes_executor']) retrieved from /home/airflow/.local/lib/python3.7/site-packages/airflow/example_dags/example_kubernetes_executor.py
[2022-07-29 03:51:41,254] {logging_mixin.py:115} INFO - [2022-07-29 03:51:41,254] {dag.py:2420} INFO - Sync 1 DAGs
[2022-07-29 03:51:41,282] {logging_mixin.py:115} INFO - [2022-07-29 03:51:41,282] {dag.py:2972} INFO - Setting next_dagrun for example_kubernetes_executor to None, run_after=None
[2022-07-29 03:51:41,299] {processor.py:161} INFO - Processing /home/airflow/.local/lib/python3.7/site-packages/airflow/example_dags/example_kubernetes_executor.py took 0.114 seconds
[2022-07-29 03:52:11,740] {processor.py:153} INFO - Started process (PID=28927) to work on /home/airflow/.local/lib/python3.7/site-packages/airflow/example_dags/example_kubernetes_executor.py
[2022-07-29 03:52:11,741] {processor.py:641} INFO - Processing file /home/airflow/.local/lib/python3.7/site-packages/airflow/example_dags/example_kubernetes_executor.py for tasks to queue
[2022-07-29 03:52:11,742] {logging_mixin.py:115} INFO - [2022-07-29 03:52:11,742] {dagbag.py:508} INFO - Filling up the DagBag from /home/airflow/.local/lib/python3.7/site-packages/airflow/example_dags/example_kubernetes_executor.py
[2022-07-29 03:52:11,774] {processor.py:651} INFO - DAG(s) dict_keys(['example_kubernetes_executor']) retrieved from /home/airflow/.local/lib/python3.7/site-packages/airflow/example_dags/example_kubernetes_executor.py
[2022-07-29 03:52:11,817] {logging_mixin.py:115} INFO - [2022-07-29 03:52:11,816] {dag.py:2420} INFO - Sync 1 DAGs
[2022-07-29 03:52:11,847] {logging_mixin.py:115} INFO - [2022-07-29 03:52:11,847] {dag.py:2972} INFO - Setting next_dagrun for example_kubernetes_executor to None, run_after=None
[2022-07-29 03:52:11,865] {processor.py:161} INFO - Processing /home/airflow/.local/lib/python3.7/site-packages/airflow/example_dags/example_kubernetes_executor.py took 0.128 seconds
[2022-07-29 03:52:42,802] {processor.py:153} INFO - Started process (PID=29121) to work on /home/airflow/.local/lib/python3.7/site-packages/airflow/example_dags/example_kubernetes_executor.py
[2022-07-29 03:52:42,803] {processor.py:641} INFO - Processing file /home/airflow/.local/lib/python3.7/site-packages/airflow/example_dags/example_kubernetes_executor.py for tasks to queue
[2022-07-29 03:52:42,804] {logging_mixin.py:115} INFO - [2022-07-29 03:52:42,804] {dagbag.py:508} INFO - Filling up the DagBag from /home/airflow/.local/lib/python3.7/site-packages/airflow/example_dags/example_kubernetes_executor.py
[2022-07-29 03:52:42,832] {processor.py:651} INFO - DAG(s) dict_keys(['example_kubernetes_executor']) retrieved from /home/airflow/.local/lib/python3.7/site-packages/airflow/example_dags/example_kubernetes_executor.py
[2022-07-29 03:52:42,865] {logging_mixin.py:115} INFO - [2022-07-29 03:52:42,865] {dag.py:2420} INFO - Sync 1 DAGs
[2022-07-29 03:52:42,893] {logging_mixin.py:115} INFO - [2022-07-29 03:52:42,893] {dag.py:2972} INFO - Setting next_dagrun for example_kubernetes_executor to None, run_after=None
[2022-07-29 03:52:42,910] {processor.py:161} INFO - Processing /home/airflow/.local/lib/python3.7/site-packages/airflow/example_dags/example_kubernetes_executor.py took 0.110 seconds
[2022-07-29 03:53:13,181] {processor.py:153} INFO - Started process (PID=29324) to work on /home/airflow/.local/lib/python3.7/site-packages/airflow/example_dags/example_kubernetes_executor.py
[2022-07-29 03:53:13,182] {processor.py:641} INFO - Processing file /home/airflow/.local/lib/python3.7/site-packages/airflow/example_dags/example_kubernetes_executor.py for tasks to queue
[2022-07-29 03:53:13,183] {logging_mixin.py:115} INFO - [2022-07-29 03:53:13,183] {dagbag.py:508} INFO - Filling up the DagBag from /home/airflow/.local/lib/python3.7/site-packages/airflow/example_dags/example_kubernetes_executor.py
[2022-07-29 03:53:13,210] {processor.py:651} INFO - DAG(s) dict_keys(['example_kubernetes_executor']) retrieved from /home/airflow/.local/lib/python3.7/site-packages/airflow/example_dags/example_kubernetes_executor.py
[2022-07-29 03:53:13,248] {logging_mixin.py:115} INFO - [2022-07-29 03:53:13,248] {dag.py:2420} INFO - Sync 1 DAGs
[2022-07-29 03:53:13,278] {logging_mixin.py:115} INFO - [2022-07-29 03:53:13,278] {dag.py:2972} INFO - Setting next_dagrun for example_kubernetes_executor to None, run_after=None
[2022-07-29 03:53:13,298] {processor.py:161} INFO - Processing /home/airflow/.local/lib/python3.7/site-packages/airflow/example_dags/example_kubernetes_executor.py took 0.120 seconds
[2022-07-29 03:53:43,369] {processor.py:153} INFO - Started process (PID=29518) to work on /home/airflow/.local/lib/python3.7/site-packages/airflow/example_dags/example_kubernetes_executor.py
[2022-07-29 03:53:43,370] {processor.py:641} INFO - Processing file /home/airflow/.local/lib/python3.7/site-packages/airflow/example_dags/example_kubernetes_executor.py for tasks to queue
[2022-07-29 03:53:43,371] {logging_mixin.py:115} INFO - [2022-07-29 03:53:43,370] {dagbag.py:508} INFO - Filling up the DagBag from /home/airflow/.local/lib/python3.7/site-packages/airflow/example_dags/example_kubernetes_executor.py
[2022-07-29 03:53:43,405] {processor.py:651} INFO - DAG(s) dict_keys(['example_kubernetes_executor']) retrieved from /home/airflow/.local/lib/python3.7/site-packages/airflow/example_dags/example_kubernetes_executor.py
[2022-07-29 03:53:43,440] {logging_mixin.py:115} INFO - [2022-07-29 03:53:43,440] {dag.py:2420} INFO - Sync 1 DAGs
[2022-07-29 03:53:43,470] {logging_mixin.py:115} INFO - [2022-07-29 03:53:43,470] {dag.py:2972} INFO - Setting next_dagrun for example_kubernetes_executor to None, run_after=None
[2022-07-29 03:53:43,489] {processor.py:161} INFO - Processing /home/airflow/.local/lib/python3.7/site-packages/airflow/example_dags/example_kubernetes_executor.py took 0.124 seconds
[2022-07-29 03:54:13,599] {processor.py:153} INFO - Started process (PID=29721) to work on /home/airflow/.local/lib/python3.7/site-packages/airflow/example_dags/example_kubernetes_executor.py
[2022-07-29 03:54:13,599] {processor.py:641} INFO - Processing file /home/airflow/.local/lib/python3.7/site-packages/airflow/example_dags/example_kubernetes_executor.py for tasks to queue
[2022-07-29 03:54:13,600] {logging_mixin.py:115} INFO - [2022-07-29 03:54:13,600] {dagbag.py:508} INFO - Filling up the DagBag from /home/airflow/.local/lib/python3.7/site-packages/airflow/example_dags/example_kubernetes_executor.py
[2022-07-29 03:54:13,630] {processor.py:651} INFO - DAG(s) dict_keys(['example_kubernetes_executor']) retrieved from /home/airflow/.local/lib/python3.7/site-packages/airflow/example_dags/example_kubernetes_executor.py
[2022-07-29 03:54:13,660] {logging_mixin.py:115} INFO - [2022-07-29 03:54:13,660] {dag.py:2420} INFO - Sync 1 DAGs
[2022-07-29 03:54:13,685] {logging_mixin.py:115} INFO - [2022-07-29 03:54:13,685] {dag.py:2972} INFO - Setting next_dagrun for example_kubernetes_executor to None, run_after=None
[2022-07-29 03:54:13,710] {processor.py:161} INFO - Processing /home/airflow/.local/lib/python3.7/site-packages/airflow/example_dags/example_kubernetes_executor.py took 0.115 seconds
[2022-07-29 03:54:44,019] {processor.py:153} INFO - Started process (PID=29915) to work on /home/airflow/.local/lib/python3.7/site-packages/airflow/example_dags/example_kubernetes_executor.py
[2022-07-29 03:54:44,020] {processor.py:641} INFO - Processing file /home/airflow/.local/lib/python3.7/site-packages/airflow/example_dags/example_kubernetes_executor.py for tasks to queue
[2022-07-29 03:54:44,021] {logging_mixin.py:115} INFO - [2022-07-29 03:54:44,021] {dagbag.py:508} INFO - Filling up the DagBag from /home/airflow/.local/lib/python3.7/site-packages/airflow/example_dags/example_kubernetes_executor.py
[2022-07-29 03:54:44,049] {processor.py:651} INFO - DAG(s) dict_keys(['example_kubernetes_executor']) retrieved from /home/airflow/.local/lib/python3.7/site-packages/airflow/example_dags/example_kubernetes_executor.py
[2022-07-29 03:54:44,080] {logging_mixin.py:115} INFO - [2022-07-29 03:54:44,080] {dag.py:2420} INFO - Sync 1 DAGs
[2022-07-29 03:54:44,106] {logging_mixin.py:115} INFO - [2022-07-29 03:54:44,106] {dag.py:2972} INFO - Setting next_dagrun for example_kubernetes_executor to None, run_after=None
[2022-07-29 03:54:44,128] {processor.py:161} INFO - Processing /home/airflow/.local/lib/python3.7/site-packages/airflow/example_dags/example_kubernetes_executor.py took 0.112 seconds
