[2022-08-04 01:05:56,558] {taskinstance.py:1179} INFO - Dependencies all met for <TaskInstance: csv_dag.yr_mk_price_dag scheduled__2022-08-03T00:00:00+00:00 [queued]>
[2022-08-04 01:05:56,572] {taskinstance.py:1179} INFO - Dependencies all met for <TaskInstance: csv_dag.yr_mk_price_dag scheduled__2022-08-03T00:00:00+00:00 [queued]>
[2022-08-04 01:05:56,573] {taskinstance.py:1376} INFO - 
--------------------------------------------------------------------------------
[2022-08-04 01:05:56,573] {taskinstance.py:1377} INFO - Starting attempt 1 of 2
[2022-08-04 01:05:56,574] {taskinstance.py:1378} INFO - 
--------------------------------------------------------------------------------
[2022-08-04 01:05:56,593] {taskinstance.py:1397} INFO - Executing <Task(PythonOperator): yr_mk_price_dag> on 2022-08-03 00:00:00+00:00
[2022-08-04 01:05:56,600] {standard_task_runner.py:52} INFO - Started process 26518 to run task
[2022-08-04 01:05:56,603] {standard_task_runner.py:79} INFO - Running: ['***', 'tasks', 'run', 'csv_dag', 'yr_mk_price_dag', 'scheduled__2022-08-03T00:00:00+00:00', '--job-id', '121', '--raw', '--subdir', 'DAGS_FOLDER/testDag.py', '--cfg-path', '/tmp/tmpod7dxdnp', '--error-file', '/tmp/tmpctr2lzow']
[2022-08-04 01:05:56,604] {standard_task_runner.py:80} INFO - Job 121: Subtask yr_mk_price_dag
[2022-08-04 01:05:56,714] {task_command.py:371} INFO - Running <TaskInstance: csv_dag.yr_mk_price_dag scheduled__2022-08-03T00:00:00+00:00 [running]> on host 36e1df4dd6ce
[2022-08-04 01:05:56,874] {taskinstance.py:1591} INFO - Exporting the following env vars:
AIRFLOW_CTX_DAG_OWNER=***
AIRFLOW_CTX_DAG_ID=csv_dag
AIRFLOW_CTX_TASK_ID=yr_mk_price_dag
AIRFLOW_CTX_EXECUTION_DATE=2022-08-03T00:00:00+00:00
AIRFLOW_CTX_TRY_NUMBER=1
AIRFLOW_CTX_DAG_RUN_ID=scheduled__2022-08-03T00:00:00+00:00
[2022-08-04 01:06:39,088] {python.py:173} INFO - Done. Returned value was: None
[2022-08-04 01:06:39,104] {taskinstance.py:1420} INFO - Marking task as SUCCESS. dag_id=csv_dag, task_id=yr_mk_price_dag, execution_date=20220803T000000, start_date=20220804T010556, end_date=20220804T010639
[2022-08-04 01:06:39,152] {local_task_job.py:156} INFO - Task exited with return code 0
[2022-08-04 01:06:39,188] {local_task_job.py:273} INFO - 0 downstream tasks scheduled from follow-on schedule check
