[2022-08-13 02:17:39,082] {processor.py:153} INFO - Started process (PID=2948) to work on /home/airflow/.local/lib/python3.7/site-packages/airflow/example_dags/example_branch_datetime_operator.py
[2022-08-13 02:17:39,083] {processor.py:641} INFO - Processing file /home/airflow/.local/lib/python3.7/site-packages/airflow/example_dags/example_branch_datetime_operator.py for tasks to queue
[2022-08-13 02:17:39,084] {logging_mixin.py:115} INFO - [2022-08-13 02:17:39,084] {dagbag.py:508} INFO - Filling up the DagBag from /home/airflow/.local/lib/python3.7/site-packages/airflow/example_dags/example_branch_datetime_operator.py
[2022-08-13 02:17:39,099] {processor.py:651} INFO - DAG(s) dict_keys(['example_branch_datetime_operator', 'example_branch_datetime_operator_2']) retrieved from /home/airflow/.local/lib/python3.7/site-packages/airflow/example_dags/example_branch_datetime_operator.py
[2022-08-13 02:17:39,191] {logging_mixin.py:115} INFO - [2022-08-13 02:17:39,191] {dag.py:2420} INFO - Sync 2 DAGs
[2022-08-13 02:17:39,271] {logging_mixin.py:115} INFO - [2022-08-13 02:17:39,271] {dag.py:2972} INFO - Setting next_dagrun for example_branch_datetime_operator to 2022-08-12T00:00:00+00:00, run_after=2022-08-13T00:00:00+00:00
[2022-08-13 02:17:39,275] {logging_mixin.py:115} INFO - [2022-08-13 02:17:39,275] {dag.py:2972} INFO - Setting next_dagrun for example_branch_datetime_operator_2 to 2022-08-12T00:00:00+00:00, run_after=2022-08-13T00:00:00+00:00
[2022-08-13 02:17:39,300] {processor.py:161} INFO - Processing /home/airflow/.local/lib/python3.7/site-packages/airflow/example_dags/example_branch_datetime_operator.py took 0.221 seconds
[2022-08-13 02:18:09,427] {processor.py:153} INFO - Started process (PID=3166) to work on /home/airflow/.local/lib/python3.7/site-packages/airflow/example_dags/example_branch_datetime_operator.py
[2022-08-13 02:18:09,428] {processor.py:641} INFO - Processing file /home/airflow/.local/lib/python3.7/site-packages/airflow/example_dags/example_branch_datetime_operator.py for tasks to queue
[2022-08-13 02:18:09,428] {logging_mixin.py:115} INFO - [2022-08-13 02:18:09,428] {dagbag.py:508} INFO - Filling up the DagBag from /home/airflow/.local/lib/python3.7/site-packages/airflow/example_dags/example_branch_datetime_operator.py
[2022-08-13 02:18:09,437] {processor.py:651} INFO - DAG(s) dict_keys(['example_branch_datetime_operator', 'example_branch_datetime_operator_2']) retrieved from /home/airflow/.local/lib/python3.7/site-packages/airflow/example_dags/example_branch_datetime_operator.py
[2022-08-13 02:18:09,461] {logging_mixin.py:115} INFO - [2022-08-13 02:18:09,461] {dag.py:2420} INFO - Sync 2 DAGs
[2022-08-13 02:18:09,485] {logging_mixin.py:115} INFO - [2022-08-13 02:18:09,485] {dag.py:2972} INFO - Setting next_dagrun for example_branch_datetime_operator to 2022-08-12T00:00:00+00:00, run_after=2022-08-13T00:00:00+00:00
[2022-08-13 02:18:09,487] {logging_mixin.py:115} INFO - [2022-08-13 02:18:09,487] {dag.py:2972} INFO - Setting next_dagrun for example_branch_datetime_operator_2 to 2022-08-12T00:00:00+00:00, run_after=2022-08-13T00:00:00+00:00
[2022-08-13 02:18:09,501] {processor.py:161} INFO - Processing /home/airflow/.local/lib/python3.7/site-packages/airflow/example_dags/example_branch_datetime_operator.py took 0.077 seconds
[2022-08-13 02:18:39,889] {processor.py:153} INFO - Started process (PID=3362) to work on /home/airflow/.local/lib/python3.7/site-packages/airflow/example_dags/example_branch_datetime_operator.py
[2022-08-13 02:18:39,890] {processor.py:641} INFO - Processing file /home/airflow/.local/lib/python3.7/site-packages/airflow/example_dags/example_branch_datetime_operator.py for tasks to queue
[2022-08-13 02:18:39,890] {logging_mixin.py:115} INFO - [2022-08-13 02:18:39,890] {dagbag.py:508} INFO - Filling up the DagBag from /home/airflow/.local/lib/python3.7/site-packages/airflow/example_dags/example_branch_datetime_operator.py
[2022-08-13 02:18:39,898] {processor.py:651} INFO - DAG(s) dict_keys(['example_branch_datetime_operator', 'example_branch_datetime_operator_2']) retrieved from /home/airflow/.local/lib/python3.7/site-packages/airflow/example_dags/example_branch_datetime_operator.py
[2022-08-13 02:18:39,923] {logging_mixin.py:115} INFO - [2022-08-13 02:18:39,923] {dag.py:2420} INFO - Sync 2 DAGs
[2022-08-13 02:18:39,944] {logging_mixin.py:115} INFO - [2022-08-13 02:18:39,944] {dag.py:2972} INFO - Setting next_dagrun for example_branch_datetime_operator to 2022-08-12T00:00:00+00:00, run_after=2022-08-13T00:00:00+00:00
[2022-08-13 02:18:39,946] {logging_mixin.py:115} INFO - [2022-08-13 02:18:39,946] {dag.py:2972} INFO - Setting next_dagrun for example_branch_datetime_operator_2 to 2022-08-12T00:00:00+00:00, run_after=2022-08-13T00:00:00+00:00
[2022-08-13 02:18:39,959] {processor.py:161} INFO - Processing /home/airflow/.local/lib/python3.7/site-packages/airflow/example_dags/example_branch_datetime_operator.py took 0.072 seconds
[2022-08-13 02:19:10,799] {processor.py:153} INFO - Started process (PID=3565) to work on /home/airflow/.local/lib/python3.7/site-packages/airflow/example_dags/example_branch_datetime_operator.py
[2022-08-13 02:19:10,799] {processor.py:641} INFO - Processing file /home/airflow/.local/lib/python3.7/site-packages/airflow/example_dags/example_branch_datetime_operator.py for tasks to queue
[2022-08-13 02:19:10,800] {logging_mixin.py:115} INFO - [2022-08-13 02:19:10,800] {dagbag.py:508} INFO - Filling up the DagBag from /home/airflow/.local/lib/python3.7/site-packages/airflow/example_dags/example_branch_datetime_operator.py
[2022-08-13 02:19:10,810] {processor.py:651} INFO - DAG(s) dict_keys(['example_branch_datetime_operator', 'example_branch_datetime_operator_2']) retrieved from /home/airflow/.local/lib/python3.7/site-packages/airflow/example_dags/example_branch_datetime_operator.py
[2022-08-13 02:19:10,843] {logging_mixin.py:115} INFO - [2022-08-13 02:19:10,843] {dag.py:2420} INFO - Sync 2 DAGs
[2022-08-13 02:19:10,871] {logging_mixin.py:115} INFO - [2022-08-13 02:19:10,871] {dag.py:2972} INFO - Setting next_dagrun for example_branch_datetime_operator to 2022-08-12T00:00:00+00:00, run_after=2022-08-13T00:00:00+00:00
[2022-08-13 02:19:10,874] {logging_mixin.py:115} INFO - [2022-08-13 02:19:10,874] {dag.py:2972} INFO - Setting next_dagrun for example_branch_datetime_operator_2 to 2022-08-12T00:00:00+00:00, run_after=2022-08-13T00:00:00+00:00
[2022-08-13 02:19:10,892] {processor.py:161} INFO - Processing /home/airflow/.local/lib/python3.7/site-packages/airflow/example_dags/example_branch_datetime_operator.py took 0.096 seconds
[2022-08-13 02:19:41,778] {processor.py:153} INFO - Started process (PID=3762) to work on /home/airflow/.local/lib/python3.7/site-packages/airflow/example_dags/example_branch_datetime_operator.py
[2022-08-13 02:19:41,779] {processor.py:641} INFO - Processing file /home/airflow/.local/lib/python3.7/site-packages/airflow/example_dags/example_branch_datetime_operator.py for tasks to queue
[2022-08-13 02:19:41,780] {logging_mixin.py:115} INFO - [2022-08-13 02:19:41,780] {dagbag.py:508} INFO - Filling up the DagBag from /home/airflow/.local/lib/python3.7/site-packages/airflow/example_dags/example_branch_datetime_operator.py
[2022-08-13 02:19:41,790] {processor.py:651} INFO - DAG(s) dict_keys(['example_branch_datetime_operator', 'example_branch_datetime_operator_2']) retrieved from /home/airflow/.local/lib/python3.7/site-packages/airflow/example_dags/example_branch_datetime_operator.py
[2022-08-13 02:19:41,828] {logging_mixin.py:115} INFO - [2022-08-13 02:19:41,827] {dag.py:2420} INFO - Sync 2 DAGs
[2022-08-13 02:19:41,858] {logging_mixin.py:115} INFO - [2022-08-13 02:19:41,858] {dag.py:2972} INFO - Setting next_dagrun for example_branch_datetime_operator to 2022-08-12T00:00:00+00:00, run_after=2022-08-13T00:00:00+00:00
[2022-08-13 02:19:41,861] {logging_mixin.py:115} INFO - [2022-08-13 02:19:41,861] {dag.py:2972} INFO - Setting next_dagrun for example_branch_datetime_operator_2 to 2022-08-12T00:00:00+00:00, run_after=2022-08-13T00:00:00+00:00
[2022-08-13 02:19:41,881] {processor.py:161} INFO - Processing /home/airflow/.local/lib/python3.7/site-packages/airflow/example_dags/example_branch_datetime_operator.py took 0.106 seconds
[2022-08-13 21:33:45,914] {processor.py:153} INFO - Started process (PID=3963) to work on /home/airflow/.local/lib/python3.7/site-packages/airflow/example_dags/example_branch_datetime_operator.py
[2022-08-13 21:33:45,916] {processor.py:641} INFO - Processing file /home/airflow/.local/lib/python3.7/site-packages/airflow/example_dags/example_branch_datetime_operator.py for tasks to queue
[2022-08-13 21:33:45,918] {logging_mixin.py:115} INFO - [2022-08-13 21:33:45,917] {dagbag.py:508} INFO - Filling up the DagBag from /home/airflow/.local/lib/python3.7/site-packages/airflow/example_dags/example_branch_datetime_operator.py
[2022-08-13 21:33:45,940] {processor.py:651} INFO - DAG(s) dict_keys(['example_branch_datetime_operator', 'example_branch_datetime_operator_2']) retrieved from /home/airflow/.local/lib/python3.7/site-packages/airflow/example_dags/example_branch_datetime_operator.py
[2022-08-13 21:33:46,000] {logging_mixin.py:115} INFO - [2022-08-13 21:33:45,999] {dag.py:2420} INFO - Sync 2 DAGs
[2022-08-13 21:33:46,063] {logging_mixin.py:115} INFO - [2022-08-13 21:33:46,063] {dag.py:2972} INFO - Setting next_dagrun for example_branch_datetime_operator to 2022-08-12T00:00:00+00:00, run_after=2022-08-13T00:00:00+00:00
[2022-08-13 21:33:46,068] {logging_mixin.py:115} INFO - [2022-08-13 21:33:46,068] {dag.py:2972} INFO - Setting next_dagrun for example_branch_datetime_operator_2 to 2022-08-12T00:00:00+00:00, run_after=2022-08-13T00:00:00+00:00
[2022-08-13 21:33:46,101] {processor.py:161} INFO - Processing /home/airflow/.local/lib/python3.7/site-packages/airflow/example_dags/example_branch_datetime_operator.py took 0.192 seconds
[2022-08-13 21:34:17,098] {processor.py:153} INFO - Started process (PID=4162) to work on /home/airflow/.local/lib/python3.7/site-packages/airflow/example_dags/example_branch_datetime_operator.py
[2022-08-13 21:34:17,099] {processor.py:641} INFO - Processing file /home/airflow/.local/lib/python3.7/site-packages/airflow/example_dags/example_branch_datetime_operator.py for tasks to queue
[2022-08-13 21:34:17,100] {logging_mixin.py:115} INFO - [2022-08-13 21:34:17,100] {dagbag.py:508} INFO - Filling up the DagBag from /home/airflow/.local/lib/python3.7/site-packages/airflow/example_dags/example_branch_datetime_operator.py
[2022-08-13 21:34:17,111] {processor.py:651} INFO - DAG(s) dict_keys(['example_branch_datetime_operator', 'example_branch_datetime_operator_2']) retrieved from /home/airflow/.local/lib/python3.7/site-packages/airflow/example_dags/example_branch_datetime_operator.py
[2022-08-13 21:34:17,144] {logging_mixin.py:115} INFO - [2022-08-13 21:34:17,144] {dag.py:2420} INFO - Sync 2 DAGs
[2022-08-13 21:34:17,171] {logging_mixin.py:115} INFO - [2022-08-13 21:34:17,171] {dag.py:2972} INFO - Setting next_dagrun for example_branch_datetime_operator to 2022-08-12T00:00:00+00:00, run_after=2022-08-13T00:00:00+00:00
[2022-08-13 21:34:17,173] {logging_mixin.py:115} INFO - [2022-08-13 21:34:17,173] {dag.py:2972} INFO - Setting next_dagrun for example_branch_datetime_operator_2 to 2022-08-12T00:00:00+00:00, run_after=2022-08-13T00:00:00+00:00
[2022-08-13 21:34:17,189] {processor.py:161} INFO - Processing /home/airflow/.local/lib/python3.7/site-packages/airflow/example_dags/example_branch_datetime_operator.py took 0.094 seconds
[2022-08-13 21:34:47,553] {processor.py:153} INFO - Started process (PID=4362) to work on /home/airflow/.local/lib/python3.7/site-packages/airflow/example_dags/example_branch_datetime_operator.py
[2022-08-13 21:34:47,553] {processor.py:641} INFO - Processing file /home/airflow/.local/lib/python3.7/site-packages/airflow/example_dags/example_branch_datetime_operator.py for tasks to queue
[2022-08-13 21:34:47,554] {logging_mixin.py:115} INFO - [2022-08-13 21:34:47,554] {dagbag.py:508} INFO - Filling up the DagBag from /home/airflow/.local/lib/python3.7/site-packages/airflow/example_dags/example_branch_datetime_operator.py
[2022-08-13 21:34:47,563] {processor.py:651} INFO - DAG(s) dict_keys(['example_branch_datetime_operator', 'example_branch_datetime_operator_2']) retrieved from /home/airflow/.local/lib/python3.7/site-packages/airflow/example_dags/example_branch_datetime_operator.py
[2022-08-13 21:34:47,594] {logging_mixin.py:115} INFO - [2022-08-13 21:34:47,594] {dag.py:2420} INFO - Sync 2 DAGs
[2022-08-13 21:34:47,625] {logging_mixin.py:115} INFO - [2022-08-13 21:34:47,625] {dag.py:2972} INFO - Setting next_dagrun for example_branch_datetime_operator to 2022-08-12T00:00:00+00:00, run_after=2022-08-13T00:00:00+00:00
[2022-08-13 21:34:47,628] {logging_mixin.py:115} INFO - [2022-08-13 21:34:47,628] {dag.py:2972} INFO - Setting next_dagrun for example_branch_datetime_operator_2 to 2022-08-12T00:00:00+00:00, run_after=2022-08-13T00:00:00+00:00
[2022-08-13 21:34:47,644] {processor.py:161} INFO - Processing /home/airflow/.local/lib/python3.7/site-packages/airflow/example_dags/example_branch_datetime_operator.py took 0.094 seconds
[2022-08-13 21:35:18,218] {processor.py:153} INFO - Started process (PID=4565) to work on /home/airflow/.local/lib/python3.7/site-packages/airflow/example_dags/example_branch_datetime_operator.py
[2022-08-13 21:35:18,219] {processor.py:641} INFO - Processing file /home/airflow/.local/lib/python3.7/site-packages/airflow/example_dags/example_branch_datetime_operator.py for tasks to queue
[2022-08-13 21:35:18,220] {logging_mixin.py:115} INFO - [2022-08-13 21:35:18,220] {dagbag.py:508} INFO - Filling up the DagBag from /home/airflow/.local/lib/python3.7/site-packages/airflow/example_dags/example_branch_datetime_operator.py
[2022-08-13 21:35:18,231] {processor.py:651} INFO - DAG(s) dict_keys(['example_branch_datetime_operator', 'example_branch_datetime_operator_2']) retrieved from /home/airflow/.local/lib/python3.7/site-packages/airflow/example_dags/example_branch_datetime_operator.py
[2022-08-13 21:35:18,271] {logging_mixin.py:115} INFO - [2022-08-13 21:35:18,271] {dag.py:2420} INFO - Sync 2 DAGs
[2022-08-13 21:35:18,307] {logging_mixin.py:115} INFO - [2022-08-13 21:35:18,307] {dag.py:2972} INFO - Setting next_dagrun for example_branch_datetime_operator to 2022-08-12T00:00:00+00:00, run_after=2022-08-13T00:00:00+00:00
[2022-08-13 21:35:18,311] {logging_mixin.py:115} INFO - [2022-08-13 21:35:18,311] {dag.py:2972} INFO - Setting next_dagrun for example_branch_datetime_operator_2 to 2022-08-12T00:00:00+00:00, run_after=2022-08-13T00:00:00+00:00
[2022-08-13 21:35:18,328] {processor.py:161} INFO - Processing /home/airflow/.local/lib/python3.7/site-packages/airflow/example_dags/example_branch_datetime_operator.py took 0.113 seconds
[2022-08-13 21:35:49,099] {processor.py:153} INFO - Started process (PID=4759) to work on /home/airflow/.local/lib/python3.7/site-packages/airflow/example_dags/example_branch_datetime_operator.py
[2022-08-13 21:35:49,100] {processor.py:641} INFO - Processing file /home/airflow/.local/lib/python3.7/site-packages/airflow/example_dags/example_branch_datetime_operator.py for tasks to queue
[2022-08-13 21:35:49,101] {logging_mixin.py:115} INFO - [2022-08-13 21:35:49,101] {dagbag.py:508} INFO - Filling up the DagBag from /home/airflow/.local/lib/python3.7/site-packages/airflow/example_dags/example_branch_datetime_operator.py
[2022-08-13 21:35:49,114] {processor.py:651} INFO - DAG(s) dict_keys(['example_branch_datetime_operator', 'example_branch_datetime_operator_2']) retrieved from /home/airflow/.local/lib/python3.7/site-packages/airflow/example_dags/example_branch_datetime_operator.py
[2022-08-13 21:35:49,153] {logging_mixin.py:115} INFO - [2022-08-13 21:35:49,152] {dag.py:2420} INFO - Sync 2 DAGs
[2022-08-13 21:35:49,190] {logging_mixin.py:115} INFO - [2022-08-13 21:35:49,189] {dag.py:2972} INFO - Setting next_dagrun for example_branch_datetime_operator to 2022-08-12T00:00:00+00:00, run_after=2022-08-13T00:00:00+00:00
[2022-08-13 21:35:49,193] {logging_mixin.py:115} INFO - [2022-08-13 21:35:49,193] {dag.py:2972} INFO - Setting next_dagrun for example_branch_datetime_operator_2 to 2022-08-12T00:00:00+00:00, run_after=2022-08-13T00:00:00+00:00
[2022-08-13 21:35:49,210] {processor.py:161} INFO - Processing /home/airflow/.local/lib/python3.7/site-packages/airflow/example_dags/example_branch_datetime_operator.py took 0.115 seconds
[2022-08-13 21:36:20,186] {processor.py:153} INFO - Started process (PID=4962) to work on /home/airflow/.local/lib/python3.7/site-packages/airflow/example_dags/example_branch_datetime_operator.py
[2022-08-13 21:36:20,188] {processor.py:641} INFO - Processing file /home/airflow/.local/lib/python3.7/site-packages/airflow/example_dags/example_branch_datetime_operator.py for tasks to queue
[2022-08-13 21:36:20,189] {logging_mixin.py:115} INFO - [2022-08-13 21:36:20,188] {dagbag.py:508} INFO - Filling up the DagBag from /home/airflow/.local/lib/python3.7/site-packages/airflow/example_dags/example_branch_datetime_operator.py
[2022-08-13 21:36:20,199] {processor.py:651} INFO - DAG(s) dict_keys(['example_branch_datetime_operator', 'example_branch_datetime_operator_2']) retrieved from /home/airflow/.local/lib/python3.7/site-packages/airflow/example_dags/example_branch_datetime_operator.py
[2022-08-13 21:36:20,237] {logging_mixin.py:115} INFO - [2022-08-13 21:36:20,237] {dag.py:2420} INFO - Sync 2 DAGs
[2022-08-13 21:36:20,272] {logging_mixin.py:115} INFO - [2022-08-13 21:36:20,272] {dag.py:2972} INFO - Setting next_dagrun for example_branch_datetime_operator to 2022-08-12T00:00:00+00:00, run_after=2022-08-13T00:00:00+00:00
[2022-08-13 21:36:20,275] {logging_mixin.py:115} INFO - [2022-08-13 21:36:20,275] {dag.py:2972} INFO - Setting next_dagrun for example_branch_datetime_operator_2 to 2022-08-12T00:00:00+00:00, run_after=2022-08-13T00:00:00+00:00
[2022-08-13 21:36:20,291] {processor.py:161} INFO - Processing /home/airflow/.local/lib/python3.7/site-packages/airflow/example_dags/example_branch_datetime_operator.py took 0.109 seconds
[2022-08-13 21:36:50,397] {processor.py:153} INFO - Started process (PID=5156) to work on /home/airflow/.local/lib/python3.7/site-packages/airflow/example_dags/example_branch_datetime_operator.py
[2022-08-13 21:36:50,398] {processor.py:641} INFO - Processing file /home/airflow/.local/lib/python3.7/site-packages/airflow/example_dags/example_branch_datetime_operator.py for tasks to queue
[2022-08-13 21:36:50,399] {logging_mixin.py:115} INFO - [2022-08-13 21:36:50,399] {dagbag.py:508} INFO - Filling up the DagBag from /home/airflow/.local/lib/python3.7/site-packages/airflow/example_dags/example_branch_datetime_operator.py
[2022-08-13 21:36:50,412] {processor.py:651} INFO - DAG(s) dict_keys(['example_branch_datetime_operator', 'example_branch_datetime_operator_2']) retrieved from /home/airflow/.local/lib/python3.7/site-packages/airflow/example_dags/example_branch_datetime_operator.py
[2022-08-13 21:36:50,456] {logging_mixin.py:115} INFO - [2022-08-13 21:36:50,456] {dag.py:2420} INFO - Sync 2 DAGs
[2022-08-13 21:36:50,508] {logging_mixin.py:115} INFO - [2022-08-13 21:36:50,507] {dag.py:2972} INFO - Setting next_dagrun for example_branch_datetime_operator to 2022-08-12T00:00:00+00:00, run_after=2022-08-13T00:00:00+00:00
[2022-08-13 21:36:50,512] {logging_mixin.py:115} INFO - [2022-08-13 21:36:50,511] {dag.py:2972} INFO - Setting next_dagrun for example_branch_datetime_operator_2 to 2022-08-12T00:00:00+00:00, run_after=2022-08-13T00:00:00+00:00
[2022-08-13 21:36:50,532] {processor.py:161} INFO - Processing /home/airflow/.local/lib/python3.7/site-packages/airflow/example_dags/example_branch_datetime_operator.py took 0.140 seconds
[2022-08-13 21:37:20,792] {processor.py:153} INFO - Started process (PID=5359) to work on /home/airflow/.local/lib/python3.7/site-packages/airflow/example_dags/example_branch_datetime_operator.py
[2022-08-13 21:37:20,793] {processor.py:641} INFO - Processing file /home/airflow/.local/lib/python3.7/site-packages/airflow/example_dags/example_branch_datetime_operator.py for tasks to queue
[2022-08-13 21:37:20,794] {logging_mixin.py:115} INFO - [2022-08-13 21:37:20,794] {dagbag.py:508} INFO - Filling up the DagBag from /home/airflow/.local/lib/python3.7/site-packages/airflow/example_dags/example_branch_datetime_operator.py
[2022-08-13 21:37:20,812] {processor.py:651} INFO - DAG(s) dict_keys(['example_branch_datetime_operator', 'example_branch_datetime_operator_2']) retrieved from /home/airflow/.local/lib/python3.7/site-packages/airflow/example_dags/example_branch_datetime_operator.py
[2022-08-13 21:37:20,861] {logging_mixin.py:115} INFO - [2022-08-13 21:37:20,861] {dag.py:2420} INFO - Sync 2 DAGs
[2022-08-13 21:37:20,897] {logging_mixin.py:115} INFO - [2022-08-13 21:37:20,897] {dag.py:2972} INFO - Setting next_dagrun for example_branch_datetime_operator to 2022-08-12T00:00:00+00:00, run_after=2022-08-13T00:00:00+00:00
[2022-08-13 21:37:20,901] {logging_mixin.py:115} INFO - [2022-08-13 21:37:20,901] {dag.py:2972} INFO - Setting next_dagrun for example_branch_datetime_operator_2 to 2022-08-12T00:00:00+00:00, run_after=2022-08-13T00:00:00+00:00
[2022-08-13 21:37:20,923] {processor.py:161} INFO - Processing /home/airflow/.local/lib/python3.7/site-packages/airflow/example_dags/example_branch_datetime_operator.py took 0.136 seconds
[2022-08-13 21:37:51,085] {processor.py:153} INFO - Started process (PID=5553) to work on /home/airflow/.local/lib/python3.7/site-packages/airflow/example_dags/example_branch_datetime_operator.py
[2022-08-13 21:37:51,086] {processor.py:641} INFO - Processing file /home/airflow/.local/lib/python3.7/site-packages/airflow/example_dags/example_branch_datetime_operator.py for tasks to queue
[2022-08-13 21:37:51,086] {logging_mixin.py:115} INFO - [2022-08-13 21:37:51,086] {dagbag.py:508} INFO - Filling up the DagBag from /home/airflow/.local/lib/python3.7/site-packages/airflow/example_dags/example_branch_datetime_operator.py
[2022-08-13 21:37:51,097] {processor.py:651} INFO - DAG(s) dict_keys(['example_branch_datetime_operator', 'example_branch_datetime_operator_2']) retrieved from /home/airflow/.local/lib/python3.7/site-packages/airflow/example_dags/example_branch_datetime_operator.py
[2022-08-13 21:37:51,134] {logging_mixin.py:115} INFO - [2022-08-13 21:37:51,134] {dag.py:2420} INFO - Sync 2 DAGs
[2022-08-13 21:37:51,165] {logging_mixin.py:115} INFO - [2022-08-13 21:37:51,165] {dag.py:2972} INFO - Setting next_dagrun for example_branch_datetime_operator to 2022-08-12T00:00:00+00:00, run_after=2022-08-13T00:00:00+00:00
[2022-08-13 21:37:51,169] {logging_mixin.py:115} INFO - [2022-08-13 21:37:51,169] {dag.py:2972} INFO - Setting next_dagrun for example_branch_datetime_operator_2 to 2022-08-12T00:00:00+00:00, run_after=2022-08-13T00:00:00+00:00
[2022-08-13 21:37:51,189] {processor.py:161} INFO - Processing /home/airflow/.local/lib/python3.7/site-packages/airflow/example_dags/example_branch_datetime_operator.py took 0.107 seconds
[2022-08-13 21:38:21,457] {processor.py:153} INFO - Started process (PID=5758) to work on /home/airflow/.local/lib/python3.7/site-packages/airflow/example_dags/example_branch_datetime_operator.py
[2022-08-13 21:38:21,458] {processor.py:641} INFO - Processing file /home/airflow/.local/lib/python3.7/site-packages/airflow/example_dags/example_branch_datetime_operator.py for tasks to queue
[2022-08-13 21:38:21,459] {logging_mixin.py:115} INFO - [2022-08-13 21:38:21,459] {dagbag.py:508} INFO - Filling up the DagBag from /home/airflow/.local/lib/python3.7/site-packages/airflow/example_dags/example_branch_datetime_operator.py
[2022-08-13 21:38:21,473] {processor.py:651} INFO - DAG(s) dict_keys(['example_branch_datetime_operator', 'example_branch_datetime_operator_2']) retrieved from /home/airflow/.local/lib/python3.7/site-packages/airflow/example_dags/example_branch_datetime_operator.py
[2022-08-13 21:38:21,525] {logging_mixin.py:115} INFO - [2022-08-13 21:38:21,525] {dag.py:2420} INFO - Sync 2 DAGs
[2022-08-13 21:38:21,568] {logging_mixin.py:115} INFO - [2022-08-13 21:38:21,568] {dag.py:2972} INFO - Setting next_dagrun for example_branch_datetime_operator to 2022-08-12T00:00:00+00:00, run_after=2022-08-13T00:00:00+00:00
[2022-08-13 21:38:21,572] {logging_mixin.py:115} INFO - [2022-08-13 21:38:21,572] {dag.py:2972} INFO - Setting next_dagrun for example_branch_datetime_operator_2 to 2022-08-12T00:00:00+00:00, run_after=2022-08-13T00:00:00+00:00
[2022-08-13 21:38:21,596] {processor.py:161} INFO - Processing /home/airflow/.local/lib/python3.7/site-packages/airflow/example_dags/example_branch_datetime_operator.py took 0.144 seconds
[2022-08-13 21:38:51,920] {processor.py:153} INFO - Started process (PID=5953) to work on /home/airflow/.local/lib/python3.7/site-packages/airflow/example_dags/example_branch_datetime_operator.py
[2022-08-13 21:38:51,921] {processor.py:641} INFO - Processing file /home/airflow/.local/lib/python3.7/site-packages/airflow/example_dags/example_branch_datetime_operator.py for tasks to queue
[2022-08-13 21:38:51,922] {logging_mixin.py:115} INFO - [2022-08-13 21:38:51,922] {dagbag.py:508} INFO - Filling up the DagBag from /home/airflow/.local/lib/python3.7/site-packages/airflow/example_dags/example_branch_datetime_operator.py
[2022-08-13 21:38:51,933] {processor.py:651} INFO - DAG(s) dict_keys(['example_branch_datetime_operator', 'example_branch_datetime_operator_2']) retrieved from /home/airflow/.local/lib/python3.7/site-packages/airflow/example_dags/example_branch_datetime_operator.py
[2022-08-13 21:38:51,972] {logging_mixin.py:115} INFO - [2022-08-13 21:38:51,971] {dag.py:2420} INFO - Sync 2 DAGs
[2022-08-13 21:38:52,003] {logging_mixin.py:115} INFO - [2022-08-13 21:38:52,003] {dag.py:2972} INFO - Setting next_dagrun for example_branch_datetime_operator to 2022-08-12T00:00:00+00:00, run_after=2022-08-13T00:00:00+00:00
[2022-08-13 21:38:52,007] {logging_mixin.py:115} INFO - [2022-08-13 21:38:52,007] {dag.py:2972} INFO - Setting next_dagrun for example_branch_datetime_operator_2 to 2022-08-12T00:00:00+00:00, run_after=2022-08-13T00:00:00+00:00
[2022-08-13 21:38:52,035] {processor.py:161} INFO - Processing /home/airflow/.local/lib/python3.7/site-packages/airflow/example_dags/example_branch_datetime_operator.py took 0.120 seconds
[2022-08-13 21:39:22,568] {processor.py:153} INFO - Started process (PID=6156) to work on /home/airflow/.local/lib/python3.7/site-packages/airflow/example_dags/example_branch_datetime_operator.py
[2022-08-13 21:39:22,569] {processor.py:641} INFO - Processing file /home/airflow/.local/lib/python3.7/site-packages/airflow/example_dags/example_branch_datetime_operator.py for tasks to queue
[2022-08-13 21:39:22,570] {logging_mixin.py:115} INFO - [2022-08-13 21:39:22,570] {dagbag.py:508} INFO - Filling up the DagBag from /home/airflow/.local/lib/python3.7/site-packages/airflow/example_dags/example_branch_datetime_operator.py
[2022-08-13 21:39:22,583] {processor.py:651} INFO - DAG(s) dict_keys(['example_branch_datetime_operator', 'example_branch_datetime_operator_2']) retrieved from /home/airflow/.local/lib/python3.7/site-packages/airflow/example_dags/example_branch_datetime_operator.py
[2022-08-13 21:39:22,625] {logging_mixin.py:115} INFO - [2022-08-13 21:39:22,625] {dag.py:2420} INFO - Sync 2 DAGs
[2022-08-13 21:39:22,662] {logging_mixin.py:115} INFO - [2022-08-13 21:39:22,662] {dag.py:2972} INFO - Setting next_dagrun for example_branch_datetime_operator to 2022-08-12T00:00:00+00:00, run_after=2022-08-13T00:00:00+00:00
[2022-08-13 21:39:22,665] {logging_mixin.py:115} INFO - [2022-08-13 21:39:22,665] {dag.py:2972} INFO - Setting next_dagrun for example_branch_datetime_operator_2 to 2022-08-12T00:00:00+00:00, run_after=2022-08-13T00:00:00+00:00
[2022-08-13 21:39:22,684] {processor.py:161} INFO - Processing /home/airflow/.local/lib/python3.7/site-packages/airflow/example_dags/example_branch_datetime_operator.py took 0.120 seconds
[2022-08-13 21:39:53,421] {processor.py:153} INFO - Started process (PID=6350) to work on /home/airflow/.local/lib/python3.7/site-packages/airflow/example_dags/example_branch_datetime_operator.py
[2022-08-13 21:39:53,422] {processor.py:641} INFO - Processing file /home/airflow/.local/lib/python3.7/site-packages/airflow/example_dags/example_branch_datetime_operator.py for tasks to queue
[2022-08-13 21:39:53,423] {logging_mixin.py:115} INFO - [2022-08-13 21:39:53,423] {dagbag.py:508} INFO - Filling up the DagBag from /home/airflow/.local/lib/python3.7/site-packages/airflow/example_dags/example_branch_datetime_operator.py
[2022-08-13 21:39:53,436] {processor.py:651} INFO - DAG(s) dict_keys(['example_branch_datetime_operator', 'example_branch_datetime_operator_2']) retrieved from /home/airflow/.local/lib/python3.7/site-packages/airflow/example_dags/example_branch_datetime_operator.py
[2022-08-13 21:39:53,471] {logging_mixin.py:115} INFO - [2022-08-13 21:39:53,471] {dag.py:2420} INFO - Sync 2 DAGs
[2022-08-13 21:39:53,505] {logging_mixin.py:115} INFO - [2022-08-13 21:39:53,505] {dag.py:2972} INFO - Setting next_dagrun for example_branch_datetime_operator to 2022-08-12T00:00:00+00:00, run_after=2022-08-13T00:00:00+00:00
[2022-08-13 21:39:53,509] {logging_mixin.py:115} INFO - [2022-08-13 21:39:53,509] {dag.py:2972} INFO - Setting next_dagrun for example_branch_datetime_operator_2 to 2022-08-12T00:00:00+00:00, run_after=2022-08-13T00:00:00+00:00
[2022-08-13 21:39:53,525] {processor.py:161} INFO - Processing /home/airflow/.local/lib/python3.7/site-packages/airflow/example_dags/example_branch_datetime_operator.py took 0.107 seconds
[2022-08-13 21:40:24,349] {processor.py:153} INFO - Started process (PID=6553) to work on /home/airflow/.local/lib/python3.7/site-packages/airflow/example_dags/example_branch_datetime_operator.py
[2022-08-13 21:40:24,350] {processor.py:641} INFO - Processing file /home/airflow/.local/lib/python3.7/site-packages/airflow/example_dags/example_branch_datetime_operator.py for tasks to queue
[2022-08-13 21:40:24,351] {logging_mixin.py:115} INFO - [2022-08-13 21:40:24,351] {dagbag.py:508} INFO - Filling up the DagBag from /home/airflow/.local/lib/python3.7/site-packages/airflow/example_dags/example_branch_datetime_operator.py
[2022-08-13 21:40:24,362] {processor.py:651} INFO - DAG(s) dict_keys(['example_branch_datetime_operator', 'example_branch_datetime_operator_2']) retrieved from /home/airflow/.local/lib/python3.7/site-packages/airflow/example_dags/example_branch_datetime_operator.py
[2022-08-13 21:40:24,402] {logging_mixin.py:115} INFO - [2022-08-13 21:40:24,402] {dag.py:2420} INFO - Sync 2 DAGs
[2022-08-13 21:40:24,436] {logging_mixin.py:115} INFO - [2022-08-13 21:40:24,436] {dag.py:2972} INFO - Setting next_dagrun for example_branch_datetime_operator to 2022-08-12T00:00:00+00:00, run_after=2022-08-13T00:00:00+00:00
[2022-08-13 21:40:24,441] {logging_mixin.py:115} INFO - [2022-08-13 21:40:24,441] {dag.py:2972} INFO - Setting next_dagrun for example_branch_datetime_operator_2 to 2022-08-12T00:00:00+00:00, run_after=2022-08-13T00:00:00+00:00
[2022-08-13 21:40:24,461] {processor.py:161} INFO - Processing /home/airflow/.local/lib/python3.7/site-packages/airflow/example_dags/example_branch_datetime_operator.py took 0.115 seconds
[2022-08-13 21:40:54,950] {processor.py:153} INFO - Started process (PID=6747) to work on /home/airflow/.local/lib/python3.7/site-packages/airflow/example_dags/example_branch_datetime_operator.py
[2022-08-13 21:40:54,951] {processor.py:641} INFO - Processing file /home/airflow/.local/lib/python3.7/site-packages/airflow/example_dags/example_branch_datetime_operator.py for tasks to queue
[2022-08-13 21:40:54,952] {logging_mixin.py:115} INFO - [2022-08-13 21:40:54,951] {dagbag.py:508} INFO - Filling up the DagBag from /home/airflow/.local/lib/python3.7/site-packages/airflow/example_dags/example_branch_datetime_operator.py
[2022-08-13 21:40:54,967] {processor.py:651} INFO - DAG(s) dict_keys(['example_branch_datetime_operator', 'example_branch_datetime_operator_2']) retrieved from /home/airflow/.local/lib/python3.7/site-packages/airflow/example_dags/example_branch_datetime_operator.py
[2022-08-13 21:40:55,007] {logging_mixin.py:115} INFO - [2022-08-13 21:40:55,006] {dag.py:2420} INFO - Sync 2 DAGs
[2022-08-13 21:40:55,037] {logging_mixin.py:115} INFO - [2022-08-13 21:40:55,037] {dag.py:2972} INFO - Setting next_dagrun for example_branch_datetime_operator to 2022-08-12T00:00:00+00:00, run_after=2022-08-13T00:00:00+00:00
[2022-08-13 21:40:55,040] {logging_mixin.py:115} INFO - [2022-08-13 21:40:55,040] {dag.py:2972} INFO - Setting next_dagrun for example_branch_datetime_operator_2 to 2022-08-12T00:00:00+00:00, run_after=2022-08-13T00:00:00+00:00
[2022-08-13 21:40:55,065] {processor.py:161} INFO - Processing /home/airflow/.local/lib/python3.7/site-packages/airflow/example_dags/example_branch_datetime_operator.py took 0.118 seconds
[2022-08-13 21:41:25,158] {processor.py:153} INFO - Started process (PID=6951) to work on /home/airflow/.local/lib/python3.7/site-packages/airflow/example_dags/example_branch_datetime_operator.py
[2022-08-13 21:41:25,159] {processor.py:641} INFO - Processing file /home/airflow/.local/lib/python3.7/site-packages/airflow/example_dags/example_branch_datetime_operator.py for tasks to queue
[2022-08-13 21:41:25,160] {logging_mixin.py:115} INFO - [2022-08-13 21:41:25,160] {dagbag.py:508} INFO - Filling up the DagBag from /home/airflow/.local/lib/python3.7/site-packages/airflow/example_dags/example_branch_datetime_operator.py
[2022-08-13 21:41:25,175] {processor.py:651} INFO - DAG(s) dict_keys(['example_branch_datetime_operator', 'example_branch_datetime_operator_2']) retrieved from /home/airflow/.local/lib/python3.7/site-packages/airflow/example_dags/example_branch_datetime_operator.py
[2022-08-13 21:41:25,215] {logging_mixin.py:115} INFO - [2022-08-13 21:41:25,215] {dag.py:2420} INFO - Sync 2 DAGs
[2022-08-13 21:41:25,249] {logging_mixin.py:115} INFO - [2022-08-13 21:41:25,248] {dag.py:2972} INFO - Setting next_dagrun for example_branch_datetime_operator to 2022-08-12T00:00:00+00:00, run_after=2022-08-13T00:00:00+00:00
[2022-08-13 21:41:25,252] {logging_mixin.py:115} INFO - [2022-08-13 21:41:25,252] {dag.py:2972} INFO - Setting next_dagrun for example_branch_datetime_operator_2 to 2022-08-12T00:00:00+00:00, run_after=2022-08-13T00:00:00+00:00
[2022-08-13 21:41:25,270] {processor.py:161} INFO - Processing /home/airflow/.local/lib/python3.7/site-packages/airflow/example_dags/example_branch_datetime_operator.py took 0.117 seconds
[2022-08-13 21:41:55,792] {processor.py:153} INFO - Started process (PID=7145) to work on /home/airflow/.local/lib/python3.7/site-packages/airflow/example_dags/example_branch_datetime_operator.py
[2022-08-13 21:41:55,793] {processor.py:641} INFO - Processing file /home/airflow/.local/lib/python3.7/site-packages/airflow/example_dags/example_branch_datetime_operator.py for tasks to queue
[2022-08-13 21:41:55,794] {logging_mixin.py:115} INFO - [2022-08-13 21:41:55,794] {dagbag.py:508} INFO - Filling up the DagBag from /home/airflow/.local/lib/python3.7/site-packages/airflow/example_dags/example_branch_datetime_operator.py
[2022-08-13 21:41:55,807] {processor.py:651} INFO - DAG(s) dict_keys(['example_branch_datetime_operator', 'example_branch_datetime_operator_2']) retrieved from /home/airflow/.local/lib/python3.7/site-packages/airflow/example_dags/example_branch_datetime_operator.py
[2022-08-13 21:41:55,846] {logging_mixin.py:115} INFO - [2022-08-13 21:41:55,846] {dag.py:2420} INFO - Sync 2 DAGs
[2022-08-13 21:41:55,882] {logging_mixin.py:115} INFO - [2022-08-13 21:41:55,881] {dag.py:2972} INFO - Setting next_dagrun for example_branch_datetime_operator to 2022-08-12T00:00:00+00:00, run_after=2022-08-13T00:00:00+00:00
[2022-08-13 21:41:55,885] {logging_mixin.py:115} INFO - [2022-08-13 21:41:55,885] {dag.py:2972} INFO - Setting next_dagrun for example_branch_datetime_operator_2 to 2022-08-12T00:00:00+00:00, run_after=2022-08-13T00:00:00+00:00
[2022-08-13 21:41:55,904] {processor.py:161} INFO - Processing /home/airflow/.local/lib/python3.7/site-packages/airflow/example_dags/example_branch_datetime_operator.py took 0.115 seconds
[2022-08-13 21:42:26,331] {processor.py:153} INFO - Started process (PID=7348) to work on /home/airflow/.local/lib/python3.7/site-packages/airflow/example_dags/example_branch_datetime_operator.py
[2022-08-13 21:42:26,332] {processor.py:641} INFO - Processing file /home/airflow/.local/lib/python3.7/site-packages/airflow/example_dags/example_branch_datetime_operator.py for tasks to queue
[2022-08-13 21:42:26,333] {logging_mixin.py:115} INFO - [2022-08-13 21:42:26,333] {dagbag.py:508} INFO - Filling up the DagBag from /home/airflow/.local/lib/python3.7/site-packages/airflow/example_dags/example_branch_datetime_operator.py
[2022-08-13 21:42:26,348] {processor.py:651} INFO - DAG(s) dict_keys(['example_branch_datetime_operator', 'example_branch_datetime_operator_2']) retrieved from /home/airflow/.local/lib/python3.7/site-packages/airflow/example_dags/example_branch_datetime_operator.py
[2022-08-13 21:42:26,379] {logging_mixin.py:115} INFO - [2022-08-13 21:42:26,379] {dag.py:2420} INFO - Sync 2 DAGs
[2022-08-13 21:42:26,407] {logging_mixin.py:115} INFO - [2022-08-13 21:42:26,407] {dag.py:2972} INFO - Setting next_dagrun for example_branch_datetime_operator to 2022-08-12T00:00:00+00:00, run_after=2022-08-13T00:00:00+00:00
[2022-08-13 21:42:26,409] {logging_mixin.py:115} INFO - [2022-08-13 21:42:26,409] {dag.py:2972} INFO - Setting next_dagrun for example_branch_datetime_operator_2 to 2022-08-12T00:00:00+00:00, run_after=2022-08-13T00:00:00+00:00
[2022-08-13 21:42:26,425] {processor.py:161} INFO - Processing /home/airflow/.local/lib/python3.7/site-packages/airflow/example_dags/example_branch_datetime_operator.py took 0.097 seconds
[2022-08-13 21:48:54,855] {processor.py:153} INFO - Started process (PID=7539) to work on /home/airflow/.local/lib/python3.7/site-packages/airflow/example_dags/example_branch_datetime_operator.py
[2022-08-13 21:48:54,856] {processor.py:641} INFO - Processing file /home/airflow/.local/lib/python3.7/site-packages/airflow/example_dags/example_branch_datetime_operator.py for tasks to queue
[2022-08-13 21:48:54,857] {logging_mixin.py:115} INFO - [2022-08-13 21:48:54,857] {dagbag.py:508} INFO - Filling up the DagBag from /home/airflow/.local/lib/python3.7/site-packages/airflow/example_dags/example_branch_datetime_operator.py
[2022-08-13 21:48:54,871] {processor.py:651} INFO - DAG(s) dict_keys(['example_branch_datetime_operator', 'example_branch_datetime_operator_2']) retrieved from /home/airflow/.local/lib/python3.7/site-packages/airflow/example_dags/example_branch_datetime_operator.py
[2022-08-13 21:48:54,903] {logging_mixin.py:115} INFO - [2022-08-13 21:48:54,903] {dag.py:2420} INFO - Sync 2 DAGs
[2022-08-13 21:48:54,931] {logging_mixin.py:115} INFO - [2022-08-13 21:48:54,931] {dag.py:2972} INFO - Setting next_dagrun for example_branch_datetime_operator to 2022-08-12T00:00:00+00:00, run_after=2022-08-13T00:00:00+00:00
[2022-08-13 21:48:54,935] {logging_mixin.py:115} INFO - [2022-08-13 21:48:54,934] {dag.py:2972} INFO - Setting next_dagrun for example_branch_datetime_operator_2 to 2022-08-12T00:00:00+00:00, run_after=2022-08-13T00:00:00+00:00
[2022-08-13 21:48:54,953] {processor.py:161} INFO - Processing /home/airflow/.local/lib/python3.7/site-packages/airflow/example_dags/example_branch_datetime_operator.py took 0.102 seconds
[2022-08-13 21:49:25,826] {processor.py:153} INFO - Started process (PID=7744) to work on /home/airflow/.local/lib/python3.7/site-packages/airflow/example_dags/example_branch_datetime_operator.py
[2022-08-13 21:49:25,827] {processor.py:641} INFO - Processing file /home/airflow/.local/lib/python3.7/site-packages/airflow/example_dags/example_branch_datetime_operator.py for tasks to queue
[2022-08-13 21:49:25,827] {logging_mixin.py:115} INFO - [2022-08-13 21:49:25,827] {dagbag.py:508} INFO - Filling up the DagBag from /home/airflow/.local/lib/python3.7/site-packages/airflow/example_dags/example_branch_datetime_operator.py
[2022-08-13 21:49:25,837] {processor.py:651} INFO - DAG(s) dict_keys(['example_branch_datetime_operator', 'example_branch_datetime_operator_2']) retrieved from /home/airflow/.local/lib/python3.7/site-packages/airflow/example_dags/example_branch_datetime_operator.py
[2022-08-13 21:49:25,866] {logging_mixin.py:115} INFO - [2022-08-13 21:49:25,865] {dag.py:2420} INFO - Sync 2 DAGs
[2022-08-13 21:49:25,889] {logging_mixin.py:115} INFO - [2022-08-13 21:49:25,889] {dag.py:2972} INFO - Setting next_dagrun for example_branch_datetime_operator to 2022-08-12T00:00:00+00:00, run_after=2022-08-13T00:00:00+00:00
[2022-08-13 21:49:25,891] {logging_mixin.py:115} INFO - [2022-08-13 21:49:25,891] {dag.py:2972} INFO - Setting next_dagrun for example_branch_datetime_operator_2 to 2022-08-12T00:00:00+00:00, run_after=2022-08-13T00:00:00+00:00
[2022-08-13 21:49:25,915] {processor.py:161} INFO - Processing /home/airflow/.local/lib/python3.7/site-packages/airflow/example_dags/example_branch_datetime_operator.py took 0.092 seconds
[2022-08-13 21:49:56,700] {processor.py:153} INFO - Started process (PID=7945) to work on /home/airflow/.local/lib/python3.7/site-packages/airflow/example_dags/example_branch_datetime_operator.py
[2022-08-13 21:49:56,701] {processor.py:641} INFO - Processing file /home/airflow/.local/lib/python3.7/site-packages/airflow/example_dags/example_branch_datetime_operator.py for tasks to queue
[2022-08-13 21:49:56,702] {logging_mixin.py:115} INFO - [2022-08-13 21:49:56,702] {dagbag.py:508} INFO - Filling up the DagBag from /home/airflow/.local/lib/python3.7/site-packages/airflow/example_dags/example_branch_datetime_operator.py
[2022-08-13 21:49:56,713] {processor.py:651} INFO - DAG(s) dict_keys(['example_branch_datetime_operator', 'example_branch_datetime_operator_2']) retrieved from /home/airflow/.local/lib/python3.7/site-packages/airflow/example_dags/example_branch_datetime_operator.py
[2022-08-13 21:49:56,747] {logging_mixin.py:115} INFO - [2022-08-13 21:49:56,747] {dag.py:2420} INFO - Sync 2 DAGs
[2022-08-13 21:49:56,776] {logging_mixin.py:115} INFO - [2022-08-13 21:49:56,776] {dag.py:2972} INFO - Setting next_dagrun for example_branch_datetime_operator to 2022-08-12T00:00:00+00:00, run_after=2022-08-13T00:00:00+00:00
[2022-08-13 21:49:56,779] {logging_mixin.py:115} INFO - [2022-08-13 21:49:56,779] {dag.py:2972} INFO - Setting next_dagrun for example_branch_datetime_operator_2 to 2022-08-12T00:00:00+00:00, run_after=2022-08-13T00:00:00+00:00
[2022-08-13 21:49:56,795] {processor.py:161} INFO - Processing /home/airflow/.local/lib/python3.7/site-packages/airflow/example_dags/example_branch_datetime_operator.py took 0.098 seconds
[2022-08-13 21:50:27,704] {processor.py:153} INFO - Started process (PID=8139) to work on /home/airflow/.local/lib/python3.7/site-packages/airflow/example_dags/example_branch_datetime_operator.py
[2022-08-13 21:50:27,705] {processor.py:641} INFO - Processing file /home/airflow/.local/lib/python3.7/site-packages/airflow/example_dags/example_branch_datetime_operator.py for tasks to queue
[2022-08-13 21:50:27,705] {logging_mixin.py:115} INFO - [2022-08-13 21:50:27,705] {dagbag.py:508} INFO - Filling up the DagBag from /home/airflow/.local/lib/python3.7/site-packages/airflow/example_dags/example_branch_datetime_operator.py
[2022-08-13 21:50:27,716] {processor.py:651} INFO - DAG(s) dict_keys(['example_branch_datetime_operator', 'example_branch_datetime_operator_2']) retrieved from /home/airflow/.local/lib/python3.7/site-packages/airflow/example_dags/example_branch_datetime_operator.py
[2022-08-13 21:50:27,754] {logging_mixin.py:115} INFO - [2022-08-13 21:50:27,754] {dag.py:2420} INFO - Sync 2 DAGs
[2022-08-13 21:50:27,788] {logging_mixin.py:115} INFO - [2022-08-13 21:50:27,787] {dag.py:2972} INFO - Setting next_dagrun for example_branch_datetime_operator to 2022-08-12T00:00:00+00:00, run_after=2022-08-13T00:00:00+00:00
[2022-08-13 21:50:27,790] {logging_mixin.py:115} INFO - [2022-08-13 21:50:27,790] {dag.py:2972} INFO - Setting next_dagrun for example_branch_datetime_operator_2 to 2022-08-12T00:00:00+00:00, run_after=2022-08-13T00:00:00+00:00
[2022-08-13 21:50:27,808] {processor.py:161} INFO - Processing /home/airflow/.local/lib/python3.7/site-packages/airflow/example_dags/example_branch_datetime_operator.py took 0.107 seconds
[2022-08-13 21:50:58,646] {processor.py:153} INFO - Started process (PID=8346) to work on /home/airflow/.local/lib/python3.7/site-packages/airflow/example_dags/example_branch_datetime_operator.py
[2022-08-13 21:50:58,646] {processor.py:641} INFO - Processing file /home/airflow/.local/lib/python3.7/site-packages/airflow/example_dags/example_branch_datetime_operator.py for tasks to queue
[2022-08-13 21:50:58,648] {logging_mixin.py:115} INFO - [2022-08-13 21:50:58,647] {dagbag.py:508} INFO - Filling up the DagBag from /home/airflow/.local/lib/python3.7/site-packages/airflow/example_dags/example_branch_datetime_operator.py
[2022-08-13 21:50:58,660] {processor.py:651} INFO - DAG(s) dict_keys(['example_branch_datetime_operator', 'example_branch_datetime_operator_2']) retrieved from /home/airflow/.local/lib/python3.7/site-packages/airflow/example_dags/example_branch_datetime_operator.py
[2022-08-13 21:50:58,693] {logging_mixin.py:115} INFO - [2022-08-13 21:50:58,693] {dag.py:2420} INFO - Sync 2 DAGs
[2022-08-13 21:50:58,724] {logging_mixin.py:115} INFO - [2022-08-13 21:50:58,724] {dag.py:2972} INFO - Setting next_dagrun for example_branch_datetime_operator to 2022-08-12T00:00:00+00:00, run_after=2022-08-13T00:00:00+00:00
[2022-08-13 21:50:58,726] {logging_mixin.py:115} INFO - [2022-08-13 21:50:58,726] {dag.py:2972} INFO - Setting next_dagrun for example_branch_datetime_operator_2 to 2022-08-12T00:00:00+00:00, run_after=2022-08-13T00:00:00+00:00
[2022-08-13 21:50:58,746] {processor.py:161} INFO - Processing /home/airflow/.local/lib/python3.7/site-packages/airflow/example_dags/example_branch_datetime_operator.py took 0.103 seconds
[2022-08-13 21:51:29,526] {processor.py:153} INFO - Started process (PID=8538) to work on /home/airflow/.local/lib/python3.7/site-packages/airflow/example_dags/example_branch_datetime_operator.py
[2022-08-13 21:51:29,527] {processor.py:641} INFO - Processing file /home/airflow/.local/lib/python3.7/site-packages/airflow/example_dags/example_branch_datetime_operator.py for tasks to queue
[2022-08-13 21:51:29,528] {logging_mixin.py:115} INFO - [2022-08-13 21:51:29,528] {dagbag.py:508} INFO - Filling up the DagBag from /home/airflow/.local/lib/python3.7/site-packages/airflow/example_dags/example_branch_datetime_operator.py
[2022-08-13 21:51:29,540] {processor.py:651} INFO - DAG(s) dict_keys(['example_branch_datetime_operator', 'example_branch_datetime_operator_2']) retrieved from /home/airflow/.local/lib/python3.7/site-packages/airflow/example_dags/example_branch_datetime_operator.py
[2022-08-13 21:51:29,581] {logging_mixin.py:115} INFO - [2022-08-13 21:51:29,580] {dag.py:2420} INFO - Sync 2 DAGs
[2022-08-13 21:51:29,614] {logging_mixin.py:115} INFO - [2022-08-13 21:51:29,613] {dag.py:2972} INFO - Setting next_dagrun for example_branch_datetime_operator to 2022-08-12T00:00:00+00:00, run_after=2022-08-13T00:00:00+00:00
[2022-08-13 21:51:29,616] {logging_mixin.py:115} INFO - [2022-08-13 21:51:29,616] {dag.py:2972} INFO - Setting next_dagrun for example_branch_datetime_operator_2 to 2022-08-12T00:00:00+00:00, run_after=2022-08-13T00:00:00+00:00
[2022-08-13 21:51:29,634] {processor.py:161} INFO - Processing /home/airflow/.local/lib/python3.7/site-packages/airflow/example_dags/example_branch_datetime_operator.py took 0.111 seconds
[2022-08-13 21:52:00,591] {processor.py:153} INFO - Started process (PID=8741) to work on /home/airflow/.local/lib/python3.7/site-packages/airflow/example_dags/example_branch_datetime_operator.py
[2022-08-13 21:52:00,591] {processor.py:641} INFO - Processing file /home/airflow/.local/lib/python3.7/site-packages/airflow/example_dags/example_branch_datetime_operator.py for tasks to queue
[2022-08-13 21:52:00,592] {logging_mixin.py:115} INFO - [2022-08-13 21:52:00,592] {dagbag.py:508} INFO - Filling up the DagBag from /home/airflow/.local/lib/python3.7/site-packages/airflow/example_dags/example_branch_datetime_operator.py
[2022-08-13 21:52:00,604] {processor.py:651} INFO - DAG(s) dict_keys(['example_branch_datetime_operator', 'example_branch_datetime_operator_2']) retrieved from /home/airflow/.local/lib/python3.7/site-packages/airflow/example_dags/example_branch_datetime_operator.py
[2022-08-13 21:52:00,634] {logging_mixin.py:115} INFO - [2022-08-13 21:52:00,634] {dag.py:2420} INFO - Sync 2 DAGs
[2022-08-13 21:52:00,667] {logging_mixin.py:115} INFO - [2022-08-13 21:52:00,667] {dag.py:2972} INFO - Setting next_dagrun for example_branch_datetime_operator to 2022-08-12T00:00:00+00:00, run_after=2022-08-13T00:00:00+00:00
[2022-08-13 21:52:00,670] {logging_mixin.py:115} INFO - [2022-08-13 21:52:00,670] {dag.py:2972} INFO - Setting next_dagrun for example_branch_datetime_operator_2 to 2022-08-12T00:00:00+00:00, run_after=2022-08-13T00:00:00+00:00
[2022-08-13 21:52:00,686] {processor.py:161} INFO - Processing /home/airflow/.local/lib/python3.7/site-packages/airflow/example_dags/example_branch_datetime_operator.py took 0.098 seconds
[2022-08-13 21:52:31,627] {processor.py:153} INFO - Started process (PID=8942) to work on /home/airflow/.local/lib/python3.7/site-packages/airflow/example_dags/example_branch_datetime_operator.py
[2022-08-13 21:52:31,628] {processor.py:641} INFO - Processing file /home/airflow/.local/lib/python3.7/site-packages/airflow/example_dags/example_branch_datetime_operator.py for tasks to queue
[2022-08-13 21:52:31,629] {logging_mixin.py:115} INFO - [2022-08-13 21:52:31,629] {dagbag.py:508} INFO - Filling up the DagBag from /home/airflow/.local/lib/python3.7/site-packages/airflow/example_dags/example_branch_datetime_operator.py
[2022-08-13 21:52:31,644] {processor.py:651} INFO - DAG(s) dict_keys(['example_branch_datetime_operator', 'example_branch_datetime_operator_2']) retrieved from /home/airflow/.local/lib/python3.7/site-packages/airflow/example_dags/example_branch_datetime_operator.py
[2022-08-13 21:52:31,688] {logging_mixin.py:115} INFO - [2022-08-13 21:52:31,688] {dag.py:2420} INFO - Sync 2 DAGs
[2022-08-13 21:52:31,724] {logging_mixin.py:115} INFO - [2022-08-13 21:52:31,724] {dag.py:2972} INFO - Setting next_dagrun for example_branch_datetime_operator to 2022-08-12T00:00:00+00:00, run_after=2022-08-13T00:00:00+00:00
[2022-08-13 21:52:31,728] {logging_mixin.py:115} INFO - [2022-08-13 21:52:31,728] {dag.py:2972} INFO - Setting next_dagrun for example_branch_datetime_operator_2 to 2022-08-12T00:00:00+00:00, run_after=2022-08-13T00:00:00+00:00
[2022-08-13 21:52:31,746] {processor.py:161} INFO - Processing /home/airflow/.local/lib/python3.7/site-packages/airflow/example_dags/example_branch_datetime_operator.py took 0.123 seconds
[2022-08-13 21:53:02,222] {processor.py:153} INFO - Started process (PID=9140) to work on /home/airflow/.local/lib/python3.7/site-packages/airflow/example_dags/example_branch_datetime_operator.py
[2022-08-13 21:53:02,223] {processor.py:641} INFO - Processing file /home/airflow/.local/lib/python3.7/site-packages/airflow/example_dags/example_branch_datetime_operator.py for tasks to queue
[2022-08-13 21:53:02,224] {logging_mixin.py:115} INFO - [2022-08-13 21:53:02,224] {dagbag.py:508} INFO - Filling up the DagBag from /home/airflow/.local/lib/python3.7/site-packages/airflow/example_dags/example_branch_datetime_operator.py
[2022-08-13 21:53:02,234] {processor.py:651} INFO - DAG(s) dict_keys(['example_branch_datetime_operator', 'example_branch_datetime_operator_2']) retrieved from /home/airflow/.local/lib/python3.7/site-packages/airflow/example_dags/example_branch_datetime_operator.py
[2022-08-13 21:53:02,265] {logging_mixin.py:115} INFO - [2022-08-13 21:53:02,264] {dag.py:2420} INFO - Sync 2 DAGs
[2022-08-13 21:53:02,292] {logging_mixin.py:115} INFO - [2022-08-13 21:53:02,292] {dag.py:2972} INFO - Setting next_dagrun for example_branch_datetime_operator to 2022-08-12T00:00:00+00:00, run_after=2022-08-13T00:00:00+00:00
[2022-08-13 21:53:02,296] {logging_mixin.py:115} INFO - [2022-08-13 21:53:02,296] {dag.py:2972} INFO - Setting next_dagrun for example_branch_datetime_operator_2 to 2022-08-12T00:00:00+00:00, run_after=2022-08-13T00:00:00+00:00
[2022-08-13 21:53:02,312] {processor.py:161} INFO - Processing /home/airflow/.local/lib/python3.7/site-packages/airflow/example_dags/example_branch_datetime_operator.py took 0.092 seconds
[2022-08-13 21:53:32,725] {processor.py:153} INFO - Started process (PID=9343) to work on /home/airflow/.local/lib/python3.7/site-packages/airflow/example_dags/example_branch_datetime_operator.py
[2022-08-13 21:53:32,726] {processor.py:641} INFO - Processing file /home/airflow/.local/lib/python3.7/site-packages/airflow/example_dags/example_branch_datetime_operator.py for tasks to queue
[2022-08-13 21:53:32,727] {logging_mixin.py:115} INFO - [2022-08-13 21:53:32,727] {dagbag.py:508} INFO - Filling up the DagBag from /home/airflow/.local/lib/python3.7/site-packages/airflow/example_dags/example_branch_datetime_operator.py
[2022-08-13 21:53:32,740] {processor.py:651} INFO - DAG(s) dict_keys(['example_branch_datetime_operator', 'example_branch_datetime_operator_2']) retrieved from /home/airflow/.local/lib/python3.7/site-packages/airflow/example_dags/example_branch_datetime_operator.py
[2022-08-13 21:53:32,779] {logging_mixin.py:115} INFO - [2022-08-13 21:53:32,779] {dag.py:2420} INFO - Sync 2 DAGs
[2022-08-13 21:53:32,819] {logging_mixin.py:115} INFO - [2022-08-13 21:53:32,819] {dag.py:2972} INFO - Setting next_dagrun for example_branch_datetime_operator to 2022-08-12T00:00:00+00:00, run_after=2022-08-13T00:00:00+00:00
[2022-08-13 21:53:32,822] {logging_mixin.py:115} INFO - [2022-08-13 21:53:32,822] {dag.py:2972} INFO - Setting next_dagrun for example_branch_datetime_operator_2 to 2022-08-12T00:00:00+00:00, run_after=2022-08-13T00:00:00+00:00
[2022-08-13 21:53:32,842] {processor.py:161} INFO - Processing /home/airflow/.local/lib/python3.7/site-packages/airflow/example_dags/example_branch_datetime_operator.py took 0.121 seconds
[2022-08-13 21:54:03,684] {processor.py:153} INFO - Started process (PID=9535) to work on /home/airflow/.local/lib/python3.7/site-packages/airflow/example_dags/example_branch_datetime_operator.py
[2022-08-13 21:54:03,685] {processor.py:641} INFO - Processing file /home/airflow/.local/lib/python3.7/site-packages/airflow/example_dags/example_branch_datetime_operator.py for tasks to queue
[2022-08-13 21:54:03,686] {logging_mixin.py:115} INFO - [2022-08-13 21:54:03,685] {dagbag.py:508} INFO - Filling up the DagBag from /home/airflow/.local/lib/python3.7/site-packages/airflow/example_dags/example_branch_datetime_operator.py
[2022-08-13 21:54:03,699] {processor.py:651} INFO - DAG(s) dict_keys(['example_branch_datetime_operator', 'example_branch_datetime_operator_2']) retrieved from /home/airflow/.local/lib/python3.7/site-packages/airflow/example_dags/example_branch_datetime_operator.py
[2022-08-13 21:54:03,735] {logging_mixin.py:115} INFO - [2022-08-13 21:54:03,735] {dag.py:2420} INFO - Sync 2 DAGs
[2022-08-13 21:54:03,766] {logging_mixin.py:115} INFO - [2022-08-13 21:54:03,766] {dag.py:2972} INFO - Setting next_dagrun for example_branch_datetime_operator to 2022-08-12T00:00:00+00:00, run_after=2022-08-13T00:00:00+00:00
[2022-08-13 21:54:03,768] {logging_mixin.py:115} INFO - [2022-08-13 21:54:03,768] {dag.py:2972} INFO - Setting next_dagrun for example_branch_datetime_operator_2 to 2022-08-12T00:00:00+00:00, run_after=2022-08-13T00:00:00+00:00
[2022-08-13 21:54:03,783] {processor.py:161} INFO - Processing /home/airflow/.local/lib/python3.7/site-packages/airflow/example_dags/example_branch_datetime_operator.py took 0.104 seconds
[2022-08-13 21:54:34,954] {processor.py:153} INFO - Started process (PID=9741) to work on /home/airflow/.local/lib/python3.7/site-packages/airflow/example_dags/example_branch_datetime_operator.py
[2022-08-13 21:54:34,955] {processor.py:641} INFO - Processing file /home/airflow/.local/lib/python3.7/site-packages/airflow/example_dags/example_branch_datetime_operator.py for tasks to queue
[2022-08-13 21:54:34,956] {logging_mixin.py:115} INFO - [2022-08-13 21:54:34,956] {dagbag.py:508} INFO - Filling up the DagBag from /home/airflow/.local/lib/python3.7/site-packages/airflow/example_dags/example_branch_datetime_operator.py
[2022-08-13 21:54:34,967] {processor.py:651} INFO - DAG(s) dict_keys(['example_branch_datetime_operator', 'example_branch_datetime_operator_2']) retrieved from /home/airflow/.local/lib/python3.7/site-packages/airflow/example_dags/example_branch_datetime_operator.py
[2022-08-13 21:54:35,008] {logging_mixin.py:115} INFO - [2022-08-13 21:54:35,008] {dag.py:2420} INFO - Sync 2 DAGs
[2022-08-13 21:54:35,036] {logging_mixin.py:115} INFO - [2022-08-13 21:54:35,035] {dag.py:2972} INFO - Setting next_dagrun for example_branch_datetime_operator to 2022-08-12T00:00:00+00:00, run_after=2022-08-13T00:00:00+00:00
[2022-08-13 21:54:35,038] {logging_mixin.py:115} INFO - [2022-08-13 21:54:35,038] {dag.py:2972} INFO - Setting next_dagrun for example_branch_datetime_operator_2 to 2022-08-12T00:00:00+00:00, run_after=2022-08-13T00:00:00+00:00
[2022-08-13 21:54:35,057] {processor.py:161} INFO - Processing /home/airflow/.local/lib/python3.7/site-packages/airflow/example_dags/example_branch_datetime_operator.py took 0.107 seconds
[2022-08-13 21:55:05,092] {processor.py:153} INFO - Started process (PID=9933) to work on /home/airflow/.local/lib/python3.7/site-packages/airflow/example_dags/example_branch_datetime_operator.py
[2022-08-13 21:55:05,093] {processor.py:641} INFO - Processing file /home/airflow/.local/lib/python3.7/site-packages/airflow/example_dags/example_branch_datetime_operator.py for tasks to queue
[2022-08-13 21:55:05,094] {logging_mixin.py:115} INFO - [2022-08-13 21:55:05,094] {dagbag.py:508} INFO - Filling up the DagBag from /home/airflow/.local/lib/python3.7/site-packages/airflow/example_dags/example_branch_datetime_operator.py
[2022-08-13 21:55:05,105] {processor.py:651} INFO - DAG(s) dict_keys(['example_branch_datetime_operator', 'example_branch_datetime_operator_2']) retrieved from /home/airflow/.local/lib/python3.7/site-packages/airflow/example_dags/example_branch_datetime_operator.py
[2022-08-13 21:55:05,138] {logging_mixin.py:115} INFO - [2022-08-13 21:55:05,138] {dag.py:2420} INFO - Sync 2 DAGs
[2022-08-13 21:55:05,172] {logging_mixin.py:115} INFO - [2022-08-13 21:55:05,172] {dag.py:2972} INFO - Setting next_dagrun for example_branch_datetime_operator to 2022-08-12T00:00:00+00:00, run_after=2022-08-13T00:00:00+00:00
[2022-08-13 21:55:05,175] {logging_mixin.py:115} INFO - [2022-08-13 21:55:05,175] {dag.py:2972} INFO - Setting next_dagrun for example_branch_datetime_operator_2 to 2022-08-12T00:00:00+00:00, run_after=2022-08-13T00:00:00+00:00
[2022-08-13 21:55:05,192] {processor.py:161} INFO - Processing /home/airflow/.local/lib/python3.7/site-packages/airflow/example_dags/example_branch_datetime_operator.py took 0.102 seconds
[2022-08-13 21:55:35,759] {processor.py:153} INFO - Started process (PID=10136) to work on /home/airflow/.local/lib/python3.7/site-packages/airflow/example_dags/example_branch_datetime_operator.py
[2022-08-13 21:55:35,760] {processor.py:641} INFO - Processing file /home/airflow/.local/lib/python3.7/site-packages/airflow/example_dags/example_branch_datetime_operator.py for tasks to queue
[2022-08-13 21:55:35,761] {logging_mixin.py:115} INFO - [2022-08-13 21:55:35,761] {dagbag.py:508} INFO - Filling up the DagBag from /home/airflow/.local/lib/python3.7/site-packages/airflow/example_dags/example_branch_datetime_operator.py
[2022-08-13 21:55:35,770] {processor.py:651} INFO - DAG(s) dict_keys(['example_branch_datetime_operator', 'example_branch_datetime_operator_2']) retrieved from /home/airflow/.local/lib/python3.7/site-packages/airflow/example_dags/example_branch_datetime_operator.py
[2022-08-13 21:55:35,807] {logging_mixin.py:115} INFO - [2022-08-13 21:55:35,807] {dag.py:2420} INFO - Sync 2 DAGs
[2022-08-13 21:55:35,842] {logging_mixin.py:115} INFO - [2022-08-13 21:55:35,842] {dag.py:2972} INFO - Setting next_dagrun for example_branch_datetime_operator to 2022-08-12T00:00:00+00:00, run_after=2022-08-13T00:00:00+00:00
[2022-08-13 21:55:35,844] {logging_mixin.py:115} INFO - [2022-08-13 21:55:35,844] {dag.py:2972} INFO - Setting next_dagrun for example_branch_datetime_operator_2 to 2022-08-12T00:00:00+00:00, run_after=2022-08-13T00:00:00+00:00
[2022-08-13 21:55:35,864] {processor.py:161} INFO - Processing /home/airflow/.local/lib/python3.7/site-packages/airflow/example_dags/example_branch_datetime_operator.py took 0.108 seconds
[2022-08-13 21:56:06,970] {processor.py:153} INFO - Started process (PID=10330) to work on /home/airflow/.local/lib/python3.7/site-packages/airflow/example_dags/example_branch_datetime_operator.py
[2022-08-13 21:56:06,971] {processor.py:641} INFO - Processing file /home/airflow/.local/lib/python3.7/site-packages/airflow/example_dags/example_branch_datetime_operator.py for tasks to queue
[2022-08-13 21:56:06,971] {logging_mixin.py:115} INFO - [2022-08-13 21:56:06,971] {dagbag.py:508} INFO - Filling up the DagBag from /home/airflow/.local/lib/python3.7/site-packages/airflow/example_dags/example_branch_datetime_operator.py
[2022-08-13 21:56:06,986] {processor.py:651} INFO - DAG(s) dict_keys(['example_branch_datetime_operator', 'example_branch_datetime_operator_2']) retrieved from /home/airflow/.local/lib/python3.7/site-packages/airflow/example_dags/example_branch_datetime_operator.py
[2022-08-13 21:56:07,030] {logging_mixin.py:115} INFO - [2022-08-13 21:56:07,030] {dag.py:2420} INFO - Sync 2 DAGs
[2022-08-13 21:56:07,070] {logging_mixin.py:115} INFO - [2022-08-13 21:56:07,070] {dag.py:2972} INFO - Setting next_dagrun for example_branch_datetime_operator to 2022-08-12T00:00:00+00:00, run_after=2022-08-13T00:00:00+00:00
[2022-08-13 21:56:07,073] {logging_mixin.py:115} INFO - [2022-08-13 21:56:07,073] {dag.py:2972} INFO - Setting next_dagrun for example_branch_datetime_operator_2 to 2022-08-12T00:00:00+00:00, run_after=2022-08-13T00:00:00+00:00
[2022-08-13 21:56:07,094] {processor.py:161} INFO - Processing /home/airflow/.local/lib/python3.7/site-packages/airflow/example_dags/example_branch_datetime_operator.py took 0.128 seconds
[2022-08-13 21:56:37,608] {processor.py:153} INFO - Started process (PID=10533) to work on /home/airflow/.local/lib/python3.7/site-packages/airflow/example_dags/example_branch_datetime_operator.py
[2022-08-13 21:56:37,609] {processor.py:641} INFO - Processing file /home/airflow/.local/lib/python3.7/site-packages/airflow/example_dags/example_branch_datetime_operator.py for tasks to queue
[2022-08-13 21:56:37,610] {logging_mixin.py:115} INFO - [2022-08-13 21:56:37,610] {dagbag.py:508} INFO - Filling up the DagBag from /home/airflow/.local/lib/python3.7/site-packages/airflow/example_dags/example_branch_datetime_operator.py
[2022-08-13 21:56:37,625] {processor.py:651} INFO - DAG(s) dict_keys(['example_branch_datetime_operator', 'example_branch_datetime_operator_2']) retrieved from /home/airflow/.local/lib/python3.7/site-packages/airflow/example_dags/example_branch_datetime_operator.py
[2022-08-13 21:56:37,682] {logging_mixin.py:115} INFO - [2022-08-13 21:56:37,682] {dag.py:2420} INFO - Sync 2 DAGs
[2022-08-13 21:56:37,738] {logging_mixin.py:115} INFO - [2022-08-13 21:56:37,738] {dag.py:2972} INFO - Setting next_dagrun for example_branch_datetime_operator to 2022-08-12T00:00:00+00:00, run_after=2022-08-13T00:00:00+00:00
[2022-08-13 21:56:37,746] {logging_mixin.py:115} INFO - [2022-08-13 21:56:37,746] {dag.py:2972} INFO - Setting next_dagrun for example_branch_datetime_operator_2 to 2022-08-12T00:00:00+00:00, run_after=2022-08-13T00:00:00+00:00
[2022-08-13 21:56:37,773] {processor.py:161} INFO - Processing /home/airflow/.local/lib/python3.7/site-packages/airflow/example_dags/example_branch_datetime_operator.py took 0.168 seconds
[2022-08-13 21:57:07,891] {processor.py:153} INFO - Started process (PID=10727) to work on /home/airflow/.local/lib/python3.7/site-packages/airflow/example_dags/example_branch_datetime_operator.py
[2022-08-13 21:57:07,892] {processor.py:641} INFO - Processing file /home/airflow/.local/lib/python3.7/site-packages/airflow/example_dags/example_branch_datetime_operator.py for tasks to queue
[2022-08-13 21:57:07,894] {logging_mixin.py:115} INFO - [2022-08-13 21:57:07,894] {dagbag.py:508} INFO - Filling up the DagBag from /home/airflow/.local/lib/python3.7/site-packages/airflow/example_dags/example_branch_datetime_operator.py
[2022-08-13 21:57:07,918] {processor.py:651} INFO - DAG(s) dict_keys(['example_branch_datetime_operator', 'example_branch_datetime_operator_2']) retrieved from /home/airflow/.local/lib/python3.7/site-packages/airflow/example_dags/example_branch_datetime_operator.py
[2022-08-13 21:57:07,970] {logging_mixin.py:115} INFO - [2022-08-13 21:57:07,970] {dag.py:2420} INFO - Sync 2 DAGs
[2022-08-13 21:57:08,018] {logging_mixin.py:115} INFO - [2022-08-13 21:57:08,018] {dag.py:2972} INFO - Setting next_dagrun for example_branch_datetime_operator to 2022-08-12T00:00:00+00:00, run_after=2022-08-13T00:00:00+00:00
[2022-08-13 21:57:08,023] {logging_mixin.py:115} INFO - [2022-08-13 21:57:08,023] {dag.py:2972} INFO - Setting next_dagrun for example_branch_datetime_operator_2 to 2022-08-12T00:00:00+00:00, run_after=2022-08-13T00:00:00+00:00
[2022-08-13 21:57:08,051] {processor.py:161} INFO - Processing /home/airflow/.local/lib/python3.7/site-packages/airflow/example_dags/example_branch_datetime_operator.py took 0.165 seconds
[2022-08-13 21:57:38,343] {processor.py:153} INFO - Started process (PID=10924) to work on /home/airflow/.local/lib/python3.7/site-packages/airflow/example_dags/example_branch_datetime_operator.py
[2022-08-13 21:57:38,344] {processor.py:641} INFO - Processing file /home/airflow/.local/lib/python3.7/site-packages/airflow/example_dags/example_branch_datetime_operator.py for tasks to queue
[2022-08-13 21:57:38,345] {logging_mixin.py:115} INFO - [2022-08-13 21:57:38,345] {dagbag.py:508} INFO - Filling up the DagBag from /home/airflow/.local/lib/python3.7/site-packages/airflow/example_dags/example_branch_datetime_operator.py
[2022-08-13 21:57:38,359] {processor.py:651} INFO - DAG(s) dict_keys(['example_branch_datetime_operator', 'example_branch_datetime_operator_2']) retrieved from /home/airflow/.local/lib/python3.7/site-packages/airflow/example_dags/example_branch_datetime_operator.py
[2022-08-13 21:57:38,396] {logging_mixin.py:115} INFO - [2022-08-13 21:57:38,396] {dag.py:2420} INFO - Sync 2 DAGs
[2022-08-13 21:57:38,423] {logging_mixin.py:115} INFO - [2022-08-13 21:57:38,423] {dag.py:2972} INFO - Setting next_dagrun for example_branch_datetime_operator to 2022-08-12T00:00:00+00:00, run_after=2022-08-13T00:00:00+00:00
[2022-08-13 21:57:38,426] {logging_mixin.py:115} INFO - [2022-08-13 21:57:38,426] {dag.py:2972} INFO - Setting next_dagrun for example_branch_datetime_operator_2 to 2022-08-12T00:00:00+00:00, run_after=2022-08-13T00:00:00+00:00
[2022-08-13 21:57:38,448] {processor.py:161} INFO - Processing /home/airflow/.local/lib/python3.7/site-packages/airflow/example_dags/example_branch_datetime_operator.py took 0.110 seconds
[2022-08-13 21:58:08,837] {processor.py:153} INFO - Started process (PID=11118) to work on /home/airflow/.local/lib/python3.7/site-packages/airflow/example_dags/example_branch_datetime_operator.py
[2022-08-13 21:58:08,838] {processor.py:641} INFO - Processing file /home/airflow/.local/lib/python3.7/site-packages/airflow/example_dags/example_branch_datetime_operator.py for tasks to queue
[2022-08-13 21:58:08,839] {logging_mixin.py:115} INFO - [2022-08-13 21:58:08,839] {dagbag.py:508} INFO - Filling up the DagBag from /home/airflow/.local/lib/python3.7/site-packages/airflow/example_dags/example_branch_datetime_operator.py
[2022-08-13 21:58:08,852] {processor.py:651} INFO - DAG(s) dict_keys(['example_branch_datetime_operator', 'example_branch_datetime_operator_2']) retrieved from /home/airflow/.local/lib/python3.7/site-packages/airflow/example_dags/example_branch_datetime_operator.py
[2022-08-13 21:58:08,900] {logging_mixin.py:115} INFO - [2022-08-13 21:58:08,900] {dag.py:2420} INFO - Sync 2 DAGs
[2022-08-13 21:58:08,946] {logging_mixin.py:115} INFO - [2022-08-13 21:58:08,946] {dag.py:2972} INFO - Setting next_dagrun for example_branch_datetime_operator to 2022-08-12T00:00:00+00:00, run_after=2022-08-13T00:00:00+00:00
[2022-08-13 21:58:08,950] {logging_mixin.py:115} INFO - [2022-08-13 21:58:08,950] {dag.py:2972} INFO - Setting next_dagrun for example_branch_datetime_operator_2 to 2022-08-12T00:00:00+00:00, run_after=2022-08-13T00:00:00+00:00
[2022-08-13 21:58:08,973] {processor.py:161} INFO - Processing /home/airflow/.local/lib/python3.7/site-packages/airflow/example_dags/example_branch_datetime_operator.py took 0.138 seconds
[2022-08-13 21:58:39,103] {processor.py:153} INFO - Started process (PID=11321) to work on /home/airflow/.local/lib/python3.7/site-packages/airflow/example_dags/example_branch_datetime_operator.py
[2022-08-13 21:58:39,104] {processor.py:641} INFO - Processing file /home/airflow/.local/lib/python3.7/site-packages/airflow/example_dags/example_branch_datetime_operator.py for tasks to queue
[2022-08-13 21:58:39,105] {logging_mixin.py:115} INFO - [2022-08-13 21:58:39,105] {dagbag.py:508} INFO - Filling up the DagBag from /home/airflow/.local/lib/python3.7/site-packages/airflow/example_dags/example_branch_datetime_operator.py
[2022-08-13 21:58:39,117] {processor.py:651} INFO - DAG(s) dict_keys(['example_branch_datetime_operator', 'example_branch_datetime_operator_2']) retrieved from /home/airflow/.local/lib/python3.7/site-packages/airflow/example_dags/example_branch_datetime_operator.py
[2022-08-13 21:58:39,148] {logging_mixin.py:115} INFO - [2022-08-13 21:58:39,148] {dag.py:2420} INFO - Sync 2 DAGs
[2022-08-13 21:58:39,180] {logging_mixin.py:115} INFO - [2022-08-13 21:58:39,180] {dag.py:2972} INFO - Setting next_dagrun for example_branch_datetime_operator to 2022-08-12T00:00:00+00:00, run_after=2022-08-13T00:00:00+00:00
[2022-08-13 21:58:39,183] {logging_mixin.py:115} INFO - [2022-08-13 21:58:39,183] {dag.py:2972} INFO - Setting next_dagrun for example_branch_datetime_operator_2 to 2022-08-12T00:00:00+00:00, run_after=2022-08-13T00:00:00+00:00
[2022-08-13 21:58:39,203] {processor.py:161} INFO - Processing /home/airflow/.local/lib/python3.7/site-packages/airflow/example_dags/example_branch_datetime_operator.py took 0.103 seconds
[2022-08-13 21:59:09,347] {processor.py:153} INFO - Started process (PID=11515) to work on /home/airflow/.local/lib/python3.7/site-packages/airflow/example_dags/example_branch_datetime_operator.py
[2022-08-13 21:59:09,348] {processor.py:641} INFO - Processing file /home/airflow/.local/lib/python3.7/site-packages/airflow/example_dags/example_branch_datetime_operator.py for tasks to queue
[2022-08-13 21:59:09,349] {logging_mixin.py:115} INFO - [2022-08-13 21:59:09,349] {dagbag.py:508} INFO - Filling up the DagBag from /home/airflow/.local/lib/python3.7/site-packages/airflow/example_dags/example_branch_datetime_operator.py
[2022-08-13 21:59:09,360] {processor.py:651} INFO - DAG(s) dict_keys(['example_branch_datetime_operator', 'example_branch_datetime_operator_2']) retrieved from /home/airflow/.local/lib/python3.7/site-packages/airflow/example_dags/example_branch_datetime_operator.py
[2022-08-13 21:59:09,397] {logging_mixin.py:115} INFO - [2022-08-13 21:59:09,397] {dag.py:2420} INFO - Sync 2 DAGs
[2022-08-13 21:59:09,429] {logging_mixin.py:115} INFO - [2022-08-13 21:59:09,429] {dag.py:2972} INFO - Setting next_dagrun for example_branch_datetime_operator to 2022-08-12T00:00:00+00:00, run_after=2022-08-13T00:00:00+00:00
[2022-08-13 21:59:09,432] {logging_mixin.py:115} INFO - [2022-08-13 21:59:09,432] {dag.py:2972} INFO - Setting next_dagrun for example_branch_datetime_operator_2 to 2022-08-12T00:00:00+00:00, run_after=2022-08-13T00:00:00+00:00
[2022-08-13 21:59:09,450] {processor.py:161} INFO - Processing /home/airflow/.local/lib/python3.7/site-packages/airflow/example_dags/example_branch_datetime_operator.py took 0.106 seconds
[2022-08-13 21:59:39,954] {processor.py:153} INFO - Started process (PID=11719) to work on /home/airflow/.local/lib/python3.7/site-packages/airflow/example_dags/example_branch_datetime_operator.py
[2022-08-13 21:59:39,955] {processor.py:641} INFO - Processing file /home/airflow/.local/lib/python3.7/site-packages/airflow/example_dags/example_branch_datetime_operator.py for tasks to queue
[2022-08-13 21:59:39,956] {logging_mixin.py:115} INFO - [2022-08-13 21:59:39,956] {dagbag.py:508} INFO - Filling up the DagBag from /home/airflow/.local/lib/python3.7/site-packages/airflow/example_dags/example_branch_datetime_operator.py
[2022-08-13 21:59:39,968] {processor.py:651} INFO - DAG(s) dict_keys(['example_branch_datetime_operator', 'example_branch_datetime_operator_2']) retrieved from /home/airflow/.local/lib/python3.7/site-packages/airflow/example_dags/example_branch_datetime_operator.py
[2022-08-13 21:59:40,008] {logging_mixin.py:115} INFO - [2022-08-13 21:59:40,008] {dag.py:2420} INFO - Sync 2 DAGs
[2022-08-13 21:59:40,044] {logging_mixin.py:115} INFO - [2022-08-13 21:59:40,044] {dag.py:2972} INFO - Setting next_dagrun for example_branch_datetime_operator to 2022-08-12T00:00:00+00:00, run_after=2022-08-13T00:00:00+00:00
[2022-08-13 21:59:40,047] {logging_mixin.py:115} INFO - [2022-08-13 21:59:40,047] {dag.py:2972} INFO - Setting next_dagrun for example_branch_datetime_operator_2 to 2022-08-12T00:00:00+00:00, run_after=2022-08-13T00:00:00+00:00
[2022-08-13 21:59:40,068] {processor.py:161} INFO - Processing /home/airflow/.local/lib/python3.7/site-packages/airflow/example_dags/example_branch_datetime_operator.py took 0.118 seconds
[2022-08-13 22:00:10,377] {processor.py:153} INFO - Started process (PID=11913) to work on /home/airflow/.local/lib/python3.7/site-packages/airflow/example_dags/example_branch_datetime_operator.py
[2022-08-13 22:00:10,378] {processor.py:641} INFO - Processing file /home/airflow/.local/lib/python3.7/site-packages/airflow/example_dags/example_branch_datetime_operator.py for tasks to queue
[2022-08-13 22:00:10,379] {logging_mixin.py:115} INFO - [2022-08-13 22:00:10,379] {dagbag.py:508} INFO - Filling up the DagBag from /home/airflow/.local/lib/python3.7/site-packages/airflow/example_dags/example_branch_datetime_operator.py
[2022-08-13 22:00:10,396] {processor.py:651} INFO - DAG(s) dict_keys(['example_branch_datetime_operator', 'example_branch_datetime_operator_2']) retrieved from /home/airflow/.local/lib/python3.7/site-packages/airflow/example_dags/example_branch_datetime_operator.py
[2022-08-13 22:00:10,443] {logging_mixin.py:115} INFO - [2022-08-13 22:00:10,443] {dag.py:2420} INFO - Sync 2 DAGs
[2022-08-13 22:00:10,488] {logging_mixin.py:115} INFO - [2022-08-13 22:00:10,488] {dag.py:2972} INFO - Setting next_dagrun for example_branch_datetime_operator to 2022-08-12T00:00:00+00:00, run_after=2022-08-13T00:00:00+00:00
[2022-08-13 22:00:10,492] {logging_mixin.py:115} INFO - [2022-08-13 22:00:10,492] {dag.py:2972} INFO - Setting next_dagrun for example_branch_datetime_operator_2 to 2022-08-12T00:00:00+00:00, run_after=2022-08-13T00:00:00+00:00
[2022-08-13 22:00:10,525] {processor.py:161} INFO - Processing /home/airflow/.local/lib/python3.7/site-packages/airflow/example_dags/example_branch_datetime_operator.py took 0.153 seconds
