[2022-08-13 02:17:36,747] {processor.py:153} INFO - Started process (PID=2877) to work on /home/airflow/.local/lib/python3.7/site-packages/airflow/example_dags/example_complex.py
[2022-08-13 02:17:36,750] {processor.py:641} INFO - Processing file /home/airflow/.local/lib/python3.7/site-packages/airflow/example_dags/example_complex.py for tasks to queue
[2022-08-13 02:17:36,754] {logging_mixin.py:115} INFO - [2022-08-13 02:17:36,753] {dagbag.py:508} INFO - Filling up the DagBag from /home/airflow/.local/lib/python3.7/site-packages/airflow/example_dags/example_complex.py
[2022-08-13 02:17:36,801] {processor.py:651} INFO - DAG(s) dict_keys(['example_complex']) retrieved from /home/airflow/.local/lib/python3.7/site-packages/airflow/example_dags/example_complex.py
[2022-08-13 02:17:36,872] {logging_mixin.py:115} INFO - [2022-08-13 02:17:36,872] {dag.py:2420} INFO - Sync 1 DAGs
[2022-08-13 02:17:36,924] {logging_mixin.py:115} INFO - [2022-08-13 02:17:36,924] {dag.py:2972} INFO - Setting next_dagrun for example_complex to None, run_after=None
[2022-08-13 02:17:36,955] {processor.py:161} INFO - Processing /home/airflow/.local/lib/python3.7/site-packages/airflow/example_dags/example_complex.py took 0.218 seconds
[2022-08-13 02:18:07,471] {processor.py:153} INFO - Started process (PID=3085) to work on /home/airflow/.local/lib/python3.7/site-packages/airflow/example_dags/example_complex.py
[2022-08-13 02:18:07,472] {processor.py:641} INFO - Processing file /home/airflow/.local/lib/python3.7/site-packages/airflow/example_dags/example_complex.py for tasks to queue
[2022-08-13 02:18:07,472] {logging_mixin.py:115} INFO - [2022-08-13 02:18:07,472] {dagbag.py:508} INFO - Filling up the DagBag from /home/airflow/.local/lib/python3.7/site-packages/airflow/example_dags/example_complex.py
[2022-08-13 02:18:07,486] {processor.py:651} INFO - DAG(s) dict_keys(['example_complex']) retrieved from /home/airflow/.local/lib/python3.7/site-packages/airflow/example_dags/example_complex.py
[2022-08-13 02:18:07,516] {logging_mixin.py:115} INFO - [2022-08-13 02:18:07,516] {dag.py:2420} INFO - Sync 1 DAGs
[2022-08-13 02:18:07,540] {logging_mixin.py:115} INFO - [2022-08-13 02:18:07,540] {dag.py:2972} INFO - Setting next_dagrun for example_complex to None, run_after=None
[2022-08-13 02:18:07,557] {processor.py:161} INFO - Processing /home/airflow/.local/lib/python3.7/site-packages/airflow/example_dags/example_complex.py took 0.088 seconds
[2022-08-13 02:18:38,035] {processor.py:153} INFO - Started process (PID=3291) to work on /home/airflow/.local/lib/python3.7/site-packages/airflow/example_dags/example_complex.py
[2022-08-13 02:18:38,036] {processor.py:641} INFO - Processing file /home/airflow/.local/lib/python3.7/site-packages/airflow/example_dags/example_complex.py for tasks to queue
[2022-08-13 02:18:38,037] {logging_mixin.py:115} INFO - [2022-08-13 02:18:38,037] {dagbag.py:508} INFO - Filling up the DagBag from /home/airflow/.local/lib/python3.7/site-packages/airflow/example_dags/example_complex.py
[2022-08-13 02:18:38,050] {processor.py:651} INFO - DAG(s) dict_keys(['example_complex']) retrieved from /home/airflow/.local/lib/python3.7/site-packages/airflow/example_dags/example_complex.py
[2022-08-13 02:18:38,083] {logging_mixin.py:115} INFO - [2022-08-13 02:18:38,083] {dag.py:2420} INFO - Sync 1 DAGs
[2022-08-13 02:18:38,111] {logging_mixin.py:115} INFO - [2022-08-13 02:18:38,110] {dag.py:2972} INFO - Setting next_dagrun for example_complex to None, run_after=None
[2022-08-13 02:18:38,126] {processor.py:161} INFO - Processing /home/airflow/.local/lib/python3.7/site-packages/airflow/example_dags/example_complex.py took 0.094 seconds
[2022-08-13 02:19:08,778] {processor.py:153} INFO - Started process (PID=3495) to work on /home/airflow/.local/lib/python3.7/site-packages/airflow/example_dags/example_complex.py
[2022-08-13 02:19:08,779] {processor.py:641} INFO - Processing file /home/airflow/.local/lib/python3.7/site-packages/airflow/example_dags/example_complex.py for tasks to queue
[2022-08-13 02:19:08,780] {logging_mixin.py:115} INFO - [2022-08-13 02:19:08,779] {dagbag.py:508} INFO - Filling up the DagBag from /home/airflow/.local/lib/python3.7/site-packages/airflow/example_dags/example_complex.py
[2022-08-13 02:19:08,795] {processor.py:651} INFO - DAG(s) dict_keys(['example_complex']) retrieved from /home/airflow/.local/lib/python3.7/site-packages/airflow/example_dags/example_complex.py
[2022-08-13 02:19:08,831] {logging_mixin.py:115} INFO - [2022-08-13 02:19:08,831] {dag.py:2420} INFO - Sync 1 DAGs
[2022-08-13 02:19:08,858] {logging_mixin.py:115} INFO - [2022-08-13 02:19:08,858] {dag.py:2972} INFO - Setting next_dagrun for example_complex to None, run_after=None
[2022-08-13 02:19:08,873] {processor.py:161} INFO - Processing /home/airflow/.local/lib/python3.7/site-packages/airflow/example_dags/example_complex.py took 0.098 seconds
[2022-08-13 02:19:39,541] {processor.py:153} INFO - Started process (PID=3690) to work on /home/airflow/.local/lib/python3.7/site-packages/airflow/example_dags/example_complex.py
[2022-08-13 02:19:39,542] {processor.py:641} INFO - Processing file /home/airflow/.local/lib/python3.7/site-packages/airflow/example_dags/example_complex.py for tasks to queue
[2022-08-13 02:19:39,543] {logging_mixin.py:115} INFO - [2022-08-13 02:19:39,543] {dagbag.py:508} INFO - Filling up the DagBag from /home/airflow/.local/lib/python3.7/site-packages/airflow/example_dags/example_complex.py
[2022-08-13 02:19:39,558] {processor.py:651} INFO - DAG(s) dict_keys(['example_complex']) retrieved from /home/airflow/.local/lib/python3.7/site-packages/airflow/example_dags/example_complex.py
[2022-08-13 02:19:39,597] {logging_mixin.py:115} INFO - [2022-08-13 02:19:39,597] {dag.py:2420} INFO - Sync 1 DAGs
[2022-08-13 02:19:39,624] {logging_mixin.py:115} INFO - [2022-08-13 02:19:39,623] {dag.py:2972} INFO - Setting next_dagrun for example_complex to None, run_after=None
[2022-08-13 02:19:39,639] {processor.py:161} INFO - Processing /home/airflow/.local/lib/python3.7/site-packages/airflow/example_dags/example_complex.py took 0.101 seconds
[2022-08-13 21:33:42,211] {processor.py:153} INFO - Started process (PID=3895) to work on /home/airflow/.local/lib/python3.7/site-packages/airflow/example_dags/example_complex.py
[2022-08-13 21:33:42,215] {processor.py:641} INFO - Processing file /home/airflow/.local/lib/python3.7/site-packages/airflow/example_dags/example_complex.py for tasks to queue
[2022-08-13 21:33:42,217] {logging_mixin.py:115} INFO - [2022-08-13 21:33:42,216] {dagbag.py:508} INFO - Filling up the DagBag from /home/airflow/.local/lib/python3.7/site-packages/airflow/example_dags/example_complex.py
[2022-08-13 21:33:42,267] {processor.py:651} INFO - DAG(s) dict_keys(['example_complex']) retrieved from /home/airflow/.local/lib/python3.7/site-packages/airflow/example_dags/example_complex.py
[2022-08-13 21:33:42,374] {logging_mixin.py:115} INFO - [2022-08-13 21:33:42,373] {dag.py:2420} INFO - Sync 1 DAGs
[2022-08-13 21:33:42,451] {logging_mixin.py:115} INFO - [2022-08-13 21:33:42,450] {dag.py:2972} INFO - Setting next_dagrun for example_complex to None, run_after=None
[2022-08-13 21:33:42,494] {processor.py:161} INFO - Processing /home/airflow/.local/lib/python3.7/site-packages/airflow/example_dags/example_complex.py took 0.288 seconds
[2022-08-13 21:34:13,137] {processor.py:153} INFO - Started process (PID=4087) to work on /home/airflow/.local/lib/python3.7/site-packages/airflow/example_dags/example_complex.py
[2022-08-13 21:34:13,137] {processor.py:641} INFO - Processing file /home/airflow/.local/lib/python3.7/site-packages/airflow/example_dags/example_complex.py for tasks to queue
[2022-08-13 21:34:13,138] {logging_mixin.py:115} INFO - [2022-08-13 21:34:13,138] {dagbag.py:508} INFO - Filling up the DagBag from /home/airflow/.local/lib/python3.7/site-packages/airflow/example_dags/example_complex.py
[2022-08-13 21:34:13,151] {processor.py:651} INFO - DAG(s) dict_keys(['example_complex']) retrieved from /home/airflow/.local/lib/python3.7/site-packages/airflow/example_dags/example_complex.py
[2022-08-13 21:34:13,183] {logging_mixin.py:115} INFO - [2022-08-13 21:34:13,182] {dag.py:2420} INFO - Sync 1 DAGs
[2022-08-13 21:34:13,207] {logging_mixin.py:115} INFO - [2022-08-13 21:34:13,207] {dag.py:2972} INFO - Setting next_dagrun for example_complex to None, run_after=None
[2022-08-13 21:34:13,222] {processor.py:161} INFO - Processing /home/airflow/.local/lib/python3.7/site-packages/airflow/example_dags/example_complex.py took 0.088 seconds
[2022-08-13 21:34:43,756] {processor.py:153} INFO - Started process (PID=4292) to work on /home/airflow/.local/lib/python3.7/site-packages/airflow/example_dags/example_complex.py
[2022-08-13 21:34:43,757] {processor.py:641} INFO - Processing file /home/airflow/.local/lib/python3.7/site-packages/airflow/example_dags/example_complex.py for tasks to queue
[2022-08-13 21:34:43,758] {logging_mixin.py:115} INFO - [2022-08-13 21:34:43,758] {dagbag.py:508} INFO - Filling up the DagBag from /home/airflow/.local/lib/python3.7/site-packages/airflow/example_dags/example_complex.py
[2022-08-13 21:34:43,773] {processor.py:651} INFO - DAG(s) dict_keys(['example_complex']) retrieved from /home/airflow/.local/lib/python3.7/site-packages/airflow/example_dags/example_complex.py
[2022-08-13 21:34:43,825] {logging_mixin.py:115} INFO - [2022-08-13 21:34:43,825] {dag.py:2420} INFO - Sync 1 DAGs
[2022-08-13 21:34:43,852] {logging_mixin.py:115} INFO - [2022-08-13 21:34:43,852] {dag.py:2972} INFO - Setting next_dagrun for example_complex to None, run_after=None
[2022-08-13 21:34:43,872] {processor.py:161} INFO - Processing /home/airflow/.local/lib/python3.7/site-packages/airflow/example_dags/example_complex.py took 0.119 seconds
[2022-08-13 21:35:14,156] {processor.py:153} INFO - Started process (PID=4485) to work on /home/airflow/.local/lib/python3.7/site-packages/airflow/example_dags/example_complex.py
[2022-08-13 21:35:14,157] {processor.py:641} INFO - Processing file /home/airflow/.local/lib/python3.7/site-packages/airflow/example_dags/example_complex.py for tasks to queue
[2022-08-13 21:35:14,158] {logging_mixin.py:115} INFO - [2022-08-13 21:35:14,158] {dagbag.py:508} INFO - Filling up the DagBag from /home/airflow/.local/lib/python3.7/site-packages/airflow/example_dags/example_complex.py
[2022-08-13 21:35:14,178] {processor.py:651} INFO - DAG(s) dict_keys(['example_complex']) retrieved from /home/airflow/.local/lib/python3.7/site-packages/airflow/example_dags/example_complex.py
[2022-08-13 21:35:14,223] {logging_mixin.py:115} INFO - [2022-08-13 21:35:14,223] {dag.py:2420} INFO - Sync 1 DAGs
[2022-08-13 21:35:14,253] {logging_mixin.py:115} INFO - [2022-08-13 21:35:14,253] {dag.py:2972} INFO - Setting next_dagrun for example_complex to None, run_after=None
[2022-08-13 21:35:14,273] {processor.py:161} INFO - Processing /home/airflow/.local/lib/python3.7/site-packages/airflow/example_dags/example_complex.py took 0.120 seconds
[2022-08-13 21:35:45,077] {processor.py:153} INFO - Started process (PID=4687) to work on /home/airflow/.local/lib/python3.7/site-packages/airflow/example_dags/example_complex.py
[2022-08-13 21:35:45,078] {processor.py:641} INFO - Processing file /home/airflow/.local/lib/python3.7/site-packages/airflow/example_dags/example_complex.py for tasks to queue
[2022-08-13 21:35:45,079] {logging_mixin.py:115} INFO - [2022-08-13 21:35:45,079] {dagbag.py:508} INFO - Filling up the DagBag from /home/airflow/.local/lib/python3.7/site-packages/airflow/example_dags/example_complex.py
[2022-08-13 21:35:45,098] {processor.py:651} INFO - DAG(s) dict_keys(['example_complex']) retrieved from /home/airflow/.local/lib/python3.7/site-packages/airflow/example_dags/example_complex.py
[2022-08-13 21:35:45,143] {logging_mixin.py:115} INFO - [2022-08-13 21:35:45,143] {dag.py:2420} INFO - Sync 1 DAGs
[2022-08-13 21:35:45,178] {logging_mixin.py:115} INFO - [2022-08-13 21:35:45,178] {dag.py:2972} INFO - Setting next_dagrun for example_complex to None, run_after=None
[2022-08-13 21:35:45,197] {processor.py:161} INFO - Processing /home/airflow/.local/lib/python3.7/site-packages/airflow/example_dags/example_complex.py took 0.122 seconds
[2022-08-13 21:36:16,038] {processor.py:153} INFO - Started process (PID=4881) to work on /home/airflow/.local/lib/python3.7/site-packages/airflow/example_dags/example_complex.py
[2022-08-13 21:36:16,039] {processor.py:641} INFO - Processing file /home/airflow/.local/lib/python3.7/site-packages/airflow/example_dags/example_complex.py for tasks to queue
[2022-08-13 21:36:16,040] {logging_mixin.py:115} INFO - [2022-08-13 21:36:16,040] {dagbag.py:508} INFO - Filling up the DagBag from /home/airflow/.local/lib/python3.7/site-packages/airflow/example_dags/example_complex.py
[2022-08-13 21:36:16,059] {processor.py:651} INFO - DAG(s) dict_keys(['example_complex']) retrieved from /home/airflow/.local/lib/python3.7/site-packages/airflow/example_dags/example_complex.py
[2022-08-13 21:36:16,110] {logging_mixin.py:115} INFO - [2022-08-13 21:36:16,110] {dag.py:2420} INFO - Sync 1 DAGs
[2022-08-13 21:36:16,147] {logging_mixin.py:115} INFO - [2022-08-13 21:36:16,146] {dag.py:2972} INFO - Setting next_dagrun for example_complex to None, run_after=None
[2022-08-13 21:36:16,167] {processor.py:161} INFO - Processing /home/airflow/.local/lib/python3.7/site-packages/airflow/example_dags/example_complex.py took 0.134 seconds
[2022-08-13 21:36:46,363] {processor.py:153} INFO - Started process (PID=5086) to work on /home/airflow/.local/lib/python3.7/site-packages/airflow/example_dags/example_complex.py
[2022-08-13 21:36:46,364] {processor.py:641} INFO - Processing file /home/airflow/.local/lib/python3.7/site-packages/airflow/example_dags/example_complex.py for tasks to queue
[2022-08-13 21:36:46,365] {logging_mixin.py:115} INFO - [2022-08-13 21:36:46,365] {dagbag.py:508} INFO - Filling up the DagBag from /home/airflow/.local/lib/python3.7/site-packages/airflow/example_dags/example_complex.py
[2022-08-13 21:36:46,383] {processor.py:651} INFO - DAG(s) dict_keys(['example_complex']) retrieved from /home/airflow/.local/lib/python3.7/site-packages/airflow/example_dags/example_complex.py
[2022-08-13 21:36:46,420] {logging_mixin.py:115} INFO - [2022-08-13 21:36:46,420] {dag.py:2420} INFO - Sync 1 DAGs
[2022-08-13 21:36:46,446] {logging_mixin.py:115} INFO - [2022-08-13 21:36:46,446] {dag.py:2972} INFO - Setting next_dagrun for example_complex to None, run_after=None
[2022-08-13 21:36:46,468] {processor.py:161} INFO - Processing /home/airflow/.local/lib/python3.7/site-packages/airflow/example_dags/example_complex.py took 0.109 seconds
[2022-08-13 21:37:16,667] {processor.py:153} INFO - Started process (PID=5278) to work on /home/airflow/.local/lib/python3.7/site-packages/airflow/example_dags/example_complex.py
[2022-08-13 21:37:16,668] {processor.py:641} INFO - Processing file /home/airflow/.local/lib/python3.7/site-packages/airflow/example_dags/example_complex.py for tasks to queue
[2022-08-13 21:37:16,669] {logging_mixin.py:115} INFO - [2022-08-13 21:37:16,669] {dagbag.py:508} INFO - Filling up the DagBag from /home/airflow/.local/lib/python3.7/site-packages/airflow/example_dags/example_complex.py
[2022-08-13 21:37:16,687] {processor.py:651} INFO - DAG(s) dict_keys(['example_complex']) retrieved from /home/airflow/.local/lib/python3.7/site-packages/airflow/example_dags/example_complex.py
[2022-08-13 21:37:16,726] {logging_mixin.py:115} INFO - [2022-08-13 21:37:16,726] {dag.py:2420} INFO - Sync 1 DAGs
[2022-08-13 21:37:16,752] {logging_mixin.py:115} INFO - [2022-08-13 21:37:16,752] {dag.py:2972} INFO - Setting next_dagrun for example_complex to None, run_after=None
[2022-08-13 21:37:16,772] {processor.py:161} INFO - Processing /home/airflow/.local/lib/python3.7/site-packages/airflow/example_dags/example_complex.py took 0.109 seconds
[2022-08-13 21:37:46,963] {processor.py:153} INFO - Started process (PID=5483) to work on /home/airflow/.local/lib/python3.7/site-packages/airflow/example_dags/example_complex.py
[2022-08-13 21:37:46,964] {processor.py:641} INFO - Processing file /home/airflow/.local/lib/python3.7/site-packages/airflow/example_dags/example_complex.py for tasks to queue
[2022-08-13 21:37:46,965] {logging_mixin.py:115} INFO - [2022-08-13 21:37:46,965] {dagbag.py:508} INFO - Filling up the DagBag from /home/airflow/.local/lib/python3.7/site-packages/airflow/example_dags/example_complex.py
[2022-08-13 21:37:46,980] {processor.py:651} INFO - DAG(s) dict_keys(['example_complex']) retrieved from /home/airflow/.local/lib/python3.7/site-packages/airflow/example_dags/example_complex.py
[2022-08-13 21:37:47,017] {logging_mixin.py:115} INFO - [2022-08-13 21:37:47,017] {dag.py:2420} INFO - Sync 1 DAGs
[2022-08-13 21:37:47,043] {logging_mixin.py:115} INFO - [2022-08-13 21:37:47,043] {dag.py:2972} INFO - Setting next_dagrun for example_complex to None, run_after=None
[2022-08-13 21:37:47,070] {processor.py:161} INFO - Processing /home/airflow/.local/lib/python3.7/site-packages/airflow/example_dags/example_complex.py took 0.110 seconds
[2022-08-13 21:38:17,249] {processor.py:153} INFO - Started process (PID=5676) to work on /home/airflow/.local/lib/python3.7/site-packages/airflow/example_dags/example_complex.py
[2022-08-13 21:38:17,250] {processor.py:641} INFO - Processing file /home/airflow/.local/lib/python3.7/site-packages/airflow/example_dags/example_complex.py for tasks to queue
[2022-08-13 21:38:17,251] {logging_mixin.py:115} INFO - [2022-08-13 21:38:17,251] {dagbag.py:508} INFO - Filling up the DagBag from /home/airflow/.local/lib/python3.7/site-packages/airflow/example_dags/example_complex.py
[2022-08-13 21:38:17,285] {processor.py:651} INFO - DAG(s) dict_keys(['example_complex']) retrieved from /home/airflow/.local/lib/python3.7/site-packages/airflow/example_dags/example_complex.py
[2022-08-13 21:38:17,331] {logging_mixin.py:115} INFO - [2022-08-13 21:38:17,331] {dag.py:2420} INFO - Sync 1 DAGs
[2022-08-13 21:38:17,358] {logging_mixin.py:115} INFO - [2022-08-13 21:38:17,358] {dag.py:2972} INFO - Setting next_dagrun for example_complex to None, run_after=None
[2022-08-13 21:38:17,374] {processor.py:161} INFO - Processing /home/airflow/.local/lib/python3.7/site-packages/airflow/example_dags/example_complex.py took 0.128 seconds
[2022-08-13 21:38:47,656] {processor.py:153} INFO - Started process (PID=5881) to work on /home/airflow/.local/lib/python3.7/site-packages/airflow/example_dags/example_complex.py
[2022-08-13 21:38:47,657] {processor.py:641} INFO - Processing file /home/airflow/.local/lib/python3.7/site-packages/airflow/example_dags/example_complex.py for tasks to queue
[2022-08-13 21:38:47,658] {logging_mixin.py:115} INFO - [2022-08-13 21:38:47,658] {dagbag.py:508} INFO - Filling up the DagBag from /home/airflow/.local/lib/python3.7/site-packages/airflow/example_dags/example_complex.py
[2022-08-13 21:38:47,687] {processor.py:651} INFO - DAG(s) dict_keys(['example_complex']) retrieved from /home/airflow/.local/lib/python3.7/site-packages/airflow/example_dags/example_complex.py
[2022-08-13 21:38:47,746] {logging_mixin.py:115} INFO - [2022-08-13 21:38:47,746] {dag.py:2420} INFO - Sync 1 DAGs
[2022-08-13 21:38:47,782] {logging_mixin.py:115} INFO - [2022-08-13 21:38:47,782] {dag.py:2972} INFO - Setting next_dagrun for example_complex to None, run_after=None
[2022-08-13 21:38:47,805] {processor.py:161} INFO - Processing /home/airflow/.local/lib/python3.7/site-packages/airflow/example_dags/example_complex.py took 0.155 seconds
[2022-08-13 21:39:18,245] {processor.py:153} INFO - Started process (PID=6077) to work on /home/airflow/.local/lib/python3.7/site-packages/airflow/example_dags/example_complex.py
[2022-08-13 21:39:18,246] {processor.py:641} INFO - Processing file /home/airflow/.local/lib/python3.7/site-packages/airflow/example_dags/example_complex.py for tasks to queue
[2022-08-13 21:39:18,247] {logging_mixin.py:115} INFO - [2022-08-13 21:39:18,247] {dagbag.py:508} INFO - Filling up the DagBag from /home/airflow/.local/lib/python3.7/site-packages/airflow/example_dags/example_complex.py
[2022-08-13 21:39:18,267] {processor.py:651} INFO - DAG(s) dict_keys(['example_complex']) retrieved from /home/airflow/.local/lib/python3.7/site-packages/airflow/example_dags/example_complex.py
[2022-08-13 21:39:18,310] {logging_mixin.py:115} INFO - [2022-08-13 21:39:18,310] {dag.py:2420} INFO - Sync 1 DAGs
[2022-08-13 21:39:18,342] {logging_mixin.py:115} INFO - [2022-08-13 21:39:18,342] {dag.py:2972} INFO - Setting next_dagrun for example_complex to None, run_after=None
[2022-08-13 21:39:18,361] {processor.py:161} INFO - Processing /home/airflow/.local/lib/python3.7/site-packages/airflow/example_dags/example_complex.py took 0.120 seconds
[2022-08-13 21:39:48,560] {processor.py:153} INFO - Started process (PID=6278) to work on /home/airflow/.local/lib/python3.7/site-packages/airflow/example_dags/example_complex.py
[2022-08-13 21:39:48,561] {processor.py:641} INFO - Processing file /home/airflow/.local/lib/python3.7/site-packages/airflow/example_dags/example_complex.py for tasks to queue
[2022-08-13 21:39:48,562] {logging_mixin.py:115} INFO - [2022-08-13 21:39:48,562] {dagbag.py:508} INFO - Filling up the DagBag from /home/airflow/.local/lib/python3.7/site-packages/airflow/example_dags/example_complex.py
[2022-08-13 21:39:48,574] {processor.py:651} INFO - DAG(s) dict_keys(['example_complex']) retrieved from /home/airflow/.local/lib/python3.7/site-packages/airflow/example_dags/example_complex.py
[2022-08-13 21:39:48,605] {logging_mixin.py:115} INFO - [2022-08-13 21:39:48,605] {dag.py:2420} INFO - Sync 1 DAGs
[2022-08-13 21:39:48,632] {logging_mixin.py:115} INFO - [2022-08-13 21:39:48,632] {dag.py:2972} INFO - Setting next_dagrun for example_complex to None, run_after=None
[2022-08-13 21:39:48,647] {processor.py:161} INFO - Processing /home/airflow/.local/lib/python3.7/site-packages/airflow/example_dags/example_complex.py took 0.089 seconds
[2022-08-13 21:40:19,304] {processor.py:153} INFO - Started process (PID=6474) to work on /home/airflow/.local/lib/python3.7/site-packages/airflow/example_dags/example_complex.py
[2022-08-13 21:40:19,307] {processor.py:641} INFO - Processing file /home/airflow/.local/lib/python3.7/site-packages/airflow/example_dags/example_complex.py for tasks to queue
[2022-08-13 21:40:19,309] {logging_mixin.py:115} INFO - [2022-08-13 21:40:19,309] {dagbag.py:508} INFO - Filling up the DagBag from /home/airflow/.local/lib/python3.7/site-packages/airflow/example_dags/example_complex.py
[2022-08-13 21:40:19,372] {processor.py:651} INFO - DAG(s) dict_keys(['example_complex']) retrieved from /home/airflow/.local/lib/python3.7/site-packages/airflow/example_dags/example_complex.py
[2022-08-13 21:40:19,433] {logging_mixin.py:115} INFO - [2022-08-13 21:40:19,433] {dag.py:2420} INFO - Sync 1 DAGs
[2022-08-13 21:40:19,465] {logging_mixin.py:115} INFO - [2022-08-13 21:40:19,465] {dag.py:2972} INFO - Setting next_dagrun for example_complex to None, run_after=None
[2022-08-13 21:40:19,485] {processor.py:161} INFO - Processing /home/airflow/.local/lib/python3.7/site-packages/airflow/example_dags/example_complex.py took 0.186 seconds
[2022-08-13 21:40:49,544] {processor.py:153} INFO - Started process (PID=6677) to work on /home/airflow/.local/lib/python3.7/site-packages/airflow/example_dags/example_complex.py
[2022-08-13 21:40:49,545] {processor.py:641} INFO - Processing file /home/airflow/.local/lib/python3.7/site-packages/airflow/example_dags/example_complex.py for tasks to queue
[2022-08-13 21:40:49,546] {logging_mixin.py:115} INFO - [2022-08-13 21:40:49,546] {dagbag.py:508} INFO - Filling up the DagBag from /home/airflow/.local/lib/python3.7/site-packages/airflow/example_dags/example_complex.py
[2022-08-13 21:40:49,566] {processor.py:651} INFO - DAG(s) dict_keys(['example_complex']) retrieved from /home/airflow/.local/lib/python3.7/site-packages/airflow/example_dags/example_complex.py
[2022-08-13 21:40:49,607] {logging_mixin.py:115} INFO - [2022-08-13 21:40:49,607] {dag.py:2420} INFO - Sync 1 DAGs
[2022-08-13 21:40:49,634] {logging_mixin.py:115} INFO - [2022-08-13 21:40:49,634] {dag.py:2972} INFO - Setting next_dagrun for example_complex to None, run_after=None
[2022-08-13 21:40:49,651] {processor.py:161} INFO - Processing /home/airflow/.local/lib/python3.7/site-packages/airflow/example_dags/example_complex.py took 0.111 seconds
[2022-08-13 21:41:20,162] {processor.py:153} INFO - Started process (PID=6869) to work on /home/airflow/.local/lib/python3.7/site-packages/airflow/example_dags/example_complex.py
[2022-08-13 21:41:20,163] {processor.py:641} INFO - Processing file /home/airflow/.local/lib/python3.7/site-packages/airflow/example_dags/example_complex.py for tasks to queue
[2022-08-13 21:41:20,164] {logging_mixin.py:115} INFO - [2022-08-13 21:41:20,164] {dagbag.py:508} INFO - Filling up the DagBag from /home/airflow/.local/lib/python3.7/site-packages/airflow/example_dags/example_complex.py
[2022-08-13 21:41:20,183] {processor.py:651} INFO - DAG(s) dict_keys(['example_complex']) retrieved from /home/airflow/.local/lib/python3.7/site-packages/airflow/example_dags/example_complex.py
[2022-08-13 21:41:20,226] {logging_mixin.py:115} INFO - [2022-08-13 21:41:20,226] {dag.py:2420} INFO - Sync 1 DAGs
[2022-08-13 21:41:20,252] {logging_mixin.py:115} INFO - [2022-08-13 21:41:20,252] {dag.py:2972} INFO - Setting next_dagrun for example_complex to None, run_after=None
[2022-08-13 21:41:20,267] {processor.py:161} INFO - Processing /home/airflow/.local/lib/python3.7/site-packages/airflow/example_dags/example_complex.py took 0.109 seconds
[2022-08-13 21:41:50,961] {processor.py:153} INFO - Started process (PID=7073) to work on /home/airflow/.local/lib/python3.7/site-packages/airflow/example_dags/example_complex.py
[2022-08-13 21:41:50,962] {processor.py:641} INFO - Processing file /home/airflow/.local/lib/python3.7/site-packages/airflow/example_dags/example_complex.py for tasks to queue
[2022-08-13 21:41:50,963] {logging_mixin.py:115} INFO - [2022-08-13 21:41:50,963] {dagbag.py:508} INFO - Filling up the DagBag from /home/airflow/.local/lib/python3.7/site-packages/airflow/example_dags/example_complex.py
[2022-08-13 21:41:50,982] {processor.py:651} INFO - DAG(s) dict_keys(['example_complex']) retrieved from /home/airflow/.local/lib/python3.7/site-packages/airflow/example_dags/example_complex.py
[2022-08-13 21:41:51,024] {logging_mixin.py:115} INFO - [2022-08-13 21:41:51,024] {dag.py:2420} INFO - Sync 1 DAGs
[2022-08-13 21:41:51,056] {logging_mixin.py:115} INFO - [2022-08-13 21:41:51,056] {dag.py:2972} INFO - Setting next_dagrun for example_complex to None, run_after=None
[2022-08-13 21:41:51,090] {processor.py:161} INFO - Processing /home/airflow/.local/lib/python3.7/site-packages/airflow/example_dags/example_complex.py took 0.134 seconds
[2022-08-13 21:42:21,354] {processor.py:153} INFO - Started process (PID=7268) to work on /home/airflow/.local/lib/python3.7/site-packages/airflow/example_dags/example_complex.py
[2022-08-13 21:42:21,355] {processor.py:641} INFO - Processing file /home/airflow/.local/lib/python3.7/site-packages/airflow/example_dags/example_complex.py for tasks to queue
[2022-08-13 21:42:21,356] {logging_mixin.py:115} INFO - [2022-08-13 21:42:21,355] {dagbag.py:508} INFO - Filling up the DagBag from /home/airflow/.local/lib/python3.7/site-packages/airflow/example_dags/example_complex.py
[2022-08-13 21:42:21,376] {processor.py:651} INFO - DAG(s) dict_keys(['example_complex']) retrieved from /home/airflow/.local/lib/python3.7/site-packages/airflow/example_dags/example_complex.py
[2022-08-13 21:42:21,418] {logging_mixin.py:115} INFO - [2022-08-13 21:42:21,418] {dag.py:2420} INFO - Sync 1 DAGs
[2022-08-13 21:42:21,448] {logging_mixin.py:115} INFO - [2022-08-13 21:42:21,447] {dag.py:2972} INFO - Setting next_dagrun for example_complex to None, run_after=None
[2022-08-13 21:42:21,476] {processor.py:161} INFO - Processing /home/airflow/.local/lib/python3.7/site-packages/airflow/example_dags/example_complex.py took 0.127 seconds
[2022-08-13 21:48:53,967] {processor.py:153} INFO - Started process (PID=7469) to work on /home/airflow/.local/lib/python3.7/site-packages/airflow/example_dags/example_complex.py
[2022-08-13 21:48:53,968] {processor.py:641} INFO - Processing file /home/airflow/.local/lib/python3.7/site-packages/airflow/example_dags/example_complex.py for tasks to queue
[2022-08-13 21:48:53,969] {logging_mixin.py:115} INFO - [2022-08-13 21:48:53,969] {dagbag.py:508} INFO - Filling up the DagBag from /home/airflow/.local/lib/python3.7/site-packages/airflow/example_dags/example_complex.py
[2022-08-13 21:48:53,988] {processor.py:651} INFO - DAG(s) dict_keys(['example_complex']) retrieved from /home/airflow/.local/lib/python3.7/site-packages/airflow/example_dags/example_complex.py
[2022-08-13 21:48:54,027] {logging_mixin.py:115} INFO - [2022-08-13 21:48:54,027] {dag.py:2420} INFO - Sync 1 DAGs
[2022-08-13 21:48:54,054] {logging_mixin.py:115} INFO - [2022-08-13 21:48:54,054] {dag.py:2972} INFO - Setting next_dagrun for example_complex to None, run_after=None
[2022-08-13 21:48:54,071] {processor.py:161} INFO - Processing /home/airflow/.local/lib/python3.7/site-packages/airflow/example_dags/example_complex.py took 0.107 seconds
[2022-08-13 21:49:24,872] {processor.py:153} INFO - Started process (PID=7672) to work on /home/airflow/.local/lib/python3.7/site-packages/airflow/example_dags/example_complex.py
[2022-08-13 21:49:24,873] {processor.py:641} INFO - Processing file /home/airflow/.local/lib/python3.7/site-packages/airflow/example_dags/example_complex.py for tasks to queue
[2022-08-13 21:49:24,873] {logging_mixin.py:115} INFO - [2022-08-13 21:49:24,873] {dagbag.py:508} INFO - Filling up the DagBag from /home/airflow/.local/lib/python3.7/site-packages/airflow/example_dags/example_complex.py
[2022-08-13 21:49:24,887] {processor.py:651} INFO - DAG(s) dict_keys(['example_complex']) retrieved from /home/airflow/.local/lib/python3.7/site-packages/airflow/example_dags/example_complex.py
[2022-08-13 21:49:24,921] {logging_mixin.py:115} INFO - [2022-08-13 21:49:24,921] {dag.py:2420} INFO - Sync 1 DAGs
[2022-08-13 21:49:24,945] {logging_mixin.py:115} INFO - [2022-08-13 21:49:24,945] {dag.py:2972} INFO - Setting next_dagrun for example_complex to None, run_after=None
[2022-08-13 21:49:24,959] {processor.py:161} INFO - Processing /home/airflow/.local/lib/python3.7/site-packages/airflow/example_dags/example_complex.py took 0.091 seconds
[2022-08-13 21:49:55,688] {processor.py:153} INFO - Started process (PID=7875) to work on /home/airflow/.local/lib/python3.7/site-packages/airflow/example_dags/example_complex.py
[2022-08-13 21:49:55,689] {processor.py:641} INFO - Processing file /home/airflow/.local/lib/python3.7/site-packages/airflow/example_dags/example_complex.py for tasks to queue
[2022-08-13 21:49:55,690] {logging_mixin.py:115} INFO - [2022-08-13 21:49:55,690] {dagbag.py:508} INFO - Filling up the DagBag from /home/airflow/.local/lib/python3.7/site-packages/airflow/example_dags/example_complex.py
[2022-08-13 21:49:55,703] {processor.py:651} INFO - DAG(s) dict_keys(['example_complex']) retrieved from /home/airflow/.local/lib/python3.7/site-packages/airflow/example_dags/example_complex.py
[2022-08-13 21:49:55,739] {logging_mixin.py:115} INFO - [2022-08-13 21:49:55,739] {dag.py:2420} INFO - Sync 1 DAGs
[2022-08-13 21:49:55,769] {logging_mixin.py:115} INFO - [2022-08-13 21:49:55,769] {dag.py:2972} INFO - Setting next_dagrun for example_complex to None, run_after=None
[2022-08-13 21:49:55,786] {processor.py:161} INFO - Processing /home/airflow/.local/lib/python3.7/site-packages/airflow/example_dags/example_complex.py took 0.101 seconds
[2022-08-13 21:50:26,787] {processor.py:153} INFO - Started process (PID=8069) to work on /home/airflow/.local/lib/python3.7/site-packages/airflow/example_dags/example_complex.py
[2022-08-13 21:50:26,788] {processor.py:641} INFO - Processing file /home/airflow/.local/lib/python3.7/site-packages/airflow/example_dags/example_complex.py for tasks to queue
[2022-08-13 21:50:26,789] {logging_mixin.py:115} INFO - [2022-08-13 21:50:26,789] {dagbag.py:508} INFO - Filling up the DagBag from /home/airflow/.local/lib/python3.7/site-packages/airflow/example_dags/example_complex.py
[2022-08-13 21:50:26,806] {processor.py:651} INFO - DAG(s) dict_keys(['example_complex']) retrieved from /home/airflow/.local/lib/python3.7/site-packages/airflow/example_dags/example_complex.py
[2022-08-13 21:50:26,845] {logging_mixin.py:115} INFO - [2022-08-13 21:50:26,845] {dag.py:2420} INFO - Sync 1 DAGs
[2022-08-13 21:50:26,875] {logging_mixin.py:115} INFO - [2022-08-13 21:50:26,874] {dag.py:2972} INFO - Setting next_dagrun for example_complex to None, run_after=None
[2022-08-13 21:50:26,892] {processor.py:161} INFO - Processing /home/airflow/.local/lib/python3.7/site-packages/airflow/example_dags/example_complex.py took 0.107 seconds
[2022-08-13 21:50:57,591] {processor.py:153} INFO - Started process (PID=8274) to work on /home/airflow/.local/lib/python3.7/site-packages/airflow/example_dags/example_complex.py
[2022-08-13 21:50:57,592] {processor.py:641} INFO - Processing file /home/airflow/.local/lib/python3.7/site-packages/airflow/example_dags/example_complex.py for tasks to queue
[2022-08-13 21:50:57,593] {logging_mixin.py:115} INFO - [2022-08-13 21:50:57,593] {dagbag.py:508} INFO - Filling up the DagBag from /home/airflow/.local/lib/python3.7/site-packages/airflow/example_dags/example_complex.py
[2022-08-13 21:50:57,613] {processor.py:651} INFO - DAG(s) dict_keys(['example_complex']) retrieved from /home/airflow/.local/lib/python3.7/site-packages/airflow/example_dags/example_complex.py
[2022-08-13 21:50:57,662] {logging_mixin.py:115} INFO - [2022-08-13 21:50:57,662] {dag.py:2420} INFO - Sync 1 DAGs
[2022-08-13 21:50:57,689] {logging_mixin.py:115} INFO - [2022-08-13 21:50:57,689] {dag.py:2972} INFO - Setting next_dagrun for example_complex to None, run_after=None
[2022-08-13 21:50:57,705] {processor.py:161} INFO - Processing /home/airflow/.local/lib/python3.7/site-packages/airflow/example_dags/example_complex.py took 0.118 seconds
[2022-08-13 21:51:28,561] {processor.py:153} INFO - Started process (PID=8468) to work on /home/airflow/.local/lib/python3.7/site-packages/airflow/example_dags/example_complex.py
[2022-08-13 21:51:28,562] {processor.py:641} INFO - Processing file /home/airflow/.local/lib/python3.7/site-packages/airflow/example_dags/example_complex.py for tasks to queue
[2022-08-13 21:51:28,563] {logging_mixin.py:115} INFO - [2022-08-13 21:51:28,563] {dagbag.py:508} INFO - Filling up the DagBag from /home/airflow/.local/lib/python3.7/site-packages/airflow/example_dags/example_complex.py
[2022-08-13 21:51:28,581] {processor.py:651} INFO - DAG(s) dict_keys(['example_complex']) retrieved from /home/airflow/.local/lib/python3.7/site-packages/airflow/example_dags/example_complex.py
[2022-08-13 21:51:28,625] {logging_mixin.py:115} INFO - [2022-08-13 21:51:28,625] {dag.py:2420} INFO - Sync 1 DAGs
[2022-08-13 21:51:28,657] {logging_mixin.py:115} INFO - [2022-08-13 21:51:28,657] {dag.py:2972} INFO - Setting next_dagrun for example_complex to None, run_after=None
[2022-08-13 21:51:28,676] {processor.py:161} INFO - Processing /home/airflow/.local/lib/python3.7/site-packages/airflow/example_dags/example_complex.py took 0.118 seconds
[2022-08-13 21:51:59,478] {processor.py:153} INFO - Started process (PID=8671) to work on /home/airflow/.local/lib/python3.7/site-packages/airflow/example_dags/example_complex.py
[2022-08-13 21:51:59,479] {processor.py:641} INFO - Processing file /home/airflow/.local/lib/python3.7/site-packages/airflow/example_dags/example_complex.py for tasks to queue
[2022-08-13 21:51:59,480] {logging_mixin.py:115} INFO - [2022-08-13 21:51:59,480] {dagbag.py:508} INFO - Filling up the DagBag from /home/airflow/.local/lib/python3.7/site-packages/airflow/example_dags/example_complex.py
[2022-08-13 21:51:59,498] {processor.py:651} INFO - DAG(s) dict_keys(['example_complex']) retrieved from /home/airflow/.local/lib/python3.7/site-packages/airflow/example_dags/example_complex.py
[2022-08-13 21:51:59,545] {logging_mixin.py:115} INFO - [2022-08-13 21:51:59,545] {dag.py:2420} INFO - Sync 1 DAGs
[2022-08-13 21:51:59,576] {logging_mixin.py:115} INFO - [2022-08-13 21:51:59,576] {dag.py:2972} INFO - Setting next_dagrun for example_complex to None, run_after=None
[2022-08-13 21:51:59,593] {processor.py:161} INFO - Processing /home/airflow/.local/lib/python3.7/site-packages/airflow/example_dags/example_complex.py took 0.119 seconds
[2022-08-13 21:52:30,495] {processor.py:153} INFO - Started process (PID=8865) to work on /home/airflow/.local/lib/python3.7/site-packages/airflow/example_dags/example_complex.py
[2022-08-13 21:52:30,496] {processor.py:641} INFO - Processing file /home/airflow/.local/lib/python3.7/site-packages/airflow/example_dags/example_complex.py for tasks to queue
[2022-08-13 21:52:30,497] {logging_mixin.py:115} INFO - [2022-08-13 21:52:30,497] {dagbag.py:508} INFO - Filling up the DagBag from /home/airflow/.local/lib/python3.7/site-packages/airflow/example_dags/example_complex.py
[2022-08-13 21:52:30,514] {processor.py:651} INFO - DAG(s) dict_keys(['example_complex']) retrieved from /home/airflow/.local/lib/python3.7/site-packages/airflow/example_dags/example_complex.py
[2022-08-13 21:52:30,558] {logging_mixin.py:115} INFO - [2022-08-13 21:52:30,557] {dag.py:2420} INFO - Sync 1 DAGs
[2022-08-13 21:52:30,585] {logging_mixin.py:115} INFO - [2022-08-13 21:52:30,585] {dag.py:2972} INFO - Setting next_dagrun for example_complex to None, run_after=None
[2022-08-13 21:52:30,603] {processor.py:161} INFO - Processing /home/airflow/.local/lib/python3.7/site-packages/airflow/example_dags/example_complex.py took 0.111 seconds
[2022-08-13 21:53:01,044] {processor.py:153} INFO - Started process (PID=9068) to work on /home/airflow/.local/lib/python3.7/site-packages/airflow/example_dags/example_complex.py
[2022-08-13 21:53:01,045] {processor.py:641} INFO - Processing file /home/airflow/.local/lib/python3.7/site-packages/airflow/example_dags/example_complex.py for tasks to queue
[2022-08-13 21:53:01,046] {logging_mixin.py:115} INFO - [2022-08-13 21:53:01,046] {dagbag.py:508} INFO - Filling up the DagBag from /home/airflow/.local/lib/python3.7/site-packages/airflow/example_dags/example_complex.py
[2022-08-13 21:53:01,069] {processor.py:651} INFO - DAG(s) dict_keys(['example_complex']) retrieved from /home/airflow/.local/lib/python3.7/site-packages/airflow/example_dags/example_complex.py
[2022-08-13 21:53:01,113] {logging_mixin.py:115} INFO - [2022-08-13 21:53:01,113] {dag.py:2420} INFO - Sync 1 DAGs
[2022-08-13 21:53:01,146] {logging_mixin.py:115} INFO - [2022-08-13 21:53:01,146] {dag.py:2972} INFO - Setting next_dagrun for example_complex to None, run_after=None
[2022-08-13 21:53:01,167] {processor.py:161} INFO - Processing /home/airflow/.local/lib/python3.7/site-packages/airflow/example_dags/example_complex.py took 0.126 seconds
[2022-08-13 21:53:31,300] {processor.py:153} INFO - Started process (PID=9261) to work on /home/airflow/.local/lib/python3.7/site-packages/airflow/example_dags/example_complex.py
[2022-08-13 21:53:31,301] {processor.py:641} INFO - Processing file /home/airflow/.local/lib/python3.7/site-packages/airflow/example_dags/example_complex.py for tasks to queue
[2022-08-13 21:53:31,302] {logging_mixin.py:115} INFO - [2022-08-13 21:53:31,302] {dagbag.py:508} INFO - Filling up the DagBag from /home/airflow/.local/lib/python3.7/site-packages/airflow/example_dags/example_complex.py
[2022-08-13 21:53:31,323] {processor.py:651} INFO - DAG(s) dict_keys(['example_complex']) retrieved from /home/airflow/.local/lib/python3.7/site-packages/airflow/example_dags/example_complex.py
[2022-08-13 21:53:31,366] {logging_mixin.py:115} INFO - [2022-08-13 21:53:31,366] {dag.py:2420} INFO - Sync 1 DAGs
[2022-08-13 21:53:31,396] {logging_mixin.py:115} INFO - [2022-08-13 21:53:31,396] {dag.py:2972} INFO - Setting next_dagrun for example_complex to None, run_after=None
[2022-08-13 21:53:31,416] {processor.py:161} INFO - Processing /home/airflow/.local/lib/python3.7/site-packages/airflow/example_dags/example_complex.py took 0.120 seconds
[2022-08-13 21:54:02,422] {processor.py:153} INFO - Started process (PID=9465) to work on /home/airflow/.local/lib/python3.7/site-packages/airflow/example_dags/example_complex.py
[2022-08-13 21:54:02,423] {processor.py:641} INFO - Processing file /home/airflow/.local/lib/python3.7/site-packages/airflow/example_dags/example_complex.py for tasks to queue
[2022-08-13 21:54:02,424] {logging_mixin.py:115} INFO - [2022-08-13 21:54:02,424] {dagbag.py:508} INFO - Filling up the DagBag from /home/airflow/.local/lib/python3.7/site-packages/airflow/example_dags/example_complex.py
[2022-08-13 21:54:02,441] {processor.py:651} INFO - DAG(s) dict_keys(['example_complex']) retrieved from /home/airflow/.local/lib/python3.7/site-packages/airflow/example_dags/example_complex.py
[2022-08-13 21:54:02,480] {logging_mixin.py:115} INFO - [2022-08-13 21:54:02,480] {dag.py:2420} INFO - Sync 1 DAGs
[2022-08-13 21:54:02,509] {logging_mixin.py:115} INFO - [2022-08-13 21:54:02,509] {dag.py:2972} INFO - Setting next_dagrun for example_complex to None, run_after=None
[2022-08-13 21:54:02,529] {processor.py:161} INFO - Processing /home/airflow/.local/lib/python3.7/site-packages/airflow/example_dags/example_complex.py took 0.110 seconds
[2022-08-13 21:54:33,521] {processor.py:153} INFO - Started process (PID=9667) to work on /home/airflow/.local/lib/python3.7/site-packages/airflow/example_dags/example_complex.py
[2022-08-13 21:54:33,522] {processor.py:641} INFO - Processing file /home/airflow/.local/lib/python3.7/site-packages/airflow/example_dags/example_complex.py for tasks to queue
[2022-08-13 21:54:33,523] {logging_mixin.py:115} INFO - [2022-08-13 21:54:33,523] {dagbag.py:508} INFO - Filling up the DagBag from /home/airflow/.local/lib/python3.7/site-packages/airflow/example_dags/example_complex.py
[2022-08-13 21:54:33,540] {processor.py:651} INFO - DAG(s) dict_keys(['example_complex']) retrieved from /home/airflow/.local/lib/python3.7/site-packages/airflow/example_dags/example_complex.py
[2022-08-13 21:54:33,580] {logging_mixin.py:115} INFO - [2022-08-13 21:54:33,580] {dag.py:2420} INFO - Sync 1 DAGs
[2022-08-13 21:54:33,609] {logging_mixin.py:115} INFO - [2022-08-13 21:54:33,609] {dag.py:2972} INFO - Setting next_dagrun for example_complex to None, run_after=None
[2022-08-13 21:54:33,628] {processor.py:161} INFO - Processing /home/airflow/.local/lib/python3.7/site-packages/airflow/example_dags/example_complex.py took 0.110 seconds
[2022-08-13 21:55:03,754] {processor.py:153} INFO - Started process (PID=9859) to work on /home/airflow/.local/lib/python3.7/site-packages/airflow/example_dags/example_complex.py
[2022-08-13 21:55:03,755] {processor.py:641} INFO - Processing file /home/airflow/.local/lib/python3.7/site-packages/airflow/example_dags/example_complex.py for tasks to queue
[2022-08-13 21:55:03,756] {logging_mixin.py:115} INFO - [2022-08-13 21:55:03,756] {dagbag.py:508} INFO - Filling up the DagBag from /home/airflow/.local/lib/python3.7/site-packages/airflow/example_dags/example_complex.py
[2022-08-13 21:55:03,778] {processor.py:651} INFO - DAG(s) dict_keys(['example_complex']) retrieved from /home/airflow/.local/lib/python3.7/site-packages/airflow/example_dags/example_complex.py
[2022-08-13 21:55:03,823] {logging_mixin.py:115} INFO - [2022-08-13 21:55:03,823] {dag.py:2420} INFO - Sync 1 DAGs
[2022-08-13 21:55:03,849] {logging_mixin.py:115} INFO - [2022-08-13 21:55:03,849] {dag.py:2972} INFO - Setting next_dagrun for example_complex to None, run_after=None
[2022-08-13 21:55:03,878] {processor.py:161} INFO - Processing /home/airflow/.local/lib/python3.7/site-packages/airflow/example_dags/example_complex.py took 0.127 seconds
[2022-08-13 21:55:34,093] {processor.py:153} INFO - Started process (PID=10059) to work on /home/airflow/.local/lib/python3.7/site-packages/airflow/example_dags/example_complex.py
[2022-08-13 21:55:34,094] {processor.py:641} INFO - Processing file /home/airflow/.local/lib/python3.7/site-packages/airflow/example_dags/example_complex.py for tasks to queue
[2022-08-13 21:55:34,095] {logging_mixin.py:115} INFO - [2022-08-13 21:55:34,095] {dagbag.py:508} INFO - Filling up the DagBag from /home/airflow/.local/lib/python3.7/site-packages/airflow/example_dags/example_complex.py
[2022-08-13 21:55:34,122] {processor.py:651} INFO - DAG(s) dict_keys(['example_complex']) retrieved from /home/airflow/.local/lib/python3.7/site-packages/airflow/example_dags/example_complex.py
[2022-08-13 21:55:34,171] {logging_mixin.py:115} INFO - [2022-08-13 21:55:34,171] {dag.py:2420} INFO - Sync 1 DAGs
[2022-08-13 21:55:34,220] {logging_mixin.py:115} INFO - [2022-08-13 21:55:34,220] {dag.py:2972} INFO - Setting next_dagrun for example_complex to None, run_after=None
[2022-08-13 21:55:34,241] {processor.py:161} INFO - Processing /home/airflow/.local/lib/python3.7/site-packages/airflow/example_dags/example_complex.py took 0.152 seconds
[2022-08-13 21:56:04,455] {processor.py:153} INFO - Started process (PID=10256) to work on /home/airflow/.local/lib/python3.7/site-packages/airflow/example_dags/example_complex.py
[2022-08-13 21:56:04,456] {processor.py:641} INFO - Processing file /home/airflow/.local/lib/python3.7/site-packages/airflow/example_dags/example_complex.py for tasks to queue
[2022-08-13 21:56:04,457] {logging_mixin.py:115} INFO - [2022-08-13 21:56:04,457] {dagbag.py:508} INFO - Filling up the DagBag from /home/airflow/.local/lib/python3.7/site-packages/airflow/example_dags/example_complex.py
[2022-08-13 21:56:04,479] {processor.py:651} INFO - DAG(s) dict_keys(['example_complex']) retrieved from /home/airflow/.local/lib/python3.7/site-packages/airflow/example_dags/example_complex.py
[2022-08-13 21:56:04,521] {logging_mixin.py:115} INFO - [2022-08-13 21:56:04,521] {dag.py:2420} INFO - Sync 1 DAGs
[2022-08-13 21:56:04,552] {logging_mixin.py:115} INFO - [2022-08-13 21:56:04,552] {dag.py:2972} INFO - Setting next_dagrun for example_complex to None, run_after=None
[2022-08-13 21:56:04,569] {processor.py:161} INFO - Processing /home/airflow/.local/lib/python3.7/site-packages/airflow/example_dags/example_complex.py took 0.118 seconds
[2022-08-13 21:56:34,862] {processor.py:153} INFO - Started process (PID=10448) to work on /home/airflow/.local/lib/python3.7/site-packages/airflow/example_dags/example_complex.py
[2022-08-13 21:56:34,863] {processor.py:641} INFO - Processing file /home/airflow/.local/lib/python3.7/site-packages/airflow/example_dags/example_complex.py for tasks to queue
[2022-08-13 21:56:34,864] {logging_mixin.py:115} INFO - [2022-08-13 21:56:34,864] {dagbag.py:508} INFO - Filling up the DagBag from /home/airflow/.local/lib/python3.7/site-packages/airflow/example_dags/example_complex.py
[2022-08-13 21:56:34,886] {processor.py:651} INFO - DAG(s) dict_keys(['example_complex']) retrieved from /home/airflow/.local/lib/python3.7/site-packages/airflow/example_dags/example_complex.py
[2022-08-13 21:56:34,929] {logging_mixin.py:115} INFO - [2022-08-13 21:56:34,929] {dag.py:2420} INFO - Sync 1 DAGs
[2022-08-13 21:56:34,959] {logging_mixin.py:115} INFO - [2022-08-13 21:56:34,959] {dag.py:2972} INFO - Setting next_dagrun for example_complex to None, run_after=None
[2022-08-13 21:56:34,987] {processor.py:161} INFO - Processing /home/airflow/.local/lib/python3.7/site-packages/airflow/example_dags/example_complex.py took 0.129 seconds
[2022-08-13 21:57:05,189] {processor.py:153} INFO - Started process (PID=10651) to work on /home/airflow/.local/lib/python3.7/site-packages/airflow/example_dags/example_complex.py
[2022-08-13 21:57:05,190] {processor.py:641} INFO - Processing file /home/airflow/.local/lib/python3.7/site-packages/airflow/example_dags/example_complex.py for tasks to queue
[2022-08-13 21:57:05,191] {logging_mixin.py:115} INFO - [2022-08-13 21:57:05,191] {dagbag.py:508} INFO - Filling up the DagBag from /home/airflow/.local/lib/python3.7/site-packages/airflow/example_dags/example_complex.py
[2022-08-13 21:57:05,207] {processor.py:651} INFO - DAG(s) dict_keys(['example_complex']) retrieved from /home/airflow/.local/lib/python3.7/site-packages/airflow/example_dags/example_complex.py
[2022-08-13 21:57:05,249] {logging_mixin.py:115} INFO - [2022-08-13 21:57:05,249] {dag.py:2420} INFO - Sync 1 DAGs
[2022-08-13 21:57:05,283] {logging_mixin.py:115} INFO - [2022-08-13 21:57:05,283] {dag.py:2972} INFO - Setting next_dagrun for example_complex to None, run_after=None
[2022-08-13 21:57:05,306] {processor.py:161} INFO - Processing /home/airflow/.local/lib/python3.7/site-packages/airflow/example_dags/example_complex.py took 0.121 seconds
[2022-08-13 21:57:35,915] {processor.py:153} INFO - Started process (PID=10845) to work on /home/airflow/.local/lib/python3.7/site-packages/airflow/example_dags/example_complex.py
[2022-08-13 21:57:35,915] {processor.py:641} INFO - Processing file /home/airflow/.local/lib/python3.7/site-packages/airflow/example_dags/example_complex.py for tasks to queue
[2022-08-13 21:57:35,916] {logging_mixin.py:115} INFO - [2022-08-13 21:57:35,916] {dagbag.py:508} INFO - Filling up the DagBag from /home/airflow/.local/lib/python3.7/site-packages/airflow/example_dags/example_complex.py
[2022-08-13 21:57:35,935] {processor.py:651} INFO - DAG(s) dict_keys(['example_complex']) retrieved from /home/airflow/.local/lib/python3.7/site-packages/airflow/example_dags/example_complex.py
[2022-08-13 21:57:35,980] {logging_mixin.py:115} INFO - [2022-08-13 21:57:35,980] {dag.py:2420} INFO - Sync 1 DAGs
[2022-08-13 21:57:36,007] {logging_mixin.py:115} INFO - [2022-08-13 21:57:36,007] {dag.py:2972} INFO - Setting next_dagrun for example_complex to None, run_after=None
[2022-08-13 21:57:36,024] {processor.py:161} INFO - Processing /home/airflow/.local/lib/python3.7/site-packages/airflow/example_dags/example_complex.py took 0.113 seconds
[2022-08-13 21:58:06,194] {processor.py:153} INFO - Started process (PID=11048) to work on /home/airflow/.local/lib/python3.7/site-packages/airflow/example_dags/example_complex.py
[2022-08-13 21:58:06,195] {processor.py:641} INFO - Processing file /home/airflow/.local/lib/python3.7/site-packages/airflow/example_dags/example_complex.py for tasks to queue
[2022-08-13 21:58:06,195] {logging_mixin.py:115} INFO - [2022-08-13 21:58:06,195] {dagbag.py:508} INFO - Filling up the DagBag from /home/airflow/.local/lib/python3.7/site-packages/airflow/example_dags/example_complex.py
[2022-08-13 21:58:06,212] {processor.py:651} INFO - DAG(s) dict_keys(['example_complex']) retrieved from /home/airflow/.local/lib/python3.7/site-packages/airflow/example_dags/example_complex.py
[2022-08-13 21:58:06,253] {logging_mixin.py:115} INFO - [2022-08-13 21:58:06,252] {dag.py:2420} INFO - Sync 1 DAGs
[2022-08-13 21:58:06,282] {logging_mixin.py:115} INFO - [2022-08-13 21:58:06,282] {dag.py:2972} INFO - Setting next_dagrun for example_complex to None, run_after=None
[2022-08-13 21:58:06,306] {processor.py:161} INFO - Processing /home/airflow/.local/lib/python3.7/site-packages/airflow/example_dags/example_complex.py took 0.117 seconds
[2022-08-13 21:58:36,755] {processor.py:153} INFO - Started process (PID=11242) to work on /home/airflow/.local/lib/python3.7/site-packages/airflow/example_dags/example_complex.py
[2022-08-13 21:58:36,756] {processor.py:641} INFO - Processing file /home/airflow/.local/lib/python3.7/site-packages/airflow/example_dags/example_complex.py for tasks to queue
[2022-08-13 21:58:36,757] {logging_mixin.py:115} INFO - [2022-08-13 21:58:36,757] {dagbag.py:508} INFO - Filling up the DagBag from /home/airflow/.local/lib/python3.7/site-packages/airflow/example_dags/example_complex.py
[2022-08-13 21:58:36,779] {processor.py:651} INFO - DAG(s) dict_keys(['example_complex']) retrieved from /home/airflow/.local/lib/python3.7/site-packages/airflow/example_dags/example_complex.py
[2022-08-13 21:58:36,835] {logging_mixin.py:115} INFO - [2022-08-13 21:58:36,834] {dag.py:2420} INFO - Sync 1 DAGs
[2022-08-13 21:58:36,873] {logging_mixin.py:115} INFO - [2022-08-13 21:58:36,873] {dag.py:2972} INFO - Setting next_dagrun for example_complex to None, run_after=None
[2022-08-13 21:58:36,901] {processor.py:161} INFO - Processing /home/airflow/.local/lib/python3.7/site-packages/airflow/example_dags/example_complex.py took 0.150 seconds
[2022-08-13 21:59:07,109] {processor.py:153} INFO - Started process (PID=11445) to work on /home/airflow/.local/lib/python3.7/site-packages/airflow/example_dags/example_complex.py
[2022-08-13 21:59:07,109] {processor.py:641} INFO - Processing file /home/airflow/.local/lib/python3.7/site-packages/airflow/example_dags/example_complex.py for tasks to queue
[2022-08-13 21:59:07,110] {logging_mixin.py:115} INFO - [2022-08-13 21:59:07,110] {dagbag.py:508} INFO - Filling up the DagBag from /home/airflow/.local/lib/python3.7/site-packages/airflow/example_dags/example_complex.py
[2022-08-13 21:59:07,126] {processor.py:651} INFO - DAG(s) dict_keys(['example_complex']) retrieved from /home/airflow/.local/lib/python3.7/site-packages/airflow/example_dags/example_complex.py
[2022-08-13 21:59:07,170] {logging_mixin.py:115} INFO - [2022-08-13 21:59:07,170] {dag.py:2420} INFO - Sync 1 DAGs
[2022-08-13 21:59:07,196] {logging_mixin.py:115} INFO - [2022-08-13 21:59:07,196] {dag.py:2972} INFO - Setting next_dagrun for example_complex to None, run_after=None
[2022-08-13 21:59:07,212] {processor.py:161} INFO - Processing /home/airflow/.local/lib/python3.7/site-packages/airflow/example_dags/example_complex.py took 0.107 seconds
[2022-08-13 21:59:37,539] {processor.py:153} INFO - Started process (PID=11639) to work on /home/airflow/.local/lib/python3.7/site-packages/airflow/example_dags/example_complex.py
[2022-08-13 21:59:37,540] {processor.py:641} INFO - Processing file /home/airflow/.local/lib/python3.7/site-packages/airflow/example_dags/example_complex.py for tasks to queue
[2022-08-13 21:59:37,541] {logging_mixin.py:115} INFO - [2022-08-13 21:59:37,540] {dagbag.py:508} INFO - Filling up the DagBag from /home/airflow/.local/lib/python3.7/site-packages/airflow/example_dags/example_complex.py
[2022-08-13 21:59:37,556] {processor.py:651} INFO - DAG(s) dict_keys(['example_complex']) retrieved from /home/airflow/.local/lib/python3.7/site-packages/airflow/example_dags/example_complex.py
[2022-08-13 21:59:37,597] {logging_mixin.py:115} INFO - [2022-08-13 21:59:37,596] {dag.py:2420} INFO - Sync 1 DAGs
[2022-08-13 21:59:37,627] {logging_mixin.py:115} INFO - [2022-08-13 21:59:37,627] {dag.py:2972} INFO - Setting next_dagrun for example_complex to None, run_after=None
[2022-08-13 21:59:37,644] {processor.py:161} INFO - Processing /home/airflow/.local/lib/python3.7/site-packages/airflow/example_dags/example_complex.py took 0.109 seconds
[2022-08-13 22:00:08,123] {processor.py:153} INFO - Started process (PID=11843) to work on /home/airflow/.local/lib/python3.7/site-packages/airflow/example_dags/example_complex.py
[2022-08-13 22:00:08,124] {processor.py:641} INFO - Processing file /home/airflow/.local/lib/python3.7/site-packages/airflow/example_dags/example_complex.py for tasks to queue
[2022-08-13 22:00:08,125] {logging_mixin.py:115} INFO - [2022-08-13 22:00:08,125] {dagbag.py:508} INFO - Filling up the DagBag from /home/airflow/.local/lib/python3.7/site-packages/airflow/example_dags/example_complex.py
[2022-08-13 22:00:08,148] {processor.py:651} INFO - DAG(s) dict_keys(['example_complex']) retrieved from /home/airflow/.local/lib/python3.7/site-packages/airflow/example_dags/example_complex.py
[2022-08-13 22:00:08,191] {logging_mixin.py:115} INFO - [2022-08-13 22:00:08,191] {dag.py:2420} INFO - Sync 1 DAGs
[2022-08-13 22:00:08,218] {logging_mixin.py:115} INFO - [2022-08-13 22:00:08,218] {dag.py:2972} INFO - Setting next_dagrun for example_complex to None, run_after=None
[2022-08-13 22:00:08,243] {processor.py:161} INFO - Processing /home/airflow/.local/lib/python3.7/site-packages/airflow/example_dags/example_complex.py took 0.123 seconds
