[2022-08-13 02:17:39,232] {processor.py:153} INFO - Started process (PID=2954) to work on /home/airflow/.local/lib/python3.7/site-packages/airflow/example_dags/example_task_group_decorator.py
[2022-08-13 02:17:39,233] {processor.py:641} INFO - Processing file /home/airflow/.local/lib/python3.7/site-packages/airflow/example_dags/example_task_group_decorator.py for tasks to queue
[2022-08-13 02:17:39,234] {logging_mixin.py:115} INFO - [2022-08-13 02:17:39,234] {dagbag.py:508} INFO - Filling up the DagBag from /home/airflow/.local/lib/python3.7/site-packages/airflow/example_dags/example_task_group_decorator.py
[2022-08-13 02:17:39,277] {processor.py:651} INFO - DAG(s) dict_keys(['example_task_group_decorator']) retrieved from /home/airflow/.local/lib/python3.7/site-packages/airflow/example_dags/example_task_group_decorator.py
[2022-08-13 02:17:39,491] {logging_mixin.py:115} INFO - [2022-08-13 02:17:39,491] {dag.py:2420} INFO - Sync 1 DAGs
[2022-08-13 02:17:39,545] {logging_mixin.py:115} INFO - [2022-08-13 02:17:39,544] {dag.py:2972} INFO - Setting next_dagrun for example_task_group_decorator to 2022-08-12T02:17:39.544594+00:00, run_after=2022-08-13T02:17:39.544594+00:00
[2022-08-13 02:17:39,574] {processor.py:161} INFO - Processing /home/airflow/.local/lib/python3.7/site-packages/airflow/example_dags/example_task_group_decorator.py took 0.346 seconds
[2022-08-13 02:18:10,440] {processor.py:153} INFO - Started process (PID=3171) to work on /home/airflow/.local/lib/python3.7/site-packages/airflow/example_dags/example_task_group_decorator.py
[2022-08-13 02:18:10,441] {processor.py:641} INFO - Processing file /home/airflow/.local/lib/python3.7/site-packages/airflow/example_dags/example_task_group_decorator.py for tasks to queue
[2022-08-13 02:18:10,441] {logging_mixin.py:115} INFO - [2022-08-13 02:18:10,441] {dagbag.py:508} INFO - Filling up the DagBag from /home/airflow/.local/lib/python3.7/site-packages/airflow/example_dags/example_task_group_decorator.py
[2022-08-13 02:18:10,468] {processor.py:651} INFO - DAG(s) dict_keys(['example_task_group_decorator']) retrieved from /home/airflow/.local/lib/python3.7/site-packages/airflow/example_dags/example_task_group_decorator.py
[2022-08-13 02:18:10,534] {logging_mixin.py:115} INFO - [2022-08-13 02:18:10,534] {dag.py:2420} INFO - Sync 1 DAGs
[2022-08-13 02:18:10,559] {logging_mixin.py:115} INFO - [2022-08-13 02:18:10,559] {dag.py:2972} INFO - Setting next_dagrun for example_task_group_decorator to 2022-08-12T02:18:10.559095+00:00, run_after=2022-08-13T02:18:10.559095+00:00
[2022-08-13 02:18:10,576] {processor.py:161} INFO - Processing /home/airflow/.local/lib/python3.7/site-packages/airflow/example_dags/example_task_group_decorator.py took 0.139 seconds
[2022-08-13 02:18:40,912] {processor.py:153} INFO - Started process (PID=3368) to work on /home/airflow/.local/lib/python3.7/site-packages/airflow/example_dags/example_task_group_decorator.py
[2022-08-13 02:18:40,913] {processor.py:641} INFO - Processing file /home/airflow/.local/lib/python3.7/site-packages/airflow/example_dags/example_task_group_decorator.py for tasks to queue
[2022-08-13 02:18:40,914] {logging_mixin.py:115} INFO - [2022-08-13 02:18:40,914] {dagbag.py:508} INFO - Filling up the DagBag from /home/airflow/.local/lib/python3.7/site-packages/airflow/example_dags/example_task_group_decorator.py
[2022-08-13 02:18:40,938] {processor.py:651} INFO - DAG(s) dict_keys(['example_task_group_decorator']) retrieved from /home/airflow/.local/lib/python3.7/site-packages/airflow/example_dags/example_task_group_decorator.py
[2022-08-13 02:18:41,003] {logging_mixin.py:115} INFO - [2022-08-13 02:18:41,003] {dag.py:2420} INFO - Sync 1 DAGs
[2022-08-13 02:18:41,025] {logging_mixin.py:115} INFO - [2022-08-13 02:18:41,025] {dag.py:2972} INFO - Setting next_dagrun for example_task_group_decorator to 2022-08-12T02:18:41.025074+00:00, run_after=2022-08-13T02:18:41.025074+00:00
[2022-08-13 02:18:41,042] {processor.py:161} INFO - Processing /home/airflow/.local/lib/python3.7/site-packages/airflow/example_dags/example_task_group_decorator.py took 0.131 seconds
[2022-08-13 02:19:11,865] {processor.py:153} INFO - Started process (PID=3572) to work on /home/airflow/.local/lib/python3.7/site-packages/airflow/example_dags/example_task_group_decorator.py
[2022-08-13 02:19:11,866] {processor.py:641} INFO - Processing file /home/airflow/.local/lib/python3.7/site-packages/airflow/example_dags/example_task_group_decorator.py for tasks to queue
[2022-08-13 02:19:11,867] {logging_mixin.py:115} INFO - [2022-08-13 02:19:11,867] {dagbag.py:508} INFO - Filling up the DagBag from /home/airflow/.local/lib/python3.7/site-packages/airflow/example_dags/example_task_group_decorator.py
[2022-08-13 02:19:11,900] {processor.py:651} INFO - DAG(s) dict_keys(['example_task_group_decorator']) retrieved from /home/airflow/.local/lib/python3.7/site-packages/airflow/example_dags/example_task_group_decorator.py
[2022-08-13 02:19:11,999] {logging_mixin.py:115} INFO - [2022-08-13 02:19:11,999] {dag.py:2420} INFO - Sync 1 DAGs
[2022-08-13 02:19:12,036] {logging_mixin.py:115} INFO - [2022-08-13 02:19:12,036] {dag.py:2972} INFO - Setting next_dagrun for example_task_group_decorator to 2022-08-12T02:19:12.036397+00:00, run_after=2022-08-13T02:19:12.036397+00:00
[2022-08-13 02:19:12,059] {processor.py:161} INFO - Processing /home/airflow/.local/lib/python3.7/site-packages/airflow/example_dags/example_task_group_decorator.py took 0.197 seconds
[2022-08-13 02:19:42,804] {processor.py:153} INFO - Started process (PID=3767) to work on /home/airflow/.local/lib/python3.7/site-packages/airflow/example_dags/example_task_group_decorator.py
[2022-08-13 02:19:42,805] {processor.py:641} INFO - Processing file /home/airflow/.local/lib/python3.7/site-packages/airflow/example_dags/example_task_group_decorator.py for tasks to queue
[2022-08-13 02:19:42,806] {logging_mixin.py:115} INFO - [2022-08-13 02:19:42,806] {dagbag.py:508} INFO - Filling up the DagBag from /home/airflow/.local/lib/python3.7/site-packages/airflow/example_dags/example_task_group_decorator.py
[2022-08-13 02:19:42,848] {processor.py:651} INFO - DAG(s) dict_keys(['example_task_group_decorator']) retrieved from /home/airflow/.local/lib/python3.7/site-packages/airflow/example_dags/example_task_group_decorator.py
[2022-08-13 02:19:42,888] {logging_mixin.py:115} INFO - [2022-08-13 02:19:42,887] {dag.py:2420} INFO - Sync 1 DAGs
[2022-08-13 02:19:42,918] {logging_mixin.py:115} INFO - [2022-08-13 02:19:42,918] {dag.py:2972} INFO - Setting next_dagrun for example_task_group_decorator to 2022-08-12T02:19:42.918438+00:00, run_after=2022-08-13T02:19:42.918438+00:00
[2022-08-13 02:19:42,937] {processor.py:161} INFO - Processing /home/airflow/.local/lib/python3.7/site-packages/airflow/example_dags/example_task_group_decorator.py took 0.136 seconds
[2022-08-13 21:33:46,154] {processor.py:153} INFO - Started process (PID=3973) to work on /home/airflow/.local/lib/python3.7/site-packages/airflow/example_dags/example_task_group_decorator.py
[2022-08-13 21:33:46,156] {processor.py:641} INFO - Processing file /home/airflow/.local/lib/python3.7/site-packages/airflow/example_dags/example_task_group_decorator.py for tasks to queue
[2022-08-13 21:33:46,157] {logging_mixin.py:115} INFO - [2022-08-13 21:33:46,157] {dagbag.py:508} INFO - Filling up the DagBag from /home/airflow/.local/lib/python3.7/site-packages/airflow/example_dags/example_task_group_decorator.py
[2022-08-13 21:33:46,226] {processor.py:651} INFO - DAG(s) dict_keys(['example_task_group_decorator']) retrieved from /home/airflow/.local/lib/python3.7/site-packages/airflow/example_dags/example_task_group_decorator.py
[2022-08-13 21:33:46,445] {logging_mixin.py:115} INFO - [2022-08-13 21:33:46,444] {dag.py:2420} INFO - Sync 1 DAGs
[2022-08-13 21:33:46,517] {logging_mixin.py:115} INFO - [2022-08-13 21:33:46,517] {dag.py:2972} INFO - Setting next_dagrun for example_task_group_decorator to 2022-08-12T21:33:46.516356+00:00, run_after=2022-08-13T21:33:46.516356+00:00
[2022-08-13 21:33:46,551] {processor.py:161} INFO - Processing /home/airflow/.local/lib/python3.7/site-packages/airflow/example_dags/example_task_group_decorator.py took 0.403 seconds
[2022-08-13 21:34:17,221] {processor.py:153} INFO - Started process (PID=4167) to work on /home/airflow/.local/lib/python3.7/site-packages/airflow/example_dags/example_task_group_decorator.py
[2022-08-13 21:34:17,222] {processor.py:641} INFO - Processing file /home/airflow/.local/lib/python3.7/site-packages/airflow/example_dags/example_task_group_decorator.py for tasks to queue
[2022-08-13 21:34:17,223] {logging_mixin.py:115} INFO - [2022-08-13 21:34:17,223] {dagbag.py:508} INFO - Filling up the DagBag from /home/airflow/.local/lib/python3.7/site-packages/airflow/example_dags/example_task_group_decorator.py
[2022-08-13 21:34:17,249] {processor.py:651} INFO - DAG(s) dict_keys(['example_task_group_decorator']) retrieved from /home/airflow/.local/lib/python3.7/site-packages/airflow/example_dags/example_task_group_decorator.py
[2022-08-13 21:34:17,320] {logging_mixin.py:115} INFO - [2022-08-13 21:34:17,320] {dag.py:2420} INFO - Sync 1 DAGs
[2022-08-13 21:34:17,350] {logging_mixin.py:115} INFO - [2022-08-13 21:34:17,350] {dag.py:2972} INFO - Setting next_dagrun for example_task_group_decorator to 2022-08-12T21:34:17.350039+00:00, run_after=2022-08-13T21:34:17.350039+00:00
[2022-08-13 21:34:17,370] {processor.py:161} INFO - Processing /home/airflow/.local/lib/python3.7/site-packages/airflow/example_dags/example_task_group_decorator.py took 0.152 seconds
[2022-08-13 21:34:47,553] {processor.py:153} INFO - Started process (PID=4365) to work on /home/airflow/.local/lib/python3.7/site-packages/airflow/example_dags/example_task_group_decorator.py
[2022-08-13 21:34:47,553] {processor.py:641} INFO - Processing file /home/airflow/.local/lib/python3.7/site-packages/airflow/example_dags/example_task_group_decorator.py for tasks to queue
[2022-08-13 21:34:47,554] {logging_mixin.py:115} INFO - [2022-08-13 21:34:47,554] {dagbag.py:508} INFO - Filling up the DagBag from /home/airflow/.local/lib/python3.7/site-packages/airflow/example_dags/example_task_group_decorator.py
[2022-08-13 21:34:47,581] {processor.py:651} INFO - DAG(s) dict_keys(['example_task_group_decorator']) retrieved from /home/airflow/.local/lib/python3.7/site-packages/airflow/example_dags/example_task_group_decorator.py
[2022-08-13 21:34:47,659] {logging_mixin.py:115} INFO - [2022-08-13 21:34:47,659] {dag.py:2420} INFO - Sync 1 DAGs
[2022-08-13 21:34:47,685] {logging_mixin.py:115} INFO - [2022-08-13 21:34:47,685] {dag.py:2972} INFO - Setting next_dagrun for example_task_group_decorator to 2022-08-12T21:34:47.685027+00:00, run_after=2022-08-13T21:34:47.685027+00:00
[2022-08-13 21:34:47,703] {processor.py:161} INFO - Processing /home/airflow/.local/lib/python3.7/site-packages/airflow/example_dags/example_task_group_decorator.py took 0.152 seconds
[2022-08-13 21:35:18,218] {processor.py:153} INFO - Started process (PID=4568) to work on /home/airflow/.local/lib/python3.7/site-packages/airflow/example_dags/example_task_group_decorator.py
[2022-08-13 21:35:18,219] {processor.py:641} INFO - Processing file /home/airflow/.local/lib/python3.7/site-packages/airflow/example_dags/example_task_group_decorator.py for tasks to queue
[2022-08-13 21:35:18,220] {logging_mixin.py:115} INFO - [2022-08-13 21:35:18,220] {dagbag.py:508} INFO - Filling up the DagBag from /home/airflow/.local/lib/python3.7/site-packages/airflow/example_dags/example_task_group_decorator.py
[2022-08-13 21:35:18,256] {processor.py:651} INFO - DAG(s) dict_keys(['example_task_group_decorator']) retrieved from /home/airflow/.local/lib/python3.7/site-packages/airflow/example_dags/example_task_group_decorator.py
[2022-08-13 21:35:18,362] {logging_mixin.py:115} INFO - [2022-08-13 21:35:18,362] {dag.py:2420} INFO - Sync 1 DAGs
[2022-08-13 21:35:18,400] {logging_mixin.py:115} INFO - [2022-08-13 21:35:18,400] {dag.py:2972} INFO - Setting next_dagrun for example_task_group_decorator to 2022-08-12T21:35:18.399900+00:00, run_after=2022-08-13T21:35:18.399900+00:00
[2022-08-13 21:35:18,421] {processor.py:161} INFO - Processing /home/airflow/.local/lib/python3.7/site-packages/airflow/example_dags/example_task_group_decorator.py took 0.207 seconds
[2022-08-13 21:35:49,099] {processor.py:153} INFO - Started process (PID=4762) to work on /home/airflow/.local/lib/python3.7/site-packages/airflow/example_dags/example_task_group_decorator.py
[2022-08-13 21:35:49,100] {processor.py:641} INFO - Processing file /home/airflow/.local/lib/python3.7/site-packages/airflow/example_dags/example_task_group_decorator.py for tasks to queue
[2022-08-13 21:35:49,102] {logging_mixin.py:115} INFO - [2022-08-13 21:35:49,101] {dagbag.py:508} INFO - Filling up the DagBag from /home/airflow/.local/lib/python3.7/site-packages/airflow/example_dags/example_task_group_decorator.py
[2022-08-13 21:35:49,138] {processor.py:651} INFO - DAG(s) dict_keys(['example_task_group_decorator']) retrieved from /home/airflow/.local/lib/python3.7/site-packages/airflow/example_dags/example_task_group_decorator.py
[2022-08-13 21:35:49,235] {logging_mixin.py:115} INFO - [2022-08-13 21:35:49,235] {dag.py:2420} INFO - Sync 1 DAGs
[2022-08-13 21:35:49,272] {logging_mixin.py:115} INFO - [2022-08-13 21:35:49,272] {dag.py:2972} INFO - Setting next_dagrun for example_task_group_decorator to 2022-08-12T21:35:49.271690+00:00, run_after=2022-08-13T21:35:49.271690+00:00
[2022-08-13 21:35:49,293] {processor.py:161} INFO - Processing /home/airflow/.local/lib/python3.7/site-packages/airflow/example_dags/example_task_group_decorator.py took 0.198 seconds
[2022-08-13 21:36:20,186] {processor.py:153} INFO - Started process (PID=4965) to work on /home/airflow/.local/lib/python3.7/site-packages/airflow/example_dags/example_task_group_decorator.py
[2022-08-13 21:36:20,187] {processor.py:641} INFO - Processing file /home/airflow/.local/lib/python3.7/site-packages/airflow/example_dags/example_task_group_decorator.py for tasks to queue
[2022-08-13 21:36:20,188] {logging_mixin.py:115} INFO - [2022-08-13 21:36:20,188] {dagbag.py:508} INFO - Filling up the DagBag from /home/airflow/.local/lib/python3.7/site-packages/airflow/example_dags/example_task_group_decorator.py
[2022-08-13 21:36:20,223] {processor.py:651} INFO - DAG(s) dict_keys(['example_task_group_decorator']) retrieved from /home/airflow/.local/lib/python3.7/site-packages/airflow/example_dags/example_task_group_decorator.py
[2022-08-13 21:36:20,332] {logging_mixin.py:115} INFO - [2022-08-13 21:36:20,332] {dag.py:2420} INFO - Sync 1 DAGs
[2022-08-13 21:36:20,379] {logging_mixin.py:115} INFO - [2022-08-13 21:36:20,379] {dag.py:2972} INFO - Setting next_dagrun for example_task_group_decorator to 2022-08-12T21:36:20.379236+00:00, run_after=2022-08-13T21:36:20.379236+00:00
[2022-08-13 21:36:20,403] {processor.py:161} INFO - Processing /home/airflow/.local/lib/python3.7/site-packages/airflow/example_dags/example_task_group_decorator.py took 0.220 seconds
[2022-08-13 21:36:50,456] {processor.py:153} INFO - Started process (PID=5159) to work on /home/airflow/.local/lib/python3.7/site-packages/airflow/example_dags/example_task_group_decorator.py
[2022-08-13 21:36:50,457] {processor.py:641} INFO - Processing file /home/airflow/.local/lib/python3.7/site-packages/airflow/example_dags/example_task_group_decorator.py for tasks to queue
[2022-08-13 21:36:50,459] {logging_mixin.py:115} INFO - [2022-08-13 21:36:50,458] {dagbag.py:508} INFO - Filling up the DagBag from /home/airflow/.local/lib/python3.7/site-packages/airflow/example_dags/example_task_group_decorator.py
[2022-08-13 21:36:50,512] {processor.py:651} INFO - DAG(s) dict_keys(['example_task_group_decorator']) retrieved from /home/airflow/.local/lib/python3.7/site-packages/airflow/example_dags/example_task_group_decorator.py
[2022-08-13 21:36:50,615] {logging_mixin.py:115} INFO - [2022-08-13 21:36:50,615] {dag.py:2420} INFO - Sync 1 DAGs
[2022-08-13 21:36:50,656] {logging_mixin.py:115} INFO - [2022-08-13 21:36:50,656] {dag.py:2972} INFO - Setting next_dagrun for example_task_group_decorator to 2022-08-12T21:36:50.655981+00:00, run_after=2022-08-13T21:36:50.655981+00:00
[2022-08-13 21:36:50,678] {processor.py:161} INFO - Processing /home/airflow/.local/lib/python3.7/site-packages/airflow/example_dags/example_task_group_decorator.py took 0.225 seconds
[2022-08-13 21:37:20,792] {processor.py:153} INFO - Started process (PID=5362) to work on /home/airflow/.local/lib/python3.7/site-packages/airflow/example_dags/example_task_group_decorator.py
[2022-08-13 21:37:20,793] {processor.py:641} INFO - Processing file /home/airflow/.local/lib/python3.7/site-packages/airflow/example_dags/example_task_group_decorator.py for tasks to queue
[2022-08-13 21:37:20,794] {logging_mixin.py:115} INFO - [2022-08-13 21:37:20,794] {dagbag.py:508} INFO - Filling up the DagBag from /home/airflow/.local/lib/python3.7/site-packages/airflow/example_dags/example_task_group_decorator.py
[2022-08-13 21:37:20,839] {processor.py:651} INFO - DAG(s) dict_keys(['example_task_group_decorator']) retrieved from /home/airflow/.local/lib/python3.7/site-packages/airflow/example_dags/example_task_group_decorator.py
[2022-08-13 21:37:20,951] {logging_mixin.py:115} INFO - [2022-08-13 21:37:20,951] {dag.py:2420} INFO - Sync 1 DAGs
[2022-08-13 21:37:20,990] {logging_mixin.py:115} INFO - [2022-08-13 21:37:20,990] {dag.py:2972} INFO - Setting next_dagrun for example_task_group_decorator to 2022-08-12T21:37:20.989704+00:00, run_after=2022-08-13T21:37:20.989704+00:00
[2022-08-13 21:37:21,009] {processor.py:161} INFO - Processing /home/airflow/.local/lib/python3.7/site-packages/airflow/example_dags/example_task_group_decorator.py took 0.222 seconds
[2022-08-13 21:37:51,085] {processor.py:153} INFO - Started process (PID=5556) to work on /home/airflow/.local/lib/python3.7/site-packages/airflow/example_dags/example_task_group_decorator.py
[2022-08-13 21:37:51,086] {processor.py:641} INFO - Processing file /home/airflow/.local/lib/python3.7/site-packages/airflow/example_dags/example_task_group_decorator.py for tasks to queue
[2022-08-13 21:37:51,087] {logging_mixin.py:115} INFO - [2022-08-13 21:37:51,086] {dagbag.py:508} INFO - Filling up the DagBag from /home/airflow/.local/lib/python3.7/site-packages/airflow/example_dags/example_task_group_decorator.py
[2022-08-13 21:37:51,121] {processor.py:651} INFO - DAG(s) dict_keys(['example_task_group_decorator']) retrieved from /home/airflow/.local/lib/python3.7/site-packages/airflow/example_dags/example_task_group_decorator.py
[2022-08-13 21:37:51,231] {logging_mixin.py:115} INFO - [2022-08-13 21:37:51,231] {dag.py:2420} INFO - Sync 1 DAGs
[2022-08-13 21:37:51,263] {logging_mixin.py:115} INFO - [2022-08-13 21:37:51,262] {dag.py:2972} INFO - Setting next_dagrun for example_task_group_decorator to 2022-08-12T21:37:51.262503+00:00, run_after=2022-08-13T21:37:51.262503+00:00
[2022-08-13 21:37:51,282] {processor.py:161} INFO - Processing /home/airflow/.local/lib/python3.7/site-packages/airflow/example_dags/example_task_group_decorator.py took 0.200 seconds
[2022-08-13 21:38:21,457] {processor.py:153} INFO - Started process (PID=5761) to work on /home/airflow/.local/lib/python3.7/site-packages/airflow/example_dags/example_task_group_decorator.py
[2022-08-13 21:38:21,458] {processor.py:641} INFO - Processing file /home/airflow/.local/lib/python3.7/site-packages/airflow/example_dags/example_task_group_decorator.py for tasks to queue
[2022-08-13 21:38:21,459] {logging_mixin.py:115} INFO - [2022-08-13 21:38:21,459] {dagbag.py:508} INFO - Filling up the DagBag from /home/airflow/.local/lib/python3.7/site-packages/airflow/example_dags/example_task_group_decorator.py
[2022-08-13 21:38:21,500] {processor.py:651} INFO - DAG(s) dict_keys(['example_task_group_decorator']) retrieved from /home/airflow/.local/lib/python3.7/site-packages/airflow/example_dags/example_task_group_decorator.py
[2022-08-13 21:38:21,616] {logging_mixin.py:115} INFO - [2022-08-13 21:38:21,616] {dag.py:2420} INFO - Sync 1 DAGs
[2022-08-13 21:38:21,663] {logging_mixin.py:115} INFO - [2022-08-13 21:38:21,662] {dag.py:2972} INFO - Setting next_dagrun for example_task_group_decorator to 2022-08-12T21:38:21.662381+00:00, run_after=2022-08-13T21:38:21.662381+00:00
[2022-08-13 21:38:21,686] {processor.py:161} INFO - Processing /home/airflow/.local/lib/python3.7/site-packages/airflow/example_dags/example_task_group_decorator.py took 0.233 seconds
[2022-08-13 21:38:51,920] {processor.py:153} INFO - Started process (PID=5956) to work on /home/airflow/.local/lib/python3.7/site-packages/airflow/example_dags/example_task_group_decorator.py
[2022-08-13 21:38:51,921] {processor.py:641} INFO - Processing file /home/airflow/.local/lib/python3.7/site-packages/airflow/example_dags/example_task_group_decorator.py for tasks to queue
[2022-08-13 21:38:51,922] {logging_mixin.py:115} INFO - [2022-08-13 21:38:51,922] {dagbag.py:508} INFO - Filling up the DagBag from /home/airflow/.local/lib/python3.7/site-packages/airflow/example_dags/example_task_group_decorator.py
[2022-08-13 21:38:51,955] {processor.py:651} INFO - DAG(s) dict_keys(['example_task_group_decorator']) retrieved from /home/airflow/.local/lib/python3.7/site-packages/airflow/example_dags/example_task_group_decorator.py
[2022-08-13 21:38:52,067] {logging_mixin.py:115} INFO - [2022-08-13 21:38:52,067] {dag.py:2420} INFO - Sync 1 DAGs
[2022-08-13 21:38:52,104] {logging_mixin.py:115} INFO - [2022-08-13 21:38:52,104] {dag.py:2972} INFO - Setting next_dagrun for example_task_group_decorator to 2022-08-12T21:38:52.104462+00:00, run_after=2022-08-13T21:38:52.104462+00:00
[2022-08-13 21:38:52,129] {processor.py:161} INFO - Processing /home/airflow/.local/lib/python3.7/site-packages/airflow/example_dags/example_task_group_decorator.py took 0.214 seconds
[2022-08-13 21:39:22,568] {processor.py:153} INFO - Started process (PID=6159) to work on /home/airflow/.local/lib/python3.7/site-packages/airflow/example_dags/example_task_group_decorator.py
[2022-08-13 21:39:22,569] {processor.py:641} INFO - Processing file /home/airflow/.local/lib/python3.7/site-packages/airflow/example_dags/example_task_group_decorator.py for tasks to queue
[2022-08-13 21:39:22,570] {logging_mixin.py:115} INFO - [2022-08-13 21:39:22,570] {dagbag.py:508} INFO - Filling up the DagBag from /home/airflow/.local/lib/python3.7/site-packages/airflow/example_dags/example_task_group_decorator.py
[2022-08-13 21:39:22,611] {processor.py:651} INFO - DAG(s) dict_keys(['example_task_group_decorator']) retrieved from /home/airflow/.local/lib/python3.7/site-packages/airflow/example_dags/example_task_group_decorator.py
[2022-08-13 21:39:22,649] {logging_mixin.py:115} INFO - [2022-08-13 21:39:22,649] {dag.py:2420} INFO - Sync 1 DAGs
[2022-08-13 21:39:22,683] {logging_mixin.py:115} INFO - [2022-08-13 21:39:22,682] {dag.py:2972} INFO - Setting next_dagrun for example_task_group_decorator to 2022-08-12T21:39:22.682616+00:00, run_after=2022-08-13T21:39:22.682616+00:00
[2022-08-13 21:39:22,704] {processor.py:161} INFO - Processing /home/airflow/.local/lib/python3.7/site-packages/airflow/example_dags/example_task_group_decorator.py took 0.140 seconds
[2022-08-13 21:39:53,421] {processor.py:153} INFO - Started process (PID=6353) to work on /home/airflow/.local/lib/python3.7/site-packages/airflow/example_dags/example_task_group_decorator.py
[2022-08-13 21:39:53,422] {processor.py:641} INFO - Processing file /home/airflow/.local/lib/python3.7/site-packages/airflow/example_dags/example_task_group_decorator.py for tasks to queue
[2022-08-13 21:39:53,423] {logging_mixin.py:115} INFO - [2022-08-13 21:39:53,423] {dagbag.py:508} INFO - Filling up the DagBag from /home/airflow/.local/lib/python3.7/site-packages/airflow/example_dags/example_task_group_decorator.py
[2022-08-13 21:39:53,456] {processor.py:651} INFO - DAG(s) dict_keys(['example_task_group_decorator']) retrieved from /home/airflow/.local/lib/python3.7/site-packages/airflow/example_dags/example_task_group_decorator.py
[2022-08-13 21:39:53,541] {logging_mixin.py:115} INFO - [2022-08-13 21:39:53,540] {dag.py:2420} INFO - Sync 1 DAGs
[2022-08-13 21:39:53,568] {logging_mixin.py:115} INFO - [2022-08-13 21:39:53,568] {dag.py:2972} INFO - Setting next_dagrun for example_task_group_decorator to 2022-08-12T21:39:53.568478+00:00, run_after=2022-08-13T21:39:53.568478+00:00
[2022-08-13 21:39:53,589] {processor.py:161} INFO - Processing /home/airflow/.local/lib/python3.7/site-packages/airflow/example_dags/example_task_group_decorator.py took 0.171 seconds
[2022-08-13 21:40:24,349] {processor.py:153} INFO - Started process (PID=6556) to work on /home/airflow/.local/lib/python3.7/site-packages/airflow/example_dags/example_task_group_decorator.py
[2022-08-13 21:40:24,350] {processor.py:641} INFO - Processing file /home/airflow/.local/lib/python3.7/site-packages/airflow/example_dags/example_task_group_decorator.py for tasks to queue
[2022-08-13 21:40:24,351] {logging_mixin.py:115} INFO - [2022-08-13 21:40:24,351] {dagbag.py:508} INFO - Filling up the DagBag from /home/airflow/.local/lib/python3.7/site-packages/airflow/example_dags/example_task_group_decorator.py
[2022-08-13 21:40:24,387] {processor.py:651} INFO - DAG(s) dict_keys(['example_task_group_decorator']) retrieved from /home/airflow/.local/lib/python3.7/site-packages/airflow/example_dags/example_task_group_decorator.py
[2022-08-13 21:40:24,493] {logging_mixin.py:115} INFO - [2022-08-13 21:40:24,493] {dag.py:2420} INFO - Sync 1 DAGs
[2022-08-13 21:40:24,527] {logging_mixin.py:115} INFO - [2022-08-13 21:40:24,527] {dag.py:2972} INFO - Setting next_dagrun for example_task_group_decorator to 2022-08-12T21:40:24.527119+00:00, run_after=2022-08-13T21:40:24.527119+00:00
[2022-08-13 21:40:24,546] {processor.py:161} INFO - Processing /home/airflow/.local/lib/python3.7/site-packages/airflow/example_dags/example_task_group_decorator.py took 0.200 seconds
[2022-08-13 21:40:54,950] {processor.py:153} INFO - Started process (PID=6750) to work on /home/airflow/.local/lib/python3.7/site-packages/airflow/example_dags/example_task_group_decorator.py
[2022-08-13 21:40:54,951] {processor.py:641} INFO - Processing file /home/airflow/.local/lib/python3.7/site-packages/airflow/example_dags/example_task_group_decorator.py for tasks to queue
[2022-08-13 21:40:54,952] {logging_mixin.py:115} INFO - [2022-08-13 21:40:54,951] {dagbag.py:508} INFO - Filling up the DagBag from /home/airflow/.local/lib/python3.7/site-packages/airflow/example_dags/example_task_group_decorator.py
[2022-08-13 21:40:54,989] {processor.py:651} INFO - DAG(s) dict_keys(['example_task_group_decorator']) retrieved from /home/airflow/.local/lib/python3.7/site-packages/airflow/example_dags/example_task_group_decorator.py
[2022-08-13 21:40:55,074] {logging_mixin.py:115} INFO - [2022-08-13 21:40:55,074] {dag.py:2420} INFO - Sync 1 DAGs
[2022-08-13 21:40:55,108] {logging_mixin.py:115} INFO - [2022-08-13 21:40:55,108] {dag.py:2972} INFO - Setting next_dagrun for example_task_group_decorator to 2022-08-12T21:40:55.107868+00:00, run_after=2022-08-13T21:40:55.107868+00:00
[2022-08-13 21:40:55,128] {processor.py:161} INFO - Processing /home/airflow/.local/lib/python3.7/site-packages/airflow/example_dags/example_task_group_decorator.py took 0.182 seconds
[2022-08-13 21:41:25,190] {processor.py:153} INFO - Started process (PID=6954) to work on /home/airflow/.local/lib/python3.7/site-packages/airflow/example_dags/example_task_group_decorator.py
[2022-08-13 21:41:25,191] {processor.py:641} INFO - Processing file /home/airflow/.local/lib/python3.7/site-packages/airflow/example_dags/example_task_group_decorator.py for tasks to queue
[2022-08-13 21:41:25,192] {logging_mixin.py:115} INFO - [2022-08-13 21:41:25,192] {dagbag.py:508} INFO - Filling up the DagBag from /home/airflow/.local/lib/python3.7/site-packages/airflow/example_dags/example_task_group_decorator.py
[2022-08-13 21:41:25,227] {processor.py:651} INFO - DAG(s) dict_keys(['example_task_group_decorator']) retrieved from /home/airflow/.local/lib/python3.7/site-packages/airflow/example_dags/example_task_group_decorator.py
[2022-08-13 21:41:25,329] {logging_mixin.py:115} INFO - [2022-08-13 21:41:25,329] {dag.py:2420} INFO - Sync 1 DAGs
[2022-08-13 21:41:25,363] {logging_mixin.py:115} INFO - [2022-08-13 21:41:25,363] {dag.py:2972} INFO - Setting next_dagrun for example_task_group_decorator to 2022-08-12T21:41:25.363245+00:00, run_after=2022-08-13T21:41:25.363245+00:00
[2022-08-13 21:41:25,385] {processor.py:161} INFO - Processing /home/airflow/.local/lib/python3.7/site-packages/airflow/example_dags/example_task_group_decorator.py took 0.199 seconds
[2022-08-13 21:41:55,792] {processor.py:153} INFO - Started process (PID=7148) to work on /home/airflow/.local/lib/python3.7/site-packages/airflow/example_dags/example_task_group_decorator.py
[2022-08-13 21:41:55,793] {processor.py:641} INFO - Processing file /home/airflow/.local/lib/python3.7/site-packages/airflow/example_dags/example_task_group_decorator.py for tasks to queue
[2022-08-13 21:41:55,794] {logging_mixin.py:115} INFO - [2022-08-13 21:41:55,794] {dagbag.py:508} INFO - Filling up the DagBag from /home/airflow/.local/lib/python3.7/site-packages/airflow/example_dags/example_task_group_decorator.py
[2022-08-13 21:41:55,835] {processor.py:651} INFO - DAG(s) dict_keys(['example_task_group_decorator']) retrieved from /home/airflow/.local/lib/python3.7/site-packages/airflow/example_dags/example_task_group_decorator.py
[2022-08-13 21:41:55,933] {logging_mixin.py:115} INFO - [2022-08-13 21:41:55,933] {dag.py:2420} INFO - Sync 1 DAGs
[2022-08-13 21:41:55,966] {logging_mixin.py:115} INFO - [2022-08-13 21:41:55,966] {dag.py:2972} INFO - Setting next_dagrun for example_task_group_decorator to 2022-08-12T21:41:55.966555+00:00, run_after=2022-08-13T21:41:55.966555+00:00
[2022-08-13 21:41:55,991] {processor.py:161} INFO - Processing /home/airflow/.local/lib/python3.7/site-packages/airflow/example_dags/example_task_group_decorator.py took 0.202 seconds
[2022-08-13 21:42:26,332] {processor.py:153} INFO - Started process (PID=7351) to work on /home/airflow/.local/lib/python3.7/site-packages/airflow/example_dags/example_task_group_decorator.py
[2022-08-13 21:42:26,332] {processor.py:641} INFO - Processing file /home/airflow/.local/lib/python3.7/site-packages/airflow/example_dags/example_task_group_decorator.py for tasks to queue
[2022-08-13 21:42:26,333] {logging_mixin.py:115} INFO - [2022-08-13 21:42:26,333] {dagbag.py:508} INFO - Filling up the DagBag from /home/airflow/.local/lib/python3.7/site-packages/airflow/example_dags/example_task_group_decorator.py
[2022-08-13 21:42:26,371] {processor.py:651} INFO - DAG(s) dict_keys(['example_task_group_decorator']) retrieved from /home/airflow/.local/lib/python3.7/site-packages/airflow/example_dags/example_task_group_decorator.py
[2022-08-13 21:42:26,403] {logging_mixin.py:115} INFO - [2022-08-13 21:42:26,402] {dag.py:2420} INFO - Sync 1 DAGs
[2022-08-13 21:42:26,428] {logging_mixin.py:115} INFO - [2022-08-13 21:42:26,428] {dag.py:2972} INFO - Setting next_dagrun for example_task_group_decorator to 2022-08-12T21:42:26.427643+00:00, run_after=2022-08-13T21:42:26.427643+00:00
[2022-08-13 21:42:26,445] {processor.py:161} INFO - Processing /home/airflow/.local/lib/python3.7/site-packages/airflow/example_dags/example_task_group_decorator.py took 0.116 seconds
[2022-08-13 21:48:54,945] {processor.py:153} INFO - Started process (PID=7544) to work on /home/airflow/.local/lib/python3.7/site-packages/airflow/example_dags/example_task_group_decorator.py
[2022-08-13 21:48:54,946] {processor.py:641} INFO - Processing file /home/airflow/.local/lib/python3.7/site-packages/airflow/example_dags/example_task_group_decorator.py for tasks to queue
[2022-08-13 21:48:54,947] {logging_mixin.py:115} INFO - [2022-08-13 21:48:54,947] {dagbag.py:508} INFO - Filling up the DagBag from /home/airflow/.local/lib/python3.7/site-packages/airflow/example_dags/example_task_group_decorator.py
[2022-08-13 21:48:54,979] {processor.py:651} INFO - DAG(s) dict_keys(['example_task_group_decorator']) retrieved from /home/airflow/.local/lib/python3.7/site-packages/airflow/example_dags/example_task_group_decorator.py
[2022-08-13 21:48:55,076] {logging_mixin.py:115} INFO - [2022-08-13 21:48:55,076] {dag.py:2420} INFO - Sync 1 DAGs
[2022-08-13 21:48:55,119] {logging_mixin.py:115} INFO - [2022-08-13 21:48:55,118] {dag.py:2972} INFO - Setting next_dagrun for example_task_group_decorator to 2022-08-12T21:48:55.118644+00:00, run_after=2022-08-13T21:48:55.118644+00:00
[2022-08-13 21:48:55,142] {processor.py:161} INFO - Processing /home/airflow/.local/lib/python3.7/site-packages/airflow/example_dags/example_task_group_decorator.py took 0.200 seconds
[2022-08-13 21:49:25,953] {processor.py:153} INFO - Started process (PID=7749) to work on /home/airflow/.local/lib/python3.7/site-packages/airflow/example_dags/example_task_group_decorator.py
[2022-08-13 21:49:25,954] {processor.py:641} INFO - Processing file /home/airflow/.local/lib/python3.7/site-packages/airflow/example_dags/example_task_group_decorator.py for tasks to queue
[2022-08-13 21:49:25,955] {logging_mixin.py:115} INFO - [2022-08-13 21:49:25,955] {dagbag.py:508} INFO - Filling up the DagBag from /home/airflow/.local/lib/python3.7/site-packages/airflow/example_dags/example_task_group_decorator.py
[2022-08-13 21:49:25,980] {processor.py:651} INFO - DAG(s) dict_keys(['example_task_group_decorator']) retrieved from /home/airflow/.local/lib/python3.7/site-packages/airflow/example_dags/example_task_group_decorator.py
[2022-08-13 21:49:26,050] {logging_mixin.py:115} INFO - [2022-08-13 21:49:26,049] {dag.py:2420} INFO - Sync 1 DAGs
[2022-08-13 21:49:26,076] {logging_mixin.py:115} INFO - [2022-08-13 21:49:26,076] {dag.py:2972} INFO - Setting next_dagrun for example_task_group_decorator to 2022-08-12T21:49:26.076026+00:00, run_after=2022-08-13T21:49:26.076026+00:00
[2022-08-13 21:49:26,097] {processor.py:161} INFO - Processing /home/airflow/.local/lib/python3.7/site-packages/airflow/example_dags/example_task_group_decorator.py took 0.147 seconds
[2022-08-13 21:49:56,774] {processor.py:153} INFO - Started process (PID=7950) to work on /home/airflow/.local/lib/python3.7/site-packages/airflow/example_dags/example_task_group_decorator.py
[2022-08-13 21:49:56,775] {processor.py:641} INFO - Processing file /home/airflow/.local/lib/python3.7/site-packages/airflow/example_dags/example_task_group_decorator.py for tasks to queue
[2022-08-13 21:49:56,776] {logging_mixin.py:115} INFO - [2022-08-13 21:49:56,776] {dagbag.py:508} INFO - Filling up the DagBag from /home/airflow/.local/lib/python3.7/site-packages/airflow/example_dags/example_task_group_decorator.py
[2022-08-13 21:49:56,805] {processor.py:651} INFO - DAG(s) dict_keys(['example_task_group_decorator']) retrieved from /home/airflow/.local/lib/python3.7/site-packages/airflow/example_dags/example_task_group_decorator.py
[2022-08-13 21:49:56,885] {logging_mixin.py:115} INFO - [2022-08-13 21:49:56,884] {dag.py:2420} INFO - Sync 1 DAGs
[2022-08-13 21:49:56,909] {logging_mixin.py:115} INFO - [2022-08-13 21:49:56,909] {dag.py:2972} INFO - Setting next_dagrun for example_task_group_decorator to 2022-08-12T21:49:56.909267+00:00, run_after=2022-08-13T21:49:56.909267+00:00
[2022-08-13 21:49:56,929] {processor.py:161} INFO - Processing /home/airflow/.local/lib/python3.7/site-packages/airflow/example_dags/example_task_group_decorator.py took 0.157 seconds
[2022-08-13 21:50:27,763] {processor.py:153} INFO - Started process (PID=8144) to work on /home/airflow/.local/lib/python3.7/site-packages/airflow/example_dags/example_task_group_decorator.py
[2022-08-13 21:50:27,764] {processor.py:641} INFO - Processing file /home/airflow/.local/lib/python3.7/site-packages/airflow/example_dags/example_task_group_decorator.py for tasks to queue
[2022-08-13 21:50:27,764] {logging_mixin.py:115} INFO - [2022-08-13 21:50:27,764] {dagbag.py:508} INFO - Filling up the DagBag from /home/airflow/.local/lib/python3.7/site-packages/airflow/example_dags/example_task_group_decorator.py
[2022-08-13 21:50:27,795] {processor.py:651} INFO - DAG(s) dict_keys(['example_task_group_decorator']) retrieved from /home/airflow/.local/lib/python3.7/site-packages/airflow/example_dags/example_task_group_decorator.py
[2022-08-13 21:50:27,891] {logging_mixin.py:115} INFO - [2022-08-13 21:50:27,891] {dag.py:2420} INFO - Sync 1 DAGs
[2022-08-13 21:50:27,921] {logging_mixin.py:115} INFO - [2022-08-13 21:50:27,921] {dag.py:2972} INFO - Setting next_dagrun for example_task_group_decorator to 2022-08-12T21:50:27.920868+00:00, run_after=2022-08-13T21:50:27.920868+00:00
[2022-08-13 21:50:27,945] {processor.py:161} INFO - Processing /home/airflow/.local/lib/python3.7/site-packages/airflow/example_dags/example_task_group_decorator.py took 0.185 seconds
[2022-08-13 21:50:58,777] {processor.py:153} INFO - Started process (PID=8351) to work on /home/airflow/.local/lib/python3.7/site-packages/airflow/example_dags/example_task_group_decorator.py
[2022-08-13 21:50:58,778] {processor.py:641} INFO - Processing file /home/airflow/.local/lib/python3.7/site-packages/airflow/example_dags/example_task_group_decorator.py for tasks to queue
[2022-08-13 21:50:58,778] {logging_mixin.py:115} INFO - [2022-08-13 21:50:58,778] {dagbag.py:508} INFO - Filling up the DagBag from /home/airflow/.local/lib/python3.7/site-packages/airflow/example_dags/example_task_group_decorator.py
[2022-08-13 21:50:58,807] {processor.py:651} INFO - DAG(s) dict_keys(['example_task_group_decorator']) retrieved from /home/airflow/.local/lib/python3.7/site-packages/airflow/example_dags/example_task_group_decorator.py
[2022-08-13 21:50:58,886] {logging_mixin.py:115} INFO - [2022-08-13 21:50:58,886] {dag.py:2420} INFO - Sync 1 DAGs
[2022-08-13 21:50:58,914] {logging_mixin.py:115} INFO - [2022-08-13 21:50:58,914] {dag.py:2972} INFO - Setting next_dagrun for example_task_group_decorator to 2022-08-12T21:50:58.914558+00:00, run_after=2022-08-13T21:50:58.914558+00:00
[2022-08-13 21:50:58,933] {processor.py:161} INFO - Processing /home/airflow/.local/lib/python3.7/site-packages/airflow/example_dags/example_task_group_decorator.py took 0.159 seconds
[2022-08-13 21:51:29,582] {processor.py:153} INFO - Started process (PID=8543) to work on /home/airflow/.local/lib/python3.7/site-packages/airflow/example_dags/example_task_group_decorator.py
[2022-08-13 21:51:29,583] {processor.py:641} INFO - Processing file /home/airflow/.local/lib/python3.7/site-packages/airflow/example_dags/example_task_group_decorator.py for tasks to queue
[2022-08-13 21:51:29,584] {logging_mixin.py:115} INFO - [2022-08-13 21:51:29,584] {dagbag.py:508} INFO - Filling up the DagBag from /home/airflow/.local/lib/python3.7/site-packages/airflow/example_dags/example_task_group_decorator.py
[2022-08-13 21:51:29,618] {processor.py:651} INFO - DAG(s) dict_keys(['example_task_group_decorator']) retrieved from /home/airflow/.local/lib/python3.7/site-packages/airflow/example_dags/example_task_group_decorator.py
[2022-08-13 21:51:29,720] {logging_mixin.py:115} INFO - [2022-08-13 21:51:29,720] {dag.py:2420} INFO - Sync 1 DAGs
[2022-08-13 21:51:29,745] {logging_mixin.py:115} INFO - [2022-08-13 21:51:29,744] {dag.py:2972} INFO - Setting next_dagrun for example_task_group_decorator to 2022-08-12T21:51:29.744670+00:00, run_after=2022-08-13T21:51:29.744670+00:00
[2022-08-13 21:51:29,765] {processor.py:161} INFO - Processing /home/airflow/.local/lib/python3.7/site-packages/airflow/example_dags/example_task_group_decorator.py took 0.187 seconds
[2022-08-13 21:52:00,620] {processor.py:153} INFO - Started process (PID=8746) to work on /home/airflow/.local/lib/python3.7/site-packages/airflow/example_dags/example_task_group_decorator.py
[2022-08-13 21:52:00,621] {processor.py:641} INFO - Processing file /home/airflow/.local/lib/python3.7/site-packages/airflow/example_dags/example_task_group_decorator.py for tasks to queue
[2022-08-13 21:52:00,621] {logging_mixin.py:115} INFO - [2022-08-13 21:52:00,621] {dagbag.py:508} INFO - Filling up the DagBag from /home/airflow/.local/lib/python3.7/site-packages/airflow/example_dags/example_task_group_decorator.py
[2022-08-13 21:52:00,654] {processor.py:651} INFO - DAG(s) dict_keys(['example_task_group_decorator']) retrieved from /home/airflow/.local/lib/python3.7/site-packages/airflow/example_dags/example_task_group_decorator.py
[2022-08-13 21:52:00,745] {logging_mixin.py:115} INFO - [2022-08-13 21:52:00,745] {dag.py:2420} INFO - Sync 1 DAGs
[2022-08-13 21:52:00,770] {logging_mixin.py:115} INFO - [2022-08-13 21:52:00,769] {dag.py:2972} INFO - Setting next_dagrun for example_task_group_decorator to 2022-08-12T21:52:00.769637+00:00, run_after=2022-08-13T21:52:00.769637+00:00
[2022-08-13 21:52:00,787] {processor.py:161} INFO - Processing /home/airflow/.local/lib/python3.7/site-packages/airflow/example_dags/example_task_group_decorator.py took 0.170 seconds
[2022-08-13 21:52:31,726] {processor.py:153} INFO - Started process (PID=8947) to work on /home/airflow/.local/lib/python3.7/site-packages/airflow/example_dags/example_task_group_decorator.py
[2022-08-13 21:52:31,727] {processor.py:641} INFO - Processing file /home/airflow/.local/lib/python3.7/site-packages/airflow/example_dags/example_task_group_decorator.py for tasks to queue
[2022-08-13 21:52:31,728] {logging_mixin.py:115} INFO - [2022-08-13 21:52:31,728] {dagbag.py:508} INFO - Filling up the DagBag from /home/airflow/.local/lib/python3.7/site-packages/airflow/example_dags/example_task_group_decorator.py
[2022-08-13 21:52:31,764] {processor.py:651} INFO - DAG(s) dict_keys(['example_task_group_decorator']) retrieved from /home/airflow/.local/lib/python3.7/site-packages/airflow/example_dags/example_task_group_decorator.py
[2022-08-13 21:52:31,870] {logging_mixin.py:115} INFO - [2022-08-13 21:52:31,870] {dag.py:2420} INFO - Sync 1 DAGs
[2022-08-13 21:52:31,904] {logging_mixin.py:115} INFO - [2022-08-13 21:52:31,904] {dag.py:2972} INFO - Setting next_dagrun for example_task_group_decorator to 2022-08-12T21:52:31.904327+00:00, run_after=2022-08-13T21:52:31.904327+00:00
[2022-08-13 21:52:31,929] {processor.py:161} INFO - Processing /home/airflow/.local/lib/python3.7/site-packages/airflow/example_dags/example_task_group_decorator.py took 0.206 seconds
[2022-08-13 21:53:02,222] {processor.py:153} INFO - Started process (PID=9143) to work on /home/airflow/.local/lib/python3.7/site-packages/airflow/example_dags/example_task_group_decorator.py
[2022-08-13 21:53:02,223] {processor.py:641} INFO - Processing file /home/airflow/.local/lib/python3.7/site-packages/airflow/example_dags/example_task_group_decorator.py for tasks to queue
[2022-08-13 21:53:02,224] {logging_mixin.py:115} INFO - [2022-08-13 21:53:02,224] {dagbag.py:508} INFO - Filling up the DagBag from /home/airflow/.local/lib/python3.7/site-packages/airflow/example_dags/example_task_group_decorator.py
[2022-08-13 21:53:02,257] {processor.py:651} INFO - DAG(s) dict_keys(['example_task_group_decorator']) retrieved from /home/airflow/.local/lib/python3.7/site-packages/airflow/example_dags/example_task_group_decorator.py
[2022-08-13 21:53:02,349] {logging_mixin.py:115} INFO - [2022-08-13 21:53:02,349] {dag.py:2420} INFO - Sync 1 DAGs
[2022-08-13 21:53:02,376] {logging_mixin.py:115} INFO - [2022-08-13 21:53:02,376] {dag.py:2972} INFO - Setting next_dagrun for example_task_group_decorator to 2022-08-12T21:53:02.375956+00:00, run_after=2022-08-13T21:53:02.375956+00:00
[2022-08-13 21:53:02,395] {processor.py:161} INFO - Processing /home/airflow/.local/lib/python3.7/site-packages/airflow/example_dags/example_task_group_decorator.py took 0.175 seconds
[2022-08-13 21:53:32,749] {processor.py:153} INFO - Started process (PID=9346) to work on /home/airflow/.local/lib/python3.7/site-packages/airflow/example_dags/example_task_group_decorator.py
[2022-08-13 21:53:32,750] {processor.py:641} INFO - Processing file /home/airflow/.local/lib/python3.7/site-packages/airflow/example_dags/example_task_group_decorator.py for tasks to queue
[2022-08-13 21:53:32,751] {logging_mixin.py:115} INFO - [2022-08-13 21:53:32,751] {dagbag.py:508} INFO - Filling up the DagBag from /home/airflow/.local/lib/python3.7/site-packages/airflow/example_dags/example_task_group_decorator.py
[2022-08-13 21:53:32,786] {processor.py:651} INFO - DAG(s) dict_keys(['example_task_group_decorator']) retrieved from /home/airflow/.local/lib/python3.7/site-packages/airflow/example_dags/example_task_group_decorator.py
[2022-08-13 21:53:32,890] {logging_mixin.py:115} INFO - [2022-08-13 21:53:32,890] {dag.py:2420} INFO - Sync 1 DAGs
[2022-08-13 21:53:32,927] {logging_mixin.py:115} INFO - [2022-08-13 21:53:32,927] {dag.py:2972} INFO - Setting next_dagrun for example_task_group_decorator to 2022-08-12T21:53:32.926769+00:00, run_after=2022-08-13T21:53:32.926769+00:00
[2022-08-13 21:53:32,949] {processor.py:161} INFO - Processing /home/airflow/.local/lib/python3.7/site-packages/airflow/example_dags/example_task_group_decorator.py took 0.203 seconds
[2022-08-13 21:54:03,812] {processor.py:153} INFO - Started process (PID=9542) to work on /home/airflow/.local/lib/python3.7/site-packages/airflow/example_dags/example_task_group_decorator.py
[2022-08-13 21:54:03,813] {processor.py:641} INFO - Processing file /home/airflow/.local/lib/python3.7/site-packages/airflow/example_dags/example_task_group_decorator.py for tasks to queue
[2022-08-13 21:54:03,813] {logging_mixin.py:115} INFO - [2022-08-13 21:54:03,813] {dagbag.py:508} INFO - Filling up the DagBag from /home/airflow/.local/lib/python3.7/site-packages/airflow/example_dags/example_task_group_decorator.py
[2022-08-13 21:54:03,841] {processor.py:651} INFO - DAG(s) dict_keys(['example_task_group_decorator']) retrieved from /home/airflow/.local/lib/python3.7/site-packages/airflow/example_dags/example_task_group_decorator.py
[2022-08-13 21:54:03,919] {logging_mixin.py:115} INFO - [2022-08-13 21:54:03,919] {dag.py:2420} INFO - Sync 1 DAGs
[2022-08-13 21:54:03,942] {logging_mixin.py:115} INFO - [2022-08-13 21:54:03,942] {dag.py:2972} INFO - Setting next_dagrun for example_task_group_decorator to 2022-08-12T21:54:03.942268+00:00, run_after=2022-08-13T21:54:03.942268+00:00
[2022-08-13 21:54:03,969] {processor.py:161} INFO - Processing /home/airflow/.local/lib/python3.7/site-packages/airflow/example_dags/example_task_group_decorator.py took 0.159 seconds
[2022-08-13 21:54:34,956] {processor.py:153} INFO - Started process (PID=9744) to work on /home/airflow/.local/lib/python3.7/site-packages/airflow/example_dags/example_task_group_decorator.py
[2022-08-13 21:54:34,957] {processor.py:641} INFO - Processing file /home/airflow/.local/lib/python3.7/site-packages/airflow/example_dags/example_task_group_decorator.py for tasks to queue
[2022-08-13 21:54:34,957] {logging_mixin.py:115} INFO - [2022-08-13 21:54:34,957] {dagbag.py:508} INFO - Filling up the DagBag from /home/airflow/.local/lib/python3.7/site-packages/airflow/example_dags/example_task_group_decorator.py
[2022-08-13 21:54:34,993] {processor.py:651} INFO - DAG(s) dict_keys(['example_task_group_decorator']) retrieved from /home/airflow/.local/lib/python3.7/site-packages/airflow/example_dags/example_task_group_decorator.py
[2022-08-13 21:54:35,100] {logging_mixin.py:115} INFO - [2022-08-13 21:54:35,099] {dag.py:2420} INFO - Sync 1 DAGs
[2022-08-13 21:54:35,126] {logging_mixin.py:115} INFO - [2022-08-13 21:54:35,126] {dag.py:2972} INFO - Setting next_dagrun for example_task_group_decorator to 2022-08-12T21:54:35.126302+00:00, run_after=2022-08-13T21:54:35.126302+00:00
[2022-08-13 21:54:35,145] {processor.py:161} INFO - Processing /home/airflow/.local/lib/python3.7/site-packages/airflow/example_dags/example_task_group_decorator.py took 0.193 seconds
[2022-08-13 21:55:05,226] {processor.py:153} INFO - Started process (PID=9940) to work on /home/airflow/.local/lib/python3.7/site-packages/airflow/example_dags/example_task_group_decorator.py
[2022-08-13 21:55:05,227] {processor.py:641} INFO - Processing file /home/airflow/.local/lib/python3.7/site-packages/airflow/example_dags/example_task_group_decorator.py for tasks to queue
[2022-08-13 21:55:05,228] {logging_mixin.py:115} INFO - [2022-08-13 21:55:05,227] {dagbag.py:508} INFO - Filling up the DagBag from /home/airflow/.local/lib/python3.7/site-packages/airflow/example_dags/example_task_group_decorator.py
[2022-08-13 21:55:05,262] {processor.py:651} INFO - DAG(s) dict_keys(['example_task_group_decorator']) retrieved from /home/airflow/.local/lib/python3.7/site-packages/airflow/example_dags/example_task_group_decorator.py
[2022-08-13 21:55:05,352] {logging_mixin.py:115} INFO - [2022-08-13 21:55:05,352] {dag.py:2420} INFO - Sync 1 DAGs
[2022-08-13 21:55:05,379] {logging_mixin.py:115} INFO - [2022-08-13 21:55:05,378] {dag.py:2972} INFO - Setting next_dagrun for example_task_group_decorator to 2022-08-12T21:55:05.378545+00:00, run_after=2022-08-13T21:55:05.378545+00:00
[2022-08-13 21:55:05,399] {processor.py:161} INFO - Processing /home/airflow/.local/lib/python3.7/site-packages/airflow/example_dags/example_task_group_decorator.py took 0.175 seconds
[2022-08-13 21:55:35,802] {processor.py:153} INFO - Started process (PID=10141) to work on /home/airflow/.local/lib/python3.7/site-packages/airflow/example_dags/example_task_group_decorator.py
[2022-08-13 21:55:35,803] {processor.py:641} INFO - Processing file /home/airflow/.local/lib/python3.7/site-packages/airflow/example_dags/example_task_group_decorator.py for tasks to queue
[2022-08-13 21:55:35,804] {logging_mixin.py:115} INFO - [2022-08-13 21:55:35,804] {dagbag.py:508} INFO - Filling up the DagBag from /home/airflow/.local/lib/python3.7/site-packages/airflow/example_dags/example_task_group_decorator.py
[2022-08-13 21:55:35,845] {processor.py:651} INFO - DAG(s) dict_keys(['example_task_group_decorator']) retrieved from /home/airflow/.local/lib/python3.7/site-packages/airflow/example_dags/example_task_group_decorator.py
[2022-08-13 21:55:35,952] {logging_mixin.py:115} INFO - [2022-08-13 21:55:35,952] {dag.py:2420} INFO - Sync 1 DAGs
[2022-08-13 21:55:35,977] {logging_mixin.py:115} INFO - [2022-08-13 21:55:35,977] {dag.py:2972} INFO - Setting next_dagrun for example_task_group_decorator to 2022-08-12T21:55:35.977270+00:00, run_after=2022-08-13T21:55:35.977270+00:00
[2022-08-13 21:55:35,995] {processor.py:161} INFO - Processing /home/airflow/.local/lib/python3.7/site-packages/airflow/example_dags/example_task_group_decorator.py took 0.196 seconds
[2022-08-13 21:56:07,102] {processor.py:153} INFO - Started process (PID=10335) to work on /home/airflow/.local/lib/python3.7/site-packages/airflow/example_dags/example_task_group_decorator.py
[2022-08-13 21:56:07,103] {processor.py:641} INFO - Processing file /home/airflow/.local/lib/python3.7/site-packages/airflow/example_dags/example_task_group_decorator.py for tasks to queue
[2022-08-13 21:56:07,104] {logging_mixin.py:115} INFO - [2022-08-13 21:56:07,104] {dagbag.py:508} INFO - Filling up the DagBag from /home/airflow/.local/lib/python3.7/site-packages/airflow/example_dags/example_task_group_decorator.py
[2022-08-13 21:56:07,141] {processor.py:651} INFO - DAG(s) dict_keys(['example_task_group_decorator']) retrieved from /home/airflow/.local/lib/python3.7/site-packages/airflow/example_dags/example_task_group_decorator.py
[2022-08-13 21:56:07,178] {logging_mixin.py:115} INFO - [2022-08-13 21:56:07,178] {dag.py:2420} INFO - Sync 1 DAGs
[2022-08-13 21:56:07,204] {logging_mixin.py:115} INFO - [2022-08-13 21:56:07,204] {dag.py:2972} INFO - Setting next_dagrun for example_task_group_decorator to 2022-08-12T21:56:07.203951+00:00, run_after=2022-08-13T21:56:07.203951+00:00
[2022-08-13 21:56:07,222] {processor.py:161} INFO - Processing /home/airflow/.local/lib/python3.7/site-packages/airflow/example_dags/example_task_group_decorator.py took 0.123 seconds
[2022-08-13 21:56:37,626] {processor.py:153} INFO - Started process (PID=10538) to work on /home/airflow/.local/lib/python3.7/site-packages/airflow/example_dags/example_task_group_decorator.py
[2022-08-13 21:56:37,627] {processor.py:641} INFO - Processing file /home/airflow/.local/lib/python3.7/site-packages/airflow/example_dags/example_task_group_decorator.py for tasks to queue
[2022-08-13 21:56:37,628] {logging_mixin.py:115} INFO - [2022-08-13 21:56:37,628] {dagbag.py:508} INFO - Filling up the DagBag from /home/airflow/.local/lib/python3.7/site-packages/airflow/example_dags/example_task_group_decorator.py
[2022-08-13 21:56:37,684] {processor.py:651} INFO - DAG(s) dict_keys(['example_task_group_decorator']) retrieved from /home/airflow/.local/lib/python3.7/site-packages/airflow/example_dags/example_task_group_decorator.py
[2022-08-13 21:56:37,821] {logging_mixin.py:115} INFO - [2022-08-13 21:56:37,821] {dag.py:2420} INFO - Sync 1 DAGs
[2022-08-13 21:56:37,858] {logging_mixin.py:115} INFO - [2022-08-13 21:56:37,858] {dag.py:2972} INFO - Setting next_dagrun for example_task_group_decorator to 2022-08-12T21:56:37.857942+00:00, run_after=2022-08-13T21:56:37.857942+00:00
[2022-08-13 21:56:37,882] {processor.py:161} INFO - Processing /home/airflow/.local/lib/python3.7/site-packages/airflow/example_dags/example_task_group_decorator.py took 0.259 seconds
[2022-08-13 21:57:08,104] {processor.py:153} INFO - Started process (PID=10732) to work on /home/airflow/.local/lib/python3.7/site-packages/airflow/example_dags/example_task_group_decorator.py
[2022-08-13 21:57:08,106] {processor.py:641} INFO - Processing file /home/airflow/.local/lib/python3.7/site-packages/airflow/example_dags/example_task_group_decorator.py for tasks to queue
[2022-08-13 21:57:08,107] {logging_mixin.py:115} INFO - [2022-08-13 21:57:08,107] {dagbag.py:508} INFO - Filling up the DagBag from /home/airflow/.local/lib/python3.7/site-packages/airflow/example_dags/example_task_group_decorator.py
[2022-08-13 21:57:08,164] {processor.py:651} INFO - DAG(s) dict_keys(['example_task_group_decorator']) retrieved from /home/airflow/.local/lib/python3.7/site-packages/airflow/example_dags/example_task_group_decorator.py
[2022-08-13 21:57:08,205] {logging_mixin.py:115} INFO - [2022-08-13 21:57:08,205] {dag.py:2420} INFO - Sync 1 DAGs
[2022-08-13 21:57:08,244] {logging_mixin.py:115} INFO - [2022-08-13 21:57:08,244] {dag.py:2972} INFO - Setting next_dagrun for example_task_group_decorator to 2022-08-12T21:57:08.243774+00:00, run_after=2022-08-13T21:57:08.243774+00:00
[2022-08-13 21:57:08,280] {processor.py:161} INFO - Processing /home/airflow/.local/lib/python3.7/site-packages/airflow/example_dags/example_task_group_decorator.py took 0.181 seconds
[2022-08-13 21:57:38,396] {processor.py:153} INFO - Started process (PID=10929) to work on /home/airflow/.local/lib/python3.7/site-packages/airflow/example_dags/example_task_group_decorator.py
[2022-08-13 21:57:38,396] {processor.py:641} INFO - Processing file /home/airflow/.local/lib/python3.7/site-packages/airflow/example_dags/example_task_group_decorator.py for tasks to queue
[2022-08-13 21:57:38,397] {logging_mixin.py:115} INFO - [2022-08-13 21:57:38,397] {dagbag.py:508} INFO - Filling up the DagBag from /home/airflow/.local/lib/python3.7/site-packages/airflow/example_dags/example_task_group_decorator.py
[2022-08-13 21:57:38,424] {processor.py:651} INFO - DAG(s) dict_keys(['example_task_group_decorator']) retrieved from /home/airflow/.local/lib/python3.7/site-packages/airflow/example_dags/example_task_group_decorator.py
[2022-08-13 21:57:38,528] {logging_mixin.py:115} INFO - [2022-08-13 21:57:38,528] {dag.py:2420} INFO - Sync 1 DAGs
[2022-08-13 21:57:38,565] {logging_mixin.py:115} INFO - [2022-08-13 21:57:38,565] {dag.py:2972} INFO - Setting next_dagrun for example_task_group_decorator to 2022-08-12T21:57:38.564812+00:00, run_after=2022-08-13T21:57:38.564812+00:00
[2022-08-13 21:57:38,590] {processor.py:161} INFO - Processing /home/airflow/.local/lib/python3.7/site-packages/airflow/example_dags/example_task_group_decorator.py took 0.197 seconds
[2022-08-13 21:58:08,917] {processor.py:153} INFO - Started process (PID=11123) to work on /home/airflow/.local/lib/python3.7/site-packages/airflow/example_dags/example_task_group_decorator.py
[2022-08-13 21:58:08,918] {processor.py:641} INFO - Processing file /home/airflow/.local/lib/python3.7/site-packages/airflow/example_dags/example_task_group_decorator.py for tasks to queue
[2022-08-13 21:58:08,920] {logging_mixin.py:115} INFO - [2022-08-13 21:58:08,920] {dagbag.py:508} INFO - Filling up the DagBag from /home/airflow/.local/lib/python3.7/site-packages/airflow/example_dags/example_task_group_decorator.py
[2022-08-13 21:58:08,962] {processor.py:651} INFO - DAG(s) dict_keys(['example_task_group_decorator']) retrieved from /home/airflow/.local/lib/python3.7/site-packages/airflow/example_dags/example_task_group_decorator.py
[2022-08-13 21:58:09,073] {logging_mixin.py:115} INFO - [2022-08-13 21:58:09,072] {dag.py:2420} INFO - Sync 1 DAGs
[2022-08-13 21:58:09,113] {logging_mixin.py:115} INFO - [2022-08-13 21:58:09,113] {dag.py:2972} INFO - Setting next_dagrun for example_task_group_decorator to 2022-08-12T21:58:09.112403+00:00, run_after=2022-08-13T21:58:09.112403+00:00
[2022-08-13 21:58:09,139] {processor.py:161} INFO - Processing /home/airflow/.local/lib/python3.7/site-packages/airflow/example_dags/example_task_group_decorator.py took 0.227 seconds
[2022-08-13 21:58:39,242] {processor.py:153} INFO - Started process (PID=11328) to work on /home/airflow/.local/lib/python3.7/site-packages/airflow/example_dags/example_task_group_decorator.py
[2022-08-13 21:58:39,243] {processor.py:641} INFO - Processing file /home/airflow/.local/lib/python3.7/site-packages/airflow/example_dags/example_task_group_decorator.py for tasks to queue
[2022-08-13 21:58:39,244] {logging_mixin.py:115} INFO - [2022-08-13 21:58:39,244] {dagbag.py:508} INFO - Filling up the DagBag from /home/airflow/.local/lib/python3.7/site-packages/airflow/example_dags/example_task_group_decorator.py
[2022-08-13 21:58:39,284] {processor.py:651} INFO - DAG(s) dict_keys(['example_task_group_decorator']) retrieved from /home/airflow/.local/lib/python3.7/site-packages/airflow/example_dags/example_task_group_decorator.py
[2022-08-13 21:58:39,377] {logging_mixin.py:115} INFO - [2022-08-13 21:58:39,377] {dag.py:2420} INFO - Sync 1 DAGs
[2022-08-13 21:58:39,406] {logging_mixin.py:115} INFO - [2022-08-13 21:58:39,406] {dag.py:2972} INFO - Setting next_dagrun for example_task_group_decorator to 2022-08-12T21:58:39.406156+00:00, run_after=2022-08-13T21:58:39.406156+00:00
[2022-08-13 21:58:39,428] {processor.py:161} INFO - Processing /home/airflow/.local/lib/python3.7/site-packages/airflow/example_dags/example_task_group_decorator.py took 0.190 seconds
[2022-08-13 21:59:09,487] {processor.py:153} INFO - Started process (PID=11525) to work on /home/airflow/.local/lib/python3.7/site-packages/airflow/example_dags/example_task_group_decorator.py
[2022-08-13 21:59:09,488] {processor.py:641} INFO - Processing file /home/airflow/.local/lib/python3.7/site-packages/airflow/example_dags/example_task_group_decorator.py for tasks to queue
[2022-08-13 21:59:09,489] {logging_mixin.py:115} INFO - [2022-08-13 21:59:09,489] {dagbag.py:508} INFO - Filling up the DagBag from /home/airflow/.local/lib/python3.7/site-packages/airflow/example_dags/example_task_group_decorator.py
[2022-08-13 21:59:09,522] {processor.py:651} INFO - DAG(s) dict_keys(['example_task_group_decorator']) retrieved from /home/airflow/.local/lib/python3.7/site-packages/airflow/example_dags/example_task_group_decorator.py
[2022-08-13 21:59:09,617] {logging_mixin.py:115} INFO - [2022-08-13 21:59:09,617] {dag.py:2420} INFO - Sync 1 DAGs
[2022-08-13 21:59:09,646] {logging_mixin.py:115} INFO - [2022-08-13 21:59:09,646] {dag.py:2972} INFO - Setting next_dagrun for example_task_group_decorator to 2022-08-12T21:59:09.645713+00:00, run_after=2022-08-13T21:59:09.645713+00:00
[2022-08-13 21:59:09,665] {processor.py:161} INFO - Processing /home/airflow/.local/lib/python3.7/site-packages/airflow/example_dags/example_task_group_decorator.py took 0.182 seconds
[2022-08-13 21:59:40,058] {processor.py:153} INFO - Started process (PID=11724) to work on /home/airflow/.local/lib/python3.7/site-packages/airflow/example_dags/example_task_group_decorator.py
[2022-08-13 21:59:40,059] {processor.py:641} INFO - Processing file /home/airflow/.local/lib/python3.7/site-packages/airflow/example_dags/example_task_group_decorator.py for tasks to queue
[2022-08-13 21:59:40,059] {logging_mixin.py:115} INFO - [2022-08-13 21:59:40,059] {dagbag.py:508} INFO - Filling up the DagBag from /home/airflow/.local/lib/python3.7/site-packages/airflow/example_dags/example_task_group_decorator.py
[2022-08-13 21:59:40,094] {processor.py:651} INFO - DAG(s) dict_keys(['example_task_group_decorator']) retrieved from /home/airflow/.local/lib/python3.7/site-packages/airflow/example_dags/example_task_group_decorator.py
[2022-08-13 21:59:40,190] {logging_mixin.py:115} INFO - [2022-08-13 21:59:40,190] {dag.py:2420} INFO - Sync 1 DAGs
[2022-08-13 21:59:40,219] {logging_mixin.py:115} INFO - [2022-08-13 21:59:40,219] {dag.py:2972} INFO - Setting next_dagrun for example_task_group_decorator to 2022-08-12T21:59:40.218786+00:00, run_after=2022-08-13T21:59:40.218786+00:00
[2022-08-13 21:59:40,243] {processor.py:161} INFO - Processing /home/airflow/.local/lib/python3.7/site-packages/airflow/example_dags/example_task_group_decorator.py took 0.189 seconds
[2022-08-13 22:00:10,570] {processor.py:153} INFO - Started process (PID=11923) to work on /home/airflow/.local/lib/python3.7/site-packages/airflow/example_dags/example_task_group_decorator.py
[2022-08-13 22:00:10,571] {processor.py:641} INFO - Processing file /home/airflow/.local/lib/python3.7/site-packages/airflow/example_dags/example_task_group_decorator.py for tasks to queue
[2022-08-13 22:00:10,572] {logging_mixin.py:115} INFO - [2022-08-13 22:00:10,572] {dagbag.py:508} INFO - Filling up the DagBag from /home/airflow/.local/lib/python3.7/site-packages/airflow/example_dags/example_task_group_decorator.py
[2022-08-13 22:00:10,619] {processor.py:651} INFO - DAG(s) dict_keys(['example_task_group_decorator']) retrieved from /home/airflow/.local/lib/python3.7/site-packages/airflow/example_dags/example_task_group_decorator.py
[2022-08-13 22:00:10,724] {logging_mixin.py:115} INFO - [2022-08-13 22:00:10,724] {dag.py:2420} INFO - Sync 1 DAGs
[2022-08-13 22:00:10,753] {logging_mixin.py:115} INFO - [2022-08-13 22:00:10,753] {dag.py:2972} INFO - Setting next_dagrun for example_task_group_decorator to 2022-08-12T22:00:10.753125+00:00, run_after=2022-08-13T22:00:10.753125+00:00
[2022-08-13 22:00:10,778] {processor.py:161} INFO - Processing /home/airflow/.local/lib/python3.7/site-packages/airflow/example_dags/example_task_group_decorator.py took 0.213 seconds
