[2022-08-04 01:05:52,990] {taskinstance.py:1179} INFO - Dependencies all met for <TaskInstance: csv_dag.start scheduled__2022-08-03T00:00:00+00:00 [queued]>
[2022-08-04 01:05:53,025] {taskinstance.py:1179} INFO - Dependencies all met for <TaskInstance: csv_dag.start scheduled__2022-08-03T00:00:00+00:00 [queued]>
[2022-08-04 01:05:53,028] {taskinstance.py:1376} INFO - 
--------------------------------------------------------------------------------
[2022-08-04 01:05:53,028] {taskinstance.py:1377} INFO - Starting attempt 1 of 2
[2022-08-04 01:05:53,052] {taskinstance.py:1378} INFO - 
--------------------------------------------------------------------------------
[2022-08-04 01:05:53,116] {taskinstance.py:1397} INFO - Executing <Task(BashOperator): start> on 2022-08-03 00:00:00+00:00
[2022-08-04 01:05:53,142] {standard_task_runner.py:52} INFO - Started process 26420 to run task
[2022-08-04 01:05:53,143] {standard_task_runner.py:79} INFO - Running: ['***', 'tasks', 'run', 'csv_dag', 'start', 'scheduled__2022-08-03T00:00:00+00:00', '--job-id', '118', '--raw', '--subdir', 'DAGS_FOLDER/testDag.py', '--cfg-path', '/tmp/tmpoh3139yc', '--error-file', '/tmp/tmp5cg82fg4']
[2022-08-04 01:05:53,157] {standard_task_runner.py:80} INFO - Job 118: Subtask start
[2022-08-04 01:05:53,323] {task_command.py:371} INFO - Running <TaskInstance: csv_dag.start scheduled__2022-08-03T00:00:00+00:00 [running]> on host 36e1df4dd6ce
[2022-08-04 01:05:53,513] {taskinstance.py:1591} INFO - Exporting the following env vars:
AIRFLOW_CTX_DAG_OWNER=***
AIRFLOW_CTX_DAG_ID=csv_dag
AIRFLOW_CTX_TASK_ID=start
AIRFLOW_CTX_EXECUTION_DATE=2022-08-03T00:00:00+00:00
AIRFLOW_CTX_TRY_NUMBER=1
AIRFLOW_CTX_DAG_RUN_ID=scheduled__2022-08-03T00:00:00+00:00
[2022-08-04 01:05:53,516] {subprocess.py:62} INFO - Tmp dir root location: 
 /tmp
[2022-08-04 01:05:53,517] {subprocess.py:74} INFO - Running command: ['bash', '-c', 'date']
[2022-08-04 01:05:53,535] {subprocess.py:85} INFO - Output:
[2022-08-04 01:05:53,544] {subprocess.py:92} INFO - Thu Aug  4 01:05:53 UTC 2022
[2022-08-04 01:05:53,545] {subprocess.py:96} INFO - Command exited with return code 0
[2022-08-04 01:05:53,600] {taskinstance.py:1420} INFO - Marking task as SUCCESS. dag_id=csv_dag, task_id=start, execution_date=20220803T000000, start_date=20220804T010552, end_date=20220804T010553
[2022-08-04 01:05:53,651] {local_task_job.py:156} INFO - Task exited with return code 0
[2022-08-04 01:05:53,724] {local_task_job.py:273} INFO - 4 downstream tasks scheduled from follow-on schedule check
