[2022-08-17 01:23:06,814] {taskinstance.py:1179} INFO - Dependencies all met for <TaskInstance: csv_dag.description_dag scheduled__2022-08-16T00:00:00+00:00 [queued]>
[2022-08-17 01:23:06,831] {taskinstance.py:1179} INFO - Dependencies all met for <TaskInstance: csv_dag.description_dag scheduled__2022-08-16T00:00:00+00:00 [queued]>
[2022-08-17 01:23:06,832] {taskinstance.py:1376} INFO - 
--------------------------------------------------------------------------------
[2022-08-17 01:23:06,833] {taskinstance.py:1377} INFO - Starting attempt 1 of 2
[2022-08-17 01:23:06,836] {taskinstance.py:1378} INFO - 
--------------------------------------------------------------------------------
[2022-08-17 01:23:06,864] {taskinstance.py:1397} INFO - Executing <Task(PythonOperator): description_dag> on 2022-08-16 00:00:00+00:00
[2022-08-17 01:23:06,875] {standard_task_runner.py:52} INFO - Started process 5345 to run task
[2022-08-17 01:23:06,889] {standard_task_runner.py:79} INFO - Running: ['***', 'tasks', 'run', 'csv_dag', 'description_dag', 'scheduled__2022-08-16T00:00:00+00:00', '--job-id', '203', '--raw', '--subdir', 'DAGS_FOLDER/testDag.py', '--cfg-path', '/tmp/tmpiuva9zc6', '--error-file', '/tmp/tmpxzco35i7']
[2022-08-17 01:23:06,894] {standard_task_runner.py:80} INFO - Job 203: Subtask description_dag
[2022-08-17 01:23:07,042] {task_command.py:371} INFO - Running <TaskInstance: csv_dag.description_dag scheduled__2022-08-16T00:00:00+00:00 [running]> on host 36e1df4dd6ce
[2022-08-17 01:23:07,163] {taskinstance.py:1591} INFO - Exporting the following env vars:
AIRFLOW_CTX_DAG_OWNER=***
AIRFLOW_CTX_DAG_ID=csv_dag
AIRFLOW_CTX_TASK_ID=description_dag
AIRFLOW_CTX_EXECUTION_DATE=2022-08-16T00:00:00+00:00
AIRFLOW_CTX_TRY_NUMBER=1
AIRFLOW_CTX_DAG_RUN_ID=scheduled__2022-08-16T00:00:00+00:00
[2022-08-17 01:23:48,008] {python.py:173} INFO - Done. Returned value was: None
[2022-08-17 01:23:48,024] {taskinstance.py:1420} INFO - Marking task as SUCCESS. dag_id=csv_dag, task_id=description_dag, execution_date=20220816T000000, start_date=20220817T012306, end_date=20220817T012348
[2022-08-17 01:23:48,068] {local_task_job.py:156} INFO - Task exited with return code 0
[2022-08-17 01:23:48,100] {local_task_job.py:273} INFO - 1 downstream tasks scheduled from follow-on schedule check
