[2022-07-20 03:54:31,436] {taskinstance.py:1179} INFO - Dependencies all met for <TaskInstance: csv_dag.link_dag scheduled__2022-07-19T00:00:00+00:00 [queued]>
[2022-07-20 03:54:31,457] {taskinstance.py:1179} INFO - Dependencies all met for <TaskInstance: csv_dag.link_dag scheduled__2022-07-19T00:00:00+00:00 [queued]>
[2022-07-20 03:54:31,457] {taskinstance.py:1376} INFO - 
--------------------------------------------------------------------------------
[2022-07-20 03:54:31,458] {taskinstance.py:1377} INFO - Starting attempt 1 of 2
[2022-07-20 03:54:31,459] {taskinstance.py:1378} INFO - 
--------------------------------------------------------------------------------
[2022-07-20 03:54:31,499] {taskinstance.py:1397} INFO - Executing <Task(PythonOperator): link_dag> on 2022-07-19 00:00:00+00:00
[2022-07-20 03:54:31,508] {standard_task_runner.py:52} INFO - Started process 14110 to run task
[2022-07-20 03:54:31,513] {standard_task_runner.py:79} INFO - Running: ['***', 'tasks', 'run', 'csv_dag', 'link_dag', 'scheduled__2022-07-19T00:00:00+00:00', '--job-id', '32', '--raw', '--subdir', 'DAGS_FOLDER/testDag.py', '--cfg-path', '/tmp/tmp6lheswdh', '--error-file', '/tmp/tmp6kc4y9m_']
[2022-07-20 03:54:31,515] {standard_task_runner.py:80} INFO - Job 32: Subtask link_dag
[2022-07-20 03:54:31,644] {task_command.py:371} INFO - Running <TaskInstance: csv_dag.link_dag scheduled__2022-07-19T00:00:00+00:00 [running]> on host 36e1df4dd6ce
[2022-07-20 03:54:31,807] {taskinstance.py:1591} INFO - Exporting the following env vars:
AIRFLOW_CTX_DAG_OWNER=***
AIRFLOW_CTX_DAG_ID=csv_dag
AIRFLOW_CTX_TASK_ID=link_dag
AIRFLOW_CTX_EXECUTION_DATE=2022-07-19T00:00:00+00:00
AIRFLOW_CTX_TRY_NUMBER=1
AIRFLOW_CTX_DAG_RUN_ID=scheduled__2022-07-19T00:00:00+00:00
[2022-07-20 03:55:08,953] {python.py:173} INFO - Done. Returned value was: None
[2022-07-20 03:55:08,971] {taskinstance.py:1420} INFO - Marking task as SUCCESS. dag_id=csv_dag, task_id=link_dag, execution_date=20220719T000000, start_date=20220720T035431, end_date=20220720T035508
[2022-07-20 03:55:09,032] {local_task_job.py:156} INFO - Task exited with return code 0
[2022-07-20 03:55:09,075] {local_task_job.py:273} INFO - 0 downstream tasks scheduled from follow-on schedule check
