[2022-07-30 05:49:09,017] {processor.py:153} INFO - Started process (PID=30136) to work on /home/airflow/.local/lib/python3.7/site-packages/airflow/example_dags/example_complex.py
[2022-07-30 05:49:09,018] {processor.py:641} INFO - Processing file /home/airflow/.local/lib/python3.7/site-packages/airflow/example_dags/example_complex.py for tasks to queue
[2022-07-30 05:49:09,019] {logging_mixin.py:115} INFO - [2022-07-30 05:49:09,019] {dagbag.py:508} INFO - Filling up the DagBag from /home/airflow/.local/lib/python3.7/site-packages/airflow/example_dags/example_complex.py
[2022-07-30 05:49:09,041] {processor.py:651} INFO - DAG(s) dict_keys(['example_complex']) retrieved from /home/airflow/.local/lib/python3.7/site-packages/airflow/example_dags/example_complex.py
[2022-07-30 05:49:09,089] {logging_mixin.py:115} INFO - [2022-07-30 05:49:09,089] {dag.py:2420} INFO - Sync 1 DAGs
[2022-07-30 05:49:09,153] {logging_mixin.py:115} INFO - [2022-07-30 05:49:09,152] {dag.py:2972} INFO - Setting next_dagrun for example_complex to None, run_after=None
[2022-07-30 05:49:09,192] {processor.py:161} INFO - Processing /home/airflow/.local/lib/python3.7/site-packages/airflow/example_dags/example_complex.py took 0.179 seconds
[2022-07-30 05:49:39,714] {processor.py:153} INFO - Started process (PID=30342) to work on /home/airflow/.local/lib/python3.7/site-packages/airflow/example_dags/example_complex.py
[2022-07-30 05:49:39,716] {processor.py:641} INFO - Processing file /home/airflow/.local/lib/python3.7/site-packages/airflow/example_dags/example_complex.py for tasks to queue
[2022-07-30 05:49:39,716] {logging_mixin.py:115} INFO - [2022-07-30 05:49:39,716] {dagbag.py:508} INFO - Filling up the DagBag from /home/airflow/.local/lib/python3.7/site-packages/airflow/example_dags/example_complex.py
[2022-07-30 05:49:39,731] {processor.py:651} INFO - DAG(s) dict_keys(['example_complex']) retrieved from /home/airflow/.local/lib/python3.7/site-packages/airflow/example_dags/example_complex.py
[2022-07-30 05:49:39,770] {logging_mixin.py:115} INFO - [2022-07-30 05:49:39,770] {dag.py:2420} INFO - Sync 1 DAGs
[2022-07-30 05:49:39,801] {logging_mixin.py:115} INFO - [2022-07-30 05:49:39,801] {dag.py:2972} INFO - Setting next_dagrun for example_complex to None, run_after=None
[2022-07-30 05:49:39,820] {processor.py:161} INFO - Processing /home/airflow/.local/lib/python3.7/site-packages/airflow/example_dags/example_complex.py took 0.109 seconds
[2022-07-30 05:50:10,552] {processor.py:153} INFO - Started process (PID=30549) to work on /home/airflow/.local/lib/python3.7/site-packages/airflow/example_dags/example_complex.py
[2022-07-30 05:50:10,553] {processor.py:641} INFO - Processing file /home/airflow/.local/lib/python3.7/site-packages/airflow/example_dags/example_complex.py for tasks to queue
[2022-07-30 05:50:10,554] {logging_mixin.py:115} INFO - [2022-07-30 05:50:10,554] {dagbag.py:508} INFO - Filling up the DagBag from /home/airflow/.local/lib/python3.7/site-packages/airflow/example_dags/example_complex.py
[2022-07-30 05:50:10,571] {processor.py:651} INFO - DAG(s) dict_keys(['example_complex']) retrieved from /home/airflow/.local/lib/python3.7/site-packages/airflow/example_dags/example_complex.py
[2022-07-30 05:50:10,602] {logging_mixin.py:115} INFO - [2022-07-30 05:50:10,602] {dag.py:2420} INFO - Sync 1 DAGs
[2022-07-30 05:50:10,632] {logging_mixin.py:115} INFO - [2022-07-30 05:50:10,632] {dag.py:2972} INFO - Setting next_dagrun for example_complex to None, run_after=None
[2022-07-30 05:50:10,654] {processor.py:161} INFO - Processing /home/airflow/.local/lib/python3.7/site-packages/airflow/example_dags/example_complex.py took 0.104 seconds
[2022-07-30 05:50:40,970] {processor.py:153} INFO - Started process (PID=30743) to work on /home/airflow/.local/lib/python3.7/site-packages/airflow/example_dags/example_complex.py
[2022-07-30 05:50:40,970] {processor.py:641} INFO - Processing file /home/airflow/.local/lib/python3.7/site-packages/airflow/example_dags/example_complex.py for tasks to queue
[2022-07-30 05:50:40,971] {logging_mixin.py:115} INFO - [2022-07-30 05:50:40,971] {dagbag.py:508} INFO - Filling up the DagBag from /home/airflow/.local/lib/python3.7/site-packages/airflow/example_dags/example_complex.py
[2022-07-30 05:50:40,989] {processor.py:651} INFO - DAG(s) dict_keys(['example_complex']) retrieved from /home/airflow/.local/lib/python3.7/site-packages/airflow/example_dags/example_complex.py
[2022-07-30 05:50:41,028] {logging_mixin.py:115} INFO - [2022-07-30 05:50:41,028] {dag.py:2420} INFO - Sync 1 DAGs
[2022-07-30 05:50:41,055] {logging_mixin.py:115} INFO - [2022-07-30 05:50:41,055] {dag.py:2972} INFO - Setting next_dagrun for example_complex to None, run_after=None
[2022-07-30 05:50:41,072] {processor.py:161} INFO - Processing /home/airflow/.local/lib/python3.7/site-packages/airflow/example_dags/example_complex.py took 0.106 seconds
[2022-07-30 05:51:11,983] {processor.py:153} INFO - Started process (PID=30946) to work on /home/airflow/.local/lib/python3.7/site-packages/airflow/example_dags/example_complex.py
[2022-07-30 05:51:11,984] {processor.py:641} INFO - Processing file /home/airflow/.local/lib/python3.7/site-packages/airflow/example_dags/example_complex.py for tasks to queue
[2022-07-30 05:51:11,985] {logging_mixin.py:115} INFO - [2022-07-30 05:51:11,985] {dagbag.py:508} INFO - Filling up the DagBag from /home/airflow/.local/lib/python3.7/site-packages/airflow/example_dags/example_complex.py
[2022-07-30 05:51:12,000] {processor.py:651} INFO - DAG(s) dict_keys(['example_complex']) retrieved from /home/airflow/.local/lib/python3.7/site-packages/airflow/example_dags/example_complex.py
[2022-07-30 05:51:12,034] {logging_mixin.py:115} INFO - [2022-07-30 05:51:12,034] {dag.py:2420} INFO - Sync 1 DAGs
[2022-07-30 05:51:12,061] {logging_mixin.py:115} INFO - [2022-07-30 05:51:12,061] {dag.py:2972} INFO - Setting next_dagrun for example_complex to None, run_after=None
[2022-07-30 05:51:12,078] {processor.py:161} INFO - Processing /home/airflow/.local/lib/python3.7/site-packages/airflow/example_dags/example_complex.py took 0.097 seconds
[2022-07-30 05:51:43,090] {processor.py:153} INFO - Started process (PID=31143) to work on /home/airflow/.local/lib/python3.7/site-packages/airflow/example_dags/example_complex.py
[2022-07-30 05:51:43,090] {processor.py:641} INFO - Processing file /home/airflow/.local/lib/python3.7/site-packages/airflow/example_dags/example_complex.py for tasks to queue
[2022-07-30 05:51:43,091] {logging_mixin.py:115} INFO - [2022-07-30 05:51:43,091] {dagbag.py:508} INFO - Filling up the DagBag from /home/airflow/.local/lib/python3.7/site-packages/airflow/example_dags/example_complex.py
[2022-07-30 05:51:43,111] {processor.py:651} INFO - DAG(s) dict_keys(['example_complex']) retrieved from /home/airflow/.local/lib/python3.7/site-packages/airflow/example_dags/example_complex.py
[2022-07-30 05:51:43,152] {logging_mixin.py:115} INFO - [2022-07-30 05:51:43,152] {dag.py:2420} INFO - Sync 1 DAGs
[2022-07-30 05:51:43,183] {logging_mixin.py:115} INFO - [2022-07-30 05:51:43,183] {dag.py:2972} INFO - Setting next_dagrun for example_complex to None, run_after=None
[2022-07-30 05:51:43,203] {processor.py:161} INFO - Processing /home/airflow/.local/lib/python3.7/site-packages/airflow/example_dags/example_complex.py took 0.118 seconds
[2022-07-30 05:52:14,126] {processor.py:153} INFO - Started process (PID=31344) to work on /home/airflow/.local/lib/python3.7/site-packages/airflow/example_dags/example_complex.py
[2022-07-30 05:52:14,128] {processor.py:641} INFO - Processing file /home/airflow/.local/lib/python3.7/site-packages/airflow/example_dags/example_complex.py for tasks to queue
[2022-07-30 05:52:14,129] {logging_mixin.py:115} INFO - [2022-07-30 05:52:14,129] {dagbag.py:508} INFO - Filling up the DagBag from /home/airflow/.local/lib/python3.7/site-packages/airflow/example_dags/example_complex.py
[2022-07-30 05:52:14,151] {processor.py:651} INFO - DAG(s) dict_keys(['example_complex']) retrieved from /home/airflow/.local/lib/python3.7/site-packages/airflow/example_dags/example_complex.py
[2022-07-30 05:52:14,210] {logging_mixin.py:115} INFO - [2022-07-30 05:52:14,210] {dag.py:2420} INFO - Sync 1 DAGs
[2022-07-30 05:52:14,249] {logging_mixin.py:115} INFO - [2022-07-30 05:52:14,249] {dag.py:2972} INFO - Setting next_dagrun for example_complex to None, run_after=None
[2022-07-30 05:52:14,267] {processor.py:161} INFO - Processing /home/airflow/.local/lib/python3.7/site-packages/airflow/example_dags/example_complex.py took 0.144 seconds
[2022-07-30 05:52:44,890] {processor.py:153} INFO - Started process (PID=31538) to work on /home/airflow/.local/lib/python3.7/site-packages/airflow/example_dags/example_complex.py
[2022-07-30 05:52:44,891] {processor.py:641} INFO - Processing file /home/airflow/.local/lib/python3.7/site-packages/airflow/example_dags/example_complex.py for tasks to queue
[2022-07-30 05:52:44,892] {logging_mixin.py:115} INFO - [2022-07-30 05:52:44,892] {dagbag.py:508} INFO - Filling up the DagBag from /home/airflow/.local/lib/python3.7/site-packages/airflow/example_dags/example_complex.py
[2022-07-30 05:52:44,910] {processor.py:651} INFO - DAG(s) dict_keys(['example_complex']) retrieved from /home/airflow/.local/lib/python3.7/site-packages/airflow/example_dags/example_complex.py
[2022-07-30 05:52:44,953] {logging_mixin.py:115} INFO - [2022-07-30 05:52:44,953] {dag.py:2420} INFO - Sync 1 DAGs
[2022-07-30 05:52:44,987] {logging_mixin.py:115} INFO - [2022-07-30 05:52:44,987] {dag.py:2972} INFO - Setting next_dagrun for example_complex to None, run_after=None
[2022-07-30 05:52:45,005] {processor.py:161} INFO - Processing /home/airflow/.local/lib/python3.7/site-packages/airflow/example_dags/example_complex.py took 0.119 seconds
[2022-07-30 08:53:17,196] {processor.py:153} INFO - Started process (PID=31739) to work on /home/airflow/.local/lib/python3.7/site-packages/airflow/example_dags/example_complex.py
[2022-07-30 08:53:17,197] {processor.py:641} INFO - Processing file /home/airflow/.local/lib/python3.7/site-packages/airflow/example_dags/example_complex.py for tasks to queue
[2022-07-30 08:53:17,198] {logging_mixin.py:115} INFO - [2022-07-30 08:53:17,198] {dagbag.py:508} INFO - Filling up the DagBag from /home/airflow/.local/lib/python3.7/site-packages/airflow/example_dags/example_complex.py
[2022-07-30 08:53:17,210] {processor.py:651} INFO - DAG(s) dict_keys(['example_complex']) retrieved from /home/airflow/.local/lib/python3.7/site-packages/airflow/example_dags/example_complex.py
[2022-07-30 08:53:17,240] {logging_mixin.py:115} INFO - [2022-07-30 08:53:17,240] {dag.py:2420} INFO - Sync 1 DAGs
[2022-07-30 08:53:17,262] {logging_mixin.py:115} INFO - [2022-07-30 08:53:17,262] {dag.py:2972} INFO - Setting next_dagrun for example_complex to None, run_after=None
[2022-07-30 08:53:17,275] {processor.py:161} INFO - Processing /home/airflow/.local/lib/python3.7/site-packages/airflow/example_dags/example_complex.py took 0.081 seconds
[2022-07-30 20:24:35,952] {processor.py:153} INFO - Started process (PID=31930) to work on /home/airflow/.local/lib/python3.7/site-packages/airflow/example_dags/example_complex.py
[2022-07-30 20:24:35,954] {processor.py:641} INFO - Processing file /home/airflow/.local/lib/python3.7/site-packages/airflow/example_dags/example_complex.py for tasks to queue
[2022-07-30 20:24:35,955] {logging_mixin.py:115} INFO - [2022-07-30 20:24:35,955] {dagbag.py:508} INFO - Filling up the DagBag from /home/airflow/.local/lib/python3.7/site-packages/airflow/example_dags/example_complex.py
[2022-07-30 20:24:35,978] {processor.py:651} INFO - DAG(s) dict_keys(['example_complex']) retrieved from /home/airflow/.local/lib/python3.7/site-packages/airflow/example_dags/example_complex.py
[2022-07-30 20:24:36,037] {logging_mixin.py:115} INFO - [2022-07-30 20:24:36,037] {dag.py:2420} INFO - Sync 1 DAGs
[2022-07-30 20:24:36,082] {logging_mixin.py:115} INFO - [2022-07-30 20:24:36,082] {dag.py:2972} INFO - Setting next_dagrun for example_complex to None, run_after=None
[2022-07-30 20:24:36,106] {processor.py:161} INFO - Processing /home/airflow/.local/lib/python3.7/site-packages/airflow/example_dags/example_complex.py took 0.158 seconds
[2022-07-30 20:25:06,316] {processor.py:153} INFO - Started process (PID=32103) to work on /home/airflow/.local/lib/python3.7/site-packages/airflow/example_dags/example_complex.py
[2022-07-30 20:25:06,318] {processor.py:641} INFO - Processing file /home/airflow/.local/lib/python3.7/site-packages/airflow/example_dags/example_complex.py for tasks to queue
[2022-07-30 20:25:06,318] {logging_mixin.py:115} INFO - [2022-07-30 20:25:06,318] {dagbag.py:508} INFO - Filling up the DagBag from /home/airflow/.local/lib/python3.7/site-packages/airflow/example_dags/example_complex.py
[2022-07-30 20:25:06,332] {processor.py:651} INFO - DAG(s) dict_keys(['example_complex']) retrieved from /home/airflow/.local/lib/python3.7/site-packages/airflow/example_dags/example_complex.py
[2022-07-30 20:25:06,366] {logging_mixin.py:115} INFO - [2022-07-30 20:25:06,366] {dag.py:2420} INFO - Sync 1 DAGs
[2022-07-30 20:25:06,391] {logging_mixin.py:115} INFO - [2022-07-30 20:25:06,391] {dag.py:2972} INFO - Setting next_dagrun for example_complex to None, run_after=None
[2022-07-30 20:25:06,407] {processor.py:161} INFO - Processing /home/airflow/.local/lib/python3.7/site-packages/airflow/example_dags/example_complex.py took 0.094 seconds
[2022-07-30 20:25:36,563] {processor.py:153} INFO - Started process (PID=32306) to work on /home/airflow/.local/lib/python3.7/site-packages/airflow/example_dags/example_complex.py
[2022-07-30 20:25:36,564] {processor.py:641} INFO - Processing file /home/airflow/.local/lib/python3.7/site-packages/airflow/example_dags/example_complex.py for tasks to queue
[2022-07-30 20:25:36,565] {logging_mixin.py:115} INFO - [2022-07-30 20:25:36,565] {dagbag.py:508} INFO - Filling up the DagBag from /home/airflow/.local/lib/python3.7/site-packages/airflow/example_dags/example_complex.py
[2022-07-30 20:25:36,579] {processor.py:651} INFO - DAG(s) dict_keys(['example_complex']) retrieved from /home/airflow/.local/lib/python3.7/site-packages/airflow/example_dags/example_complex.py
[2022-07-30 20:25:36,617] {logging_mixin.py:115} INFO - [2022-07-30 20:25:36,617] {dag.py:2420} INFO - Sync 1 DAGs
[2022-07-30 20:25:36,646] {logging_mixin.py:115} INFO - [2022-07-30 20:25:36,646] {dag.py:2972} INFO - Setting next_dagrun for example_complex to None, run_after=None
[2022-07-30 20:25:36,663] {processor.py:161} INFO - Processing /home/airflow/.local/lib/python3.7/site-packages/airflow/example_dags/example_complex.py took 0.103 seconds
[2022-07-30 20:26:07,198] {processor.py:153} INFO - Started process (PID=32509) to work on /home/airflow/.local/lib/python3.7/site-packages/airflow/example_dags/example_complex.py
[2022-07-30 20:26:07,199] {processor.py:641} INFO - Processing file /home/airflow/.local/lib/python3.7/site-packages/airflow/example_dags/example_complex.py for tasks to queue
[2022-07-30 20:26:07,200] {logging_mixin.py:115} INFO - [2022-07-30 20:26:07,200] {dagbag.py:508} INFO - Filling up the DagBag from /home/airflow/.local/lib/python3.7/site-packages/airflow/example_dags/example_complex.py
[2022-07-30 20:26:07,219] {processor.py:651} INFO - DAG(s) dict_keys(['example_complex']) retrieved from /home/airflow/.local/lib/python3.7/site-packages/airflow/example_dags/example_complex.py
[2022-07-30 20:26:07,258] {logging_mixin.py:115} INFO - [2022-07-30 20:26:07,258] {dag.py:2420} INFO - Sync 1 DAGs
[2022-07-30 20:26:07,297] {logging_mixin.py:115} INFO - [2022-07-30 20:26:07,297] {dag.py:2972} INFO - Setting next_dagrun for example_complex to None, run_after=None
[2022-07-30 20:26:07,316] {processor.py:161} INFO - Processing /home/airflow/.local/lib/python3.7/site-packages/airflow/example_dags/example_complex.py took 0.123 seconds
[2022-07-30 20:26:37,782] {processor.py:153} INFO - Started process (PID=32703) to work on /home/airflow/.local/lib/python3.7/site-packages/airflow/example_dags/example_complex.py
[2022-07-30 20:26:37,784] {processor.py:641} INFO - Processing file /home/airflow/.local/lib/python3.7/site-packages/airflow/example_dags/example_complex.py for tasks to queue
[2022-07-30 20:26:37,785] {logging_mixin.py:115} INFO - [2022-07-30 20:26:37,785] {dagbag.py:508} INFO - Filling up the DagBag from /home/airflow/.local/lib/python3.7/site-packages/airflow/example_dags/example_complex.py
[2022-07-30 20:26:37,801] {processor.py:651} INFO - DAG(s) dict_keys(['example_complex']) retrieved from /home/airflow/.local/lib/python3.7/site-packages/airflow/example_dags/example_complex.py
[2022-07-30 20:26:37,845] {logging_mixin.py:115} INFO - [2022-07-30 20:26:37,844] {dag.py:2420} INFO - Sync 1 DAGs
[2022-07-30 20:26:37,875] {logging_mixin.py:115} INFO - [2022-07-30 20:26:37,875] {dag.py:2972} INFO - Setting next_dagrun for example_complex to None, run_after=None
[2022-07-30 20:26:37,893] {processor.py:161} INFO - Processing /home/airflow/.local/lib/python3.7/site-packages/airflow/example_dags/example_complex.py took 0.115 seconds
[2022-07-30 20:27:07,986] {processor.py:153} INFO - Started process (PID=436) to work on /home/airflow/.local/lib/python3.7/site-packages/airflow/example_dags/example_complex.py
[2022-07-30 20:27:07,987] {processor.py:641} INFO - Processing file /home/airflow/.local/lib/python3.7/site-packages/airflow/example_dags/example_complex.py for tasks to queue
[2022-07-30 20:27:07,988] {logging_mixin.py:115} INFO - [2022-07-30 20:27:07,988] {dagbag.py:508} INFO - Filling up the DagBag from /home/airflow/.local/lib/python3.7/site-packages/airflow/example_dags/example_complex.py
[2022-07-30 20:27:08,009] {processor.py:651} INFO - DAG(s) dict_keys(['example_complex']) retrieved from /home/airflow/.local/lib/python3.7/site-packages/airflow/example_dags/example_complex.py
[2022-07-30 20:27:08,053] {logging_mixin.py:115} INFO - [2022-07-30 20:27:08,053] {dag.py:2420} INFO - Sync 1 DAGs
[2022-07-30 20:27:08,090] {logging_mixin.py:115} INFO - [2022-07-30 20:27:08,090] {dag.py:2972} INFO - Setting next_dagrun for example_complex to None, run_after=None
[2022-07-30 20:27:08,109] {processor.py:161} INFO - Processing /home/airflow/.local/lib/python3.7/site-packages/airflow/example_dags/example_complex.py took 0.126 seconds
[2022-07-30 20:27:38,347] {processor.py:153} INFO - Started process (PID=633) to work on /home/airflow/.local/lib/python3.7/site-packages/airflow/example_dags/example_complex.py
[2022-07-30 20:27:38,348] {processor.py:641} INFO - Processing file /home/airflow/.local/lib/python3.7/site-packages/airflow/example_dags/example_complex.py for tasks to queue
[2022-07-30 20:27:38,350] {logging_mixin.py:115} INFO - [2022-07-30 20:27:38,349] {dagbag.py:508} INFO - Filling up the DagBag from /home/airflow/.local/lib/python3.7/site-packages/airflow/example_dags/example_complex.py
[2022-07-30 20:27:38,367] {processor.py:651} INFO - DAG(s) dict_keys(['example_complex']) retrieved from /home/airflow/.local/lib/python3.7/site-packages/airflow/example_dags/example_complex.py
[2022-07-30 20:27:38,414] {logging_mixin.py:115} INFO - [2022-07-30 20:27:38,414] {dag.py:2420} INFO - Sync 1 DAGs
[2022-07-30 20:27:38,444] {logging_mixin.py:115} INFO - [2022-07-30 20:27:38,444] {dag.py:2972} INFO - Setting next_dagrun for example_complex to None, run_after=None
[2022-07-30 20:27:38,459] {processor.py:161} INFO - Processing /home/airflow/.local/lib/python3.7/site-packages/airflow/example_dags/example_complex.py took 0.116 seconds
[2022-07-30 20:28:08,694] {processor.py:153} INFO - Started process (PID=834) to work on /home/airflow/.local/lib/python3.7/site-packages/airflow/example_dags/example_complex.py
[2022-07-30 20:28:08,695] {processor.py:641} INFO - Processing file /home/airflow/.local/lib/python3.7/site-packages/airflow/example_dags/example_complex.py for tasks to queue
[2022-07-30 20:28:08,696] {logging_mixin.py:115} INFO - [2022-07-30 20:28:08,696] {dagbag.py:508} INFO - Filling up the DagBag from /home/airflow/.local/lib/python3.7/site-packages/airflow/example_dags/example_complex.py
[2022-07-30 20:28:08,717] {processor.py:651} INFO - DAG(s) dict_keys(['example_complex']) retrieved from /home/airflow/.local/lib/python3.7/site-packages/airflow/example_dags/example_complex.py
[2022-07-30 20:28:08,763] {logging_mixin.py:115} INFO - [2022-07-30 20:28:08,763] {dag.py:2420} INFO - Sync 1 DAGs
[2022-07-30 20:28:08,806] {logging_mixin.py:115} INFO - [2022-07-30 20:28:08,805] {dag.py:2972} INFO - Setting next_dagrun for example_complex to None, run_after=None
[2022-07-30 20:28:08,832] {processor.py:161} INFO - Processing /home/airflow/.local/lib/python3.7/site-packages/airflow/example_dags/example_complex.py took 0.142 seconds
[2022-07-30 20:28:39,046] {processor.py:153} INFO - Started process (PID=1030) to work on /home/airflow/.local/lib/python3.7/site-packages/airflow/example_dags/example_complex.py
[2022-07-30 20:28:39,047] {processor.py:641} INFO - Processing file /home/airflow/.local/lib/python3.7/site-packages/airflow/example_dags/example_complex.py for tasks to queue
[2022-07-30 20:28:39,048] {logging_mixin.py:115} INFO - [2022-07-30 20:28:39,048] {dagbag.py:508} INFO - Filling up the DagBag from /home/airflow/.local/lib/python3.7/site-packages/airflow/example_dags/example_complex.py
[2022-07-30 20:28:39,063] {processor.py:651} INFO - DAG(s) dict_keys(['example_complex']) retrieved from /home/airflow/.local/lib/python3.7/site-packages/airflow/example_dags/example_complex.py
[2022-07-30 20:28:39,104] {logging_mixin.py:115} INFO - [2022-07-30 20:28:39,104] {dag.py:2420} INFO - Sync 1 DAGs
[2022-07-30 20:28:39,138] {logging_mixin.py:115} INFO - [2022-07-30 20:28:39,137] {dag.py:2972} INFO - Setting next_dagrun for example_complex to None, run_after=None
[2022-07-30 20:28:39,156] {processor.py:161} INFO - Processing /home/airflow/.local/lib/python3.7/site-packages/airflow/example_dags/example_complex.py took 0.113 seconds
[2022-07-30 20:29:09,296] {processor.py:153} INFO - Started process (PID=1224) to work on /home/airflow/.local/lib/python3.7/site-packages/airflow/example_dags/example_complex.py
[2022-07-30 20:29:09,297] {processor.py:641} INFO - Processing file /home/airflow/.local/lib/python3.7/site-packages/airflow/example_dags/example_complex.py for tasks to queue
[2022-07-30 20:29:09,298] {logging_mixin.py:115} INFO - [2022-07-30 20:29:09,298] {dagbag.py:508} INFO - Filling up the DagBag from /home/airflow/.local/lib/python3.7/site-packages/airflow/example_dags/example_complex.py
[2022-07-30 20:29:09,313] {processor.py:651} INFO - DAG(s) dict_keys(['example_complex']) retrieved from /home/airflow/.local/lib/python3.7/site-packages/airflow/example_dags/example_complex.py
[2022-07-30 20:29:09,353] {logging_mixin.py:115} INFO - [2022-07-30 20:29:09,353] {dag.py:2420} INFO - Sync 1 DAGs
[2022-07-30 20:29:09,385] {logging_mixin.py:115} INFO - [2022-07-30 20:29:09,385] {dag.py:2972} INFO - Setting next_dagrun for example_complex to None, run_after=None
[2022-07-30 20:29:09,410] {processor.py:161} INFO - Processing /home/airflow/.local/lib/python3.7/site-packages/airflow/example_dags/example_complex.py took 0.118 seconds
[2022-07-30 20:29:39,676] {processor.py:153} INFO - Started process (PID=1427) to work on /home/airflow/.local/lib/python3.7/site-packages/airflow/example_dags/example_complex.py
[2022-07-30 20:29:39,677] {processor.py:641} INFO - Processing file /home/airflow/.local/lib/python3.7/site-packages/airflow/example_dags/example_complex.py for tasks to queue
[2022-07-30 20:29:39,678] {logging_mixin.py:115} INFO - [2022-07-30 20:29:39,678] {dagbag.py:508} INFO - Filling up the DagBag from /home/airflow/.local/lib/python3.7/site-packages/airflow/example_dags/example_complex.py
[2022-07-30 20:29:39,695] {processor.py:651} INFO - DAG(s) dict_keys(['example_complex']) retrieved from /home/airflow/.local/lib/python3.7/site-packages/airflow/example_dags/example_complex.py
[2022-07-30 20:29:39,739] {logging_mixin.py:115} INFO - [2022-07-30 20:29:39,739] {dag.py:2420} INFO - Sync 1 DAGs
[2022-07-30 20:29:39,770] {logging_mixin.py:115} INFO - [2022-07-30 20:29:39,770] {dag.py:2972} INFO - Setting next_dagrun for example_complex to None, run_after=None
[2022-07-30 20:29:39,790] {processor.py:161} INFO - Processing /home/airflow/.local/lib/python3.7/site-packages/airflow/example_dags/example_complex.py took 0.116 seconds
[2022-07-30 20:30:10,690] {processor.py:153} INFO - Started process (PID=1630) to work on /home/airflow/.local/lib/python3.7/site-packages/airflow/example_dags/example_complex.py
[2022-07-30 20:30:10,691] {processor.py:641} INFO - Processing file /home/airflow/.local/lib/python3.7/site-packages/airflow/example_dags/example_complex.py for tasks to queue
[2022-07-30 20:30:10,692] {logging_mixin.py:115} INFO - [2022-07-30 20:30:10,692] {dagbag.py:508} INFO - Filling up the DagBag from /home/airflow/.local/lib/python3.7/site-packages/airflow/example_dags/example_complex.py
[2022-07-30 20:30:10,710] {processor.py:651} INFO - DAG(s) dict_keys(['example_complex']) retrieved from /home/airflow/.local/lib/python3.7/site-packages/airflow/example_dags/example_complex.py
[2022-07-30 20:30:10,749] {logging_mixin.py:115} INFO - [2022-07-30 20:30:10,749] {dag.py:2420} INFO - Sync 1 DAGs
[2022-07-30 20:30:10,778] {logging_mixin.py:115} INFO - [2022-07-30 20:30:10,778] {dag.py:2972} INFO - Setting next_dagrun for example_complex to None, run_after=None
[2022-07-30 20:30:10,795] {processor.py:161} INFO - Processing /home/airflow/.local/lib/python3.7/site-packages/airflow/example_dags/example_complex.py took 0.108 seconds
[2022-07-30 20:30:41,691] {processor.py:153} INFO - Started process (PID=1824) to work on /home/airflow/.local/lib/python3.7/site-packages/airflow/example_dags/example_complex.py
[2022-07-30 20:30:41,692] {processor.py:641} INFO - Processing file /home/airflow/.local/lib/python3.7/site-packages/airflow/example_dags/example_complex.py for tasks to queue
[2022-07-30 20:30:41,692] {logging_mixin.py:115} INFO - [2022-07-30 20:30:41,692] {dagbag.py:508} INFO - Filling up the DagBag from /home/airflow/.local/lib/python3.7/site-packages/airflow/example_dags/example_complex.py
[2022-07-30 20:30:41,711] {processor.py:651} INFO - DAG(s) dict_keys(['example_complex']) retrieved from /home/airflow/.local/lib/python3.7/site-packages/airflow/example_dags/example_complex.py
[2022-07-30 20:30:41,742] {logging_mixin.py:115} INFO - [2022-07-30 20:30:41,742] {dag.py:2420} INFO - Sync 1 DAGs
[2022-07-30 20:30:41,766] {logging_mixin.py:115} INFO - [2022-07-30 20:30:41,765] {dag.py:2972} INFO - Setting next_dagrun for example_complex to None, run_after=None
[2022-07-30 20:30:41,780] {processor.py:161} INFO - Processing /home/airflow/.local/lib/python3.7/site-packages/airflow/example_dags/example_complex.py took 0.093 seconds
[2022-07-30 20:31:11,997] {processor.py:153} INFO - Started process (PID=2027) to work on /home/airflow/.local/lib/python3.7/site-packages/airflow/example_dags/example_complex.py
[2022-07-30 20:31:11,998] {processor.py:641} INFO - Processing file /home/airflow/.local/lib/python3.7/site-packages/airflow/example_dags/example_complex.py for tasks to queue
[2022-07-30 20:31:11,999] {logging_mixin.py:115} INFO - [2022-07-30 20:31:11,999] {dagbag.py:508} INFO - Filling up the DagBag from /home/airflow/.local/lib/python3.7/site-packages/airflow/example_dags/example_complex.py
[2022-07-30 20:31:12,017] {processor.py:651} INFO - DAG(s) dict_keys(['example_complex']) retrieved from /home/airflow/.local/lib/python3.7/site-packages/airflow/example_dags/example_complex.py
[2022-07-30 20:31:12,059] {logging_mixin.py:115} INFO - [2022-07-30 20:31:12,059] {dag.py:2420} INFO - Sync 1 DAGs
[2022-07-30 20:31:12,093] {logging_mixin.py:115} INFO - [2022-07-30 20:31:12,093] {dag.py:2972} INFO - Setting next_dagrun for example_complex to None, run_after=None
[2022-07-30 20:31:12,114] {processor.py:161} INFO - Processing /home/airflow/.local/lib/python3.7/site-packages/airflow/example_dags/example_complex.py took 0.120 seconds
[2022-07-30 20:31:42,589] {processor.py:153} INFO - Started process (PID=2221) to work on /home/airflow/.local/lib/python3.7/site-packages/airflow/example_dags/example_complex.py
[2022-07-30 20:31:42,590] {processor.py:641} INFO - Processing file /home/airflow/.local/lib/python3.7/site-packages/airflow/example_dags/example_complex.py for tasks to queue
[2022-07-30 20:31:42,591] {logging_mixin.py:115} INFO - [2022-07-30 20:31:42,591] {dagbag.py:508} INFO - Filling up the DagBag from /home/airflow/.local/lib/python3.7/site-packages/airflow/example_dags/example_complex.py
[2022-07-30 20:31:42,611] {processor.py:651} INFO - DAG(s) dict_keys(['example_complex']) retrieved from /home/airflow/.local/lib/python3.7/site-packages/airflow/example_dags/example_complex.py
[2022-07-30 20:31:42,651] {logging_mixin.py:115} INFO - [2022-07-30 20:31:42,651] {dag.py:2420} INFO - Sync 1 DAGs
[2022-07-30 20:31:42,681] {logging_mixin.py:115} INFO - [2022-07-30 20:31:42,681] {dag.py:2972} INFO - Setting next_dagrun for example_complex to None, run_after=None
[2022-07-30 20:31:42,699] {processor.py:161} INFO - Processing /home/airflow/.local/lib/python3.7/site-packages/airflow/example_dags/example_complex.py took 0.113 seconds
[2022-07-30 20:32:13,128] {processor.py:153} INFO - Started process (PID=2425) to work on /home/airflow/.local/lib/python3.7/site-packages/airflow/example_dags/example_complex.py
[2022-07-30 20:32:13,128] {processor.py:641} INFO - Processing file /home/airflow/.local/lib/python3.7/site-packages/airflow/example_dags/example_complex.py for tasks to queue
[2022-07-30 20:32:13,129] {logging_mixin.py:115} INFO - [2022-07-30 20:32:13,129] {dagbag.py:508} INFO - Filling up the DagBag from /home/airflow/.local/lib/python3.7/site-packages/airflow/example_dags/example_complex.py
[2022-07-30 20:32:13,145] {processor.py:651} INFO - DAG(s) dict_keys(['example_complex']) retrieved from /home/airflow/.local/lib/python3.7/site-packages/airflow/example_dags/example_complex.py
[2022-07-30 20:32:13,183] {logging_mixin.py:115} INFO - [2022-07-30 20:32:13,183] {dag.py:2420} INFO - Sync 1 DAGs
[2022-07-30 20:32:13,211] {logging_mixin.py:115} INFO - [2022-07-30 20:32:13,211] {dag.py:2972} INFO - Setting next_dagrun for example_complex to None, run_after=None
[2022-07-30 20:32:13,226] {processor.py:161} INFO - Processing /home/airflow/.local/lib/python3.7/site-packages/airflow/example_dags/example_complex.py took 0.102 seconds
[2022-07-30 20:32:43,743] {processor.py:153} INFO - Started process (PID=2621) to work on /home/airflow/.local/lib/python3.7/site-packages/airflow/example_dags/example_complex.py
[2022-07-30 20:32:43,744] {processor.py:641} INFO - Processing file /home/airflow/.local/lib/python3.7/site-packages/airflow/example_dags/example_complex.py for tasks to queue
[2022-07-30 20:32:43,745] {logging_mixin.py:115} INFO - [2022-07-30 20:32:43,744] {dagbag.py:508} INFO - Filling up the DagBag from /home/airflow/.local/lib/python3.7/site-packages/airflow/example_dags/example_complex.py
[2022-07-30 20:32:43,763] {processor.py:651} INFO - DAG(s) dict_keys(['example_complex']) retrieved from /home/airflow/.local/lib/python3.7/site-packages/airflow/example_dags/example_complex.py
[2022-07-30 20:32:43,803] {logging_mixin.py:115} INFO - [2022-07-30 20:32:43,803] {dag.py:2420} INFO - Sync 1 DAGs
[2022-07-30 20:32:43,831] {logging_mixin.py:115} INFO - [2022-07-30 20:32:43,831] {dag.py:2972} INFO - Setting next_dagrun for example_complex to None, run_after=None
[2022-07-30 20:32:43,848] {processor.py:161} INFO - Processing /home/airflow/.local/lib/python3.7/site-packages/airflow/example_dags/example_complex.py took 0.109 seconds
[2022-07-30 20:33:14,035] {processor.py:153} INFO - Started process (PID=2824) to work on /home/airflow/.local/lib/python3.7/site-packages/airflow/example_dags/example_complex.py
[2022-07-30 20:33:14,036] {processor.py:641} INFO - Processing file /home/airflow/.local/lib/python3.7/site-packages/airflow/example_dags/example_complex.py for tasks to queue
[2022-07-30 20:33:14,036] {logging_mixin.py:115} INFO - [2022-07-30 20:33:14,036] {dagbag.py:508} INFO - Filling up the DagBag from /home/airflow/.local/lib/python3.7/site-packages/airflow/example_dags/example_complex.py
[2022-07-30 20:33:14,051] {processor.py:651} INFO - DAG(s) dict_keys(['example_complex']) retrieved from /home/airflow/.local/lib/python3.7/site-packages/airflow/example_dags/example_complex.py
[2022-07-30 20:33:14,090] {logging_mixin.py:115} INFO - [2022-07-30 20:33:14,089] {dag.py:2420} INFO - Sync 1 DAGs
[2022-07-30 20:33:14,116] {logging_mixin.py:115} INFO - [2022-07-30 20:33:14,115] {dag.py:2972} INFO - Setting next_dagrun for example_complex to None, run_after=None
[2022-07-30 20:33:14,135] {processor.py:161} INFO - Processing /home/airflow/.local/lib/python3.7/site-packages/airflow/example_dags/example_complex.py took 0.103 seconds
[2022-07-30 20:33:44,357] {processor.py:153} INFO - Started process (PID=3018) to work on /home/airflow/.local/lib/python3.7/site-packages/airflow/example_dags/example_complex.py
[2022-07-30 20:33:44,358] {processor.py:641} INFO - Processing file /home/airflow/.local/lib/python3.7/site-packages/airflow/example_dags/example_complex.py for tasks to queue
[2022-07-30 20:33:44,359] {logging_mixin.py:115} INFO - [2022-07-30 20:33:44,358] {dagbag.py:508} INFO - Filling up the DagBag from /home/airflow/.local/lib/python3.7/site-packages/airflow/example_dags/example_complex.py
[2022-07-30 20:33:44,375] {processor.py:651} INFO - DAG(s) dict_keys(['example_complex']) retrieved from /home/airflow/.local/lib/python3.7/site-packages/airflow/example_dags/example_complex.py
[2022-07-30 20:33:44,415] {logging_mixin.py:115} INFO - [2022-07-30 20:33:44,415] {dag.py:2420} INFO - Sync 1 DAGs
[2022-07-30 20:33:44,442] {logging_mixin.py:115} INFO - [2022-07-30 20:33:44,442] {dag.py:2972} INFO - Setting next_dagrun for example_complex to None, run_after=None
[2022-07-30 20:33:44,459] {processor.py:161} INFO - Processing /home/airflow/.local/lib/python3.7/site-packages/airflow/example_dags/example_complex.py took 0.107 seconds
[2022-07-30 20:34:14,800] {processor.py:153} INFO - Started process (PID=3221) to work on /home/airflow/.local/lib/python3.7/site-packages/airflow/example_dags/example_complex.py
[2022-07-30 20:34:14,802] {processor.py:641} INFO - Processing file /home/airflow/.local/lib/python3.7/site-packages/airflow/example_dags/example_complex.py for tasks to queue
[2022-07-30 20:34:14,802] {logging_mixin.py:115} INFO - [2022-07-30 20:34:14,802] {dagbag.py:508} INFO - Filling up the DagBag from /home/airflow/.local/lib/python3.7/site-packages/airflow/example_dags/example_complex.py
[2022-07-30 20:34:14,823] {processor.py:651} INFO - DAG(s) dict_keys(['example_complex']) retrieved from /home/airflow/.local/lib/python3.7/site-packages/airflow/example_dags/example_complex.py
[2022-07-30 20:34:14,868] {logging_mixin.py:115} INFO - [2022-07-30 20:34:14,868] {dag.py:2420} INFO - Sync 1 DAGs
[2022-07-30 20:34:14,892] {logging_mixin.py:115} INFO - [2022-07-30 20:34:14,892] {dag.py:2972} INFO - Setting next_dagrun for example_complex to None, run_after=None
[2022-07-30 20:34:14,906] {processor.py:161} INFO - Processing /home/airflow/.local/lib/python3.7/site-packages/airflow/example_dags/example_complex.py took 0.109 seconds
