[2022-07-30 05:49:09,920] {processor.py:153} INFO - Started process (PID=30160) to work on /home/airflow/.local/lib/python3.7/site-packages/airflow/example_dags/example_branch_day_of_week_operator.py
[2022-07-30 05:49:09,931] {processor.py:641} INFO - Processing file /home/airflow/.local/lib/python3.7/site-packages/airflow/example_dags/example_branch_day_of_week_operator.py for tasks to queue
[2022-07-30 05:49:09,933] {logging_mixin.py:115} INFO - [2022-07-30 05:49:09,933] {dagbag.py:508} INFO - Filling up the DagBag from /home/airflow/.local/lib/python3.7/site-packages/airflow/example_dags/example_branch_day_of_week_operator.py
[2022-07-30 05:49:09,963] {processor.py:651} INFO - DAG(s) dict_keys(['example_weekday_branch_operator']) retrieved from /home/airflow/.local/lib/python3.7/site-packages/airflow/example_dags/example_branch_day_of_week_operator.py
[2022-07-30 05:49:10,021] {logging_mixin.py:115} INFO - [2022-07-30 05:49:10,021] {dag.py:2420} INFO - Sync 1 DAGs
[2022-07-30 05:49:10,091] {logging_mixin.py:115} INFO - [2022-07-30 05:49:10,091] {dag.py:2972} INFO - Setting next_dagrun for example_weekday_branch_operator to 2022-07-29T00:00:00+00:00, run_after=2022-07-30T00:00:00+00:00
[2022-07-30 05:49:10,115] {processor.py:161} INFO - Processing /home/airflow/.local/lib/python3.7/site-packages/airflow/example_dags/example_branch_day_of_week_operator.py took 0.200 seconds
[2022-07-30 05:49:40,387] {processor.py:153} INFO - Started process (PID=30369) to work on /home/airflow/.local/lib/python3.7/site-packages/airflow/example_dags/example_branch_day_of_week_operator.py
[2022-07-30 05:49:40,388] {processor.py:641} INFO - Processing file /home/airflow/.local/lib/python3.7/site-packages/airflow/example_dags/example_branch_day_of_week_operator.py for tasks to queue
[2022-07-30 05:49:40,389] {logging_mixin.py:115} INFO - [2022-07-30 05:49:40,389] {dagbag.py:508} INFO - Filling up the DagBag from /home/airflow/.local/lib/python3.7/site-packages/airflow/example_dags/example_branch_day_of_week_operator.py
[2022-07-30 05:49:40,401] {processor.py:651} INFO - DAG(s) dict_keys(['example_weekday_branch_operator']) retrieved from /home/airflow/.local/lib/python3.7/site-packages/airflow/example_dags/example_branch_day_of_week_operator.py
[2022-07-30 05:49:40,431] {logging_mixin.py:115} INFO - [2022-07-30 05:49:40,431] {dag.py:2420} INFO - Sync 1 DAGs
[2022-07-30 05:49:40,462] {logging_mixin.py:115} INFO - [2022-07-30 05:49:40,462] {dag.py:2972} INFO - Setting next_dagrun for example_weekday_branch_operator to 2022-07-29T00:00:00+00:00, run_after=2022-07-30T00:00:00+00:00
[2022-07-30 05:49:40,483] {processor.py:161} INFO - Processing /home/airflow/.local/lib/python3.7/site-packages/airflow/example_dags/example_branch_day_of_week_operator.py took 0.099 seconds
[2022-07-30 05:50:10,875] {processor.py:153} INFO - Started process (PID=30574) to work on /home/airflow/.local/lib/python3.7/site-packages/airflow/example_dags/example_branch_day_of_week_operator.py
[2022-07-30 05:50:10,875] {processor.py:641} INFO - Processing file /home/airflow/.local/lib/python3.7/site-packages/airflow/example_dags/example_branch_day_of_week_operator.py for tasks to queue
[2022-07-30 05:50:10,876] {logging_mixin.py:115} INFO - [2022-07-30 05:50:10,876] {dagbag.py:508} INFO - Filling up the DagBag from /home/airflow/.local/lib/python3.7/site-packages/airflow/example_dags/example_branch_day_of_week_operator.py
[2022-07-30 05:50:10,884] {processor.py:651} INFO - DAG(s) dict_keys(['example_weekday_branch_operator']) retrieved from /home/airflow/.local/lib/python3.7/site-packages/airflow/example_dags/example_branch_day_of_week_operator.py
[2022-07-30 05:50:10,908] {logging_mixin.py:115} INFO - [2022-07-30 05:50:10,908] {dag.py:2420} INFO - Sync 1 DAGs
[2022-07-30 05:50:10,930] {logging_mixin.py:115} INFO - [2022-07-30 05:50:10,930] {dag.py:2972} INFO - Setting next_dagrun for example_weekday_branch_operator to 2022-07-29T00:00:00+00:00, run_after=2022-07-30T00:00:00+00:00
[2022-07-30 05:50:10,944] {processor.py:161} INFO - Processing /home/airflow/.local/lib/python3.7/site-packages/airflow/example_dags/example_branch_day_of_week_operator.py took 0.072 seconds
[2022-07-30 05:50:41,462] {processor.py:153} INFO - Started process (PID=30768) to work on /home/airflow/.local/lib/python3.7/site-packages/airflow/example_dags/example_branch_day_of_week_operator.py
[2022-07-30 05:50:41,463] {processor.py:641} INFO - Processing file /home/airflow/.local/lib/python3.7/site-packages/airflow/example_dags/example_branch_day_of_week_operator.py for tasks to queue
[2022-07-30 05:50:41,464] {logging_mixin.py:115} INFO - [2022-07-30 05:50:41,464] {dagbag.py:508} INFO - Filling up the DagBag from /home/airflow/.local/lib/python3.7/site-packages/airflow/example_dags/example_branch_day_of_week_operator.py
[2022-07-30 05:50:41,475] {processor.py:651} INFO - DAG(s) dict_keys(['example_weekday_branch_operator']) retrieved from /home/airflow/.local/lib/python3.7/site-packages/airflow/example_dags/example_branch_day_of_week_operator.py
[2022-07-30 05:50:41,509] {logging_mixin.py:115} INFO - [2022-07-30 05:50:41,508] {dag.py:2420} INFO - Sync 1 DAGs
[2022-07-30 05:50:41,544] {logging_mixin.py:115} INFO - [2022-07-30 05:50:41,544] {dag.py:2972} INFO - Setting next_dagrun for example_weekday_branch_operator to 2022-07-29T00:00:00+00:00, run_after=2022-07-30T00:00:00+00:00
[2022-07-30 05:50:41,561] {processor.py:161} INFO - Processing /home/airflow/.local/lib/python3.7/site-packages/airflow/example_dags/example_branch_day_of_week_operator.py took 0.103 seconds
[2022-07-30 05:51:12,322] {processor.py:153} INFO - Started process (PID=30971) to work on /home/airflow/.local/lib/python3.7/site-packages/airflow/example_dags/example_branch_day_of_week_operator.py
[2022-07-30 05:51:12,323] {processor.py:641} INFO - Processing file /home/airflow/.local/lib/python3.7/site-packages/airflow/example_dags/example_branch_day_of_week_operator.py for tasks to queue
[2022-07-30 05:51:12,324] {logging_mixin.py:115} INFO - [2022-07-30 05:51:12,323] {dagbag.py:508} INFO - Filling up the DagBag from /home/airflow/.local/lib/python3.7/site-packages/airflow/example_dags/example_branch_day_of_week_operator.py
[2022-07-30 05:51:12,333] {processor.py:651} INFO - DAG(s) dict_keys(['example_weekday_branch_operator']) retrieved from /home/airflow/.local/lib/python3.7/site-packages/airflow/example_dags/example_branch_day_of_week_operator.py
[2022-07-30 05:51:12,361] {logging_mixin.py:115} INFO - [2022-07-30 05:51:12,361] {dag.py:2420} INFO - Sync 1 DAGs
[2022-07-30 05:51:12,393] {logging_mixin.py:115} INFO - [2022-07-30 05:51:12,393] {dag.py:2972} INFO - Setting next_dagrun for example_weekday_branch_operator to 2022-07-29T00:00:00+00:00, run_after=2022-07-30T00:00:00+00:00
[2022-07-30 05:51:12,411] {processor.py:161} INFO - Processing /home/airflow/.local/lib/python3.7/site-packages/airflow/example_dags/example_branch_day_of_week_operator.py took 0.091 seconds
[2022-07-30 05:51:43,441] {processor.py:153} INFO - Started process (PID=31166) to work on /home/airflow/.local/lib/python3.7/site-packages/airflow/example_dags/example_branch_day_of_week_operator.py
[2022-07-30 05:51:43,442] {processor.py:641} INFO - Processing file /home/airflow/.local/lib/python3.7/site-packages/airflow/example_dags/example_branch_day_of_week_operator.py for tasks to queue
[2022-07-30 05:51:43,443] {logging_mixin.py:115} INFO - [2022-07-30 05:51:43,442] {dagbag.py:508} INFO - Filling up the DagBag from /home/airflow/.local/lib/python3.7/site-packages/airflow/example_dags/example_branch_day_of_week_operator.py
[2022-07-30 05:51:43,453] {processor.py:651} INFO - DAG(s) dict_keys(['example_weekday_branch_operator']) retrieved from /home/airflow/.local/lib/python3.7/site-packages/airflow/example_dags/example_branch_day_of_week_operator.py
[2022-07-30 05:51:43,489] {logging_mixin.py:115} INFO - [2022-07-30 05:51:43,489] {dag.py:2420} INFO - Sync 1 DAGs
[2022-07-30 05:51:43,525] {logging_mixin.py:115} INFO - [2022-07-30 05:51:43,525] {dag.py:2972} INFO - Setting next_dagrun for example_weekday_branch_operator to 2022-07-29T00:00:00+00:00, run_after=2022-07-30T00:00:00+00:00
[2022-07-30 05:51:43,543] {processor.py:161} INFO - Processing /home/airflow/.local/lib/python3.7/site-packages/airflow/example_dags/example_branch_day_of_week_operator.py took 0.105 seconds
[2022-07-30 05:52:14,651] {processor.py:153} INFO - Started process (PID=31369) to work on /home/airflow/.local/lib/python3.7/site-packages/airflow/example_dags/example_branch_day_of_week_operator.py
[2022-07-30 05:52:14,652] {processor.py:641} INFO - Processing file /home/airflow/.local/lib/python3.7/site-packages/airflow/example_dags/example_branch_day_of_week_operator.py for tasks to queue
[2022-07-30 05:52:14,653] {logging_mixin.py:115} INFO - [2022-07-30 05:52:14,653] {dagbag.py:508} INFO - Filling up the DagBag from /home/airflow/.local/lib/python3.7/site-packages/airflow/example_dags/example_branch_day_of_week_operator.py
[2022-07-30 05:52:14,666] {processor.py:651} INFO - DAG(s) dict_keys(['example_weekday_branch_operator']) retrieved from /home/airflow/.local/lib/python3.7/site-packages/airflow/example_dags/example_branch_day_of_week_operator.py
[2022-07-30 05:52:14,704] {logging_mixin.py:115} INFO - [2022-07-30 05:52:14,704] {dag.py:2420} INFO - Sync 1 DAGs
[2022-07-30 05:52:14,736] {logging_mixin.py:115} INFO - [2022-07-30 05:52:14,735] {dag.py:2972} INFO - Setting next_dagrun for example_weekday_branch_operator to 2022-07-29T00:00:00+00:00, run_after=2022-07-30T00:00:00+00:00
[2022-07-30 05:52:14,752] {processor.py:161} INFO - Processing /home/airflow/.local/lib/python3.7/site-packages/airflow/example_dags/example_branch_day_of_week_operator.py took 0.105 seconds
[2022-07-30 05:52:45,391] {processor.py:153} INFO - Started process (PID=31563) to work on /home/airflow/.local/lib/python3.7/site-packages/airflow/example_dags/example_branch_day_of_week_operator.py
[2022-07-30 05:52:45,392] {processor.py:641} INFO - Processing file /home/airflow/.local/lib/python3.7/site-packages/airflow/example_dags/example_branch_day_of_week_operator.py for tasks to queue
[2022-07-30 05:52:45,393] {logging_mixin.py:115} INFO - [2022-07-30 05:52:45,393] {dagbag.py:508} INFO - Filling up the DagBag from /home/airflow/.local/lib/python3.7/site-packages/airflow/example_dags/example_branch_day_of_week_operator.py
[2022-07-30 05:52:45,411] {processor.py:651} INFO - DAG(s) dict_keys(['example_weekday_branch_operator']) retrieved from /home/airflow/.local/lib/python3.7/site-packages/airflow/example_dags/example_branch_day_of_week_operator.py
[2022-07-30 05:52:45,445] {logging_mixin.py:115} INFO - [2022-07-30 05:52:45,445] {dag.py:2420} INFO - Sync 1 DAGs
[2022-07-30 05:52:45,488] {logging_mixin.py:115} INFO - [2022-07-30 05:52:45,487] {dag.py:2972} INFO - Setting next_dagrun for example_weekday_branch_operator to 2022-07-29T00:00:00+00:00, run_after=2022-07-30T00:00:00+00:00
[2022-07-30 05:52:45,505] {processor.py:161} INFO - Processing /home/airflow/.local/lib/python3.7/site-packages/airflow/example_dags/example_branch_day_of_week_operator.py took 0.118 seconds
[2022-07-30 20:24:31,884] {processor.py:153} INFO - Started process (PID=31809) to work on /home/airflow/.local/lib/python3.7/site-packages/airflow/example_dags/example_branch_day_of_week_operator.py
[2022-07-30 20:24:31,886] {processor.py:641} INFO - Processing file /home/airflow/.local/lib/python3.7/site-packages/airflow/example_dags/example_branch_day_of_week_operator.py for tasks to queue
[2022-07-30 20:24:31,888] {logging_mixin.py:115} INFO - [2022-07-30 20:24:31,888] {dagbag.py:508} INFO - Filling up the DagBag from /home/airflow/.local/lib/python3.7/site-packages/airflow/example_dags/example_branch_day_of_week_operator.py
[2022-07-30 20:24:31,917] {processor.py:651} INFO - DAG(s) dict_keys(['example_weekday_branch_operator']) retrieved from /home/airflow/.local/lib/python3.7/site-packages/airflow/example_dags/example_branch_day_of_week_operator.py
[2022-07-30 20:24:32,047] {logging_mixin.py:115} INFO - [2022-07-30 20:24:32,047] {dag.py:2420} INFO - Sync 1 DAGs
[2022-07-30 20:24:32,180] {logging_mixin.py:115} INFO - [2022-07-30 20:24:32,179] {dag.py:2972} INFO - Setting next_dagrun for example_weekday_branch_operator to 2022-07-29T00:00:00+00:00, run_after=2022-07-30T00:00:00+00:00
[2022-07-30 20:24:32,244] {processor.py:161} INFO - Processing /home/airflow/.local/lib/python3.7/site-packages/airflow/example_dags/example_branch_day_of_week_operator.py took 0.366 seconds
[2022-07-30 20:25:02,967] {processor.py:153} INFO - Started process (PID=32005) to work on /home/airflow/.local/lib/python3.7/site-packages/airflow/example_dags/example_branch_day_of_week_operator.py
[2022-07-30 20:25:02,968] {processor.py:641} INFO - Processing file /home/airflow/.local/lib/python3.7/site-packages/airflow/example_dags/example_branch_day_of_week_operator.py for tasks to queue
[2022-07-30 20:25:02,969] {logging_mixin.py:115} INFO - [2022-07-30 20:25:02,969] {dagbag.py:508} INFO - Filling up the DagBag from /home/airflow/.local/lib/python3.7/site-packages/airflow/example_dags/example_branch_day_of_week_operator.py
[2022-07-30 20:25:02,980] {processor.py:651} INFO - DAG(s) dict_keys(['example_weekday_branch_operator']) retrieved from /home/airflow/.local/lib/python3.7/site-packages/airflow/example_dags/example_branch_day_of_week_operator.py
[2022-07-30 20:25:03,012] {logging_mixin.py:115} INFO - [2022-07-30 20:25:03,012] {dag.py:2420} INFO - Sync 1 DAGs
[2022-07-30 20:25:03,042] {logging_mixin.py:115} INFO - [2022-07-30 20:25:03,042] {dag.py:2972} INFO - Setting next_dagrun for example_weekday_branch_operator to 2022-07-29T00:00:00+00:00, run_after=2022-07-30T00:00:00+00:00
[2022-07-30 20:25:03,059] {processor.py:161} INFO - Processing /home/airflow/.local/lib/python3.7/site-packages/airflow/example_dags/example_branch_day_of_week_operator.py took 0.096 seconds
[2022-07-30 20:25:33,268] {processor.py:153} INFO - Started process (PID=32208) to work on /home/airflow/.local/lib/python3.7/site-packages/airflow/example_dags/example_branch_day_of_week_operator.py
[2022-07-30 20:25:33,269] {processor.py:641} INFO - Processing file /home/airflow/.local/lib/python3.7/site-packages/airflow/example_dags/example_branch_day_of_week_operator.py for tasks to queue
[2022-07-30 20:25:33,270] {logging_mixin.py:115} INFO - [2022-07-30 20:25:33,270] {dagbag.py:508} INFO - Filling up the DagBag from /home/airflow/.local/lib/python3.7/site-packages/airflow/example_dags/example_branch_day_of_week_operator.py
[2022-07-30 20:25:33,278] {processor.py:651} INFO - DAG(s) dict_keys(['example_weekday_branch_operator']) retrieved from /home/airflow/.local/lib/python3.7/site-packages/airflow/example_dags/example_branch_day_of_week_operator.py
[2022-07-30 20:25:33,302] {logging_mixin.py:115} INFO - [2022-07-30 20:25:33,302] {dag.py:2420} INFO - Sync 1 DAGs
[2022-07-30 20:25:33,327] {logging_mixin.py:115} INFO - [2022-07-30 20:25:33,327] {dag.py:2972} INFO - Setting next_dagrun for example_weekday_branch_operator to 2022-07-29T00:00:00+00:00, run_after=2022-07-30T00:00:00+00:00
[2022-07-30 20:25:33,340] {processor.py:161} INFO - Processing /home/airflow/.local/lib/python3.7/site-packages/airflow/example_dags/example_branch_day_of_week_operator.py took 0.074 seconds
[2022-07-30 20:26:03,729] {processor.py:153} INFO - Started process (PID=32402) to work on /home/airflow/.local/lib/python3.7/site-packages/airflow/example_dags/example_branch_day_of_week_operator.py
[2022-07-30 20:26:03,730] {processor.py:641} INFO - Processing file /home/airflow/.local/lib/python3.7/site-packages/airflow/example_dags/example_branch_day_of_week_operator.py for tasks to queue
[2022-07-30 20:26:03,731] {logging_mixin.py:115} INFO - [2022-07-30 20:26:03,731] {dagbag.py:508} INFO - Filling up the DagBag from /home/airflow/.local/lib/python3.7/site-packages/airflow/example_dags/example_branch_day_of_week_operator.py
[2022-07-30 20:26:03,740] {processor.py:651} INFO - DAG(s) dict_keys(['example_weekday_branch_operator']) retrieved from /home/airflow/.local/lib/python3.7/site-packages/airflow/example_dags/example_branch_day_of_week_operator.py
[2022-07-30 20:26:03,767] {logging_mixin.py:115} INFO - [2022-07-30 20:26:03,767] {dag.py:2420} INFO - Sync 1 DAGs
[2022-07-30 20:26:03,796] {logging_mixin.py:115} INFO - [2022-07-30 20:26:03,796] {dag.py:2972} INFO - Setting next_dagrun for example_weekday_branch_operator to 2022-07-29T00:00:00+00:00, run_after=2022-07-30T00:00:00+00:00
[2022-07-30 20:26:03,819] {processor.py:161} INFO - Processing /home/airflow/.local/lib/python3.7/site-packages/airflow/example_dags/example_branch_day_of_week_operator.py took 0.092 seconds
[2022-07-30 20:26:34,081] {processor.py:153} INFO - Started process (PID=32605) to work on /home/airflow/.local/lib/python3.7/site-packages/airflow/example_dags/example_branch_day_of_week_operator.py
[2022-07-30 20:26:34,082] {processor.py:641} INFO - Processing file /home/airflow/.local/lib/python3.7/site-packages/airflow/example_dags/example_branch_day_of_week_operator.py for tasks to queue
[2022-07-30 20:26:34,083] {logging_mixin.py:115} INFO - [2022-07-30 20:26:34,083] {dagbag.py:508} INFO - Filling up the DagBag from /home/airflow/.local/lib/python3.7/site-packages/airflow/example_dags/example_branch_day_of_week_operator.py
[2022-07-30 20:26:34,094] {processor.py:651} INFO - DAG(s) dict_keys(['example_weekday_branch_operator']) retrieved from /home/airflow/.local/lib/python3.7/site-packages/airflow/example_dags/example_branch_day_of_week_operator.py
[2022-07-30 20:26:34,133] {logging_mixin.py:115} INFO - [2022-07-30 20:26:34,133] {dag.py:2420} INFO - Sync 1 DAGs
[2022-07-30 20:26:34,179] {logging_mixin.py:115} INFO - [2022-07-30 20:26:34,179] {dag.py:2972} INFO - Setting next_dagrun for example_weekday_branch_operator to 2022-07-29T00:00:00+00:00, run_after=2022-07-30T00:00:00+00:00
[2022-07-30 20:26:34,207] {processor.py:161} INFO - Processing /home/airflow/.local/lib/python3.7/site-packages/airflow/example_dags/example_branch_day_of_week_operator.py took 0.131 seconds
[2022-07-30 20:27:04,350] {processor.py:153} INFO - Started process (PID=331) to work on /home/airflow/.local/lib/python3.7/site-packages/airflow/example_dags/example_branch_day_of_week_operator.py
[2022-07-30 20:27:04,351] {processor.py:641} INFO - Processing file /home/airflow/.local/lib/python3.7/site-packages/airflow/example_dags/example_branch_day_of_week_operator.py for tasks to queue
[2022-07-30 20:27:04,352] {logging_mixin.py:115} INFO - [2022-07-30 20:27:04,351] {dagbag.py:508} INFO - Filling up the DagBag from /home/airflow/.local/lib/python3.7/site-packages/airflow/example_dags/example_branch_day_of_week_operator.py
[2022-07-30 20:27:04,362] {processor.py:651} INFO - DAG(s) dict_keys(['example_weekday_branch_operator']) retrieved from /home/airflow/.local/lib/python3.7/site-packages/airflow/example_dags/example_branch_day_of_week_operator.py
[2022-07-30 20:27:04,396] {logging_mixin.py:115} INFO - [2022-07-30 20:27:04,396] {dag.py:2420} INFO - Sync 1 DAGs
[2022-07-30 20:27:04,425] {logging_mixin.py:115} INFO - [2022-07-30 20:27:04,425] {dag.py:2972} INFO - Setting next_dagrun for example_weekday_branch_operator to 2022-07-29T00:00:00+00:00, run_after=2022-07-30T00:00:00+00:00
[2022-07-30 20:27:04,449] {processor.py:161} INFO - Processing /home/airflow/.local/lib/python3.7/site-packages/airflow/example_dags/example_branch_day_of_week_operator.py took 0.102 seconds
[2022-07-30 20:27:34,697] {processor.py:153} INFO - Started process (PID=535) to work on /home/airflow/.local/lib/python3.7/site-packages/airflow/example_dags/example_branch_day_of_week_operator.py
[2022-07-30 20:27:34,698] {processor.py:641} INFO - Processing file /home/airflow/.local/lib/python3.7/site-packages/airflow/example_dags/example_branch_day_of_week_operator.py for tasks to queue
[2022-07-30 20:27:34,699] {logging_mixin.py:115} INFO - [2022-07-30 20:27:34,699] {dagbag.py:508} INFO - Filling up the DagBag from /home/airflow/.local/lib/python3.7/site-packages/airflow/example_dags/example_branch_day_of_week_operator.py
[2022-07-30 20:27:34,710] {processor.py:651} INFO - DAG(s) dict_keys(['example_weekday_branch_operator']) retrieved from /home/airflow/.local/lib/python3.7/site-packages/airflow/example_dags/example_branch_day_of_week_operator.py
[2022-07-30 20:27:34,744] {logging_mixin.py:115} INFO - [2022-07-30 20:27:34,744] {dag.py:2420} INFO - Sync 1 DAGs
[2022-07-30 20:27:34,781] {logging_mixin.py:115} INFO - [2022-07-30 20:27:34,781] {dag.py:2972} INFO - Setting next_dagrun for example_weekday_branch_operator to 2022-07-29T00:00:00+00:00, run_after=2022-07-30T00:00:00+00:00
[2022-07-30 20:27:34,807] {processor.py:161} INFO - Processing /home/airflow/.local/lib/python3.7/site-packages/airflow/example_dags/example_branch_day_of_week_operator.py took 0.113 seconds
[2022-07-30 20:28:05,089] {processor.py:153} INFO - Started process (PID=729) to work on /home/airflow/.local/lib/python3.7/site-packages/airflow/example_dags/example_branch_day_of_week_operator.py
[2022-07-30 20:28:05,090] {processor.py:641} INFO - Processing file /home/airflow/.local/lib/python3.7/site-packages/airflow/example_dags/example_branch_day_of_week_operator.py for tasks to queue
[2022-07-30 20:28:05,091] {logging_mixin.py:115} INFO - [2022-07-30 20:28:05,091] {dagbag.py:508} INFO - Filling up the DagBag from /home/airflow/.local/lib/python3.7/site-packages/airflow/example_dags/example_branch_day_of_week_operator.py
[2022-07-30 20:28:05,100] {processor.py:651} INFO - DAG(s) dict_keys(['example_weekday_branch_operator']) retrieved from /home/airflow/.local/lib/python3.7/site-packages/airflow/example_dags/example_branch_day_of_week_operator.py
[2022-07-30 20:28:05,142] {logging_mixin.py:115} INFO - [2022-07-30 20:28:05,142] {dag.py:2420} INFO - Sync 1 DAGs
[2022-07-30 20:28:05,172] {logging_mixin.py:115} INFO - [2022-07-30 20:28:05,172] {dag.py:2972} INFO - Setting next_dagrun for example_weekday_branch_operator to 2022-07-29T00:00:00+00:00, run_after=2022-07-30T00:00:00+00:00
[2022-07-30 20:28:05,188] {processor.py:161} INFO - Processing /home/airflow/.local/lib/python3.7/site-packages/airflow/example_dags/example_branch_day_of_week_operator.py took 0.102 seconds
[2022-07-30 20:28:35,565] {processor.py:153} INFO - Started process (PID=932) to work on /home/airflow/.local/lib/python3.7/site-packages/airflow/example_dags/example_branch_day_of_week_operator.py
[2022-07-30 20:28:35,566] {processor.py:641} INFO - Processing file /home/airflow/.local/lib/python3.7/site-packages/airflow/example_dags/example_branch_day_of_week_operator.py for tasks to queue
[2022-07-30 20:28:35,567] {logging_mixin.py:115} INFO - [2022-07-30 20:28:35,567] {dagbag.py:508} INFO - Filling up the DagBag from /home/airflow/.local/lib/python3.7/site-packages/airflow/example_dags/example_branch_day_of_week_operator.py
[2022-07-30 20:28:35,577] {processor.py:651} INFO - DAG(s) dict_keys(['example_weekday_branch_operator']) retrieved from /home/airflow/.local/lib/python3.7/site-packages/airflow/example_dags/example_branch_day_of_week_operator.py
[2022-07-30 20:28:35,606] {logging_mixin.py:115} INFO - [2022-07-30 20:28:35,605] {dag.py:2420} INFO - Sync 1 DAGs
[2022-07-30 20:28:35,638] {logging_mixin.py:115} INFO - [2022-07-30 20:28:35,638] {dag.py:2972} INFO - Setting next_dagrun for example_weekday_branch_operator to 2022-07-29T00:00:00+00:00, run_after=2022-07-30T00:00:00+00:00
[2022-07-30 20:28:35,659] {processor.py:161} INFO - Processing /home/airflow/.local/lib/python3.7/site-packages/airflow/example_dags/example_branch_day_of_week_operator.py took 0.098 seconds
[2022-07-30 20:29:05,960] {processor.py:153} INFO - Started process (PID=1126) to work on /home/airflow/.local/lib/python3.7/site-packages/airflow/example_dags/example_branch_day_of_week_operator.py
[2022-07-30 20:29:05,961] {processor.py:641} INFO - Processing file /home/airflow/.local/lib/python3.7/site-packages/airflow/example_dags/example_branch_day_of_week_operator.py for tasks to queue
[2022-07-30 20:29:05,962] {logging_mixin.py:115} INFO - [2022-07-30 20:29:05,961] {dagbag.py:508} INFO - Filling up the DagBag from /home/airflow/.local/lib/python3.7/site-packages/airflow/example_dags/example_branch_day_of_week_operator.py
[2022-07-30 20:29:05,970] {processor.py:651} INFO - DAG(s) dict_keys(['example_weekday_branch_operator']) retrieved from /home/airflow/.local/lib/python3.7/site-packages/airflow/example_dags/example_branch_day_of_week_operator.py
[2022-07-30 20:29:05,997] {logging_mixin.py:115} INFO - [2022-07-30 20:29:05,997] {dag.py:2420} INFO - Sync 1 DAGs
[2022-07-30 20:29:06,028] {logging_mixin.py:115} INFO - [2022-07-30 20:29:06,027] {dag.py:2972} INFO - Setting next_dagrun for example_weekday_branch_operator to 2022-07-29T00:00:00+00:00, run_after=2022-07-30T00:00:00+00:00
[2022-07-30 20:29:06,043] {processor.py:161} INFO - Processing /home/airflow/.local/lib/python3.7/site-packages/airflow/example_dags/example_branch_day_of_week_operator.py took 0.086 seconds
[2022-07-30 20:29:36,264] {processor.py:153} INFO - Started process (PID=1329) to work on /home/airflow/.local/lib/python3.7/site-packages/airflow/example_dags/example_branch_day_of_week_operator.py
[2022-07-30 20:29:36,264] {processor.py:641} INFO - Processing file /home/airflow/.local/lib/python3.7/site-packages/airflow/example_dags/example_branch_day_of_week_operator.py for tasks to queue
[2022-07-30 20:29:36,265] {logging_mixin.py:115} INFO - [2022-07-30 20:29:36,265] {dagbag.py:508} INFO - Filling up the DagBag from /home/airflow/.local/lib/python3.7/site-packages/airflow/example_dags/example_branch_day_of_week_operator.py
[2022-07-30 20:29:36,273] {processor.py:651} INFO - DAG(s) dict_keys(['example_weekday_branch_operator']) retrieved from /home/airflow/.local/lib/python3.7/site-packages/airflow/example_dags/example_branch_day_of_week_operator.py
[2022-07-30 20:29:36,302] {logging_mixin.py:115} INFO - [2022-07-30 20:29:36,302] {dag.py:2420} INFO - Sync 1 DAGs
[2022-07-30 20:29:36,329] {logging_mixin.py:115} INFO - [2022-07-30 20:29:36,329] {dag.py:2972} INFO - Setting next_dagrun for example_weekday_branch_operator to 2022-07-29T00:00:00+00:00, run_after=2022-07-30T00:00:00+00:00
[2022-07-30 20:29:36,350] {processor.py:161} INFO - Processing /home/airflow/.local/lib/python3.7/site-packages/airflow/example_dags/example_branch_day_of_week_operator.py took 0.089 seconds
[2022-07-30 20:30:06,875] {processor.py:153} INFO - Started process (PID=1523) to work on /home/airflow/.local/lib/python3.7/site-packages/airflow/example_dags/example_branch_day_of_week_operator.py
[2022-07-30 20:30:06,877] {processor.py:641} INFO - Processing file /home/airflow/.local/lib/python3.7/site-packages/airflow/example_dags/example_branch_day_of_week_operator.py for tasks to queue
[2022-07-30 20:30:06,877] {logging_mixin.py:115} INFO - [2022-07-30 20:30:06,877] {dagbag.py:508} INFO - Filling up the DagBag from /home/airflow/.local/lib/python3.7/site-packages/airflow/example_dags/example_branch_day_of_week_operator.py
[2022-07-30 20:30:06,889] {processor.py:651} INFO - DAG(s) dict_keys(['example_weekday_branch_operator']) retrieved from /home/airflow/.local/lib/python3.7/site-packages/airflow/example_dags/example_branch_day_of_week_operator.py
[2022-07-30 20:30:06,923] {logging_mixin.py:115} INFO - [2022-07-30 20:30:06,923] {dag.py:2420} INFO - Sync 1 DAGs
[2022-07-30 20:30:06,954] {logging_mixin.py:115} INFO - [2022-07-30 20:30:06,954] {dag.py:2972} INFO - Setting next_dagrun for example_weekday_branch_operator to 2022-07-29T00:00:00+00:00, run_after=2022-07-30T00:00:00+00:00
[2022-07-30 20:30:06,981] {processor.py:161} INFO - Processing /home/airflow/.local/lib/python3.7/site-packages/airflow/example_dags/example_branch_day_of_week_operator.py took 0.109 seconds
[2022-07-30 20:30:37,222] {processor.py:153} INFO - Started process (PID=1726) to work on /home/airflow/.local/lib/python3.7/site-packages/airflow/example_dags/example_branch_day_of_week_operator.py
[2022-07-30 20:30:37,223] {processor.py:641} INFO - Processing file /home/airflow/.local/lib/python3.7/site-packages/airflow/example_dags/example_branch_day_of_week_operator.py for tasks to queue
[2022-07-30 20:30:37,224] {logging_mixin.py:115} INFO - [2022-07-30 20:30:37,224] {dagbag.py:508} INFO - Filling up the DagBag from /home/airflow/.local/lib/python3.7/site-packages/airflow/example_dags/example_branch_day_of_week_operator.py
[2022-07-30 20:30:37,232] {processor.py:651} INFO - DAG(s) dict_keys(['example_weekday_branch_operator']) retrieved from /home/airflow/.local/lib/python3.7/site-packages/airflow/example_dags/example_branch_day_of_week_operator.py
[2022-07-30 20:30:37,266] {logging_mixin.py:115} INFO - [2022-07-30 20:30:37,266] {dag.py:2420} INFO - Sync 1 DAGs
[2022-07-30 20:30:37,305] {logging_mixin.py:115} INFO - [2022-07-30 20:30:37,305] {dag.py:2972} INFO - Setting next_dagrun for example_weekday_branch_operator to 2022-07-29T00:00:00+00:00, run_after=2022-07-30T00:00:00+00:00
[2022-07-30 20:30:37,325] {processor.py:161} INFO - Processing /home/airflow/.local/lib/python3.7/site-packages/airflow/example_dags/example_branch_day_of_week_operator.py took 0.105 seconds
[2022-07-30 20:31:07,507] {processor.py:153} INFO - Started process (PID=1920) to work on /home/airflow/.local/lib/python3.7/site-packages/airflow/example_dags/example_branch_day_of_week_operator.py
[2022-07-30 20:31:07,508] {processor.py:641} INFO - Processing file /home/airflow/.local/lib/python3.7/site-packages/airflow/example_dags/example_branch_day_of_week_operator.py for tasks to queue
[2022-07-30 20:31:07,508] {logging_mixin.py:115} INFO - [2022-07-30 20:31:07,508] {dagbag.py:508} INFO - Filling up the DagBag from /home/airflow/.local/lib/python3.7/site-packages/airflow/example_dags/example_branch_day_of_week_operator.py
[2022-07-30 20:31:07,517] {processor.py:651} INFO - DAG(s) dict_keys(['example_weekday_branch_operator']) retrieved from /home/airflow/.local/lib/python3.7/site-packages/airflow/example_dags/example_branch_day_of_week_operator.py
[2022-07-30 20:31:07,544] {logging_mixin.py:115} INFO - [2022-07-30 20:31:07,544] {dag.py:2420} INFO - Sync 1 DAGs
[2022-07-30 20:31:07,573] {logging_mixin.py:115} INFO - [2022-07-30 20:31:07,573] {dag.py:2972} INFO - Setting next_dagrun for example_weekday_branch_operator to 2022-07-29T00:00:00+00:00, run_after=2022-07-30T00:00:00+00:00
[2022-07-30 20:31:07,589] {processor.py:161} INFO - Processing /home/airflow/.local/lib/python3.7/site-packages/airflow/example_dags/example_branch_day_of_week_operator.py took 0.085 seconds
[2022-07-30 20:31:37,943] {processor.py:153} INFO - Started process (PID=2123) to work on /home/airflow/.local/lib/python3.7/site-packages/airflow/example_dags/example_branch_day_of_week_operator.py
[2022-07-30 20:31:37,944] {processor.py:641} INFO - Processing file /home/airflow/.local/lib/python3.7/site-packages/airflow/example_dags/example_branch_day_of_week_operator.py for tasks to queue
[2022-07-30 20:31:37,945] {logging_mixin.py:115} INFO - [2022-07-30 20:31:37,944] {dagbag.py:508} INFO - Filling up the DagBag from /home/airflow/.local/lib/python3.7/site-packages/airflow/example_dags/example_branch_day_of_week_operator.py
[2022-07-30 20:31:37,954] {processor.py:651} INFO - DAG(s) dict_keys(['example_weekday_branch_operator']) retrieved from /home/airflow/.local/lib/python3.7/site-packages/airflow/example_dags/example_branch_day_of_week_operator.py
[2022-07-30 20:31:37,984] {logging_mixin.py:115} INFO - [2022-07-30 20:31:37,984] {dag.py:2420} INFO - Sync 1 DAGs
[2022-07-30 20:31:38,016] {logging_mixin.py:115} INFO - [2022-07-30 20:31:38,016] {dag.py:2972} INFO - Setting next_dagrun for example_weekday_branch_operator to 2022-07-29T00:00:00+00:00, run_after=2022-07-30T00:00:00+00:00
[2022-07-30 20:31:38,033] {processor.py:161} INFO - Processing /home/airflow/.local/lib/python3.7/site-packages/airflow/example_dags/example_branch_day_of_week_operator.py took 0.094 seconds
[2022-07-30 20:32:08,495] {processor.py:153} INFO - Started process (PID=2317) to work on /home/airflow/.local/lib/python3.7/site-packages/airflow/example_dags/example_branch_day_of_week_operator.py
[2022-07-30 20:32:08,496] {processor.py:641} INFO - Processing file /home/airflow/.local/lib/python3.7/site-packages/airflow/example_dags/example_branch_day_of_week_operator.py for tasks to queue
[2022-07-30 20:32:08,497] {logging_mixin.py:115} INFO - [2022-07-30 20:32:08,497] {dagbag.py:508} INFO - Filling up the DagBag from /home/airflow/.local/lib/python3.7/site-packages/airflow/example_dags/example_branch_day_of_week_operator.py
[2022-07-30 20:32:08,511] {processor.py:651} INFO - DAG(s) dict_keys(['example_weekday_branch_operator']) retrieved from /home/airflow/.local/lib/python3.7/site-packages/airflow/example_dags/example_branch_day_of_week_operator.py
[2022-07-30 20:32:08,552] {logging_mixin.py:115} INFO - [2022-07-30 20:32:08,551] {dag.py:2420} INFO - Sync 1 DAGs
[2022-07-30 20:32:08,589] {logging_mixin.py:115} INFO - [2022-07-30 20:32:08,589] {dag.py:2972} INFO - Setting next_dagrun for example_weekday_branch_operator to 2022-07-29T00:00:00+00:00, run_after=2022-07-30T00:00:00+00:00
[2022-07-30 20:32:08,615] {processor.py:161} INFO - Processing /home/airflow/.local/lib/python3.7/site-packages/airflow/example_dags/example_branch_day_of_week_operator.py took 0.124 seconds
[2022-07-30 20:32:38,995] {processor.py:153} INFO - Started process (PID=2521) to work on /home/airflow/.local/lib/python3.7/site-packages/airflow/example_dags/example_branch_day_of_week_operator.py
[2022-07-30 20:32:38,996] {processor.py:641} INFO - Processing file /home/airflow/.local/lib/python3.7/site-packages/airflow/example_dags/example_branch_day_of_week_operator.py for tasks to queue
[2022-07-30 20:32:38,997] {logging_mixin.py:115} INFO - [2022-07-30 20:32:38,997] {dagbag.py:508} INFO - Filling up the DagBag from /home/airflow/.local/lib/python3.7/site-packages/airflow/example_dags/example_branch_day_of_week_operator.py
[2022-07-30 20:32:39,011] {processor.py:651} INFO - DAG(s) dict_keys(['example_weekday_branch_operator']) retrieved from /home/airflow/.local/lib/python3.7/site-packages/airflow/example_dags/example_branch_day_of_week_operator.py
[2022-07-30 20:32:39,045] {logging_mixin.py:115} INFO - [2022-07-30 20:32:39,044] {dag.py:2420} INFO - Sync 1 DAGs
[2022-07-30 20:32:39,078] {logging_mixin.py:115} INFO - [2022-07-30 20:32:39,078] {dag.py:2972} INFO - Setting next_dagrun for example_weekday_branch_operator to 2022-07-29T00:00:00+00:00, run_after=2022-07-30T00:00:00+00:00
[2022-07-30 20:32:39,093] {processor.py:161} INFO - Processing /home/airflow/.local/lib/python3.7/site-packages/airflow/example_dags/example_branch_day_of_week_operator.py took 0.104 seconds
[2022-07-30 20:33:09,182] {processor.py:153} INFO - Started process (PID=2715) to work on /home/airflow/.local/lib/python3.7/site-packages/airflow/example_dags/example_branch_day_of_week_operator.py
[2022-07-30 20:33:09,183] {processor.py:641} INFO - Processing file /home/airflow/.local/lib/python3.7/site-packages/airflow/example_dags/example_branch_day_of_week_operator.py for tasks to queue
[2022-07-30 20:33:09,184] {logging_mixin.py:115} INFO - [2022-07-30 20:33:09,184] {dagbag.py:508} INFO - Filling up the DagBag from /home/airflow/.local/lib/python3.7/site-packages/airflow/example_dags/example_branch_day_of_week_operator.py
[2022-07-30 20:33:09,196] {processor.py:651} INFO - DAG(s) dict_keys(['example_weekday_branch_operator']) retrieved from /home/airflow/.local/lib/python3.7/site-packages/airflow/example_dags/example_branch_day_of_week_operator.py
[2022-07-30 20:33:09,238] {logging_mixin.py:115} INFO - [2022-07-30 20:33:09,237] {dag.py:2420} INFO - Sync 1 DAGs
[2022-07-30 20:33:09,272] {logging_mixin.py:115} INFO - [2022-07-30 20:33:09,271] {dag.py:2972} INFO - Setting next_dagrun for example_weekday_branch_operator to 2022-07-29T00:00:00+00:00, run_after=2022-07-30T00:00:00+00:00
[2022-07-30 20:33:09,288] {processor.py:161} INFO - Processing /home/airflow/.local/lib/python3.7/site-packages/airflow/example_dags/example_branch_day_of_week_operator.py took 0.111 seconds
[2022-07-30 20:33:39,572] {processor.py:153} INFO - Started process (PID=2918) to work on /home/airflow/.local/lib/python3.7/site-packages/airflow/example_dags/example_branch_day_of_week_operator.py
[2022-07-30 20:33:39,573] {processor.py:641} INFO - Processing file /home/airflow/.local/lib/python3.7/site-packages/airflow/example_dags/example_branch_day_of_week_operator.py for tasks to queue
[2022-07-30 20:33:39,574] {logging_mixin.py:115} INFO - [2022-07-30 20:33:39,574] {dagbag.py:508} INFO - Filling up the DagBag from /home/airflow/.local/lib/python3.7/site-packages/airflow/example_dags/example_branch_day_of_week_operator.py
[2022-07-30 20:33:39,583] {processor.py:651} INFO - DAG(s) dict_keys(['example_weekday_branch_operator']) retrieved from /home/airflow/.local/lib/python3.7/site-packages/airflow/example_dags/example_branch_day_of_week_operator.py
[2022-07-30 20:33:39,613] {logging_mixin.py:115} INFO - [2022-07-30 20:33:39,613] {dag.py:2420} INFO - Sync 1 DAGs
[2022-07-30 20:33:39,644] {logging_mixin.py:115} INFO - [2022-07-30 20:33:39,644] {dag.py:2972} INFO - Setting next_dagrun for example_weekday_branch_operator to 2022-07-29T00:00:00+00:00, run_after=2022-07-30T00:00:00+00:00
[2022-07-30 20:33:39,662] {processor.py:161} INFO - Processing /home/airflow/.local/lib/python3.7/site-packages/airflow/example_dags/example_branch_day_of_week_operator.py took 0.093 seconds
[2022-07-30 20:34:09,909] {processor.py:153} INFO - Started process (PID=3112) to work on /home/airflow/.local/lib/python3.7/site-packages/airflow/example_dags/example_branch_day_of_week_operator.py
[2022-07-30 20:34:09,910] {processor.py:641} INFO - Processing file /home/airflow/.local/lib/python3.7/site-packages/airflow/example_dags/example_branch_day_of_week_operator.py for tasks to queue
[2022-07-30 20:34:09,911] {logging_mixin.py:115} INFO - [2022-07-30 20:34:09,911] {dagbag.py:508} INFO - Filling up the DagBag from /home/airflow/.local/lib/python3.7/site-packages/airflow/example_dags/example_branch_day_of_week_operator.py
[2022-07-30 20:34:09,923] {processor.py:651} INFO - DAG(s) dict_keys(['example_weekday_branch_operator']) retrieved from /home/airflow/.local/lib/python3.7/site-packages/airflow/example_dags/example_branch_day_of_week_operator.py
[2022-07-30 20:34:09,964] {logging_mixin.py:115} INFO - [2022-07-30 20:34:09,963] {dag.py:2420} INFO - Sync 1 DAGs
[2022-07-30 20:34:10,002] {logging_mixin.py:115} INFO - [2022-07-30 20:34:10,002] {dag.py:2972} INFO - Setting next_dagrun for example_weekday_branch_operator to 2022-07-29T00:00:00+00:00, run_after=2022-07-30T00:00:00+00:00
[2022-07-30 20:34:10,025] {processor.py:161} INFO - Processing /home/airflow/.local/lib/python3.7/site-packages/airflow/example_dags/example_branch_day_of_week_operator.py took 0.120 seconds
