[2022-07-30 05:49:08,595] {processor.py:153} INFO - Started process (PID=30119) to work on /home/airflow/.local/lib/python3.7/site-packages/airflow/example_dags/example_branch_operator_decorator.py
[2022-07-30 05:49:08,597] {processor.py:641} INFO - Processing file /home/airflow/.local/lib/python3.7/site-packages/airflow/example_dags/example_branch_operator_decorator.py for tasks to queue
[2022-07-30 05:49:08,599] {logging_mixin.py:115} INFO - [2022-07-30 05:49:08,599] {dagbag.py:508} INFO - Filling up the DagBag from /home/airflow/.local/lib/python3.7/site-packages/airflow/example_dags/example_branch_operator_decorator.py
[2022-07-30 05:49:08,648] {processor.py:651} INFO - DAG(s) dict_keys(['example_branch_python_operator_decorator']) retrieved from /home/airflow/.local/lib/python3.7/site-packages/airflow/example_dags/example_branch_operator_decorator.py
[2022-07-30 05:49:08,705] {logging_mixin.py:115} INFO - [2022-07-30 05:49:08,704] {dag.py:2420} INFO - Sync 1 DAGs
[2022-07-30 05:49:08,761] {logging_mixin.py:115} INFO - [2022-07-30 05:49:08,760] {dag.py:2972} INFO - Setting next_dagrun for example_branch_python_operator_decorator to 2022-07-29T00:00:00+00:00, run_after=2022-07-30T00:00:00+00:00
[2022-07-30 05:49:08,786] {processor.py:161} INFO - Processing /home/airflow/.local/lib/python3.7/site-packages/airflow/example_dags/example_branch_operator_decorator.py took 0.196 seconds
[2022-07-30 05:49:39,350] {processor.py:153} INFO - Started process (PID=30327) to work on /home/airflow/.local/lib/python3.7/site-packages/airflow/example_dags/example_branch_operator_decorator.py
[2022-07-30 05:49:39,350] {processor.py:641} INFO - Processing file /home/airflow/.local/lib/python3.7/site-packages/airflow/example_dags/example_branch_operator_decorator.py for tasks to queue
[2022-07-30 05:49:39,351] {logging_mixin.py:115} INFO - [2022-07-30 05:49:39,351] {dagbag.py:508} INFO - Filling up the DagBag from /home/airflow/.local/lib/python3.7/site-packages/airflow/example_dags/example_branch_operator_decorator.py
[2022-07-30 05:49:39,375] {processor.py:651} INFO - DAG(s) dict_keys(['example_branch_python_operator_decorator']) retrieved from /home/airflow/.local/lib/python3.7/site-packages/airflow/example_dags/example_branch_operator_decorator.py
[2022-07-30 05:49:39,404] {logging_mixin.py:115} INFO - [2022-07-30 05:49:39,404] {dag.py:2420} INFO - Sync 1 DAGs
[2022-07-30 05:49:39,436] {logging_mixin.py:115} INFO - [2022-07-30 05:49:39,436] {dag.py:2972} INFO - Setting next_dagrun for example_branch_python_operator_decorator to 2022-07-29T00:00:00+00:00, run_after=2022-07-30T00:00:00+00:00
[2022-07-30 05:49:39,452] {processor.py:161} INFO - Processing /home/airflow/.local/lib/python3.7/site-packages/airflow/example_dags/example_branch_operator_decorator.py took 0.105 seconds
[2022-07-30 05:50:10,279] {processor.py:153} INFO - Started process (PID=30534) to work on /home/airflow/.local/lib/python3.7/site-packages/airflow/example_dags/example_branch_operator_decorator.py
[2022-07-30 05:50:10,280] {processor.py:641} INFO - Processing file /home/airflow/.local/lib/python3.7/site-packages/airflow/example_dags/example_branch_operator_decorator.py for tasks to queue
[2022-07-30 05:50:10,281] {logging_mixin.py:115} INFO - [2022-07-30 05:50:10,280] {dagbag.py:508} INFO - Filling up the DagBag from /home/airflow/.local/lib/python3.7/site-packages/airflow/example_dags/example_branch_operator_decorator.py
[2022-07-30 05:50:10,297] {processor.py:651} INFO - DAG(s) dict_keys(['example_branch_python_operator_decorator']) retrieved from /home/airflow/.local/lib/python3.7/site-packages/airflow/example_dags/example_branch_operator_decorator.py
[2022-07-30 05:50:10,326] {logging_mixin.py:115} INFO - [2022-07-30 05:50:10,326] {dag.py:2420} INFO - Sync 1 DAGs
[2022-07-30 05:50:10,350] {logging_mixin.py:115} INFO - [2022-07-30 05:50:10,350] {dag.py:2972} INFO - Setting next_dagrun for example_branch_python_operator_decorator to 2022-07-29T00:00:00+00:00, run_after=2022-07-30T00:00:00+00:00
[2022-07-30 05:50:10,367] {processor.py:161} INFO - Processing /home/airflow/.local/lib/python3.7/site-packages/airflow/example_dags/example_branch_operator_decorator.py took 0.090 seconds
[2022-07-30 05:50:40,448] {processor.py:153} INFO - Started process (PID=30722) to work on /home/airflow/.local/lib/python3.7/site-packages/airflow/example_dags/example_branch_operator_decorator.py
[2022-07-30 05:50:40,449] {processor.py:641} INFO - Processing file /home/airflow/.local/lib/python3.7/site-packages/airflow/example_dags/example_branch_operator_decorator.py for tasks to queue
[2022-07-30 05:50:40,450] {logging_mixin.py:115} INFO - [2022-07-30 05:50:40,450] {dagbag.py:508} INFO - Filling up the DagBag from /home/airflow/.local/lib/python3.7/site-packages/airflow/example_dags/example_branch_operator_decorator.py
[2022-07-30 05:50:40,476] {processor.py:651} INFO - DAG(s) dict_keys(['example_branch_python_operator_decorator']) retrieved from /home/airflow/.local/lib/python3.7/site-packages/airflow/example_dags/example_branch_operator_decorator.py
[2022-07-30 05:50:40,512] {logging_mixin.py:115} INFO - [2022-07-30 05:50:40,512] {dag.py:2420} INFO - Sync 1 DAGs
[2022-07-30 05:50:40,543] {logging_mixin.py:115} INFO - [2022-07-30 05:50:40,543] {dag.py:2972} INFO - Setting next_dagrun for example_branch_python_operator_decorator to 2022-07-29T00:00:00+00:00, run_after=2022-07-30T00:00:00+00:00
[2022-07-30 05:50:40,562] {processor.py:161} INFO - Processing /home/airflow/.local/lib/python3.7/site-packages/airflow/example_dags/example_branch_operator_decorator.py took 0.117 seconds
[2022-07-30 05:51:11,648] {processor.py:153} INFO - Started process (PID=30931) to work on /home/airflow/.local/lib/python3.7/site-packages/airflow/example_dags/example_branch_operator_decorator.py
[2022-07-30 05:51:11,649] {processor.py:641} INFO - Processing file /home/airflow/.local/lib/python3.7/site-packages/airflow/example_dags/example_branch_operator_decorator.py for tasks to queue
[2022-07-30 05:51:11,650] {logging_mixin.py:115} INFO - [2022-07-30 05:51:11,649] {dagbag.py:508} INFO - Filling up the DagBag from /home/airflow/.local/lib/python3.7/site-packages/airflow/example_dags/example_branch_operator_decorator.py
[2022-07-30 05:51:11,678] {processor.py:651} INFO - DAG(s) dict_keys(['example_branch_python_operator_decorator']) retrieved from /home/airflow/.local/lib/python3.7/site-packages/airflow/example_dags/example_branch_operator_decorator.py
[2022-07-30 05:51:11,714] {logging_mixin.py:115} INFO - [2022-07-30 05:51:11,714] {dag.py:2420} INFO - Sync 1 DAGs
[2022-07-30 05:51:11,748] {logging_mixin.py:115} INFO - [2022-07-30 05:51:11,748] {dag.py:2972} INFO - Setting next_dagrun for example_branch_python_operator_decorator to 2022-07-29T00:00:00+00:00, run_after=2022-07-30T00:00:00+00:00
[2022-07-30 05:51:11,765] {processor.py:161} INFO - Processing /home/airflow/.local/lib/python3.7/site-packages/airflow/example_dags/example_branch_operator_decorator.py took 0.121 seconds
[2022-07-30 05:51:42,574] {processor.py:153} INFO - Started process (PID=31126) to work on /home/airflow/.local/lib/python3.7/site-packages/airflow/example_dags/example_branch_operator_decorator.py
[2022-07-30 05:51:42,575] {processor.py:641} INFO - Processing file /home/airflow/.local/lib/python3.7/site-packages/airflow/example_dags/example_branch_operator_decorator.py for tasks to queue
[2022-07-30 05:51:42,576] {logging_mixin.py:115} INFO - [2022-07-30 05:51:42,576] {dagbag.py:508} INFO - Filling up the DagBag from /home/airflow/.local/lib/python3.7/site-packages/airflow/example_dags/example_branch_operator_decorator.py
[2022-07-30 05:51:42,601] {processor.py:651} INFO - DAG(s) dict_keys(['example_branch_python_operator_decorator']) retrieved from /home/airflow/.local/lib/python3.7/site-packages/airflow/example_dags/example_branch_operator_decorator.py
[2022-07-30 05:51:42,635] {logging_mixin.py:115} INFO - [2022-07-30 05:51:42,635] {dag.py:2420} INFO - Sync 1 DAGs
[2022-07-30 05:51:42,673] {logging_mixin.py:115} INFO - [2022-07-30 05:51:42,673] {dag.py:2972} INFO - Setting next_dagrun for example_branch_python_operator_decorator to 2022-07-29T00:00:00+00:00, run_after=2022-07-30T00:00:00+00:00
[2022-07-30 05:51:42,700] {processor.py:161} INFO - Processing /home/airflow/.local/lib/python3.7/site-packages/airflow/example_dags/example_branch_operator_decorator.py took 0.129 seconds
[2022-07-30 05:52:12,737] {processor.py:153} INFO - Started process (PID=31323) to work on /home/airflow/.local/lib/python3.7/site-packages/airflow/example_dags/example_branch_operator_decorator.py
[2022-07-30 05:52:12,738] {processor.py:641} INFO - Processing file /home/airflow/.local/lib/python3.7/site-packages/airflow/example_dags/example_branch_operator_decorator.py for tasks to queue
[2022-07-30 05:52:12,739] {logging_mixin.py:115} INFO - [2022-07-30 05:52:12,739] {dagbag.py:508} INFO - Filling up the DagBag from /home/airflow/.local/lib/python3.7/site-packages/airflow/example_dags/example_branch_operator_decorator.py
[2022-07-30 05:52:12,763] {processor.py:651} INFO - DAG(s) dict_keys(['example_branch_python_operator_decorator']) retrieved from /home/airflow/.local/lib/python3.7/site-packages/airflow/example_dags/example_branch_operator_decorator.py
[2022-07-30 05:52:12,794] {logging_mixin.py:115} INFO - [2022-07-30 05:52:12,794] {dag.py:2420} INFO - Sync 1 DAGs
[2022-07-30 05:52:12,823] {logging_mixin.py:115} INFO - [2022-07-30 05:52:12,822] {dag.py:2972} INFO - Setting next_dagrun for example_branch_python_operator_decorator to 2022-07-29T00:00:00+00:00, run_after=2022-07-30T00:00:00+00:00
[2022-07-30 05:52:12,839] {processor.py:161} INFO - Processing /home/airflow/.local/lib/python3.7/site-packages/airflow/example_dags/example_branch_operator_decorator.py took 0.105 seconds
[2022-07-30 05:52:43,534] {processor.py:153} INFO - Started process (PID=31519) to work on /home/airflow/.local/lib/python3.7/site-packages/airflow/example_dags/example_branch_operator_decorator.py
[2022-07-30 05:52:43,535] {processor.py:641} INFO - Processing file /home/airflow/.local/lib/python3.7/site-packages/airflow/example_dags/example_branch_operator_decorator.py for tasks to queue
[2022-07-30 05:52:43,535] {logging_mixin.py:115} INFO - [2022-07-30 05:52:43,535] {dagbag.py:508} INFO - Filling up the DagBag from /home/airflow/.local/lib/python3.7/site-packages/airflow/example_dags/example_branch_operator_decorator.py
[2022-07-30 05:52:43,560] {processor.py:651} INFO - DAG(s) dict_keys(['example_branch_python_operator_decorator']) retrieved from /home/airflow/.local/lib/python3.7/site-packages/airflow/example_dags/example_branch_operator_decorator.py
[2022-07-30 05:52:43,595] {logging_mixin.py:115} INFO - [2022-07-30 05:52:43,595] {dag.py:2420} INFO - Sync 1 DAGs
[2022-07-30 05:52:43,629] {logging_mixin.py:115} INFO - [2022-07-30 05:52:43,628] {dag.py:2972} INFO - Setting next_dagrun for example_branch_python_operator_decorator to 2022-07-29T00:00:00+00:00, run_after=2022-07-30T00:00:00+00:00
[2022-07-30 05:52:43,655] {processor.py:161} INFO - Processing /home/airflow/.local/lib/python3.7/site-packages/airflow/example_dags/example_branch_operator_decorator.py took 0.124 seconds
[2022-07-30 05:53:14,274] {processor.py:153} INFO - Started process (PID=31722) to work on /home/airflow/.local/lib/python3.7/site-packages/airflow/example_dags/example_branch_operator_decorator.py
[2022-07-30 05:53:14,274] {processor.py:641} INFO - Processing file /home/airflow/.local/lib/python3.7/site-packages/airflow/example_dags/example_branch_operator_decorator.py for tasks to queue
[2022-07-30 05:53:14,275] {logging_mixin.py:115} INFO - [2022-07-30 05:53:14,275] {dagbag.py:508} INFO - Filling up the DagBag from /home/airflow/.local/lib/python3.7/site-packages/airflow/example_dags/example_branch_operator_decorator.py
[2022-07-30 05:53:14,293] {processor.py:651} INFO - DAG(s) dict_keys(['example_branch_python_operator_decorator']) retrieved from /home/airflow/.local/lib/python3.7/site-packages/airflow/example_dags/example_branch_operator_decorator.py
[2022-07-30 05:53:14,322] {logging_mixin.py:115} INFO - [2022-07-30 05:53:14,322] {dag.py:2420} INFO - Sync 1 DAGs
[2022-07-30 05:53:14,345] {logging_mixin.py:115} INFO - [2022-07-30 05:53:14,345] {dag.py:2972} INFO - Setting next_dagrun for example_branch_python_operator_decorator to 2022-07-29T00:00:00+00:00, run_after=2022-07-30T00:00:00+00:00
[2022-07-30 05:53:14,369] {processor.py:161} INFO - Processing /home/airflow/.local/lib/python3.7/site-packages/airflow/example_dags/example_branch_operator_decorator.py took 0.098 seconds
[2022-07-30 20:24:30,975] {processor.py:153} INFO - Started process (PID=31789) to work on /home/airflow/.local/lib/python3.7/site-packages/airflow/example_dags/example_branch_operator_decorator.py
[2022-07-30 20:24:30,976] {processor.py:641} INFO - Processing file /home/airflow/.local/lib/python3.7/site-packages/airflow/example_dags/example_branch_operator_decorator.py for tasks to queue
[2022-07-30 20:24:30,987] {logging_mixin.py:115} INFO - [2022-07-30 20:24:30,983] {dagbag.py:508} INFO - Filling up the DagBag from /home/airflow/.local/lib/python3.7/site-packages/airflow/example_dags/example_branch_operator_decorator.py
[2022-07-30 20:24:31,071] {processor.py:651} INFO - DAG(s) dict_keys(['example_branch_python_operator_decorator']) retrieved from /home/airflow/.local/lib/python3.7/site-packages/airflow/example_dags/example_branch_operator_decorator.py
[2022-07-30 20:24:31,166] {logging_mixin.py:115} INFO - [2022-07-30 20:24:31,166] {dag.py:2420} INFO - Sync 1 DAGs
[2022-07-30 20:24:31,292] {logging_mixin.py:115} INFO - [2022-07-30 20:24:31,291] {dag.py:2972} INFO - Setting next_dagrun for example_branch_python_operator_decorator to 2022-07-29T00:00:00+00:00, run_after=2022-07-30T00:00:00+00:00
[2022-07-30 20:24:31,352] {processor.py:161} INFO - Processing /home/airflow/.local/lib/python3.7/site-packages/airflow/example_dags/example_branch_operator_decorator.py took 0.395 seconds
[2022-07-30 20:25:01,743] {processor.py:153} INFO - Started process (PID=31983) to work on /home/airflow/.local/lib/python3.7/site-packages/airflow/example_dags/example_branch_operator_decorator.py
[2022-07-30 20:25:01,744] {processor.py:641} INFO - Processing file /home/airflow/.local/lib/python3.7/site-packages/airflow/example_dags/example_branch_operator_decorator.py for tasks to queue
[2022-07-30 20:25:01,745] {logging_mixin.py:115} INFO - [2022-07-30 20:25:01,745] {dagbag.py:508} INFO - Filling up the DagBag from /home/airflow/.local/lib/python3.7/site-packages/airflow/example_dags/example_branch_operator_decorator.py
[2022-07-30 20:25:01,765] {processor.py:651} INFO - DAG(s) dict_keys(['example_branch_python_operator_decorator']) retrieved from /home/airflow/.local/lib/python3.7/site-packages/airflow/example_dags/example_branch_operator_decorator.py
[2022-07-30 20:25:01,795] {logging_mixin.py:115} INFO - [2022-07-30 20:25:01,795] {dag.py:2420} INFO - Sync 1 DAGs
[2022-07-30 20:25:01,824] {logging_mixin.py:115} INFO - [2022-07-30 20:25:01,824] {dag.py:2972} INFO - Setting next_dagrun for example_branch_python_operator_decorator to 2022-07-29T00:00:00+00:00, run_after=2022-07-30T00:00:00+00:00
[2022-07-30 20:25:01,840] {processor.py:161} INFO - Processing /home/airflow/.local/lib/python3.7/site-packages/airflow/example_dags/example_branch_operator_decorator.py took 0.100 seconds
[2022-07-30 20:25:31,987] {processor.py:153} INFO - Started process (PID=32186) to work on /home/airflow/.local/lib/python3.7/site-packages/airflow/example_dags/example_branch_operator_decorator.py
[2022-07-30 20:25:31,987] {processor.py:641} INFO - Processing file /home/airflow/.local/lib/python3.7/site-packages/airflow/example_dags/example_branch_operator_decorator.py for tasks to queue
[2022-07-30 20:25:31,988] {logging_mixin.py:115} INFO - [2022-07-30 20:25:31,988] {dagbag.py:508} INFO - Filling up the DagBag from /home/airflow/.local/lib/python3.7/site-packages/airflow/example_dags/example_branch_operator_decorator.py
[2022-07-30 20:25:32,005] {processor.py:651} INFO - DAG(s) dict_keys(['example_branch_python_operator_decorator']) retrieved from /home/airflow/.local/lib/python3.7/site-packages/airflow/example_dags/example_branch_operator_decorator.py
[2022-07-30 20:25:32,033] {logging_mixin.py:115} INFO - [2022-07-30 20:25:32,032] {dag.py:2420} INFO - Sync 1 DAGs
[2022-07-30 20:25:32,058] {logging_mixin.py:115} INFO - [2022-07-30 20:25:32,058] {dag.py:2972} INFO - Setting next_dagrun for example_branch_python_operator_decorator to 2022-07-29T00:00:00+00:00, run_after=2022-07-30T00:00:00+00:00
[2022-07-30 20:25:32,072] {processor.py:161} INFO - Processing /home/airflow/.local/lib/python3.7/site-packages/airflow/example_dags/example_branch_operator_decorator.py took 0.087 seconds
[2022-07-30 20:26:02,378] {processor.py:153} INFO - Started process (PID=32380) to work on /home/airflow/.local/lib/python3.7/site-packages/airflow/example_dags/example_branch_operator_decorator.py
[2022-07-30 20:26:02,379] {processor.py:641} INFO - Processing file /home/airflow/.local/lib/python3.7/site-packages/airflow/example_dags/example_branch_operator_decorator.py for tasks to queue
[2022-07-30 20:26:02,380] {logging_mixin.py:115} INFO - [2022-07-30 20:26:02,379] {dagbag.py:508} INFO - Filling up the DagBag from /home/airflow/.local/lib/python3.7/site-packages/airflow/example_dags/example_branch_operator_decorator.py
[2022-07-30 20:26:02,402] {processor.py:651} INFO - DAG(s) dict_keys(['example_branch_python_operator_decorator']) retrieved from /home/airflow/.local/lib/python3.7/site-packages/airflow/example_dags/example_branch_operator_decorator.py
[2022-07-30 20:26:02,432] {logging_mixin.py:115} INFO - [2022-07-30 20:26:02,432] {dag.py:2420} INFO - Sync 1 DAGs
[2022-07-30 20:26:02,462] {logging_mixin.py:115} INFO - [2022-07-30 20:26:02,462] {dag.py:2972} INFO - Setting next_dagrun for example_branch_python_operator_decorator to 2022-07-29T00:00:00+00:00, run_after=2022-07-30T00:00:00+00:00
[2022-07-30 20:26:02,480] {processor.py:161} INFO - Processing /home/airflow/.local/lib/python3.7/site-packages/airflow/example_dags/example_branch_operator_decorator.py took 0.105 seconds
[2022-07-30 20:26:32,769] {processor.py:153} INFO - Started process (PID=32583) to work on /home/airflow/.local/lib/python3.7/site-packages/airflow/example_dags/example_branch_operator_decorator.py
[2022-07-30 20:26:32,770] {processor.py:641} INFO - Processing file /home/airflow/.local/lib/python3.7/site-packages/airflow/example_dags/example_branch_operator_decorator.py for tasks to queue
[2022-07-30 20:26:32,771] {logging_mixin.py:115} INFO - [2022-07-30 20:26:32,771] {dagbag.py:508} INFO - Filling up the DagBag from /home/airflow/.local/lib/python3.7/site-packages/airflow/example_dags/example_branch_operator_decorator.py
[2022-07-30 20:26:32,793] {processor.py:651} INFO - DAG(s) dict_keys(['example_branch_python_operator_decorator']) retrieved from /home/airflow/.local/lib/python3.7/site-packages/airflow/example_dags/example_branch_operator_decorator.py
[2022-07-30 20:26:32,827] {logging_mixin.py:115} INFO - [2022-07-30 20:26:32,827] {dag.py:2420} INFO - Sync 1 DAGs
[2022-07-30 20:26:32,864] {logging_mixin.py:115} INFO - [2022-07-30 20:26:32,863] {dag.py:2972} INFO - Setting next_dagrun for example_branch_python_operator_decorator to 2022-07-29T00:00:00+00:00, run_after=2022-07-30T00:00:00+00:00
[2022-07-30 20:26:32,882] {processor.py:161} INFO - Processing /home/airflow/.local/lib/python3.7/site-packages/airflow/example_dags/example_branch_operator_decorator.py took 0.116 seconds
[2022-07-30 20:27:03,141] {processor.py:153} INFO - Started process (PID=309) to work on /home/airflow/.local/lib/python3.7/site-packages/airflow/example_dags/example_branch_operator_decorator.py
[2022-07-30 20:27:03,142] {processor.py:641} INFO - Processing file /home/airflow/.local/lib/python3.7/site-packages/airflow/example_dags/example_branch_operator_decorator.py for tasks to queue
[2022-07-30 20:27:03,143] {logging_mixin.py:115} INFO - [2022-07-30 20:27:03,143] {dagbag.py:508} INFO - Filling up the DagBag from /home/airflow/.local/lib/python3.7/site-packages/airflow/example_dags/example_branch_operator_decorator.py
[2022-07-30 20:27:03,165] {processor.py:651} INFO - DAG(s) dict_keys(['example_branch_python_operator_decorator']) retrieved from /home/airflow/.local/lib/python3.7/site-packages/airflow/example_dags/example_branch_operator_decorator.py
[2022-07-30 20:27:03,197] {logging_mixin.py:115} INFO - [2022-07-30 20:27:03,197] {dag.py:2420} INFO - Sync 1 DAGs
[2022-07-30 20:27:03,228] {logging_mixin.py:115} INFO - [2022-07-30 20:27:03,228] {dag.py:2972} INFO - Setting next_dagrun for example_branch_python_operator_decorator to 2022-07-29T00:00:00+00:00, run_after=2022-07-30T00:00:00+00:00
[2022-07-30 20:27:03,244] {processor.py:161} INFO - Processing /home/airflow/.local/lib/python3.7/site-packages/airflow/example_dags/example_branch_operator_decorator.py took 0.106 seconds
[2022-07-30 20:27:33,348] {processor.py:153} INFO - Started process (PID=513) to work on /home/airflow/.local/lib/python3.7/site-packages/airflow/example_dags/example_branch_operator_decorator.py
[2022-07-30 20:27:33,349] {processor.py:641} INFO - Processing file /home/airflow/.local/lib/python3.7/site-packages/airflow/example_dags/example_branch_operator_decorator.py for tasks to queue
[2022-07-30 20:27:33,350] {logging_mixin.py:115} INFO - [2022-07-30 20:27:33,350] {dagbag.py:508} INFO - Filling up the DagBag from /home/airflow/.local/lib/python3.7/site-packages/airflow/example_dags/example_branch_operator_decorator.py
[2022-07-30 20:27:33,373] {processor.py:651} INFO - DAG(s) dict_keys(['example_branch_python_operator_decorator']) retrieved from /home/airflow/.local/lib/python3.7/site-packages/airflow/example_dags/example_branch_operator_decorator.py
[2022-07-30 20:27:33,403] {logging_mixin.py:115} INFO - [2022-07-30 20:27:33,403] {dag.py:2420} INFO - Sync 1 DAGs
[2022-07-30 20:27:33,434] {logging_mixin.py:115} INFO - [2022-07-30 20:27:33,434] {dag.py:2972} INFO - Setting next_dagrun for example_branch_python_operator_decorator to 2022-07-29T00:00:00+00:00, run_after=2022-07-30T00:00:00+00:00
[2022-07-30 20:27:33,450] {processor.py:161} INFO - Processing /home/airflow/.local/lib/python3.7/site-packages/airflow/example_dags/example_branch_operator_decorator.py took 0.106 seconds
[2022-07-30 20:28:03,763] {processor.py:153} INFO - Started process (PID=707) to work on /home/airflow/.local/lib/python3.7/site-packages/airflow/example_dags/example_branch_operator_decorator.py
[2022-07-30 20:28:03,764] {processor.py:641} INFO - Processing file /home/airflow/.local/lib/python3.7/site-packages/airflow/example_dags/example_branch_operator_decorator.py for tasks to queue
[2022-07-30 20:28:03,765] {logging_mixin.py:115} INFO - [2022-07-30 20:28:03,765] {dagbag.py:508} INFO - Filling up the DagBag from /home/airflow/.local/lib/python3.7/site-packages/airflow/example_dags/example_branch_operator_decorator.py
[2022-07-30 20:28:03,786] {processor.py:651} INFO - DAG(s) dict_keys(['example_branch_python_operator_decorator']) retrieved from /home/airflow/.local/lib/python3.7/site-packages/airflow/example_dags/example_branch_operator_decorator.py
[2022-07-30 20:28:03,818] {logging_mixin.py:115} INFO - [2022-07-30 20:28:03,818] {dag.py:2420} INFO - Sync 1 DAGs
[2022-07-30 20:28:03,850] {logging_mixin.py:115} INFO - [2022-07-30 20:28:03,849] {dag.py:2972} INFO - Setting next_dagrun for example_branch_python_operator_decorator to 2022-07-29T00:00:00+00:00, run_after=2022-07-30T00:00:00+00:00
[2022-07-30 20:28:03,866] {processor.py:161} INFO - Processing /home/airflow/.local/lib/python3.7/site-packages/airflow/example_dags/example_branch_operator_decorator.py took 0.106 seconds
[2022-07-30 20:28:34,223] {processor.py:153} INFO - Started process (PID=912) to work on /home/airflow/.local/lib/python3.7/site-packages/airflow/example_dags/example_branch_operator_decorator.py
[2022-07-30 20:28:34,224] {processor.py:641} INFO - Processing file /home/airflow/.local/lib/python3.7/site-packages/airflow/example_dags/example_branch_operator_decorator.py for tasks to queue
[2022-07-30 20:28:34,225] {logging_mixin.py:115} INFO - [2022-07-30 20:28:34,225] {dagbag.py:508} INFO - Filling up the DagBag from /home/airflow/.local/lib/python3.7/site-packages/airflow/example_dags/example_branch_operator_decorator.py
[2022-07-30 20:28:34,248] {processor.py:651} INFO - DAG(s) dict_keys(['example_branch_python_operator_decorator']) retrieved from /home/airflow/.local/lib/python3.7/site-packages/airflow/example_dags/example_branch_operator_decorator.py
[2022-07-30 20:28:34,278] {logging_mixin.py:115} INFO - [2022-07-30 20:28:34,278] {dag.py:2420} INFO - Sync 1 DAGs
[2022-07-30 20:28:34,309] {logging_mixin.py:115} INFO - [2022-07-30 20:28:34,309] {dag.py:2972} INFO - Setting next_dagrun for example_branch_python_operator_decorator to 2022-07-29T00:00:00+00:00, run_after=2022-07-30T00:00:00+00:00
[2022-07-30 20:28:34,325] {processor.py:161} INFO - Processing /home/airflow/.local/lib/python3.7/site-packages/airflow/example_dags/example_branch_operator_decorator.py took 0.106 seconds
[2022-07-30 20:29:04,531] {processor.py:153} INFO - Started process (PID=1104) to work on /home/airflow/.local/lib/python3.7/site-packages/airflow/example_dags/example_branch_operator_decorator.py
[2022-07-30 20:29:04,532] {processor.py:641} INFO - Processing file /home/airflow/.local/lib/python3.7/site-packages/airflow/example_dags/example_branch_operator_decorator.py for tasks to queue
[2022-07-30 20:29:04,533] {logging_mixin.py:115} INFO - [2022-07-30 20:29:04,533] {dagbag.py:508} INFO - Filling up the DagBag from /home/airflow/.local/lib/python3.7/site-packages/airflow/example_dags/example_branch_operator_decorator.py
[2022-07-30 20:29:04,561] {processor.py:651} INFO - DAG(s) dict_keys(['example_branch_python_operator_decorator']) retrieved from /home/airflow/.local/lib/python3.7/site-packages/airflow/example_dags/example_branch_operator_decorator.py
[2022-07-30 20:29:04,595] {logging_mixin.py:115} INFO - [2022-07-30 20:29:04,595] {dag.py:2420} INFO - Sync 1 DAGs
[2022-07-30 20:29:04,629] {logging_mixin.py:115} INFO - [2022-07-30 20:29:04,629] {dag.py:2972} INFO - Setting next_dagrun for example_branch_python_operator_decorator to 2022-07-29T00:00:00+00:00, run_after=2022-07-30T00:00:00+00:00
[2022-07-30 20:29:04,650] {processor.py:161} INFO - Processing /home/airflow/.local/lib/python3.7/site-packages/airflow/example_dags/example_branch_operator_decorator.py took 0.123 seconds
[2022-07-30 20:29:34,960] {processor.py:153} INFO - Started process (PID=1307) to work on /home/airflow/.local/lib/python3.7/site-packages/airflow/example_dags/example_branch_operator_decorator.py
[2022-07-30 20:29:34,961] {processor.py:641} INFO - Processing file /home/airflow/.local/lib/python3.7/site-packages/airflow/example_dags/example_branch_operator_decorator.py for tasks to queue
[2022-07-30 20:29:34,962] {logging_mixin.py:115} INFO - [2022-07-30 20:29:34,961] {dagbag.py:508} INFO - Filling up the DagBag from /home/airflow/.local/lib/python3.7/site-packages/airflow/example_dags/example_branch_operator_decorator.py
[2022-07-30 20:29:34,985] {processor.py:651} INFO - DAG(s) dict_keys(['example_branch_python_operator_decorator']) retrieved from /home/airflow/.local/lib/python3.7/site-packages/airflow/example_dags/example_branch_operator_decorator.py
[2022-07-30 20:29:35,016] {logging_mixin.py:115} INFO - [2022-07-30 20:29:35,016] {dag.py:2420} INFO - Sync 1 DAGs
[2022-07-30 20:29:35,047] {logging_mixin.py:115} INFO - [2022-07-30 20:29:35,047] {dag.py:2972} INFO - Setting next_dagrun for example_branch_python_operator_decorator to 2022-07-29T00:00:00+00:00, run_after=2022-07-30T00:00:00+00:00
[2022-07-30 20:29:35,062] {processor.py:161} INFO - Processing /home/airflow/.local/lib/python3.7/site-packages/airflow/example_dags/example_branch_operator_decorator.py took 0.106 seconds
[2022-07-30 20:30:05,577] {processor.py:153} INFO - Started process (PID=1501) to work on /home/airflow/.local/lib/python3.7/site-packages/airflow/example_dags/example_branch_operator_decorator.py
[2022-07-30 20:30:05,578] {processor.py:641} INFO - Processing file /home/airflow/.local/lib/python3.7/site-packages/airflow/example_dags/example_branch_operator_decorator.py for tasks to queue
[2022-07-30 20:30:05,579] {logging_mixin.py:115} INFO - [2022-07-30 20:30:05,579] {dagbag.py:508} INFO - Filling up the DagBag from /home/airflow/.local/lib/python3.7/site-packages/airflow/example_dags/example_branch_operator_decorator.py
[2022-07-30 20:30:05,604] {processor.py:651} INFO - DAG(s) dict_keys(['example_branch_python_operator_decorator']) retrieved from /home/airflow/.local/lib/python3.7/site-packages/airflow/example_dags/example_branch_operator_decorator.py
[2022-07-30 20:30:05,638] {logging_mixin.py:115} INFO - [2022-07-30 20:30:05,638] {dag.py:2420} INFO - Sync 1 DAGs
[2022-07-30 20:30:05,675] {logging_mixin.py:115} INFO - [2022-07-30 20:30:05,675] {dag.py:2972} INFO - Setting next_dagrun for example_branch_python_operator_decorator to 2022-07-29T00:00:00+00:00, run_after=2022-07-30T00:00:00+00:00
[2022-07-30 20:30:05,694] {processor.py:161} INFO - Processing /home/airflow/.local/lib/python3.7/site-packages/airflow/example_dags/example_branch_operator_decorator.py took 0.121 seconds
[2022-07-30 20:30:36,002] {processor.py:153} INFO - Started process (PID=1704) to work on /home/airflow/.local/lib/python3.7/site-packages/airflow/example_dags/example_branch_operator_decorator.py
[2022-07-30 20:30:36,003] {processor.py:641} INFO - Processing file /home/airflow/.local/lib/python3.7/site-packages/airflow/example_dags/example_branch_operator_decorator.py for tasks to queue
[2022-07-30 20:30:36,005] {logging_mixin.py:115} INFO - [2022-07-30 20:30:36,005] {dagbag.py:508} INFO - Filling up the DagBag from /home/airflow/.local/lib/python3.7/site-packages/airflow/example_dags/example_branch_operator_decorator.py
[2022-07-30 20:30:36,027] {processor.py:651} INFO - DAG(s) dict_keys(['example_branch_python_operator_decorator']) retrieved from /home/airflow/.local/lib/python3.7/site-packages/airflow/example_dags/example_branch_operator_decorator.py
[2022-07-30 20:30:36,055] {logging_mixin.py:115} INFO - [2022-07-30 20:30:36,054] {dag.py:2420} INFO - Sync 1 DAGs
[2022-07-30 20:30:36,079] {logging_mixin.py:115} INFO - [2022-07-30 20:30:36,079] {dag.py:2972} INFO - Setting next_dagrun for example_branch_python_operator_decorator to 2022-07-29T00:00:00+00:00, run_after=2022-07-30T00:00:00+00:00
[2022-07-30 20:30:36,091] {processor.py:161} INFO - Processing /home/airflow/.local/lib/python3.7/site-packages/airflow/example_dags/example_branch_operator_decorator.py took 0.093 seconds
[2022-07-30 20:31:06,266] {processor.py:153} INFO - Started process (PID=1898) to work on /home/airflow/.local/lib/python3.7/site-packages/airflow/example_dags/example_branch_operator_decorator.py
[2022-07-30 20:31:06,267] {processor.py:641} INFO - Processing file /home/airflow/.local/lib/python3.7/site-packages/airflow/example_dags/example_branch_operator_decorator.py for tasks to queue
[2022-07-30 20:31:06,268] {logging_mixin.py:115} INFO - [2022-07-30 20:31:06,268] {dagbag.py:508} INFO - Filling up the DagBag from /home/airflow/.local/lib/python3.7/site-packages/airflow/example_dags/example_branch_operator_decorator.py
[2022-07-30 20:31:06,287] {processor.py:651} INFO - DAG(s) dict_keys(['example_branch_python_operator_decorator']) retrieved from /home/airflow/.local/lib/python3.7/site-packages/airflow/example_dags/example_branch_operator_decorator.py
[2022-07-30 20:31:06,314] {logging_mixin.py:115} INFO - [2022-07-30 20:31:06,314] {dag.py:2420} INFO - Sync 1 DAGs
[2022-07-30 20:31:06,342] {logging_mixin.py:115} INFO - [2022-07-30 20:31:06,342] {dag.py:2972} INFO - Setting next_dagrun for example_branch_python_operator_decorator to 2022-07-29T00:00:00+00:00, run_after=2022-07-30T00:00:00+00:00
[2022-07-30 20:31:06,358] {processor.py:161} INFO - Processing /home/airflow/.local/lib/python3.7/site-packages/airflow/example_dags/example_branch_operator_decorator.py took 0.094 seconds
[2022-07-30 20:31:36,644] {processor.py:153} INFO - Started process (PID=2101) to work on /home/airflow/.local/lib/python3.7/site-packages/airflow/example_dags/example_branch_operator_decorator.py
[2022-07-30 20:31:36,645] {processor.py:641} INFO - Processing file /home/airflow/.local/lib/python3.7/site-packages/airflow/example_dags/example_branch_operator_decorator.py for tasks to queue
[2022-07-30 20:31:36,646] {logging_mixin.py:115} INFO - [2022-07-30 20:31:36,646] {dagbag.py:508} INFO - Filling up the DagBag from /home/airflow/.local/lib/python3.7/site-packages/airflow/example_dags/example_branch_operator_decorator.py
[2022-07-30 20:31:36,671] {processor.py:651} INFO - DAG(s) dict_keys(['example_branch_python_operator_decorator']) retrieved from /home/airflow/.local/lib/python3.7/site-packages/airflow/example_dags/example_branch_operator_decorator.py
[2022-07-30 20:31:36,703] {logging_mixin.py:115} INFO - [2022-07-30 20:31:36,703] {dag.py:2420} INFO - Sync 1 DAGs
[2022-07-30 20:31:36,737] {logging_mixin.py:115} INFO - [2022-07-30 20:31:36,736] {dag.py:2972} INFO - Setting next_dagrun for example_branch_python_operator_decorator to 2022-07-29T00:00:00+00:00, run_after=2022-07-30T00:00:00+00:00
[2022-07-30 20:31:36,755] {processor.py:161} INFO - Processing /home/airflow/.local/lib/python3.7/site-packages/airflow/example_dags/example_branch_operator_decorator.py took 0.114 seconds
[2022-07-30 20:32:07,007] {processor.py:153} INFO - Started process (PID=2295) to work on /home/airflow/.local/lib/python3.7/site-packages/airflow/example_dags/example_branch_operator_decorator.py
[2022-07-30 20:32:07,008] {processor.py:641} INFO - Processing file /home/airflow/.local/lib/python3.7/site-packages/airflow/example_dags/example_branch_operator_decorator.py for tasks to queue
[2022-07-30 20:32:07,009] {logging_mixin.py:115} INFO - [2022-07-30 20:32:07,009] {dagbag.py:508} INFO - Filling up the DagBag from /home/airflow/.local/lib/python3.7/site-packages/airflow/example_dags/example_branch_operator_decorator.py
[2022-07-30 20:32:07,045] {processor.py:651} INFO - DAG(s) dict_keys(['example_branch_python_operator_decorator']) retrieved from /home/airflow/.local/lib/python3.7/site-packages/airflow/example_dags/example_branch_operator_decorator.py
[2022-07-30 20:32:07,092] {logging_mixin.py:115} INFO - [2022-07-30 20:32:07,092] {dag.py:2420} INFO - Sync 1 DAGs
[2022-07-30 20:32:07,140] {logging_mixin.py:115} INFO - [2022-07-30 20:32:07,140] {dag.py:2972} INFO - Setting next_dagrun for example_branch_python_operator_decorator to 2022-07-29T00:00:00+00:00, run_after=2022-07-30T00:00:00+00:00
[2022-07-30 20:32:07,166] {processor.py:161} INFO - Processing /home/airflow/.local/lib/python3.7/site-packages/airflow/example_dags/example_branch_operator_decorator.py took 0.164 seconds
[2022-07-30 20:32:37,609] {processor.py:153} INFO - Started process (PID=2499) to work on /home/airflow/.local/lib/python3.7/site-packages/airflow/example_dags/example_branch_operator_decorator.py
[2022-07-30 20:32:37,609] {processor.py:641} INFO - Processing file /home/airflow/.local/lib/python3.7/site-packages/airflow/example_dags/example_branch_operator_decorator.py for tasks to queue
[2022-07-30 20:32:37,610] {logging_mixin.py:115} INFO - [2022-07-30 20:32:37,610] {dagbag.py:508} INFO - Filling up the DagBag from /home/airflow/.local/lib/python3.7/site-packages/airflow/example_dags/example_branch_operator_decorator.py
[2022-07-30 20:32:37,639] {processor.py:651} INFO - DAG(s) dict_keys(['example_branch_python_operator_decorator']) retrieved from /home/airflow/.local/lib/python3.7/site-packages/airflow/example_dags/example_branch_operator_decorator.py
[2022-07-30 20:32:37,672] {logging_mixin.py:115} INFO - [2022-07-30 20:32:37,672] {dag.py:2420} INFO - Sync 1 DAGs
[2022-07-30 20:32:37,704] {logging_mixin.py:115} INFO - [2022-07-30 20:32:37,703] {dag.py:2972} INFO - Setting next_dagrun for example_branch_python_operator_decorator to 2022-07-29T00:00:00+00:00, run_after=2022-07-30T00:00:00+00:00
[2022-07-30 20:32:37,722] {processor.py:161} INFO - Processing /home/airflow/.local/lib/python3.7/site-packages/airflow/example_dags/example_branch_operator_decorator.py took 0.117 seconds
[2022-07-30 20:33:07,884] {processor.py:153} INFO - Started process (PID=2693) to work on /home/airflow/.local/lib/python3.7/site-packages/airflow/example_dags/example_branch_operator_decorator.py
[2022-07-30 20:33:07,885] {processor.py:641} INFO - Processing file /home/airflow/.local/lib/python3.7/site-packages/airflow/example_dags/example_branch_operator_decorator.py for tasks to queue
[2022-07-30 20:33:07,886] {logging_mixin.py:115} INFO - [2022-07-30 20:33:07,886] {dagbag.py:508} INFO - Filling up the DagBag from /home/airflow/.local/lib/python3.7/site-packages/airflow/example_dags/example_branch_operator_decorator.py
[2022-07-30 20:33:07,913] {processor.py:651} INFO - DAG(s) dict_keys(['example_branch_python_operator_decorator']) retrieved from /home/airflow/.local/lib/python3.7/site-packages/airflow/example_dags/example_branch_operator_decorator.py
[2022-07-30 20:33:07,947] {logging_mixin.py:115} INFO - [2022-07-30 20:33:07,947] {dag.py:2420} INFO - Sync 1 DAGs
[2022-07-30 20:33:07,980] {logging_mixin.py:115} INFO - [2022-07-30 20:33:07,980] {dag.py:2972} INFO - Setting next_dagrun for example_branch_python_operator_decorator to 2022-07-29T00:00:00+00:00, run_after=2022-07-30T00:00:00+00:00
[2022-07-30 20:33:07,999] {processor.py:161} INFO - Processing /home/airflow/.local/lib/python3.7/site-packages/airflow/example_dags/example_branch_operator_decorator.py took 0.119 seconds
[2022-07-30 20:33:38,270] {processor.py:153} INFO - Started process (PID=2896) to work on /home/airflow/.local/lib/python3.7/site-packages/airflow/example_dags/example_branch_operator_decorator.py
[2022-07-30 20:33:38,270] {processor.py:641} INFO - Processing file /home/airflow/.local/lib/python3.7/site-packages/airflow/example_dags/example_branch_operator_decorator.py for tasks to queue
[2022-07-30 20:33:38,272] {logging_mixin.py:115} INFO - [2022-07-30 20:33:38,272] {dagbag.py:508} INFO - Filling up the DagBag from /home/airflow/.local/lib/python3.7/site-packages/airflow/example_dags/example_branch_operator_decorator.py
[2022-07-30 20:33:38,303] {processor.py:651} INFO - DAG(s) dict_keys(['example_branch_python_operator_decorator']) retrieved from /home/airflow/.local/lib/python3.7/site-packages/airflow/example_dags/example_branch_operator_decorator.py
[2022-07-30 20:33:38,340] {logging_mixin.py:115} INFO - [2022-07-30 20:33:38,340] {dag.py:2420} INFO - Sync 1 DAGs
[2022-07-30 20:33:38,372] {logging_mixin.py:115} INFO - [2022-07-30 20:33:38,372] {dag.py:2972} INFO - Setting next_dagrun for example_branch_python_operator_decorator to 2022-07-29T00:00:00+00:00, run_after=2022-07-30T00:00:00+00:00
[2022-07-30 20:33:38,391] {processor.py:161} INFO - Processing /home/airflow/.local/lib/python3.7/site-packages/airflow/example_dags/example_branch_operator_decorator.py took 0.126 seconds
[2022-07-30 20:34:08,619] {processor.py:153} INFO - Started process (PID=3090) to work on /home/airflow/.local/lib/python3.7/site-packages/airflow/example_dags/example_branch_operator_decorator.py
[2022-07-30 20:34:08,620] {processor.py:641} INFO - Processing file /home/airflow/.local/lib/python3.7/site-packages/airflow/example_dags/example_branch_operator_decorator.py for tasks to queue
[2022-07-30 20:34:08,621] {logging_mixin.py:115} INFO - [2022-07-30 20:34:08,621] {dagbag.py:508} INFO - Filling up the DagBag from /home/airflow/.local/lib/python3.7/site-packages/airflow/example_dags/example_branch_operator_decorator.py
[2022-07-30 20:34:08,646] {processor.py:651} INFO - DAG(s) dict_keys(['example_branch_python_operator_decorator']) retrieved from /home/airflow/.local/lib/python3.7/site-packages/airflow/example_dags/example_branch_operator_decorator.py
[2022-07-30 20:34:08,678] {logging_mixin.py:115} INFO - [2022-07-30 20:34:08,677] {dag.py:2420} INFO - Sync 1 DAGs
[2022-07-30 20:34:08,706] {logging_mixin.py:115} INFO - [2022-07-30 20:34:08,706] {dag.py:2972} INFO - Setting next_dagrun for example_branch_python_operator_decorator to 2022-07-29T00:00:00+00:00, run_after=2022-07-30T00:00:00+00:00
[2022-07-30 20:34:08,725] {processor.py:161} INFO - Processing /home/airflow/.local/lib/python3.7/site-packages/airflow/example_dags/example_branch_operator_decorator.py took 0.109 seconds
