[2022-07-30 05:49:10,821] {processor.py:153} INFO - Started process (PID=30193) to work on /home/airflow/.local/lib/python3.7/site-packages/airflow/example_dags/example_nested_branch_dag.py
[2022-07-30 05:49:10,824] {processor.py:641} INFO - Processing file /home/airflow/.local/lib/python3.7/site-packages/airflow/example_dags/example_nested_branch_dag.py for tasks to queue
[2022-07-30 05:49:10,826] {logging_mixin.py:115} INFO - [2022-07-30 05:49:10,825] {dagbag.py:508} INFO - Filling up the DagBag from /home/airflow/.local/lib/python3.7/site-packages/airflow/example_dags/example_nested_branch_dag.py
[2022-07-30 05:49:10,863] {processor.py:651} INFO - DAG(s) dict_keys(['example_nested_branch_dag']) retrieved from /home/airflow/.local/lib/python3.7/site-packages/airflow/example_dags/example_nested_branch_dag.py
[2022-07-30 05:49:10,951] {logging_mixin.py:115} INFO - [2022-07-30 05:49:10,950] {dag.py:2420} INFO - Sync 1 DAGs
[2022-07-30 05:49:11,070] {logging_mixin.py:115} INFO - [2022-07-30 05:49:11,070] {dag.py:2972} INFO - Setting next_dagrun for example_nested_branch_dag to 2022-07-29T00:00:00+00:00, run_after=2022-07-30T00:00:00+00:00
[2022-07-30 05:49:11,130] {processor.py:161} INFO - Processing /home/airflow/.local/lib/python3.7/site-packages/airflow/example_dags/example_nested_branch_dag.py took 0.315 seconds
[2022-07-30 05:49:41,758] {processor.py:153} INFO - Started process (PID=30397) to work on /home/airflow/.local/lib/python3.7/site-packages/airflow/example_dags/example_nested_branch_dag.py
[2022-07-30 05:49:41,759] {processor.py:641} INFO - Processing file /home/airflow/.local/lib/python3.7/site-packages/airflow/example_dags/example_nested_branch_dag.py for tasks to queue
[2022-07-30 05:49:41,759] {logging_mixin.py:115} INFO - [2022-07-30 05:49:41,759] {dagbag.py:508} INFO - Filling up the DagBag from /home/airflow/.local/lib/python3.7/site-packages/airflow/example_dags/example_nested_branch_dag.py
[2022-07-30 05:49:41,768] {processor.py:651} INFO - DAG(s) dict_keys(['example_nested_branch_dag']) retrieved from /home/airflow/.local/lib/python3.7/site-packages/airflow/example_dags/example_nested_branch_dag.py
[2022-07-30 05:49:41,793] {logging_mixin.py:115} INFO - [2022-07-30 05:49:41,793] {dag.py:2420} INFO - Sync 1 DAGs
[2022-07-30 05:49:41,818] {logging_mixin.py:115} INFO - [2022-07-30 05:49:41,818] {dag.py:2972} INFO - Setting next_dagrun for example_nested_branch_dag to 2022-07-29T00:00:00+00:00, run_after=2022-07-30T00:00:00+00:00
[2022-07-30 05:49:41,832] {processor.py:161} INFO - Processing /home/airflow/.local/lib/python3.7/site-packages/airflow/example_dags/example_nested_branch_dag.py took 0.076 seconds
[2022-07-30 05:50:12,262] {processor.py:153} INFO - Started process (PID=30604) to work on /home/airflow/.local/lib/python3.7/site-packages/airflow/example_dags/example_nested_branch_dag.py
[2022-07-30 05:50:12,263] {processor.py:641} INFO - Processing file /home/airflow/.local/lib/python3.7/site-packages/airflow/example_dags/example_nested_branch_dag.py for tasks to queue
[2022-07-30 05:50:12,264] {logging_mixin.py:115} INFO - [2022-07-30 05:50:12,264] {dagbag.py:508} INFO - Filling up the DagBag from /home/airflow/.local/lib/python3.7/site-packages/airflow/example_dags/example_nested_branch_dag.py
[2022-07-30 05:50:12,274] {processor.py:651} INFO - DAG(s) dict_keys(['example_nested_branch_dag']) retrieved from /home/airflow/.local/lib/python3.7/site-packages/airflow/example_dags/example_nested_branch_dag.py
[2022-07-30 05:50:12,304] {logging_mixin.py:115} INFO - [2022-07-30 05:50:12,304] {dag.py:2420} INFO - Sync 1 DAGs
[2022-07-30 05:50:12,332] {logging_mixin.py:115} INFO - [2022-07-30 05:50:12,332] {dag.py:2972} INFO - Setting next_dagrun for example_nested_branch_dag to 2022-07-29T00:00:00+00:00, run_after=2022-07-30T00:00:00+00:00
[2022-07-30 05:50:12,347] {processor.py:161} INFO - Processing /home/airflow/.local/lib/python3.7/site-packages/airflow/example_dags/example_nested_branch_dag.py took 0.088 seconds
[2022-07-30 05:50:42,903] {processor.py:153} INFO - Started process (PID=30798) to work on /home/airflow/.local/lib/python3.7/site-packages/airflow/example_dags/example_nested_branch_dag.py
[2022-07-30 05:50:42,904] {processor.py:641} INFO - Processing file /home/airflow/.local/lib/python3.7/site-packages/airflow/example_dags/example_nested_branch_dag.py for tasks to queue
[2022-07-30 05:50:42,905] {logging_mixin.py:115} INFO - [2022-07-30 05:50:42,905] {dagbag.py:508} INFO - Filling up the DagBag from /home/airflow/.local/lib/python3.7/site-packages/airflow/example_dags/example_nested_branch_dag.py
[2022-07-30 05:50:42,918] {processor.py:651} INFO - DAG(s) dict_keys(['example_nested_branch_dag']) retrieved from /home/airflow/.local/lib/python3.7/site-packages/airflow/example_dags/example_nested_branch_dag.py
[2022-07-30 05:50:42,957] {logging_mixin.py:115} INFO - [2022-07-30 05:50:42,957] {dag.py:2420} INFO - Sync 1 DAGs
[2022-07-30 05:50:42,993] {logging_mixin.py:115} INFO - [2022-07-30 05:50:42,992] {dag.py:2972} INFO - Setting next_dagrun for example_nested_branch_dag to 2022-07-29T00:00:00+00:00, run_after=2022-07-30T00:00:00+00:00
[2022-07-30 05:50:43,013] {processor.py:161} INFO - Processing /home/airflow/.local/lib/python3.7/site-packages/airflow/example_dags/example_nested_branch_dag.py took 0.113 seconds
[2022-07-30 05:51:13,721] {processor.py:153} INFO - Started process (PID=31001) to work on /home/airflow/.local/lib/python3.7/site-packages/airflow/example_dags/example_nested_branch_dag.py
[2022-07-30 05:51:13,722] {processor.py:641} INFO - Processing file /home/airflow/.local/lib/python3.7/site-packages/airflow/example_dags/example_nested_branch_dag.py for tasks to queue
[2022-07-30 05:51:13,723] {logging_mixin.py:115} INFO - [2022-07-30 05:51:13,723] {dagbag.py:508} INFO - Filling up the DagBag from /home/airflow/.local/lib/python3.7/site-packages/airflow/example_dags/example_nested_branch_dag.py
[2022-07-30 05:51:13,740] {processor.py:651} INFO - DAG(s) dict_keys(['example_nested_branch_dag']) retrieved from /home/airflow/.local/lib/python3.7/site-packages/airflow/example_dags/example_nested_branch_dag.py
[2022-07-30 05:51:13,777] {logging_mixin.py:115} INFO - [2022-07-30 05:51:13,777] {dag.py:2420} INFO - Sync 1 DAGs
[2022-07-30 05:51:13,808] {logging_mixin.py:115} INFO - [2022-07-30 05:51:13,808] {dag.py:2972} INFO - Setting next_dagrun for example_nested_branch_dag to 2022-07-29T00:00:00+00:00, run_after=2022-07-30T00:00:00+00:00
[2022-07-30 05:51:13,824] {processor.py:161} INFO - Processing /home/airflow/.local/lib/python3.7/site-packages/airflow/example_dags/example_nested_branch_dag.py took 0.107 seconds
[2022-07-30 05:51:43,903] {processor.py:153} INFO - Started process (PID=31196) to work on /home/airflow/.local/lib/python3.7/site-packages/airflow/example_dags/example_nested_branch_dag.py
[2022-07-30 05:51:43,904] {processor.py:641} INFO - Processing file /home/airflow/.local/lib/python3.7/site-packages/airflow/example_dags/example_nested_branch_dag.py for tasks to queue
[2022-07-30 05:51:43,905] {logging_mixin.py:115} INFO - [2022-07-30 05:51:43,905] {dagbag.py:508} INFO - Filling up the DagBag from /home/airflow/.local/lib/python3.7/site-packages/airflow/example_dags/example_nested_branch_dag.py
[2022-07-30 05:51:43,918] {processor.py:651} INFO - DAG(s) dict_keys(['example_nested_branch_dag']) retrieved from /home/airflow/.local/lib/python3.7/site-packages/airflow/example_dags/example_nested_branch_dag.py
[2022-07-30 05:51:43,953] {logging_mixin.py:115} INFO - [2022-07-30 05:51:43,953] {dag.py:2420} INFO - Sync 1 DAGs
[2022-07-30 05:51:43,986] {logging_mixin.py:115} INFO - [2022-07-30 05:51:43,986] {dag.py:2972} INFO - Setting next_dagrun for example_nested_branch_dag to 2022-07-29T00:00:00+00:00, run_after=2022-07-30T00:00:00+00:00
[2022-07-30 05:51:44,006] {processor.py:161} INFO - Processing /home/airflow/.local/lib/python3.7/site-packages/airflow/example_dags/example_nested_branch_dag.py took 0.106 seconds
[2022-07-30 05:52:15,086] {processor.py:153} INFO - Started process (PID=31399) to work on /home/airflow/.local/lib/python3.7/site-packages/airflow/example_dags/example_nested_branch_dag.py
[2022-07-30 05:52:15,087] {processor.py:641} INFO - Processing file /home/airflow/.local/lib/python3.7/site-packages/airflow/example_dags/example_nested_branch_dag.py for tasks to queue
[2022-07-30 05:52:15,088] {logging_mixin.py:115} INFO - [2022-07-30 05:52:15,088] {dagbag.py:508} INFO - Filling up the DagBag from /home/airflow/.local/lib/python3.7/site-packages/airflow/example_dags/example_nested_branch_dag.py
[2022-07-30 05:52:15,101] {processor.py:651} INFO - DAG(s) dict_keys(['example_nested_branch_dag']) retrieved from /home/airflow/.local/lib/python3.7/site-packages/airflow/example_dags/example_nested_branch_dag.py
[2022-07-30 05:52:15,136] {logging_mixin.py:115} INFO - [2022-07-30 05:52:15,136] {dag.py:2420} INFO - Sync 1 DAGs
[2022-07-30 05:52:15,167] {logging_mixin.py:115} INFO - [2022-07-30 05:52:15,167] {dag.py:2972} INFO - Setting next_dagrun for example_nested_branch_dag to 2022-07-29T00:00:00+00:00, run_after=2022-07-30T00:00:00+00:00
[2022-07-30 05:52:15,184] {processor.py:161} INFO - Processing /home/airflow/.local/lib/python3.7/site-packages/airflow/example_dags/example_nested_branch_dag.py took 0.102 seconds
[2022-07-30 05:52:45,826] {processor.py:153} INFO - Started process (PID=31593) to work on /home/airflow/.local/lib/python3.7/site-packages/airflow/example_dags/example_nested_branch_dag.py
[2022-07-30 05:52:45,827] {processor.py:641} INFO - Processing file /home/airflow/.local/lib/python3.7/site-packages/airflow/example_dags/example_nested_branch_dag.py for tasks to queue
[2022-07-30 05:52:45,828] {logging_mixin.py:115} INFO - [2022-07-30 05:52:45,828] {dagbag.py:508} INFO - Filling up the DagBag from /home/airflow/.local/lib/python3.7/site-packages/airflow/example_dags/example_nested_branch_dag.py
[2022-07-30 05:52:45,841] {processor.py:651} INFO - DAG(s) dict_keys(['example_nested_branch_dag']) retrieved from /home/airflow/.local/lib/python3.7/site-packages/airflow/example_dags/example_nested_branch_dag.py
[2022-07-30 05:52:45,876] {logging_mixin.py:115} INFO - [2022-07-30 05:52:45,875] {dag.py:2420} INFO - Sync 1 DAGs
[2022-07-30 05:52:45,911] {logging_mixin.py:115} INFO - [2022-07-30 05:52:45,911] {dag.py:2972} INFO - Setting next_dagrun for example_nested_branch_dag to 2022-07-29T00:00:00+00:00, run_after=2022-07-30T00:00:00+00:00
[2022-07-30 05:52:45,928] {processor.py:161} INFO - Processing /home/airflow/.local/lib/python3.7/site-packages/airflow/example_dags/example_nested_branch_dag.py took 0.106 seconds
[2022-07-30 20:24:32,965] {processor.py:153} INFO - Started process (PID=31839) to work on /home/airflow/.local/lib/python3.7/site-packages/airflow/example_dags/example_nested_branch_dag.py
[2022-07-30 20:24:32,967] {processor.py:641} INFO - Processing file /home/airflow/.local/lib/python3.7/site-packages/airflow/example_dags/example_nested_branch_dag.py for tasks to queue
[2022-07-30 20:24:32,968] {logging_mixin.py:115} INFO - [2022-07-30 20:24:32,968] {dagbag.py:508} INFO - Filling up the DagBag from /home/airflow/.local/lib/python3.7/site-packages/airflow/example_dags/example_nested_branch_dag.py
[2022-07-30 20:24:32,993] {processor.py:651} INFO - DAG(s) dict_keys(['example_nested_branch_dag']) retrieved from /home/airflow/.local/lib/python3.7/site-packages/airflow/example_dags/example_nested_branch_dag.py
[2022-07-30 20:24:33,042] {logging_mixin.py:115} INFO - [2022-07-30 20:24:33,042] {dag.py:2420} INFO - Sync 1 DAGs
[2022-07-30 20:24:33,118] {logging_mixin.py:115} INFO - [2022-07-30 20:24:33,117] {dag.py:2972} INFO - Setting next_dagrun for example_nested_branch_dag to 2022-07-29T00:00:00+00:00, run_after=2022-07-30T00:00:00+00:00
[2022-07-30 20:24:33,153] {processor.py:161} INFO - Processing /home/airflow/.local/lib/python3.7/site-packages/airflow/example_dags/example_nested_branch_dag.py took 0.192 seconds
[2022-07-30 20:25:03,488] {processor.py:153} INFO - Started process (PID=32033) to work on /home/airflow/.local/lib/python3.7/site-packages/airflow/example_dags/example_nested_branch_dag.py
[2022-07-30 20:25:03,489] {processor.py:641} INFO - Processing file /home/airflow/.local/lib/python3.7/site-packages/airflow/example_dags/example_nested_branch_dag.py for tasks to queue
[2022-07-30 20:25:03,490] {logging_mixin.py:115} INFO - [2022-07-30 20:25:03,490] {dagbag.py:508} INFO - Filling up the DagBag from /home/airflow/.local/lib/python3.7/site-packages/airflow/example_dags/example_nested_branch_dag.py
[2022-07-30 20:25:03,500] {processor.py:651} INFO - DAG(s) dict_keys(['example_nested_branch_dag']) retrieved from /home/airflow/.local/lib/python3.7/site-packages/airflow/example_dags/example_nested_branch_dag.py
[2022-07-30 20:25:03,531] {logging_mixin.py:115} INFO - [2022-07-30 20:25:03,531] {dag.py:2420} INFO - Sync 1 DAGs
[2022-07-30 20:25:03,558] {logging_mixin.py:115} INFO - [2022-07-30 20:25:03,558] {dag.py:2972} INFO - Setting next_dagrun for example_nested_branch_dag to 2022-07-29T00:00:00+00:00, run_after=2022-07-30T00:00:00+00:00
[2022-07-30 20:25:03,575] {processor.py:161} INFO - Processing /home/airflow/.local/lib/python3.7/site-packages/airflow/example_dags/example_nested_branch_dag.py took 0.091 seconds
[2022-07-30 20:25:33,619] {processor.py:153} INFO - Started process (PID=32236) to work on /home/airflow/.local/lib/python3.7/site-packages/airflow/example_dags/example_nested_branch_dag.py
[2022-07-30 20:25:33,620] {processor.py:641} INFO - Processing file /home/airflow/.local/lib/python3.7/site-packages/airflow/example_dags/example_nested_branch_dag.py for tasks to queue
[2022-07-30 20:25:33,620] {logging_mixin.py:115} INFO - [2022-07-30 20:25:33,620] {dagbag.py:508} INFO - Filling up the DagBag from /home/airflow/.local/lib/python3.7/site-packages/airflow/example_dags/example_nested_branch_dag.py
[2022-07-30 20:25:33,630] {processor.py:651} INFO - DAG(s) dict_keys(['example_nested_branch_dag']) retrieved from /home/airflow/.local/lib/python3.7/site-packages/airflow/example_dags/example_nested_branch_dag.py
[2022-07-30 20:25:33,655] {logging_mixin.py:115} INFO - [2022-07-30 20:25:33,655] {dag.py:2420} INFO - Sync 1 DAGs
[2022-07-30 20:25:33,679] {logging_mixin.py:115} INFO - [2022-07-30 20:25:33,679] {dag.py:2972} INFO - Setting next_dagrun for example_nested_branch_dag to 2022-07-29T00:00:00+00:00, run_after=2022-07-30T00:00:00+00:00
[2022-07-30 20:25:33,692] {processor.py:161} INFO - Processing /home/airflow/.local/lib/python3.7/site-packages/airflow/example_dags/example_nested_branch_dag.py took 0.076 seconds
[2022-07-30 20:26:04,130] {processor.py:153} INFO - Started process (PID=32430) to work on /home/airflow/.local/lib/python3.7/site-packages/airflow/example_dags/example_nested_branch_dag.py
[2022-07-30 20:26:04,131] {processor.py:641} INFO - Processing file /home/airflow/.local/lib/python3.7/site-packages/airflow/example_dags/example_nested_branch_dag.py for tasks to queue
[2022-07-30 20:26:04,132] {logging_mixin.py:115} INFO - [2022-07-30 20:26:04,132] {dagbag.py:508} INFO - Filling up the DagBag from /home/airflow/.local/lib/python3.7/site-packages/airflow/example_dags/example_nested_branch_dag.py
[2022-07-30 20:26:04,146] {processor.py:651} INFO - DAG(s) dict_keys(['example_nested_branch_dag']) retrieved from /home/airflow/.local/lib/python3.7/site-packages/airflow/example_dags/example_nested_branch_dag.py
[2022-07-30 20:26:04,183] {logging_mixin.py:115} INFO - [2022-07-30 20:26:04,183] {dag.py:2420} INFO - Sync 1 DAGs
[2022-07-30 20:26:04,216] {logging_mixin.py:115} INFO - [2022-07-30 20:26:04,216] {dag.py:2972} INFO - Setting next_dagrun for example_nested_branch_dag to 2022-07-29T00:00:00+00:00, run_after=2022-07-30T00:00:00+00:00
[2022-07-30 20:26:04,235] {processor.py:161} INFO - Processing /home/airflow/.local/lib/python3.7/site-packages/airflow/example_dags/example_nested_branch_dag.py took 0.107 seconds
[2022-07-30 20:26:34,633] {processor.py:153} INFO - Started process (PID=32633) to work on /home/airflow/.local/lib/python3.7/site-packages/airflow/example_dags/example_nested_branch_dag.py
[2022-07-30 20:26:34,634] {processor.py:641} INFO - Processing file /home/airflow/.local/lib/python3.7/site-packages/airflow/example_dags/example_nested_branch_dag.py for tasks to queue
[2022-07-30 20:26:34,635] {logging_mixin.py:115} INFO - [2022-07-30 20:26:34,635] {dagbag.py:508} INFO - Filling up the DagBag from /home/airflow/.local/lib/python3.7/site-packages/airflow/example_dags/example_nested_branch_dag.py
[2022-07-30 20:26:34,648] {processor.py:651} INFO - DAG(s) dict_keys(['example_nested_branch_dag']) retrieved from /home/airflow/.local/lib/python3.7/site-packages/airflow/example_dags/example_nested_branch_dag.py
[2022-07-30 20:26:34,679] {logging_mixin.py:115} INFO - [2022-07-30 20:26:34,679] {dag.py:2420} INFO - Sync 1 DAGs
[2022-07-30 20:26:34,708] {logging_mixin.py:115} INFO - [2022-07-30 20:26:34,708] {dag.py:2972} INFO - Setting next_dagrun for example_nested_branch_dag to 2022-07-29T00:00:00+00:00, run_after=2022-07-30T00:00:00+00:00
[2022-07-30 20:26:34,728] {processor.py:161} INFO - Processing /home/airflow/.local/lib/python3.7/site-packages/airflow/example_dags/example_nested_branch_dag.py took 0.105 seconds
[2022-07-30 20:27:04,929] {processor.py:153} INFO - Started process (PID=359) to work on /home/airflow/.local/lib/python3.7/site-packages/airflow/example_dags/example_nested_branch_dag.py
[2022-07-30 20:27:04,930] {processor.py:641} INFO - Processing file /home/airflow/.local/lib/python3.7/site-packages/airflow/example_dags/example_nested_branch_dag.py for tasks to queue
[2022-07-30 20:27:04,931] {logging_mixin.py:115} INFO - [2022-07-30 20:27:04,931] {dagbag.py:508} INFO - Filling up the DagBag from /home/airflow/.local/lib/python3.7/site-packages/airflow/example_dags/example_nested_branch_dag.py
[2022-07-30 20:27:04,942] {processor.py:651} INFO - DAG(s) dict_keys(['example_nested_branch_dag']) retrieved from /home/airflow/.local/lib/python3.7/site-packages/airflow/example_dags/example_nested_branch_dag.py
[2022-07-30 20:27:04,973] {logging_mixin.py:115} INFO - [2022-07-30 20:27:04,973] {dag.py:2420} INFO - Sync 1 DAGs
[2022-07-30 20:27:05,004] {logging_mixin.py:115} INFO - [2022-07-30 20:27:05,003] {dag.py:2972} INFO - Setting next_dagrun for example_nested_branch_dag to 2022-07-29T00:00:00+00:00, run_after=2022-07-30T00:00:00+00:00
[2022-07-30 20:27:05,021] {processor.py:161} INFO - Processing /home/airflow/.local/lib/python3.7/site-packages/airflow/example_dags/example_nested_branch_dag.py took 0.094 seconds
[2022-07-30 20:27:35,309] {processor.py:153} INFO - Started process (PID=565) to work on /home/airflow/.local/lib/python3.7/site-packages/airflow/example_dags/example_nested_branch_dag.py
[2022-07-30 20:27:35,309] {processor.py:641} INFO - Processing file /home/airflow/.local/lib/python3.7/site-packages/airflow/example_dags/example_nested_branch_dag.py for tasks to queue
[2022-07-30 20:27:35,310] {logging_mixin.py:115} INFO - [2022-07-30 20:27:35,310] {dagbag.py:508} INFO - Filling up the DagBag from /home/airflow/.local/lib/python3.7/site-packages/airflow/example_dags/example_nested_branch_dag.py
[2022-07-30 20:27:35,321] {processor.py:651} INFO - DAG(s) dict_keys(['example_nested_branch_dag']) retrieved from /home/airflow/.local/lib/python3.7/site-packages/airflow/example_dags/example_nested_branch_dag.py
[2022-07-30 20:27:35,359] {logging_mixin.py:115} INFO - [2022-07-30 20:27:35,359] {dag.py:2420} INFO - Sync 1 DAGs
[2022-07-30 20:27:35,389] {logging_mixin.py:115} INFO - [2022-07-30 20:27:35,389] {dag.py:2972} INFO - Setting next_dagrun for example_nested_branch_dag to 2022-07-29T00:00:00+00:00, run_after=2022-07-30T00:00:00+00:00
[2022-07-30 20:27:35,406] {processor.py:161} INFO - Processing /home/airflow/.local/lib/python3.7/site-packages/airflow/example_dags/example_nested_branch_dag.py took 0.100 seconds
[2022-07-30 20:28:05,545] {processor.py:153} INFO - Started process (PID=757) to work on /home/airflow/.local/lib/python3.7/site-packages/airflow/example_dags/example_nested_branch_dag.py
[2022-07-30 20:28:05,546] {processor.py:641} INFO - Processing file /home/airflow/.local/lib/python3.7/site-packages/airflow/example_dags/example_nested_branch_dag.py for tasks to queue
[2022-07-30 20:28:05,547] {logging_mixin.py:115} INFO - [2022-07-30 20:28:05,547] {dagbag.py:508} INFO - Filling up the DagBag from /home/airflow/.local/lib/python3.7/site-packages/airflow/example_dags/example_nested_branch_dag.py
[2022-07-30 20:28:05,559] {processor.py:651} INFO - DAG(s) dict_keys(['example_nested_branch_dag']) retrieved from /home/airflow/.local/lib/python3.7/site-packages/airflow/example_dags/example_nested_branch_dag.py
[2022-07-30 20:28:05,590] {logging_mixin.py:115} INFO - [2022-07-30 20:28:05,590] {dag.py:2420} INFO - Sync 1 DAGs
[2022-07-30 20:28:05,625] {logging_mixin.py:115} INFO - [2022-07-30 20:28:05,625] {dag.py:2972} INFO - Setting next_dagrun for example_nested_branch_dag to 2022-07-29T00:00:00+00:00, run_after=2022-07-30T00:00:00+00:00
[2022-07-30 20:28:05,645] {processor.py:161} INFO - Processing /home/airflow/.local/lib/python3.7/site-packages/airflow/example_dags/example_nested_branch_dag.py took 0.103 seconds
[2022-07-30 20:28:35,965] {processor.py:153} INFO - Started process (PID=960) to work on /home/airflow/.local/lib/python3.7/site-packages/airflow/example_dags/example_nested_branch_dag.py
[2022-07-30 20:28:35,966] {processor.py:641} INFO - Processing file /home/airflow/.local/lib/python3.7/site-packages/airflow/example_dags/example_nested_branch_dag.py for tasks to queue
[2022-07-30 20:28:35,967] {logging_mixin.py:115} INFO - [2022-07-30 20:28:35,967] {dagbag.py:508} INFO - Filling up the DagBag from /home/airflow/.local/lib/python3.7/site-packages/airflow/example_dags/example_nested_branch_dag.py
[2022-07-30 20:28:35,978] {processor.py:651} INFO - DAG(s) dict_keys(['example_nested_branch_dag']) retrieved from /home/airflow/.local/lib/python3.7/site-packages/airflow/example_dags/example_nested_branch_dag.py
[2022-07-30 20:28:36,008] {logging_mixin.py:115} INFO - [2022-07-30 20:28:36,008] {dag.py:2420} INFO - Sync 1 DAGs
[2022-07-30 20:28:36,039] {logging_mixin.py:115} INFO - [2022-07-30 20:28:36,038] {dag.py:2972} INFO - Setting next_dagrun for example_nested_branch_dag to 2022-07-29T00:00:00+00:00, run_after=2022-07-30T00:00:00+00:00
[2022-07-30 20:28:36,055] {processor.py:161} INFO - Processing /home/airflow/.local/lib/python3.7/site-packages/airflow/example_dags/example_nested_branch_dag.py took 0.092 seconds
[2022-07-30 20:29:06,389] {processor.py:153} INFO - Started process (PID=1154) to work on /home/airflow/.local/lib/python3.7/site-packages/airflow/example_dags/example_nested_branch_dag.py
[2022-07-30 20:29:06,389] {processor.py:641} INFO - Processing file /home/airflow/.local/lib/python3.7/site-packages/airflow/example_dags/example_nested_branch_dag.py for tasks to queue
[2022-07-30 20:29:06,390] {logging_mixin.py:115} INFO - [2022-07-30 20:29:06,390] {dagbag.py:508} INFO - Filling up the DagBag from /home/airflow/.local/lib/python3.7/site-packages/airflow/example_dags/example_nested_branch_dag.py
[2022-07-30 20:29:06,403] {processor.py:651} INFO - DAG(s) dict_keys(['example_nested_branch_dag']) retrieved from /home/airflow/.local/lib/python3.7/site-packages/airflow/example_dags/example_nested_branch_dag.py
[2022-07-30 20:29:06,431] {logging_mixin.py:115} INFO - [2022-07-30 20:29:06,431] {dag.py:2420} INFO - Sync 1 DAGs
[2022-07-30 20:29:06,462] {logging_mixin.py:115} INFO - [2022-07-30 20:29:06,462] {dag.py:2972} INFO - Setting next_dagrun for example_nested_branch_dag to 2022-07-29T00:00:00+00:00, run_after=2022-07-30T00:00:00+00:00
[2022-07-30 20:29:06,477] {processor.py:161} INFO - Processing /home/airflow/.local/lib/python3.7/site-packages/airflow/example_dags/example_nested_branch_dag.py took 0.093 seconds
[2022-07-30 20:29:36,693] {processor.py:153} INFO - Started process (PID=1357) to work on /home/airflow/.local/lib/python3.7/site-packages/airflow/example_dags/example_nested_branch_dag.py
[2022-07-30 20:29:36,694] {processor.py:641} INFO - Processing file /home/airflow/.local/lib/python3.7/site-packages/airflow/example_dags/example_nested_branch_dag.py for tasks to queue
[2022-07-30 20:29:36,695] {logging_mixin.py:115} INFO - [2022-07-30 20:29:36,695] {dagbag.py:508} INFO - Filling up the DagBag from /home/airflow/.local/lib/python3.7/site-packages/airflow/example_dags/example_nested_branch_dag.py
[2022-07-30 20:29:36,707] {processor.py:651} INFO - DAG(s) dict_keys(['example_nested_branch_dag']) retrieved from /home/airflow/.local/lib/python3.7/site-packages/airflow/example_dags/example_nested_branch_dag.py
[2022-07-30 20:29:36,736] {logging_mixin.py:115} INFO - [2022-07-30 20:29:36,736] {dag.py:2420} INFO - Sync 1 DAGs
[2022-07-30 20:29:36,767] {logging_mixin.py:115} INFO - [2022-07-30 20:29:36,766] {dag.py:2972} INFO - Setting next_dagrun for example_nested_branch_dag to 2022-07-29T00:00:00+00:00, run_after=2022-07-30T00:00:00+00:00
[2022-07-30 20:29:36,783] {processor.py:161} INFO - Processing /home/airflow/.local/lib/python3.7/site-packages/airflow/example_dags/example_nested_branch_dag.py took 0.093 seconds
[2022-07-30 20:30:07,340] {processor.py:153} INFO - Started process (PID=1551) to work on /home/airflow/.local/lib/python3.7/site-packages/airflow/example_dags/example_nested_branch_dag.py
[2022-07-30 20:30:07,341] {processor.py:641} INFO - Processing file /home/airflow/.local/lib/python3.7/site-packages/airflow/example_dags/example_nested_branch_dag.py for tasks to queue
[2022-07-30 20:30:07,342] {logging_mixin.py:115} INFO - [2022-07-30 20:30:07,342] {dagbag.py:508} INFO - Filling up the DagBag from /home/airflow/.local/lib/python3.7/site-packages/airflow/example_dags/example_nested_branch_dag.py
[2022-07-30 20:30:07,358] {processor.py:651} INFO - DAG(s) dict_keys(['example_nested_branch_dag']) retrieved from /home/airflow/.local/lib/python3.7/site-packages/airflow/example_dags/example_nested_branch_dag.py
[2022-07-30 20:30:07,398] {logging_mixin.py:115} INFO - [2022-07-30 20:30:07,398] {dag.py:2420} INFO - Sync 1 DAGs
[2022-07-30 20:30:07,436] {logging_mixin.py:115} INFO - [2022-07-30 20:30:07,436] {dag.py:2972} INFO - Setting next_dagrun for example_nested_branch_dag to 2022-07-29T00:00:00+00:00, run_after=2022-07-30T00:00:00+00:00
[2022-07-30 20:30:07,454] {processor.py:161} INFO - Processing /home/airflow/.local/lib/python3.7/site-packages/airflow/example_dags/example_nested_branch_dag.py took 0.118 seconds
[2022-07-30 20:30:37,675] {processor.py:153} INFO - Started process (PID=1754) to work on /home/airflow/.local/lib/python3.7/site-packages/airflow/example_dags/example_nested_branch_dag.py
[2022-07-30 20:30:37,676] {processor.py:641} INFO - Processing file /home/airflow/.local/lib/python3.7/site-packages/airflow/example_dags/example_nested_branch_dag.py for tasks to queue
[2022-07-30 20:30:37,677] {logging_mixin.py:115} INFO - [2022-07-30 20:30:37,677] {dagbag.py:508} INFO - Filling up the DagBag from /home/airflow/.local/lib/python3.7/site-packages/airflow/example_dags/example_nested_branch_dag.py
[2022-07-30 20:30:37,694] {processor.py:651} INFO - DAG(s) dict_keys(['example_nested_branch_dag']) retrieved from /home/airflow/.local/lib/python3.7/site-packages/airflow/example_dags/example_nested_branch_dag.py
[2022-07-30 20:30:37,729] {logging_mixin.py:115} INFO - [2022-07-30 20:30:37,729] {dag.py:2420} INFO - Sync 1 DAGs
[2022-07-30 20:30:37,763] {logging_mixin.py:115} INFO - [2022-07-30 20:30:37,763] {dag.py:2972} INFO - Setting next_dagrun for example_nested_branch_dag to 2022-07-29T00:00:00+00:00, run_after=2022-07-30T00:00:00+00:00
[2022-07-30 20:30:37,782] {processor.py:161} INFO - Processing /home/airflow/.local/lib/python3.7/site-packages/airflow/example_dags/example_nested_branch_dag.py took 0.111 seconds
[2022-07-30 20:31:07,988] {processor.py:153} INFO - Started process (PID=1948) to work on /home/airflow/.local/lib/python3.7/site-packages/airflow/example_dags/example_nested_branch_dag.py
[2022-07-30 20:31:07,989] {processor.py:641} INFO - Processing file /home/airflow/.local/lib/python3.7/site-packages/airflow/example_dags/example_nested_branch_dag.py for tasks to queue
[2022-07-30 20:31:07,990] {logging_mixin.py:115} INFO - [2022-07-30 20:31:07,990] {dagbag.py:508} INFO - Filling up the DagBag from /home/airflow/.local/lib/python3.7/site-packages/airflow/example_dags/example_nested_branch_dag.py
[2022-07-30 20:31:08,002] {processor.py:651} INFO - DAG(s) dict_keys(['example_nested_branch_dag']) retrieved from /home/airflow/.local/lib/python3.7/site-packages/airflow/example_dags/example_nested_branch_dag.py
[2022-07-30 20:31:08,028] {logging_mixin.py:115} INFO - [2022-07-30 20:31:08,028] {dag.py:2420} INFO - Sync 1 DAGs
[2022-07-30 20:31:08,055] {logging_mixin.py:115} INFO - [2022-07-30 20:31:08,055] {dag.py:2972} INFO - Setting next_dagrun for example_nested_branch_dag to 2022-07-29T00:00:00+00:00, run_after=2022-07-30T00:00:00+00:00
[2022-07-30 20:31:08,069] {processor.py:161} INFO - Processing /home/airflow/.local/lib/python3.7/site-packages/airflow/example_dags/example_nested_branch_dag.py took 0.083 seconds
[2022-07-30 20:31:38,541] {processor.py:153} INFO - Started process (PID=2153) to work on /home/airflow/.local/lib/python3.7/site-packages/airflow/example_dags/example_nested_branch_dag.py
[2022-07-30 20:31:38,541] {processor.py:641} INFO - Processing file /home/airflow/.local/lib/python3.7/site-packages/airflow/example_dags/example_nested_branch_dag.py for tasks to queue
[2022-07-30 20:31:38,542] {logging_mixin.py:115} INFO - [2022-07-30 20:31:38,542] {dagbag.py:508} INFO - Filling up the DagBag from /home/airflow/.local/lib/python3.7/site-packages/airflow/example_dags/example_nested_branch_dag.py
[2022-07-30 20:31:38,554] {processor.py:651} INFO - DAG(s) dict_keys(['example_nested_branch_dag']) retrieved from /home/airflow/.local/lib/python3.7/site-packages/airflow/example_dags/example_nested_branch_dag.py
[2022-07-30 20:31:38,583] {logging_mixin.py:115} INFO - [2022-07-30 20:31:38,583] {dag.py:2420} INFO - Sync 1 DAGs
[2022-07-30 20:31:38,611] {logging_mixin.py:115} INFO - [2022-07-30 20:31:38,611] {dag.py:2972} INFO - Setting next_dagrun for example_nested_branch_dag to 2022-07-29T00:00:00+00:00, run_after=2022-07-30T00:00:00+00:00
[2022-07-30 20:31:38,629] {processor.py:161} INFO - Processing /home/airflow/.local/lib/python3.7/site-packages/airflow/example_dags/example_nested_branch_dag.py took 0.092 seconds
[2022-07-30 20:32:09,097] {processor.py:153} INFO - Started process (PID=2345) to work on /home/airflow/.local/lib/python3.7/site-packages/airflow/example_dags/example_nested_branch_dag.py
[2022-07-30 20:32:09,098] {processor.py:641} INFO - Processing file /home/airflow/.local/lib/python3.7/site-packages/airflow/example_dags/example_nested_branch_dag.py for tasks to queue
[2022-07-30 20:32:09,100] {logging_mixin.py:115} INFO - [2022-07-30 20:32:09,100] {dagbag.py:508} INFO - Filling up the DagBag from /home/airflow/.local/lib/python3.7/site-packages/airflow/example_dags/example_nested_branch_dag.py
[2022-07-30 20:32:09,119] {processor.py:651} INFO - DAG(s) dict_keys(['example_nested_branch_dag']) retrieved from /home/airflow/.local/lib/python3.7/site-packages/airflow/example_dags/example_nested_branch_dag.py
[2022-07-30 20:32:09,171] {logging_mixin.py:115} INFO - [2022-07-30 20:32:09,171] {dag.py:2420} INFO - Sync 1 DAGs
[2022-07-30 20:32:09,210] {logging_mixin.py:115} INFO - [2022-07-30 20:32:09,210] {dag.py:2972} INFO - Setting next_dagrun for example_nested_branch_dag to 2022-07-29T00:00:00+00:00, run_after=2022-07-30T00:00:00+00:00
[2022-07-30 20:32:09,230] {processor.py:161} INFO - Processing /home/airflow/.local/lib/python3.7/site-packages/airflow/example_dags/example_nested_branch_dag.py took 0.138 seconds
[2022-07-30 20:32:39,629] {processor.py:153} INFO - Started process (PID=2549) to work on /home/airflow/.local/lib/python3.7/site-packages/airflow/example_dags/example_nested_branch_dag.py
[2022-07-30 20:32:39,630] {processor.py:641} INFO - Processing file /home/airflow/.local/lib/python3.7/site-packages/airflow/example_dags/example_nested_branch_dag.py for tasks to queue
[2022-07-30 20:32:39,631] {logging_mixin.py:115} INFO - [2022-07-30 20:32:39,631] {dagbag.py:508} INFO - Filling up the DagBag from /home/airflow/.local/lib/python3.7/site-packages/airflow/example_dags/example_nested_branch_dag.py
[2022-07-30 20:32:39,645] {processor.py:651} INFO - DAG(s) dict_keys(['example_nested_branch_dag']) retrieved from /home/airflow/.local/lib/python3.7/site-packages/airflow/example_dags/example_nested_branch_dag.py
[2022-07-30 20:32:39,681] {logging_mixin.py:115} INFO - [2022-07-30 20:32:39,680] {dag.py:2420} INFO - Sync 1 DAGs
[2022-07-30 20:32:39,711] {logging_mixin.py:115} INFO - [2022-07-30 20:32:39,710] {dag.py:2972} INFO - Setting next_dagrun for example_nested_branch_dag to 2022-07-29T00:00:00+00:00, run_after=2022-07-30T00:00:00+00:00
[2022-07-30 20:32:39,729] {processor.py:161} INFO - Processing /home/airflow/.local/lib/python3.7/site-packages/airflow/example_dags/example_nested_branch_dag.py took 0.103 seconds
[2022-07-30 20:33:09,799] {processor.py:153} INFO - Started process (PID=2743) to work on /home/airflow/.local/lib/python3.7/site-packages/airflow/example_dags/example_nested_branch_dag.py
[2022-07-30 20:33:09,800] {processor.py:641} INFO - Processing file /home/airflow/.local/lib/python3.7/site-packages/airflow/example_dags/example_nested_branch_dag.py for tasks to queue
[2022-07-30 20:33:09,801] {logging_mixin.py:115} INFO - [2022-07-30 20:33:09,800] {dagbag.py:508} INFO - Filling up the DagBag from /home/airflow/.local/lib/python3.7/site-packages/airflow/example_dags/example_nested_branch_dag.py
[2022-07-30 20:33:09,812] {processor.py:651} INFO - DAG(s) dict_keys(['example_nested_branch_dag']) retrieved from /home/airflow/.local/lib/python3.7/site-packages/airflow/example_dags/example_nested_branch_dag.py
[2022-07-30 20:33:09,845] {logging_mixin.py:115} INFO - [2022-07-30 20:33:09,845] {dag.py:2420} INFO - Sync 1 DAGs
[2022-07-30 20:33:09,872] {logging_mixin.py:115} INFO - [2022-07-30 20:33:09,872] {dag.py:2972} INFO - Setting next_dagrun for example_nested_branch_dag to 2022-07-29T00:00:00+00:00, run_after=2022-07-30T00:00:00+00:00
[2022-07-30 20:33:09,886] {processor.py:161} INFO - Processing /home/airflow/.local/lib/python3.7/site-packages/airflow/example_dags/example_nested_branch_dag.py took 0.090 seconds
[2022-07-30 20:33:40,272] {processor.py:153} INFO - Started process (PID=2948) to work on /home/airflow/.local/lib/python3.7/site-packages/airflow/example_dags/example_nested_branch_dag.py
[2022-07-30 20:33:40,273] {processor.py:641} INFO - Processing file /home/airflow/.local/lib/python3.7/site-packages/airflow/example_dags/example_nested_branch_dag.py for tasks to queue
[2022-07-30 20:33:40,274] {logging_mixin.py:115} INFO - [2022-07-30 20:33:40,274] {dagbag.py:508} INFO - Filling up the DagBag from /home/airflow/.local/lib/python3.7/site-packages/airflow/example_dags/example_nested_branch_dag.py
[2022-07-30 20:33:40,287] {processor.py:651} INFO - DAG(s) dict_keys(['example_nested_branch_dag']) retrieved from /home/airflow/.local/lib/python3.7/site-packages/airflow/example_dags/example_nested_branch_dag.py
[2022-07-30 20:33:40,319] {logging_mixin.py:115} INFO - [2022-07-30 20:33:40,319] {dag.py:2420} INFO - Sync 1 DAGs
[2022-07-30 20:33:40,351] {logging_mixin.py:115} INFO - [2022-07-30 20:33:40,351] {dag.py:2972} INFO - Setting next_dagrun for example_nested_branch_dag to 2022-07-29T00:00:00+00:00, run_after=2022-07-30T00:00:00+00:00
[2022-07-30 20:33:40,373] {processor.py:161} INFO - Processing /home/airflow/.local/lib/python3.7/site-packages/airflow/example_dags/example_nested_branch_dag.py took 0.104 seconds
[2022-07-30 20:34:10,641] {processor.py:153} INFO - Started process (PID=3142) to work on /home/airflow/.local/lib/python3.7/site-packages/airflow/example_dags/example_nested_branch_dag.py
[2022-07-30 20:34:10,642] {processor.py:641} INFO - Processing file /home/airflow/.local/lib/python3.7/site-packages/airflow/example_dags/example_nested_branch_dag.py for tasks to queue
[2022-07-30 20:34:10,643] {logging_mixin.py:115} INFO - [2022-07-30 20:34:10,642] {dagbag.py:508} INFO - Filling up the DagBag from /home/airflow/.local/lib/python3.7/site-packages/airflow/example_dags/example_nested_branch_dag.py
[2022-07-30 20:34:10,655] {processor.py:651} INFO - DAG(s) dict_keys(['example_nested_branch_dag']) retrieved from /home/airflow/.local/lib/python3.7/site-packages/airflow/example_dags/example_nested_branch_dag.py
[2022-07-30 20:34:10,686] {logging_mixin.py:115} INFO - [2022-07-30 20:34:10,686] {dag.py:2420} INFO - Sync 1 DAGs
[2022-07-30 20:34:10,713] {logging_mixin.py:115} INFO - [2022-07-30 20:34:10,713] {dag.py:2972} INFO - Setting next_dagrun for example_nested_branch_dag to 2022-07-29T00:00:00+00:00, run_after=2022-07-30T00:00:00+00:00
[2022-07-30 20:34:10,739] {processor.py:161} INFO - Processing /home/airflow/.local/lib/python3.7/site-packages/airflow/example_dags/example_nested_branch_dag.py took 0.102 seconds
