[2022-07-30 05:49:10,581] {processor.py:153} INFO - Started process (PID=30186) to work on /home/airflow/.local/lib/python3.7/site-packages/airflow/example_dags/example_branch_operator.py
[2022-07-30 05:49:10,582] {processor.py:641} INFO - Processing file /home/airflow/.local/lib/python3.7/site-packages/airflow/example_dags/example_branch_operator.py for tasks to queue
[2022-07-30 05:49:10,584] {logging_mixin.py:115} INFO - [2022-07-30 05:49:10,584] {dagbag.py:508} INFO - Filling up the DagBag from /home/airflow/.local/lib/python3.7/site-packages/airflow/example_dags/example_branch_operator.py
[2022-07-30 05:49:10,625] {processor.py:651} INFO - DAG(s) dict_keys(['example_branch_operator']) retrieved from /home/airflow/.local/lib/python3.7/site-packages/airflow/example_dags/example_branch_operator.py
[2022-07-30 05:49:10,692] {logging_mixin.py:115} INFO - [2022-07-30 05:49:10,692] {dag.py:2420} INFO - Sync 1 DAGs
[2022-07-30 05:49:10,742] {logging_mixin.py:115} INFO - [2022-07-30 05:49:10,742] {dag.py:2972} INFO - Setting next_dagrun for example_branch_operator to 2022-07-29T00:00:00+00:00, run_after=2022-07-30T00:00:00+00:00
[2022-07-30 05:49:10,768] {processor.py:161} INFO - Processing /home/airflow/.local/lib/python3.7/site-packages/airflow/example_dags/example_branch_operator.py took 0.193 seconds
[2022-07-30 05:49:41,648] {processor.py:153} INFO - Started process (PID=30392) to work on /home/airflow/.local/lib/python3.7/site-packages/airflow/example_dags/example_branch_operator.py
[2022-07-30 05:49:41,649] {processor.py:641} INFO - Processing file /home/airflow/.local/lib/python3.7/site-packages/airflow/example_dags/example_branch_operator.py for tasks to queue
[2022-07-30 05:49:41,650] {logging_mixin.py:115} INFO - [2022-07-30 05:49:41,649] {dagbag.py:508} INFO - Filling up the DagBag from /home/airflow/.local/lib/python3.7/site-packages/airflow/example_dags/example_branch_operator.py
[2022-07-30 05:49:41,661] {processor.py:651} INFO - DAG(s) dict_keys(['example_branch_operator']) retrieved from /home/airflow/.local/lib/python3.7/site-packages/airflow/example_dags/example_branch_operator.py
[2022-07-30 05:49:41,690] {logging_mixin.py:115} INFO - [2022-07-30 05:49:41,690] {dag.py:2420} INFO - Sync 1 DAGs
[2022-07-30 05:49:41,716] {logging_mixin.py:115} INFO - [2022-07-30 05:49:41,716] {dag.py:2972} INFO - Setting next_dagrun for example_branch_operator to 2022-07-29T00:00:00+00:00, run_after=2022-07-30T00:00:00+00:00
[2022-07-30 05:49:41,731] {processor.py:161} INFO - Processing /home/airflow/.local/lib/python3.7/site-packages/airflow/example_dags/example_branch_operator.py took 0.085 seconds
[2022-07-30 05:50:12,145] {processor.py:153} INFO - Started process (PID=30599) to work on /home/airflow/.local/lib/python3.7/site-packages/airflow/example_dags/example_branch_operator.py
[2022-07-30 05:50:12,146] {processor.py:641} INFO - Processing file /home/airflow/.local/lib/python3.7/site-packages/airflow/example_dags/example_branch_operator.py for tasks to queue
[2022-07-30 05:50:12,147] {logging_mixin.py:115} INFO - [2022-07-30 05:50:12,147] {dagbag.py:508} INFO - Filling up the DagBag from /home/airflow/.local/lib/python3.7/site-packages/airflow/example_dags/example_branch_operator.py
[2022-07-30 05:50:12,158] {processor.py:651} INFO - DAG(s) dict_keys(['example_branch_operator']) retrieved from /home/airflow/.local/lib/python3.7/site-packages/airflow/example_dags/example_branch_operator.py
[2022-07-30 05:50:12,191] {logging_mixin.py:115} INFO - [2022-07-30 05:50:12,191] {dag.py:2420} INFO - Sync 1 DAGs
[2022-07-30 05:50:12,215] {logging_mixin.py:115} INFO - [2022-07-30 05:50:12,215] {dag.py:2972} INFO - Setting next_dagrun for example_branch_operator to 2022-07-29T00:00:00+00:00, run_after=2022-07-30T00:00:00+00:00
[2022-07-30 05:50:12,229] {processor.py:161} INFO - Processing /home/airflow/.local/lib/python3.7/site-packages/airflow/example_dags/example_branch_operator.py took 0.088 seconds
[2022-07-30 05:50:42,760] {processor.py:153} INFO - Started process (PID=30793) to work on /home/airflow/.local/lib/python3.7/site-packages/airflow/example_dags/example_branch_operator.py
[2022-07-30 05:50:42,762] {processor.py:641} INFO - Processing file /home/airflow/.local/lib/python3.7/site-packages/airflow/example_dags/example_branch_operator.py for tasks to queue
[2022-07-30 05:50:42,763] {logging_mixin.py:115} INFO - [2022-07-30 05:50:42,763] {dagbag.py:508} INFO - Filling up the DagBag from /home/airflow/.local/lib/python3.7/site-packages/airflow/example_dags/example_branch_operator.py
[2022-07-30 05:50:42,776] {processor.py:651} INFO - DAG(s) dict_keys(['example_branch_operator']) retrieved from /home/airflow/.local/lib/python3.7/site-packages/airflow/example_dags/example_branch_operator.py
[2022-07-30 05:50:42,815] {logging_mixin.py:115} INFO - [2022-07-30 05:50:42,814] {dag.py:2420} INFO - Sync 1 DAGs
[2022-07-30 05:50:42,844] {logging_mixin.py:115} INFO - [2022-07-30 05:50:42,843] {dag.py:2972} INFO - Setting next_dagrun for example_branch_operator to 2022-07-29T00:00:00+00:00, run_after=2022-07-30T00:00:00+00:00
[2022-07-30 05:50:42,868] {processor.py:161} INFO - Processing /home/airflow/.local/lib/python3.7/site-packages/airflow/example_dags/example_branch_operator.py took 0.110 seconds
[2022-07-30 05:51:13,580] {processor.py:153} INFO - Started process (PID=30996) to work on /home/airflow/.local/lib/python3.7/site-packages/airflow/example_dags/example_branch_operator.py
[2022-07-30 05:51:13,581] {processor.py:641} INFO - Processing file /home/airflow/.local/lib/python3.7/site-packages/airflow/example_dags/example_branch_operator.py for tasks to queue
[2022-07-30 05:51:13,582] {logging_mixin.py:115} INFO - [2022-07-30 05:51:13,582] {dagbag.py:508} INFO - Filling up the DagBag from /home/airflow/.local/lib/python3.7/site-packages/airflow/example_dags/example_branch_operator.py
[2022-07-30 05:51:13,598] {processor.py:651} INFO - DAG(s) dict_keys(['example_branch_operator']) retrieved from /home/airflow/.local/lib/python3.7/site-packages/airflow/example_dags/example_branch_operator.py
[2022-07-30 05:51:13,633] {logging_mixin.py:115} INFO - [2022-07-30 05:51:13,633] {dag.py:2420} INFO - Sync 1 DAGs
[2022-07-30 05:51:13,663] {logging_mixin.py:115} INFO - [2022-07-30 05:51:13,663] {dag.py:2972} INFO - Setting next_dagrun for example_branch_operator to 2022-07-29T00:00:00+00:00, run_after=2022-07-30T00:00:00+00:00
[2022-07-30 05:51:13,688] {processor.py:161} INFO - Processing /home/airflow/.local/lib/python3.7/site-packages/airflow/example_dags/example_branch_operator.py took 0.110 seconds
[2022-07-30 05:51:43,764] {processor.py:153} INFO - Started process (PID=31188) to work on /home/airflow/.local/lib/python3.7/site-packages/airflow/example_dags/example_branch_operator.py
[2022-07-30 05:51:43,765] {processor.py:641} INFO - Processing file /home/airflow/.local/lib/python3.7/site-packages/airflow/example_dags/example_branch_operator.py for tasks to queue
[2022-07-30 05:51:43,766] {logging_mixin.py:115} INFO - [2022-07-30 05:51:43,766] {dagbag.py:508} INFO - Filling up the DagBag from /home/airflow/.local/lib/python3.7/site-packages/airflow/example_dags/example_branch_operator.py
[2022-07-30 05:51:43,778] {processor.py:651} INFO - DAG(s) dict_keys(['example_branch_operator']) retrieved from /home/airflow/.local/lib/python3.7/site-packages/airflow/example_dags/example_branch_operator.py
[2022-07-30 05:51:43,810] {logging_mixin.py:115} INFO - [2022-07-30 05:51:43,810] {dag.py:2420} INFO - Sync 1 DAGs
[2022-07-30 05:51:43,841] {logging_mixin.py:115} INFO - [2022-07-30 05:51:43,841] {dag.py:2972} INFO - Setting next_dagrun for example_branch_operator to 2022-07-29T00:00:00+00:00, run_after=2022-07-30T00:00:00+00:00
[2022-07-30 05:51:43,862] {processor.py:161} INFO - Processing /home/airflow/.local/lib/python3.7/site-packages/airflow/example_dags/example_branch_operator.py took 0.102 seconds
[2022-07-30 05:52:14,953] {processor.py:153} INFO - Started process (PID=31394) to work on /home/airflow/.local/lib/python3.7/site-packages/airflow/example_dags/example_branch_operator.py
[2022-07-30 05:52:14,954] {processor.py:641} INFO - Processing file /home/airflow/.local/lib/python3.7/site-packages/airflow/example_dags/example_branch_operator.py for tasks to queue
[2022-07-30 05:52:14,955] {logging_mixin.py:115} INFO - [2022-07-30 05:52:14,955] {dagbag.py:508} INFO - Filling up the DagBag from /home/airflow/.local/lib/python3.7/site-packages/airflow/example_dags/example_branch_operator.py
[2022-07-30 05:52:14,970] {processor.py:651} INFO - DAG(s) dict_keys(['example_branch_operator']) retrieved from /home/airflow/.local/lib/python3.7/site-packages/airflow/example_dags/example_branch_operator.py
[2022-07-30 05:52:15,006] {logging_mixin.py:115} INFO - [2022-07-30 05:52:15,005] {dag.py:2420} INFO - Sync 1 DAGs
[2022-07-30 05:52:15,034] {logging_mixin.py:115} INFO - [2022-07-30 05:52:15,034] {dag.py:2972} INFO - Setting next_dagrun for example_branch_operator to 2022-07-29T00:00:00+00:00, run_after=2022-07-30T00:00:00+00:00
[2022-07-30 05:52:15,052] {processor.py:161} INFO - Processing /home/airflow/.local/lib/python3.7/site-packages/airflow/example_dags/example_branch_operator.py took 0.102 seconds
[2022-07-30 05:52:45,694] {processor.py:153} INFO - Started process (PID=31588) to work on /home/airflow/.local/lib/python3.7/site-packages/airflow/example_dags/example_branch_operator.py
[2022-07-30 05:52:45,695] {processor.py:641} INFO - Processing file /home/airflow/.local/lib/python3.7/site-packages/airflow/example_dags/example_branch_operator.py for tasks to queue
[2022-07-30 05:52:45,696] {logging_mixin.py:115} INFO - [2022-07-30 05:52:45,696] {dagbag.py:508} INFO - Filling up the DagBag from /home/airflow/.local/lib/python3.7/site-packages/airflow/example_dags/example_branch_operator.py
[2022-07-30 05:52:45,709] {processor.py:651} INFO - DAG(s) dict_keys(['example_branch_operator']) retrieved from /home/airflow/.local/lib/python3.7/site-packages/airflow/example_dags/example_branch_operator.py
[2022-07-30 05:52:45,739] {logging_mixin.py:115} INFO - [2022-07-30 05:52:45,739] {dag.py:2420} INFO - Sync 1 DAGs
[2022-07-30 05:52:45,770] {logging_mixin.py:115} INFO - [2022-07-30 05:52:45,770] {dag.py:2972} INFO - Setting next_dagrun for example_branch_operator to 2022-07-29T00:00:00+00:00, run_after=2022-07-30T00:00:00+00:00
[2022-07-30 05:52:45,790] {processor.py:161} INFO - Processing /home/airflow/.local/lib/python3.7/site-packages/airflow/example_dags/example_branch_operator.py took 0.099 seconds
[2022-07-30 20:24:32,713] {processor.py:153} INFO - Started process (PID=31834) to work on /home/airflow/.local/lib/python3.7/site-packages/airflow/example_dags/example_branch_operator.py
[2022-07-30 20:24:32,714] {processor.py:641} INFO - Processing file /home/airflow/.local/lib/python3.7/site-packages/airflow/example_dags/example_branch_operator.py for tasks to queue
[2022-07-30 20:24:32,715] {logging_mixin.py:115} INFO - [2022-07-30 20:24:32,715] {dagbag.py:508} INFO - Filling up the DagBag from /home/airflow/.local/lib/python3.7/site-packages/airflow/example_dags/example_branch_operator.py
[2022-07-30 20:24:32,757] {processor.py:651} INFO - DAG(s) dict_keys(['example_branch_operator']) retrieved from /home/airflow/.local/lib/python3.7/site-packages/airflow/example_dags/example_branch_operator.py
[2022-07-30 20:24:32,881] {logging_mixin.py:115} INFO - [2022-07-30 20:24:32,880] {dag.py:2420} INFO - Sync 1 DAGs
[2022-07-30 20:24:32,949] {logging_mixin.py:115} INFO - [2022-07-30 20:24:32,948] {dag.py:2972} INFO - Setting next_dagrun for example_branch_operator to 2022-07-29T00:00:00+00:00, run_after=2022-07-30T00:00:00+00:00
[2022-07-30 20:24:32,982] {processor.py:161} INFO - Processing /home/airflow/.local/lib/python3.7/site-packages/airflow/example_dags/example_branch_operator.py took 0.274 seconds
[2022-07-30 20:25:03,367] {processor.py:153} INFO - Started process (PID=32028) to work on /home/airflow/.local/lib/python3.7/site-packages/airflow/example_dags/example_branch_operator.py
[2022-07-30 20:25:03,369] {processor.py:641} INFO - Processing file /home/airflow/.local/lib/python3.7/site-packages/airflow/example_dags/example_branch_operator.py for tasks to queue
[2022-07-30 20:25:03,370] {logging_mixin.py:115} INFO - [2022-07-30 20:25:03,369] {dagbag.py:508} INFO - Filling up the DagBag from /home/airflow/.local/lib/python3.7/site-packages/airflow/example_dags/example_branch_operator.py
[2022-07-30 20:25:03,382] {processor.py:651} INFO - DAG(s) dict_keys(['example_branch_operator']) retrieved from /home/airflow/.local/lib/python3.7/site-packages/airflow/example_dags/example_branch_operator.py
[2022-07-30 20:25:03,412] {logging_mixin.py:115} INFO - [2022-07-30 20:25:03,412] {dag.py:2420} INFO - Sync 1 DAGs
[2022-07-30 20:25:03,437] {logging_mixin.py:115} INFO - [2022-07-30 20:25:03,437] {dag.py:2972} INFO - Setting next_dagrun for example_branch_operator to 2022-07-29T00:00:00+00:00, run_after=2022-07-30T00:00:00+00:00
[2022-07-30 20:25:03,452] {processor.py:161} INFO - Processing /home/airflow/.local/lib/python3.7/site-packages/airflow/example_dags/example_branch_operator.py took 0.089 seconds
[2022-07-30 20:25:33,497] {processor.py:153} INFO - Started process (PID=32226) to work on /home/airflow/.local/lib/python3.7/site-packages/airflow/example_dags/example_branch_operator.py
[2022-07-30 20:25:33,498] {processor.py:641} INFO - Processing file /home/airflow/.local/lib/python3.7/site-packages/airflow/example_dags/example_branch_operator.py for tasks to queue
[2022-07-30 20:25:33,499] {logging_mixin.py:115} INFO - [2022-07-30 20:25:33,499] {dagbag.py:508} INFO - Filling up the DagBag from /home/airflow/.local/lib/python3.7/site-packages/airflow/example_dags/example_branch_operator.py
[2022-07-30 20:25:33,509] {processor.py:651} INFO - DAG(s) dict_keys(['example_branch_operator']) retrieved from /home/airflow/.local/lib/python3.7/site-packages/airflow/example_dags/example_branch_operator.py
[2022-07-30 20:25:33,536] {logging_mixin.py:115} INFO - [2022-07-30 20:25:33,535] {dag.py:2420} INFO - Sync 1 DAGs
[2022-07-30 20:25:33,559] {logging_mixin.py:115} INFO - [2022-07-30 20:25:33,559] {dag.py:2972} INFO - Setting next_dagrun for example_branch_operator to 2022-07-29T00:00:00+00:00, run_after=2022-07-30T00:00:00+00:00
[2022-07-30 20:25:33,574] {processor.py:161} INFO - Processing /home/airflow/.local/lib/python3.7/site-packages/airflow/example_dags/example_branch_operator.py took 0.080 seconds
[2022-07-30 20:26:03,992] {processor.py:153} INFO - Started process (PID=32422) to work on /home/airflow/.local/lib/python3.7/site-packages/airflow/example_dags/example_branch_operator.py
[2022-07-30 20:26:03,993] {processor.py:641} INFO - Processing file /home/airflow/.local/lib/python3.7/site-packages/airflow/example_dags/example_branch_operator.py for tasks to queue
[2022-07-30 20:26:03,994] {logging_mixin.py:115} INFO - [2022-07-30 20:26:03,994] {dagbag.py:508} INFO - Filling up the DagBag from /home/airflow/.local/lib/python3.7/site-packages/airflow/example_dags/example_branch_operator.py
[2022-07-30 20:26:04,006] {processor.py:651} INFO - DAG(s) dict_keys(['example_branch_operator']) retrieved from /home/airflow/.local/lib/python3.7/site-packages/airflow/example_dags/example_branch_operator.py
[2022-07-30 20:26:04,037] {logging_mixin.py:115} INFO - [2022-07-30 20:26:04,037] {dag.py:2420} INFO - Sync 1 DAGs
[2022-07-30 20:26:04,067] {logging_mixin.py:115} INFO - [2022-07-30 20:26:04,067] {dag.py:2972} INFO - Setting next_dagrun for example_branch_operator to 2022-07-29T00:00:00+00:00, run_after=2022-07-30T00:00:00+00:00
[2022-07-30 20:26:04,092] {processor.py:161} INFO - Processing /home/airflow/.local/lib/python3.7/site-packages/airflow/example_dags/example_branch_operator.py took 0.104 seconds
[2022-07-30 20:26:34,628] {processor.py:153} INFO - Started process (PID=32630) to work on /home/airflow/.local/lib/python3.7/site-packages/airflow/example_dags/example_branch_operator.py
[2022-07-30 20:26:34,629] {processor.py:641} INFO - Processing file /home/airflow/.local/lib/python3.7/site-packages/airflow/example_dags/example_branch_operator.py for tasks to queue
[2022-07-30 20:26:34,630] {logging_mixin.py:115} INFO - [2022-07-30 20:26:34,630] {dagbag.py:508} INFO - Filling up the DagBag from /home/airflow/.local/lib/python3.7/site-packages/airflow/example_dags/example_branch_operator.py
[2022-07-30 20:26:34,646] {processor.py:651} INFO - DAG(s) dict_keys(['example_branch_operator']) retrieved from /home/airflow/.local/lib/python3.7/site-packages/airflow/example_dags/example_branch_operator.py
[2022-07-30 20:26:34,680] {logging_mixin.py:115} INFO - [2022-07-30 20:26:34,679] {dag.py:2420} INFO - Sync 1 DAGs
[2022-07-30 20:26:34,708] {logging_mixin.py:115} INFO - [2022-07-30 20:26:34,708] {dag.py:2972} INFO - Setting next_dagrun for example_branch_operator to 2022-07-29T00:00:00+00:00, run_after=2022-07-30T00:00:00+00:00
[2022-07-30 20:26:34,729] {processor.py:161} INFO - Processing /home/airflow/.local/lib/python3.7/site-packages/airflow/example_dags/example_branch_operator.py took 0.106 seconds
[2022-07-30 20:27:04,800] {processor.py:153} INFO - Started process (PID=354) to work on /home/airflow/.local/lib/python3.7/site-packages/airflow/example_dags/example_branch_operator.py
[2022-07-30 20:27:04,801] {processor.py:641} INFO - Processing file /home/airflow/.local/lib/python3.7/site-packages/airflow/example_dags/example_branch_operator.py for tasks to queue
[2022-07-30 20:27:04,801] {logging_mixin.py:115} INFO - [2022-07-30 20:27:04,801] {dagbag.py:508} INFO - Filling up the DagBag from /home/airflow/.local/lib/python3.7/site-packages/airflow/example_dags/example_branch_operator.py
[2022-07-30 20:27:04,816] {processor.py:651} INFO - DAG(s) dict_keys(['example_branch_operator']) retrieved from /home/airflow/.local/lib/python3.7/site-packages/airflow/example_dags/example_branch_operator.py
[2022-07-30 20:27:04,852] {logging_mixin.py:115} INFO - [2022-07-30 20:27:04,852] {dag.py:2420} INFO - Sync 1 DAGs
[2022-07-30 20:27:04,883] {logging_mixin.py:115} INFO - [2022-07-30 20:27:04,882] {dag.py:2972} INFO - Setting next_dagrun for example_branch_operator to 2022-07-29T00:00:00+00:00, run_after=2022-07-30T00:00:00+00:00
[2022-07-30 20:27:04,899] {processor.py:161} INFO - Processing /home/airflow/.local/lib/python3.7/site-packages/airflow/example_dags/example_branch_operator.py took 0.103 seconds
[2022-07-30 20:27:34,986] {processor.py:153} INFO - Started process (PID=553) to work on /home/airflow/.local/lib/python3.7/site-packages/airflow/example_dags/example_branch_operator.py
[2022-07-30 20:27:34,986] {processor.py:641} INFO - Processing file /home/airflow/.local/lib/python3.7/site-packages/airflow/example_dags/example_branch_operator.py for tasks to queue
[2022-07-30 20:27:34,987] {logging_mixin.py:115} INFO - [2022-07-30 20:27:34,987] {dagbag.py:508} INFO - Filling up the DagBag from /home/airflow/.local/lib/python3.7/site-packages/airflow/example_dags/example_branch_operator.py
[2022-07-30 20:27:35,000] {processor.py:651} INFO - DAG(s) dict_keys(['example_branch_operator']) retrieved from /home/airflow/.local/lib/python3.7/site-packages/airflow/example_dags/example_branch_operator.py
[2022-07-30 20:27:35,032] {logging_mixin.py:115} INFO - [2022-07-30 20:27:35,032] {dag.py:2420} INFO - Sync 1 DAGs
[2022-07-30 20:27:35,067] {logging_mixin.py:115} INFO - [2022-07-30 20:27:35,067] {dag.py:2972} INFO - Setting next_dagrun for example_branch_operator to 2022-07-29T00:00:00+00:00, run_after=2022-07-30T00:00:00+00:00
[2022-07-30 20:27:35,083] {processor.py:161} INFO - Processing /home/airflow/.local/lib/python3.7/site-packages/airflow/example_dags/example_branch_operator.py took 0.100 seconds
[2022-07-30 20:28:05,404] {processor.py:153} INFO - Started process (PID=749) to work on /home/airflow/.local/lib/python3.7/site-packages/airflow/example_dags/example_branch_operator.py
[2022-07-30 20:28:05,405] {processor.py:641} INFO - Processing file /home/airflow/.local/lib/python3.7/site-packages/airflow/example_dags/example_branch_operator.py for tasks to queue
[2022-07-30 20:28:05,406] {logging_mixin.py:115} INFO - [2022-07-30 20:28:05,406] {dagbag.py:508} INFO - Filling up the DagBag from /home/airflow/.local/lib/python3.7/site-packages/airflow/example_dags/example_branch_operator.py
[2022-07-30 20:28:05,419] {processor.py:651} INFO - DAG(s) dict_keys(['example_branch_operator']) retrieved from /home/airflow/.local/lib/python3.7/site-packages/airflow/example_dags/example_branch_operator.py
[2022-07-30 20:28:05,451] {logging_mixin.py:115} INFO - [2022-07-30 20:28:05,451] {dag.py:2420} INFO - Sync 1 DAGs
[2022-07-30 20:28:05,482] {logging_mixin.py:115} INFO - [2022-07-30 20:28:05,482] {dag.py:2972} INFO - Setting next_dagrun for example_branch_operator to 2022-07-29T00:00:00+00:00, run_after=2022-07-30T00:00:00+00:00
[2022-07-30 20:28:05,500] {processor.py:161} INFO - Processing /home/airflow/.local/lib/python3.7/site-packages/airflow/example_dags/example_branch_operator.py took 0.099 seconds
[2022-07-30 20:28:35,828] {processor.py:153} INFO - Started process (PID=950) to work on /home/airflow/.local/lib/python3.7/site-packages/airflow/example_dags/example_branch_operator.py
[2022-07-30 20:28:35,828] {processor.py:641} INFO - Processing file /home/airflow/.local/lib/python3.7/site-packages/airflow/example_dags/example_branch_operator.py for tasks to queue
[2022-07-30 20:28:35,829] {logging_mixin.py:115} INFO - [2022-07-30 20:28:35,829] {dagbag.py:508} INFO - Filling up the DagBag from /home/airflow/.local/lib/python3.7/site-packages/airflow/example_dags/example_branch_operator.py
[2022-07-30 20:28:35,842] {processor.py:651} INFO - DAG(s) dict_keys(['example_branch_operator']) retrieved from /home/airflow/.local/lib/python3.7/site-packages/airflow/example_dags/example_branch_operator.py
[2022-07-30 20:28:35,871] {logging_mixin.py:115} INFO - [2022-07-30 20:28:35,871] {dag.py:2420} INFO - Sync 1 DAGs
[2022-07-30 20:28:35,902] {logging_mixin.py:115} INFO - [2022-07-30 20:28:35,902] {dag.py:2972} INFO - Setting next_dagrun for example_branch_operator to 2022-07-29T00:00:00+00:00, run_after=2022-07-30T00:00:00+00:00
[2022-07-30 20:28:35,926] {processor.py:161} INFO - Processing /home/airflow/.local/lib/python3.7/site-packages/airflow/example_dags/example_branch_operator.py took 0.103 seconds
[2022-07-30 20:29:06,335] {processor.py:153} INFO - Started process (PID=1149) to work on /home/airflow/.local/lib/python3.7/site-packages/airflow/example_dags/example_branch_operator.py
[2022-07-30 20:29:06,336] {processor.py:641} INFO - Processing file /home/airflow/.local/lib/python3.7/site-packages/airflow/example_dags/example_branch_operator.py for tasks to queue
[2022-07-30 20:29:06,337] {logging_mixin.py:115} INFO - [2022-07-30 20:29:06,336] {dagbag.py:508} INFO - Filling up the DagBag from /home/airflow/.local/lib/python3.7/site-packages/airflow/example_dags/example_branch_operator.py
[2022-07-30 20:29:06,349] {processor.py:651} INFO - DAG(s) dict_keys(['example_branch_operator']) retrieved from /home/airflow/.local/lib/python3.7/site-packages/airflow/example_dags/example_branch_operator.py
[2022-07-30 20:29:06,384] {logging_mixin.py:115} INFO - [2022-07-30 20:29:06,383] {dag.py:2420} INFO - Sync 1 DAGs
[2022-07-30 20:29:06,415] {logging_mixin.py:115} INFO - [2022-07-30 20:29:06,415] {dag.py:2972} INFO - Setting next_dagrun for example_branch_operator to 2022-07-29T00:00:00+00:00, run_after=2022-07-30T00:00:00+00:00
[2022-07-30 20:29:06,430] {processor.py:161} INFO - Processing /home/airflow/.local/lib/python3.7/site-packages/airflow/example_dags/example_branch_operator.py took 0.097 seconds
[2022-07-30 20:29:36,646] {processor.py:153} INFO - Started process (PID=1352) to work on /home/airflow/.local/lib/python3.7/site-packages/airflow/example_dags/example_branch_operator.py
[2022-07-30 20:29:36,646] {processor.py:641} INFO - Processing file /home/airflow/.local/lib/python3.7/site-packages/airflow/example_dags/example_branch_operator.py for tasks to queue
[2022-07-30 20:29:36,647] {logging_mixin.py:115} INFO - [2022-07-30 20:29:36,647] {dagbag.py:508} INFO - Filling up the DagBag from /home/airflow/.local/lib/python3.7/site-packages/airflow/example_dags/example_branch_operator.py
[2022-07-30 20:29:36,660] {processor.py:651} INFO - DAG(s) dict_keys(['example_branch_operator']) retrieved from /home/airflow/.local/lib/python3.7/site-packages/airflow/example_dags/example_branch_operator.py
[2022-07-30 20:29:36,690] {logging_mixin.py:115} INFO - [2022-07-30 20:29:36,690] {dag.py:2420} INFO - Sync 1 DAGs
[2022-07-30 20:29:36,720] {logging_mixin.py:115} INFO - [2022-07-30 20:29:36,720] {dag.py:2972} INFO - Setting next_dagrun for example_branch_operator to 2022-07-29T00:00:00+00:00, run_after=2022-07-30T00:00:00+00:00
[2022-07-30 20:29:36,736] {processor.py:161} INFO - Processing /home/airflow/.local/lib/python3.7/site-packages/airflow/example_dags/example_branch_operator.py took 0.093 seconds
[2022-07-30 20:30:07,200] {processor.py:153} INFO - Started process (PID=1546) to work on /home/airflow/.local/lib/python3.7/site-packages/airflow/example_dags/example_branch_operator.py
[2022-07-30 20:30:07,200] {processor.py:641} INFO - Processing file /home/airflow/.local/lib/python3.7/site-packages/airflow/example_dags/example_branch_operator.py for tasks to queue
[2022-07-30 20:30:07,201] {logging_mixin.py:115} INFO - [2022-07-30 20:30:07,201] {dagbag.py:508} INFO - Filling up the DagBag from /home/airflow/.local/lib/python3.7/site-packages/airflow/example_dags/example_branch_operator.py
[2022-07-30 20:30:07,217] {processor.py:651} INFO - DAG(s) dict_keys(['example_branch_operator']) retrieved from /home/airflow/.local/lib/python3.7/site-packages/airflow/example_dags/example_branch_operator.py
[2022-07-30 20:30:07,252] {logging_mixin.py:115} INFO - [2022-07-30 20:30:07,252] {dag.py:2420} INFO - Sync 1 DAGs
[2022-07-30 20:30:07,286] {logging_mixin.py:115} INFO - [2022-07-30 20:30:07,286] {dag.py:2972} INFO - Setting next_dagrun for example_branch_operator to 2022-07-29T00:00:00+00:00, run_after=2022-07-30T00:00:00+00:00
[2022-07-30 20:30:07,304] {processor.py:161} INFO - Processing /home/airflow/.local/lib/python3.7/site-packages/airflow/example_dags/example_branch_operator.py took 0.109 seconds
[2022-07-30 20:30:37,675] {processor.py:153} INFO - Started process (PID=1751) to work on /home/airflow/.local/lib/python3.7/site-packages/airflow/example_dags/example_branch_operator.py
[2022-07-30 20:30:37,676] {processor.py:641} INFO - Processing file /home/airflow/.local/lib/python3.7/site-packages/airflow/example_dags/example_branch_operator.py for tasks to queue
[2022-07-30 20:30:37,677] {logging_mixin.py:115} INFO - [2022-07-30 20:30:37,677] {dagbag.py:508} INFO - Filling up the DagBag from /home/airflow/.local/lib/python3.7/site-packages/airflow/example_dags/example_branch_operator.py
[2022-07-30 20:30:37,704] {processor.py:651} INFO - DAG(s) dict_keys(['example_branch_operator']) retrieved from /home/airflow/.local/lib/python3.7/site-packages/airflow/example_dags/example_branch_operator.py
[2022-07-30 20:30:37,734] {logging_mixin.py:115} INFO - [2022-07-30 20:30:37,734] {dag.py:2420} INFO - Sync 1 DAGs
[2022-07-30 20:30:37,765] {logging_mixin.py:115} INFO - [2022-07-30 20:30:37,765] {dag.py:2972} INFO - Setting next_dagrun for example_branch_operator to 2022-07-29T00:00:00+00:00, run_after=2022-07-30T00:00:00+00:00
[2022-07-30 20:30:37,783] {processor.py:161} INFO - Processing /home/airflow/.local/lib/python3.7/site-packages/airflow/example_dags/example_branch_operator.py took 0.113 seconds
[2022-07-30 20:31:07,877] {processor.py:153} INFO - Started process (PID=1943) to work on /home/airflow/.local/lib/python3.7/site-packages/airflow/example_dags/example_branch_operator.py
[2022-07-30 20:31:07,878] {processor.py:641} INFO - Processing file /home/airflow/.local/lib/python3.7/site-packages/airflow/example_dags/example_branch_operator.py for tasks to queue
[2022-07-30 20:31:07,879] {logging_mixin.py:115} INFO - [2022-07-30 20:31:07,879] {dagbag.py:508} INFO - Filling up the DagBag from /home/airflow/.local/lib/python3.7/site-packages/airflow/example_dags/example_branch_operator.py
[2022-07-30 20:31:07,890] {processor.py:651} INFO - DAG(s) dict_keys(['example_branch_operator']) retrieved from /home/airflow/.local/lib/python3.7/site-packages/airflow/example_dags/example_branch_operator.py
[2022-07-30 20:31:07,919] {logging_mixin.py:115} INFO - [2022-07-30 20:31:07,919] {dag.py:2420} INFO - Sync 1 DAGs
[2022-07-30 20:31:07,947] {logging_mixin.py:115} INFO - [2022-07-30 20:31:07,947] {dag.py:2972} INFO - Setting next_dagrun for example_branch_operator to 2022-07-29T00:00:00+00:00, run_after=2022-07-30T00:00:00+00:00
[2022-07-30 20:31:07,962] {processor.py:161} INFO - Processing /home/airflow/.local/lib/python3.7/site-packages/airflow/example_dags/example_branch_operator.py took 0.087 seconds
[2022-07-30 20:31:38,398] {processor.py:153} INFO - Started process (PID=2146) to work on /home/airflow/.local/lib/python3.7/site-packages/airflow/example_dags/example_branch_operator.py
[2022-07-30 20:31:38,399] {processor.py:641} INFO - Processing file /home/airflow/.local/lib/python3.7/site-packages/airflow/example_dags/example_branch_operator.py for tasks to queue
[2022-07-30 20:31:38,400] {logging_mixin.py:115} INFO - [2022-07-30 20:31:38,400] {dagbag.py:508} INFO - Filling up the DagBag from /home/airflow/.local/lib/python3.7/site-packages/airflow/example_dags/example_branch_operator.py
[2022-07-30 20:31:38,416] {processor.py:651} INFO - DAG(s) dict_keys(['example_branch_operator']) retrieved from /home/airflow/.local/lib/python3.7/site-packages/airflow/example_dags/example_branch_operator.py
[2022-07-30 20:31:38,450] {logging_mixin.py:115} INFO - [2022-07-30 20:31:38,450] {dag.py:2420} INFO - Sync 1 DAGs
[2022-07-30 20:31:38,483] {logging_mixin.py:115} INFO - [2022-07-30 20:31:38,483] {dag.py:2972} INFO - Setting next_dagrun for example_branch_operator to 2022-07-29T00:00:00+00:00, run_after=2022-07-30T00:00:00+00:00
[2022-07-30 20:31:38,499] {processor.py:161} INFO - Processing /home/airflow/.local/lib/python3.7/site-packages/airflow/example_dags/example_branch_operator.py took 0.103 seconds
[2022-07-30 20:32:09,096] {processor.py:153} INFO - Started process (PID=2342) to work on /home/airflow/.local/lib/python3.7/site-packages/airflow/example_dags/example_branch_operator.py
[2022-07-30 20:32:09,098] {processor.py:641} INFO - Processing file /home/airflow/.local/lib/python3.7/site-packages/airflow/example_dags/example_branch_operator.py for tasks to queue
[2022-07-30 20:32:09,100] {logging_mixin.py:115} INFO - [2022-07-30 20:32:09,099] {dagbag.py:508} INFO - Filling up the DagBag from /home/airflow/.local/lib/python3.7/site-packages/airflow/example_dags/example_branch_operator.py
[2022-07-30 20:32:09,122] {processor.py:651} INFO - DAG(s) dict_keys(['example_branch_operator']) retrieved from /home/airflow/.local/lib/python3.7/site-packages/airflow/example_dags/example_branch_operator.py
[2022-07-30 20:32:09,171] {logging_mixin.py:115} INFO - [2022-07-30 20:32:09,170] {dag.py:2420} INFO - Sync 1 DAGs
[2022-07-30 20:32:09,211] {logging_mixin.py:115} INFO - [2022-07-30 20:32:09,210] {dag.py:2972} INFO - Setting next_dagrun for example_branch_operator to 2022-07-29T00:00:00+00:00, run_after=2022-07-30T00:00:00+00:00
[2022-07-30 20:32:09,231] {processor.py:161} INFO - Processing /home/airflow/.local/lib/python3.7/site-packages/airflow/example_dags/example_branch_operator.py took 0.140 seconds
[2022-07-30 20:32:39,483] {processor.py:153} INFO - Started process (PID=2544) to work on /home/airflow/.local/lib/python3.7/site-packages/airflow/example_dags/example_branch_operator.py
[2022-07-30 20:32:39,484] {processor.py:641} INFO - Processing file /home/airflow/.local/lib/python3.7/site-packages/airflow/example_dags/example_branch_operator.py for tasks to queue
[2022-07-30 20:32:39,485] {logging_mixin.py:115} INFO - [2022-07-30 20:32:39,485] {dagbag.py:508} INFO - Filling up the DagBag from /home/airflow/.local/lib/python3.7/site-packages/airflow/example_dags/example_branch_operator.py
[2022-07-30 20:32:39,497] {processor.py:651} INFO - DAG(s) dict_keys(['example_branch_operator']) retrieved from /home/airflow/.local/lib/python3.7/site-packages/airflow/example_dags/example_branch_operator.py
[2022-07-30 20:32:39,534] {logging_mixin.py:115} INFO - [2022-07-30 20:32:39,534] {dag.py:2420} INFO - Sync 1 DAGs
[2022-07-30 20:32:39,568] {logging_mixin.py:115} INFO - [2022-07-30 20:32:39,568] {dag.py:2972} INFO - Setting next_dagrun for example_branch_operator to 2022-07-29T00:00:00+00:00, run_after=2022-07-30T00:00:00+00:00
[2022-07-30 20:32:39,593] {processor.py:161} INFO - Processing /home/airflow/.local/lib/python3.7/site-packages/airflow/example_dags/example_branch_operator.py took 0.114 seconds
[2022-07-30 20:33:09,662] {processor.py:153} INFO - Started process (PID=2735) to work on /home/airflow/.local/lib/python3.7/site-packages/airflow/example_dags/example_branch_operator.py
[2022-07-30 20:33:09,663] {processor.py:641} INFO - Processing file /home/airflow/.local/lib/python3.7/site-packages/airflow/example_dags/example_branch_operator.py for tasks to queue
[2022-07-30 20:33:09,664] {logging_mixin.py:115} INFO - [2022-07-30 20:33:09,664] {dagbag.py:508} INFO - Filling up the DagBag from /home/airflow/.local/lib/python3.7/site-packages/airflow/example_dags/example_branch_operator.py
[2022-07-30 20:33:09,677] {processor.py:651} INFO - DAG(s) dict_keys(['example_branch_operator']) retrieved from /home/airflow/.local/lib/python3.7/site-packages/airflow/example_dags/example_branch_operator.py
[2022-07-30 20:33:09,710] {logging_mixin.py:115} INFO - [2022-07-30 20:33:09,709] {dag.py:2420} INFO - Sync 1 DAGs
[2022-07-30 20:33:09,739] {logging_mixin.py:115} INFO - [2022-07-30 20:33:09,739] {dag.py:2972} INFO - Setting next_dagrun for example_branch_operator to 2022-07-29T00:00:00+00:00, run_after=2022-07-30T00:00:00+00:00
[2022-07-30 20:33:09,766] {processor.py:161} INFO - Processing /home/airflow/.local/lib/python3.7/site-packages/airflow/example_dags/example_branch_operator.py took 0.108 seconds
[2022-07-30 20:33:39,863] {processor.py:153} INFO - Started process (PID=2936) to work on /home/airflow/.local/lib/python3.7/site-packages/airflow/example_dags/example_branch_operator.py
[2022-07-30 20:33:39,864] {processor.py:641} INFO - Processing file /home/airflow/.local/lib/python3.7/site-packages/airflow/example_dags/example_branch_operator.py for tasks to queue
[2022-07-30 20:33:39,865] {logging_mixin.py:115} INFO - [2022-07-30 20:33:39,865] {dagbag.py:508} INFO - Filling up the DagBag from /home/airflow/.local/lib/python3.7/site-packages/airflow/example_dags/example_branch_operator.py
[2022-07-30 20:33:39,880] {processor.py:651} INFO - DAG(s) dict_keys(['example_branch_operator']) retrieved from /home/airflow/.local/lib/python3.7/site-packages/airflow/example_dags/example_branch_operator.py
[2022-07-30 20:33:39,915] {logging_mixin.py:115} INFO - [2022-07-30 20:33:39,915] {dag.py:2420} INFO - Sync 1 DAGs
[2022-07-30 20:33:39,953] {logging_mixin.py:115} INFO - [2022-07-30 20:33:39,953] {dag.py:2972} INFO - Setting next_dagrun for example_branch_operator to 2022-07-29T00:00:00+00:00, run_after=2022-07-30T00:00:00+00:00
[2022-07-30 20:33:39,975] {processor.py:161} INFO - Processing /home/airflow/.local/lib/python3.7/site-packages/airflow/example_dags/example_branch_operator.py took 0.115 seconds
[2022-07-30 20:34:10,253] {processor.py:153} INFO - Started process (PID=3130) to work on /home/airflow/.local/lib/python3.7/site-packages/airflow/example_dags/example_branch_operator.py
[2022-07-30 20:34:10,254] {processor.py:641} INFO - Processing file /home/airflow/.local/lib/python3.7/site-packages/airflow/example_dags/example_branch_operator.py for tasks to queue
[2022-07-30 20:34:10,255] {logging_mixin.py:115} INFO - [2022-07-30 20:34:10,255] {dagbag.py:508} INFO - Filling up the DagBag from /home/airflow/.local/lib/python3.7/site-packages/airflow/example_dags/example_branch_operator.py
[2022-07-30 20:34:10,275] {processor.py:651} INFO - DAG(s) dict_keys(['example_branch_operator']) retrieved from /home/airflow/.local/lib/python3.7/site-packages/airflow/example_dags/example_branch_operator.py
[2022-07-30 20:34:10,319] {logging_mixin.py:115} INFO - [2022-07-30 20:34:10,319] {dag.py:2420} INFO - Sync 1 DAGs
[2022-07-30 20:34:10,368] {logging_mixin.py:115} INFO - [2022-07-30 20:34:10,367] {dag.py:2972} INFO - Setting next_dagrun for example_branch_operator to 2022-07-29T00:00:00+00:00, run_after=2022-07-30T00:00:00+00:00
[2022-07-30 20:34:10,390] {processor.py:161} INFO - Processing /home/airflow/.local/lib/python3.7/site-packages/airflow/example_dags/example_branch_operator.py took 0.142 seconds
