[2022-07-30 05:49:07,139] {processor.py:153} INFO - Started process (PID=30103) to work on /home/airflow/.local/lib/python3.7/site-packages/airflow/example_dags/example_xcom.py
[2022-07-30 05:49:07,141] {processor.py:641} INFO - Processing file /home/airflow/.local/lib/python3.7/site-packages/airflow/example_dags/example_xcom.py for tasks to queue
[2022-07-30 05:49:07,151] {logging_mixin.py:115} INFO - [2022-07-30 05:49:07,150] {dagbag.py:508} INFO - Filling up the DagBag from /home/airflow/.local/lib/python3.7/site-packages/airflow/example_dags/example_xcom.py
[2022-07-30 05:49:07,221] {processor.py:651} INFO - DAG(s) dict_keys(['example_xcom']) retrieved from /home/airflow/.local/lib/python3.7/site-packages/airflow/example_dags/example_xcom.py
[2022-07-30 05:49:07,520] {logging_mixin.py:115} INFO - [2022-07-30 05:49:07,520] {dag.py:2420} INFO - Sync 1 DAGs
[2022-07-30 05:49:07,663] {logging_mixin.py:115} INFO - [2022-07-30 05:49:07,663] {dag.py:2972} INFO - Setting next_dagrun for example_xcom to 2021-01-01T00:00:00+00:00, run_after=2021-01-01T00:00:00+00:00
[2022-07-30 05:49:07,731] {processor.py:161} INFO - Processing /home/airflow/.local/lib/python3.7/site-packages/airflow/example_dags/example_xcom.py took 0.597 seconds
[2022-07-30 05:49:37,868] {processor.py:153} INFO - Started process (PID=30306) to work on /home/airflow/.local/lib/python3.7/site-packages/airflow/example_dags/example_xcom.py
[2022-07-30 05:49:37,870] {processor.py:641} INFO - Processing file /home/airflow/.local/lib/python3.7/site-packages/airflow/example_dags/example_xcom.py for tasks to queue
[2022-07-30 05:49:37,871] {logging_mixin.py:115} INFO - [2022-07-30 05:49:37,870] {dagbag.py:508} INFO - Filling up the DagBag from /home/airflow/.local/lib/python3.7/site-packages/airflow/example_dags/example_xcom.py
[2022-07-30 05:49:37,908] {processor.py:651} INFO - DAG(s) dict_keys(['example_xcom']) retrieved from /home/airflow/.local/lib/python3.7/site-packages/airflow/example_dags/example_xcom.py
[2022-07-30 05:49:37,941] {logging_mixin.py:115} INFO - [2022-07-30 05:49:37,940] {dag.py:2420} INFO - Sync 1 DAGs
[2022-07-30 05:49:37,986] {logging_mixin.py:115} INFO - [2022-07-30 05:49:37,986] {dag.py:2972} INFO - Setting next_dagrun for example_xcom to 2021-01-01T00:00:00+00:00, run_after=2021-01-01T00:00:00+00:00
[2022-07-30 05:49:38,005] {processor.py:161} INFO - Processing /home/airflow/.local/lib/python3.7/site-packages/airflow/example_dags/example_xcom.py took 0.139 seconds
[2022-07-30 05:50:08,925] {processor.py:153} INFO - Started process (PID=30504) to work on /home/airflow/.local/lib/python3.7/site-packages/airflow/example_dags/example_xcom.py
[2022-07-30 05:50:08,926] {processor.py:641} INFO - Processing file /home/airflow/.local/lib/python3.7/site-packages/airflow/example_dags/example_xcom.py for tasks to queue
[2022-07-30 05:50:08,927] {logging_mixin.py:115} INFO - [2022-07-30 05:50:08,927] {dagbag.py:508} INFO - Filling up the DagBag from /home/airflow/.local/lib/python3.7/site-packages/airflow/example_dags/example_xcom.py
[2022-07-30 05:50:08,945] {processor.py:651} INFO - DAG(s) dict_keys(['example_xcom']) retrieved from /home/airflow/.local/lib/python3.7/site-packages/airflow/example_dags/example_xcom.py
[2022-07-30 05:50:09,019] {logging_mixin.py:115} INFO - [2022-07-30 05:50:09,019] {dag.py:2420} INFO - Sync 1 DAGs
[2022-07-30 05:50:09,049] {logging_mixin.py:115} INFO - [2022-07-30 05:50:09,049] {dag.py:2972} INFO - Setting next_dagrun for example_xcom to 2021-01-01T00:00:00+00:00, run_after=2021-01-01T00:00:00+00:00
[2022-07-30 05:50:09,177] {processor.py:161} INFO - Processing /home/airflow/.local/lib/python3.7/site-packages/airflow/example_dags/example_xcom.py took 0.255 seconds
[2022-07-30 05:50:39,304] {processor.py:153} INFO - Started process (PID=30707) to work on /home/airflow/.local/lib/python3.7/site-packages/airflow/example_dags/example_xcom.py
[2022-07-30 05:50:39,305] {processor.py:641} INFO - Processing file /home/airflow/.local/lib/python3.7/site-packages/airflow/example_dags/example_xcom.py for tasks to queue
[2022-07-30 05:50:39,306] {logging_mixin.py:115} INFO - [2022-07-30 05:50:39,306] {dagbag.py:508} INFO - Filling up the DagBag from /home/airflow/.local/lib/python3.7/site-packages/airflow/example_dags/example_xcom.py
[2022-07-30 05:50:39,328] {processor.py:651} INFO - DAG(s) dict_keys(['example_xcom']) retrieved from /home/airflow/.local/lib/python3.7/site-packages/airflow/example_dags/example_xcom.py
[2022-07-30 05:50:39,359] {logging_mixin.py:115} INFO - [2022-07-30 05:50:39,359] {dag.py:2420} INFO - Sync 1 DAGs
[2022-07-30 05:50:39,385] {logging_mixin.py:115} INFO - [2022-07-30 05:50:39,385] {dag.py:2972} INFO - Setting next_dagrun for example_xcom to 2021-01-01T00:00:00+00:00, run_after=2021-01-01T00:00:00+00:00
[2022-07-30 05:50:39,401] {processor.py:161} INFO - Processing /home/airflow/.local/lib/python3.7/site-packages/airflow/example_dags/example_xcom.py took 0.101 seconds
[2022-07-30 05:51:10,219] {processor.py:153} INFO - Started process (PID=30910) to work on /home/airflow/.local/lib/python3.7/site-packages/airflow/example_dags/example_xcom.py
[2022-07-30 05:51:10,219] {processor.py:641} INFO - Processing file /home/airflow/.local/lib/python3.7/site-packages/airflow/example_dags/example_xcom.py for tasks to queue
[2022-07-30 05:51:10,220] {logging_mixin.py:115} INFO - [2022-07-30 05:51:10,220] {dagbag.py:508} INFO - Filling up the DagBag from /home/airflow/.local/lib/python3.7/site-packages/airflow/example_dags/example_xcom.py
[2022-07-30 05:51:10,251] {processor.py:651} INFO - DAG(s) dict_keys(['example_xcom']) retrieved from /home/airflow/.local/lib/python3.7/site-packages/airflow/example_dags/example_xcom.py
[2022-07-30 05:51:10,290] {logging_mixin.py:115} INFO - [2022-07-30 05:51:10,290] {dag.py:2420} INFO - Sync 1 DAGs
[2022-07-30 05:51:10,321] {logging_mixin.py:115} INFO - [2022-07-30 05:51:10,320] {dag.py:2972} INFO - Setting next_dagrun for example_xcom to 2021-01-01T00:00:00+00:00, run_after=2021-01-01T00:00:00+00:00
[2022-07-30 05:51:10,341] {processor.py:161} INFO - Processing /home/airflow/.local/lib/python3.7/site-packages/airflow/example_dags/example_xcom.py took 0.126 seconds
[2022-07-30 05:51:41,099] {processor.py:153} INFO - Started process (PID=31105) to work on /home/airflow/.local/lib/python3.7/site-packages/airflow/example_dags/example_xcom.py
[2022-07-30 05:51:41,100] {processor.py:641} INFO - Processing file /home/airflow/.local/lib/python3.7/site-packages/airflow/example_dags/example_xcom.py for tasks to queue
[2022-07-30 05:51:41,101] {logging_mixin.py:115} INFO - [2022-07-30 05:51:41,101] {dagbag.py:508} INFO - Filling up the DagBag from /home/airflow/.local/lib/python3.7/site-packages/airflow/example_dags/example_xcom.py
[2022-07-30 05:51:41,124] {processor.py:651} INFO - DAG(s) dict_keys(['example_xcom']) retrieved from /home/airflow/.local/lib/python3.7/site-packages/airflow/example_dags/example_xcom.py
[2022-07-30 05:51:41,218] {logging_mixin.py:115} INFO - [2022-07-30 05:51:41,218] {dag.py:2420} INFO - Sync 1 DAGs
[2022-07-30 05:51:41,251] {logging_mixin.py:115} INFO - [2022-07-30 05:51:41,251] {dag.py:2972} INFO - Setting next_dagrun for example_xcom to 2021-01-01T00:00:00+00:00, run_after=2021-01-01T00:00:00+00:00
[2022-07-30 05:51:41,273] {processor.py:161} INFO - Processing /home/airflow/.local/lib/python3.7/site-packages/airflow/example_dags/example_xcom.py took 0.177 seconds
[2022-07-30 05:52:11,400] {processor.py:153} INFO - Started process (PID=31308) to work on /home/airflow/.local/lib/python3.7/site-packages/airflow/example_dags/example_xcom.py
[2022-07-30 05:52:11,401] {processor.py:641} INFO - Processing file /home/airflow/.local/lib/python3.7/site-packages/airflow/example_dags/example_xcom.py for tasks to queue
[2022-07-30 05:52:11,402] {logging_mixin.py:115} INFO - [2022-07-30 05:52:11,402] {dagbag.py:508} INFO - Filling up the DagBag from /home/airflow/.local/lib/python3.7/site-packages/airflow/example_dags/example_xcom.py
[2022-07-30 05:52:11,425] {processor.py:651} INFO - DAG(s) dict_keys(['example_xcom']) retrieved from /home/airflow/.local/lib/python3.7/site-packages/airflow/example_dags/example_xcom.py
[2022-07-30 05:52:11,526] {logging_mixin.py:115} INFO - [2022-07-30 05:52:11,526] {dag.py:2420} INFO - Sync 1 DAGs
[2022-07-30 05:52:11,555] {logging_mixin.py:115} INFO - [2022-07-30 05:52:11,555] {dag.py:2972} INFO - Setting next_dagrun for example_xcom to 2021-01-01T00:00:00+00:00, run_after=2021-01-01T00:00:00+00:00
[2022-07-30 05:52:11,575] {processor.py:161} INFO - Processing /home/airflow/.local/lib/python3.7/site-packages/airflow/example_dags/example_xcom.py took 0.178 seconds
[2022-07-30 05:52:42,162] {processor.py:153} INFO - Started process (PID=31502) to work on /home/airflow/.local/lib/python3.7/site-packages/airflow/example_dags/example_xcom.py
[2022-07-30 05:52:42,163] {processor.py:641} INFO - Processing file /home/airflow/.local/lib/python3.7/site-packages/airflow/example_dags/example_xcom.py for tasks to queue
[2022-07-30 05:52:42,164] {logging_mixin.py:115} INFO - [2022-07-30 05:52:42,164] {dagbag.py:508} INFO - Filling up the DagBag from /home/airflow/.local/lib/python3.7/site-packages/airflow/example_dags/example_xcom.py
[2022-07-30 05:52:42,200] {processor.py:651} INFO - DAG(s) dict_keys(['example_xcom']) retrieved from /home/airflow/.local/lib/python3.7/site-packages/airflow/example_dags/example_xcom.py
[2022-07-30 05:52:42,336] {logging_mixin.py:115} INFO - [2022-07-30 05:52:42,336] {dag.py:2420} INFO - Sync 1 DAGs
[2022-07-30 05:52:42,414] {logging_mixin.py:115} INFO - [2022-07-30 05:52:42,414] {dag.py:2972} INFO - Setting next_dagrun for example_xcom to 2021-01-01T00:00:00+00:00, run_after=2021-01-01T00:00:00+00:00
[2022-07-30 05:52:42,444] {processor.py:161} INFO - Processing /home/airflow/.local/lib/python3.7/site-packages/airflow/example_dags/example_xcom.py took 0.288 seconds
[2022-07-30 05:53:12,933] {processor.py:153} INFO - Started process (PID=31705) to work on /home/airflow/.local/lib/python3.7/site-packages/airflow/example_dags/example_xcom.py
[2022-07-30 05:53:12,934] {processor.py:641} INFO - Processing file /home/airflow/.local/lib/python3.7/site-packages/airflow/example_dags/example_xcom.py for tasks to queue
[2022-07-30 05:53:12,936] {logging_mixin.py:115} INFO - [2022-07-30 05:53:12,936] {dagbag.py:508} INFO - Filling up the DagBag from /home/airflow/.local/lib/python3.7/site-packages/airflow/example_dags/example_xcom.py
[2022-07-30 05:53:12,954] {processor.py:651} INFO - DAG(s) dict_keys(['example_xcom']) retrieved from /home/airflow/.local/lib/python3.7/site-packages/airflow/example_dags/example_xcom.py
[2022-07-30 05:53:13,030] {logging_mixin.py:115} INFO - [2022-07-30 05:53:13,030] {dag.py:2420} INFO - Sync 1 DAGs
[2022-07-30 05:53:13,060] {logging_mixin.py:115} INFO - [2022-07-30 05:53:13,059] {dag.py:2972} INFO - Setting next_dagrun for example_xcom to 2021-01-01T00:00:00+00:00, run_after=2021-01-01T00:00:00+00:00
[2022-07-30 05:53:13,082] {processor.py:161} INFO - Processing /home/airflow/.local/lib/python3.7/site-packages/airflow/example_dags/example_xcom.py took 0.152 seconds
[2022-07-30 20:24:30,313] {processor.py:153} INFO - Started process (PID=31773) to work on /home/airflow/.local/lib/python3.7/site-packages/airflow/example_dags/example_xcom.py
[2022-07-30 20:24:30,316] {processor.py:641} INFO - Processing file /home/airflow/.local/lib/python3.7/site-packages/airflow/example_dags/example_xcom.py for tasks to queue
[2022-07-30 20:24:30,318] {logging_mixin.py:115} INFO - [2022-07-30 20:24:30,318] {dagbag.py:508} INFO - Filling up the DagBag from /home/airflow/.local/lib/python3.7/site-packages/airflow/example_dags/example_xcom.py
[2022-07-30 20:24:30,384] {processor.py:651} INFO - DAG(s) dict_keys(['example_xcom']) retrieved from /home/airflow/.local/lib/python3.7/site-packages/airflow/example_dags/example_xcom.py
[2022-07-30 20:24:30,714] {logging_mixin.py:115} INFO - [2022-07-30 20:24:30,713] {dag.py:2420} INFO - Sync 1 DAGs
[2022-07-30 20:24:30,804] {logging_mixin.py:115} INFO - [2022-07-30 20:24:30,803] {dag.py:2972} INFO - Setting next_dagrun for example_xcom to 2021-01-01T00:00:00+00:00, run_after=2021-01-01T00:00:00+00:00
[2022-07-30 20:24:30,871] {processor.py:161} INFO - Processing /home/airflow/.local/lib/python3.7/site-packages/airflow/example_dags/example_xcom.py took 0.577 seconds
[2022-07-30 20:25:01,570] {processor.py:153} INFO - Started process (PID=31970) to work on /home/airflow/.local/lib/python3.7/site-packages/airflow/example_dags/example_xcom.py
[2022-07-30 20:25:01,571] {processor.py:641} INFO - Processing file /home/airflow/.local/lib/python3.7/site-packages/airflow/example_dags/example_xcom.py for tasks to queue
[2022-07-30 20:25:01,572] {logging_mixin.py:115} INFO - [2022-07-30 20:25:01,571] {dagbag.py:508} INFO - Filling up the DagBag from /home/airflow/.local/lib/python3.7/site-packages/airflow/example_dags/example_xcom.py
[2022-07-30 20:25:01,589] {processor.py:651} INFO - DAG(s) dict_keys(['example_xcom']) retrieved from /home/airflow/.local/lib/python3.7/site-packages/airflow/example_dags/example_xcom.py
[2022-07-30 20:25:01,664] {logging_mixin.py:115} INFO - [2022-07-30 20:25:01,664] {dag.py:2420} INFO - Sync 1 DAGs
[2022-07-30 20:25:01,688] {logging_mixin.py:115} INFO - [2022-07-30 20:25:01,688] {dag.py:2972} INFO - Setting next_dagrun for example_xcom to 2021-01-01T00:00:00+00:00, run_after=2021-01-01T00:00:00+00:00
[2022-07-30 20:25:01,707] {processor.py:161} INFO - Processing /home/airflow/.local/lib/python3.7/site-packages/airflow/example_dags/example_xcom.py took 0.140 seconds
[2022-07-30 20:25:31,833] {processor.py:153} INFO - Started process (PID=32173) to work on /home/airflow/.local/lib/python3.7/site-packages/airflow/example_dags/example_xcom.py
[2022-07-30 20:25:31,834] {processor.py:641} INFO - Processing file /home/airflow/.local/lib/python3.7/site-packages/airflow/example_dags/example_xcom.py for tasks to queue
[2022-07-30 20:25:31,835] {logging_mixin.py:115} INFO - [2022-07-30 20:25:31,835] {dagbag.py:508} INFO - Filling up the DagBag from /home/airflow/.local/lib/python3.7/site-packages/airflow/example_dags/example_xcom.py
[2022-07-30 20:25:31,851] {processor.py:651} INFO - DAG(s) dict_keys(['example_xcom']) retrieved from /home/airflow/.local/lib/python3.7/site-packages/airflow/example_dags/example_xcom.py
[2022-07-30 20:25:31,919] {logging_mixin.py:115} INFO - [2022-07-30 20:25:31,919] {dag.py:2420} INFO - Sync 1 DAGs
[2022-07-30 20:25:31,941] {logging_mixin.py:115} INFO - [2022-07-30 20:25:31,941] {dag.py:2972} INFO - Setting next_dagrun for example_xcom to 2021-01-01T00:00:00+00:00, run_after=2021-01-01T00:00:00+00:00
[2022-07-30 20:25:31,958] {processor.py:161} INFO - Processing /home/airflow/.local/lib/python3.7/site-packages/airflow/example_dags/example_xcom.py took 0.127 seconds
[2022-07-30 20:26:02,135] {processor.py:153} INFO - Started process (PID=32367) to work on /home/airflow/.local/lib/python3.7/site-packages/airflow/example_dags/example_xcom.py
[2022-07-30 20:26:02,136] {processor.py:641} INFO - Processing file /home/airflow/.local/lib/python3.7/site-packages/airflow/example_dags/example_xcom.py for tasks to queue
[2022-07-30 20:26:02,137] {logging_mixin.py:115} INFO - [2022-07-30 20:26:02,137] {dagbag.py:508} INFO - Filling up the DagBag from /home/airflow/.local/lib/python3.7/site-packages/airflow/example_dags/example_xcom.py
[2022-07-30 20:26:02,179] {processor.py:651} INFO - DAG(s) dict_keys(['example_xcom']) retrieved from /home/airflow/.local/lib/python3.7/site-packages/airflow/example_dags/example_xcom.py
[2022-07-30 20:26:02,269] {logging_mixin.py:115} INFO - [2022-07-30 20:26:02,268] {dag.py:2420} INFO - Sync 1 DAGs
[2022-07-30 20:26:02,303] {logging_mixin.py:115} INFO - [2022-07-30 20:26:02,302] {dag.py:2972} INFO - Setting next_dagrun for example_xcom to 2021-01-01T00:00:00+00:00, run_after=2021-01-01T00:00:00+00:00
[2022-07-30 20:26:02,329] {processor.py:161} INFO - Processing /home/airflow/.local/lib/python3.7/site-packages/airflow/example_dags/example_xcom.py took 0.199 seconds
[2022-07-30 20:26:32,549] {processor.py:153} INFO - Started process (PID=32570) to work on /home/airflow/.local/lib/python3.7/site-packages/airflow/example_dags/example_xcom.py
[2022-07-30 20:26:32,550] {processor.py:641} INFO - Processing file /home/airflow/.local/lib/python3.7/site-packages/airflow/example_dags/example_xcom.py for tasks to queue
[2022-07-30 20:26:32,551] {logging_mixin.py:115} INFO - [2022-07-30 20:26:32,551] {dagbag.py:508} INFO - Filling up the DagBag from /home/airflow/.local/lib/python3.7/site-packages/airflow/example_dags/example_xcom.py
[2022-07-30 20:26:32,577] {processor.py:651} INFO - DAG(s) dict_keys(['example_xcom']) retrieved from /home/airflow/.local/lib/python3.7/site-packages/airflow/example_dags/example_xcom.py
[2022-07-30 20:26:32,691] {logging_mixin.py:115} INFO - [2022-07-30 20:26:32,690] {dag.py:2420} INFO - Sync 1 DAGs
[2022-07-30 20:26:32,718] {logging_mixin.py:115} INFO - [2022-07-30 20:26:32,718] {dag.py:2972} INFO - Setting next_dagrun for example_xcom to 2021-01-01T00:00:00+00:00, run_after=2021-01-01T00:00:00+00:00
[2022-07-30 20:26:32,740] {processor.py:161} INFO - Processing /home/airflow/.local/lib/python3.7/site-packages/airflow/example_dags/example_xcom.py took 0.195 seconds
[2022-07-30 20:27:02,952] {processor.py:153} INFO - Started process (PID=32764) to work on /home/airflow/.local/lib/python3.7/site-packages/airflow/example_dags/example_xcom.py
[2022-07-30 20:27:02,953] {processor.py:641} INFO - Processing file /home/airflow/.local/lib/python3.7/site-packages/airflow/example_dags/example_xcom.py for tasks to queue
[2022-07-30 20:27:02,953] {logging_mixin.py:115} INFO - [2022-07-30 20:27:02,953] {dagbag.py:508} INFO - Filling up the DagBag from /home/airflow/.local/lib/python3.7/site-packages/airflow/example_dags/example_xcom.py
[2022-07-30 20:27:02,978] {processor.py:651} INFO - DAG(s) dict_keys(['example_xcom']) retrieved from /home/airflow/.local/lib/python3.7/site-packages/airflow/example_dags/example_xcom.py
[2022-07-30 20:27:03,062] {logging_mixin.py:115} INFO - [2022-07-30 20:27:03,061] {dag.py:2420} INFO - Sync 1 DAGs
[2022-07-30 20:27:03,092] {logging_mixin.py:115} INFO - [2022-07-30 20:27:03,092] {dag.py:2972} INFO - Setting next_dagrun for example_xcom to 2021-01-01T00:00:00+00:00, run_after=2021-01-01T00:00:00+00:00
[2022-07-30 20:27:03,112] {processor.py:161} INFO - Processing /home/airflow/.local/lib/python3.7/site-packages/airflow/example_dags/example_xcom.py took 0.163 seconds
[2022-07-30 20:27:33,153] {processor.py:153} INFO - Started process (PID=500) to work on /home/airflow/.local/lib/python3.7/site-packages/airflow/example_dags/example_xcom.py
[2022-07-30 20:27:33,154] {processor.py:641} INFO - Processing file /home/airflow/.local/lib/python3.7/site-packages/airflow/example_dags/example_xcom.py for tasks to queue
[2022-07-30 20:27:33,155] {logging_mixin.py:115} INFO - [2022-07-30 20:27:33,155] {dagbag.py:508} INFO - Filling up the DagBag from /home/airflow/.local/lib/python3.7/site-packages/airflow/example_dags/example_xcom.py
[2022-07-30 20:27:33,176] {processor.py:651} INFO - DAG(s) dict_keys(['example_xcom']) retrieved from /home/airflow/.local/lib/python3.7/site-packages/airflow/example_dags/example_xcom.py
[2022-07-30 20:27:33,269] {logging_mixin.py:115} INFO - [2022-07-30 20:27:33,269] {dag.py:2420} INFO - Sync 1 DAGs
[2022-07-30 20:27:33,297] {logging_mixin.py:115} INFO - [2022-07-30 20:27:33,297] {dag.py:2972} INFO - Setting next_dagrun for example_xcom to 2021-01-01T00:00:00+00:00, run_after=2021-01-01T00:00:00+00:00
[2022-07-30 20:27:33,315] {processor.py:161} INFO - Processing /home/airflow/.local/lib/python3.7/site-packages/airflow/example_dags/example_xcom.py took 0.166 seconds
[2022-07-30 20:28:03,568] {processor.py:153} INFO - Started process (PID=694) to work on /home/airflow/.local/lib/python3.7/site-packages/airflow/example_dags/example_xcom.py
[2022-07-30 20:28:03,569] {processor.py:641} INFO - Processing file /home/airflow/.local/lib/python3.7/site-packages/airflow/example_dags/example_xcom.py for tasks to queue
[2022-07-30 20:28:03,569] {logging_mixin.py:115} INFO - [2022-07-30 20:28:03,569] {dagbag.py:508} INFO - Filling up the DagBag from /home/airflow/.local/lib/python3.7/site-packages/airflow/example_dags/example_xcom.py
[2022-07-30 20:28:03,596] {processor.py:651} INFO - DAG(s) dict_keys(['example_xcom']) retrieved from /home/airflow/.local/lib/python3.7/site-packages/airflow/example_dags/example_xcom.py
[2022-07-30 20:28:03,684] {logging_mixin.py:115} INFO - [2022-07-30 20:28:03,683] {dag.py:2420} INFO - Sync 1 DAGs
[2022-07-30 20:28:03,713] {logging_mixin.py:115} INFO - [2022-07-30 20:28:03,713] {dag.py:2972} INFO - Setting next_dagrun for example_xcom to 2021-01-01T00:00:00+00:00, run_after=2021-01-01T00:00:00+00:00
[2022-07-30 20:28:03,731] {processor.py:161} INFO - Processing /home/airflow/.local/lib/python3.7/site-packages/airflow/example_dags/example_xcom.py took 0.166 seconds
[2022-07-30 20:28:33,928] {processor.py:153} INFO - Started process (PID=897) to work on /home/airflow/.local/lib/python3.7/site-packages/airflow/example_dags/example_xcom.py
[2022-07-30 20:28:33,928] {processor.py:641} INFO - Processing file /home/airflow/.local/lib/python3.7/site-packages/airflow/example_dags/example_xcom.py for tasks to queue
[2022-07-30 20:28:33,929] {logging_mixin.py:115} INFO - [2022-07-30 20:28:33,929] {dagbag.py:508} INFO - Filling up the DagBag from /home/airflow/.local/lib/python3.7/site-packages/airflow/example_dags/example_xcom.py
[2022-07-30 20:28:33,953] {processor.py:651} INFO - DAG(s) dict_keys(['example_xcom']) retrieved from /home/airflow/.local/lib/python3.7/site-packages/airflow/example_dags/example_xcom.py
[2022-07-30 20:28:33,986] {logging_mixin.py:115} INFO - [2022-07-30 20:28:33,986] {dag.py:2420} INFO - Sync 1 DAGs
[2022-07-30 20:28:34,023] {logging_mixin.py:115} INFO - [2022-07-30 20:28:34,023] {dag.py:2972} INFO - Setting next_dagrun for example_xcom to 2021-01-01T00:00:00+00:00, run_after=2021-01-01T00:00:00+00:00
[2022-07-30 20:28:34,041] {processor.py:161} INFO - Processing /home/airflow/.local/lib/python3.7/site-packages/airflow/example_dags/example_xcom.py took 0.117 seconds
[2022-07-30 20:29:04,275] {processor.py:153} INFO - Started process (PID=1091) to work on /home/airflow/.local/lib/python3.7/site-packages/airflow/example_dags/example_xcom.py
[2022-07-30 20:29:04,277] {processor.py:641} INFO - Processing file /home/airflow/.local/lib/python3.7/site-packages/airflow/example_dags/example_xcom.py for tasks to queue
[2022-07-30 20:29:04,278] {logging_mixin.py:115} INFO - [2022-07-30 20:29:04,278] {dagbag.py:508} INFO - Filling up the DagBag from /home/airflow/.local/lib/python3.7/site-packages/airflow/example_dags/example_xcom.py
[2022-07-30 20:29:04,312] {processor.py:651} INFO - DAG(s) dict_keys(['example_xcom']) retrieved from /home/airflow/.local/lib/python3.7/site-packages/airflow/example_dags/example_xcom.py
[2022-07-30 20:29:04,434] {logging_mixin.py:115} INFO - [2022-07-30 20:29:04,434] {dag.py:2420} INFO - Sync 1 DAGs
[2022-07-30 20:29:04,466] {logging_mixin.py:115} INFO - [2022-07-30 20:29:04,466] {dag.py:2972} INFO - Setting next_dagrun for example_xcom to 2021-01-01T00:00:00+00:00, run_after=2021-01-01T00:00:00+00:00
[2022-07-30 20:29:04,487] {processor.py:161} INFO - Processing /home/airflow/.local/lib/python3.7/site-packages/airflow/example_dags/example_xcom.py took 0.218 seconds
[2022-07-30 20:29:34,711] {processor.py:153} INFO - Started process (PID=1294) to work on /home/airflow/.local/lib/python3.7/site-packages/airflow/example_dags/example_xcom.py
[2022-07-30 20:29:34,712] {processor.py:641} INFO - Processing file /home/airflow/.local/lib/python3.7/site-packages/airflow/example_dags/example_xcom.py for tasks to queue
[2022-07-30 20:29:34,713] {logging_mixin.py:115} INFO - [2022-07-30 20:29:34,713] {dagbag.py:508} INFO - Filling up the DagBag from /home/airflow/.local/lib/python3.7/site-packages/airflow/example_dags/example_xcom.py
[2022-07-30 20:29:34,734] {processor.py:651} INFO - DAG(s) dict_keys(['example_xcom']) retrieved from /home/airflow/.local/lib/python3.7/site-packages/airflow/example_dags/example_xcom.py
[2022-07-30 20:29:34,838] {logging_mixin.py:115} INFO - [2022-07-30 20:29:34,838] {dag.py:2420} INFO - Sync 1 DAGs
[2022-07-30 20:29:34,870] {logging_mixin.py:115} INFO - [2022-07-30 20:29:34,870] {dag.py:2972} INFO - Setting next_dagrun for example_xcom to 2021-01-01T00:00:00+00:00, run_after=2021-01-01T00:00:00+00:00
[2022-07-30 20:29:34,920] {processor.py:161} INFO - Processing /home/airflow/.local/lib/python3.7/site-packages/airflow/example_dags/example_xcom.py took 0.211 seconds
[2022-07-30 20:30:05,355] {processor.py:153} INFO - Started process (PID=1488) to work on /home/airflow/.local/lib/python3.7/site-packages/airflow/example_dags/example_xcom.py
[2022-07-30 20:30:05,356] {processor.py:641} INFO - Processing file /home/airflow/.local/lib/python3.7/site-packages/airflow/example_dags/example_xcom.py for tasks to queue
[2022-07-30 20:30:05,357] {logging_mixin.py:115} INFO - [2022-07-30 20:30:05,357] {dagbag.py:508} INFO - Filling up the DagBag from /home/airflow/.local/lib/python3.7/site-packages/airflow/example_dags/example_xcom.py
[2022-07-30 20:30:05,386] {processor.py:651} INFO - DAG(s) dict_keys(['example_xcom']) retrieved from /home/airflow/.local/lib/python3.7/site-packages/airflow/example_dags/example_xcom.py
[2022-07-30 20:30:05,481] {logging_mixin.py:115} INFO - [2022-07-30 20:30:05,481] {dag.py:2420} INFO - Sync 1 DAGs
[2022-07-30 20:30:05,516] {logging_mixin.py:115} INFO - [2022-07-30 20:30:05,516] {dag.py:2972} INFO - Setting next_dagrun for example_xcom to 2021-01-01T00:00:00+00:00, run_after=2021-01-01T00:00:00+00:00
[2022-07-30 20:30:05,539] {processor.py:161} INFO - Processing /home/airflow/.local/lib/python3.7/site-packages/airflow/example_dags/example_xcom.py took 0.190 seconds
[2022-07-30 20:30:35,882] {processor.py:153} INFO - Started process (PID=1691) to work on /home/airflow/.local/lib/python3.7/site-packages/airflow/example_dags/example_xcom.py
[2022-07-30 20:30:35,883] {processor.py:641} INFO - Processing file /home/airflow/.local/lib/python3.7/site-packages/airflow/example_dags/example_xcom.py for tasks to queue
[2022-07-30 20:30:35,883] {logging_mixin.py:115} INFO - [2022-07-30 20:30:35,883] {dagbag.py:508} INFO - Filling up the DagBag from /home/airflow/.local/lib/python3.7/site-packages/airflow/example_dags/example_xcom.py
[2022-07-30 20:30:35,899] {processor.py:651} INFO - DAG(s) dict_keys(['example_xcom']) retrieved from /home/airflow/.local/lib/python3.7/site-packages/airflow/example_dags/example_xcom.py
[2022-07-30 20:30:35,930] {logging_mixin.py:115} INFO - [2022-07-30 20:30:35,930] {dag.py:2420} INFO - Sync 1 DAGs
[2022-07-30 20:30:35,952] {logging_mixin.py:115} INFO - [2022-07-30 20:30:35,952] {dag.py:2972} INFO - Setting next_dagrun for example_xcom to 2021-01-01T00:00:00+00:00, run_after=2021-01-01T00:00:00+00:00
[2022-07-30 20:30:35,967] {processor.py:161} INFO - Processing /home/airflow/.local/lib/python3.7/site-packages/airflow/example_dags/example_xcom.py took 0.087 seconds
[2022-07-30 20:31:06,133] {processor.py:153} INFO - Started process (PID=1885) to work on /home/airflow/.local/lib/python3.7/site-packages/airflow/example_dags/example_xcom.py
[2022-07-30 20:31:06,134] {processor.py:641} INFO - Processing file /home/airflow/.local/lib/python3.7/site-packages/airflow/example_dags/example_xcom.py for tasks to queue
[2022-07-30 20:31:06,135] {logging_mixin.py:115} INFO - [2022-07-30 20:31:06,135] {dagbag.py:508} INFO - Filling up the DagBag from /home/airflow/.local/lib/python3.7/site-packages/airflow/example_dags/example_xcom.py
[2022-07-30 20:31:06,154] {processor.py:651} INFO - DAG(s) dict_keys(['example_xcom']) retrieved from /home/airflow/.local/lib/python3.7/site-packages/airflow/example_dags/example_xcom.py
[2022-07-30 20:31:06,182] {logging_mixin.py:115} INFO - [2022-07-30 20:31:06,182] {dag.py:2420} INFO - Sync 1 DAGs
[2022-07-30 20:31:06,206] {logging_mixin.py:115} INFO - [2022-07-30 20:31:06,206] {dag.py:2972} INFO - Setting next_dagrun for example_xcom to 2021-01-01T00:00:00+00:00, run_after=2021-01-01T00:00:00+00:00
[2022-07-30 20:31:06,221] {processor.py:161} INFO - Processing /home/airflow/.local/lib/python3.7/site-packages/airflow/example_dags/example_xcom.py took 0.091 seconds
[2022-07-30 20:31:36,482] {processor.py:153} INFO - Started process (PID=2088) to work on /home/airflow/.local/lib/python3.7/site-packages/airflow/example_dags/example_xcom.py
[2022-07-30 20:31:36,483] {processor.py:641} INFO - Processing file /home/airflow/.local/lib/python3.7/site-packages/airflow/example_dags/example_xcom.py for tasks to queue
[2022-07-30 20:31:36,484] {logging_mixin.py:115} INFO - [2022-07-30 20:31:36,484] {dagbag.py:508} INFO - Filling up the DagBag from /home/airflow/.local/lib/python3.7/site-packages/airflow/example_dags/example_xcom.py
[2022-07-30 20:31:36,505] {processor.py:651} INFO - DAG(s) dict_keys(['example_xcom']) retrieved from /home/airflow/.local/lib/python3.7/site-packages/airflow/example_dags/example_xcom.py
[2022-07-30 20:31:36,536] {logging_mixin.py:115} INFO - [2022-07-30 20:31:36,536] {dag.py:2420} INFO - Sync 1 DAGs
[2022-07-30 20:31:36,565] {logging_mixin.py:115} INFO - [2022-07-30 20:31:36,565] {dag.py:2972} INFO - Setting next_dagrun for example_xcom to 2021-01-01T00:00:00+00:00, run_after=2021-01-01T00:00:00+00:00
[2022-07-30 20:31:36,582] {processor.py:161} INFO - Processing /home/airflow/.local/lib/python3.7/site-packages/airflow/example_dags/example_xcom.py took 0.104 seconds
[2022-07-30 20:32:06,805] {processor.py:153} INFO - Started process (PID=2282) to work on /home/airflow/.local/lib/python3.7/site-packages/airflow/example_dags/example_xcom.py
[2022-07-30 20:32:06,806] {processor.py:641} INFO - Processing file /home/airflow/.local/lib/python3.7/site-packages/airflow/example_dags/example_xcom.py for tasks to queue
[2022-07-30 20:32:06,807] {logging_mixin.py:115} INFO - [2022-07-30 20:32:06,807] {dagbag.py:508} INFO - Filling up the DagBag from /home/airflow/.local/lib/python3.7/site-packages/airflow/example_dags/example_xcom.py
[2022-07-30 20:32:06,827] {processor.py:651} INFO - DAG(s) dict_keys(['example_xcom']) retrieved from /home/airflow/.local/lib/python3.7/site-packages/airflow/example_dags/example_xcom.py
[2022-07-30 20:32:06,881] {logging_mixin.py:115} INFO - [2022-07-30 20:32:06,880] {dag.py:2420} INFO - Sync 1 DAGs
[2022-07-30 20:32:06,918] {logging_mixin.py:115} INFO - [2022-07-30 20:32:06,918] {dag.py:2972} INFO - Setting next_dagrun for example_xcom to 2021-01-01T00:00:00+00:00, run_after=2021-01-01T00:00:00+00:00
[2022-07-30 20:32:06,942] {processor.py:161} INFO - Processing /home/airflow/.local/lib/python3.7/site-packages/airflow/example_dags/example_xcom.py took 0.141 seconds
[2022-07-30 20:32:37,425] {processor.py:153} INFO - Started process (PID=2486) to work on /home/airflow/.local/lib/python3.7/site-packages/airflow/example_dags/example_xcom.py
[2022-07-30 20:32:37,426] {processor.py:641} INFO - Processing file /home/airflow/.local/lib/python3.7/site-packages/airflow/example_dags/example_xcom.py for tasks to queue
[2022-07-30 20:32:37,427] {logging_mixin.py:115} INFO - [2022-07-30 20:32:37,427] {dagbag.py:508} INFO - Filling up the DagBag from /home/airflow/.local/lib/python3.7/site-packages/airflow/example_dags/example_xcom.py
[2022-07-30 20:32:37,455] {processor.py:651} INFO - DAG(s) dict_keys(['example_xcom']) retrieved from /home/airflow/.local/lib/python3.7/site-packages/airflow/example_dags/example_xcom.py
[2022-07-30 20:32:37,497] {logging_mixin.py:115} INFO - [2022-07-30 20:32:37,496] {dag.py:2420} INFO - Sync 1 DAGs
[2022-07-30 20:32:37,530] {logging_mixin.py:115} INFO - [2022-07-30 20:32:37,530] {dag.py:2972} INFO - Setting next_dagrun for example_xcom to 2021-01-01T00:00:00+00:00, run_after=2021-01-01T00:00:00+00:00
[2022-07-30 20:32:37,553] {processor.py:161} INFO - Processing /home/airflow/.local/lib/python3.7/site-packages/airflow/example_dags/example_xcom.py took 0.133 seconds
[2022-07-30 20:33:07,725] {processor.py:153} INFO - Started process (PID=2680) to work on /home/airflow/.local/lib/python3.7/site-packages/airflow/example_dags/example_xcom.py
[2022-07-30 20:33:07,726] {processor.py:641} INFO - Processing file /home/airflow/.local/lib/python3.7/site-packages/airflow/example_dags/example_xcom.py for tasks to queue
[2022-07-30 20:33:07,727] {logging_mixin.py:115} INFO - [2022-07-30 20:33:07,727] {dagbag.py:508} INFO - Filling up the DagBag from /home/airflow/.local/lib/python3.7/site-packages/airflow/example_dags/example_xcom.py
[2022-07-30 20:33:07,750] {processor.py:651} INFO - DAG(s) dict_keys(['example_xcom']) retrieved from /home/airflow/.local/lib/python3.7/site-packages/airflow/example_dags/example_xcom.py
[2022-07-30 20:33:07,784] {logging_mixin.py:115} INFO - [2022-07-30 20:33:07,784] {dag.py:2420} INFO - Sync 1 DAGs
[2022-07-30 20:33:07,810] {logging_mixin.py:115} INFO - [2022-07-30 20:33:07,810] {dag.py:2972} INFO - Setting next_dagrun for example_xcom to 2021-01-01T00:00:00+00:00, run_after=2021-01-01T00:00:00+00:00
[2022-07-30 20:33:07,829] {processor.py:161} INFO - Processing /home/airflow/.local/lib/python3.7/site-packages/airflow/example_dags/example_xcom.py took 0.107 seconds
[2022-07-30 20:33:38,104] {processor.py:153} INFO - Started process (PID=2883) to work on /home/airflow/.local/lib/python3.7/site-packages/airflow/example_dags/example_xcom.py
[2022-07-30 20:33:38,105] {processor.py:641} INFO - Processing file /home/airflow/.local/lib/python3.7/site-packages/airflow/example_dags/example_xcom.py for tasks to queue
[2022-07-30 20:33:38,105] {logging_mixin.py:115} INFO - [2022-07-30 20:33:38,105] {dagbag.py:508} INFO - Filling up the DagBag from /home/airflow/.local/lib/python3.7/site-packages/airflow/example_dags/example_xcom.py
[2022-07-30 20:33:38,132] {processor.py:651} INFO - DAG(s) dict_keys(['example_xcom']) retrieved from /home/airflow/.local/lib/python3.7/site-packages/airflow/example_dags/example_xcom.py
[2022-07-30 20:33:38,166] {logging_mixin.py:115} INFO - [2022-07-30 20:33:38,166] {dag.py:2420} INFO - Sync 1 DAGs
[2022-07-30 20:33:38,199] {logging_mixin.py:115} INFO - [2022-07-30 20:33:38,199] {dag.py:2972} INFO - Setting next_dagrun for example_xcom to 2021-01-01T00:00:00+00:00, run_after=2021-01-01T00:00:00+00:00
[2022-07-30 20:33:38,219] {processor.py:161} INFO - Processing /home/airflow/.local/lib/python3.7/site-packages/airflow/example_dags/example_xcom.py took 0.119 seconds
[2022-07-30 20:34:08,470] {processor.py:153} INFO - Started process (PID=3077) to work on /home/airflow/.local/lib/python3.7/site-packages/airflow/example_dags/example_xcom.py
[2022-07-30 20:34:08,471] {processor.py:641} INFO - Processing file /home/airflow/.local/lib/python3.7/site-packages/airflow/example_dags/example_xcom.py for tasks to queue
[2022-07-30 20:34:08,471] {logging_mixin.py:115} INFO - [2022-07-30 20:34:08,471] {dagbag.py:508} INFO - Filling up the DagBag from /home/airflow/.local/lib/python3.7/site-packages/airflow/example_dags/example_xcom.py
[2022-07-30 20:34:08,491] {processor.py:651} INFO - DAG(s) dict_keys(['example_xcom']) retrieved from /home/airflow/.local/lib/python3.7/site-packages/airflow/example_dags/example_xcom.py
[2022-07-30 20:34:08,526] {logging_mixin.py:115} INFO - [2022-07-30 20:34:08,525] {dag.py:2420} INFO - Sync 1 DAGs
[2022-07-30 20:34:08,555] {logging_mixin.py:115} INFO - [2022-07-30 20:34:08,555] {dag.py:2972} INFO - Setting next_dagrun for example_xcom to 2021-01-01T00:00:00+00:00, run_after=2021-01-01T00:00:00+00:00
[2022-07-30 20:34:08,574] {processor.py:161} INFO - Processing /home/airflow/.local/lib/python3.7/site-packages/airflow/example_dags/example_xcom.py took 0.108 seconds
