[2022-07-19 03:50:08,287] {taskinstance.py:1179} INFO - Dependencies all met for <TaskInstance: csv_dag.model_dag manual__2022-07-19T03:50:03.895191+00:00 [queued]>
[2022-07-19 03:50:08,302] {taskinstance.py:1179} INFO - Dependencies all met for <TaskInstance: csv_dag.model_dag manual__2022-07-19T03:50:03.895191+00:00 [queued]>
[2022-07-19 03:50:08,302] {taskinstance.py:1376} INFO - 
--------------------------------------------------------------------------------
[2022-07-19 03:50:08,303] {taskinstance.py:1377} INFO - Starting attempt 1 of 2
[2022-07-19 03:50:08,303] {taskinstance.py:1378} INFO - 
--------------------------------------------------------------------------------
[2022-07-19 03:50:08,327] {taskinstance.py:1397} INFO - Executing <Task(PythonOperator): model_dag> on 2022-07-19 03:50:03.895191+00:00
[2022-07-19 03:50:08,333] {standard_task_runner.py:52} INFO - Started process 27594 to run task
[2022-07-19 03:50:08,338] {standard_task_runner.py:79} INFO - Running: ['***', 'tasks', 'run', 'csv_dag', 'model_dag', 'manual__2022-07-19T03:50:03.895191+00:00', '--job-id', '24', '--raw', '--subdir', 'DAGS_FOLDER/testDag.py', '--cfg-path', '/tmp/tmpf1jqa9w8', '--error-file', '/tmp/tmp2mxvhfn9']
[2022-07-19 03:50:08,339] {standard_task_runner.py:80} INFO - Job 24: Subtask model_dag
[2022-07-19 03:50:08,427] {task_command.py:371} INFO - Running <TaskInstance: csv_dag.model_dag manual__2022-07-19T03:50:03.895191+00:00 [running]> on host 36e1df4dd6ce
[2022-07-19 03:50:08,529] {taskinstance.py:1591} INFO - Exporting the following env vars:
AIRFLOW_CTX_DAG_OWNER=***
AIRFLOW_CTX_DAG_ID=csv_dag
AIRFLOW_CTX_TASK_ID=model_dag
AIRFLOW_CTX_EXECUTION_DATE=2022-07-19T03:50:03.895191+00:00
AIRFLOW_CTX_TRY_NUMBER=1
AIRFLOW_CTX_DAG_RUN_ID=manual__2022-07-19T03:50:03.895191+00:00
[2022-07-19 03:50:51,616] {python.py:173} INFO - Done. Returned value was: None
[2022-07-19 03:50:51,632] {taskinstance.py:1420} INFO - Marking task as SUCCESS. dag_id=csv_dag, task_id=model_dag, execution_date=20220719T035003, start_date=20220719T035008, end_date=20220719T035051
[2022-07-19 03:50:51,667] {local_task_job.py:156} INFO - Task exited with return code 0
[2022-07-19 03:50:51,712] {local_task_job.py:273} INFO - 0 downstream tasks scheduled from follow-on schedule check
