[2022-10-13T03:46:41.153+0000] {processor.py:156} INFO - Started process (PID=205) to work on /home/airflow/.local/lib/python3.7/site-packages/airflow/example_dags/example_kubernetes_executor.py
[2022-10-13T03:46:41.154+0000] {processor.py:758} INFO - Processing file /home/airflow/.local/lib/python3.7/site-packages/airflow/example_dags/example_kubernetes_executor.py for tasks to queue
[2022-10-13T03:46:41.155+0000] {logging_mixin.py:117} INFO - [2022-10-13T03:46:41.155+0000] {dagbag.py:525} INFO - Filling up the DagBag from /home/airflow/.local/lib/python3.7/site-packages/airflow/example_dags/example_kubernetes_executor.py
[2022-10-13T03:46:41.183+0000] {processor.py:768} INFO - DAG(s) dict_keys(['example_kubernetes_executor']) retrieved from /home/airflow/.local/lib/python3.7/site-packages/airflow/example_dags/example_kubernetes_executor.py
[2022-10-13T03:46:41.201+0000] {logging_mixin.py:117} INFO - [2022-10-13T03:46:41.201+0000] {dag.py:2573} INFO - Sync 1 DAGs
[2022-10-13T03:46:41.221+0000] {logging_mixin.py:117} INFO - [2022-10-13T03:46:41.221+0000] {dag.py:3328} INFO - Setting next_dagrun for example_kubernetes_executor to None, run_after=None
[2022-10-13T03:46:41.237+0000] {processor.py:178} INFO - Processing /home/airflow/.local/lib/python3.7/site-packages/airflow/example_dags/example_kubernetes_executor.py took 0.086 seconds
[2022-10-13T03:47:11.842+0000] {processor.py:156} INFO - Started process (PID=422) to work on /home/airflow/.local/lib/python3.7/site-packages/airflow/example_dags/example_kubernetes_executor.py
[2022-10-13T03:47:11.842+0000] {processor.py:758} INFO - Processing file /home/airflow/.local/lib/python3.7/site-packages/airflow/example_dags/example_kubernetes_executor.py for tasks to queue
[2022-10-13T03:47:11.843+0000] {logging_mixin.py:117} INFO - [2022-10-13T03:47:11.843+0000] {dagbag.py:525} INFO - Filling up the DagBag from /home/airflow/.local/lib/python3.7/site-packages/airflow/example_dags/example_kubernetes_executor.py
[2022-10-13T03:47:11.867+0000] {processor.py:768} INFO - DAG(s) dict_keys(['example_kubernetes_executor']) retrieved from /home/airflow/.local/lib/python3.7/site-packages/airflow/example_dags/example_kubernetes_executor.py
[2022-10-13T03:47:11.902+0000] {logging_mixin.py:117} INFO - [2022-10-13T03:47:11.902+0000] {dag.py:2573} INFO - Sync 1 DAGs
[2022-10-13T03:47:12.055+0000] {logging_mixin.py:117} INFO - [2022-10-13T03:47:12.055+0000] {dag.py:3328} INFO - Setting next_dagrun for example_kubernetes_executor to None, run_after=None
[2022-10-13T03:47:12.075+0000] {processor.py:178} INFO - Processing /home/airflow/.local/lib/python3.7/site-packages/airflow/example_dags/example_kubernetes_executor.py took 0.235 seconds
[2022-10-13T03:47:42.648+0000] {processor.py:156} INFO - Started process (PID=642) to work on /home/airflow/.local/lib/python3.7/site-packages/airflow/example_dags/example_kubernetes_executor.py
[2022-10-13T03:47:42.648+0000] {processor.py:758} INFO - Processing file /home/airflow/.local/lib/python3.7/site-packages/airflow/example_dags/example_kubernetes_executor.py for tasks to queue
[2022-10-13T03:47:42.649+0000] {logging_mixin.py:117} INFO - [2022-10-13T03:47:42.649+0000] {dagbag.py:525} INFO - Filling up the DagBag from /home/airflow/.local/lib/python3.7/site-packages/airflow/example_dags/example_kubernetes_executor.py
[2022-10-13T03:47:42.673+0000] {processor.py:768} INFO - DAG(s) dict_keys(['example_kubernetes_executor']) retrieved from /home/airflow/.local/lib/python3.7/site-packages/airflow/example_dags/example_kubernetes_executor.py
[2022-10-13T03:47:42.816+0000] {logging_mixin.py:117} INFO - [2022-10-13T03:47:42.816+0000] {dag.py:2573} INFO - Sync 1 DAGs
[2022-10-13T03:47:42.836+0000] {logging_mixin.py:117} INFO - [2022-10-13T03:47:42.836+0000] {dag.py:3328} INFO - Setting next_dagrun for example_kubernetes_executor to None, run_after=None
[2022-10-13T03:47:42.853+0000] {processor.py:178} INFO - Processing /home/airflow/.local/lib/python3.7/site-packages/airflow/example_dags/example_kubernetes_executor.py took 0.208 seconds
[2022-10-13T03:48:13.791+0000] {processor.py:156} INFO - Started process (PID=861) to work on /home/airflow/.local/lib/python3.7/site-packages/airflow/example_dags/example_kubernetes_executor.py
[2022-10-13T03:48:13.792+0000] {processor.py:758} INFO - Processing file /home/airflow/.local/lib/python3.7/site-packages/airflow/example_dags/example_kubernetes_executor.py for tasks to queue
[2022-10-13T03:48:13.793+0000] {logging_mixin.py:117} INFO - [2022-10-13T03:48:13.793+0000] {dagbag.py:525} INFO - Filling up the DagBag from /home/airflow/.local/lib/python3.7/site-packages/airflow/example_dags/example_kubernetes_executor.py
[2022-10-13T03:48:13.819+0000] {processor.py:768} INFO - DAG(s) dict_keys(['example_kubernetes_executor']) retrieved from /home/airflow/.local/lib/python3.7/site-packages/airflow/example_dags/example_kubernetes_executor.py
[2022-10-13T03:48:13.987+0000] {logging_mixin.py:117} INFO - [2022-10-13T03:48:13.986+0000] {dag.py:2573} INFO - Sync 1 DAGs
[2022-10-13T03:48:14.007+0000] {logging_mixin.py:117} INFO - [2022-10-13T03:48:14.007+0000] {dag.py:3328} INFO - Setting next_dagrun for example_kubernetes_executor to None, run_after=None
[2022-10-13T03:48:14.031+0000] {processor.py:178} INFO - Processing /home/airflow/.local/lib/python3.7/site-packages/airflow/example_dags/example_kubernetes_executor.py took 0.242 seconds
[2022-10-13T03:48:44.537+0000] {processor.py:156} INFO - Started process (PID=1071) to work on /home/airflow/.local/lib/python3.7/site-packages/airflow/example_dags/example_kubernetes_executor.py
[2022-10-13T03:48:44.537+0000] {processor.py:758} INFO - Processing file /home/airflow/.local/lib/python3.7/site-packages/airflow/example_dags/example_kubernetes_executor.py for tasks to queue
[2022-10-13T03:48:44.538+0000] {logging_mixin.py:117} INFO - [2022-10-13T03:48:44.538+0000] {dagbag.py:525} INFO - Filling up the DagBag from /home/airflow/.local/lib/python3.7/site-packages/airflow/example_dags/example_kubernetes_executor.py
[2022-10-13T03:48:44.665+0000] {processor.py:768} INFO - DAG(s) dict_keys(['example_kubernetes_executor']) retrieved from /home/airflow/.local/lib/python3.7/site-packages/airflow/example_dags/example_kubernetes_executor.py
[2022-10-13T03:48:44.694+0000] {logging_mixin.py:117} INFO - [2022-10-13T03:48:44.694+0000] {dag.py:2573} INFO - Sync 1 DAGs
[2022-10-13T03:48:44.715+0000] {logging_mixin.py:117} INFO - [2022-10-13T03:48:44.715+0000] {dag.py:3328} INFO - Setting next_dagrun for example_kubernetes_executor to None, run_after=None
[2022-10-13T03:48:44.731+0000] {processor.py:178} INFO - Processing /home/airflow/.local/lib/python3.7/site-packages/airflow/example_dags/example_kubernetes_executor.py took 0.196 seconds
[2022-10-13T03:49:15.398+0000] {processor.py:156} INFO - Started process (PID=1290) to work on /home/airflow/.local/lib/python3.7/site-packages/airflow/example_dags/example_kubernetes_executor.py
[2022-10-13T03:49:15.398+0000] {processor.py:758} INFO - Processing file /home/airflow/.local/lib/python3.7/site-packages/airflow/example_dags/example_kubernetes_executor.py for tasks to queue
[2022-10-13T03:49:15.399+0000] {logging_mixin.py:117} INFO - [2022-10-13T03:49:15.399+0000] {dagbag.py:525} INFO - Filling up the DagBag from /home/airflow/.local/lib/python3.7/site-packages/airflow/example_dags/example_kubernetes_executor.py
[2022-10-13T03:49:15.530+0000] {processor.py:768} INFO - DAG(s) dict_keys(['example_kubernetes_executor']) retrieved from /home/airflow/.local/lib/python3.7/site-packages/airflow/example_dags/example_kubernetes_executor.py
[2022-10-13T03:49:15.559+0000] {logging_mixin.py:117} INFO - [2022-10-13T03:49:15.559+0000] {dag.py:2573} INFO - Sync 1 DAGs
[2022-10-13T03:49:15.579+0000] {logging_mixin.py:117} INFO - [2022-10-13T03:49:15.579+0000] {dag.py:3328} INFO - Setting next_dagrun for example_kubernetes_executor to None, run_after=None
[2022-10-13T03:49:15.597+0000] {processor.py:178} INFO - Processing /home/airflow/.local/lib/python3.7/site-packages/airflow/example_dags/example_kubernetes_executor.py took 0.201 seconds
[2022-10-13T03:49:46.964+0000] {processor.py:156} INFO - Started process (PID=1511) to work on /home/airflow/.local/lib/python3.7/site-packages/airflow/example_dags/example_kubernetes_executor.py
[2022-10-13T03:49:46.965+0000] {processor.py:758} INFO - Processing file /home/airflow/.local/lib/python3.7/site-packages/airflow/example_dags/example_kubernetes_executor.py for tasks to queue
[2022-10-13T03:49:46.966+0000] {logging_mixin.py:117} INFO - [2022-10-13T03:49:46.965+0000] {dagbag.py:525} INFO - Filling up the DagBag from /home/airflow/.local/lib/python3.7/site-packages/airflow/example_dags/example_kubernetes_executor.py
[2022-10-13T03:49:46.989+0000] {processor.py:768} INFO - DAG(s) dict_keys(['example_kubernetes_executor']) retrieved from /home/airflow/.local/lib/python3.7/site-packages/airflow/example_dags/example_kubernetes_executor.py
[2022-10-13T03:49:47.031+0000] {logging_mixin.py:117} INFO - [2022-10-13T03:49:47.031+0000] {dag.py:2573} INFO - Sync 1 DAGs
[2022-10-13T03:49:47.056+0000] {logging_mixin.py:117} INFO - [2022-10-13T03:49:47.056+0000] {dag.py:3328} INFO - Setting next_dagrun for example_kubernetes_executor to None, run_after=None
[2022-10-13T03:49:47.079+0000] {processor.py:178} INFO - Processing /home/airflow/.local/lib/python3.7/site-packages/airflow/example_dags/example_kubernetes_executor.py took 0.117 seconds
[2022-10-13T03:50:17.513+0000] {processor.py:156} INFO - Started process (PID=1719) to work on /home/airflow/.local/lib/python3.7/site-packages/airflow/example_dags/example_kubernetes_executor.py
[2022-10-13T03:50:17.513+0000] {processor.py:758} INFO - Processing file /home/airflow/.local/lib/python3.7/site-packages/airflow/example_dags/example_kubernetes_executor.py for tasks to queue
[2022-10-13T03:50:17.514+0000] {logging_mixin.py:117} INFO - [2022-10-13T03:50:17.514+0000] {dagbag.py:525} INFO - Filling up the DagBag from /home/airflow/.local/lib/python3.7/site-packages/airflow/example_dags/example_kubernetes_executor.py
[2022-10-13T03:50:17.538+0000] {processor.py:768} INFO - DAG(s) dict_keys(['example_kubernetes_executor']) retrieved from /home/airflow/.local/lib/python3.7/site-packages/airflow/example_dags/example_kubernetes_executor.py
[2022-10-13T03:50:17.568+0000] {logging_mixin.py:117} INFO - [2022-10-13T03:50:17.568+0000] {dag.py:2573} INFO - Sync 1 DAGs
[2022-10-13T03:50:17.588+0000] {logging_mixin.py:117} INFO - [2022-10-13T03:50:17.587+0000] {dag.py:3328} INFO - Setting next_dagrun for example_kubernetes_executor to None, run_after=None
[2022-10-13T03:50:17.604+0000] {processor.py:178} INFO - Processing /home/airflow/.local/lib/python3.7/site-packages/airflow/example_dags/example_kubernetes_executor.py took 0.093 seconds
[2022-10-13T03:50:47.910+0000] {processor.py:156} INFO - Started process (PID=1941) to work on /home/airflow/.local/lib/python3.7/site-packages/airflow/example_dags/example_kubernetes_executor.py
[2022-10-13T03:50:47.910+0000] {processor.py:758} INFO - Processing file /home/airflow/.local/lib/python3.7/site-packages/airflow/example_dags/example_kubernetes_executor.py for tasks to queue
[2022-10-13T03:50:47.911+0000] {logging_mixin.py:117} INFO - [2022-10-13T03:50:47.910+0000] {dagbag.py:525} INFO - Filling up the DagBag from /home/airflow/.local/lib/python3.7/site-packages/airflow/example_dags/example_kubernetes_executor.py
[2022-10-13T03:50:47.932+0000] {processor.py:768} INFO - DAG(s) dict_keys(['example_kubernetes_executor']) retrieved from /home/airflow/.local/lib/python3.7/site-packages/airflow/example_dags/example_kubernetes_executor.py
[2022-10-13T03:50:47.962+0000] {logging_mixin.py:117} INFO - [2022-10-13T03:50:47.962+0000] {dag.py:2573} INFO - Sync 1 DAGs
[2022-10-13T03:50:47.983+0000] {logging_mixin.py:117} INFO - [2022-10-13T03:50:47.983+0000] {dag.py:3328} INFO - Setting next_dagrun for example_kubernetes_executor to None, run_after=None
[2022-10-13T03:50:47.998+0000] {processor.py:178} INFO - Processing /home/airflow/.local/lib/python3.7/site-packages/airflow/example_dags/example_kubernetes_executor.py took 0.090 seconds
[2022-10-13T03:51:18.716+0000] {processor.py:156} INFO - Started process (PID=2158) to work on /home/airflow/.local/lib/python3.7/site-packages/airflow/example_dags/example_kubernetes_executor.py
[2022-10-13T03:51:18.717+0000] {processor.py:758} INFO - Processing file /home/airflow/.local/lib/python3.7/site-packages/airflow/example_dags/example_kubernetes_executor.py for tasks to queue
[2022-10-13T03:51:18.718+0000] {logging_mixin.py:117} INFO - [2022-10-13T03:51:18.718+0000] {dagbag.py:525} INFO - Filling up the DagBag from /home/airflow/.local/lib/python3.7/site-packages/airflow/example_dags/example_kubernetes_executor.py
[2022-10-13T03:51:18.743+0000] {processor.py:768} INFO - DAG(s) dict_keys(['example_kubernetes_executor']) retrieved from /home/airflow/.local/lib/python3.7/site-packages/airflow/example_dags/example_kubernetes_executor.py
[2022-10-13T03:51:18.775+0000] {logging_mixin.py:117} INFO - [2022-10-13T03:51:18.774+0000] {dag.py:2573} INFO - Sync 1 DAGs
[2022-10-13T03:51:18.795+0000] {logging_mixin.py:117} INFO - [2022-10-13T03:51:18.795+0000] {dag.py:3328} INFO - Setting next_dagrun for example_kubernetes_executor to None, run_after=None
[2022-10-13T03:51:18.811+0000] {processor.py:178} INFO - Processing /home/airflow/.local/lib/python3.7/site-packages/airflow/example_dags/example_kubernetes_executor.py took 0.096 seconds
[2022-10-13T03:51:49.641+0000] {processor.py:156} INFO - Started process (PID=2377) to work on /home/airflow/.local/lib/python3.7/site-packages/airflow/example_dags/example_kubernetes_executor.py
[2022-10-13T03:51:49.642+0000] {processor.py:758} INFO - Processing file /home/airflow/.local/lib/python3.7/site-packages/airflow/example_dags/example_kubernetes_executor.py for tasks to queue
[2022-10-13T03:51:49.643+0000] {logging_mixin.py:117} INFO - [2022-10-13T03:51:49.643+0000] {dagbag.py:525} INFO - Filling up the DagBag from /home/airflow/.local/lib/python3.7/site-packages/airflow/example_dags/example_kubernetes_executor.py
[2022-10-13T03:51:49.668+0000] {processor.py:768} INFO - DAG(s) dict_keys(['example_kubernetes_executor']) retrieved from /home/airflow/.local/lib/python3.7/site-packages/airflow/example_dags/example_kubernetes_executor.py
[2022-10-13T03:51:49.704+0000] {logging_mixin.py:117} INFO - [2022-10-13T03:51:49.703+0000] {dag.py:2573} INFO - Sync 1 DAGs
[2022-10-13T03:51:49.726+0000] {logging_mixin.py:117} INFO - [2022-10-13T03:51:49.725+0000] {dag.py:3328} INFO - Setting next_dagrun for example_kubernetes_executor to None, run_after=None
[2022-10-13T03:51:49.744+0000] {processor.py:178} INFO - Processing /home/airflow/.local/lib/python3.7/site-packages/airflow/example_dags/example_kubernetes_executor.py took 0.106 seconds
[2022-10-13T03:52:20.456+0000] {processor.py:156} INFO - Started process (PID=2587) to work on /home/airflow/.local/lib/python3.7/site-packages/airflow/example_dags/example_kubernetes_executor.py
[2022-10-13T03:52:20.457+0000] {processor.py:758} INFO - Processing file /home/airflow/.local/lib/python3.7/site-packages/airflow/example_dags/example_kubernetes_executor.py for tasks to queue
[2022-10-13T03:52:20.458+0000] {logging_mixin.py:117} INFO - [2022-10-13T03:52:20.458+0000] {dagbag.py:525} INFO - Filling up the DagBag from /home/airflow/.local/lib/python3.7/site-packages/airflow/example_dags/example_kubernetes_executor.py
[2022-10-13T03:52:20.483+0000] {processor.py:768} INFO - DAG(s) dict_keys(['example_kubernetes_executor']) retrieved from /home/airflow/.local/lib/python3.7/site-packages/airflow/example_dags/example_kubernetes_executor.py
[2022-10-13T03:52:20.616+0000] {logging_mixin.py:117} INFO - [2022-10-13T03:52:20.616+0000] {dag.py:2573} INFO - Sync 1 DAGs
[2022-10-13T03:52:20.637+0000] {logging_mixin.py:117} INFO - [2022-10-13T03:52:20.637+0000] {dag.py:3328} INFO - Setting next_dagrun for example_kubernetes_executor to None, run_after=None
[2022-10-13T03:52:20.655+0000] {processor.py:178} INFO - Processing /home/airflow/.local/lib/python3.7/site-packages/airflow/example_dags/example_kubernetes_executor.py took 0.201 seconds
[2022-10-13T03:52:51.504+0000] {processor.py:156} INFO - Started process (PID=2808) to work on /home/airflow/.local/lib/python3.7/site-packages/airflow/example_dags/example_kubernetes_executor.py
[2022-10-13T03:52:51.505+0000] {processor.py:758} INFO - Processing file /home/airflow/.local/lib/python3.7/site-packages/airflow/example_dags/example_kubernetes_executor.py for tasks to queue
[2022-10-13T03:52:51.506+0000] {logging_mixin.py:117} INFO - [2022-10-13T03:52:51.505+0000] {dagbag.py:525} INFO - Filling up the DagBag from /home/airflow/.local/lib/python3.7/site-packages/airflow/example_dags/example_kubernetes_executor.py
[2022-10-13T03:52:51.530+0000] {processor.py:768} INFO - DAG(s) dict_keys(['example_kubernetes_executor']) retrieved from /home/airflow/.local/lib/python3.7/site-packages/airflow/example_dags/example_kubernetes_executor.py
[2022-10-13T03:52:51.565+0000] {logging_mixin.py:117} INFO - [2022-10-13T03:52:51.564+0000] {dag.py:2573} INFO - Sync 1 DAGs
[2022-10-13T03:52:51.586+0000] {logging_mixin.py:117} INFO - [2022-10-13T03:52:51.586+0000] {dag.py:3328} INFO - Setting next_dagrun for example_kubernetes_executor to None, run_after=None
[2022-10-13T03:52:51.603+0000] {processor.py:178} INFO - Processing /home/airflow/.local/lib/python3.7/site-packages/airflow/example_dags/example_kubernetes_executor.py took 0.102 seconds
[2022-10-13T03:53:22.447+0000] {processor.py:156} INFO - Started process (PID=3025) to work on /home/airflow/.local/lib/python3.7/site-packages/airflow/example_dags/example_kubernetes_executor.py
[2022-10-13T03:53:22.448+0000] {processor.py:758} INFO - Processing file /home/airflow/.local/lib/python3.7/site-packages/airflow/example_dags/example_kubernetes_executor.py for tasks to queue
[2022-10-13T03:53:22.448+0000] {logging_mixin.py:117} INFO - [2022-10-13T03:53:22.448+0000] {dagbag.py:525} INFO - Filling up the DagBag from /home/airflow/.local/lib/python3.7/site-packages/airflow/example_dags/example_kubernetes_executor.py
[2022-10-13T03:53:22.469+0000] {processor.py:768} INFO - DAG(s) dict_keys(['example_kubernetes_executor']) retrieved from /home/airflow/.local/lib/python3.7/site-packages/airflow/example_dags/example_kubernetes_executor.py
[2022-10-13T03:53:22.501+0000] {logging_mixin.py:117} INFO - [2022-10-13T03:53:22.500+0000] {dag.py:2573} INFO - Sync 1 DAGs
[2022-10-13T03:53:22.521+0000] {logging_mixin.py:117} INFO - [2022-10-13T03:53:22.521+0000] {dag.py:3328} INFO - Setting next_dagrun for example_kubernetes_executor to None, run_after=None
[2022-10-13T03:53:22.538+0000] {processor.py:178} INFO - Processing /home/airflow/.local/lib/python3.7/site-packages/airflow/example_dags/example_kubernetes_executor.py took 0.093 seconds
[2022-10-13T03:53:53.070+0000] {processor.py:156} INFO - Started process (PID=3244) to work on /home/airflow/.local/lib/python3.7/site-packages/airflow/example_dags/example_kubernetes_executor.py
[2022-10-13T03:53:53.071+0000] {processor.py:758} INFO - Processing file /home/airflow/.local/lib/python3.7/site-packages/airflow/example_dags/example_kubernetes_executor.py for tasks to queue
[2022-10-13T03:53:53.072+0000] {logging_mixin.py:117} INFO - [2022-10-13T03:53:53.072+0000] {dagbag.py:525} INFO - Filling up the DagBag from /home/airflow/.local/lib/python3.7/site-packages/airflow/example_dags/example_kubernetes_executor.py
[2022-10-13T03:53:53.093+0000] {processor.py:768} INFO - DAG(s) dict_keys(['example_kubernetes_executor']) retrieved from /home/airflow/.local/lib/python3.7/site-packages/airflow/example_dags/example_kubernetes_executor.py
[2022-10-13T03:53:53.124+0000] {logging_mixin.py:117} INFO - [2022-10-13T03:53:53.124+0000] {dag.py:2573} INFO - Sync 1 DAGs
[2022-10-13T03:53:53.143+0000] {logging_mixin.py:117} INFO - [2022-10-13T03:53:53.143+0000] {dag.py:3328} INFO - Setting next_dagrun for example_kubernetes_executor to None, run_after=None
[2022-10-13T03:53:53.162+0000] {processor.py:178} INFO - Processing /home/airflow/.local/lib/python3.7/site-packages/airflow/example_dags/example_kubernetes_executor.py took 0.094 seconds
[2022-10-13T03:54:23.844+0000] {processor.py:156} INFO - Started process (PID=3463) to work on /home/airflow/.local/lib/python3.7/site-packages/airflow/example_dags/example_kubernetes_executor.py
[2022-10-13T03:54:23.845+0000] {processor.py:758} INFO - Processing file /home/airflow/.local/lib/python3.7/site-packages/airflow/example_dags/example_kubernetes_executor.py for tasks to queue
[2022-10-13T03:54:23.846+0000] {logging_mixin.py:117} INFO - [2022-10-13T03:54:23.845+0000] {dagbag.py:525} INFO - Filling up the DagBag from /home/airflow/.local/lib/python3.7/site-packages/airflow/example_dags/example_kubernetes_executor.py
[2022-10-13T03:54:23.868+0000] {processor.py:768} INFO - DAG(s) dict_keys(['example_kubernetes_executor']) retrieved from /home/airflow/.local/lib/python3.7/site-packages/airflow/example_dags/example_kubernetes_executor.py
[2022-10-13T03:54:23.901+0000] {logging_mixin.py:117} INFO - [2022-10-13T03:54:23.900+0000] {dag.py:2573} INFO - Sync 1 DAGs
[2022-10-13T03:54:23.922+0000] {logging_mixin.py:117} INFO - [2022-10-13T03:54:23.921+0000] {dag.py:3328} INFO - Setting next_dagrun for example_kubernetes_executor to None, run_after=None
[2022-10-13T03:54:23.940+0000] {processor.py:178} INFO - Processing /home/airflow/.local/lib/python3.7/site-packages/airflow/example_dags/example_kubernetes_executor.py took 0.099 seconds
[2022-10-13T03:54:54.627+0000] {processor.py:156} INFO - Started process (PID=3673) to work on /home/airflow/.local/lib/python3.7/site-packages/airflow/example_dags/example_kubernetes_executor.py
[2022-10-13T03:54:54.628+0000] {processor.py:758} INFO - Processing file /home/airflow/.local/lib/python3.7/site-packages/airflow/example_dags/example_kubernetes_executor.py for tasks to queue
[2022-10-13T03:54:54.628+0000] {logging_mixin.py:117} INFO - [2022-10-13T03:54:54.628+0000] {dagbag.py:525} INFO - Filling up the DagBag from /home/airflow/.local/lib/python3.7/site-packages/airflow/example_dags/example_kubernetes_executor.py
[2022-10-13T03:54:54.654+0000] {processor.py:768} INFO - DAG(s) dict_keys(['example_kubernetes_executor']) retrieved from /home/airflow/.local/lib/python3.7/site-packages/airflow/example_dags/example_kubernetes_executor.py
[2022-10-13T03:54:54.687+0000] {logging_mixin.py:117} INFO - [2022-10-13T03:54:54.687+0000] {dag.py:2573} INFO - Sync 1 DAGs
[2022-10-13T03:54:54.708+0000] {logging_mixin.py:117} INFO - [2022-10-13T03:54:54.708+0000] {dag.py:3328} INFO - Setting next_dagrun for example_kubernetes_executor to None, run_after=None
[2022-10-13T03:54:54.724+0000] {processor.py:178} INFO - Processing /home/airflow/.local/lib/python3.7/site-packages/airflow/example_dags/example_kubernetes_executor.py took 0.100 seconds
[2022-10-13T03:55:25.394+0000] {processor.py:156} INFO - Started process (PID=3892) to work on /home/airflow/.local/lib/python3.7/site-packages/airflow/example_dags/example_kubernetes_executor.py
[2022-10-13T03:55:25.395+0000] {processor.py:758} INFO - Processing file /home/airflow/.local/lib/python3.7/site-packages/airflow/example_dags/example_kubernetes_executor.py for tasks to queue
[2022-10-13T03:55:25.396+0000] {logging_mixin.py:117} INFO - [2022-10-13T03:55:25.395+0000] {dagbag.py:525} INFO - Filling up the DagBag from /home/airflow/.local/lib/python3.7/site-packages/airflow/example_dags/example_kubernetes_executor.py
[2022-10-13T03:55:25.422+0000] {processor.py:768} INFO - DAG(s) dict_keys(['example_kubernetes_executor']) retrieved from /home/airflow/.local/lib/python3.7/site-packages/airflow/example_dags/example_kubernetes_executor.py
[2022-10-13T03:55:25.459+0000] {logging_mixin.py:117} INFO - [2022-10-13T03:55:25.458+0000] {dag.py:2573} INFO - Sync 1 DAGs
[2022-10-13T03:55:25.482+0000] {logging_mixin.py:117} INFO - [2022-10-13T03:55:25.482+0000] {dag.py:3328} INFO - Setting next_dagrun for example_kubernetes_executor to None, run_after=None
[2022-10-13T03:55:25.505+0000] {processor.py:178} INFO - Processing /home/airflow/.local/lib/python3.7/site-packages/airflow/example_dags/example_kubernetes_executor.py took 0.112 seconds
[2022-10-13T03:55:56.084+0000] {processor.py:156} INFO - Started process (PID=4111) to work on /home/airflow/.local/lib/python3.7/site-packages/airflow/example_dags/example_kubernetes_executor.py
[2022-10-13T03:55:56.085+0000] {processor.py:758} INFO - Processing file /home/airflow/.local/lib/python3.7/site-packages/airflow/example_dags/example_kubernetes_executor.py for tasks to queue
[2022-10-13T03:55:56.085+0000] {logging_mixin.py:117} INFO - [2022-10-13T03:55:56.085+0000] {dagbag.py:525} INFO - Filling up the DagBag from /home/airflow/.local/lib/python3.7/site-packages/airflow/example_dags/example_kubernetes_executor.py
[2022-10-13T03:55:56.110+0000] {processor.py:768} INFO - DAG(s) dict_keys(['example_kubernetes_executor']) retrieved from /home/airflow/.local/lib/python3.7/site-packages/airflow/example_dags/example_kubernetes_executor.py
[2022-10-13T03:55:56.144+0000] {logging_mixin.py:117} INFO - [2022-10-13T03:55:56.144+0000] {dag.py:2573} INFO - Sync 1 DAGs
[2022-10-13T03:55:56.166+0000] {logging_mixin.py:117} INFO - [2022-10-13T03:55:56.166+0000] {dag.py:3328} INFO - Setting next_dagrun for example_kubernetes_executor to None, run_after=None
[2022-10-13T03:55:56.182+0000] {processor.py:178} INFO - Processing /home/airflow/.local/lib/python3.7/site-packages/airflow/example_dags/example_kubernetes_executor.py took 0.100 seconds
[2022-10-13T04:06:58.058+0000] {processor.py:156} INFO - Started process (PID=205) to work on /home/airflow/.local/lib/python3.7/site-packages/airflow/example_dags/example_kubernetes_executor.py
[2022-10-13T04:06:58.059+0000] {processor.py:758} INFO - Processing file /home/airflow/.local/lib/python3.7/site-packages/airflow/example_dags/example_kubernetes_executor.py for tasks to queue
[2022-10-13T04:06:58.059+0000] {logging_mixin.py:117} INFO - [2022-10-13T04:06:58.059+0000] {dagbag.py:525} INFO - Filling up the DagBag from /home/airflow/.local/lib/python3.7/site-packages/airflow/example_dags/example_kubernetes_executor.py
[2022-10-13T04:06:58.084+0000] {processor.py:768} INFO - DAG(s) dict_keys(['example_kubernetes_executor']) retrieved from /home/airflow/.local/lib/python3.7/site-packages/airflow/example_dags/example_kubernetes_executor.py
[2022-10-13T04:06:58.105+0000] {logging_mixin.py:117} INFO - [2022-10-13T04:06:58.105+0000] {dag.py:2573} INFO - Sync 1 DAGs
[2022-10-13T04:06:58.124+0000] {logging_mixin.py:117} INFO - [2022-10-13T04:06:58.124+0000] {dag.py:3328} INFO - Setting next_dagrun for example_kubernetes_executor to None, run_after=None
[2022-10-13T04:06:58.142+0000] {processor.py:178} INFO - Processing /home/airflow/.local/lib/python3.7/site-packages/airflow/example_dags/example_kubernetes_executor.py took 0.086 seconds
