[2022-10-13T03:46:42.214+0000] {processor.py:156} INFO - Started process (PID=293) to work on /home/airflow/.local/lib/python3.7/site-packages/airflow/example_dags/example_nested_branch_dag.py
[2022-10-13T03:46:42.214+0000] {processor.py:758} INFO - Processing file /home/airflow/.local/lib/python3.7/site-packages/airflow/example_dags/example_nested_branch_dag.py for tasks to queue
[2022-10-13T03:46:42.215+0000] {logging_mixin.py:117} INFO - [2022-10-13T03:46:42.215+0000] {dagbag.py:525} INFO - Filling up the DagBag from /home/airflow/.local/lib/python3.7/site-packages/airflow/example_dags/example_nested_branch_dag.py
[2022-10-13T03:46:42.238+0000] {processor.py:768} INFO - DAG(s) dict_keys(['example_nested_branch_dag']) retrieved from /home/airflow/.local/lib/python3.7/site-packages/airflow/example_dags/example_nested_branch_dag.py
[2022-10-13T03:46:42.258+0000] {logging_mixin.py:117} INFO - [2022-10-13T03:46:42.257+0000] {dag.py:2573} INFO - Sync 1 DAGs
[2022-10-13T03:46:42.280+0000] {logging_mixin.py:117} INFO - [2022-10-13T03:46:42.279+0000] {dag.py:3328} INFO - Setting next_dagrun for example_nested_branch_dag to 2022-10-12T00:00:00+00:00, run_after=2022-10-13T00:00:00+00:00
[2022-10-13T03:46:42.296+0000] {processor.py:178} INFO - Processing /home/airflow/.local/lib/python3.7/site-packages/airflow/example_dags/example_nested_branch_dag.py took 0.084 seconds
[2022-10-13T03:47:14.083+0000] {processor.py:156} INFO - Started process (PID=512) to work on /home/airflow/.local/lib/python3.7/site-packages/airflow/example_dags/example_nested_branch_dag.py
[2022-10-13T03:47:14.084+0000] {processor.py:758} INFO - Processing file /home/airflow/.local/lib/python3.7/site-packages/airflow/example_dags/example_nested_branch_dag.py for tasks to queue
[2022-10-13T03:47:14.085+0000] {logging_mixin.py:117} INFO - [2022-10-13T03:47:14.085+0000] {dagbag.py:525} INFO - Filling up the DagBag from /home/airflow/.local/lib/python3.7/site-packages/airflow/example_dags/example_nested_branch_dag.py
[2022-10-13T03:47:14.103+0000] {processor.py:768} INFO - DAG(s) dict_keys(['example_nested_branch_dag']) retrieved from /home/airflow/.local/lib/python3.7/site-packages/airflow/example_dags/example_nested_branch_dag.py
[2022-10-13T03:47:14.135+0000] {logging_mixin.py:117} INFO - [2022-10-13T03:47:14.135+0000] {dag.py:2573} INFO - Sync 1 DAGs
[2022-10-13T03:47:14.271+0000] {logging_mixin.py:117} INFO - [2022-10-13T03:47:14.271+0000] {dag.py:3328} INFO - Setting next_dagrun for example_nested_branch_dag to 2022-10-12T00:00:00+00:00, run_after=2022-10-13T00:00:00+00:00
[2022-10-13T03:47:14.287+0000] {processor.py:178} INFO - Processing /home/airflow/.local/lib/python3.7/site-packages/airflow/example_dags/example_nested_branch_dag.py took 0.206 seconds
[2022-10-13T03:47:45.428+0000] {processor.py:156} INFO - Started process (PID=732) to work on /home/airflow/.local/lib/python3.7/site-packages/airflow/example_dags/example_nested_branch_dag.py
[2022-10-13T03:47:45.429+0000] {processor.py:758} INFO - Processing file /home/airflow/.local/lib/python3.7/site-packages/airflow/example_dags/example_nested_branch_dag.py for tasks to queue
[2022-10-13T03:47:45.429+0000] {logging_mixin.py:117} INFO - [2022-10-13T03:47:45.429+0000] {dagbag.py:525} INFO - Filling up the DagBag from /home/airflow/.local/lib/python3.7/site-packages/airflow/example_dags/example_nested_branch_dag.py
[2022-10-13T03:47:45.448+0000] {processor.py:768} INFO - DAG(s) dict_keys(['example_nested_branch_dag']) retrieved from /home/airflow/.local/lib/python3.7/site-packages/airflow/example_dags/example_nested_branch_dag.py
[2022-10-13T03:47:45.604+0000] {logging_mixin.py:117} INFO - [2022-10-13T03:47:45.604+0000] {dag.py:2573} INFO - Sync 1 DAGs
[2022-10-13T03:47:45.625+0000] {logging_mixin.py:117} INFO - [2022-10-13T03:47:45.625+0000] {dag.py:3328} INFO - Setting next_dagrun for example_nested_branch_dag to 2022-10-12T00:00:00+00:00, run_after=2022-10-13T00:00:00+00:00
[2022-10-13T03:47:45.644+0000] {processor.py:178} INFO - Processing /home/airflow/.local/lib/python3.7/site-packages/airflow/example_dags/example_nested_branch_dag.py took 0.219 seconds
[2022-10-13T03:48:16.437+0000] {processor.py:156} INFO - Started process (PID=951) to work on /home/airflow/.local/lib/python3.7/site-packages/airflow/example_dags/example_nested_branch_dag.py
[2022-10-13T03:48:16.438+0000] {processor.py:758} INFO - Processing file /home/airflow/.local/lib/python3.7/site-packages/airflow/example_dags/example_nested_branch_dag.py for tasks to queue
[2022-10-13T03:48:16.439+0000] {logging_mixin.py:117} INFO - [2022-10-13T03:48:16.439+0000] {dagbag.py:525} INFO - Filling up the DagBag from /home/airflow/.local/lib/python3.7/site-packages/airflow/example_dags/example_nested_branch_dag.py
[2022-10-13T03:48:16.461+0000] {processor.py:768} INFO - DAG(s) dict_keys(['example_nested_branch_dag']) retrieved from /home/airflow/.local/lib/python3.7/site-packages/airflow/example_dags/example_nested_branch_dag.py
[2022-10-13T03:48:16.632+0000] {logging_mixin.py:117} INFO - [2022-10-13T03:48:16.631+0000] {dag.py:2573} INFO - Sync 1 DAGs
[2022-10-13T03:48:16.659+0000] {logging_mixin.py:117} INFO - [2022-10-13T03:48:16.658+0000] {dag.py:3328} INFO - Setting next_dagrun for example_nested_branch_dag to 2022-10-12T00:00:00+00:00, run_after=2022-10-13T00:00:00+00:00
[2022-10-13T03:48:16.681+0000] {processor.py:178} INFO - Processing /home/airflow/.local/lib/python3.7/site-packages/airflow/example_dags/example_nested_branch_dag.py took 0.248 seconds
[2022-10-13T03:48:46.825+0000] {processor.py:156} INFO - Started process (PID=1161) to work on /home/airflow/.local/lib/python3.7/site-packages/airflow/example_dags/example_nested_branch_dag.py
[2022-10-13T03:48:46.825+0000] {processor.py:758} INFO - Processing file /home/airflow/.local/lib/python3.7/site-packages/airflow/example_dags/example_nested_branch_dag.py for tasks to queue
[2022-10-13T03:48:46.826+0000] {logging_mixin.py:117} INFO - [2022-10-13T03:48:46.826+0000] {dagbag.py:525} INFO - Filling up the DagBag from /home/airflow/.local/lib/python3.7/site-packages/airflow/example_dags/example_nested_branch_dag.py
[2022-10-13T03:48:46.951+0000] {processor.py:768} INFO - DAG(s) dict_keys(['example_nested_branch_dag']) retrieved from /home/airflow/.local/lib/python3.7/site-packages/airflow/example_dags/example_nested_branch_dag.py
[2022-10-13T03:48:46.980+0000] {logging_mixin.py:117} INFO - [2022-10-13T03:48:46.980+0000] {dag.py:2573} INFO - Sync 1 DAGs
[2022-10-13T03:48:47.002+0000] {logging_mixin.py:117} INFO - [2022-10-13T03:48:47.002+0000] {dag.py:3328} INFO - Setting next_dagrun for example_nested_branch_dag to 2022-10-12T00:00:00+00:00, run_after=2022-10-13T00:00:00+00:00
[2022-10-13T03:48:47.019+0000] {processor.py:178} INFO - Processing /home/airflow/.local/lib/python3.7/site-packages/airflow/example_dags/example_nested_branch_dag.py took 0.197 seconds
[2022-10-13T03:49:17.822+0000] {processor.py:156} INFO - Started process (PID=1382) to work on /home/airflow/.local/lib/python3.7/site-packages/airflow/example_dags/example_nested_branch_dag.py
[2022-10-13T03:49:17.823+0000] {processor.py:758} INFO - Processing file /home/airflow/.local/lib/python3.7/site-packages/airflow/example_dags/example_nested_branch_dag.py for tasks to queue
[2022-10-13T03:49:17.823+0000] {logging_mixin.py:117} INFO - [2022-10-13T03:49:17.823+0000] {dagbag.py:525} INFO - Filling up the DagBag from /home/airflow/.local/lib/python3.7/site-packages/airflow/example_dags/example_nested_branch_dag.py
[2022-10-13T03:49:17.955+0000] {processor.py:768} INFO - DAG(s) dict_keys(['example_nested_branch_dag']) retrieved from /home/airflow/.local/lib/python3.7/site-packages/airflow/example_dags/example_nested_branch_dag.py
[2022-10-13T03:49:17.979+0000] {logging_mixin.py:117} INFO - [2022-10-13T03:49:17.979+0000] {dag.py:2573} INFO - Sync 1 DAGs
[2022-10-13T03:49:18.001+0000] {logging_mixin.py:117} INFO - [2022-10-13T03:49:18.001+0000] {dag.py:3328} INFO - Setting next_dagrun for example_nested_branch_dag to 2022-10-12T00:00:00+00:00, run_after=2022-10-13T00:00:00+00:00
[2022-10-13T03:49:18.019+0000] {processor.py:178} INFO - Processing /home/airflow/.local/lib/python3.7/site-packages/airflow/example_dags/example_nested_branch_dag.py took 0.200 seconds
[2022-10-13T03:49:48.142+0000] {processor.py:156} INFO - Started process (PID=1599) to work on /home/airflow/.local/lib/python3.7/site-packages/airflow/example_dags/example_nested_branch_dag.py
[2022-10-13T03:49:48.143+0000] {processor.py:758} INFO - Processing file /home/airflow/.local/lib/python3.7/site-packages/airflow/example_dags/example_nested_branch_dag.py for tasks to queue
[2022-10-13T03:49:48.144+0000] {logging_mixin.py:117} INFO - [2022-10-13T03:49:48.144+0000] {dagbag.py:525} INFO - Filling up the DagBag from /home/airflow/.local/lib/python3.7/site-packages/airflow/example_dags/example_nested_branch_dag.py
[2022-10-13T03:49:48.174+0000] {processor.py:768} INFO - DAG(s) dict_keys(['example_nested_branch_dag']) retrieved from /home/airflow/.local/lib/python3.7/site-packages/airflow/example_dags/example_nested_branch_dag.py
[2022-10-13T03:49:48.227+0000] {logging_mixin.py:117} INFO - [2022-10-13T03:49:48.227+0000] {dag.py:2573} INFO - Sync 1 DAGs
[2022-10-13T03:49:48.268+0000] {logging_mixin.py:117} INFO - [2022-10-13T03:49:48.268+0000] {dag.py:3328} INFO - Setting next_dagrun for example_nested_branch_dag to 2022-10-12T00:00:00+00:00, run_after=2022-10-13T00:00:00+00:00
[2022-10-13T03:49:48.302+0000] {processor.py:178} INFO - Processing /home/airflow/.local/lib/python3.7/site-packages/airflow/example_dags/example_nested_branch_dag.py took 0.163 seconds
[2022-10-13T03:50:18.811+0000] {processor.py:156} INFO - Started process (PID=1821) to work on /home/airflow/.local/lib/python3.7/site-packages/airflow/example_dags/example_nested_branch_dag.py
[2022-10-13T03:50:18.812+0000] {processor.py:758} INFO - Processing file /home/airflow/.local/lib/python3.7/site-packages/airflow/example_dags/example_nested_branch_dag.py for tasks to queue
[2022-10-13T03:50:18.813+0000] {logging_mixin.py:117} INFO - [2022-10-13T03:50:18.813+0000] {dagbag.py:525} INFO - Filling up the DagBag from /home/airflow/.local/lib/python3.7/site-packages/airflow/example_dags/example_nested_branch_dag.py
[2022-10-13T03:50:18.833+0000] {processor.py:768} INFO - DAG(s) dict_keys(['example_nested_branch_dag']) retrieved from /home/airflow/.local/lib/python3.7/site-packages/airflow/example_dags/example_nested_branch_dag.py
[2022-10-13T03:50:18.870+0000] {logging_mixin.py:117} INFO - [2022-10-13T03:50:18.870+0000] {dag.py:2573} INFO - Sync 1 DAGs
[2022-10-13T03:50:18.894+0000] {logging_mixin.py:117} INFO - [2022-10-13T03:50:18.893+0000] {dag.py:3328} INFO - Setting next_dagrun for example_nested_branch_dag to 2022-10-12T00:00:00+00:00, run_after=2022-10-13T00:00:00+00:00
[2022-10-13T03:50:18.912+0000] {processor.py:178} INFO - Processing /home/airflow/.local/lib/python3.7/site-packages/airflow/example_dags/example_nested_branch_dag.py took 0.103 seconds
[2022-10-13T03:50:48.946+0000] {processor.py:156} INFO - Started process (PID=2029) to work on /home/airflow/.local/lib/python3.7/site-packages/airflow/example_dags/example_nested_branch_dag.py
[2022-10-13T03:50:48.947+0000] {processor.py:758} INFO - Processing file /home/airflow/.local/lib/python3.7/site-packages/airflow/example_dags/example_nested_branch_dag.py for tasks to queue
[2022-10-13T03:50:48.947+0000] {logging_mixin.py:117} INFO - [2022-10-13T03:50:48.947+0000] {dagbag.py:525} INFO - Filling up the DagBag from /home/airflow/.local/lib/python3.7/site-packages/airflow/example_dags/example_nested_branch_dag.py
[2022-10-13T03:50:48.965+0000] {processor.py:768} INFO - DAG(s) dict_keys(['example_nested_branch_dag']) retrieved from /home/airflow/.local/lib/python3.7/site-packages/airflow/example_dags/example_nested_branch_dag.py
[2022-10-13T03:50:48.994+0000] {logging_mixin.py:117} INFO - [2022-10-13T03:50:48.994+0000] {dag.py:2573} INFO - Sync 1 DAGs
[2022-10-13T03:50:49.016+0000] {logging_mixin.py:117} INFO - [2022-10-13T03:50:49.016+0000] {dag.py:3328} INFO - Setting next_dagrun for example_nested_branch_dag to 2022-10-12T00:00:00+00:00, run_after=2022-10-13T00:00:00+00:00
[2022-10-13T03:50:49.032+0000] {processor.py:178} INFO - Processing /home/airflow/.local/lib/python3.7/site-packages/airflow/example_dags/example_nested_branch_dag.py took 0.089 seconds
[2022-10-13T03:51:19.931+0000] {processor.py:156} INFO - Started process (PID=2248) to work on /home/airflow/.local/lib/python3.7/site-packages/airflow/example_dags/example_nested_branch_dag.py
[2022-10-13T03:51:19.932+0000] {processor.py:758} INFO - Processing file /home/airflow/.local/lib/python3.7/site-packages/airflow/example_dags/example_nested_branch_dag.py for tasks to queue
[2022-10-13T03:51:19.932+0000] {logging_mixin.py:117} INFO - [2022-10-13T03:51:19.932+0000] {dagbag.py:525} INFO - Filling up the DagBag from /home/airflow/.local/lib/python3.7/site-packages/airflow/example_dags/example_nested_branch_dag.py
[2022-10-13T03:51:19.950+0000] {processor.py:768} INFO - DAG(s) dict_keys(['example_nested_branch_dag']) retrieved from /home/airflow/.local/lib/python3.7/site-packages/airflow/example_dags/example_nested_branch_dag.py
[2022-10-13T03:51:19.978+0000] {logging_mixin.py:117} INFO - [2022-10-13T03:51:19.978+0000] {dag.py:2573} INFO - Sync 1 DAGs
[2022-10-13T03:51:19.998+0000] {logging_mixin.py:117} INFO - [2022-10-13T03:51:19.998+0000] {dag.py:3328} INFO - Setting next_dagrun for example_nested_branch_dag to 2022-10-12T00:00:00+00:00, run_after=2022-10-13T00:00:00+00:00
[2022-10-13T03:51:20.014+0000] {processor.py:178} INFO - Processing /home/airflow/.local/lib/python3.7/site-packages/airflow/example_dags/example_nested_branch_dag.py took 0.085 seconds
[2022-10-13T03:51:50.818+0000] {processor.py:156} INFO - Started process (PID=2469) to work on /home/airflow/.local/lib/python3.7/site-packages/airflow/example_dags/example_nested_branch_dag.py
[2022-10-13T03:51:50.819+0000] {processor.py:758} INFO - Processing file /home/airflow/.local/lib/python3.7/site-packages/airflow/example_dags/example_nested_branch_dag.py for tasks to queue
[2022-10-13T03:51:50.820+0000] {logging_mixin.py:117} INFO - [2022-10-13T03:51:50.820+0000] {dagbag.py:525} INFO - Filling up the DagBag from /home/airflow/.local/lib/python3.7/site-packages/airflow/example_dags/example_nested_branch_dag.py
[2022-10-13T03:51:50.840+0000] {processor.py:768} INFO - DAG(s) dict_keys(['example_nested_branch_dag']) retrieved from /home/airflow/.local/lib/python3.7/site-packages/airflow/example_dags/example_nested_branch_dag.py
[2022-10-13T03:51:50.873+0000] {logging_mixin.py:117} INFO - [2022-10-13T03:51:50.873+0000] {dag.py:2573} INFO - Sync 1 DAGs
[2022-10-13T03:51:50.896+0000] {logging_mixin.py:117} INFO - [2022-10-13T03:51:50.895+0000] {dag.py:3328} INFO - Setting next_dagrun for example_nested_branch_dag to 2022-10-12T00:00:00+00:00, run_after=2022-10-13T00:00:00+00:00
[2022-10-13T03:51:50.912+0000] {processor.py:178} INFO - Processing /home/airflow/.local/lib/python3.7/site-packages/airflow/example_dags/example_nested_branch_dag.py took 0.096 seconds
[2022-10-13T03:52:21.635+0000] {processor.py:156} INFO - Started process (PID=2686) to work on /home/airflow/.local/lib/python3.7/site-packages/airflow/example_dags/example_nested_branch_dag.py
[2022-10-13T03:52:21.636+0000] {processor.py:758} INFO - Processing file /home/airflow/.local/lib/python3.7/site-packages/airflow/example_dags/example_nested_branch_dag.py for tasks to queue
[2022-10-13T03:52:21.637+0000] {logging_mixin.py:117} INFO - [2022-10-13T03:52:21.637+0000] {dagbag.py:525} INFO - Filling up the DagBag from /home/airflow/.local/lib/python3.7/site-packages/airflow/example_dags/example_nested_branch_dag.py
[2022-10-13T03:52:21.656+0000] {processor.py:768} INFO - DAG(s) dict_keys(['example_nested_branch_dag']) retrieved from /home/airflow/.local/lib/python3.7/site-packages/airflow/example_dags/example_nested_branch_dag.py
[2022-10-13T03:52:21.690+0000] {logging_mixin.py:117} INFO - [2022-10-13T03:52:21.690+0000] {dag.py:2573} INFO - Sync 1 DAGs
[2022-10-13T03:52:21.713+0000] {logging_mixin.py:117} INFO - [2022-10-13T03:52:21.713+0000] {dag.py:3328} INFO - Setting next_dagrun for example_nested_branch_dag to 2022-10-12T00:00:00+00:00, run_after=2022-10-13T00:00:00+00:00
[2022-10-13T03:52:21.732+0000] {processor.py:178} INFO - Processing /home/airflow/.local/lib/python3.7/site-packages/airflow/example_dags/example_nested_branch_dag.py took 0.099 seconds
[2022-10-13T03:52:52.706+0000] {processor.py:156} INFO - Started process (PID=2896) to work on /home/airflow/.local/lib/python3.7/site-packages/airflow/example_dags/example_nested_branch_dag.py
[2022-10-13T03:52:52.707+0000] {processor.py:758} INFO - Processing file /home/airflow/.local/lib/python3.7/site-packages/airflow/example_dags/example_nested_branch_dag.py for tasks to queue
[2022-10-13T03:52:52.707+0000] {logging_mixin.py:117} INFO - [2022-10-13T03:52:52.707+0000] {dagbag.py:525} INFO - Filling up the DagBag from /home/airflow/.local/lib/python3.7/site-packages/airflow/example_dags/example_nested_branch_dag.py
[2022-10-13T03:52:52.727+0000] {processor.py:768} INFO - DAG(s) dict_keys(['example_nested_branch_dag']) retrieved from /home/airflow/.local/lib/python3.7/site-packages/airflow/example_dags/example_nested_branch_dag.py
[2022-10-13T03:52:52.756+0000] {logging_mixin.py:117} INFO - [2022-10-13T03:52:52.756+0000] {dag.py:2573} INFO - Sync 1 DAGs
[2022-10-13T03:52:52.777+0000] {logging_mixin.py:117} INFO - [2022-10-13T03:52:52.777+0000] {dag.py:3328} INFO - Setting next_dagrun for example_nested_branch_dag to 2022-10-12T00:00:00+00:00, run_after=2022-10-13T00:00:00+00:00
[2022-10-13T03:52:52.793+0000] {processor.py:178} INFO - Processing /home/airflow/.local/lib/python3.7/site-packages/airflow/example_dags/example_nested_branch_dag.py took 0.089 seconds
[2022-10-13T03:53:23.428+0000] {processor.py:156} INFO - Started process (PID=3115) to work on /home/airflow/.local/lib/python3.7/site-packages/airflow/example_dags/example_nested_branch_dag.py
[2022-10-13T03:53:23.429+0000] {processor.py:758} INFO - Processing file /home/airflow/.local/lib/python3.7/site-packages/airflow/example_dags/example_nested_branch_dag.py for tasks to queue
[2022-10-13T03:53:23.429+0000] {logging_mixin.py:117} INFO - [2022-10-13T03:53:23.429+0000] {dagbag.py:525} INFO - Filling up the DagBag from /home/airflow/.local/lib/python3.7/site-packages/airflow/example_dags/example_nested_branch_dag.py
[2022-10-13T03:53:23.448+0000] {processor.py:768} INFO - DAG(s) dict_keys(['example_nested_branch_dag']) retrieved from /home/airflow/.local/lib/python3.7/site-packages/airflow/example_dags/example_nested_branch_dag.py
[2022-10-13T03:53:23.477+0000] {logging_mixin.py:117} INFO - [2022-10-13T03:53:23.477+0000] {dag.py:2573} INFO - Sync 1 DAGs
[2022-10-13T03:53:23.499+0000] {logging_mixin.py:117} INFO - [2022-10-13T03:53:23.498+0000] {dag.py:3328} INFO - Setting next_dagrun for example_nested_branch_dag to 2022-10-12T00:00:00+00:00, run_after=2022-10-13T00:00:00+00:00
[2022-10-13T03:53:23.514+0000] {processor.py:178} INFO - Processing /home/airflow/.local/lib/python3.7/site-packages/airflow/example_dags/example_nested_branch_dag.py took 0.088 seconds
[2022-10-13T03:53:54.118+0000] {processor.py:156} INFO - Started process (PID=3334) to work on /home/airflow/.local/lib/python3.7/site-packages/airflow/example_dags/example_nested_branch_dag.py
[2022-10-13T03:53:54.119+0000] {processor.py:758} INFO - Processing file /home/airflow/.local/lib/python3.7/site-packages/airflow/example_dags/example_nested_branch_dag.py for tasks to queue
[2022-10-13T03:53:54.120+0000] {logging_mixin.py:117} INFO - [2022-10-13T03:53:54.120+0000] {dagbag.py:525} INFO - Filling up the DagBag from /home/airflow/.local/lib/python3.7/site-packages/airflow/example_dags/example_nested_branch_dag.py
[2022-10-13T03:53:54.137+0000] {processor.py:768} INFO - DAG(s) dict_keys(['example_nested_branch_dag']) retrieved from /home/airflow/.local/lib/python3.7/site-packages/airflow/example_dags/example_nested_branch_dag.py
[2022-10-13T03:53:54.167+0000] {logging_mixin.py:117} INFO - [2022-10-13T03:53:54.167+0000] {dag.py:2573} INFO - Sync 1 DAGs
[2022-10-13T03:53:54.189+0000] {logging_mixin.py:117} INFO - [2022-10-13T03:53:54.189+0000] {dag.py:3328} INFO - Setting next_dagrun for example_nested_branch_dag to 2022-10-12T00:00:00+00:00, run_after=2022-10-13T00:00:00+00:00
[2022-10-13T03:53:54.208+0000] {processor.py:178} INFO - Processing /home/airflow/.local/lib/python3.7/site-packages/airflow/example_dags/example_nested_branch_dag.py took 0.091 seconds
[2022-10-13T03:54:24.932+0000] {processor.py:156} INFO - Started process (PID=3553) to work on /home/airflow/.local/lib/python3.7/site-packages/airflow/example_dags/example_nested_branch_dag.py
[2022-10-13T03:54:24.933+0000] {processor.py:758} INFO - Processing file /home/airflow/.local/lib/python3.7/site-packages/airflow/example_dags/example_nested_branch_dag.py for tasks to queue
[2022-10-13T03:54:24.934+0000] {logging_mixin.py:117} INFO - [2022-10-13T03:54:24.933+0000] {dagbag.py:525} INFO - Filling up the DagBag from /home/airflow/.local/lib/python3.7/site-packages/airflow/example_dags/example_nested_branch_dag.py
[2022-10-13T03:54:24.952+0000] {processor.py:768} INFO - DAG(s) dict_keys(['example_nested_branch_dag']) retrieved from /home/airflow/.local/lib/python3.7/site-packages/airflow/example_dags/example_nested_branch_dag.py
[2022-10-13T03:54:24.983+0000] {logging_mixin.py:117} INFO - [2022-10-13T03:54:24.983+0000] {dag.py:2573} INFO - Sync 1 DAGs
[2022-10-13T03:54:25.003+0000] {logging_mixin.py:117} INFO - [2022-10-13T03:54:25.003+0000] {dag.py:3328} INFO - Setting next_dagrun for example_nested_branch_dag to 2022-10-12T00:00:00+00:00, run_after=2022-10-13T00:00:00+00:00
[2022-10-13T03:54:25.019+0000] {processor.py:178} INFO - Processing /home/airflow/.local/lib/python3.7/site-packages/airflow/example_dags/example_nested_branch_dag.py took 0.089 seconds
[2022-10-13T03:54:55.625+0000] {processor.py:156} INFO - Started process (PID=3763) to work on /home/airflow/.local/lib/python3.7/site-packages/airflow/example_dags/example_nested_branch_dag.py
[2022-10-13T03:54:55.626+0000] {processor.py:758} INFO - Processing file /home/airflow/.local/lib/python3.7/site-packages/airflow/example_dags/example_nested_branch_dag.py for tasks to queue
[2022-10-13T03:54:55.627+0000] {logging_mixin.py:117} INFO - [2022-10-13T03:54:55.627+0000] {dagbag.py:525} INFO - Filling up the DagBag from /home/airflow/.local/lib/python3.7/site-packages/airflow/example_dags/example_nested_branch_dag.py
[2022-10-13T03:54:55.648+0000] {processor.py:768} INFO - DAG(s) dict_keys(['example_nested_branch_dag']) retrieved from /home/airflow/.local/lib/python3.7/site-packages/airflow/example_dags/example_nested_branch_dag.py
[2022-10-13T03:54:55.680+0000] {logging_mixin.py:117} INFO - [2022-10-13T03:54:55.680+0000] {dag.py:2573} INFO - Sync 1 DAGs
[2022-10-13T03:54:55.702+0000] {logging_mixin.py:117} INFO - [2022-10-13T03:54:55.702+0000] {dag.py:3328} INFO - Setting next_dagrun for example_nested_branch_dag to 2022-10-12T00:00:00+00:00, run_after=2022-10-13T00:00:00+00:00
[2022-10-13T03:54:55.717+0000] {processor.py:178} INFO - Processing /home/airflow/.local/lib/python3.7/site-packages/airflow/example_dags/example_nested_branch_dag.py took 0.094 seconds
[2022-10-13T03:55:26.555+0000] {processor.py:156} INFO - Started process (PID=3984) to work on /home/airflow/.local/lib/python3.7/site-packages/airflow/example_dags/example_nested_branch_dag.py
[2022-10-13T03:55:26.555+0000] {processor.py:758} INFO - Processing file /home/airflow/.local/lib/python3.7/site-packages/airflow/example_dags/example_nested_branch_dag.py for tasks to queue
[2022-10-13T03:55:26.556+0000] {logging_mixin.py:117} INFO - [2022-10-13T03:55:26.556+0000] {dagbag.py:525} INFO - Filling up the DagBag from /home/airflow/.local/lib/python3.7/site-packages/airflow/example_dags/example_nested_branch_dag.py
[2022-10-13T03:55:26.573+0000] {processor.py:768} INFO - DAG(s) dict_keys(['example_nested_branch_dag']) retrieved from /home/airflow/.local/lib/python3.7/site-packages/airflow/example_dags/example_nested_branch_dag.py
[2022-10-13T03:55:26.601+0000] {logging_mixin.py:117} INFO - [2022-10-13T03:55:26.601+0000] {dag.py:2573} INFO - Sync 1 DAGs
[2022-10-13T03:55:26.623+0000] {logging_mixin.py:117} INFO - [2022-10-13T03:55:26.622+0000] {dag.py:3328} INFO - Setting next_dagrun for example_nested_branch_dag to 2022-10-12T00:00:00+00:00, run_after=2022-10-13T00:00:00+00:00
[2022-10-13T03:55:26.639+0000] {processor.py:178} INFO - Processing /home/airflow/.local/lib/python3.7/site-packages/airflow/example_dags/example_nested_branch_dag.py took 0.087 seconds
[2022-10-13T03:55:57.247+0000] {processor.py:156} INFO - Started process (PID=4203) to work on /home/airflow/.local/lib/python3.7/site-packages/airflow/example_dags/example_nested_branch_dag.py
[2022-10-13T03:55:57.248+0000] {processor.py:758} INFO - Processing file /home/airflow/.local/lib/python3.7/site-packages/airflow/example_dags/example_nested_branch_dag.py for tasks to queue
[2022-10-13T03:55:57.249+0000] {logging_mixin.py:117} INFO - [2022-10-13T03:55:57.249+0000] {dagbag.py:525} INFO - Filling up the DagBag from /home/airflow/.local/lib/python3.7/site-packages/airflow/example_dags/example_nested_branch_dag.py
[2022-10-13T03:55:57.270+0000] {processor.py:768} INFO - DAG(s) dict_keys(['example_nested_branch_dag']) retrieved from /home/airflow/.local/lib/python3.7/site-packages/airflow/example_dags/example_nested_branch_dag.py
[2022-10-13T03:55:57.300+0000] {logging_mixin.py:117} INFO - [2022-10-13T03:55:57.300+0000] {dag.py:2573} INFO - Sync 1 DAGs
[2022-10-13T03:55:57.321+0000] {logging_mixin.py:117} INFO - [2022-10-13T03:55:57.321+0000] {dag.py:3328} INFO - Setting next_dagrun for example_nested_branch_dag to 2022-10-12T00:00:00+00:00, run_after=2022-10-13T00:00:00+00:00
[2022-10-13T03:55:57.336+0000] {processor.py:178} INFO - Processing /home/airflow/.local/lib/python3.7/site-packages/airflow/example_dags/example_nested_branch_dag.py took 0.091 seconds
[2022-10-13T04:06:59.275+0000] {processor.py:156} INFO - Started process (PID=302) to work on /home/airflow/.local/lib/python3.7/site-packages/airflow/example_dags/example_nested_branch_dag.py
[2022-10-13T04:06:59.275+0000] {processor.py:758} INFO - Processing file /home/airflow/.local/lib/python3.7/site-packages/airflow/example_dags/example_nested_branch_dag.py for tasks to queue
[2022-10-13T04:06:59.276+0000] {logging_mixin.py:117} INFO - [2022-10-13T04:06:59.276+0000] {dagbag.py:525} INFO - Filling up the DagBag from /home/airflow/.local/lib/python3.7/site-packages/airflow/example_dags/example_nested_branch_dag.py
[2022-10-13T04:06:59.299+0000] {processor.py:768} INFO - DAG(s) dict_keys(['example_nested_branch_dag']) retrieved from /home/airflow/.local/lib/python3.7/site-packages/airflow/example_dags/example_nested_branch_dag.py
[2022-10-13T04:06:59.334+0000] {logging_mixin.py:117} INFO - [2022-10-13T04:06:59.334+0000] {dag.py:2573} INFO - Sync 1 DAGs
[2022-10-13T04:06:59.368+0000] {logging_mixin.py:117} INFO - [2022-10-13T04:06:59.367+0000] {dag.py:3328} INFO - Setting next_dagrun for example_nested_branch_dag to 2022-10-12T00:00:00+00:00, run_after=2022-10-13T00:00:00+00:00
[2022-10-13T04:06:59.389+0000] {processor.py:178} INFO - Processing /home/airflow/.local/lib/python3.7/site-packages/airflow/example_dags/example_nested_branch_dag.py took 0.116 seconds
