[2022-08-03 15:45:14,252] {processor.py:153} INFO - Started process (PID=22616) to work on /home/airflow/.local/lib/python3.7/site-packages/airflow/example_dags/example_nested_branch_dag.py
[2022-08-03 15:45:14,253] {processor.py:641} INFO - Processing file /home/airflow/.local/lib/python3.7/site-packages/airflow/example_dags/example_nested_branch_dag.py for tasks to queue
[2022-08-03 15:45:14,254] {logging_mixin.py:115} INFO - [2022-08-03 15:45:14,254] {dagbag.py:508} INFO - Filling up the DagBag from /home/airflow/.local/lib/python3.7/site-packages/airflow/example_dags/example_nested_branch_dag.py
[2022-08-03 15:45:14,271] {processor.py:651} INFO - DAG(s) dict_keys(['example_nested_branch_dag']) retrieved from /home/airflow/.local/lib/python3.7/site-packages/airflow/example_dags/example_nested_branch_dag.py
[2022-08-03 15:45:14,319] {logging_mixin.py:115} INFO - [2022-08-03 15:45:14,319] {dag.py:2420} INFO - Sync 1 DAGs
[2022-08-03 15:45:14,348] {logging_mixin.py:115} INFO - [2022-08-03 15:45:14,348] {dag.py:2972} INFO - Setting next_dagrun for example_nested_branch_dag to 2022-08-02T00:00:00+00:00, run_after=2022-08-03T00:00:00+00:00
[2022-08-03 15:45:14,365] {processor.py:161} INFO - Processing /home/airflow/.local/lib/python3.7/site-packages/airflow/example_dags/example_nested_branch_dag.py took 0.116 seconds
[2022-08-03 15:45:44,824] {processor.py:153} INFO - Started process (PID=22835) to work on /home/airflow/.local/lib/python3.7/site-packages/airflow/example_dags/example_nested_branch_dag.py
[2022-08-03 15:45:44,825] {processor.py:641} INFO - Processing file /home/airflow/.local/lib/python3.7/site-packages/airflow/example_dags/example_nested_branch_dag.py for tasks to queue
[2022-08-03 15:45:44,826] {logging_mixin.py:115} INFO - [2022-08-03 15:45:44,826] {dagbag.py:508} INFO - Filling up the DagBag from /home/airflow/.local/lib/python3.7/site-packages/airflow/example_dags/example_nested_branch_dag.py
[2022-08-03 15:45:44,835] {processor.py:651} INFO - DAG(s) dict_keys(['example_nested_branch_dag']) retrieved from /home/airflow/.local/lib/python3.7/site-packages/airflow/example_dags/example_nested_branch_dag.py
[2022-08-03 15:45:44,865] {logging_mixin.py:115} INFO - [2022-08-03 15:45:44,864] {dag.py:2420} INFO - Sync 1 DAGs
[2022-08-03 15:45:44,895] {logging_mixin.py:115} INFO - [2022-08-03 15:45:44,895] {dag.py:2972} INFO - Setting next_dagrun for example_nested_branch_dag to 2022-08-02T00:00:00+00:00, run_after=2022-08-03T00:00:00+00:00
[2022-08-03 15:45:44,911] {processor.py:161} INFO - Processing /home/airflow/.local/lib/python3.7/site-packages/airflow/example_dags/example_nested_branch_dag.py took 0.089 seconds
[2022-08-03 15:46:15,423] {processor.py:153} INFO - Started process (PID=23030) to work on /home/airflow/.local/lib/python3.7/site-packages/airflow/example_dags/example_nested_branch_dag.py
[2022-08-03 15:46:15,424] {processor.py:641} INFO - Processing file /home/airflow/.local/lib/python3.7/site-packages/airflow/example_dags/example_nested_branch_dag.py for tasks to queue
[2022-08-03 15:46:15,424] {logging_mixin.py:115} INFO - [2022-08-03 15:46:15,424] {dagbag.py:508} INFO - Filling up the DagBag from /home/airflow/.local/lib/python3.7/site-packages/airflow/example_dags/example_nested_branch_dag.py
[2022-08-03 15:46:15,434] {processor.py:651} INFO - DAG(s) dict_keys(['example_nested_branch_dag']) retrieved from /home/airflow/.local/lib/python3.7/site-packages/airflow/example_dags/example_nested_branch_dag.py
[2022-08-03 15:46:15,460] {logging_mixin.py:115} INFO - [2022-08-03 15:46:15,460] {dag.py:2420} INFO - Sync 1 DAGs
[2022-08-03 15:46:15,485] {logging_mixin.py:115} INFO - [2022-08-03 15:46:15,484] {dag.py:2972} INFO - Setting next_dagrun for example_nested_branch_dag to 2022-08-02T00:00:00+00:00, run_after=2022-08-03T00:00:00+00:00
[2022-08-03 15:46:15,499] {processor.py:161} INFO - Processing /home/airflow/.local/lib/python3.7/site-packages/airflow/example_dags/example_nested_branch_dag.py took 0.078 seconds
[2022-08-03 15:46:46,345] {processor.py:153} INFO - Started process (PID=23233) to work on /home/airflow/.local/lib/python3.7/site-packages/airflow/example_dags/example_nested_branch_dag.py
[2022-08-03 15:46:46,346] {processor.py:641} INFO - Processing file /home/airflow/.local/lib/python3.7/site-packages/airflow/example_dags/example_nested_branch_dag.py for tasks to queue
[2022-08-03 15:46:46,347] {logging_mixin.py:115} INFO - [2022-08-03 15:46:46,347] {dagbag.py:508} INFO - Filling up the DagBag from /home/airflow/.local/lib/python3.7/site-packages/airflow/example_dags/example_nested_branch_dag.py
[2022-08-03 15:46:46,362] {processor.py:651} INFO - DAG(s) dict_keys(['example_nested_branch_dag']) retrieved from /home/airflow/.local/lib/python3.7/site-packages/airflow/example_dags/example_nested_branch_dag.py
[2022-08-03 15:46:46,396] {logging_mixin.py:115} INFO - [2022-08-03 15:46:46,396] {dag.py:2420} INFO - Sync 1 DAGs
[2022-08-03 15:46:46,428] {logging_mixin.py:115} INFO - [2022-08-03 15:46:46,428] {dag.py:2972} INFO - Setting next_dagrun for example_nested_branch_dag to 2022-08-02T00:00:00+00:00, run_after=2022-08-03T00:00:00+00:00
[2022-08-03 15:46:46,448] {processor.py:161} INFO - Processing /home/airflow/.local/lib/python3.7/site-packages/airflow/example_dags/example_nested_branch_dag.py took 0.108 seconds
[2022-08-03 15:47:17,536] {processor.py:153} INFO - Started process (PID=23426) to work on /home/airflow/.local/lib/python3.7/site-packages/airflow/example_dags/example_nested_branch_dag.py
[2022-08-03 15:47:17,537] {processor.py:641} INFO - Processing file /home/airflow/.local/lib/python3.7/site-packages/airflow/example_dags/example_nested_branch_dag.py for tasks to queue
[2022-08-03 15:47:17,538] {logging_mixin.py:115} INFO - [2022-08-03 15:47:17,538] {dagbag.py:508} INFO - Filling up the DagBag from /home/airflow/.local/lib/python3.7/site-packages/airflow/example_dags/example_nested_branch_dag.py
[2022-08-03 15:47:17,555] {processor.py:651} INFO - DAG(s) dict_keys(['example_nested_branch_dag']) retrieved from /home/airflow/.local/lib/python3.7/site-packages/airflow/example_dags/example_nested_branch_dag.py
[2022-08-03 15:47:17,591] {logging_mixin.py:115} INFO - [2022-08-03 15:47:17,591] {dag.py:2420} INFO - Sync 1 DAGs
[2022-08-03 15:47:17,623] {logging_mixin.py:115} INFO - [2022-08-03 15:47:17,623] {dag.py:2972} INFO - Setting next_dagrun for example_nested_branch_dag to 2022-08-02T00:00:00+00:00, run_after=2022-08-03T00:00:00+00:00
[2022-08-03 15:47:17,641] {processor.py:161} INFO - Processing /home/airflow/.local/lib/python3.7/site-packages/airflow/example_dags/example_nested_branch_dag.py took 0.110 seconds
[2022-08-03 15:47:47,741] {processor.py:153} INFO - Started process (PID=23629) to work on /home/airflow/.local/lib/python3.7/site-packages/airflow/example_dags/example_nested_branch_dag.py
[2022-08-03 15:47:47,742] {processor.py:641} INFO - Processing file /home/airflow/.local/lib/python3.7/site-packages/airflow/example_dags/example_nested_branch_dag.py for tasks to queue
[2022-08-03 15:47:47,742] {logging_mixin.py:115} INFO - [2022-08-03 15:47:47,742] {dagbag.py:508} INFO - Filling up the DagBag from /home/airflow/.local/lib/python3.7/site-packages/airflow/example_dags/example_nested_branch_dag.py
[2022-08-03 15:47:47,754] {processor.py:651} INFO - DAG(s) dict_keys(['example_nested_branch_dag']) retrieved from /home/airflow/.local/lib/python3.7/site-packages/airflow/example_dags/example_nested_branch_dag.py
[2022-08-03 15:47:47,785] {logging_mixin.py:115} INFO - [2022-08-03 15:47:47,785] {dag.py:2420} INFO - Sync 1 DAGs
[2022-08-03 15:47:47,816] {logging_mixin.py:115} INFO - [2022-08-03 15:47:47,816] {dag.py:2972} INFO - Setting next_dagrun for example_nested_branch_dag to 2022-08-02T00:00:00+00:00, run_after=2022-08-03T00:00:00+00:00
[2022-08-03 15:47:47,833] {processor.py:161} INFO - Processing /home/airflow/.local/lib/python3.7/site-packages/airflow/example_dags/example_nested_branch_dag.py took 0.095 seconds
[2022-08-03 15:48:18,932] {processor.py:153} INFO - Started process (PID=23823) to work on /home/airflow/.local/lib/python3.7/site-packages/airflow/example_dags/example_nested_branch_dag.py
[2022-08-03 15:48:18,933] {processor.py:641} INFO - Processing file /home/airflow/.local/lib/python3.7/site-packages/airflow/example_dags/example_nested_branch_dag.py for tasks to queue
[2022-08-03 15:48:18,933] {logging_mixin.py:115} INFO - [2022-08-03 15:48:18,933] {dagbag.py:508} INFO - Filling up the DagBag from /home/airflow/.local/lib/python3.7/site-packages/airflow/example_dags/example_nested_branch_dag.py
[2022-08-03 15:48:18,945] {processor.py:651} INFO - DAG(s) dict_keys(['example_nested_branch_dag']) retrieved from /home/airflow/.local/lib/python3.7/site-packages/airflow/example_dags/example_nested_branch_dag.py
[2022-08-03 15:48:18,976] {logging_mixin.py:115} INFO - [2022-08-03 15:48:18,976] {dag.py:2420} INFO - Sync 1 DAGs
[2022-08-03 15:48:19,004] {logging_mixin.py:115} INFO - [2022-08-03 15:48:19,004] {dag.py:2972} INFO - Setting next_dagrun for example_nested_branch_dag to 2022-08-02T00:00:00+00:00, run_after=2022-08-03T00:00:00+00:00
[2022-08-03 15:48:19,021] {processor.py:161} INFO - Processing /home/airflow/.local/lib/python3.7/site-packages/airflow/example_dags/example_nested_branch_dag.py took 0.092 seconds
[2022-08-03 15:48:49,768] {processor.py:153} INFO - Started process (PID=24026) to work on /home/airflow/.local/lib/python3.7/site-packages/airflow/example_dags/example_nested_branch_dag.py
[2022-08-03 15:48:49,768] {processor.py:641} INFO - Processing file /home/airflow/.local/lib/python3.7/site-packages/airflow/example_dags/example_nested_branch_dag.py for tasks to queue
[2022-08-03 15:48:49,769] {logging_mixin.py:115} INFO - [2022-08-03 15:48:49,769] {dagbag.py:508} INFO - Filling up the DagBag from /home/airflow/.local/lib/python3.7/site-packages/airflow/example_dags/example_nested_branch_dag.py
[2022-08-03 15:48:49,781] {processor.py:651} INFO - DAG(s) dict_keys(['example_nested_branch_dag']) retrieved from /home/airflow/.local/lib/python3.7/site-packages/airflow/example_dags/example_nested_branch_dag.py
[2022-08-03 15:48:49,811] {logging_mixin.py:115} INFO - [2022-08-03 15:48:49,811] {dag.py:2420} INFO - Sync 1 DAGs
[2022-08-03 15:48:49,838] {logging_mixin.py:115} INFO - [2022-08-03 15:48:49,838] {dag.py:2972} INFO - Setting next_dagrun for example_nested_branch_dag to 2022-08-02T00:00:00+00:00, run_after=2022-08-03T00:00:00+00:00
[2022-08-03 15:48:49,856] {processor.py:161} INFO - Processing /home/airflow/.local/lib/python3.7/site-packages/airflow/example_dags/example_nested_branch_dag.py took 0.091 seconds
[2022-08-03 15:49:20,917] {processor.py:153} INFO - Started process (PID=24227) to work on /home/airflow/.local/lib/python3.7/site-packages/airflow/example_dags/example_nested_branch_dag.py
[2022-08-03 15:49:20,918] {processor.py:641} INFO - Processing file /home/airflow/.local/lib/python3.7/site-packages/airflow/example_dags/example_nested_branch_dag.py for tasks to queue
[2022-08-03 15:49:20,919] {logging_mixin.py:115} INFO - [2022-08-03 15:49:20,919] {dagbag.py:508} INFO - Filling up the DagBag from /home/airflow/.local/lib/python3.7/site-packages/airflow/example_dags/example_nested_branch_dag.py
[2022-08-03 15:49:20,933] {processor.py:651} INFO - DAG(s) dict_keys(['example_nested_branch_dag']) retrieved from /home/airflow/.local/lib/python3.7/site-packages/airflow/example_dags/example_nested_branch_dag.py
[2022-08-03 15:49:20,968] {logging_mixin.py:115} INFO - [2022-08-03 15:49:20,968] {dag.py:2420} INFO - Sync 1 DAGs
[2022-08-03 15:49:21,001] {logging_mixin.py:115} INFO - [2022-08-03 15:49:21,001] {dag.py:2972} INFO - Setting next_dagrun for example_nested_branch_dag to 2022-08-02T00:00:00+00:00, run_after=2022-08-03T00:00:00+00:00
[2022-08-03 15:49:21,022] {processor.py:161} INFO - Processing /home/airflow/.local/lib/python3.7/site-packages/airflow/example_dags/example_nested_branch_dag.py took 0.109 seconds
[2022-08-03 15:49:51,253] {processor.py:153} INFO - Started process (PID=24423) to work on /home/airflow/.local/lib/python3.7/site-packages/airflow/example_dags/example_nested_branch_dag.py
[2022-08-03 15:49:51,254] {processor.py:641} INFO - Processing file /home/airflow/.local/lib/python3.7/site-packages/airflow/example_dags/example_nested_branch_dag.py for tasks to queue
[2022-08-03 15:49:51,255] {logging_mixin.py:115} INFO - [2022-08-03 15:49:51,255] {dagbag.py:508} INFO - Filling up the DagBag from /home/airflow/.local/lib/python3.7/site-packages/airflow/example_dags/example_nested_branch_dag.py
[2022-08-03 15:49:51,266] {processor.py:651} INFO - DAG(s) dict_keys(['example_nested_branch_dag']) retrieved from /home/airflow/.local/lib/python3.7/site-packages/airflow/example_dags/example_nested_branch_dag.py
[2022-08-03 15:49:51,302] {logging_mixin.py:115} INFO - [2022-08-03 15:49:51,302] {dag.py:2420} INFO - Sync 1 DAGs
[2022-08-03 15:49:51,334] {logging_mixin.py:115} INFO - [2022-08-03 15:49:51,334] {dag.py:2972} INFO - Setting next_dagrun for example_nested_branch_dag to 2022-08-02T00:00:00+00:00, run_after=2022-08-03T00:00:00+00:00
[2022-08-03 15:49:51,356] {processor.py:161} INFO - Processing /home/airflow/.local/lib/python3.7/site-packages/airflow/example_dags/example_nested_branch_dag.py took 0.107 seconds
[2022-08-03 15:50:21,587] {processor.py:153} INFO - Started process (PID=24613) to work on /home/airflow/.local/lib/python3.7/site-packages/airflow/example_dags/example_nested_branch_dag.py
[2022-08-03 15:50:21,588] {processor.py:641} INFO - Processing file /home/airflow/.local/lib/python3.7/site-packages/airflow/example_dags/example_nested_branch_dag.py for tasks to queue
[2022-08-03 15:50:21,589] {logging_mixin.py:115} INFO - [2022-08-03 15:50:21,589] {dagbag.py:508} INFO - Filling up the DagBag from /home/airflow/.local/lib/python3.7/site-packages/airflow/example_dags/example_nested_branch_dag.py
[2022-08-03 15:50:21,603] {processor.py:651} INFO - DAG(s) dict_keys(['example_nested_branch_dag']) retrieved from /home/airflow/.local/lib/python3.7/site-packages/airflow/example_dags/example_nested_branch_dag.py
[2022-08-03 15:50:21,636] {logging_mixin.py:115} INFO - [2022-08-03 15:50:21,636] {dag.py:2420} INFO - Sync 1 DAGs
[2022-08-03 15:50:21,666] {logging_mixin.py:115} INFO - [2022-08-03 15:50:21,666] {dag.py:2972} INFO - Setting next_dagrun for example_nested_branch_dag to 2022-08-02T00:00:00+00:00, run_after=2022-08-03T00:00:00+00:00
[2022-08-03 15:50:21,684] {processor.py:161} INFO - Processing /home/airflow/.local/lib/python3.7/site-packages/airflow/example_dags/example_nested_branch_dag.py took 0.101 seconds
[2022-08-03 15:50:52,743] {processor.py:153} INFO - Started process (PID=24816) to work on /home/airflow/.local/lib/python3.7/site-packages/airflow/example_dags/example_nested_branch_dag.py
[2022-08-03 15:50:52,744] {processor.py:641} INFO - Processing file /home/airflow/.local/lib/python3.7/site-packages/airflow/example_dags/example_nested_branch_dag.py for tasks to queue
[2022-08-03 15:50:52,745] {logging_mixin.py:115} INFO - [2022-08-03 15:50:52,745] {dagbag.py:508} INFO - Filling up the DagBag from /home/airflow/.local/lib/python3.7/site-packages/airflow/example_dags/example_nested_branch_dag.py
[2022-08-03 15:50:52,758] {processor.py:651} INFO - DAG(s) dict_keys(['example_nested_branch_dag']) retrieved from /home/airflow/.local/lib/python3.7/site-packages/airflow/example_dags/example_nested_branch_dag.py
[2022-08-03 15:50:52,837] {logging_mixin.py:115} INFO - [2022-08-03 15:50:52,837] {dag.py:2420} INFO - Sync 1 DAGs
[2022-08-03 15:50:52,888] {logging_mixin.py:115} INFO - [2022-08-03 15:50:52,888] {dag.py:2972} INFO - Setting next_dagrun for example_nested_branch_dag to 2022-08-02T00:00:00+00:00, run_after=2022-08-03T00:00:00+00:00
[2022-08-03 15:50:52,908] {processor.py:161} INFO - Processing /home/airflow/.local/lib/python3.7/site-packages/airflow/example_dags/example_nested_branch_dag.py took 0.168 seconds
[2022-08-03 15:51:23,862] {processor.py:153} INFO - Started process (PID=25019) to work on /home/airflow/.local/lib/python3.7/site-packages/airflow/example_dags/example_nested_branch_dag.py
[2022-08-03 15:51:23,862] {processor.py:641} INFO - Processing file /home/airflow/.local/lib/python3.7/site-packages/airflow/example_dags/example_nested_branch_dag.py for tasks to queue
[2022-08-03 15:51:23,863] {logging_mixin.py:115} INFO - [2022-08-03 15:51:23,863] {dagbag.py:508} INFO - Filling up the DagBag from /home/airflow/.local/lib/python3.7/site-packages/airflow/example_dags/example_nested_branch_dag.py
[2022-08-03 15:51:23,872] {processor.py:651} INFO - DAG(s) dict_keys(['example_nested_branch_dag']) retrieved from /home/airflow/.local/lib/python3.7/site-packages/airflow/example_dags/example_nested_branch_dag.py
[2022-08-03 15:51:23,896] {logging_mixin.py:115} INFO - [2022-08-03 15:51:23,896] {dag.py:2420} INFO - Sync 1 DAGs
[2022-08-03 15:51:23,919] {logging_mixin.py:115} INFO - [2022-08-03 15:51:23,919] {dag.py:2972} INFO - Setting next_dagrun for example_nested_branch_dag to 2022-08-02T00:00:00+00:00, run_after=2022-08-03T00:00:00+00:00
[2022-08-03 15:51:23,933] {processor.py:161} INFO - Processing /home/airflow/.local/lib/python3.7/site-packages/airflow/example_dags/example_nested_branch_dag.py took 0.074 seconds
[2022-08-03 15:51:54,697] {processor.py:153} INFO - Started process (PID=25218) to work on /home/airflow/.local/lib/python3.7/site-packages/airflow/example_dags/example_nested_branch_dag.py
[2022-08-03 15:51:54,698] {processor.py:641} INFO - Processing file /home/airflow/.local/lib/python3.7/site-packages/airflow/example_dags/example_nested_branch_dag.py for tasks to queue
[2022-08-03 15:51:54,699] {logging_mixin.py:115} INFO - [2022-08-03 15:51:54,699] {dagbag.py:508} INFO - Filling up the DagBag from /home/airflow/.local/lib/python3.7/site-packages/airflow/example_dags/example_nested_branch_dag.py
[2022-08-03 15:51:54,713] {processor.py:651} INFO - DAG(s) dict_keys(['example_nested_branch_dag']) retrieved from /home/airflow/.local/lib/python3.7/site-packages/airflow/example_dags/example_nested_branch_dag.py
[2022-08-03 15:51:54,749] {logging_mixin.py:115} INFO - [2022-08-03 15:51:54,749] {dag.py:2420} INFO - Sync 1 DAGs
[2022-08-03 15:51:54,779] {logging_mixin.py:115} INFO - [2022-08-03 15:51:54,779] {dag.py:2972} INFO - Setting next_dagrun for example_nested_branch_dag to 2022-08-02T00:00:00+00:00, run_after=2022-08-03T00:00:00+00:00
[2022-08-03 15:51:54,796] {processor.py:161} INFO - Processing /home/airflow/.local/lib/python3.7/site-packages/airflow/example_dags/example_nested_branch_dag.py took 0.103 seconds
[2022-08-03 15:52:25,871] {processor.py:153} INFO - Started process (PID=25421) to work on /home/airflow/.local/lib/python3.7/site-packages/airflow/example_dags/example_nested_branch_dag.py
[2022-08-03 15:52:25,872] {processor.py:641} INFO - Processing file /home/airflow/.local/lib/python3.7/site-packages/airflow/example_dags/example_nested_branch_dag.py for tasks to queue
[2022-08-03 15:52:25,873] {logging_mixin.py:115} INFO - [2022-08-03 15:52:25,873] {dagbag.py:508} INFO - Filling up the DagBag from /home/airflow/.local/lib/python3.7/site-packages/airflow/example_dags/example_nested_branch_dag.py
[2022-08-03 15:52:25,888] {processor.py:651} INFO - DAG(s) dict_keys(['example_nested_branch_dag']) retrieved from /home/airflow/.local/lib/python3.7/site-packages/airflow/example_dags/example_nested_branch_dag.py
[2022-08-03 15:52:25,920] {logging_mixin.py:115} INFO - [2022-08-03 15:52:25,920] {dag.py:2420} INFO - Sync 1 DAGs
[2022-08-03 15:52:25,959] {logging_mixin.py:115} INFO - [2022-08-03 15:52:25,959] {dag.py:2972} INFO - Setting next_dagrun for example_nested_branch_dag to 2022-08-02T00:00:00+00:00, run_after=2022-08-03T00:00:00+00:00
[2022-08-03 15:52:25,975] {processor.py:161} INFO - Processing /home/airflow/.local/lib/python3.7/site-packages/airflow/example_dags/example_nested_branch_dag.py took 0.106 seconds
[2022-08-03 15:52:56,941] {processor.py:153} INFO - Started process (PID=25615) to work on /home/airflow/.local/lib/python3.7/site-packages/airflow/example_dags/example_nested_branch_dag.py
[2022-08-03 15:52:56,942] {processor.py:641} INFO - Processing file /home/airflow/.local/lib/python3.7/site-packages/airflow/example_dags/example_nested_branch_dag.py for tasks to queue
[2022-08-03 15:52:56,943] {logging_mixin.py:115} INFO - [2022-08-03 15:52:56,943] {dagbag.py:508} INFO - Filling up the DagBag from /home/airflow/.local/lib/python3.7/site-packages/airflow/example_dags/example_nested_branch_dag.py
[2022-08-03 15:52:56,956] {processor.py:651} INFO - DAG(s) dict_keys(['example_nested_branch_dag']) retrieved from /home/airflow/.local/lib/python3.7/site-packages/airflow/example_dags/example_nested_branch_dag.py
[2022-08-03 15:52:56,996] {logging_mixin.py:115} INFO - [2022-08-03 15:52:56,995] {dag.py:2420} INFO - Sync 1 DAGs
[2022-08-03 15:52:57,028] {logging_mixin.py:115} INFO - [2022-08-03 15:52:57,027] {dag.py:2972} INFO - Setting next_dagrun for example_nested_branch_dag to 2022-08-02T00:00:00+00:00, run_after=2022-08-03T00:00:00+00:00
[2022-08-03 15:52:57,045] {processor.py:161} INFO - Processing /home/airflow/.local/lib/python3.7/site-packages/airflow/example_dags/example_nested_branch_dag.py took 0.107 seconds
[2022-08-03 15:53:28,142] {processor.py:153} INFO - Started process (PID=25818) to work on /home/airflow/.local/lib/python3.7/site-packages/airflow/example_dags/example_nested_branch_dag.py
[2022-08-03 15:53:28,143] {processor.py:641} INFO - Processing file /home/airflow/.local/lib/python3.7/site-packages/airflow/example_dags/example_nested_branch_dag.py for tasks to queue
[2022-08-03 15:53:28,144] {logging_mixin.py:115} INFO - [2022-08-03 15:53:28,144] {dagbag.py:508} INFO - Filling up the DagBag from /home/airflow/.local/lib/python3.7/site-packages/airflow/example_dags/example_nested_branch_dag.py
[2022-08-03 15:53:28,160] {processor.py:651} INFO - DAG(s) dict_keys(['example_nested_branch_dag']) retrieved from /home/airflow/.local/lib/python3.7/site-packages/airflow/example_dags/example_nested_branch_dag.py
[2022-08-03 15:53:28,201] {logging_mixin.py:115} INFO - [2022-08-03 15:53:28,201] {dag.py:2420} INFO - Sync 1 DAGs
[2022-08-03 15:53:28,241] {logging_mixin.py:115} INFO - [2022-08-03 15:53:28,241] {dag.py:2972} INFO - Setting next_dagrun for example_nested_branch_dag to 2022-08-02T00:00:00+00:00, run_after=2022-08-03T00:00:00+00:00
[2022-08-03 15:53:28,259] {processor.py:161} INFO - Processing /home/airflow/.local/lib/python3.7/site-packages/airflow/example_dags/example_nested_branch_dag.py took 0.122 seconds
[2022-08-03 15:53:59,042] {processor.py:153} INFO - Started process (PID=26012) to work on /home/airflow/.local/lib/python3.7/site-packages/airflow/example_dags/example_nested_branch_dag.py
[2022-08-03 15:53:59,043] {processor.py:641} INFO - Processing file /home/airflow/.local/lib/python3.7/site-packages/airflow/example_dags/example_nested_branch_dag.py for tasks to queue
[2022-08-03 15:53:59,043] {logging_mixin.py:115} INFO - [2022-08-03 15:53:59,043] {dagbag.py:508} INFO - Filling up the DagBag from /home/airflow/.local/lib/python3.7/site-packages/airflow/example_dags/example_nested_branch_dag.py
[2022-08-03 15:53:59,056] {processor.py:651} INFO - DAG(s) dict_keys(['example_nested_branch_dag']) retrieved from /home/airflow/.local/lib/python3.7/site-packages/airflow/example_dags/example_nested_branch_dag.py
[2022-08-03 15:53:59,088] {logging_mixin.py:115} INFO - [2022-08-03 15:53:59,088] {dag.py:2420} INFO - Sync 1 DAGs
[2022-08-03 15:53:59,118] {logging_mixin.py:115} INFO - [2022-08-03 15:53:59,118] {dag.py:2972} INFO - Setting next_dagrun for example_nested_branch_dag to 2022-08-02T00:00:00+00:00, run_after=2022-08-03T00:00:00+00:00
[2022-08-03 15:53:59,135] {processor.py:161} INFO - Processing /home/airflow/.local/lib/python3.7/site-packages/airflow/example_dags/example_nested_branch_dag.py took 0.097 seconds
[2022-08-03 15:54:29,799] {processor.py:153} INFO - Started process (PID=26215) to work on /home/airflow/.local/lib/python3.7/site-packages/airflow/example_dags/example_nested_branch_dag.py
[2022-08-03 15:54:29,800] {processor.py:641} INFO - Processing file /home/airflow/.local/lib/python3.7/site-packages/airflow/example_dags/example_nested_branch_dag.py for tasks to queue
[2022-08-03 15:54:29,801] {logging_mixin.py:115} INFO - [2022-08-03 15:54:29,801] {dagbag.py:508} INFO - Filling up the DagBag from /home/airflow/.local/lib/python3.7/site-packages/airflow/example_dags/example_nested_branch_dag.py
[2022-08-03 15:54:29,812] {processor.py:651} INFO - DAG(s) dict_keys(['example_nested_branch_dag']) retrieved from /home/airflow/.local/lib/python3.7/site-packages/airflow/example_dags/example_nested_branch_dag.py
[2022-08-03 15:54:29,838] {logging_mixin.py:115} INFO - [2022-08-03 15:54:29,838] {dag.py:2420} INFO - Sync 1 DAGs
[2022-08-03 15:54:29,862] {logging_mixin.py:115} INFO - [2022-08-03 15:54:29,861] {dag.py:2972} INFO - Setting next_dagrun for example_nested_branch_dag to 2022-08-02T00:00:00+00:00, run_after=2022-08-03T00:00:00+00:00
[2022-08-03 15:54:29,874] {processor.py:161} INFO - Processing /home/airflow/.local/lib/python3.7/site-packages/airflow/example_dags/example_nested_branch_dag.py took 0.078 seconds
