[2022-08-03 15:45:12,687] {processor.py:153} INFO - Started process (PID=22546) to work on /home/airflow/.local/lib/python3.7/site-packages/airflow/example_dags/example_branch_operator_decorator.py
[2022-08-03 15:45:12,689] {processor.py:641} INFO - Processing file /home/airflow/.local/lib/python3.7/site-packages/airflow/example_dags/example_branch_operator_decorator.py for tasks to queue
[2022-08-03 15:45:12,690] {logging_mixin.py:115} INFO - [2022-08-03 15:45:12,690] {dagbag.py:508} INFO - Filling up the DagBag from /home/airflow/.local/lib/python3.7/site-packages/airflow/example_dags/example_branch_operator_decorator.py
[2022-08-03 15:45:12,725] {processor.py:651} INFO - DAG(s) dict_keys(['example_branch_python_operator_decorator']) retrieved from /home/airflow/.local/lib/python3.7/site-packages/airflow/example_dags/example_branch_operator_decorator.py
[2022-08-03 15:45:12,798] {logging_mixin.py:115} INFO - [2022-08-03 15:45:12,797] {dag.py:2420} INFO - Sync 1 DAGs
[2022-08-03 15:45:12,874] {logging_mixin.py:115} INFO - [2022-08-03 15:45:12,874] {dag.py:2972} INFO - Setting next_dagrun for example_branch_python_operator_decorator to 2022-08-02T00:00:00+00:00, run_after=2022-08-03T00:00:00+00:00
[2022-08-03 15:45:12,919] {processor.py:161} INFO - Processing /home/airflow/.local/lib/python3.7/site-packages/airflow/example_dags/example_branch_operator_decorator.py took 0.236 seconds
[2022-08-03 15:45:43,716] {processor.py:153} INFO - Started process (PID=22763) to work on /home/airflow/.local/lib/python3.7/site-packages/airflow/example_dags/example_branch_operator_decorator.py
[2022-08-03 15:45:43,718] {processor.py:641} INFO - Processing file /home/airflow/.local/lib/python3.7/site-packages/airflow/example_dags/example_branch_operator_decorator.py for tasks to queue
[2022-08-03 15:45:43,718] {logging_mixin.py:115} INFO - [2022-08-03 15:45:43,718] {dagbag.py:508} INFO - Filling up the DagBag from /home/airflow/.local/lib/python3.7/site-packages/airflow/example_dags/example_branch_operator_decorator.py
[2022-08-03 15:45:43,740] {processor.py:651} INFO - DAG(s) dict_keys(['example_branch_python_operator_decorator']) retrieved from /home/airflow/.local/lib/python3.7/site-packages/airflow/example_dags/example_branch_operator_decorator.py
[2022-08-03 15:45:43,775] {logging_mixin.py:115} INFO - [2022-08-03 15:45:43,775] {dag.py:2420} INFO - Sync 1 DAGs
[2022-08-03 15:45:43,806] {logging_mixin.py:115} INFO - [2022-08-03 15:45:43,806] {dag.py:2972} INFO - Setting next_dagrun for example_branch_python_operator_decorator to 2022-08-02T00:00:00+00:00, run_after=2022-08-03T00:00:00+00:00
[2022-08-03 15:45:43,827] {processor.py:161} INFO - Processing /home/airflow/.local/lib/python3.7/site-packages/airflow/example_dags/example_branch_operator_decorator.py took 0.114 seconds
[2022-08-03 15:46:14,437] {processor.py:153} INFO - Started process (PID=22960) to work on /home/airflow/.local/lib/python3.7/site-packages/airflow/example_dags/example_branch_operator_decorator.py
[2022-08-03 15:46:14,438] {processor.py:641} INFO - Processing file /home/airflow/.local/lib/python3.7/site-packages/airflow/example_dags/example_branch_operator_decorator.py for tasks to queue
[2022-08-03 15:46:14,439] {logging_mixin.py:115} INFO - [2022-08-03 15:46:14,439] {dagbag.py:508} INFO - Filling up the DagBag from /home/airflow/.local/lib/python3.7/site-packages/airflow/example_dags/example_branch_operator_decorator.py
[2022-08-03 15:46:14,458] {processor.py:651} INFO - DAG(s) dict_keys(['example_branch_python_operator_decorator']) retrieved from /home/airflow/.local/lib/python3.7/site-packages/airflow/example_dags/example_branch_operator_decorator.py
[2022-08-03 15:46:14,486] {logging_mixin.py:115} INFO - [2022-08-03 15:46:14,485] {dag.py:2420} INFO - Sync 1 DAGs
[2022-08-03 15:46:14,511] {logging_mixin.py:115} INFO - [2022-08-03 15:46:14,511] {dag.py:2972} INFO - Setting next_dagrun for example_branch_python_operator_decorator to 2022-08-02T00:00:00+00:00, run_after=2022-08-03T00:00:00+00:00
[2022-08-03 15:46:14,527] {processor.py:161} INFO - Processing /home/airflow/.local/lib/python3.7/site-packages/airflow/example_dags/example_branch_operator_decorator.py took 0.093 seconds
[2022-08-03 15:46:45,148] {processor.py:153} INFO - Started process (PID=23163) to work on /home/airflow/.local/lib/python3.7/site-packages/airflow/example_dags/example_branch_operator_decorator.py
[2022-08-03 15:46:45,149] {processor.py:641} INFO - Processing file /home/airflow/.local/lib/python3.7/site-packages/airflow/example_dags/example_branch_operator_decorator.py for tasks to queue
[2022-08-03 15:46:45,150] {logging_mixin.py:115} INFO - [2022-08-03 15:46:45,150] {dagbag.py:508} INFO - Filling up the DagBag from /home/airflow/.local/lib/python3.7/site-packages/airflow/example_dags/example_branch_operator_decorator.py
[2022-08-03 15:46:45,184] {processor.py:651} INFO - DAG(s) dict_keys(['example_branch_python_operator_decorator']) retrieved from /home/airflow/.local/lib/python3.7/site-packages/airflow/example_dags/example_branch_operator_decorator.py
[2022-08-03 15:46:45,232] {logging_mixin.py:115} INFO - [2022-08-03 15:46:45,231] {dag.py:2420} INFO - Sync 1 DAGs
[2022-08-03 15:46:45,273] {logging_mixin.py:115} INFO - [2022-08-03 15:46:45,272] {dag.py:2972} INFO - Setting next_dagrun for example_branch_python_operator_decorator to 2022-08-02T00:00:00+00:00, run_after=2022-08-03T00:00:00+00:00
[2022-08-03 15:46:45,294] {processor.py:161} INFO - Processing /home/airflow/.local/lib/python3.7/site-packages/airflow/example_dags/example_branch_operator_decorator.py took 0.153 seconds
[2022-08-03 15:47:16,278] {processor.py:153} INFO - Started process (PID=23356) to work on /home/airflow/.local/lib/python3.7/site-packages/airflow/example_dags/example_branch_operator_decorator.py
[2022-08-03 15:47:16,279] {processor.py:641} INFO - Processing file /home/airflow/.local/lib/python3.7/site-packages/airflow/example_dags/example_branch_operator_decorator.py for tasks to queue
[2022-08-03 15:47:16,280] {logging_mixin.py:115} INFO - [2022-08-03 15:47:16,280] {dagbag.py:508} INFO - Filling up the DagBag from /home/airflow/.local/lib/python3.7/site-packages/airflow/example_dags/example_branch_operator_decorator.py
[2022-08-03 15:47:16,302] {processor.py:651} INFO - DAG(s) dict_keys(['example_branch_python_operator_decorator']) retrieved from /home/airflow/.local/lib/python3.7/site-packages/airflow/example_dags/example_branch_operator_decorator.py
[2022-08-03 15:47:16,335] {logging_mixin.py:115} INFO - [2022-08-03 15:47:16,334] {dag.py:2420} INFO - Sync 1 DAGs
[2022-08-03 15:47:16,371] {logging_mixin.py:115} INFO - [2022-08-03 15:47:16,370] {dag.py:2972} INFO - Setting next_dagrun for example_branch_python_operator_decorator to 2022-08-02T00:00:00+00:00, run_after=2022-08-03T00:00:00+00:00
[2022-08-03 15:47:16,390] {processor.py:161} INFO - Processing /home/airflow/.local/lib/python3.7/site-packages/airflow/example_dags/example_branch_operator_decorator.py took 0.115 seconds
[2022-08-03 15:47:46,507] {processor.py:153} INFO - Started process (PID=23558) to work on /home/airflow/.local/lib/python3.7/site-packages/airflow/example_dags/example_branch_operator_decorator.py
[2022-08-03 15:47:46,509] {processor.py:641} INFO - Processing file /home/airflow/.local/lib/python3.7/site-packages/airflow/example_dags/example_branch_operator_decorator.py for tasks to queue
[2022-08-03 15:47:46,510] {logging_mixin.py:115} INFO - [2022-08-03 15:47:46,510] {dagbag.py:508} INFO - Filling up the DagBag from /home/airflow/.local/lib/python3.7/site-packages/airflow/example_dags/example_branch_operator_decorator.py
[2022-08-03 15:47:46,532] {processor.py:651} INFO - DAG(s) dict_keys(['example_branch_python_operator_decorator']) retrieved from /home/airflow/.local/lib/python3.7/site-packages/airflow/example_dags/example_branch_operator_decorator.py
[2022-08-03 15:47:46,567] {logging_mixin.py:115} INFO - [2022-08-03 15:47:46,567] {dag.py:2420} INFO - Sync 1 DAGs
[2022-08-03 15:47:46,596] {logging_mixin.py:115} INFO - [2022-08-03 15:47:46,596] {dag.py:2972} INFO - Setting next_dagrun for example_branch_python_operator_decorator to 2022-08-02T00:00:00+00:00, run_after=2022-08-03T00:00:00+00:00
[2022-08-03 15:47:46,613] {processor.py:161} INFO - Processing /home/airflow/.local/lib/python3.7/site-packages/airflow/example_dags/example_branch_operator_decorator.py took 0.109 seconds
[2022-08-03 15:48:17,844] {processor.py:153} INFO - Started process (PID=23753) to work on /home/airflow/.local/lib/python3.7/site-packages/airflow/example_dags/example_branch_operator_decorator.py
[2022-08-03 15:48:17,845] {processor.py:641} INFO - Processing file /home/airflow/.local/lib/python3.7/site-packages/airflow/example_dags/example_branch_operator_decorator.py for tasks to queue
[2022-08-03 15:48:17,847] {logging_mixin.py:115} INFO - [2022-08-03 15:48:17,846] {dagbag.py:508} INFO - Filling up the DagBag from /home/airflow/.local/lib/python3.7/site-packages/airflow/example_dags/example_branch_operator_decorator.py
[2022-08-03 15:48:17,876] {processor.py:651} INFO - DAG(s) dict_keys(['example_branch_python_operator_decorator']) retrieved from /home/airflow/.local/lib/python3.7/site-packages/airflow/example_dags/example_branch_operator_decorator.py
[2022-08-03 15:48:17,919] {logging_mixin.py:115} INFO - [2022-08-03 15:48:17,919] {dag.py:2420} INFO - Sync 1 DAGs
[2022-08-03 15:48:17,963] {logging_mixin.py:115} INFO - [2022-08-03 15:48:17,963] {dag.py:2972} INFO - Setting next_dagrun for example_branch_python_operator_decorator to 2022-08-02T00:00:00+00:00, run_after=2022-08-03T00:00:00+00:00
[2022-08-03 15:48:17,987] {processor.py:161} INFO - Processing /home/airflow/.local/lib/python3.7/site-packages/airflow/example_dags/example_branch_operator_decorator.py took 0.148 seconds
[2022-08-03 15:48:48,776] {processor.py:153} INFO - Started process (PID=23956) to work on /home/airflow/.local/lib/python3.7/site-packages/airflow/example_dags/example_branch_operator_decorator.py
[2022-08-03 15:48:48,777] {processor.py:641} INFO - Processing file /home/airflow/.local/lib/python3.7/site-packages/airflow/example_dags/example_branch_operator_decorator.py for tasks to queue
[2022-08-03 15:48:48,777] {logging_mixin.py:115} INFO - [2022-08-03 15:48:48,777] {dagbag.py:508} INFO - Filling up the DagBag from /home/airflow/.local/lib/python3.7/site-packages/airflow/example_dags/example_branch_operator_decorator.py
[2022-08-03 15:48:48,804] {processor.py:651} INFO - DAG(s) dict_keys(['example_branch_python_operator_decorator']) retrieved from /home/airflow/.local/lib/python3.7/site-packages/airflow/example_dags/example_branch_operator_decorator.py
[2022-08-03 15:48:48,846] {logging_mixin.py:115} INFO - [2022-08-03 15:48:48,846] {dag.py:2420} INFO - Sync 1 DAGs
[2022-08-03 15:48:48,880] {logging_mixin.py:115} INFO - [2022-08-03 15:48:48,880] {dag.py:2972} INFO - Setting next_dagrun for example_branch_python_operator_decorator to 2022-08-02T00:00:00+00:00, run_after=2022-08-03T00:00:00+00:00
[2022-08-03 15:48:48,899] {processor.py:161} INFO - Processing /home/airflow/.local/lib/python3.7/site-packages/airflow/example_dags/example_branch_operator_decorator.py took 0.126 seconds
[2022-08-03 15:49:19,535] {processor.py:153} INFO - Started process (PID=24150) to work on /home/airflow/.local/lib/python3.7/site-packages/airflow/example_dags/example_branch_operator_decorator.py
[2022-08-03 15:49:19,536] {processor.py:641} INFO - Processing file /home/airflow/.local/lib/python3.7/site-packages/airflow/example_dags/example_branch_operator_decorator.py for tasks to queue
[2022-08-03 15:49:19,537] {logging_mixin.py:115} INFO - [2022-08-03 15:49:19,537] {dagbag.py:508} INFO - Filling up the DagBag from /home/airflow/.local/lib/python3.7/site-packages/airflow/example_dags/example_branch_operator_decorator.py
[2022-08-03 15:49:19,564] {processor.py:651} INFO - DAG(s) dict_keys(['example_branch_python_operator_decorator']) retrieved from /home/airflow/.local/lib/python3.7/site-packages/airflow/example_dags/example_branch_operator_decorator.py
[2022-08-03 15:49:19,601] {logging_mixin.py:115} INFO - [2022-08-03 15:49:19,601] {dag.py:2420} INFO - Sync 1 DAGs
[2022-08-03 15:49:19,634] {logging_mixin.py:115} INFO - [2022-08-03 15:49:19,634] {dag.py:2972} INFO - Setting next_dagrun for example_branch_python_operator_decorator to 2022-08-02T00:00:00+00:00, run_after=2022-08-03T00:00:00+00:00
[2022-08-03 15:49:19,655] {processor.py:161} INFO - Processing /home/airflow/.local/lib/python3.7/site-packages/airflow/example_dags/example_branch_operator_decorator.py took 0.124 seconds
[2022-08-03 15:49:49,908] {processor.py:153} INFO - Started process (PID=24352) to work on /home/airflow/.local/lib/python3.7/site-packages/airflow/example_dags/example_branch_operator_decorator.py
[2022-08-03 15:49:49,909] {processor.py:641} INFO - Processing file /home/airflow/.local/lib/python3.7/site-packages/airflow/example_dags/example_branch_operator_decorator.py for tasks to queue
[2022-08-03 15:49:49,910] {logging_mixin.py:115} INFO - [2022-08-03 15:49:49,910] {dagbag.py:508} INFO - Filling up the DagBag from /home/airflow/.local/lib/python3.7/site-packages/airflow/example_dags/example_branch_operator_decorator.py
[2022-08-03 15:49:49,935] {processor.py:651} INFO - DAG(s) dict_keys(['example_branch_python_operator_decorator']) retrieved from /home/airflow/.local/lib/python3.7/site-packages/airflow/example_dags/example_branch_operator_decorator.py
[2022-08-03 15:49:49,975] {logging_mixin.py:115} INFO - [2022-08-03 15:49:49,975] {dag.py:2420} INFO - Sync 1 DAGs
[2022-08-03 15:49:50,007] {logging_mixin.py:115} INFO - [2022-08-03 15:49:50,007] {dag.py:2972} INFO - Setting next_dagrun for example_branch_python_operator_decorator to 2022-08-02T00:00:00+00:00, run_after=2022-08-03T00:00:00+00:00
[2022-08-03 15:49:50,027] {processor.py:161} INFO - Processing /home/airflow/.local/lib/python3.7/site-packages/airflow/example_dags/example_branch_operator_decorator.py took 0.125 seconds
[2022-08-03 15:50:20,229] {processor.py:153} INFO - Started process (PID=24542) to work on /home/airflow/.local/lib/python3.7/site-packages/airflow/example_dags/example_branch_operator_decorator.py
[2022-08-03 15:50:20,231] {processor.py:641} INFO - Processing file /home/airflow/.local/lib/python3.7/site-packages/airflow/example_dags/example_branch_operator_decorator.py for tasks to queue
[2022-08-03 15:50:20,233] {logging_mixin.py:115} INFO - [2022-08-03 15:50:20,233] {dagbag.py:508} INFO - Filling up the DagBag from /home/airflow/.local/lib/python3.7/site-packages/airflow/example_dags/example_branch_operator_decorator.py
[2022-08-03 15:50:20,267] {processor.py:651} INFO - DAG(s) dict_keys(['example_branch_python_operator_decorator']) retrieved from /home/airflow/.local/lib/python3.7/site-packages/airflow/example_dags/example_branch_operator_decorator.py
[2022-08-03 15:50:20,304] {logging_mixin.py:115} INFO - [2022-08-03 15:50:20,304] {dag.py:2420} INFO - Sync 1 DAGs
[2022-08-03 15:50:20,338] {logging_mixin.py:115} INFO - [2022-08-03 15:50:20,338] {dag.py:2972} INFO - Setting next_dagrun for example_branch_python_operator_decorator to 2022-08-02T00:00:00+00:00, run_after=2022-08-03T00:00:00+00:00
[2022-08-03 15:50:20,362] {processor.py:161} INFO - Processing /home/airflow/.local/lib/python3.7/site-packages/airflow/example_dags/example_branch_operator_decorator.py took 0.143 seconds
[2022-08-03 15:50:50,537] {processor.py:153} INFO - Started process (PID=24747) to work on /home/airflow/.local/lib/python3.7/site-packages/airflow/example_dags/example_branch_operator_decorator.py
[2022-08-03 15:50:50,539] {processor.py:641} INFO - Processing file /home/airflow/.local/lib/python3.7/site-packages/airflow/example_dags/example_branch_operator_decorator.py for tasks to queue
[2022-08-03 15:50:50,539] {logging_mixin.py:115} INFO - [2022-08-03 15:50:50,539] {dagbag.py:508} INFO - Filling up the DagBag from /home/airflow/.local/lib/python3.7/site-packages/airflow/example_dags/example_branch_operator_decorator.py
[2022-08-03 15:50:50,566] {processor.py:651} INFO - DAG(s) dict_keys(['example_branch_python_operator_decorator']) retrieved from /home/airflow/.local/lib/python3.7/site-packages/airflow/example_dags/example_branch_operator_decorator.py
[2022-08-03 15:50:50,603] {logging_mixin.py:115} INFO - [2022-08-03 15:50:50,603] {dag.py:2420} INFO - Sync 1 DAGs
[2022-08-03 15:50:50,635] {logging_mixin.py:115} INFO - [2022-08-03 15:50:50,635] {dag.py:2972} INFO - Setting next_dagrun for example_branch_python_operator_decorator to 2022-08-02T00:00:00+00:00, run_after=2022-08-03T00:00:00+00:00
[2022-08-03 15:50:50,653] {processor.py:161} INFO - Processing /home/airflow/.local/lib/python3.7/site-packages/airflow/example_dags/example_branch_operator_decorator.py took 0.119 seconds
[2022-08-03 15:51:20,696] {processor.py:153} INFO - Started process (PID=24941) to work on /home/airflow/.local/lib/python3.7/site-packages/airflow/example_dags/example_branch_operator_decorator.py
[2022-08-03 15:51:20,697] {processor.py:641} INFO - Processing file /home/airflow/.local/lib/python3.7/site-packages/airflow/example_dags/example_branch_operator_decorator.py for tasks to queue
[2022-08-03 15:51:20,698] {logging_mixin.py:115} INFO - [2022-08-03 15:51:20,697] {dagbag.py:508} INFO - Filling up the DagBag from /home/airflow/.local/lib/python3.7/site-packages/airflow/example_dags/example_branch_operator_decorator.py
[2022-08-03 15:51:20,720] {processor.py:651} INFO - DAG(s) dict_keys(['example_branch_python_operator_decorator']) retrieved from /home/airflow/.local/lib/python3.7/site-packages/airflow/example_dags/example_branch_operator_decorator.py
[2022-08-03 15:51:20,743] {logging_mixin.py:115} INFO - [2022-08-03 15:51:20,743] {dag.py:2420} INFO - Sync 1 DAGs
[2022-08-03 15:51:20,764] {logging_mixin.py:115} INFO - [2022-08-03 15:51:20,764] {dag.py:2972} INFO - Setting next_dagrun for example_branch_python_operator_decorator to 2022-08-02T00:00:00+00:00, run_after=2022-08-03T00:00:00+00:00
[2022-08-03 15:51:20,777] {processor.py:161} INFO - Processing /home/airflow/.local/lib/python3.7/site-packages/airflow/example_dags/example_branch_operator_decorator.py took 0.083 seconds
[2022-08-03 15:51:51,330] {processor.py:153} INFO - Started process (PID=25142) to work on /home/airflow/.local/lib/python3.7/site-packages/airflow/example_dags/example_branch_operator_decorator.py
[2022-08-03 15:51:51,331] {processor.py:641} INFO - Processing file /home/airflow/.local/lib/python3.7/site-packages/airflow/example_dags/example_branch_operator_decorator.py for tasks to queue
[2022-08-03 15:51:51,332] {logging_mixin.py:115} INFO - [2022-08-03 15:51:51,332] {dagbag.py:508} INFO - Filling up the DagBag from /home/airflow/.local/lib/python3.7/site-packages/airflow/example_dags/example_branch_operator_decorator.py
[2022-08-03 15:51:51,357] {processor.py:651} INFO - DAG(s) dict_keys(['example_branch_python_operator_decorator']) retrieved from /home/airflow/.local/lib/python3.7/site-packages/airflow/example_dags/example_branch_operator_decorator.py
[2022-08-03 15:51:51,392] {logging_mixin.py:115} INFO - [2022-08-03 15:51:51,392] {dag.py:2420} INFO - Sync 1 DAGs
[2022-08-03 15:51:51,428] {logging_mixin.py:115} INFO - [2022-08-03 15:51:51,428] {dag.py:2972} INFO - Setting next_dagrun for example_branch_python_operator_decorator to 2022-08-02T00:00:00+00:00, run_after=2022-08-03T00:00:00+00:00
[2022-08-03 15:51:51,446] {processor.py:161} INFO - Processing /home/airflow/.local/lib/python3.7/site-packages/airflow/example_dags/example_branch_operator_decorator.py took 0.120 seconds
[2022-08-03 15:52:22,341] {processor.py:153} INFO - Started process (PID=25336) to work on /home/airflow/.local/lib/python3.7/site-packages/airflow/example_dags/example_branch_operator_decorator.py
[2022-08-03 15:52:22,343] {processor.py:641} INFO - Processing file /home/airflow/.local/lib/python3.7/site-packages/airflow/example_dags/example_branch_operator_decorator.py for tasks to queue
[2022-08-03 15:52:22,344] {logging_mixin.py:115} INFO - [2022-08-03 15:52:22,344] {dagbag.py:508} INFO - Filling up the DagBag from /home/airflow/.local/lib/python3.7/site-packages/airflow/example_dags/example_branch_operator_decorator.py
[2022-08-03 15:52:22,373] {processor.py:651} INFO - DAG(s) dict_keys(['example_branch_python_operator_decorator']) retrieved from /home/airflow/.local/lib/python3.7/site-packages/airflow/example_dags/example_branch_operator_decorator.py
[2022-08-03 15:52:22,408] {logging_mixin.py:115} INFO - [2022-08-03 15:52:22,408] {dag.py:2420} INFO - Sync 1 DAGs
[2022-08-03 15:52:22,437] {logging_mixin.py:115} INFO - [2022-08-03 15:52:22,437] {dag.py:2972} INFO - Setting next_dagrun for example_branch_python_operator_decorator to 2022-08-02T00:00:00+00:00, run_after=2022-08-03T00:00:00+00:00
[2022-08-03 15:52:22,456] {processor.py:161} INFO - Processing /home/airflow/.local/lib/python3.7/site-packages/airflow/example_dags/example_branch_operator_decorator.py took 0.118 seconds
[2022-08-03 15:52:53,366] {processor.py:153} INFO - Started process (PID=25539) to work on /home/airflow/.local/lib/python3.7/site-packages/airflow/example_dags/example_branch_operator_decorator.py
[2022-08-03 15:52:53,367] {processor.py:641} INFO - Processing file /home/airflow/.local/lib/python3.7/site-packages/airflow/example_dags/example_branch_operator_decorator.py for tasks to queue
[2022-08-03 15:52:53,368] {logging_mixin.py:115} INFO - [2022-08-03 15:52:53,368] {dagbag.py:508} INFO - Filling up the DagBag from /home/airflow/.local/lib/python3.7/site-packages/airflow/example_dags/example_branch_operator_decorator.py
[2022-08-03 15:52:53,390] {processor.py:651} INFO - DAG(s) dict_keys(['example_branch_python_operator_decorator']) retrieved from /home/airflow/.local/lib/python3.7/site-packages/airflow/example_dags/example_branch_operator_decorator.py
[2022-08-03 15:52:53,423] {logging_mixin.py:115} INFO - [2022-08-03 15:52:53,423] {dag.py:2420} INFO - Sync 1 DAGs
[2022-08-03 15:52:53,458] {logging_mixin.py:115} INFO - [2022-08-03 15:52:53,458] {dag.py:2972} INFO - Setting next_dagrun for example_branch_python_operator_decorator to 2022-08-02T00:00:00+00:00, run_after=2022-08-03T00:00:00+00:00
[2022-08-03 15:52:53,474] {processor.py:161} INFO - Processing /home/airflow/.local/lib/python3.7/site-packages/airflow/example_dags/example_branch_operator_decorator.py took 0.111 seconds
[2022-08-03 15:53:24,644] {processor.py:153} INFO - Started process (PID=25742) to work on /home/airflow/.local/lib/python3.7/site-packages/airflow/example_dags/example_branch_operator_decorator.py
[2022-08-03 15:53:24,646] {processor.py:641} INFO - Processing file /home/airflow/.local/lib/python3.7/site-packages/airflow/example_dags/example_branch_operator_decorator.py for tasks to queue
[2022-08-03 15:53:24,647] {logging_mixin.py:115} INFO - [2022-08-03 15:53:24,646] {dagbag.py:508} INFO - Filling up the DagBag from /home/airflow/.local/lib/python3.7/site-packages/airflow/example_dags/example_branch_operator_decorator.py
[2022-08-03 15:53:24,669] {processor.py:651} INFO - DAG(s) dict_keys(['example_branch_python_operator_decorator']) retrieved from /home/airflow/.local/lib/python3.7/site-packages/airflow/example_dags/example_branch_operator_decorator.py
[2022-08-03 15:53:24,708] {logging_mixin.py:115} INFO - [2022-08-03 15:53:24,708] {dag.py:2420} INFO - Sync 1 DAGs
[2022-08-03 15:53:24,746] {logging_mixin.py:115} INFO - [2022-08-03 15:53:24,746] {dag.py:2972} INFO - Setting next_dagrun for example_branch_python_operator_decorator to 2022-08-02T00:00:00+00:00, run_after=2022-08-03T00:00:00+00:00
[2022-08-03 15:53:24,764] {processor.py:161} INFO - Processing /home/airflow/.local/lib/python3.7/site-packages/airflow/example_dags/example_branch_operator_decorator.py took 0.125 seconds
[2022-08-03 15:53:54,843] {processor.py:153} INFO - Started process (PID=25938) to work on /home/airflow/.local/lib/python3.7/site-packages/airflow/example_dags/example_branch_operator_decorator.py
[2022-08-03 15:53:54,845] {processor.py:641} INFO - Processing file /home/airflow/.local/lib/python3.7/site-packages/airflow/example_dags/example_branch_operator_decorator.py for tasks to queue
[2022-08-03 15:53:54,846] {logging_mixin.py:115} INFO - [2022-08-03 15:53:54,846] {dagbag.py:508} INFO - Filling up the DagBag from /home/airflow/.local/lib/python3.7/site-packages/airflow/example_dags/example_branch_operator_decorator.py
[2022-08-03 15:53:54,869] {processor.py:651} INFO - DAG(s) dict_keys(['example_branch_python_operator_decorator']) retrieved from /home/airflow/.local/lib/python3.7/site-packages/airflow/example_dags/example_branch_operator_decorator.py
[2022-08-03 15:53:54,905] {logging_mixin.py:115} INFO - [2022-08-03 15:53:54,904] {dag.py:2420} INFO - Sync 1 DAGs
[2022-08-03 15:53:54,937] {logging_mixin.py:115} INFO - [2022-08-03 15:53:54,937] {dag.py:2972} INFO - Setting next_dagrun for example_branch_python_operator_decorator to 2022-08-02T00:00:00+00:00, run_after=2022-08-03T00:00:00+00:00
[2022-08-03 15:53:54,964] {processor.py:161} INFO - Processing /home/airflow/.local/lib/python3.7/site-packages/airflow/example_dags/example_branch_operator_decorator.py took 0.124 seconds
[2022-08-03 15:54:25,702] {processor.py:153} INFO - Started process (PID=26137) to work on /home/airflow/.local/lib/python3.7/site-packages/airflow/example_dags/example_branch_operator_decorator.py
[2022-08-03 15:54:25,702] {processor.py:641} INFO - Processing file /home/airflow/.local/lib/python3.7/site-packages/airflow/example_dags/example_branch_operator_decorator.py for tasks to queue
[2022-08-03 15:54:25,703] {logging_mixin.py:115} INFO - [2022-08-03 15:54:25,703] {dagbag.py:508} INFO - Filling up the DagBag from /home/airflow/.local/lib/python3.7/site-packages/airflow/example_dags/example_branch_operator_decorator.py
[2022-08-03 15:54:25,731] {processor.py:651} INFO - DAG(s) dict_keys(['example_branch_python_operator_decorator']) retrieved from /home/airflow/.local/lib/python3.7/site-packages/airflow/example_dags/example_branch_operator_decorator.py
[2022-08-03 15:54:25,768] {logging_mixin.py:115} INFO - [2022-08-03 15:54:25,768] {dag.py:2420} INFO - Sync 1 DAGs
[2022-08-03 15:54:25,798] {logging_mixin.py:115} INFO - [2022-08-03 15:54:25,797] {dag.py:2972} INFO - Setting next_dagrun for example_branch_python_operator_decorator to 2022-08-02T00:00:00+00:00, run_after=2022-08-03T00:00:00+00:00
[2022-08-03 15:54:25,818] {processor.py:161} INFO - Processing /home/airflow/.local/lib/python3.7/site-packages/airflow/example_dags/example_branch_operator_decorator.py took 0.120 seconds
