[2022-08-03 15:45:13,798] {processor.py:153} INFO - Started process (PID=22601) to work on /home/airflow/.local/lib/python3.7/site-packages/airflow/example_dags/example_sla_dag.py
[2022-08-03 15:45:13,802] {processor.py:641} INFO - Processing file /home/airflow/.local/lib/python3.7/site-packages/airflow/example_dags/example_sla_dag.py for tasks to queue
[2022-08-03 15:45:13,805] {logging_mixin.py:115} INFO - [2022-08-03 15:45:13,805] {dagbag.py:508} INFO - Filling up the DagBag from /home/airflow/.local/lib/python3.7/site-packages/airflow/example_dags/example_sla_dag.py
[2022-08-03 15:45:13,855] {processor.py:651} INFO - DAG(s) dict_keys(['example_sla_dag']) retrieved from /home/airflow/.local/lib/python3.7/site-packages/airflow/example_dags/example_sla_dag.py
[2022-08-03 15:45:13,908] {logging_mixin.py:115} INFO - [2022-08-03 15:45:13,907] {dag.py:2420} INFO - Sync 1 DAGs
[2022-08-03 15:45:13,973] {logging_mixin.py:115} INFO - [2022-08-03 15:45:13,972] {dag.py:2972} INFO - Setting next_dagrun for example_sla_dag to 2022-08-03T15:42:00+00:00, run_after=2022-08-03T15:44:00+00:00
[2022-08-03 15:45:14,012] {processor.py:161} INFO - Processing /home/airflow/.local/lib/python3.7/site-packages/airflow/example_dags/example_sla_dag.py took 0.219 seconds
[2022-08-03 15:45:44,584] {processor.py:153} INFO - Started process (PID=22818) to work on /home/airflow/.local/lib/python3.7/site-packages/airflow/example_dags/example_sla_dag.py
[2022-08-03 15:45:44,585] {processor.py:641} INFO - Processing file /home/airflow/.local/lib/python3.7/site-packages/airflow/example_dags/example_sla_dag.py for tasks to queue
[2022-08-03 15:45:44,586] {logging_mixin.py:115} INFO - [2022-08-03 15:45:44,586] {dagbag.py:508} INFO - Filling up the DagBag from /home/airflow/.local/lib/python3.7/site-packages/airflow/example_dags/example_sla_dag.py
[2022-08-03 15:45:44,608] {processor.py:651} INFO - DAG(s) dict_keys(['example_sla_dag']) retrieved from /home/airflow/.local/lib/python3.7/site-packages/airflow/example_dags/example_sla_dag.py
[2022-08-03 15:45:44,636] {logging_mixin.py:115} INFO - [2022-08-03 15:45:44,636] {dag.py:2420} INFO - Sync 1 DAGs
[2022-08-03 15:45:44,671] {logging_mixin.py:115} INFO - [2022-08-03 15:45:44,671] {dag.py:2972} INFO - Setting next_dagrun for example_sla_dag to 2022-08-03T15:42:00+00:00, run_after=2022-08-03T15:44:00+00:00
[2022-08-03 15:45:44,688] {processor.py:161} INFO - Processing /home/airflow/.local/lib/python3.7/site-packages/airflow/example_dags/example_sla_dag.py took 0.106 seconds
[2022-08-03 15:46:15,195] {processor.py:153} INFO - Started process (PID=23015) to work on /home/airflow/.local/lib/python3.7/site-packages/airflow/example_dags/example_sla_dag.py
[2022-08-03 15:46:15,196] {processor.py:641} INFO - Processing file /home/airflow/.local/lib/python3.7/site-packages/airflow/example_dags/example_sla_dag.py for tasks to queue
[2022-08-03 15:46:15,196] {logging_mixin.py:115} INFO - [2022-08-03 15:46:15,196] {dagbag.py:508} INFO - Filling up the DagBag from /home/airflow/.local/lib/python3.7/site-packages/airflow/example_dags/example_sla_dag.py
[2022-08-03 15:46:15,215] {processor.py:651} INFO - DAG(s) dict_keys(['example_sla_dag']) retrieved from /home/airflow/.local/lib/python3.7/site-packages/airflow/example_dags/example_sla_dag.py
[2022-08-03 15:46:15,240] {logging_mixin.py:115} INFO - [2022-08-03 15:46:15,240] {dag.py:2420} INFO - Sync 1 DAGs
[2022-08-03 15:46:15,267] {logging_mixin.py:115} INFO - [2022-08-03 15:46:15,267] {dag.py:2972} INFO - Setting next_dagrun for example_sla_dag to 2022-08-03T15:44:00+00:00, run_after=2022-08-03T15:46:00+00:00
[2022-08-03 15:46:15,281] {processor.py:161} INFO - Processing /home/airflow/.local/lib/python3.7/site-packages/airflow/example_dags/example_sla_dag.py took 0.089 seconds
[2022-08-03 15:46:46,056] {processor.py:153} INFO - Started process (PID=23218) to work on /home/airflow/.local/lib/python3.7/site-packages/airflow/example_dags/example_sla_dag.py
[2022-08-03 15:46:46,057] {processor.py:641} INFO - Processing file /home/airflow/.local/lib/python3.7/site-packages/airflow/example_dags/example_sla_dag.py for tasks to queue
[2022-08-03 15:46:46,058] {logging_mixin.py:115} INFO - [2022-08-03 15:46:46,058] {dagbag.py:508} INFO - Filling up the DagBag from /home/airflow/.local/lib/python3.7/site-packages/airflow/example_dags/example_sla_dag.py
[2022-08-03 15:46:46,078] {processor.py:651} INFO - DAG(s) dict_keys(['example_sla_dag']) retrieved from /home/airflow/.local/lib/python3.7/site-packages/airflow/example_dags/example_sla_dag.py
[2022-08-03 15:46:46,111] {logging_mixin.py:115} INFO - [2022-08-03 15:46:46,111] {dag.py:2420} INFO - Sync 1 DAGs
[2022-08-03 15:46:46,150] {logging_mixin.py:115} INFO - [2022-08-03 15:46:46,150] {dag.py:2972} INFO - Setting next_dagrun for example_sla_dag to 2022-08-03T15:44:00+00:00, run_after=2022-08-03T15:46:00+00:00
[2022-08-03 15:46:46,168] {processor.py:161} INFO - Processing /home/airflow/.local/lib/python3.7/site-packages/airflow/example_dags/example_sla_dag.py took 0.116 seconds
[2022-08-03 15:47:17,223] {processor.py:153} INFO - Started process (PID=23411) to work on /home/airflow/.local/lib/python3.7/site-packages/airflow/example_dags/example_sla_dag.py
[2022-08-03 15:47:17,225] {processor.py:641} INFO - Processing file /home/airflow/.local/lib/python3.7/site-packages/airflow/example_dags/example_sla_dag.py for tasks to queue
[2022-08-03 15:47:17,226] {logging_mixin.py:115} INFO - [2022-08-03 15:47:17,226] {dagbag.py:508} INFO - Filling up the DagBag from /home/airflow/.local/lib/python3.7/site-packages/airflow/example_dags/example_sla_dag.py
[2022-08-03 15:47:17,254] {processor.py:651} INFO - DAG(s) dict_keys(['example_sla_dag']) retrieved from /home/airflow/.local/lib/python3.7/site-packages/airflow/example_dags/example_sla_dag.py
[2022-08-03 15:47:17,287] {logging_mixin.py:115} INFO - [2022-08-03 15:47:17,287] {dag.py:2420} INFO - Sync 1 DAGs
[2022-08-03 15:47:17,323] {logging_mixin.py:115} INFO - [2022-08-03 15:47:17,323] {dag.py:2972} INFO - Setting next_dagrun for example_sla_dag to 2022-08-03T15:44:00+00:00, run_after=2022-08-03T15:46:00+00:00
[2022-08-03 15:47:17,345] {processor.py:161} INFO - Processing /home/airflow/.local/lib/python3.7/site-packages/airflow/example_dags/example_sla_dag.py took 0.126 seconds
[2022-08-03 15:47:47,501] {processor.py:153} INFO - Started process (PID=23614) to work on /home/airflow/.local/lib/python3.7/site-packages/airflow/example_dags/example_sla_dag.py
[2022-08-03 15:47:47,502] {processor.py:641} INFO - Processing file /home/airflow/.local/lib/python3.7/site-packages/airflow/example_dags/example_sla_dag.py for tasks to queue
[2022-08-03 15:47:47,502] {logging_mixin.py:115} INFO - [2022-08-03 15:47:47,502] {dagbag.py:508} INFO - Filling up the DagBag from /home/airflow/.local/lib/python3.7/site-packages/airflow/example_dags/example_sla_dag.py
[2022-08-03 15:47:47,520] {processor.py:651} INFO - DAG(s) dict_keys(['example_sla_dag']) retrieved from /home/airflow/.local/lib/python3.7/site-packages/airflow/example_dags/example_sla_dag.py
[2022-08-03 15:47:47,552] {logging_mixin.py:115} INFO - [2022-08-03 15:47:47,552] {dag.py:2420} INFO - Sync 1 DAGs
[2022-08-03 15:47:47,603] {logging_mixin.py:115} INFO - [2022-08-03 15:47:47,603] {dag.py:2972} INFO - Setting next_dagrun for example_sla_dag to 2022-08-03T15:44:00+00:00, run_after=2022-08-03T15:46:00+00:00
[2022-08-03 15:47:47,626] {processor.py:161} INFO - Processing /home/airflow/.local/lib/python3.7/site-packages/airflow/example_dags/example_sla_dag.py took 0.128 seconds
[2022-08-03 15:48:18,691] {processor.py:153} INFO - Started process (PID=23808) to work on /home/airflow/.local/lib/python3.7/site-packages/airflow/example_dags/example_sla_dag.py
[2022-08-03 15:48:18,692] {processor.py:641} INFO - Processing file /home/airflow/.local/lib/python3.7/site-packages/airflow/example_dags/example_sla_dag.py for tasks to queue
[2022-08-03 15:48:18,692] {logging_mixin.py:115} INFO - [2022-08-03 15:48:18,692] {dagbag.py:508} INFO - Filling up the DagBag from /home/airflow/.local/lib/python3.7/site-packages/airflow/example_dags/example_sla_dag.py
[2022-08-03 15:48:18,713] {processor.py:651} INFO - DAG(s) dict_keys(['example_sla_dag']) retrieved from /home/airflow/.local/lib/python3.7/site-packages/airflow/example_dags/example_sla_dag.py
[2022-08-03 15:48:18,739] {logging_mixin.py:115} INFO - [2022-08-03 15:48:18,739] {dag.py:2420} INFO - Sync 1 DAGs
[2022-08-03 15:48:18,770] {logging_mixin.py:115} INFO - [2022-08-03 15:48:18,770] {dag.py:2972} INFO - Setting next_dagrun for example_sla_dag to 2022-08-03T15:46:00+00:00, run_after=2022-08-03T15:48:00+00:00
[2022-08-03 15:48:18,786] {processor.py:161} INFO - Processing /home/airflow/.local/lib/python3.7/site-packages/airflow/example_dags/example_sla_dag.py took 0.098 seconds
[2022-08-03 15:48:49,532] {processor.py:153} INFO - Started process (PID=24011) to work on /home/airflow/.local/lib/python3.7/site-packages/airflow/example_dags/example_sla_dag.py
[2022-08-03 15:48:49,532] {processor.py:641} INFO - Processing file /home/airflow/.local/lib/python3.7/site-packages/airflow/example_dags/example_sla_dag.py for tasks to queue
[2022-08-03 15:48:49,533] {logging_mixin.py:115} INFO - [2022-08-03 15:48:49,533] {dagbag.py:508} INFO - Filling up the DagBag from /home/airflow/.local/lib/python3.7/site-packages/airflow/example_dags/example_sla_dag.py
[2022-08-03 15:48:49,551] {processor.py:651} INFO - DAG(s) dict_keys(['example_sla_dag']) retrieved from /home/airflow/.local/lib/python3.7/site-packages/airflow/example_dags/example_sla_dag.py
[2022-08-03 15:48:49,577] {logging_mixin.py:115} INFO - [2022-08-03 15:48:49,577] {dag.py:2420} INFO - Sync 1 DAGs
[2022-08-03 15:48:49,611] {logging_mixin.py:115} INFO - [2022-08-03 15:48:49,611] {dag.py:2972} INFO - Setting next_dagrun for example_sla_dag to 2022-08-03T15:46:00+00:00, run_after=2022-08-03T15:48:00+00:00
[2022-08-03 15:48:49,625] {processor.py:161} INFO - Processing /home/airflow/.local/lib/python3.7/site-packages/airflow/example_dags/example_sla_dag.py took 0.096 seconds
[2022-08-03 15:49:20,480] {processor.py:153} INFO - Started process (PID=24205) to work on /home/airflow/.local/lib/python3.7/site-packages/airflow/example_dags/example_sla_dag.py
[2022-08-03 15:49:20,481] {processor.py:641} INFO - Processing file /home/airflow/.local/lib/python3.7/site-packages/airflow/example_dags/example_sla_dag.py for tasks to queue
[2022-08-03 15:49:20,482] {logging_mixin.py:115} INFO - [2022-08-03 15:49:20,482] {dagbag.py:508} INFO - Filling up the DagBag from /home/airflow/.local/lib/python3.7/site-packages/airflow/example_dags/example_sla_dag.py
[2022-08-03 15:49:20,512] {processor.py:651} INFO - DAG(s) dict_keys(['example_sla_dag']) retrieved from /home/airflow/.local/lib/python3.7/site-packages/airflow/example_dags/example_sla_dag.py
[2022-08-03 15:49:20,557] {logging_mixin.py:115} INFO - [2022-08-03 15:49:20,557] {dag.py:2420} INFO - Sync 1 DAGs
[2022-08-03 15:49:20,607] {logging_mixin.py:115} INFO - [2022-08-03 15:49:20,607] {dag.py:2972} INFO - Setting next_dagrun for example_sla_dag to 2022-08-03T15:46:00+00:00, run_after=2022-08-03T15:48:00+00:00
[2022-08-03 15:49:20,635] {processor.py:161} INFO - Processing /home/airflow/.local/lib/python3.7/site-packages/airflow/example_dags/example_sla_dag.py took 0.160 seconds
[2022-08-03 15:49:50,972] {processor.py:153} INFO - Started process (PID=24408) to work on /home/airflow/.local/lib/python3.7/site-packages/airflow/example_dags/example_sla_dag.py
[2022-08-03 15:49:50,973] {processor.py:641} INFO - Processing file /home/airflow/.local/lib/python3.7/site-packages/airflow/example_dags/example_sla_dag.py for tasks to queue
[2022-08-03 15:49:50,974] {logging_mixin.py:115} INFO - [2022-08-03 15:49:50,974] {dagbag.py:508} INFO - Filling up the DagBag from /home/airflow/.local/lib/python3.7/site-packages/airflow/example_dags/example_sla_dag.py
[2022-08-03 15:49:50,994] {processor.py:651} INFO - DAG(s) dict_keys(['example_sla_dag']) retrieved from /home/airflow/.local/lib/python3.7/site-packages/airflow/example_dags/example_sla_dag.py
[2022-08-03 15:49:51,025] {logging_mixin.py:115} INFO - [2022-08-03 15:49:51,025] {dag.py:2420} INFO - Sync 1 DAGs
[2022-08-03 15:49:51,056] {logging_mixin.py:115} INFO - [2022-08-03 15:49:51,056] {dag.py:2972} INFO - Setting next_dagrun for example_sla_dag to 2022-08-03T15:46:00+00:00, run_after=2022-08-03T15:48:00+00:00
[2022-08-03 15:49:51,071] {processor.py:161} INFO - Processing /home/airflow/.local/lib/python3.7/site-packages/airflow/example_dags/example_sla_dag.py took 0.102 seconds
[2022-08-03 15:50:21,441] {processor.py:153} INFO - Started process (PID=24603) to work on /home/airflow/.local/lib/python3.7/site-packages/airflow/example_dags/example_sla_dag.py
[2022-08-03 15:50:21,442] {processor.py:641} INFO - Processing file /home/airflow/.local/lib/python3.7/site-packages/airflow/example_dags/example_sla_dag.py for tasks to queue
[2022-08-03 15:50:21,443] {logging_mixin.py:115} INFO - [2022-08-03 15:50:21,442] {dagbag.py:508} INFO - Filling up the DagBag from /home/airflow/.local/lib/python3.7/site-packages/airflow/example_dags/example_sla_dag.py
[2022-08-03 15:50:21,465] {processor.py:651} INFO - DAG(s) dict_keys(['example_sla_dag']) retrieved from /home/airflow/.local/lib/python3.7/site-packages/airflow/example_dags/example_sla_dag.py
[2022-08-03 15:50:21,491] {logging_mixin.py:115} INFO - [2022-08-03 15:50:21,491] {dag.py:2420} INFO - Sync 1 DAGs
[2022-08-03 15:50:21,520] {logging_mixin.py:115} INFO - [2022-08-03 15:50:21,520] {dag.py:2972} INFO - Setting next_dagrun for example_sla_dag to 2022-08-03T15:48:00+00:00, run_after=2022-08-03T15:50:00+00:00
[2022-08-03 15:50:21,544] {processor.py:161} INFO - Processing /home/airflow/.local/lib/python3.7/site-packages/airflow/example_dags/example_sla_dag.py took 0.106 seconds
[2022-08-03 15:50:52,609] {processor.py:153} INFO - Started process (PID=24806) to work on /home/airflow/.local/lib/python3.7/site-packages/airflow/example_dags/example_sla_dag.py
[2022-08-03 15:50:52,610] {processor.py:641} INFO - Processing file /home/airflow/.local/lib/python3.7/site-packages/airflow/example_dags/example_sla_dag.py for tasks to queue
[2022-08-03 15:50:52,611] {logging_mixin.py:115} INFO - [2022-08-03 15:50:52,611] {dagbag.py:508} INFO - Filling up the DagBag from /home/airflow/.local/lib/python3.7/site-packages/airflow/example_dags/example_sla_dag.py
[2022-08-03 15:50:52,632] {processor.py:651} INFO - DAG(s) dict_keys(['example_sla_dag']) retrieved from /home/airflow/.local/lib/python3.7/site-packages/airflow/example_dags/example_sla_dag.py
[2022-08-03 15:50:52,661] {logging_mixin.py:115} INFO - [2022-08-03 15:50:52,661] {dag.py:2420} INFO - Sync 1 DAGs
[2022-08-03 15:50:52,694] {logging_mixin.py:115} INFO - [2022-08-03 15:50:52,693] {dag.py:2972} INFO - Setting next_dagrun for example_sla_dag to 2022-08-03T15:48:00+00:00, run_after=2022-08-03T15:50:00+00:00
[2022-08-03 15:50:52,710] {processor.py:161} INFO - Processing /home/airflow/.local/lib/python3.7/site-packages/airflow/example_dags/example_sla_dag.py took 0.104 seconds
[2022-08-03 15:51:23,753] {processor.py:153} INFO - Started process (PID=25009) to work on /home/airflow/.local/lib/python3.7/site-packages/airflow/example_dags/example_sla_dag.py
[2022-08-03 15:51:23,754] {processor.py:641} INFO - Processing file /home/airflow/.local/lib/python3.7/site-packages/airflow/example_dags/example_sla_dag.py for tasks to queue
[2022-08-03 15:51:23,754] {logging_mixin.py:115} INFO - [2022-08-03 15:51:23,754] {dagbag.py:508} INFO - Filling up the DagBag from /home/airflow/.local/lib/python3.7/site-packages/airflow/example_dags/example_sla_dag.py
[2022-08-03 15:51:23,776] {processor.py:651} INFO - DAG(s) dict_keys(['example_sla_dag']) retrieved from /home/airflow/.local/lib/python3.7/site-packages/airflow/example_dags/example_sla_dag.py
[2022-08-03 15:51:23,798] {logging_mixin.py:115} INFO - [2022-08-03 15:51:23,798] {dag.py:2420} INFO - Sync 1 DAGs
[2022-08-03 15:51:23,823] {logging_mixin.py:115} INFO - [2022-08-03 15:51:23,823] {dag.py:2972} INFO - Setting next_dagrun for example_sla_dag to 2022-08-03T15:48:00+00:00, run_after=2022-08-03T15:50:00+00:00
[2022-08-03 15:51:23,838] {processor.py:161} INFO - Processing /home/airflow/.local/lib/python3.7/site-packages/airflow/example_dags/example_sla_dag.py took 0.087 seconds
[2022-08-03 15:51:54,464] {processor.py:153} INFO - Started process (PID=25203) to work on /home/airflow/.local/lib/python3.7/site-packages/airflow/example_dags/example_sla_dag.py
[2022-08-03 15:51:54,465] {processor.py:641} INFO - Processing file /home/airflow/.local/lib/python3.7/site-packages/airflow/example_dags/example_sla_dag.py for tasks to queue
[2022-08-03 15:51:54,466] {logging_mixin.py:115} INFO - [2022-08-03 15:51:54,466] {dagbag.py:508} INFO - Filling up the DagBag from /home/airflow/.local/lib/python3.7/site-packages/airflow/example_dags/example_sla_dag.py
[2022-08-03 15:51:54,487] {processor.py:651} INFO - DAG(s) dict_keys(['example_sla_dag']) retrieved from /home/airflow/.local/lib/python3.7/site-packages/airflow/example_dags/example_sla_dag.py
[2022-08-03 15:51:54,519] {logging_mixin.py:115} INFO - [2022-08-03 15:51:54,519] {dag.py:2420} INFO - Sync 1 DAGs
[2022-08-03 15:51:54,559] {logging_mixin.py:115} INFO - [2022-08-03 15:51:54,559] {dag.py:2972} INFO - Setting next_dagrun for example_sla_dag to 2022-08-03T15:48:00+00:00, run_after=2022-08-03T15:50:00+00:00
[2022-08-03 15:51:54,577] {processor.py:161} INFO - Processing /home/airflow/.local/lib/python3.7/site-packages/airflow/example_dags/example_sla_dag.py took 0.117 seconds
[2022-08-03 15:52:25,611] {processor.py:153} INFO - Started process (PID=25408) to work on /home/airflow/.local/lib/python3.7/site-packages/airflow/example_dags/example_sla_dag.py
[2022-08-03 15:52:25,612] {processor.py:641} INFO - Processing file /home/airflow/.local/lib/python3.7/site-packages/airflow/example_dags/example_sla_dag.py for tasks to queue
[2022-08-03 15:52:25,612] {logging_mixin.py:115} INFO - [2022-08-03 15:52:25,612] {dagbag.py:508} INFO - Filling up the DagBag from /home/airflow/.local/lib/python3.7/site-packages/airflow/example_dags/example_sla_dag.py
[2022-08-03 15:52:25,631] {processor.py:651} INFO - DAG(s) dict_keys(['example_sla_dag']) retrieved from /home/airflow/.local/lib/python3.7/site-packages/airflow/example_dags/example_sla_dag.py
[2022-08-03 15:52:25,656] {logging_mixin.py:115} INFO - [2022-08-03 15:52:25,656] {dag.py:2420} INFO - Sync 1 DAGs
[2022-08-03 15:52:25,687] {logging_mixin.py:115} INFO - [2022-08-03 15:52:25,687] {dag.py:2972} INFO - Setting next_dagrun for example_sla_dag to 2022-08-03T15:50:00+00:00, run_after=2022-08-03T15:52:00+00:00
[2022-08-03 15:52:25,709] {processor.py:161} INFO - Processing /home/airflow/.local/lib/python3.7/site-packages/airflow/example_dags/example_sla_dag.py took 0.102 seconds
[2022-08-03 15:52:56,657] {processor.py:153} INFO - Started process (PID=25602) to work on /home/airflow/.local/lib/python3.7/site-packages/airflow/example_dags/example_sla_dag.py
[2022-08-03 15:52:56,658] {processor.py:641} INFO - Processing file /home/airflow/.local/lib/python3.7/site-packages/airflow/example_dags/example_sla_dag.py for tasks to queue
[2022-08-03 15:52:56,659] {logging_mixin.py:115} INFO - [2022-08-03 15:52:56,659] {dagbag.py:508} INFO - Filling up the DagBag from /home/airflow/.local/lib/python3.7/site-packages/airflow/example_dags/example_sla_dag.py
[2022-08-03 15:52:56,681] {processor.py:651} INFO - DAG(s) dict_keys(['example_sla_dag']) retrieved from /home/airflow/.local/lib/python3.7/site-packages/airflow/example_dags/example_sla_dag.py
[2022-08-03 15:52:56,713] {logging_mixin.py:115} INFO - [2022-08-03 15:52:56,713] {dag.py:2420} INFO - Sync 1 DAGs
[2022-08-03 15:52:56,746] {logging_mixin.py:115} INFO - [2022-08-03 15:52:56,746] {dag.py:2972} INFO - Setting next_dagrun for example_sla_dag to 2022-08-03T15:50:00+00:00, run_after=2022-08-03T15:52:00+00:00
[2022-08-03 15:52:56,766] {processor.py:161} INFO - Processing /home/airflow/.local/lib/python3.7/site-packages/airflow/example_dags/example_sla_dag.py took 0.112 seconds
[2022-08-03 15:53:27,814] {processor.py:153} INFO - Started process (PID=25803) to work on /home/airflow/.local/lib/python3.7/site-packages/airflow/example_dags/example_sla_dag.py
[2022-08-03 15:53:27,815] {processor.py:641} INFO - Processing file /home/airflow/.local/lib/python3.7/site-packages/airflow/example_dags/example_sla_dag.py for tasks to queue
[2022-08-03 15:53:27,815] {logging_mixin.py:115} INFO - [2022-08-03 15:53:27,815] {dagbag.py:508} INFO - Filling up the DagBag from /home/airflow/.local/lib/python3.7/site-packages/airflow/example_dags/example_sla_dag.py
[2022-08-03 15:53:27,837] {processor.py:651} INFO - DAG(s) dict_keys(['example_sla_dag']) retrieved from /home/airflow/.local/lib/python3.7/site-packages/airflow/example_dags/example_sla_dag.py
[2022-08-03 15:53:27,868] {logging_mixin.py:115} INFO - [2022-08-03 15:53:27,868] {dag.py:2420} INFO - Sync 1 DAGs
[2022-08-03 15:53:27,901] {logging_mixin.py:115} INFO - [2022-08-03 15:53:27,901] {dag.py:2972} INFO - Setting next_dagrun for example_sla_dag to 2022-08-03T15:50:00+00:00, run_after=2022-08-03T15:52:00+00:00
[2022-08-03 15:53:27,920] {processor.py:161} INFO - Processing /home/airflow/.local/lib/python3.7/site-packages/airflow/example_dags/example_sla_dag.py took 0.109 seconds
[2022-08-03 15:53:58,874] {processor.py:153} INFO - Started process (PID=25997) to work on /home/airflow/.local/lib/python3.7/site-packages/airflow/example_dags/example_sla_dag.py
[2022-08-03 15:53:58,875] {processor.py:641} INFO - Processing file /home/airflow/.local/lib/python3.7/site-packages/airflow/example_dags/example_sla_dag.py for tasks to queue
[2022-08-03 15:53:58,876] {logging_mixin.py:115} INFO - [2022-08-03 15:53:58,876] {dagbag.py:508} INFO - Filling up the DagBag from /home/airflow/.local/lib/python3.7/site-packages/airflow/example_dags/example_sla_dag.py
[2022-08-03 15:53:58,902] {processor.py:651} INFO - DAG(s) dict_keys(['example_sla_dag']) retrieved from /home/airflow/.local/lib/python3.7/site-packages/airflow/example_dags/example_sla_dag.py
[2022-08-03 15:53:58,935] {logging_mixin.py:115} INFO - [2022-08-03 15:53:58,935] {dag.py:2420} INFO - Sync 1 DAGs
[2022-08-03 15:53:58,966] {logging_mixin.py:115} INFO - [2022-08-03 15:53:58,966] {dag.py:2972} INFO - Setting next_dagrun for example_sla_dag to 2022-08-03T15:50:00+00:00, run_after=2022-08-03T15:52:00+00:00
[2022-08-03 15:53:58,982] {processor.py:161} INFO - Processing /home/airflow/.local/lib/python3.7/site-packages/airflow/example_dags/example_sla_dag.py took 0.111 seconds
[2022-08-03 15:54:29,590] {processor.py:153} INFO - Started process (PID=26200) to work on /home/airflow/.local/lib/python3.7/site-packages/airflow/example_dags/example_sla_dag.py
[2022-08-03 15:54:29,591] {processor.py:641} INFO - Processing file /home/airflow/.local/lib/python3.7/site-packages/airflow/example_dags/example_sla_dag.py for tasks to queue
[2022-08-03 15:54:29,592] {logging_mixin.py:115} INFO - [2022-08-03 15:54:29,592] {dagbag.py:508} INFO - Filling up the DagBag from /home/airflow/.local/lib/python3.7/site-packages/airflow/example_dags/example_sla_dag.py
[2022-08-03 15:54:29,606] {processor.py:651} INFO - DAG(s) dict_keys(['example_sla_dag']) retrieved from /home/airflow/.local/lib/python3.7/site-packages/airflow/example_dags/example_sla_dag.py
[2022-08-03 15:54:29,626] {logging_mixin.py:115} INFO - [2022-08-03 15:54:29,626] {dag.py:2420} INFO - Sync 1 DAGs
[2022-08-03 15:54:29,650] {logging_mixin.py:115} INFO - [2022-08-03 15:54:29,650] {dag.py:2972} INFO - Setting next_dagrun for example_sla_dag to 2022-08-03T15:52:00+00:00, run_after=2022-08-03T15:54:00+00:00
[2022-08-03 15:54:29,662] {processor.py:161} INFO - Processing /home/airflow/.local/lib/python3.7/site-packages/airflow/example_dags/example_sla_dag.py took 0.074 seconds
