[2022-08-03 15:45:15,182] {processor.py:153} INFO - Started process (PID=22658) to work on /home/airflow/.local/lib/python3.7/site-packages/airflow/example_dags/example_latest_only_with_trigger.py
[2022-08-03 15:45:15,183] {processor.py:641} INFO - Processing file /home/airflow/.local/lib/python3.7/site-packages/airflow/example_dags/example_latest_only_with_trigger.py for tasks to queue
[2022-08-03 15:45:15,184] {logging_mixin.py:115} INFO - [2022-08-03 15:45:15,184] {dagbag.py:508} INFO - Filling up the DagBag from /home/airflow/.local/lib/python3.7/site-packages/airflow/example_dags/example_latest_only_with_trigger.py
[2022-08-03 15:45:15,195] {processor.py:651} INFO - DAG(s) dict_keys(['latest_only_with_trigger']) retrieved from /home/airflow/.local/lib/python3.7/site-packages/airflow/example_dags/example_latest_only_with_trigger.py
[2022-08-03 15:45:15,242] {logging_mixin.py:115} INFO - [2022-08-03 15:45:15,242] {dag.py:2420} INFO - Sync 1 DAGs
[2022-08-03 15:45:15,280] {logging_mixin.py:115} INFO - [2022-08-03 15:45:15,280] {dag.py:2972} INFO - Setting next_dagrun for latest_only_with_trigger to 2022-08-03T11:45:15.279960+00:00, run_after=2022-08-03T15:45:15.279960+00:00
[2022-08-03 15:45:15,301] {processor.py:161} INFO - Processing /home/airflow/.local/lib/python3.7/site-packages/airflow/example_dags/example_latest_only_with_trigger.py took 0.123 seconds
[2022-08-03 15:45:45,409] {processor.py:153} INFO - Started process (PID=22873) to work on /home/airflow/.local/lib/python3.7/site-packages/airflow/example_dags/example_latest_only_with_trigger.py
[2022-08-03 15:45:45,409] {processor.py:641} INFO - Processing file /home/airflow/.local/lib/python3.7/site-packages/airflow/example_dags/example_latest_only_with_trigger.py for tasks to queue
[2022-08-03 15:45:45,410] {logging_mixin.py:115} INFO - [2022-08-03 15:45:45,410] {dagbag.py:508} INFO - Filling up the DagBag from /home/airflow/.local/lib/python3.7/site-packages/airflow/example_dags/example_latest_only_with_trigger.py
[2022-08-03 15:45:45,416] {processor.py:651} INFO - DAG(s) dict_keys(['latest_only_with_trigger']) retrieved from /home/airflow/.local/lib/python3.7/site-packages/airflow/example_dags/example_latest_only_with_trigger.py
[2022-08-03 15:45:45,442] {logging_mixin.py:115} INFO - [2022-08-03 15:45:45,442] {dag.py:2420} INFO - Sync 1 DAGs
[2022-08-03 15:45:45,466] {logging_mixin.py:115} INFO - [2022-08-03 15:45:45,466] {dag.py:2972} INFO - Setting next_dagrun for latest_only_with_trigger to 2022-08-03T11:45:45.465953+00:00, run_after=2022-08-03T15:45:45.465953+00:00
[2022-08-03 15:45:45,480] {processor.py:161} INFO - Processing /home/airflow/.local/lib/python3.7/site-packages/airflow/example_dags/example_latest_only_with_trigger.py took 0.074 seconds
[2022-08-03 15:46:15,948] {processor.py:153} INFO - Started process (PID=23070) to work on /home/airflow/.local/lib/python3.7/site-packages/airflow/example_dags/example_latest_only_with_trigger.py
[2022-08-03 15:46:15,949] {processor.py:641} INFO - Processing file /home/airflow/.local/lib/python3.7/site-packages/airflow/example_dags/example_latest_only_with_trigger.py for tasks to queue
[2022-08-03 15:46:15,950] {logging_mixin.py:115} INFO - [2022-08-03 15:46:15,949] {dagbag.py:508} INFO - Filling up the DagBag from /home/airflow/.local/lib/python3.7/site-packages/airflow/example_dags/example_latest_only_with_trigger.py
[2022-08-03 15:46:15,955] {processor.py:651} INFO - DAG(s) dict_keys(['latest_only_with_trigger']) retrieved from /home/airflow/.local/lib/python3.7/site-packages/airflow/example_dags/example_latest_only_with_trigger.py
[2022-08-03 15:46:15,980] {logging_mixin.py:115} INFO - [2022-08-03 15:46:15,980] {dag.py:2420} INFO - Sync 1 DAGs
[2022-08-03 15:46:16,004] {logging_mixin.py:115} INFO - [2022-08-03 15:46:16,004] {dag.py:2972} INFO - Setting next_dagrun for latest_only_with_trigger to 2022-08-03T11:46:16.004118+00:00, run_after=2022-08-03T15:46:16.004118+00:00
[2022-08-03 15:46:16,020] {processor.py:161} INFO - Processing /home/airflow/.local/lib/python3.7/site-packages/airflow/example_dags/example_latest_only_with_trigger.py took 0.075 seconds
[2022-08-03 15:46:46,927] {processor.py:153} INFO - Started process (PID=23273) to work on /home/airflow/.local/lib/python3.7/site-packages/airflow/example_dags/example_latest_only_with_trigger.py
[2022-08-03 15:46:46,927] {processor.py:641} INFO - Processing file /home/airflow/.local/lib/python3.7/site-packages/airflow/example_dags/example_latest_only_with_trigger.py for tasks to queue
[2022-08-03 15:46:46,928] {logging_mixin.py:115} INFO - [2022-08-03 15:46:46,928] {dagbag.py:508} INFO - Filling up the DagBag from /home/airflow/.local/lib/python3.7/site-packages/airflow/example_dags/example_latest_only_with_trigger.py
[2022-08-03 15:46:46,935] {processor.py:651} INFO - DAG(s) dict_keys(['latest_only_with_trigger']) retrieved from /home/airflow/.local/lib/python3.7/site-packages/airflow/example_dags/example_latest_only_with_trigger.py
[2022-08-03 15:46:46,964] {logging_mixin.py:115} INFO - [2022-08-03 15:46:46,964] {dag.py:2420} INFO - Sync 1 DAGs
[2022-08-03 15:46:46,992] {logging_mixin.py:115} INFO - [2022-08-03 15:46:46,992] {dag.py:2972} INFO - Setting next_dagrun for latest_only_with_trigger to 2022-08-03T11:46:46.991786+00:00, run_after=2022-08-03T15:46:46.991786+00:00
[2022-08-03 15:46:47,009] {processor.py:161} INFO - Processing /home/airflow/.local/lib/python3.7/site-packages/airflow/example_dags/example_latest_only_with_trigger.py took 0.085 seconds
[2022-08-03 15:47:18,248] {processor.py:153} INFO - Started process (PID=23473) to work on /home/airflow/.local/lib/python3.7/site-packages/airflow/example_dags/example_latest_only_with_trigger.py
[2022-08-03 15:47:18,249] {processor.py:641} INFO - Processing file /home/airflow/.local/lib/python3.7/site-packages/airflow/example_dags/example_latest_only_with_trigger.py for tasks to queue
[2022-08-03 15:47:18,250] {logging_mixin.py:115} INFO - [2022-08-03 15:47:18,250] {dagbag.py:508} INFO - Filling up the DagBag from /home/airflow/.local/lib/python3.7/site-packages/airflow/example_dags/example_latest_only_with_trigger.py
[2022-08-03 15:47:18,258] {processor.py:651} INFO - DAG(s) dict_keys(['latest_only_with_trigger']) retrieved from /home/airflow/.local/lib/python3.7/site-packages/airflow/example_dags/example_latest_only_with_trigger.py
[2022-08-03 15:47:18,295] {logging_mixin.py:115} INFO - [2022-08-03 15:47:18,295] {dag.py:2420} INFO - Sync 1 DAGs
[2022-08-03 15:47:18,345] {logging_mixin.py:115} INFO - [2022-08-03 15:47:18,345] {dag.py:2972} INFO - Setting next_dagrun for latest_only_with_trigger to 2022-08-03T11:47:18.345195+00:00, run_after=2022-08-03T15:47:18.345195+00:00
[2022-08-03 15:47:18,372] {processor.py:161} INFO - Processing /home/airflow/.local/lib/python3.7/site-packages/airflow/example_dags/example_latest_only_with_trigger.py took 0.129 seconds
[2022-08-03 15:47:48,443] {processor.py:153} INFO - Started process (PID=23669) to work on /home/airflow/.local/lib/python3.7/site-packages/airflow/example_dags/example_latest_only_with_trigger.py
[2022-08-03 15:47:48,444] {processor.py:641} INFO - Processing file /home/airflow/.local/lib/python3.7/site-packages/airflow/example_dags/example_latest_only_with_trigger.py for tasks to queue
[2022-08-03 15:47:48,444] {logging_mixin.py:115} INFO - [2022-08-03 15:47:48,444] {dagbag.py:508} INFO - Filling up the DagBag from /home/airflow/.local/lib/python3.7/site-packages/airflow/example_dags/example_latest_only_with_trigger.py
[2022-08-03 15:47:48,452] {processor.py:651} INFO - DAG(s) dict_keys(['latest_only_with_trigger']) retrieved from /home/airflow/.local/lib/python3.7/site-packages/airflow/example_dags/example_latest_only_with_trigger.py
[2022-08-03 15:47:48,482] {logging_mixin.py:115} INFO - [2022-08-03 15:47:48,482] {dag.py:2420} INFO - Sync 1 DAGs
[2022-08-03 15:47:48,510] {logging_mixin.py:115} INFO - [2022-08-03 15:47:48,510] {dag.py:2972} INFO - Setting next_dagrun for latest_only_with_trigger to 2022-08-03T11:47:48.510101+00:00, run_after=2022-08-03T15:47:48.510101+00:00
[2022-08-03 15:47:48,527] {processor.py:161} INFO - Processing /home/airflow/.local/lib/python3.7/site-packages/airflow/example_dags/example_latest_only_with_trigger.py took 0.087 seconds
[2022-08-03 15:48:19,454] {processor.py:153} INFO - Started process (PID=23863) to work on /home/airflow/.local/lib/python3.7/site-packages/airflow/example_dags/example_latest_only_with_trigger.py
[2022-08-03 15:48:19,454] {processor.py:641} INFO - Processing file /home/airflow/.local/lib/python3.7/site-packages/airflow/example_dags/example_latest_only_with_trigger.py for tasks to queue
[2022-08-03 15:48:19,455] {logging_mixin.py:115} INFO - [2022-08-03 15:48:19,455] {dagbag.py:508} INFO - Filling up the DagBag from /home/airflow/.local/lib/python3.7/site-packages/airflow/example_dags/example_latest_only_with_trigger.py
[2022-08-03 15:48:19,461] {processor.py:651} INFO - DAG(s) dict_keys(['latest_only_with_trigger']) retrieved from /home/airflow/.local/lib/python3.7/site-packages/airflow/example_dags/example_latest_only_with_trigger.py
[2022-08-03 15:48:19,488] {logging_mixin.py:115} INFO - [2022-08-03 15:48:19,487] {dag.py:2420} INFO - Sync 1 DAGs
[2022-08-03 15:48:19,513] {logging_mixin.py:115} INFO - [2022-08-03 15:48:19,513] {dag.py:2972} INFO - Setting next_dagrun for latest_only_with_trigger to 2022-08-03T11:48:19.513402+00:00, run_after=2022-08-03T15:48:19.513402+00:00
[2022-08-03 15:48:19,537] {processor.py:161} INFO - Processing /home/airflow/.local/lib/python3.7/site-packages/airflow/example_dags/example_latest_only_with_trigger.py took 0.087 seconds
[2022-08-03 15:48:50,309] {processor.py:153} INFO - Started process (PID=24068) to work on /home/airflow/.local/lib/python3.7/site-packages/airflow/example_dags/example_latest_only_with_trigger.py
[2022-08-03 15:48:50,310] {processor.py:641} INFO - Processing file /home/airflow/.local/lib/python3.7/site-packages/airflow/example_dags/example_latest_only_with_trigger.py for tasks to queue
[2022-08-03 15:48:50,310] {logging_mixin.py:115} INFO - [2022-08-03 15:48:50,310] {dagbag.py:508} INFO - Filling up the DagBag from /home/airflow/.local/lib/python3.7/site-packages/airflow/example_dags/example_latest_only_with_trigger.py
[2022-08-03 15:48:50,316] {processor.py:651} INFO - DAG(s) dict_keys(['latest_only_with_trigger']) retrieved from /home/airflow/.local/lib/python3.7/site-packages/airflow/example_dags/example_latest_only_with_trigger.py
[2022-08-03 15:48:50,344] {logging_mixin.py:115} INFO - [2022-08-03 15:48:50,344] {dag.py:2420} INFO - Sync 1 DAGs
[2022-08-03 15:48:50,369] {logging_mixin.py:115} INFO - [2022-08-03 15:48:50,369] {dag.py:2972} INFO - Setting next_dagrun for latest_only_with_trigger to 2022-08-03T11:48:50.368829+00:00, run_after=2022-08-03T15:48:50.368829+00:00
[2022-08-03 15:48:50,386] {processor.py:161} INFO - Processing /home/airflow/.local/lib/python3.7/site-packages/airflow/example_dags/example_latest_only_with_trigger.py took 0.080 seconds
[2022-08-03 15:49:21,643] {processor.py:153} INFO - Started process (PID=24271) to work on /home/airflow/.local/lib/python3.7/site-packages/airflow/example_dags/example_latest_only_with_trigger.py
[2022-08-03 15:49:21,644] {processor.py:641} INFO - Processing file /home/airflow/.local/lib/python3.7/site-packages/airflow/example_dags/example_latest_only_with_trigger.py for tasks to queue
[2022-08-03 15:49:21,645] {logging_mixin.py:115} INFO - [2022-08-03 15:49:21,645] {dagbag.py:508} INFO - Filling up the DagBag from /home/airflow/.local/lib/python3.7/site-packages/airflow/example_dags/example_latest_only_with_trigger.py
[2022-08-03 15:49:21,654] {processor.py:651} INFO - DAG(s) dict_keys(['latest_only_with_trigger']) retrieved from /home/airflow/.local/lib/python3.7/site-packages/airflow/example_dags/example_latest_only_with_trigger.py
[2022-08-03 15:49:21,693] {logging_mixin.py:115} INFO - [2022-08-03 15:49:21,693] {dag.py:2420} INFO - Sync 1 DAGs
[2022-08-03 15:49:21,732] {logging_mixin.py:115} INFO - [2022-08-03 15:49:21,731] {dag.py:2972} INFO - Setting next_dagrun for latest_only_with_trigger to 2022-08-03T11:49:21.731309+00:00, run_after=2022-08-03T15:49:21.731309+00:00
[2022-08-03 15:49:21,751] {processor.py:161} INFO - Processing /home/airflow/.local/lib/python3.7/site-packages/airflow/example_dags/example_latest_only_with_trigger.py took 0.113 seconds
[2022-08-03 15:49:51,894] {processor.py:153} INFO - Started process (PID=24465) to work on /home/airflow/.local/lib/python3.7/site-packages/airflow/example_dags/example_latest_only_with_trigger.py
[2022-08-03 15:49:51,895] {processor.py:641} INFO - Processing file /home/airflow/.local/lib/python3.7/site-packages/airflow/example_dags/example_latest_only_with_trigger.py for tasks to queue
[2022-08-03 15:49:51,896] {logging_mixin.py:115} INFO - [2022-08-03 15:49:51,896] {dagbag.py:508} INFO - Filling up the DagBag from /home/airflow/.local/lib/python3.7/site-packages/airflow/example_dags/example_latest_only_with_trigger.py
[2022-08-03 15:49:51,905] {processor.py:651} INFO - DAG(s) dict_keys(['latest_only_with_trigger']) retrieved from /home/airflow/.local/lib/python3.7/site-packages/airflow/example_dags/example_latest_only_with_trigger.py
[2022-08-03 15:49:51,937] {logging_mixin.py:115} INFO - [2022-08-03 15:49:51,937] {dag.py:2420} INFO - Sync 1 DAGs
[2022-08-03 15:49:51,969] {logging_mixin.py:115} INFO - [2022-08-03 15:49:51,969] {dag.py:2972} INFO - Setting next_dagrun for latest_only_with_trigger to 2022-08-03T11:49:51.969151+00:00, run_after=2022-08-03T15:49:51.969151+00:00
[2022-08-03 15:49:51,992] {processor.py:161} INFO - Processing /home/airflow/.local/lib/python3.7/site-packages/airflow/example_dags/example_latest_only_with_trigger.py took 0.102 seconds
[2022-08-03 15:50:22,457] {processor.py:153} INFO - Started process (PID=24666) to work on /home/airflow/.local/lib/python3.7/site-packages/airflow/example_dags/example_latest_only_with_trigger.py
[2022-08-03 15:50:22,459] {processor.py:641} INFO - Processing file /home/airflow/.local/lib/python3.7/site-packages/airflow/example_dags/example_latest_only_with_trigger.py for tasks to queue
[2022-08-03 15:50:22,459] {logging_mixin.py:115} INFO - [2022-08-03 15:50:22,459] {dagbag.py:508} INFO - Filling up the DagBag from /home/airflow/.local/lib/python3.7/site-packages/airflow/example_dags/example_latest_only_with_trigger.py
[2022-08-03 15:50:22,465] {processor.py:651} INFO - DAG(s) dict_keys(['latest_only_with_trigger']) retrieved from /home/airflow/.local/lib/python3.7/site-packages/airflow/example_dags/example_latest_only_with_trigger.py
[2022-08-03 15:50:22,495] {logging_mixin.py:115} INFO - [2022-08-03 15:50:22,495] {dag.py:2420} INFO - Sync 1 DAGs
[2022-08-03 15:50:22,521] {logging_mixin.py:115} INFO - [2022-08-03 15:50:22,521] {dag.py:2972} INFO - Setting next_dagrun for latest_only_with_trigger to 2022-08-03T11:50:22.520852+00:00, run_after=2022-08-03T15:50:22.520852+00:00
[2022-08-03 15:50:22,536] {processor.py:161} INFO - Processing /home/airflow/.local/lib/python3.7/site-packages/airflow/example_dags/example_latest_only_with_trigger.py took 0.082 seconds
[2022-08-03 15:50:53,598] {processor.py:153} INFO - Started process (PID=24861) to work on /home/airflow/.local/lib/python3.7/site-packages/airflow/example_dags/example_latest_only_with_trigger.py
[2022-08-03 15:50:53,599] {processor.py:641} INFO - Processing file /home/airflow/.local/lib/python3.7/site-packages/airflow/example_dags/example_latest_only_with_trigger.py for tasks to queue
[2022-08-03 15:50:53,600] {logging_mixin.py:115} INFO - [2022-08-03 15:50:53,600] {dagbag.py:508} INFO - Filling up the DagBag from /home/airflow/.local/lib/python3.7/site-packages/airflow/example_dags/example_latest_only_with_trigger.py
[2022-08-03 15:50:53,609] {processor.py:651} INFO - DAG(s) dict_keys(['latest_only_with_trigger']) retrieved from /home/airflow/.local/lib/python3.7/site-packages/airflow/example_dags/example_latest_only_with_trigger.py
[2022-08-03 15:50:53,646] {logging_mixin.py:115} INFO - [2022-08-03 15:50:53,646] {dag.py:2420} INFO - Sync 1 DAGs
[2022-08-03 15:50:53,676] {logging_mixin.py:115} INFO - [2022-08-03 15:50:53,676] {dag.py:2972} INFO - Setting next_dagrun for latest_only_with_trigger to 2022-08-03T11:50:53.676344+00:00, run_after=2022-08-03T15:50:53.676344+00:00
[2022-08-03 15:50:53,696] {processor.py:161} INFO - Processing /home/airflow/.local/lib/python3.7/site-packages/airflow/example_dags/example_latest_only_with_trigger.py took 0.102 seconds
[2022-08-03 15:51:24,468] {processor.py:153} INFO - Started process (PID=25066) to work on /home/airflow/.local/lib/python3.7/site-packages/airflow/example_dags/example_latest_only_with_trigger.py
[2022-08-03 15:51:24,469] {processor.py:641} INFO - Processing file /home/airflow/.local/lib/python3.7/site-packages/airflow/example_dags/example_latest_only_with_trigger.py for tasks to queue
[2022-08-03 15:51:24,469] {logging_mixin.py:115} INFO - [2022-08-03 15:51:24,469] {dagbag.py:508} INFO - Filling up the DagBag from /home/airflow/.local/lib/python3.7/site-packages/airflow/example_dags/example_latest_only_with_trigger.py
[2022-08-03 15:51:24,475] {processor.py:651} INFO - DAG(s) dict_keys(['latest_only_with_trigger']) retrieved from /home/airflow/.local/lib/python3.7/site-packages/airflow/example_dags/example_latest_only_with_trigger.py
[2022-08-03 15:51:24,504] {logging_mixin.py:115} INFO - [2022-08-03 15:51:24,504] {dag.py:2420} INFO - Sync 1 DAGs
[2022-08-03 15:51:24,531] {logging_mixin.py:115} INFO - [2022-08-03 15:51:24,531] {dag.py:2972} INFO - Setting next_dagrun for latest_only_with_trigger to 2022-08-03T11:51:24.531288+00:00, run_after=2022-08-03T15:51:24.531288+00:00
[2022-08-03 15:51:24,547] {processor.py:161} INFO - Processing /home/airflow/.local/lib/python3.7/site-packages/airflow/example_dags/example_latest_only_with_trigger.py took 0.083 seconds
[2022-08-03 15:51:55,357] {processor.py:153} INFO - Started process (PID=25260) to work on /home/airflow/.local/lib/python3.7/site-packages/airflow/example_dags/example_latest_only_with_trigger.py
[2022-08-03 15:51:55,358] {processor.py:641} INFO - Processing file /home/airflow/.local/lib/python3.7/site-packages/airflow/example_dags/example_latest_only_with_trigger.py for tasks to queue
[2022-08-03 15:51:55,359] {logging_mixin.py:115} INFO - [2022-08-03 15:51:55,359] {dagbag.py:508} INFO - Filling up the DagBag from /home/airflow/.local/lib/python3.7/site-packages/airflow/example_dags/example_latest_only_with_trigger.py
[2022-08-03 15:51:55,364] {processor.py:651} INFO - DAG(s) dict_keys(['latest_only_with_trigger']) retrieved from /home/airflow/.local/lib/python3.7/site-packages/airflow/example_dags/example_latest_only_with_trigger.py
[2022-08-03 15:51:55,397] {logging_mixin.py:115} INFO - [2022-08-03 15:51:55,397] {dag.py:2420} INFO - Sync 1 DAGs
[2022-08-03 15:51:55,425] {logging_mixin.py:115} INFO - [2022-08-03 15:51:55,424] {dag.py:2972} INFO - Setting next_dagrun for latest_only_with_trigger to 2022-08-03T11:51:55.424672+00:00, run_after=2022-08-03T15:51:55.424672+00:00
[2022-08-03 15:51:55,450] {processor.py:161} INFO - Processing /home/airflow/.local/lib/python3.7/site-packages/airflow/example_dags/example_latest_only_with_trigger.py took 0.096 seconds
[2022-08-03 15:52:26,421] {processor.py:153} INFO - Started process (PID=25461) to work on /home/airflow/.local/lib/python3.7/site-packages/airflow/example_dags/example_latest_only_with_trigger.py
[2022-08-03 15:52:26,422] {processor.py:641} INFO - Processing file /home/airflow/.local/lib/python3.7/site-packages/airflow/example_dags/example_latest_only_with_trigger.py for tasks to queue
[2022-08-03 15:52:26,423] {logging_mixin.py:115} INFO - [2022-08-03 15:52:26,422] {dagbag.py:508} INFO - Filling up the DagBag from /home/airflow/.local/lib/python3.7/site-packages/airflow/example_dags/example_latest_only_with_trigger.py
[2022-08-03 15:52:26,429] {processor.py:651} INFO - DAG(s) dict_keys(['latest_only_with_trigger']) retrieved from /home/airflow/.local/lib/python3.7/site-packages/airflow/example_dags/example_latest_only_with_trigger.py
[2022-08-03 15:52:26,466] {logging_mixin.py:115} INFO - [2022-08-03 15:52:26,466] {dag.py:2420} INFO - Sync 1 DAGs
[2022-08-03 15:52:26,491] {logging_mixin.py:115} INFO - [2022-08-03 15:52:26,491] {dag.py:2972} INFO - Setting next_dagrun for latest_only_with_trigger to 2022-08-03T11:52:26.491022+00:00, run_after=2022-08-03T15:52:26.491022+00:00
[2022-08-03 15:52:26,505] {processor.py:161} INFO - Processing /home/airflow/.local/lib/python3.7/site-packages/airflow/example_dags/example_latest_only_with_trigger.py took 0.088 seconds
[2022-08-03 15:52:57,567] {processor.py:153} INFO - Started process (PID=25657) to work on /home/airflow/.local/lib/python3.7/site-packages/airflow/example_dags/example_latest_only_with_trigger.py
[2022-08-03 15:52:57,568] {processor.py:641} INFO - Processing file /home/airflow/.local/lib/python3.7/site-packages/airflow/example_dags/example_latest_only_with_trigger.py for tasks to queue
[2022-08-03 15:52:57,569] {logging_mixin.py:115} INFO - [2022-08-03 15:52:57,569] {dagbag.py:508} INFO - Filling up the DagBag from /home/airflow/.local/lib/python3.7/site-packages/airflow/example_dags/example_latest_only_with_trigger.py
[2022-08-03 15:52:57,576] {processor.py:651} INFO - DAG(s) dict_keys(['latest_only_with_trigger']) retrieved from /home/airflow/.local/lib/python3.7/site-packages/airflow/example_dags/example_latest_only_with_trigger.py
[2022-08-03 15:52:57,610] {logging_mixin.py:115} INFO - [2022-08-03 15:52:57,610] {dag.py:2420} INFO - Sync 1 DAGs
[2022-08-03 15:52:57,639] {logging_mixin.py:115} INFO - [2022-08-03 15:52:57,639] {dag.py:2972} INFO - Setting next_dagrun for latest_only_with_trigger to 2022-08-03T11:52:57.638839+00:00, run_after=2022-08-03T15:52:57.638839+00:00
[2022-08-03 15:52:57,657] {processor.py:161} INFO - Processing /home/airflow/.local/lib/python3.7/site-packages/airflow/example_dags/example_latest_only_with_trigger.py took 0.094 seconds
[2022-08-03 15:53:28,749] {processor.py:153} INFO - Started process (PID=25859) to work on /home/airflow/.local/lib/python3.7/site-packages/airflow/example_dags/example_latest_only_with_trigger.py
[2022-08-03 15:53:28,750] {processor.py:641} INFO - Processing file /home/airflow/.local/lib/python3.7/site-packages/airflow/example_dags/example_latest_only_with_trigger.py for tasks to queue
[2022-08-03 15:53:28,751] {logging_mixin.py:115} INFO - [2022-08-03 15:53:28,751] {dagbag.py:508} INFO - Filling up the DagBag from /home/airflow/.local/lib/python3.7/site-packages/airflow/example_dags/example_latest_only_with_trigger.py
[2022-08-03 15:53:28,757] {processor.py:651} INFO - DAG(s) dict_keys(['latest_only_with_trigger']) retrieved from /home/airflow/.local/lib/python3.7/site-packages/airflow/example_dags/example_latest_only_with_trigger.py
[2022-08-03 15:53:28,788] {logging_mixin.py:115} INFO - [2022-08-03 15:53:28,788] {dag.py:2420} INFO - Sync 1 DAGs
[2022-08-03 15:53:28,821] {logging_mixin.py:115} INFO - [2022-08-03 15:53:28,820] {dag.py:2972} INFO - Setting next_dagrun for latest_only_with_trigger to 2022-08-03T11:53:28.820691+00:00, run_after=2022-08-03T15:53:28.820691+00:00
[2022-08-03 15:53:28,845] {processor.py:161} INFO - Processing /home/airflow/.local/lib/python3.7/site-packages/airflow/example_dags/example_latest_only_with_trigger.py took 0.099 seconds
[2022-08-03 15:53:59,651] {processor.py:153} INFO - Started process (PID=26052) to work on /home/airflow/.local/lib/python3.7/site-packages/airflow/example_dags/example_latest_only_with_trigger.py
[2022-08-03 15:53:59,652] {processor.py:641} INFO - Processing file /home/airflow/.local/lib/python3.7/site-packages/airflow/example_dags/example_latest_only_with_trigger.py for tasks to queue
[2022-08-03 15:53:59,653] {logging_mixin.py:115} INFO - [2022-08-03 15:53:59,653] {dagbag.py:508} INFO - Filling up the DagBag from /home/airflow/.local/lib/python3.7/site-packages/airflow/example_dags/example_latest_only_with_trigger.py
[2022-08-03 15:53:59,659] {processor.py:651} INFO - DAG(s) dict_keys(['latest_only_with_trigger']) retrieved from /home/airflow/.local/lib/python3.7/site-packages/airflow/example_dags/example_latest_only_with_trigger.py
[2022-08-03 15:53:59,692] {logging_mixin.py:115} INFO - [2022-08-03 15:53:59,692] {dag.py:2420} INFO - Sync 1 DAGs
[2022-08-03 15:53:59,725] {logging_mixin.py:115} INFO - [2022-08-03 15:53:59,724] {dag.py:2972} INFO - Setting next_dagrun for latest_only_with_trigger to 2022-08-03T11:53:59.724403+00:00, run_after=2022-08-03T15:53:59.724403+00:00
[2022-08-03 15:53:59,746] {processor.py:161} INFO - Processing /home/airflow/.local/lib/python3.7/site-packages/airflow/example_dags/example_latest_only_with_trigger.py took 0.099 seconds
[2022-08-03 15:54:30,329] {processor.py:153} INFO - Started process (PID=26257) to work on /home/airflow/.local/lib/python3.7/site-packages/airflow/example_dags/example_latest_only_with_trigger.py
[2022-08-03 15:54:30,329] {processor.py:641} INFO - Processing file /home/airflow/.local/lib/python3.7/site-packages/airflow/example_dags/example_latest_only_with_trigger.py for tasks to queue
[2022-08-03 15:54:30,330] {logging_mixin.py:115} INFO - [2022-08-03 15:54:30,330] {dagbag.py:508} INFO - Filling up the DagBag from /home/airflow/.local/lib/python3.7/site-packages/airflow/example_dags/example_latest_only_with_trigger.py
[2022-08-03 15:54:30,335] {processor.py:651} INFO - DAG(s) dict_keys(['latest_only_with_trigger']) retrieved from /home/airflow/.local/lib/python3.7/site-packages/airflow/example_dags/example_latest_only_with_trigger.py
[2022-08-03 15:54:30,358] {logging_mixin.py:115} INFO - [2022-08-03 15:54:30,358] {dag.py:2420} INFO - Sync 1 DAGs
[2022-08-03 15:54:30,378] {logging_mixin.py:115} INFO - [2022-08-03 15:54:30,378] {dag.py:2972} INFO - Setting next_dagrun for latest_only_with_trigger to 2022-08-03T11:54:30.378446+00:00, run_after=2022-08-03T15:54:30.378446+00:00
[2022-08-03 15:54:30,390] {processor.py:161} INFO - Processing /home/airflow/.local/lib/python3.7/site-packages/airflow/example_dags/example_latest_only_with_trigger.py took 0.064 seconds
