[2022-08-03 15:45:13,224] {processor.py:153} INFO - Started process (PID=22566) to work on /home/airflow/.local/lib/python3.7/site-packages/airflow/example_dags/tutorial_etl_dag.py
[2022-08-03 15:45:13,225] {processor.py:641} INFO - Processing file /home/airflow/.local/lib/python3.7/site-packages/airflow/example_dags/tutorial_etl_dag.py for tasks to queue
[2022-08-03 15:45:13,226] {logging_mixin.py:115} INFO - [2022-08-03 15:45:13,226] {dagbag.py:508} INFO - Filling up the DagBag from /home/airflow/.local/lib/python3.7/site-packages/airflow/example_dags/tutorial_etl_dag.py
[2022-08-03 15:45:13,234] {processor.py:651} INFO - DAG(s) dict_keys(['tutorial_etl_dag']) retrieved from /home/airflow/.local/lib/python3.7/site-packages/airflow/example_dags/tutorial_etl_dag.py
[2022-08-03 15:45:13,268] {logging_mixin.py:115} INFO - [2022-08-03 15:45:13,268] {dag.py:2420} INFO - Sync 1 DAGs
[2022-08-03 15:45:13,309] {logging_mixin.py:115} INFO - [2022-08-03 15:45:13,308] {dag.py:2972} INFO - Setting next_dagrun for tutorial_etl_dag to None, run_after=None
[2022-08-03 15:45:13,331] {processor.py:161} INFO - Processing /home/airflow/.local/lib/python3.7/site-packages/airflow/example_dags/tutorial_etl_dag.py took 0.112 seconds
[2022-08-03 15:45:44,160] {processor.py:153} INFO - Started process (PID=22785) to work on /home/airflow/.local/lib/python3.7/site-packages/airflow/example_dags/tutorial_etl_dag.py
[2022-08-03 15:45:44,161] {processor.py:641} INFO - Processing file /home/airflow/.local/lib/python3.7/site-packages/airflow/example_dags/tutorial_etl_dag.py for tasks to queue
[2022-08-03 15:45:44,162] {logging_mixin.py:115} INFO - [2022-08-03 15:45:44,162] {dagbag.py:508} INFO - Filling up the DagBag from /home/airflow/.local/lib/python3.7/site-packages/airflow/example_dags/tutorial_etl_dag.py
[2022-08-03 15:45:44,169] {processor.py:651} INFO - DAG(s) dict_keys(['tutorial_etl_dag']) retrieved from /home/airflow/.local/lib/python3.7/site-packages/airflow/example_dags/tutorial_etl_dag.py
[2022-08-03 15:45:44,196] {logging_mixin.py:115} INFO - [2022-08-03 15:45:44,196] {dag.py:2420} INFO - Sync 1 DAGs
[2022-08-03 15:45:44,219] {logging_mixin.py:115} INFO - [2022-08-03 15:45:44,219] {dag.py:2972} INFO - Setting next_dagrun for tutorial_etl_dag to None, run_after=None
[2022-08-03 15:45:44,234] {processor.py:161} INFO - Processing /home/airflow/.local/lib/python3.7/site-packages/airflow/example_dags/tutorial_etl_dag.py took 0.077 seconds
[2022-08-03 15:46:14,738] {processor.py:153} INFO - Started process (PID=22980) to work on /home/airflow/.local/lib/python3.7/site-packages/airflow/example_dags/tutorial_etl_dag.py
[2022-08-03 15:46:14,740] {processor.py:641} INFO - Processing file /home/airflow/.local/lib/python3.7/site-packages/airflow/example_dags/tutorial_etl_dag.py for tasks to queue
[2022-08-03 15:46:14,741] {logging_mixin.py:115} INFO - [2022-08-03 15:46:14,741] {dagbag.py:508} INFO - Filling up the DagBag from /home/airflow/.local/lib/python3.7/site-packages/airflow/example_dags/tutorial_etl_dag.py
[2022-08-03 15:46:14,750] {processor.py:651} INFO - DAG(s) dict_keys(['tutorial_etl_dag']) retrieved from /home/airflow/.local/lib/python3.7/site-packages/airflow/example_dags/tutorial_etl_dag.py
[2022-08-03 15:46:14,788] {logging_mixin.py:115} INFO - [2022-08-03 15:46:14,788] {dag.py:2420} INFO - Sync 1 DAGs
[2022-08-03 15:46:14,824] {logging_mixin.py:115} INFO - [2022-08-03 15:46:14,823] {dag.py:2972} INFO - Setting next_dagrun for tutorial_etl_dag to None, run_after=None
[2022-08-03 15:46:14,847] {processor.py:161} INFO - Processing /home/airflow/.local/lib/python3.7/site-packages/airflow/example_dags/tutorial_etl_dag.py took 0.113 seconds
[2022-08-03 15:46:45,514] {processor.py:153} INFO - Started process (PID=23183) to work on /home/airflow/.local/lib/python3.7/site-packages/airflow/example_dags/tutorial_etl_dag.py
[2022-08-03 15:46:45,515] {processor.py:641} INFO - Processing file /home/airflow/.local/lib/python3.7/site-packages/airflow/example_dags/tutorial_etl_dag.py for tasks to queue
[2022-08-03 15:46:45,516] {logging_mixin.py:115} INFO - [2022-08-03 15:46:45,516] {dagbag.py:508} INFO - Filling up the DagBag from /home/airflow/.local/lib/python3.7/site-packages/airflow/example_dags/tutorial_etl_dag.py
[2022-08-03 15:46:45,524] {processor.py:651} INFO - DAG(s) dict_keys(['tutorial_etl_dag']) retrieved from /home/airflow/.local/lib/python3.7/site-packages/airflow/example_dags/tutorial_etl_dag.py
[2022-08-03 15:46:45,557] {logging_mixin.py:115} INFO - [2022-08-03 15:46:45,557] {dag.py:2420} INFO - Sync 1 DAGs
[2022-08-03 15:46:45,586] {logging_mixin.py:115} INFO - [2022-08-03 15:46:45,586] {dag.py:2972} INFO - Setting next_dagrun for tutorial_etl_dag to None, run_after=None
[2022-08-03 15:46:45,604] {processor.py:161} INFO - Processing /home/airflow/.local/lib/python3.7/site-packages/airflow/example_dags/tutorial_etl_dag.py took 0.095 seconds
[2022-08-03 15:47:16,610] {processor.py:153} INFO - Started process (PID=23376) to work on /home/airflow/.local/lib/python3.7/site-packages/airflow/example_dags/tutorial_etl_dag.py
[2022-08-03 15:47:16,611] {processor.py:641} INFO - Processing file /home/airflow/.local/lib/python3.7/site-packages/airflow/example_dags/tutorial_etl_dag.py for tasks to queue
[2022-08-03 15:47:16,612] {logging_mixin.py:115} INFO - [2022-08-03 15:47:16,612] {dagbag.py:508} INFO - Filling up the DagBag from /home/airflow/.local/lib/python3.7/site-packages/airflow/example_dags/tutorial_etl_dag.py
[2022-08-03 15:47:16,621] {processor.py:651} INFO - DAG(s) dict_keys(['tutorial_etl_dag']) retrieved from /home/airflow/.local/lib/python3.7/site-packages/airflow/example_dags/tutorial_etl_dag.py
[2022-08-03 15:47:16,655] {logging_mixin.py:115} INFO - [2022-08-03 15:47:16,655] {dag.py:2420} INFO - Sync 1 DAGs
[2022-08-03 15:47:16,686] {logging_mixin.py:115} INFO - [2022-08-03 15:47:16,686] {dag.py:2972} INFO - Setting next_dagrun for tutorial_etl_dag to None, run_after=None
[2022-08-03 15:47:16,704] {processor.py:161} INFO - Processing /home/airflow/.local/lib/python3.7/site-packages/airflow/example_dags/tutorial_etl_dag.py took 0.098 seconds
[2022-08-03 15:47:47,060] {processor.py:153} INFO - Started process (PID=23579) to work on /home/airflow/.local/lib/python3.7/site-packages/airflow/example_dags/tutorial_etl_dag.py
[2022-08-03 15:47:47,061] {processor.py:641} INFO - Processing file /home/airflow/.local/lib/python3.7/site-packages/airflow/example_dags/tutorial_etl_dag.py for tasks to queue
[2022-08-03 15:47:47,062] {logging_mixin.py:115} INFO - [2022-08-03 15:47:47,062] {dagbag.py:508} INFO - Filling up the DagBag from /home/airflow/.local/lib/python3.7/site-packages/airflow/example_dags/tutorial_etl_dag.py
[2022-08-03 15:47:47,071] {processor.py:651} INFO - DAG(s) dict_keys(['tutorial_etl_dag']) retrieved from /home/airflow/.local/lib/python3.7/site-packages/airflow/example_dags/tutorial_etl_dag.py
[2022-08-03 15:47:47,103] {logging_mixin.py:115} INFO - [2022-08-03 15:47:47,103] {dag.py:2420} INFO - Sync 1 DAGs
[2022-08-03 15:47:47,130] {logging_mixin.py:115} INFO - [2022-08-03 15:47:47,130] {dag.py:2972} INFO - Setting next_dagrun for tutorial_etl_dag to None, run_after=None
[2022-08-03 15:47:47,150] {processor.py:161} INFO - Processing /home/airflow/.local/lib/python3.7/site-packages/airflow/example_dags/tutorial_etl_dag.py took 0.095 seconds
[2022-08-03 15:48:18,208] {processor.py:153} INFO - Started process (PID=23773) to work on /home/airflow/.local/lib/python3.7/site-packages/airflow/example_dags/tutorial_etl_dag.py
[2022-08-03 15:48:18,209] {processor.py:641} INFO - Processing file /home/airflow/.local/lib/python3.7/site-packages/airflow/example_dags/tutorial_etl_dag.py for tasks to queue
[2022-08-03 15:48:18,210] {logging_mixin.py:115} INFO - [2022-08-03 15:48:18,210] {dagbag.py:508} INFO - Filling up the DagBag from /home/airflow/.local/lib/python3.7/site-packages/airflow/example_dags/tutorial_etl_dag.py
[2022-08-03 15:48:18,223] {processor.py:651} INFO - DAG(s) dict_keys(['tutorial_etl_dag']) retrieved from /home/airflow/.local/lib/python3.7/site-packages/airflow/example_dags/tutorial_etl_dag.py
[2022-08-03 15:48:18,262] {logging_mixin.py:115} INFO - [2022-08-03 15:48:18,262] {dag.py:2420} INFO - Sync 1 DAGs
[2022-08-03 15:48:18,299] {logging_mixin.py:115} INFO - [2022-08-03 15:48:18,299] {dag.py:2972} INFO - Setting next_dagrun for tutorial_etl_dag to None, run_after=None
[2022-08-03 15:48:18,322] {processor.py:161} INFO - Processing /home/airflow/.local/lib/python3.7/site-packages/airflow/example_dags/tutorial_etl_dag.py took 0.120 seconds
[2022-08-03 15:48:49,078] {processor.py:153} INFO - Started process (PID=23976) to work on /home/airflow/.local/lib/python3.7/site-packages/airflow/example_dags/tutorial_etl_dag.py
[2022-08-03 15:48:49,079] {processor.py:641} INFO - Processing file /home/airflow/.local/lib/python3.7/site-packages/airflow/example_dags/tutorial_etl_dag.py for tasks to queue
[2022-08-03 15:48:49,080] {logging_mixin.py:115} INFO - [2022-08-03 15:48:49,080] {dagbag.py:508} INFO - Filling up the DagBag from /home/airflow/.local/lib/python3.7/site-packages/airflow/example_dags/tutorial_etl_dag.py
[2022-08-03 15:48:49,087] {processor.py:651} INFO - DAG(s) dict_keys(['tutorial_etl_dag']) retrieved from /home/airflow/.local/lib/python3.7/site-packages/airflow/example_dags/tutorial_etl_dag.py
[2022-08-03 15:48:49,112] {logging_mixin.py:115} INFO - [2022-08-03 15:48:49,112] {dag.py:2420} INFO - Sync 1 DAGs
[2022-08-03 15:48:49,137] {logging_mixin.py:115} INFO - [2022-08-03 15:48:49,137] {dag.py:2972} INFO - Setting next_dagrun for tutorial_etl_dag to None, run_after=None
[2022-08-03 15:48:49,153] {processor.py:161} INFO - Processing /home/airflow/.local/lib/python3.7/site-packages/airflow/example_dags/tutorial_etl_dag.py took 0.077 seconds
[2022-08-03 15:49:19,875] {processor.py:153} INFO - Started process (PID=24170) to work on /home/airflow/.local/lib/python3.7/site-packages/airflow/example_dags/tutorial_etl_dag.py
[2022-08-03 15:49:19,876] {processor.py:641} INFO - Processing file /home/airflow/.local/lib/python3.7/site-packages/airflow/example_dags/tutorial_etl_dag.py for tasks to queue
[2022-08-03 15:49:19,877] {logging_mixin.py:115} INFO - [2022-08-03 15:49:19,877] {dagbag.py:508} INFO - Filling up the DagBag from /home/airflow/.local/lib/python3.7/site-packages/airflow/example_dags/tutorial_etl_dag.py
[2022-08-03 15:49:19,885] {processor.py:651} INFO - DAG(s) dict_keys(['tutorial_etl_dag']) retrieved from /home/airflow/.local/lib/python3.7/site-packages/airflow/example_dags/tutorial_etl_dag.py
[2022-08-03 15:49:19,917] {logging_mixin.py:115} INFO - [2022-08-03 15:49:19,917] {dag.py:2420} INFO - Sync 1 DAGs
[2022-08-03 15:49:19,946] {logging_mixin.py:115} INFO - [2022-08-03 15:49:19,945] {dag.py:2972} INFO - Setting next_dagrun for tutorial_etl_dag to None, run_after=None
[2022-08-03 15:49:19,966] {processor.py:161} INFO - Processing /home/airflow/.local/lib/python3.7/site-packages/airflow/example_dags/tutorial_etl_dag.py took 0.095 seconds
[2022-08-03 15:49:50,493] {processor.py:153} INFO - Started process (PID=24373) to work on /home/airflow/.local/lib/python3.7/site-packages/airflow/example_dags/tutorial_etl_dag.py
[2022-08-03 15:49:50,494] {processor.py:641} INFO - Processing file /home/airflow/.local/lib/python3.7/site-packages/airflow/example_dags/tutorial_etl_dag.py for tasks to queue
[2022-08-03 15:49:50,495] {logging_mixin.py:115} INFO - [2022-08-03 15:49:50,495] {dagbag.py:508} INFO - Filling up the DagBag from /home/airflow/.local/lib/python3.7/site-packages/airflow/example_dags/tutorial_etl_dag.py
[2022-08-03 15:49:50,505] {processor.py:651} INFO - DAG(s) dict_keys(['tutorial_etl_dag']) retrieved from /home/airflow/.local/lib/python3.7/site-packages/airflow/example_dags/tutorial_etl_dag.py
[2022-08-03 15:49:50,540] {logging_mixin.py:115} INFO - [2022-08-03 15:49:50,540] {dag.py:2420} INFO - Sync 1 DAGs
[2022-08-03 15:49:50,572] {logging_mixin.py:115} INFO - [2022-08-03 15:49:50,572] {dag.py:2972} INFO - Setting next_dagrun for tutorial_etl_dag to None, run_after=None
[2022-08-03 15:49:50,589] {processor.py:161} INFO - Processing /home/airflow/.local/lib/python3.7/site-packages/airflow/example_dags/tutorial_etl_dag.py took 0.100 seconds
[2022-08-03 15:50:20,843] {processor.py:153} INFO - Started process (PID=24568) to work on /home/airflow/.local/lib/python3.7/site-packages/airflow/example_dags/tutorial_etl_dag.py
[2022-08-03 15:50:20,844] {processor.py:641} INFO - Processing file /home/airflow/.local/lib/python3.7/site-packages/airflow/example_dags/tutorial_etl_dag.py for tasks to queue
[2022-08-03 15:50:20,845] {logging_mixin.py:115} INFO - [2022-08-03 15:50:20,845] {dagbag.py:508} INFO - Filling up the DagBag from /home/airflow/.local/lib/python3.7/site-packages/airflow/example_dags/tutorial_etl_dag.py
[2022-08-03 15:50:20,853] {processor.py:651} INFO - DAG(s) dict_keys(['tutorial_etl_dag']) retrieved from /home/airflow/.local/lib/python3.7/site-packages/airflow/example_dags/tutorial_etl_dag.py
[2022-08-03 15:50:20,889] {logging_mixin.py:115} INFO - [2022-08-03 15:50:20,888] {dag.py:2420} INFO - Sync 1 DAGs
[2022-08-03 15:50:20,925] {logging_mixin.py:115} INFO - [2022-08-03 15:50:20,925] {dag.py:2972} INFO - Setting next_dagrun for tutorial_etl_dag to None, run_after=None
[2022-08-03 15:50:20,946] {processor.py:161} INFO - Processing /home/airflow/.local/lib/python3.7/site-packages/airflow/example_dags/tutorial_etl_dag.py took 0.106 seconds
[2022-08-03 15:50:51,943] {processor.py:153} INFO - Started process (PID=24771) to work on /home/airflow/.local/lib/python3.7/site-packages/airflow/example_dags/tutorial_etl_dag.py
[2022-08-03 15:50:51,944] {processor.py:641} INFO - Processing file /home/airflow/.local/lib/python3.7/site-packages/airflow/example_dags/tutorial_etl_dag.py for tasks to queue
[2022-08-03 15:50:51,945] {logging_mixin.py:115} INFO - [2022-08-03 15:50:51,945] {dagbag.py:508} INFO - Filling up the DagBag from /home/airflow/.local/lib/python3.7/site-packages/airflow/example_dags/tutorial_etl_dag.py
[2022-08-03 15:50:51,955] {processor.py:651} INFO - DAG(s) dict_keys(['tutorial_etl_dag']) retrieved from /home/airflow/.local/lib/python3.7/site-packages/airflow/example_dags/tutorial_etl_dag.py
[2022-08-03 15:50:51,993] {logging_mixin.py:115} INFO - [2022-08-03 15:50:51,992] {dag.py:2420} INFO - Sync 1 DAGs
[2022-08-03 15:50:52,026] {logging_mixin.py:115} INFO - [2022-08-03 15:50:52,026] {dag.py:2972} INFO - Setting next_dagrun for tutorial_etl_dag to None, run_after=None
[2022-08-03 15:50:52,045] {processor.py:161} INFO - Processing /home/airflow/.local/lib/python3.7/site-packages/airflow/example_dags/tutorial_etl_dag.py took 0.107 seconds
[2022-08-03 15:51:23,065] {processor.py:153} INFO - Started process (PID=24964) to work on /home/airflow/.local/lib/python3.7/site-packages/airflow/example_dags/tutorial_etl_dag.py
[2022-08-03 15:51:23,065] {processor.py:641} INFO - Processing file /home/airflow/.local/lib/python3.7/site-packages/airflow/example_dags/tutorial_etl_dag.py for tasks to queue
[2022-08-03 15:51:23,066] {logging_mixin.py:115} INFO - [2022-08-03 15:51:23,066] {dagbag.py:508} INFO - Filling up the DagBag from /home/airflow/.local/lib/python3.7/site-packages/airflow/example_dags/tutorial_etl_dag.py
[2022-08-03 15:51:23,073] {processor.py:651} INFO - DAG(s) dict_keys(['tutorial_etl_dag']) retrieved from /home/airflow/.local/lib/python3.7/site-packages/airflow/example_dags/tutorial_etl_dag.py
[2022-08-03 15:51:23,099] {logging_mixin.py:115} INFO - [2022-08-03 15:51:23,099] {dag.py:2420} INFO - Sync 1 DAGs
[2022-08-03 15:51:23,124] {logging_mixin.py:115} INFO - [2022-08-03 15:51:23,124] {dag.py:2972} INFO - Setting next_dagrun for tutorial_etl_dag to None, run_after=None
[2022-08-03 15:51:23,142] {processor.py:161} INFO - Processing /home/airflow/.local/lib/python3.7/site-packages/airflow/example_dags/tutorial_etl_dag.py took 0.081 seconds
[2022-08-03 15:51:53,640] {processor.py:153} INFO - Started process (PID=25164) to work on /home/airflow/.local/lib/python3.7/site-packages/airflow/example_dags/tutorial_etl_dag.py
[2022-08-03 15:51:53,641] {processor.py:641} INFO - Processing file /home/airflow/.local/lib/python3.7/site-packages/airflow/example_dags/tutorial_etl_dag.py for tasks to queue
[2022-08-03 15:51:53,642] {logging_mixin.py:115} INFO - [2022-08-03 15:51:53,642] {dagbag.py:508} INFO - Filling up the DagBag from /home/airflow/.local/lib/python3.7/site-packages/airflow/example_dags/tutorial_etl_dag.py
[2022-08-03 15:51:53,649] {processor.py:651} INFO - DAG(s) dict_keys(['tutorial_etl_dag']) retrieved from /home/airflow/.local/lib/python3.7/site-packages/airflow/example_dags/tutorial_etl_dag.py
[2022-08-03 15:51:53,681] {logging_mixin.py:115} INFO - [2022-08-03 15:51:53,681] {dag.py:2420} INFO - Sync 1 DAGs
[2022-08-03 15:51:53,708] {logging_mixin.py:115} INFO - [2022-08-03 15:51:53,708] {dag.py:2972} INFO - Setting next_dagrun for tutorial_etl_dag to None, run_after=None
[2022-08-03 15:51:53,727] {processor.py:161} INFO - Processing /home/airflow/.local/lib/python3.7/site-packages/airflow/example_dags/tutorial_etl_dag.py took 0.091 seconds
[2022-08-03 15:52:24,653] {processor.py:153} INFO - Started process (PID=25370) to work on /home/airflow/.local/lib/python3.7/site-packages/airflow/example_dags/tutorial_etl_dag.py
[2022-08-03 15:52:24,654] {processor.py:641} INFO - Processing file /home/airflow/.local/lib/python3.7/site-packages/airflow/example_dags/tutorial_etl_dag.py for tasks to queue
[2022-08-03 15:52:24,655] {logging_mixin.py:115} INFO - [2022-08-03 15:52:24,655] {dagbag.py:508} INFO - Filling up the DagBag from /home/airflow/.local/lib/python3.7/site-packages/airflow/example_dags/tutorial_etl_dag.py
[2022-08-03 15:52:24,666] {processor.py:651} INFO - DAG(s) dict_keys(['tutorial_etl_dag']) retrieved from /home/airflow/.local/lib/python3.7/site-packages/airflow/example_dags/tutorial_etl_dag.py
[2022-08-03 15:52:24,707] {logging_mixin.py:115} INFO - [2022-08-03 15:52:24,707] {dag.py:2420} INFO - Sync 1 DAGs
[2022-08-03 15:52:24,748] {logging_mixin.py:115} INFO - [2022-08-03 15:52:24,747] {dag.py:2972} INFO - Setting next_dagrun for tutorial_etl_dag to None, run_after=None
[2022-08-03 15:52:24,774] {processor.py:161} INFO - Processing /home/airflow/.local/lib/python3.7/site-packages/airflow/example_dags/tutorial_etl_dag.py took 0.125 seconds
[2022-08-03 15:52:55,667] {processor.py:153} INFO - Started process (PID=25564) to work on /home/airflow/.local/lib/python3.7/site-packages/airflow/example_dags/tutorial_etl_dag.py
[2022-08-03 15:52:55,668] {processor.py:641} INFO - Processing file /home/airflow/.local/lib/python3.7/site-packages/airflow/example_dags/tutorial_etl_dag.py for tasks to queue
[2022-08-03 15:52:55,669] {logging_mixin.py:115} INFO - [2022-08-03 15:52:55,669] {dagbag.py:508} INFO - Filling up the DagBag from /home/airflow/.local/lib/python3.7/site-packages/airflow/example_dags/tutorial_etl_dag.py
[2022-08-03 15:52:55,678] {processor.py:651} INFO - DAG(s) dict_keys(['tutorial_etl_dag']) retrieved from /home/airflow/.local/lib/python3.7/site-packages/airflow/example_dags/tutorial_etl_dag.py
[2022-08-03 15:52:55,712] {logging_mixin.py:115} INFO - [2022-08-03 15:52:55,712] {dag.py:2420} INFO - Sync 1 DAGs
[2022-08-03 15:52:55,740] {logging_mixin.py:115} INFO - [2022-08-03 15:52:55,740] {dag.py:2972} INFO - Setting next_dagrun for tutorial_etl_dag to None, run_after=None
[2022-08-03 15:52:55,766] {processor.py:161} INFO - Processing /home/airflow/.local/lib/python3.7/site-packages/airflow/example_dags/tutorial_etl_dag.py took 0.102 seconds
[2022-08-03 15:53:26,024] {processor.py:153} INFO - Started process (PID=25764) to work on /home/airflow/.local/lib/python3.7/site-packages/airflow/example_dags/tutorial_etl_dag.py
[2022-08-03 15:53:26,025] {processor.py:641} INFO - Processing file /home/airflow/.local/lib/python3.7/site-packages/airflow/example_dags/tutorial_etl_dag.py for tasks to queue
[2022-08-03 15:53:26,026] {logging_mixin.py:115} INFO - [2022-08-03 15:53:26,026] {dagbag.py:508} INFO - Filling up the DagBag from /home/airflow/.local/lib/python3.7/site-packages/airflow/example_dags/tutorial_etl_dag.py
[2022-08-03 15:53:26,034] {processor.py:651} INFO - DAG(s) dict_keys(['tutorial_etl_dag']) retrieved from /home/airflow/.local/lib/python3.7/site-packages/airflow/example_dags/tutorial_etl_dag.py
[2022-08-03 15:53:26,068] {logging_mixin.py:115} INFO - [2022-08-03 15:53:26,068] {dag.py:2420} INFO - Sync 1 DAGs
[2022-08-03 15:53:26,103] {logging_mixin.py:115} INFO - [2022-08-03 15:53:26,103] {dag.py:2972} INFO - Setting next_dagrun for tutorial_etl_dag to None, run_after=None
[2022-08-03 15:53:26,123] {processor.py:161} INFO - Processing /home/airflow/.local/lib/python3.7/site-packages/airflow/example_dags/tutorial_etl_dag.py took 0.103 seconds
[2022-08-03 15:53:56,177] {processor.py:153} INFO - Started process (PID=25958) to work on /home/airflow/.local/lib/python3.7/site-packages/airflow/example_dags/tutorial_etl_dag.py
[2022-08-03 15:53:56,177] {processor.py:641} INFO - Processing file /home/airflow/.local/lib/python3.7/site-packages/airflow/example_dags/tutorial_etl_dag.py for tasks to queue
[2022-08-03 15:53:56,178] {logging_mixin.py:115} INFO - [2022-08-03 15:53:56,178] {dagbag.py:508} INFO - Filling up the DagBag from /home/airflow/.local/lib/python3.7/site-packages/airflow/example_dags/tutorial_etl_dag.py
[2022-08-03 15:53:56,186] {processor.py:651} INFO - DAG(s) dict_keys(['tutorial_etl_dag']) retrieved from /home/airflow/.local/lib/python3.7/site-packages/airflow/example_dags/tutorial_etl_dag.py
[2022-08-03 15:53:56,218] {logging_mixin.py:115} INFO - [2022-08-03 15:53:56,218] {dag.py:2420} INFO - Sync 1 DAGs
[2022-08-03 15:53:56,249] {logging_mixin.py:115} INFO - [2022-08-03 15:53:56,249] {dag.py:2972} INFO - Setting next_dagrun for tutorial_etl_dag to None, run_after=None
[2022-08-03 15:53:56,268] {processor.py:161} INFO - Processing /home/airflow/.local/lib/python3.7/site-packages/airflow/example_dags/tutorial_etl_dag.py took 0.095 seconds
[2022-08-03 15:54:27,007] {processor.py:153} INFO - Started process (PID=26161) to work on /home/airflow/.local/lib/python3.7/site-packages/airflow/example_dags/tutorial_etl_dag.py
[2022-08-03 15:54:27,008] {processor.py:641} INFO - Processing file /home/airflow/.local/lib/python3.7/site-packages/airflow/example_dags/tutorial_etl_dag.py for tasks to queue
[2022-08-03 15:54:27,009] {logging_mixin.py:115} INFO - [2022-08-03 15:54:27,009] {dagbag.py:508} INFO - Filling up the DagBag from /home/airflow/.local/lib/python3.7/site-packages/airflow/example_dags/tutorial_etl_dag.py
[2022-08-03 15:54:27,019] {processor.py:651} INFO - DAG(s) dict_keys(['tutorial_etl_dag']) retrieved from /home/airflow/.local/lib/python3.7/site-packages/airflow/example_dags/tutorial_etl_dag.py
[2022-08-03 15:54:27,056] {logging_mixin.py:115} INFO - [2022-08-03 15:54:27,056] {dag.py:2420} INFO - Sync 1 DAGs
[2022-08-03 15:54:27,098] {logging_mixin.py:115} INFO - [2022-08-03 15:54:27,098] {dag.py:2972} INFO - Setting next_dagrun for tutorial_etl_dag to None, run_after=None
[2022-08-03 15:54:27,119] {processor.py:161} INFO - Processing /home/airflow/.local/lib/python3.7/site-packages/airflow/example_dags/tutorial_etl_dag.py took 0.115 seconds
