[2022-08-10 03:28:06,589] {taskinstance.py:1179} INFO - Dependencies all met for <TaskInstance: csv_dag.final_dag scheduled__2022-08-09T00:00:00+00:00 [queued]>
[2022-08-10 03:28:06,601] {taskinstance.py:1179} INFO - Dependencies all met for <TaskInstance: csv_dag.final_dag scheduled__2022-08-09T00:00:00+00:00 [queued]>
[2022-08-10 03:28:06,601] {taskinstance.py:1376} INFO - 
--------------------------------------------------------------------------------
[2022-08-10 03:28:06,602] {taskinstance.py:1377} INFO - Starting attempt 1 of 2
[2022-08-10 03:28:06,602] {taskinstance.py:1378} INFO - 
--------------------------------------------------------------------------------
[2022-08-10 03:28:06,618] {taskinstance.py:1397} INFO - Executing <Task(PythonOperator): final_dag> on 2022-08-09 00:00:00+00:00
[2022-08-10 03:28:06,625] {standard_task_runner.py:52} INFO - Started process 7267 to run task
[2022-08-10 03:28:06,627] {standard_task_runner.py:79} INFO - Running: ['***', 'tasks', 'run', 'csv_dag', 'final_dag', 'scheduled__2022-08-09T00:00:00+00:00', '--job-id', '159', '--raw', '--subdir', 'DAGS_FOLDER/testDag.py', '--cfg-path', '/tmp/tmp9d6eajz2', '--error-file', '/tmp/tmpyink827k']
[2022-08-10 03:28:06,629] {standard_task_runner.py:80} INFO - Job 159: Subtask final_dag
[2022-08-10 03:28:06,694] {task_command.py:371} INFO - Running <TaskInstance: csv_dag.final_dag scheduled__2022-08-09T00:00:00+00:00 [running]> on host 36e1df4dd6ce
[2022-08-10 03:28:06,774] {taskinstance.py:1591} INFO - Exporting the following env vars:
AIRFLOW_CTX_DAG_OWNER=***
AIRFLOW_CTX_DAG_ID=csv_dag
AIRFLOW_CTX_TASK_ID=final_dag
AIRFLOW_CTX_EXECUTION_DATE=2022-08-09T00:00:00+00:00
AIRFLOW_CTX_TRY_NUMBER=1
AIRFLOW_CTX_DAG_RUN_ID=scheduled__2022-08-09T00:00:00+00:00
[2022-08-10 03:28:06,879] {python.py:173} INFO - Done. Returned value was: None
[2022-08-10 03:28:06,893] {taskinstance.py:1420} INFO - Marking task as SUCCESS. dag_id=csv_dag, task_id=final_dag, execution_date=20220809T000000, start_date=20220810T032806, end_date=20220810T032806
[2022-08-10 03:28:06,920] {local_task_job.py:156} INFO - Task exited with return code 0
[2022-08-10 03:28:06,953] {local_task_job.py:273} INFO - 0 downstream tasks scheduled from follow-on schedule check
