[2022-09-02 00:08:04,770] {taskinstance.py:1179} INFO - Dependencies all met for <TaskInstance: csv_dag.yr_mk_price_dag scheduled__2022-09-01T00:00:00+00:00 [queued]>
[2022-09-02 00:08:04,782] {taskinstance.py:1179} INFO - Dependencies all met for <TaskInstance: csv_dag.yr_mk_price_dag scheduled__2022-09-01T00:00:00+00:00 [queued]>
[2022-09-02 00:08:04,782] {taskinstance.py:1376} INFO - 
--------------------------------------------------------------------------------
[2022-09-02 00:08:04,783] {taskinstance.py:1377} INFO - Starting attempt 1 of 2
[2022-09-02 00:08:04,783] {taskinstance.py:1378} INFO - 
--------------------------------------------------------------------------------
[2022-09-02 00:08:04,805] {taskinstance.py:1397} INFO - Executing <Task(PythonOperator): yr_mk_price_dag> on 2022-09-01 00:00:00+00:00
[2022-09-02 00:08:04,812] {standard_task_runner.py:52} INFO - Started process 28016 to run task
[2022-09-02 00:08:04,816] {standard_task_runner.py:79} INFO - Running: ['***', 'tasks', 'run', 'csv_dag', 'yr_mk_price_dag', 'scheduled__2022-09-01T00:00:00+00:00', '--job-id', '303', '--raw', '--subdir', 'DAGS_FOLDER/testDag.py', '--cfg-path', '/tmp/tmp007ato84', '--error-file', '/tmp/tmpz0xlu2br']
[2022-09-02 00:08:04,817] {standard_task_runner.py:80} INFO - Job 303: Subtask yr_mk_price_dag
[2022-09-02 00:08:04,915] {task_command.py:371} INFO - Running <TaskInstance: csv_dag.yr_mk_price_dag scheduled__2022-09-01T00:00:00+00:00 [running]> on host 36e1df4dd6ce
[2022-09-02 00:08:05,024] {taskinstance.py:1591} INFO - Exporting the following env vars:
AIRFLOW_CTX_DAG_OWNER=***
AIRFLOW_CTX_DAG_ID=csv_dag
AIRFLOW_CTX_TASK_ID=yr_mk_price_dag
AIRFLOW_CTX_EXECUTION_DATE=2022-09-01T00:00:00+00:00
AIRFLOW_CTX_TRY_NUMBER=1
AIRFLOW_CTX_DAG_RUN_ID=scheduled__2022-09-01T00:00:00+00:00
[2022-09-02 00:08:50,112] {python.py:173} INFO - Done. Returned value was: None
[2022-09-02 00:08:50,126] {taskinstance.py:1420} INFO - Marking task as SUCCESS. dag_id=csv_dag, task_id=yr_mk_price_dag, execution_date=20220901T000000, start_date=20220902T000804, end_date=20220902T000850
[2022-09-02 00:08:50,153] {local_task_job.py:156} INFO - Task exited with return code 0
[2022-09-02 00:08:50,194] {local_task_job.py:273} INFO - 0 downstream tasks scheduled from follow-on schedule check
