[2022-07-19 02:11:47,654] {taskinstance.py:1179} INFO - Dependencies all met for <TaskInstance: csv_dag.hello_dag manual__2022-07-19T02:11:46.482486+00:00 [queued]>
[2022-07-19 02:11:47,667] {taskinstance.py:1179} INFO - Dependencies all met for <TaskInstance: csv_dag.hello_dag manual__2022-07-19T02:11:46.482486+00:00 [queued]>
[2022-07-19 02:11:47,667] {taskinstance.py:1376} INFO - 
--------------------------------------------------------------------------------
[2022-07-19 02:11:47,668] {taskinstance.py:1377} INFO - Starting attempt 1 of 2
[2022-07-19 02:11:47,670] {taskinstance.py:1378} INFO - 
--------------------------------------------------------------------------------
[2022-07-19 02:11:47,692] {taskinstance.py:1397} INFO - Executing <Task(PythonOperator): hello_dag> on 2022-07-19 02:11:46.482486+00:00
[2022-07-19 02:11:47,700] {standard_task_runner.py:52} INFO - Started process 2892 to run task
[2022-07-19 02:11:47,703] {standard_task_runner.py:79} INFO - Running: ['***', 'tasks', 'run', 'csv_dag', 'hello_dag', 'manual__2022-07-19T02:11:46.482486+00:00', '--job-id', '4', '--raw', '--subdir', 'DAGS_FOLDER/testDag.py', '--cfg-path', '/tmp/tmpw6flghy5', '--error-file', '/tmp/tmpofranh43']
[2022-07-19 02:11:47,705] {standard_task_runner.py:80} INFO - Job 4: Subtask hello_dag
[2022-07-19 02:11:47,784] {task_command.py:371} INFO - Running <TaskInstance: csv_dag.hello_dag manual__2022-07-19T02:11:46.482486+00:00 [running]> on host 7fb4010cb7e3
[2022-07-19 02:11:47,881] {taskinstance.py:1591} INFO - Exporting the following env vars:
AIRFLOW_CTX_DAG_OWNER=***
AIRFLOW_CTX_DAG_ID=csv_dag
AIRFLOW_CTX_TASK_ID=hello_dag
AIRFLOW_CTX_EXECUTION_DATE=2022-07-19T02:11:46.482486+00:00
AIRFLOW_CTX_TRY_NUMBER=1
AIRFLOW_CTX_DAG_RUN_ID=manual__2022-07-19T02:11:46.482486+00:00
[2022-07-19 02:11:47,882] {logging_mixin.py:115} INFO - hello airlfow
[2022-07-19 02:11:47,883] {python.py:173} INFO - Done. Returned value was: None
[2022-07-19 02:11:47,899] {taskinstance.py:1420} INFO - Marking task as SUCCESS. dag_id=csv_dag, task_id=hello_dag, execution_date=20220719T021146, start_date=20220719T021147, end_date=20220719T021147
[2022-07-19 02:11:47,956] {local_task_job.py:156} INFO - Task exited with return code 0
[2022-07-19 02:11:47,997] {local_task_job.py:273} INFO - 0 downstream tasks scheduled from follow-on schedule check
