[2022-08-16 14:00:37,166] {taskinstance.py:1179} INFO - Dependencies all met for <TaskInstance: csv_dag.start scheduled__2022-08-15T00:00:00+00:00 [queued]>
[2022-08-16 14:00:37,197] {taskinstance.py:1179} INFO - Dependencies all met for <TaskInstance: csv_dag.start scheduled__2022-08-15T00:00:00+00:00 [queued]>
[2022-08-16 14:00:37,198] {taskinstance.py:1376} INFO - 
--------------------------------------------------------------------------------
[2022-08-16 14:00:37,199] {taskinstance.py:1377} INFO - Starting attempt 1 of 2
[2022-08-16 14:00:37,200] {taskinstance.py:1378} INFO - 
--------------------------------------------------------------------------------
[2022-08-16 14:00:37,254] {taskinstance.py:1397} INFO - Executing <Task(BashOperator): start> on 2022-08-15 00:00:00+00:00
[2022-08-16 14:00:37,264] {standard_task_runner.py:52} INFO - Started process 17540 to run task
[2022-08-16 14:00:37,269] {standard_task_runner.py:79} INFO - Running: ['***', 'tasks', 'run', 'csv_dag', 'start', 'scheduled__2022-08-15T00:00:00+00:00', '--job-id', '192', '--raw', '--subdir', 'DAGS_FOLDER/testDag.py', '--cfg-path', '/tmp/tmpjphv7ku4', '--error-file', '/tmp/tmp592ue7en']
[2022-08-16 14:00:37,271] {standard_task_runner.py:80} INFO - Job 192: Subtask start
[2022-08-16 14:00:37,482] {task_command.py:371} INFO - Running <TaskInstance: csv_dag.start scheduled__2022-08-15T00:00:00+00:00 [running]> on host 36e1df4dd6ce
[2022-08-16 14:00:37,693] {taskinstance.py:1591} INFO - Exporting the following env vars:
AIRFLOW_CTX_DAG_OWNER=***
AIRFLOW_CTX_DAG_ID=csv_dag
AIRFLOW_CTX_TASK_ID=start
AIRFLOW_CTX_EXECUTION_DATE=2022-08-15T00:00:00+00:00
AIRFLOW_CTX_TRY_NUMBER=1
AIRFLOW_CTX_DAG_RUN_ID=scheduled__2022-08-15T00:00:00+00:00
[2022-08-16 14:00:37,696] {subprocess.py:62} INFO - Tmp dir root location: 
 /tmp
[2022-08-16 14:00:37,697] {subprocess.py:74} INFO - Running command: ['bash', '-c', 'date']
[2022-08-16 14:00:37,728] {subprocess.py:85} INFO - Output:
[2022-08-16 14:00:37,775] {subprocess.py:92} INFO - Tue Aug 16 14:00:37 UTC 2022
[2022-08-16 14:00:37,777] {subprocess.py:96} INFO - Command exited with return code 0
[2022-08-16 14:00:37,837] {taskinstance.py:1420} INFO - Marking task as SUCCESS. dag_id=csv_dag, task_id=start, execution_date=20220815T000000, start_date=20220816T140037, end_date=20220816T140037
[2022-08-16 14:00:37,890] {local_task_job.py:156} INFO - Task exited with return code 0
[2022-08-16 14:00:38,019] {local_task_job.py:273} INFO - 4 downstream tasks scheduled from follow-on schedule check
