[2022-07-28 04:33:15,873] {processor.py:153} INFO - Started process (PID=19469) to work on /home/airflow/.local/lib/python3.7/site-packages/airflow/example_dags/example_bash_operator.py
[2022-07-28 04:33:15,873] {processor.py:641} INFO - Processing file /home/airflow/.local/lib/python3.7/site-packages/airflow/example_dags/example_bash_operator.py for tasks to queue
[2022-07-28 04:33:15,874] {logging_mixin.py:115} INFO - [2022-07-28 04:33:15,874] {dagbag.py:508} INFO - Filling up the DagBag from /home/airflow/.local/lib/python3.7/site-packages/airflow/example_dags/example_bash_operator.py
[2022-07-28 04:33:15,891] {processor.py:651} INFO - DAG(s) dict_keys(['example_bash_operator']) retrieved from /home/airflow/.local/lib/python3.7/site-packages/airflow/example_dags/example_bash_operator.py
[2022-07-28 04:33:15,929] {logging_mixin.py:115} INFO - [2022-07-28 04:33:15,929] {dag.py:2420} INFO - Sync 1 DAGs
[2022-07-28 04:33:15,971] {logging_mixin.py:115} INFO - [2022-07-28 04:33:15,971] {dag.py:2972} INFO - Setting next_dagrun for example_bash_operator to 2022-07-27T00:00:00+00:00, run_after=2022-07-28T00:00:00+00:00
[2022-07-28 04:33:15,991] {processor.py:161} INFO - Processing /home/airflow/.local/lib/python3.7/site-packages/airflow/example_dags/example_bash_operator.py took 0.123 seconds
[2022-07-28 04:33:46,296] {processor.py:153} INFO - Started process (PID=19675) to work on /home/airflow/.local/lib/python3.7/site-packages/airflow/example_dags/example_bash_operator.py
[2022-07-28 04:33:46,322] {processor.py:641} INFO - Processing file /home/airflow/.local/lib/python3.7/site-packages/airflow/example_dags/example_bash_operator.py for tasks to queue
[2022-07-28 04:33:46,323] {logging_mixin.py:115} INFO - [2022-07-28 04:33:46,323] {dagbag.py:508} INFO - Filling up the DagBag from /home/airflow/.local/lib/python3.7/site-packages/airflow/example_dags/example_bash_operator.py
[2022-07-28 04:33:46,334] {processor.py:651} INFO - DAG(s) dict_keys(['example_bash_operator']) retrieved from /home/airflow/.local/lib/python3.7/site-packages/airflow/example_dags/example_bash_operator.py
[2022-07-28 04:33:46,361] {logging_mixin.py:115} INFO - [2022-07-28 04:33:46,361] {dag.py:2420} INFO - Sync 1 DAGs
[2022-07-28 04:33:46,390] {logging_mixin.py:115} INFO - [2022-07-28 04:33:46,389] {dag.py:2972} INFO - Setting next_dagrun for example_bash_operator to 2022-07-27T00:00:00+00:00, run_after=2022-07-28T00:00:00+00:00
[2022-07-28 04:33:46,442] {processor.py:161} INFO - Processing /home/airflow/.local/lib/python3.7/site-packages/airflow/example_dags/example_bash_operator.py took 0.149 seconds
[2022-07-28 04:34:16,819] {processor.py:153} INFO - Started process (PID=19881) to work on /home/airflow/.local/lib/python3.7/site-packages/airflow/example_dags/example_bash_operator.py
[2022-07-28 04:34:16,820] {processor.py:641} INFO - Processing file /home/airflow/.local/lib/python3.7/site-packages/airflow/example_dags/example_bash_operator.py for tasks to queue
[2022-07-28 04:34:16,821] {logging_mixin.py:115} INFO - [2022-07-28 04:34:16,821] {dagbag.py:508} INFO - Filling up the DagBag from /home/airflow/.local/lib/python3.7/site-packages/airflow/example_dags/example_bash_operator.py
[2022-07-28 04:34:16,835] {processor.py:651} INFO - DAG(s) dict_keys(['example_bash_operator']) retrieved from /home/airflow/.local/lib/python3.7/site-packages/airflow/example_dags/example_bash_operator.py
[2022-07-28 04:34:16,871] {logging_mixin.py:115} INFO - [2022-07-28 04:34:16,871] {dag.py:2420} INFO - Sync 1 DAGs
[2022-07-28 04:34:16,902] {logging_mixin.py:115} INFO - [2022-07-28 04:34:16,901] {dag.py:2972} INFO - Setting next_dagrun for example_bash_operator to 2022-07-27T00:00:00+00:00, run_after=2022-07-28T00:00:00+00:00
[2022-07-28 04:34:16,918] {processor.py:161} INFO - Processing /home/airflow/.local/lib/python3.7/site-packages/airflow/example_dags/example_bash_operator.py took 0.102 seconds
[2022-07-28 04:34:47,070] {processor.py:153} INFO - Started process (PID=20075) to work on /home/airflow/.local/lib/python3.7/site-packages/airflow/example_dags/example_bash_operator.py
[2022-07-28 04:34:47,071] {processor.py:641} INFO - Processing file /home/airflow/.local/lib/python3.7/site-packages/airflow/example_dags/example_bash_operator.py for tasks to queue
[2022-07-28 04:34:47,073] {logging_mixin.py:115} INFO - [2022-07-28 04:34:47,073] {dagbag.py:508} INFO - Filling up the DagBag from /home/airflow/.local/lib/python3.7/site-packages/airflow/example_dags/example_bash_operator.py
[2022-07-28 04:34:47,090] {processor.py:651} INFO - DAG(s) dict_keys(['example_bash_operator']) retrieved from /home/airflow/.local/lib/python3.7/site-packages/airflow/example_dags/example_bash_operator.py
[2022-07-28 04:34:47,134] {logging_mixin.py:115} INFO - [2022-07-28 04:34:47,133] {dag.py:2420} INFO - Sync 1 DAGs
[2022-07-28 04:34:47,180] {logging_mixin.py:115} INFO - [2022-07-28 04:34:47,179] {dag.py:2972} INFO - Setting next_dagrun for example_bash_operator to 2022-07-27T00:00:00+00:00, run_after=2022-07-28T00:00:00+00:00
[2022-07-28 04:34:47,204] {processor.py:161} INFO - Processing /home/airflow/.local/lib/python3.7/site-packages/airflow/example_dags/example_bash_operator.py took 0.139 seconds
[2022-07-28 04:35:17,749] {processor.py:153} INFO - Started process (PID=20278) to work on /home/airflow/.local/lib/python3.7/site-packages/airflow/example_dags/example_bash_operator.py
[2022-07-28 04:35:17,750] {processor.py:641} INFO - Processing file /home/airflow/.local/lib/python3.7/site-packages/airflow/example_dags/example_bash_operator.py for tasks to queue
[2022-07-28 04:35:17,751] {logging_mixin.py:115} INFO - [2022-07-28 04:35:17,751] {dagbag.py:508} INFO - Filling up the DagBag from /home/airflow/.local/lib/python3.7/site-packages/airflow/example_dags/example_bash_operator.py
[2022-07-28 04:35:17,762] {processor.py:651} INFO - DAG(s) dict_keys(['example_bash_operator']) retrieved from /home/airflow/.local/lib/python3.7/site-packages/airflow/example_dags/example_bash_operator.py
[2022-07-28 04:35:17,789] {logging_mixin.py:115} INFO - [2022-07-28 04:35:17,789] {dag.py:2420} INFO - Sync 1 DAGs
[2022-07-28 04:35:17,818] {logging_mixin.py:115} INFO - [2022-07-28 04:35:17,818] {dag.py:2972} INFO - Setting next_dagrun for example_bash_operator to 2022-07-27T00:00:00+00:00, run_after=2022-07-28T00:00:00+00:00
[2022-07-28 04:35:17,836] {processor.py:161} INFO - Processing /home/airflow/.local/lib/python3.7/site-packages/airflow/example_dags/example_bash_operator.py took 0.090 seconds
[2022-07-28 04:35:48,623] {processor.py:153} INFO - Started process (PID=20474) to work on /home/airflow/.local/lib/python3.7/site-packages/airflow/example_dags/example_bash_operator.py
[2022-07-28 04:35:48,624] {processor.py:641} INFO - Processing file /home/airflow/.local/lib/python3.7/site-packages/airflow/example_dags/example_bash_operator.py for tasks to queue
[2022-07-28 04:35:48,625] {logging_mixin.py:115} INFO - [2022-07-28 04:35:48,625] {dagbag.py:508} INFO - Filling up the DagBag from /home/airflow/.local/lib/python3.7/site-packages/airflow/example_dags/example_bash_operator.py
[2022-07-28 04:35:48,644] {processor.py:651} INFO - DAG(s) dict_keys(['example_bash_operator']) retrieved from /home/airflow/.local/lib/python3.7/site-packages/airflow/example_dags/example_bash_operator.py
[2022-07-28 04:35:48,682] {logging_mixin.py:115} INFO - [2022-07-28 04:35:48,682] {dag.py:2420} INFO - Sync 1 DAGs
[2022-07-28 04:35:48,714] {logging_mixin.py:115} INFO - [2022-07-28 04:35:48,714] {dag.py:2972} INFO - Setting next_dagrun for example_bash_operator to 2022-07-27T00:00:00+00:00, run_after=2022-07-28T00:00:00+00:00
[2022-07-28 04:35:48,733] {processor.py:161} INFO - Processing /home/airflow/.local/lib/python3.7/site-packages/airflow/example_dags/example_bash_operator.py took 0.116 seconds
[2022-07-28 04:36:19,594] {processor.py:153} INFO - Started process (PID=20677) to work on /home/airflow/.local/lib/python3.7/site-packages/airflow/example_dags/example_bash_operator.py
[2022-07-28 04:36:19,595] {processor.py:641} INFO - Processing file /home/airflow/.local/lib/python3.7/site-packages/airflow/example_dags/example_bash_operator.py for tasks to queue
[2022-07-28 04:36:19,596] {logging_mixin.py:115} INFO - [2022-07-28 04:36:19,596] {dagbag.py:508} INFO - Filling up the DagBag from /home/airflow/.local/lib/python3.7/site-packages/airflow/example_dags/example_bash_operator.py
[2022-07-28 04:36:19,609] {processor.py:651} INFO - DAG(s) dict_keys(['example_bash_operator']) retrieved from /home/airflow/.local/lib/python3.7/site-packages/airflow/example_dags/example_bash_operator.py
[2022-07-28 04:36:19,641] {logging_mixin.py:115} INFO - [2022-07-28 04:36:19,641] {dag.py:2420} INFO - Sync 1 DAGs
[2022-07-28 04:36:19,674] {logging_mixin.py:115} INFO - [2022-07-28 04:36:19,674] {dag.py:2972} INFO - Setting next_dagrun for example_bash_operator to 2022-07-27T00:00:00+00:00, run_after=2022-07-28T00:00:00+00:00
[2022-07-28 04:36:19,700] {processor.py:161} INFO - Processing /home/airflow/.local/lib/python3.7/site-packages/airflow/example_dags/example_bash_operator.py took 0.109 seconds
[2022-07-28 04:36:49,764] {processor.py:153} INFO - Started process (PID=20876) to work on /home/airflow/.local/lib/python3.7/site-packages/airflow/example_dags/example_bash_operator.py
[2022-07-28 04:36:49,765] {processor.py:641} INFO - Processing file /home/airflow/.local/lib/python3.7/site-packages/airflow/example_dags/example_bash_operator.py for tasks to queue
[2022-07-28 04:36:49,765] {logging_mixin.py:115} INFO - [2022-07-28 04:36:49,765] {dagbag.py:508} INFO - Filling up the DagBag from /home/airflow/.local/lib/python3.7/site-packages/airflow/example_dags/example_bash_operator.py
[2022-07-28 04:36:49,777] {processor.py:651} INFO - DAG(s) dict_keys(['example_bash_operator']) retrieved from /home/airflow/.local/lib/python3.7/site-packages/airflow/example_dags/example_bash_operator.py
[2022-07-28 04:36:49,808] {logging_mixin.py:115} INFO - [2022-07-28 04:36:49,807] {dag.py:2420} INFO - Sync 1 DAGs
[2022-07-28 04:36:49,842] {logging_mixin.py:115} INFO - [2022-07-28 04:36:49,841] {dag.py:2972} INFO - Setting next_dagrun for example_bash_operator to 2022-07-27T00:00:00+00:00, run_after=2022-07-28T00:00:00+00:00
[2022-07-28 04:36:49,866] {processor.py:161} INFO - Processing /home/airflow/.local/lib/python3.7/site-packages/airflow/example_dags/example_bash_operator.py took 0.107 seconds
[2022-07-28 04:37:20,420] {processor.py:153} INFO - Started process (PID=21074) to work on /home/airflow/.local/lib/python3.7/site-packages/airflow/example_dags/example_bash_operator.py
[2022-07-28 04:37:20,421] {processor.py:641} INFO - Processing file /home/airflow/.local/lib/python3.7/site-packages/airflow/example_dags/example_bash_operator.py for tasks to queue
[2022-07-28 04:37:20,422] {logging_mixin.py:115} INFO - [2022-07-28 04:37:20,422] {dagbag.py:508} INFO - Filling up the DagBag from /home/airflow/.local/lib/python3.7/site-packages/airflow/example_dags/example_bash_operator.py
[2022-07-28 04:37:20,437] {processor.py:651} INFO - DAG(s) dict_keys(['example_bash_operator']) retrieved from /home/airflow/.local/lib/python3.7/site-packages/airflow/example_dags/example_bash_operator.py
[2022-07-28 04:37:20,470] {logging_mixin.py:115} INFO - [2022-07-28 04:37:20,470] {dag.py:2420} INFO - Sync 1 DAGs
[2022-07-28 04:37:20,496] {logging_mixin.py:115} INFO - [2022-07-28 04:37:20,496] {dag.py:2972} INFO - Setting next_dagrun for example_bash_operator to 2022-07-27T00:00:00+00:00, run_after=2022-07-28T00:00:00+00:00
[2022-07-28 04:37:20,512] {processor.py:161} INFO - Processing /home/airflow/.local/lib/python3.7/site-packages/airflow/example_dags/example_bash_operator.py took 0.096 seconds
[2022-07-28 04:37:51,489] {processor.py:153} INFO - Started process (PID=21275) to work on /home/airflow/.local/lib/python3.7/site-packages/airflow/example_dags/example_bash_operator.py
[2022-07-28 04:37:51,491] {processor.py:641} INFO - Processing file /home/airflow/.local/lib/python3.7/site-packages/airflow/example_dags/example_bash_operator.py for tasks to queue
[2022-07-28 04:37:51,492] {logging_mixin.py:115} INFO - [2022-07-28 04:37:51,492] {dagbag.py:508} INFO - Filling up the DagBag from /home/airflow/.local/lib/python3.7/site-packages/airflow/example_dags/example_bash_operator.py
[2022-07-28 04:37:51,507] {processor.py:651} INFO - DAG(s) dict_keys(['example_bash_operator']) retrieved from /home/airflow/.local/lib/python3.7/site-packages/airflow/example_dags/example_bash_operator.py
[2022-07-28 04:37:51,544] {logging_mixin.py:115} INFO - [2022-07-28 04:37:51,544] {dag.py:2420} INFO - Sync 1 DAGs
[2022-07-28 04:37:51,580] {logging_mixin.py:115} INFO - [2022-07-28 04:37:51,580] {dag.py:2972} INFO - Setting next_dagrun for example_bash_operator to 2022-07-27T00:00:00+00:00, run_after=2022-07-28T00:00:00+00:00
[2022-07-28 04:37:51,606] {processor.py:161} INFO - Processing /home/airflow/.local/lib/python3.7/site-packages/airflow/example_dags/example_bash_operator.py took 0.121 seconds
[2022-07-28 04:38:22,320] {processor.py:153} INFO - Started process (PID=21469) to work on /home/airflow/.local/lib/python3.7/site-packages/airflow/example_dags/example_bash_operator.py
[2022-07-28 04:38:22,321] {processor.py:641} INFO - Processing file /home/airflow/.local/lib/python3.7/site-packages/airflow/example_dags/example_bash_operator.py for tasks to queue
[2022-07-28 04:38:22,322] {logging_mixin.py:115} INFO - [2022-07-28 04:38:22,322] {dagbag.py:508} INFO - Filling up the DagBag from /home/airflow/.local/lib/python3.7/site-packages/airflow/example_dags/example_bash_operator.py
[2022-07-28 04:38:22,339] {processor.py:651} INFO - DAG(s) dict_keys(['example_bash_operator']) retrieved from /home/airflow/.local/lib/python3.7/site-packages/airflow/example_dags/example_bash_operator.py
[2022-07-28 04:38:22,377] {logging_mixin.py:115} INFO - [2022-07-28 04:38:22,376] {dag.py:2420} INFO - Sync 1 DAGs
[2022-07-28 04:38:22,418] {logging_mixin.py:115} INFO - [2022-07-28 04:38:22,417] {dag.py:2972} INFO - Setting next_dagrun for example_bash_operator to 2022-07-27T00:00:00+00:00, run_after=2022-07-28T00:00:00+00:00
[2022-07-28 04:38:22,440] {processor.py:161} INFO - Processing /home/airflow/.local/lib/python3.7/site-packages/airflow/example_dags/example_bash_operator.py took 0.125 seconds
[2022-07-28 04:38:53,222] {processor.py:153} INFO - Started process (PID=21672) to work on /home/airflow/.local/lib/python3.7/site-packages/airflow/example_dags/example_bash_operator.py
[2022-07-28 04:38:53,223] {processor.py:641} INFO - Processing file /home/airflow/.local/lib/python3.7/site-packages/airflow/example_dags/example_bash_operator.py for tasks to queue
[2022-07-28 04:38:53,224] {logging_mixin.py:115} INFO - [2022-07-28 04:38:53,224] {dagbag.py:508} INFO - Filling up the DagBag from /home/airflow/.local/lib/python3.7/site-packages/airflow/example_dags/example_bash_operator.py
[2022-07-28 04:38:53,235] {processor.py:651} INFO - DAG(s) dict_keys(['example_bash_operator']) retrieved from /home/airflow/.local/lib/python3.7/site-packages/airflow/example_dags/example_bash_operator.py
[2022-07-28 04:38:53,264] {logging_mixin.py:115} INFO - [2022-07-28 04:38:53,264] {dag.py:2420} INFO - Sync 1 DAGs
[2022-07-28 04:38:53,295] {logging_mixin.py:115} INFO - [2022-07-28 04:38:53,295] {dag.py:2972} INFO - Setting next_dagrun for example_bash_operator to 2022-07-27T00:00:00+00:00, run_after=2022-07-28T00:00:00+00:00
[2022-07-28 04:38:53,309] {processor.py:161} INFO - Processing /home/airflow/.local/lib/python3.7/site-packages/airflow/example_dags/example_bash_operator.py took 0.090 seconds
[2022-07-28 04:39:23,579] {processor.py:153} INFO - Started process (PID=21866) to work on /home/airflow/.local/lib/python3.7/site-packages/airflow/example_dags/example_bash_operator.py
[2022-07-28 04:39:23,580] {processor.py:641} INFO - Processing file /home/airflow/.local/lib/python3.7/site-packages/airflow/example_dags/example_bash_operator.py for tasks to queue
[2022-07-28 04:39:23,580] {logging_mixin.py:115} INFO - [2022-07-28 04:39:23,580] {dagbag.py:508} INFO - Filling up the DagBag from /home/airflow/.local/lib/python3.7/site-packages/airflow/example_dags/example_bash_operator.py
[2022-07-28 04:39:23,590] {processor.py:651} INFO - DAG(s) dict_keys(['example_bash_operator']) retrieved from /home/airflow/.local/lib/python3.7/site-packages/airflow/example_dags/example_bash_operator.py
[2022-07-28 04:39:23,612] {logging_mixin.py:115} INFO - [2022-07-28 04:39:23,612] {dag.py:2420} INFO - Sync 1 DAGs
[2022-07-28 04:39:23,637] {logging_mixin.py:115} INFO - [2022-07-28 04:39:23,637] {dag.py:2972} INFO - Setting next_dagrun for example_bash_operator to 2022-07-27T00:00:00+00:00, run_after=2022-07-28T00:00:00+00:00
[2022-07-28 04:39:23,651] {processor.py:161} INFO - Processing /home/airflow/.local/lib/python3.7/site-packages/airflow/example_dags/example_bash_operator.py took 0.074 seconds
[2022-07-28 04:39:54,696] {processor.py:153} INFO - Started process (PID=22069) to work on /home/airflow/.local/lib/python3.7/site-packages/airflow/example_dags/example_bash_operator.py
[2022-07-28 04:39:54,697] {processor.py:641} INFO - Processing file /home/airflow/.local/lib/python3.7/site-packages/airflow/example_dags/example_bash_operator.py for tasks to queue
[2022-07-28 04:39:54,698] {logging_mixin.py:115} INFO - [2022-07-28 04:39:54,697] {dagbag.py:508} INFO - Filling up the DagBag from /home/airflow/.local/lib/python3.7/site-packages/airflow/example_dags/example_bash_operator.py
[2022-07-28 04:39:54,713] {processor.py:651} INFO - DAG(s) dict_keys(['example_bash_operator']) retrieved from /home/airflow/.local/lib/python3.7/site-packages/airflow/example_dags/example_bash_operator.py
[2022-07-28 04:39:54,778] {logging_mixin.py:115} INFO - [2022-07-28 04:39:54,778] {dag.py:2420} INFO - Sync 1 DAGs
[2022-07-28 04:39:54,810] {logging_mixin.py:115} INFO - [2022-07-28 04:39:54,810] {dag.py:2972} INFO - Setting next_dagrun for example_bash_operator to 2022-07-27T00:00:00+00:00, run_after=2022-07-28T00:00:00+00:00
[2022-07-28 04:39:54,825] {processor.py:161} INFO - Processing /home/airflow/.local/lib/python3.7/site-packages/airflow/example_dags/example_bash_operator.py took 0.133 seconds
[2022-07-28 04:40:25,685] {processor.py:153} INFO - Started process (PID=22264) to work on /home/airflow/.local/lib/python3.7/site-packages/airflow/example_dags/example_bash_operator.py
[2022-07-28 04:40:25,686] {processor.py:641} INFO - Processing file /home/airflow/.local/lib/python3.7/site-packages/airflow/example_dags/example_bash_operator.py for tasks to queue
[2022-07-28 04:40:25,687] {logging_mixin.py:115} INFO - [2022-07-28 04:40:25,687] {dagbag.py:508} INFO - Filling up the DagBag from /home/airflow/.local/lib/python3.7/site-packages/airflow/example_dags/example_bash_operator.py
[2022-07-28 04:40:25,703] {processor.py:651} INFO - DAG(s) dict_keys(['example_bash_operator']) retrieved from /home/airflow/.local/lib/python3.7/site-packages/airflow/example_dags/example_bash_operator.py
[2022-07-28 04:40:25,741] {logging_mixin.py:115} INFO - [2022-07-28 04:40:25,741] {dag.py:2420} INFO - Sync 1 DAGs
[2022-07-28 04:40:25,773] {logging_mixin.py:115} INFO - [2022-07-28 04:40:25,773] {dag.py:2972} INFO - Setting next_dagrun for example_bash_operator to 2022-07-27T00:00:00+00:00, run_after=2022-07-28T00:00:00+00:00
[2022-07-28 04:40:25,791] {processor.py:161} INFO - Processing /home/airflow/.local/lib/python3.7/site-packages/airflow/example_dags/example_bash_operator.py took 0.110 seconds
[2022-07-28 04:40:56,830] {processor.py:153} INFO - Started process (PID=22469) to work on /home/airflow/.local/lib/python3.7/site-packages/airflow/example_dags/example_bash_operator.py
[2022-07-28 04:40:56,831] {processor.py:641} INFO - Processing file /home/airflow/.local/lib/python3.7/site-packages/airflow/example_dags/example_bash_operator.py for tasks to queue
[2022-07-28 04:40:56,832] {logging_mixin.py:115} INFO - [2022-07-28 04:40:56,832] {dagbag.py:508} INFO - Filling up the DagBag from /home/airflow/.local/lib/python3.7/site-packages/airflow/example_dags/example_bash_operator.py
[2022-07-28 04:40:56,848] {processor.py:651} INFO - DAG(s) dict_keys(['example_bash_operator']) retrieved from /home/airflow/.local/lib/python3.7/site-packages/airflow/example_dags/example_bash_operator.py
[2022-07-28 04:40:56,881] {logging_mixin.py:115} INFO - [2022-07-28 04:40:56,881] {dag.py:2420} INFO - Sync 1 DAGs
[2022-07-28 04:40:56,914] {logging_mixin.py:115} INFO - [2022-07-28 04:40:56,914] {dag.py:2972} INFO - Setting next_dagrun for example_bash_operator to 2022-07-27T00:00:00+00:00, run_after=2022-07-28T00:00:00+00:00
[2022-07-28 04:40:56,940] {processor.py:161} INFO - Processing /home/airflow/.local/lib/python3.7/site-packages/airflow/example_dags/example_bash_operator.py took 0.114 seconds
[2022-07-28 04:41:27,873] {processor.py:153} INFO - Started process (PID=22663) to work on /home/airflow/.local/lib/python3.7/site-packages/airflow/example_dags/example_bash_operator.py
[2022-07-28 04:41:27,875] {processor.py:641} INFO - Processing file /home/airflow/.local/lib/python3.7/site-packages/airflow/example_dags/example_bash_operator.py for tasks to queue
[2022-07-28 04:41:27,877] {logging_mixin.py:115} INFO - [2022-07-28 04:41:27,877] {dagbag.py:508} INFO - Filling up the DagBag from /home/airflow/.local/lib/python3.7/site-packages/airflow/example_dags/example_bash_operator.py
[2022-07-28 04:41:27,898] {processor.py:651} INFO - DAG(s) dict_keys(['example_bash_operator']) retrieved from /home/airflow/.local/lib/python3.7/site-packages/airflow/example_dags/example_bash_operator.py
[2022-07-28 04:41:27,932] {logging_mixin.py:115} INFO - [2022-07-28 04:41:27,932] {dag.py:2420} INFO - Sync 1 DAGs
[2022-07-28 04:41:27,961] {logging_mixin.py:115} INFO - [2022-07-28 04:41:27,960] {dag.py:2972} INFO - Setting next_dagrun for example_bash_operator to 2022-07-27T00:00:00+00:00, run_after=2022-07-28T00:00:00+00:00
[2022-07-28 04:41:27,976] {processor.py:161} INFO - Processing /home/airflow/.local/lib/python3.7/site-packages/airflow/example_dags/example_bash_operator.py took 0.107 seconds
[2022-07-28 04:41:58,174] {processor.py:153} INFO - Started process (PID=22864) to work on /home/airflow/.local/lib/python3.7/site-packages/airflow/example_dags/example_bash_operator.py
[2022-07-28 04:41:58,175] {processor.py:641} INFO - Processing file /home/airflow/.local/lib/python3.7/site-packages/airflow/example_dags/example_bash_operator.py for tasks to queue
[2022-07-28 04:41:58,176] {logging_mixin.py:115} INFO - [2022-07-28 04:41:58,176] {dagbag.py:508} INFO - Filling up the DagBag from /home/airflow/.local/lib/python3.7/site-packages/airflow/example_dags/example_bash_operator.py
[2022-07-28 04:41:58,194] {processor.py:651} INFO - DAG(s) dict_keys(['example_bash_operator']) retrieved from /home/airflow/.local/lib/python3.7/site-packages/airflow/example_dags/example_bash_operator.py
[2022-07-28 04:41:58,231] {logging_mixin.py:115} INFO - [2022-07-28 04:41:58,231] {dag.py:2420} INFO - Sync 1 DAGs
[2022-07-28 04:41:58,259] {logging_mixin.py:115} INFO - [2022-07-28 04:41:58,259] {dag.py:2972} INFO - Setting next_dagrun for example_bash_operator to 2022-07-27T00:00:00+00:00, run_after=2022-07-28T00:00:00+00:00
[2022-07-28 04:41:58,284] {processor.py:161} INFO - Processing /home/airflow/.local/lib/python3.7/site-packages/airflow/example_dags/example_bash_operator.py took 0.114 seconds
[2022-07-28 04:42:29,288] {processor.py:153} INFO - Started process (PID=23059) to work on /home/airflow/.local/lib/python3.7/site-packages/airflow/example_dags/example_bash_operator.py
[2022-07-28 04:42:29,289] {processor.py:641} INFO - Processing file /home/airflow/.local/lib/python3.7/site-packages/airflow/example_dags/example_bash_operator.py for tasks to queue
[2022-07-28 04:42:29,290] {logging_mixin.py:115} INFO - [2022-07-28 04:42:29,290] {dagbag.py:508} INFO - Filling up the DagBag from /home/airflow/.local/lib/python3.7/site-packages/airflow/example_dags/example_bash_operator.py
[2022-07-28 04:42:29,306] {processor.py:651} INFO - DAG(s) dict_keys(['example_bash_operator']) retrieved from /home/airflow/.local/lib/python3.7/site-packages/airflow/example_dags/example_bash_operator.py
[2022-07-28 04:42:29,340] {logging_mixin.py:115} INFO - [2022-07-28 04:42:29,340] {dag.py:2420} INFO - Sync 1 DAGs
[2022-07-28 04:42:29,370] {logging_mixin.py:115} INFO - [2022-07-28 04:42:29,370] {dag.py:2972} INFO - Setting next_dagrun for example_bash_operator to 2022-07-27T00:00:00+00:00, run_after=2022-07-28T00:00:00+00:00
[2022-07-28 04:42:29,388] {processor.py:161} INFO - Processing /home/airflow/.local/lib/python3.7/site-packages/airflow/example_dags/example_bash_operator.py took 0.104 seconds
[2022-07-28 04:42:59,459] {processor.py:153} INFO - Started process (PID=23258) to work on /home/airflow/.local/lib/python3.7/site-packages/airflow/example_dags/example_bash_operator.py
[2022-07-28 04:42:59,460] {processor.py:641} INFO - Processing file /home/airflow/.local/lib/python3.7/site-packages/airflow/example_dags/example_bash_operator.py for tasks to queue
[2022-07-28 04:42:59,461] {logging_mixin.py:115} INFO - [2022-07-28 04:42:59,461] {dagbag.py:508} INFO - Filling up the DagBag from /home/airflow/.local/lib/python3.7/site-packages/airflow/example_dags/example_bash_operator.py
[2022-07-28 04:42:59,480] {processor.py:651} INFO - DAG(s) dict_keys(['example_bash_operator']) retrieved from /home/airflow/.local/lib/python3.7/site-packages/airflow/example_dags/example_bash_operator.py
[2022-07-28 04:42:59,531] {logging_mixin.py:115} INFO - [2022-07-28 04:42:59,531] {dag.py:2420} INFO - Sync 1 DAGs
[2022-07-28 04:42:59,573] {logging_mixin.py:115} INFO - [2022-07-28 04:42:59,573] {dag.py:2972} INFO - Setting next_dagrun for example_bash_operator to 2022-07-27T00:00:00+00:00, run_after=2022-07-28T00:00:00+00:00
[2022-07-28 04:42:59,596] {processor.py:161} INFO - Processing /home/airflow/.local/lib/python3.7/site-packages/airflow/example_dags/example_bash_operator.py took 0.142 seconds
[2022-07-28 04:43:29,680] {processor.py:153} INFO - Started process (PID=23452) to work on /home/airflow/.local/lib/python3.7/site-packages/airflow/example_dags/example_bash_operator.py
[2022-07-28 04:43:29,681] {processor.py:641} INFO - Processing file /home/airflow/.local/lib/python3.7/site-packages/airflow/example_dags/example_bash_operator.py for tasks to queue
[2022-07-28 04:43:29,682] {logging_mixin.py:115} INFO - [2022-07-28 04:43:29,682] {dagbag.py:508} INFO - Filling up the DagBag from /home/airflow/.local/lib/python3.7/site-packages/airflow/example_dags/example_bash_operator.py
[2022-07-28 04:43:29,701] {processor.py:651} INFO - DAG(s) dict_keys(['example_bash_operator']) retrieved from /home/airflow/.local/lib/python3.7/site-packages/airflow/example_dags/example_bash_operator.py
[2022-07-28 04:43:29,732] {logging_mixin.py:115} INFO - [2022-07-28 04:43:29,732] {dag.py:2420} INFO - Sync 1 DAGs
[2022-07-28 04:43:29,778] {logging_mixin.py:115} INFO - [2022-07-28 04:43:29,777] {dag.py:2972} INFO - Setting next_dagrun for example_bash_operator to 2022-07-27T00:00:00+00:00, run_after=2022-07-28T00:00:00+00:00
[2022-07-28 04:43:29,805] {processor.py:161} INFO - Processing /home/airflow/.local/lib/python3.7/site-packages/airflow/example_dags/example_bash_operator.py took 0.129 seconds
[2022-07-28 04:44:00,396] {processor.py:153} INFO - Started process (PID=23655) to work on /home/airflow/.local/lib/python3.7/site-packages/airflow/example_dags/example_bash_operator.py
[2022-07-28 04:44:00,397] {processor.py:641} INFO - Processing file /home/airflow/.local/lib/python3.7/site-packages/airflow/example_dags/example_bash_operator.py for tasks to queue
[2022-07-28 04:44:00,398] {logging_mixin.py:115} INFO - [2022-07-28 04:44:00,397] {dagbag.py:508} INFO - Filling up the DagBag from /home/airflow/.local/lib/python3.7/site-packages/airflow/example_dags/example_bash_operator.py
[2022-07-28 04:44:00,412] {processor.py:651} INFO - DAG(s) dict_keys(['example_bash_operator']) retrieved from /home/airflow/.local/lib/python3.7/site-packages/airflow/example_dags/example_bash_operator.py
[2022-07-28 04:44:00,444] {logging_mixin.py:115} INFO - [2022-07-28 04:44:00,443] {dag.py:2420} INFO - Sync 1 DAGs
[2022-07-28 04:44:00,474] {logging_mixin.py:115} INFO - [2022-07-28 04:44:00,474] {dag.py:2972} INFO - Setting next_dagrun for example_bash_operator to 2022-07-27T00:00:00+00:00, run_after=2022-07-28T00:00:00+00:00
[2022-07-28 04:44:00,500] {processor.py:161} INFO - Processing /home/airflow/.local/lib/python3.7/site-packages/airflow/example_dags/example_bash_operator.py took 0.108 seconds
[2022-07-28 04:44:31,074] {processor.py:153} INFO - Started process (PID=23849) to work on /home/airflow/.local/lib/python3.7/site-packages/airflow/example_dags/example_bash_operator.py
[2022-07-28 04:44:31,076] {processor.py:641} INFO - Processing file /home/airflow/.local/lib/python3.7/site-packages/airflow/example_dags/example_bash_operator.py for tasks to queue
[2022-07-28 04:44:31,077] {logging_mixin.py:115} INFO - [2022-07-28 04:44:31,076] {dagbag.py:508} INFO - Filling up the DagBag from /home/airflow/.local/lib/python3.7/site-packages/airflow/example_dags/example_bash_operator.py
[2022-07-28 04:44:31,090] {processor.py:651} INFO - DAG(s) dict_keys(['example_bash_operator']) retrieved from /home/airflow/.local/lib/python3.7/site-packages/airflow/example_dags/example_bash_operator.py
[2022-07-28 04:44:31,127] {logging_mixin.py:115} INFO - [2022-07-28 04:44:31,127] {dag.py:2420} INFO - Sync 1 DAGs
[2022-07-28 04:44:31,159] {logging_mixin.py:115} INFO - [2022-07-28 04:44:31,158] {dag.py:2972} INFO - Setting next_dagrun for example_bash_operator to 2022-07-27T00:00:00+00:00, run_after=2022-07-28T00:00:00+00:00
[2022-07-28 04:44:31,184] {processor.py:161} INFO - Processing /home/airflow/.local/lib/python3.7/site-packages/airflow/example_dags/example_bash_operator.py took 0.115 seconds
[2022-07-28 04:45:01,835] {processor.py:153} INFO - Started process (PID=24052) to work on /home/airflow/.local/lib/python3.7/site-packages/airflow/example_dags/example_bash_operator.py
[2022-07-28 04:45:01,836] {processor.py:641} INFO - Processing file /home/airflow/.local/lib/python3.7/site-packages/airflow/example_dags/example_bash_operator.py for tasks to queue
[2022-07-28 04:45:01,837] {logging_mixin.py:115} INFO - [2022-07-28 04:45:01,837] {dagbag.py:508} INFO - Filling up the DagBag from /home/airflow/.local/lib/python3.7/site-packages/airflow/example_dags/example_bash_operator.py
[2022-07-28 04:45:01,850] {processor.py:651} INFO - DAG(s) dict_keys(['example_bash_operator']) retrieved from /home/airflow/.local/lib/python3.7/site-packages/airflow/example_dags/example_bash_operator.py
[2022-07-28 04:45:01,888] {logging_mixin.py:115} INFO - [2022-07-28 04:45:01,888] {dag.py:2420} INFO - Sync 1 DAGs
[2022-07-28 04:45:01,925] {logging_mixin.py:115} INFO - [2022-07-28 04:45:01,924] {dag.py:2972} INFO - Setting next_dagrun for example_bash_operator to 2022-07-27T00:00:00+00:00, run_after=2022-07-28T00:00:00+00:00
[2022-07-28 04:45:01,948] {processor.py:161} INFO - Processing /home/airflow/.local/lib/python3.7/site-packages/airflow/example_dags/example_bash_operator.py took 0.116 seconds
[2022-07-28 04:45:32,305] {processor.py:153} INFO - Started process (PID=24253) to work on /home/airflow/.local/lib/python3.7/site-packages/airflow/example_dags/example_bash_operator.py
[2022-07-28 04:45:32,306] {processor.py:641} INFO - Processing file /home/airflow/.local/lib/python3.7/site-packages/airflow/example_dags/example_bash_operator.py for tasks to queue
[2022-07-28 04:45:32,307] {logging_mixin.py:115} INFO - [2022-07-28 04:45:32,307] {dagbag.py:508} INFO - Filling up the DagBag from /home/airflow/.local/lib/python3.7/site-packages/airflow/example_dags/example_bash_operator.py
[2022-07-28 04:45:32,325] {processor.py:651} INFO - DAG(s) dict_keys(['example_bash_operator']) retrieved from /home/airflow/.local/lib/python3.7/site-packages/airflow/example_dags/example_bash_operator.py
[2022-07-28 04:45:32,360] {logging_mixin.py:115} INFO - [2022-07-28 04:45:32,360] {dag.py:2420} INFO - Sync 1 DAGs
[2022-07-28 04:45:32,400] {logging_mixin.py:115} INFO - [2022-07-28 04:45:32,400] {dag.py:2972} INFO - Setting next_dagrun for example_bash_operator to 2022-07-27T00:00:00+00:00, run_after=2022-07-28T00:00:00+00:00
[2022-07-28 04:45:32,427] {processor.py:161} INFO - Processing /home/airflow/.local/lib/python3.7/site-packages/airflow/example_dags/example_bash_operator.py took 0.125 seconds
[2022-07-28 04:46:03,247] {processor.py:153} INFO - Started process (PID=24449) to work on /home/airflow/.local/lib/python3.7/site-packages/airflow/example_dags/example_bash_operator.py
[2022-07-28 04:46:03,248] {processor.py:641} INFO - Processing file /home/airflow/.local/lib/python3.7/site-packages/airflow/example_dags/example_bash_operator.py for tasks to queue
[2022-07-28 04:46:03,249] {logging_mixin.py:115} INFO - [2022-07-28 04:46:03,248] {dagbag.py:508} INFO - Filling up the DagBag from /home/airflow/.local/lib/python3.7/site-packages/airflow/example_dags/example_bash_operator.py
[2022-07-28 04:46:03,263] {processor.py:651} INFO - DAG(s) dict_keys(['example_bash_operator']) retrieved from /home/airflow/.local/lib/python3.7/site-packages/airflow/example_dags/example_bash_operator.py
[2022-07-28 04:46:03,295] {logging_mixin.py:115} INFO - [2022-07-28 04:46:03,295] {dag.py:2420} INFO - Sync 1 DAGs
[2022-07-28 04:46:03,330] {logging_mixin.py:115} INFO - [2022-07-28 04:46:03,329] {dag.py:2972} INFO - Setting next_dagrun for example_bash_operator to 2022-07-27T00:00:00+00:00, run_after=2022-07-28T00:00:00+00:00
[2022-07-28 04:46:03,346] {processor.py:161} INFO - Processing /home/airflow/.local/lib/python3.7/site-packages/airflow/example_dags/example_bash_operator.py took 0.103 seconds
[2022-07-28 04:46:33,894] {processor.py:153} INFO - Started process (PID=24652) to work on /home/airflow/.local/lib/python3.7/site-packages/airflow/example_dags/example_bash_operator.py
[2022-07-28 04:46:33,895] {processor.py:641} INFO - Processing file /home/airflow/.local/lib/python3.7/site-packages/airflow/example_dags/example_bash_operator.py for tasks to queue
[2022-07-28 04:46:33,896] {logging_mixin.py:115} INFO - [2022-07-28 04:46:33,896] {dagbag.py:508} INFO - Filling up the DagBag from /home/airflow/.local/lib/python3.7/site-packages/airflow/example_dags/example_bash_operator.py
[2022-07-28 04:46:33,912] {processor.py:651} INFO - DAG(s) dict_keys(['example_bash_operator']) retrieved from /home/airflow/.local/lib/python3.7/site-packages/airflow/example_dags/example_bash_operator.py
[2022-07-28 04:46:33,951] {logging_mixin.py:115} INFO - [2022-07-28 04:46:33,951] {dag.py:2420} INFO - Sync 1 DAGs
[2022-07-28 04:46:33,986] {logging_mixin.py:115} INFO - [2022-07-28 04:46:33,985] {dag.py:2972} INFO - Setting next_dagrun for example_bash_operator to 2022-07-27T00:00:00+00:00, run_after=2022-07-28T00:00:00+00:00
[2022-07-28 04:46:34,013] {processor.py:161} INFO - Processing /home/airflow/.local/lib/python3.7/site-packages/airflow/example_dags/example_bash_operator.py took 0.122 seconds
[2022-07-28 04:47:04,565] {processor.py:153} INFO - Started process (PID=24846) to work on /home/airflow/.local/lib/python3.7/site-packages/airflow/example_dags/example_bash_operator.py
[2022-07-28 04:47:04,565] {processor.py:641} INFO - Processing file /home/airflow/.local/lib/python3.7/site-packages/airflow/example_dags/example_bash_operator.py for tasks to queue
[2022-07-28 04:47:04,566] {logging_mixin.py:115} INFO - [2022-07-28 04:47:04,566] {dagbag.py:508} INFO - Filling up the DagBag from /home/airflow/.local/lib/python3.7/site-packages/airflow/example_dags/example_bash_operator.py
[2022-07-28 04:47:04,585] {processor.py:651} INFO - DAG(s) dict_keys(['example_bash_operator']) retrieved from /home/airflow/.local/lib/python3.7/site-packages/airflow/example_dags/example_bash_operator.py
[2022-07-28 04:47:04,633] {logging_mixin.py:115} INFO - [2022-07-28 04:47:04,632] {dag.py:2420} INFO - Sync 1 DAGs
[2022-07-28 04:47:04,670] {logging_mixin.py:115} INFO - [2022-07-28 04:47:04,670] {dag.py:2972} INFO - Setting next_dagrun for example_bash_operator to 2022-07-27T00:00:00+00:00, run_after=2022-07-28T00:00:00+00:00
[2022-07-28 04:47:04,690] {processor.py:161} INFO - Processing /home/airflow/.local/lib/python3.7/site-packages/airflow/example_dags/example_bash_operator.py took 0.130 seconds
[2022-07-28 04:47:35,109] {processor.py:153} INFO - Started process (PID=25049) to work on /home/airflow/.local/lib/python3.7/site-packages/airflow/example_dags/example_bash_operator.py
[2022-07-28 04:47:35,109] {processor.py:641} INFO - Processing file /home/airflow/.local/lib/python3.7/site-packages/airflow/example_dags/example_bash_operator.py for tasks to queue
[2022-07-28 04:47:35,110] {logging_mixin.py:115} INFO - [2022-07-28 04:47:35,110] {dagbag.py:508} INFO - Filling up the DagBag from /home/airflow/.local/lib/python3.7/site-packages/airflow/example_dags/example_bash_operator.py
[2022-07-28 04:47:35,129] {processor.py:651} INFO - DAG(s) dict_keys(['example_bash_operator']) retrieved from /home/airflow/.local/lib/python3.7/site-packages/airflow/example_dags/example_bash_operator.py
[2022-07-28 04:47:35,174] {logging_mixin.py:115} INFO - [2022-07-28 04:47:35,173] {dag.py:2420} INFO - Sync 1 DAGs
[2022-07-28 04:47:35,208] {logging_mixin.py:115} INFO - [2022-07-28 04:47:35,208] {dag.py:2972} INFO - Setting next_dagrun for example_bash_operator to 2022-07-27T00:00:00+00:00, run_after=2022-07-28T00:00:00+00:00
[2022-07-28 04:47:35,233] {processor.py:161} INFO - Processing /home/airflow/.local/lib/python3.7/site-packages/airflow/example_dags/example_bash_operator.py took 0.128 seconds
[2022-07-28 04:48:05,453] {processor.py:153} INFO - Started process (PID=25243) to work on /home/airflow/.local/lib/python3.7/site-packages/airflow/example_dags/example_bash_operator.py
[2022-07-28 04:48:05,454] {processor.py:641} INFO - Processing file /home/airflow/.local/lib/python3.7/site-packages/airflow/example_dags/example_bash_operator.py for tasks to queue
[2022-07-28 04:48:05,455] {logging_mixin.py:115} INFO - [2022-07-28 04:48:05,455] {dagbag.py:508} INFO - Filling up the DagBag from /home/airflow/.local/lib/python3.7/site-packages/airflow/example_dags/example_bash_operator.py
[2022-07-28 04:48:05,470] {processor.py:651} INFO - DAG(s) dict_keys(['example_bash_operator']) retrieved from /home/airflow/.local/lib/python3.7/site-packages/airflow/example_dags/example_bash_operator.py
[2022-07-28 04:48:05,504] {logging_mixin.py:115} INFO - [2022-07-28 04:48:05,504] {dag.py:2420} INFO - Sync 1 DAGs
[2022-07-28 04:48:05,539] {logging_mixin.py:115} INFO - [2022-07-28 04:48:05,539] {dag.py:2972} INFO - Setting next_dagrun for example_bash_operator to 2022-07-27T00:00:00+00:00, run_after=2022-07-28T00:00:00+00:00
[2022-07-28 04:48:05,565] {processor.py:161} INFO - Processing /home/airflow/.local/lib/python3.7/site-packages/airflow/example_dags/example_bash_operator.py took 0.116 seconds
[2022-07-28 04:48:35,937] {processor.py:153} INFO - Started process (PID=25446) to work on /home/airflow/.local/lib/python3.7/site-packages/airflow/example_dags/example_bash_operator.py
[2022-07-28 04:48:35,938] {processor.py:641} INFO - Processing file /home/airflow/.local/lib/python3.7/site-packages/airflow/example_dags/example_bash_operator.py for tasks to queue
[2022-07-28 04:48:35,939] {logging_mixin.py:115} INFO - [2022-07-28 04:48:35,939] {dagbag.py:508} INFO - Filling up the DagBag from /home/airflow/.local/lib/python3.7/site-packages/airflow/example_dags/example_bash_operator.py
[2022-07-28 04:48:35,956] {processor.py:651} INFO - DAG(s) dict_keys(['example_bash_operator']) retrieved from /home/airflow/.local/lib/python3.7/site-packages/airflow/example_dags/example_bash_operator.py
[2022-07-28 04:48:35,997] {logging_mixin.py:115} INFO - [2022-07-28 04:48:35,997] {dag.py:2420} INFO - Sync 1 DAGs
[2022-07-28 04:48:36,038] {logging_mixin.py:115} INFO - [2022-07-28 04:48:36,038] {dag.py:2972} INFO - Setting next_dagrun for example_bash_operator to 2022-07-27T00:00:00+00:00, run_after=2022-07-28T00:00:00+00:00
[2022-07-28 04:48:36,067] {processor.py:161} INFO - Processing /home/airflow/.local/lib/python3.7/site-packages/airflow/example_dags/example_bash_operator.py took 0.133 seconds
[2022-07-28 04:49:06,194] {processor.py:153} INFO - Started process (PID=25640) to work on /home/airflow/.local/lib/python3.7/site-packages/airflow/example_dags/example_bash_operator.py
[2022-07-28 04:49:06,195] {processor.py:641} INFO - Processing file /home/airflow/.local/lib/python3.7/site-packages/airflow/example_dags/example_bash_operator.py for tasks to queue
[2022-07-28 04:49:06,196] {logging_mixin.py:115} INFO - [2022-07-28 04:49:06,195] {dagbag.py:508} INFO - Filling up the DagBag from /home/airflow/.local/lib/python3.7/site-packages/airflow/example_dags/example_bash_operator.py
[2022-07-28 04:49:06,210] {processor.py:651} INFO - DAG(s) dict_keys(['example_bash_operator']) retrieved from /home/airflow/.local/lib/python3.7/site-packages/airflow/example_dags/example_bash_operator.py
[2022-07-28 04:49:06,244] {logging_mixin.py:115} INFO - [2022-07-28 04:49:06,244] {dag.py:2420} INFO - Sync 1 DAGs
[2022-07-28 04:49:06,272] {logging_mixin.py:115} INFO - [2022-07-28 04:49:06,272] {dag.py:2972} INFO - Setting next_dagrun for example_bash_operator to 2022-07-27T00:00:00+00:00, run_after=2022-07-28T00:00:00+00:00
[2022-07-28 04:49:06,286] {processor.py:161} INFO - Processing /home/airflow/.local/lib/python3.7/site-packages/airflow/example_dags/example_bash_operator.py took 0.095 seconds
