[2022-07-28 04:33:16,863] {processor.py:153} INFO - Started process (PID=19513) to work on /home/airflow/.local/lib/python3.7/site-packages/airflow/example_dags/example_subdag_operator.py
[2022-07-28 04:33:16,865] {processor.py:641} INFO - Processing file /home/airflow/.local/lib/python3.7/site-packages/airflow/example_dags/example_subdag_operator.py for tasks to queue
[2022-07-28 04:33:16,878] {logging_mixin.py:115} INFO - [2022-07-28 04:33:16,877] {dagbag.py:508} INFO - Filling up the DagBag from /home/airflow/.local/lib/python3.7/site-packages/airflow/example_dags/example_subdag_operator.py
[2022-07-28 04:33:16,983] {processor.py:651} INFO - DAG(s) dict_keys(['example_subdag_operator.section-1', 'example_subdag_operator.section-2', 'example_subdag_operator']) retrieved from /home/airflow/.local/lib/python3.7/site-packages/airflow/example_dags/example_subdag_operator.py
[2022-07-28 04:33:17,126] {logging_mixin.py:115} INFO - [2022-07-28 04:33:17,125] {dag.py:2420} INFO - Sync 3 DAGs
[2022-07-28 04:33:17,201] {logging_mixin.py:115} INFO - [2022-07-28 04:33:17,201] {dag.py:2972} INFO - Setting next_dagrun for example_subdag_operator to 2022-01-01T00:00:00+00:00, run_after=2022-01-01T00:00:00+00:00
[2022-07-28 04:33:17,204] {logging_mixin.py:115} INFO - [2022-07-28 04:33:17,203] {dag.py:2972} INFO - Setting next_dagrun for example_subdag_operator.section-1 to None, run_after=None
[2022-07-28 04:33:17,206] {logging_mixin.py:115} INFO - [2022-07-28 04:33:17,206] {dag.py:2972} INFO - Setting next_dagrun for example_subdag_operator.section-2 to None, run_after=None
[2022-07-28 04:33:17,226] {logging_mixin.py:115} INFO - [2022-07-28 04:33:17,226] {dag.py:2420} INFO - Sync 2 DAGs
[2022-07-28 04:33:17,251] {logging_mixin.py:115} INFO - [2022-07-28 04:33:17,251] {dag.py:2972} INFO - Setting next_dagrun for example_subdag_operator.section-1 to None, run_after=None
[2022-07-28 04:33:17,253] {logging_mixin.py:115} INFO - [2022-07-28 04:33:17,252] {dag.py:2972} INFO - Setting next_dagrun for example_subdag_operator.section-2 to None, run_after=None
[2022-07-28 04:33:17,275] {processor.py:161} INFO - Processing /home/airflow/.local/lib/python3.7/site-packages/airflow/example_dags/example_subdag_operator.py took 0.417 seconds
[2022-07-28 04:33:47,815] {processor.py:153} INFO - Started process (PID=19717) to work on /home/airflow/.local/lib/python3.7/site-packages/airflow/example_dags/example_subdag_operator.py
[2022-07-28 04:33:47,816] {processor.py:641} INFO - Processing file /home/airflow/.local/lib/python3.7/site-packages/airflow/example_dags/example_subdag_operator.py for tasks to queue
[2022-07-28 04:33:47,817] {logging_mixin.py:115} INFO - [2022-07-28 04:33:47,817] {dagbag.py:508} INFO - Filling up the DagBag from /home/airflow/.local/lib/python3.7/site-packages/airflow/example_dags/example_subdag_operator.py
[2022-07-28 04:33:47,845] {processor.py:651} INFO - DAG(s) dict_keys(['example_subdag_operator.section-1', 'example_subdag_operator.section-2', 'example_subdag_operator']) retrieved from /home/airflow/.local/lib/python3.7/site-packages/airflow/example_dags/example_subdag_operator.py
[2022-07-28 04:33:47,885] {logging_mixin.py:115} INFO - [2022-07-28 04:33:47,884] {dag.py:2420} INFO - Sync 3 DAGs
[2022-07-28 04:33:47,907] {logging_mixin.py:115} INFO - [2022-07-28 04:33:47,907] {dag.py:2972} INFO - Setting next_dagrun for example_subdag_operator to 2022-01-01T00:00:00+00:00, run_after=2022-01-01T00:00:00+00:00
[2022-07-28 04:33:47,908] {logging_mixin.py:115} INFO - [2022-07-28 04:33:47,908] {dag.py:2972} INFO - Setting next_dagrun for example_subdag_operator.section-1 to None, run_after=None
[2022-07-28 04:33:47,908] {logging_mixin.py:115} INFO - [2022-07-28 04:33:47,908] {dag.py:2972} INFO - Setting next_dagrun for example_subdag_operator.section-2 to None, run_after=None
[2022-07-28 04:33:47,917] {logging_mixin.py:115} INFO - [2022-07-28 04:33:47,917] {dag.py:2420} INFO - Sync 2 DAGs
[2022-07-28 04:33:47,924] {logging_mixin.py:115} INFO - [2022-07-28 04:33:47,924] {dag.py:2972} INFO - Setting next_dagrun for example_subdag_operator.section-1 to None, run_after=None
[2022-07-28 04:33:47,924] {logging_mixin.py:115} INFO - [2022-07-28 04:33:47,924] {dag.py:2972} INFO - Setting next_dagrun for example_subdag_operator.section-2 to None, run_after=None
[2022-07-28 04:33:47,934] {processor.py:161} INFO - Processing /home/airflow/.local/lib/python3.7/site-packages/airflow/example_dags/example_subdag_operator.py took 0.122 seconds
[2022-07-28 04:34:18,452] {processor.py:153} INFO - Started process (PID=19923) to work on /home/airflow/.local/lib/python3.7/site-packages/airflow/example_dags/example_subdag_operator.py
[2022-07-28 04:34:18,453] {processor.py:641} INFO - Processing file /home/airflow/.local/lib/python3.7/site-packages/airflow/example_dags/example_subdag_operator.py for tasks to queue
[2022-07-28 04:34:18,454] {logging_mixin.py:115} INFO - [2022-07-28 04:34:18,454] {dagbag.py:508} INFO - Filling up the DagBag from /home/airflow/.local/lib/python3.7/site-packages/airflow/example_dags/example_subdag_operator.py
[2022-07-28 04:34:18,489] {processor.py:651} INFO - DAG(s) dict_keys(['example_subdag_operator.section-1', 'example_subdag_operator.section-2', 'example_subdag_operator']) retrieved from /home/airflow/.local/lib/python3.7/site-packages/airflow/example_dags/example_subdag_operator.py
[2022-07-28 04:34:18,536] {logging_mixin.py:115} INFO - [2022-07-28 04:34:18,536] {dag.py:2420} INFO - Sync 3 DAGs
[2022-07-28 04:34:18,567] {logging_mixin.py:115} INFO - [2022-07-28 04:34:18,566] {dag.py:2972} INFO - Setting next_dagrun for example_subdag_operator to 2022-01-01T00:00:00+00:00, run_after=2022-01-01T00:00:00+00:00
[2022-07-28 04:34:18,568] {logging_mixin.py:115} INFO - [2022-07-28 04:34:18,567] {dag.py:2972} INFO - Setting next_dagrun for example_subdag_operator.section-1 to None, run_after=None
[2022-07-28 04:34:18,568] {logging_mixin.py:115} INFO - [2022-07-28 04:34:18,568] {dag.py:2972} INFO - Setting next_dagrun for example_subdag_operator.section-2 to None, run_after=None
[2022-07-28 04:34:18,579] {logging_mixin.py:115} INFO - [2022-07-28 04:34:18,579] {dag.py:2420} INFO - Sync 2 DAGs
[2022-07-28 04:34:18,587] {logging_mixin.py:115} INFO - [2022-07-28 04:34:18,587] {dag.py:2972} INFO - Setting next_dagrun for example_subdag_operator.section-1 to None, run_after=None
[2022-07-28 04:34:18,588] {logging_mixin.py:115} INFO - [2022-07-28 04:34:18,588] {dag.py:2972} INFO - Setting next_dagrun for example_subdag_operator.section-2 to None, run_after=None
[2022-07-28 04:34:18,601] {processor.py:161} INFO - Processing /home/airflow/.local/lib/python3.7/site-packages/airflow/example_dags/example_subdag_operator.py took 0.153 seconds
[2022-07-28 04:34:48,760] {processor.py:153} INFO - Started process (PID=20124) to work on /home/airflow/.local/lib/python3.7/site-packages/airflow/example_dags/example_subdag_operator.py
[2022-07-28 04:34:48,761] {processor.py:641} INFO - Processing file /home/airflow/.local/lib/python3.7/site-packages/airflow/example_dags/example_subdag_operator.py for tasks to queue
[2022-07-28 04:34:48,762] {logging_mixin.py:115} INFO - [2022-07-28 04:34:48,762] {dagbag.py:508} INFO - Filling up the DagBag from /home/airflow/.local/lib/python3.7/site-packages/airflow/example_dags/example_subdag_operator.py
[2022-07-28 04:34:48,790] {processor.py:651} INFO - DAG(s) dict_keys(['example_subdag_operator.section-1', 'example_subdag_operator.section-2', 'example_subdag_operator']) retrieved from /home/airflow/.local/lib/python3.7/site-packages/airflow/example_dags/example_subdag_operator.py
[2022-07-28 04:34:48,833] {logging_mixin.py:115} INFO - [2022-07-28 04:34:48,833] {dag.py:2420} INFO - Sync 3 DAGs
[2022-07-28 04:34:48,865] {logging_mixin.py:115} INFO - [2022-07-28 04:34:48,865] {dag.py:2972} INFO - Setting next_dagrun for example_subdag_operator to 2022-01-01T00:00:00+00:00, run_after=2022-01-01T00:00:00+00:00
[2022-07-28 04:34:48,866] {logging_mixin.py:115} INFO - [2022-07-28 04:34:48,866] {dag.py:2972} INFO - Setting next_dagrun for example_subdag_operator.section-1 to None, run_after=None
[2022-07-28 04:34:48,867] {logging_mixin.py:115} INFO - [2022-07-28 04:34:48,867] {dag.py:2972} INFO - Setting next_dagrun for example_subdag_operator.section-2 to None, run_after=None
[2022-07-28 04:34:48,876] {logging_mixin.py:115} INFO - [2022-07-28 04:34:48,876] {dag.py:2420} INFO - Sync 2 DAGs
[2022-07-28 04:34:48,885] {logging_mixin.py:115} INFO - [2022-07-28 04:34:48,885] {dag.py:2972} INFO - Setting next_dagrun for example_subdag_operator.section-1 to None, run_after=None
[2022-07-28 04:34:48,886] {logging_mixin.py:115} INFO - [2022-07-28 04:34:48,886] {dag.py:2972} INFO - Setting next_dagrun for example_subdag_operator.section-2 to None, run_after=None
[2022-07-28 04:34:48,897] {processor.py:161} INFO - Processing /home/airflow/.local/lib/python3.7/site-packages/airflow/example_dags/example_subdag_operator.py took 0.139 seconds
[2022-07-28 04:35:19,280] {processor.py:153} INFO - Started process (PID=20320) to work on /home/airflow/.local/lib/python3.7/site-packages/airflow/example_dags/example_subdag_operator.py
[2022-07-28 04:35:19,281] {processor.py:641} INFO - Processing file /home/airflow/.local/lib/python3.7/site-packages/airflow/example_dags/example_subdag_operator.py for tasks to queue
[2022-07-28 04:35:19,281] {logging_mixin.py:115} INFO - [2022-07-28 04:35:19,281] {dagbag.py:508} INFO - Filling up the DagBag from /home/airflow/.local/lib/python3.7/site-packages/airflow/example_dags/example_subdag_operator.py
[2022-07-28 04:35:19,309] {processor.py:651} INFO - DAG(s) dict_keys(['example_subdag_operator.section-1', 'example_subdag_operator.section-2', 'example_subdag_operator']) retrieved from /home/airflow/.local/lib/python3.7/site-packages/airflow/example_dags/example_subdag_operator.py
[2022-07-28 04:35:19,349] {logging_mixin.py:115} INFO - [2022-07-28 04:35:19,349] {dag.py:2420} INFO - Sync 3 DAGs
[2022-07-28 04:35:19,376] {logging_mixin.py:115} INFO - [2022-07-28 04:35:19,375] {dag.py:2972} INFO - Setting next_dagrun for example_subdag_operator to 2022-01-01T00:00:00+00:00, run_after=2022-01-01T00:00:00+00:00
[2022-07-28 04:35:19,376] {logging_mixin.py:115} INFO - [2022-07-28 04:35:19,376] {dag.py:2972} INFO - Setting next_dagrun for example_subdag_operator.section-1 to None, run_after=None
[2022-07-28 04:35:19,377] {logging_mixin.py:115} INFO - [2022-07-28 04:35:19,377] {dag.py:2972} INFO - Setting next_dagrun for example_subdag_operator.section-2 to None, run_after=None
[2022-07-28 04:35:19,386] {logging_mixin.py:115} INFO - [2022-07-28 04:35:19,386] {dag.py:2420} INFO - Sync 2 DAGs
[2022-07-28 04:35:19,393] {logging_mixin.py:115} INFO - [2022-07-28 04:35:19,393] {dag.py:2972} INFO - Setting next_dagrun for example_subdag_operator.section-1 to None, run_after=None
[2022-07-28 04:35:19,394] {logging_mixin.py:115} INFO - [2022-07-28 04:35:19,394] {dag.py:2972} INFO - Setting next_dagrun for example_subdag_operator.section-2 to None, run_after=None
[2022-07-28 04:35:19,405] {processor.py:161} INFO - Processing /home/airflow/.local/lib/python3.7/site-packages/airflow/example_dags/example_subdag_operator.py took 0.127 seconds
[2022-07-28 04:35:50,341] {processor.py:153} INFO - Started process (PID=20522) to work on /home/airflow/.local/lib/python3.7/site-packages/airflow/example_dags/example_subdag_operator.py
[2022-07-28 04:35:50,342] {processor.py:641} INFO - Processing file /home/airflow/.local/lib/python3.7/site-packages/airflow/example_dags/example_subdag_operator.py for tasks to queue
[2022-07-28 04:35:50,342] {logging_mixin.py:115} INFO - [2022-07-28 04:35:50,342] {dagbag.py:508} INFO - Filling up the DagBag from /home/airflow/.local/lib/python3.7/site-packages/airflow/example_dags/example_subdag_operator.py
[2022-07-28 04:35:50,376] {processor.py:651} INFO - DAG(s) dict_keys(['example_subdag_operator.section-1', 'example_subdag_operator.section-2', 'example_subdag_operator']) retrieved from /home/airflow/.local/lib/python3.7/site-packages/airflow/example_dags/example_subdag_operator.py
[2022-07-28 04:35:50,424] {logging_mixin.py:115} INFO - [2022-07-28 04:35:50,424] {dag.py:2420} INFO - Sync 3 DAGs
[2022-07-28 04:35:50,455] {logging_mixin.py:115} INFO - [2022-07-28 04:35:50,455] {dag.py:2972} INFO - Setting next_dagrun for example_subdag_operator to 2022-01-01T00:00:00+00:00, run_after=2022-01-01T00:00:00+00:00
[2022-07-28 04:35:50,456] {logging_mixin.py:115} INFO - [2022-07-28 04:35:50,456] {dag.py:2972} INFO - Setting next_dagrun for example_subdag_operator.section-1 to None, run_after=None
[2022-07-28 04:35:50,456] {logging_mixin.py:115} INFO - [2022-07-28 04:35:50,456] {dag.py:2972} INFO - Setting next_dagrun for example_subdag_operator.section-2 to None, run_after=None
[2022-07-28 04:35:50,466] {logging_mixin.py:115} INFO - [2022-07-28 04:35:50,466] {dag.py:2420} INFO - Sync 2 DAGs
[2022-07-28 04:35:50,474] {logging_mixin.py:115} INFO - [2022-07-28 04:35:50,474] {dag.py:2972} INFO - Setting next_dagrun for example_subdag_operator.section-1 to None, run_after=None
[2022-07-28 04:35:50,475] {logging_mixin.py:115} INFO - [2022-07-28 04:35:50,475] {dag.py:2972} INFO - Setting next_dagrun for example_subdag_operator.section-2 to None, run_after=None
[2022-07-28 04:35:50,486] {processor.py:161} INFO - Processing /home/airflow/.local/lib/python3.7/site-packages/airflow/example_dags/example_subdag_operator.py took 0.149 seconds
[2022-07-28 04:36:21,207] {processor.py:153} INFO - Started process (PID=20717) to work on /home/airflow/.local/lib/python3.7/site-packages/airflow/example_dags/example_subdag_operator.py
[2022-07-28 04:36:21,208] {processor.py:641} INFO - Processing file /home/airflow/.local/lib/python3.7/site-packages/airflow/example_dags/example_subdag_operator.py for tasks to queue
[2022-07-28 04:36:21,209] {logging_mixin.py:115} INFO - [2022-07-28 04:36:21,209] {dagbag.py:508} INFO - Filling up the DagBag from /home/airflow/.local/lib/python3.7/site-packages/airflow/example_dags/example_subdag_operator.py
[2022-07-28 04:36:21,242] {processor.py:651} INFO - DAG(s) dict_keys(['example_subdag_operator.section-1', 'example_subdag_operator.section-2', 'example_subdag_operator']) retrieved from /home/airflow/.local/lib/python3.7/site-packages/airflow/example_dags/example_subdag_operator.py
[2022-07-28 04:36:21,291] {logging_mixin.py:115} INFO - [2022-07-28 04:36:21,290] {dag.py:2420} INFO - Sync 3 DAGs
[2022-07-28 04:36:21,317] {logging_mixin.py:115} INFO - [2022-07-28 04:36:21,317] {dag.py:2972} INFO - Setting next_dagrun for example_subdag_operator to 2022-01-01T00:00:00+00:00, run_after=2022-01-01T00:00:00+00:00
[2022-07-28 04:36:21,318] {logging_mixin.py:115} INFO - [2022-07-28 04:36:21,318] {dag.py:2972} INFO - Setting next_dagrun for example_subdag_operator.section-1 to None, run_after=None
[2022-07-28 04:36:21,319] {logging_mixin.py:115} INFO - [2022-07-28 04:36:21,319] {dag.py:2972} INFO - Setting next_dagrun for example_subdag_operator.section-2 to None, run_after=None
[2022-07-28 04:36:21,329] {logging_mixin.py:115} INFO - [2022-07-28 04:36:21,329] {dag.py:2420} INFO - Sync 2 DAGs
[2022-07-28 04:36:21,337] {logging_mixin.py:115} INFO - [2022-07-28 04:36:21,337] {dag.py:2972} INFO - Setting next_dagrun for example_subdag_operator.section-1 to None, run_after=None
[2022-07-28 04:36:21,338] {logging_mixin.py:115} INFO - [2022-07-28 04:36:21,338] {dag.py:2972} INFO - Setting next_dagrun for example_subdag_operator.section-2 to None, run_after=None
[2022-07-28 04:36:21,349] {processor.py:161} INFO - Processing /home/airflow/.local/lib/python3.7/site-packages/airflow/example_dags/example_subdag_operator.py took 0.147 seconds
[2022-07-28 04:36:51,457] {processor.py:153} INFO - Started process (PID=20920) to work on /home/airflow/.local/lib/python3.7/site-packages/airflow/example_dags/example_subdag_operator.py
[2022-07-28 04:36:51,458] {processor.py:641} INFO - Processing file /home/airflow/.local/lib/python3.7/site-packages/airflow/example_dags/example_subdag_operator.py for tasks to queue
[2022-07-28 04:36:51,459] {logging_mixin.py:115} INFO - [2022-07-28 04:36:51,459] {dagbag.py:508} INFO - Filling up the DagBag from /home/airflow/.local/lib/python3.7/site-packages/airflow/example_dags/example_subdag_operator.py
[2022-07-28 04:36:51,492] {processor.py:651} INFO - DAG(s) dict_keys(['example_subdag_operator.section-1', 'example_subdag_operator.section-2', 'example_subdag_operator']) retrieved from /home/airflow/.local/lib/python3.7/site-packages/airflow/example_dags/example_subdag_operator.py
[2022-07-28 04:36:51,545] {logging_mixin.py:115} INFO - [2022-07-28 04:36:51,545] {dag.py:2420} INFO - Sync 3 DAGs
[2022-07-28 04:36:51,570] {logging_mixin.py:115} INFO - [2022-07-28 04:36:51,570] {dag.py:2972} INFO - Setting next_dagrun for example_subdag_operator to 2022-01-01T00:00:00+00:00, run_after=2022-01-01T00:00:00+00:00
[2022-07-28 04:36:51,570] {logging_mixin.py:115} INFO - [2022-07-28 04:36:51,570] {dag.py:2972} INFO - Setting next_dagrun for example_subdag_operator.section-1 to None, run_after=None
[2022-07-28 04:36:51,571] {logging_mixin.py:115} INFO - [2022-07-28 04:36:51,571] {dag.py:2972} INFO - Setting next_dagrun for example_subdag_operator.section-2 to None, run_after=None
[2022-07-28 04:36:51,580] {logging_mixin.py:115} INFO - [2022-07-28 04:36:51,580] {dag.py:2420} INFO - Sync 2 DAGs
[2022-07-28 04:36:51,587] {logging_mixin.py:115} INFO - [2022-07-28 04:36:51,587] {dag.py:2972} INFO - Setting next_dagrun for example_subdag_operator.section-1 to None, run_after=None
[2022-07-28 04:36:51,587] {logging_mixin.py:115} INFO - [2022-07-28 04:36:51,587] {dag.py:2972} INFO - Setting next_dagrun for example_subdag_operator.section-2 to None, run_after=None
[2022-07-28 04:36:51,598] {processor.py:161} INFO - Processing /home/airflow/.local/lib/python3.7/site-packages/airflow/example_dags/example_subdag_operator.py took 0.144 seconds
[2022-07-28 04:37:22,077] {processor.py:153} INFO - Started process (PID=21114) to work on /home/airflow/.local/lib/python3.7/site-packages/airflow/example_dags/example_subdag_operator.py
[2022-07-28 04:37:22,078] {processor.py:641} INFO - Processing file /home/airflow/.local/lib/python3.7/site-packages/airflow/example_dags/example_subdag_operator.py for tasks to queue
[2022-07-28 04:37:22,079] {logging_mixin.py:115} INFO - [2022-07-28 04:37:22,079] {dagbag.py:508} INFO - Filling up the DagBag from /home/airflow/.local/lib/python3.7/site-packages/airflow/example_dags/example_subdag_operator.py
[2022-07-28 04:37:22,109] {processor.py:651} INFO - DAG(s) dict_keys(['example_subdag_operator.section-1', 'example_subdag_operator.section-2', 'example_subdag_operator']) retrieved from /home/airflow/.local/lib/python3.7/site-packages/airflow/example_dags/example_subdag_operator.py
[2022-07-28 04:37:22,155] {logging_mixin.py:115} INFO - [2022-07-28 04:37:22,155] {dag.py:2420} INFO - Sync 3 DAGs
[2022-07-28 04:37:22,180] {logging_mixin.py:115} INFO - [2022-07-28 04:37:22,180] {dag.py:2972} INFO - Setting next_dagrun for example_subdag_operator to 2022-01-01T00:00:00+00:00, run_after=2022-01-01T00:00:00+00:00
[2022-07-28 04:37:22,181] {logging_mixin.py:115} INFO - [2022-07-28 04:37:22,181] {dag.py:2972} INFO - Setting next_dagrun for example_subdag_operator.section-1 to None, run_after=None
[2022-07-28 04:37:22,182] {logging_mixin.py:115} INFO - [2022-07-28 04:37:22,182] {dag.py:2972} INFO - Setting next_dagrun for example_subdag_operator.section-2 to None, run_after=None
[2022-07-28 04:37:22,191] {logging_mixin.py:115} INFO - [2022-07-28 04:37:22,191] {dag.py:2420} INFO - Sync 2 DAGs
[2022-07-28 04:37:22,199] {logging_mixin.py:115} INFO - [2022-07-28 04:37:22,199] {dag.py:2972} INFO - Setting next_dagrun for example_subdag_operator.section-1 to None, run_after=None
[2022-07-28 04:37:22,200] {logging_mixin.py:115} INFO - [2022-07-28 04:37:22,200] {dag.py:2972} INFO - Setting next_dagrun for example_subdag_operator.section-2 to None, run_after=None
[2022-07-28 04:37:22,212] {processor.py:161} INFO - Processing /home/airflow/.local/lib/python3.7/site-packages/airflow/example_dags/example_subdag_operator.py took 0.139 seconds
[2022-07-28 04:37:52,366] {processor.py:153} INFO - Started process (PID=21317) to work on /home/airflow/.local/lib/python3.7/site-packages/airflow/example_dags/example_subdag_operator.py
[2022-07-28 04:37:52,366] {processor.py:641} INFO - Processing file /home/airflow/.local/lib/python3.7/site-packages/airflow/example_dags/example_subdag_operator.py for tasks to queue
[2022-07-28 04:37:52,367] {logging_mixin.py:115} INFO - [2022-07-28 04:37:52,367] {dagbag.py:508} INFO - Filling up the DagBag from /home/airflow/.local/lib/python3.7/site-packages/airflow/example_dags/example_subdag_operator.py
[2022-07-28 04:37:52,398] {processor.py:651} INFO - DAG(s) dict_keys(['example_subdag_operator.section-1', 'example_subdag_operator.section-2', 'example_subdag_operator']) retrieved from /home/airflow/.local/lib/python3.7/site-packages/airflow/example_dags/example_subdag_operator.py
[2022-07-28 04:37:52,442] {logging_mixin.py:115} INFO - [2022-07-28 04:37:52,442] {dag.py:2420} INFO - Sync 3 DAGs
[2022-07-28 04:37:52,471] {logging_mixin.py:115} INFO - [2022-07-28 04:37:52,471] {dag.py:2972} INFO - Setting next_dagrun for example_subdag_operator to 2022-01-01T00:00:00+00:00, run_after=2022-01-01T00:00:00+00:00
[2022-07-28 04:37:52,471] {logging_mixin.py:115} INFO - [2022-07-28 04:37:52,471] {dag.py:2972} INFO - Setting next_dagrun for example_subdag_operator.section-1 to None, run_after=None
[2022-07-28 04:37:52,472] {logging_mixin.py:115} INFO - [2022-07-28 04:37:52,472] {dag.py:2972} INFO - Setting next_dagrun for example_subdag_operator.section-2 to None, run_after=None
[2022-07-28 04:37:52,482] {logging_mixin.py:115} INFO - [2022-07-28 04:37:52,482] {dag.py:2420} INFO - Sync 2 DAGs
[2022-07-28 04:37:52,491] {logging_mixin.py:115} INFO - [2022-07-28 04:37:52,490] {dag.py:2972} INFO - Setting next_dagrun for example_subdag_operator.section-1 to None, run_after=None
[2022-07-28 04:37:52,491] {logging_mixin.py:115} INFO - [2022-07-28 04:37:52,491] {dag.py:2972} INFO - Setting next_dagrun for example_subdag_operator.section-2 to None, run_after=None
[2022-07-28 04:37:52,505] {processor.py:161} INFO - Processing /home/airflow/.local/lib/python3.7/site-packages/airflow/example_dags/example_subdag_operator.py took 0.143 seconds
[2022-07-28 04:38:22,989] {processor.py:153} INFO - Started process (PID=21509) to work on /home/airflow/.local/lib/python3.7/site-packages/airflow/example_dags/example_subdag_operator.py
[2022-07-28 04:38:22,990] {processor.py:641} INFO - Processing file /home/airflow/.local/lib/python3.7/site-packages/airflow/example_dags/example_subdag_operator.py for tasks to queue
[2022-07-28 04:38:22,991] {logging_mixin.py:115} INFO - [2022-07-28 04:38:22,991] {dagbag.py:508} INFO - Filling up the DagBag from /home/airflow/.local/lib/python3.7/site-packages/airflow/example_dags/example_subdag_operator.py
[2022-07-28 04:38:23,025] {processor.py:651} INFO - DAG(s) dict_keys(['example_subdag_operator.section-1', 'example_subdag_operator.section-2', 'example_subdag_operator']) retrieved from /home/airflow/.local/lib/python3.7/site-packages/airflow/example_dags/example_subdag_operator.py
[2022-07-28 04:38:23,082] {logging_mixin.py:115} INFO - [2022-07-28 04:38:23,082] {dag.py:2420} INFO - Sync 3 DAGs
[2022-07-28 04:38:23,116] {logging_mixin.py:115} INFO - [2022-07-28 04:38:23,116] {dag.py:2972} INFO - Setting next_dagrun for example_subdag_operator to 2022-01-01T00:00:00+00:00, run_after=2022-01-01T00:00:00+00:00
[2022-07-28 04:38:23,117] {logging_mixin.py:115} INFO - [2022-07-28 04:38:23,117] {dag.py:2972} INFO - Setting next_dagrun for example_subdag_operator.section-1 to None, run_after=None
[2022-07-28 04:38:23,117] {logging_mixin.py:115} INFO - [2022-07-28 04:38:23,117] {dag.py:2972} INFO - Setting next_dagrun for example_subdag_operator.section-2 to None, run_after=None
[2022-07-28 04:38:23,127] {logging_mixin.py:115} INFO - [2022-07-28 04:38:23,127] {dag.py:2420} INFO - Sync 2 DAGs
[2022-07-28 04:38:23,136] {logging_mixin.py:115} INFO - [2022-07-28 04:38:23,136] {dag.py:2972} INFO - Setting next_dagrun for example_subdag_operator.section-1 to None, run_after=None
[2022-07-28 04:38:23,137] {logging_mixin.py:115} INFO - [2022-07-28 04:38:23,137] {dag.py:2972} INFO - Setting next_dagrun for example_subdag_operator.section-2 to None, run_after=None
[2022-07-28 04:38:23,148] {processor.py:161} INFO - Processing /home/airflow/.local/lib/python3.7/site-packages/airflow/example_dags/example_subdag_operator.py took 0.163 seconds
[2022-07-28 04:38:53,743] {processor.py:153} INFO - Started process (PID=21712) to work on /home/airflow/.local/lib/python3.7/site-packages/airflow/example_dags/example_subdag_operator.py
[2022-07-28 04:38:53,744] {processor.py:641} INFO - Processing file /home/airflow/.local/lib/python3.7/site-packages/airflow/example_dags/example_subdag_operator.py for tasks to queue
[2022-07-28 04:38:53,745] {logging_mixin.py:115} INFO - [2022-07-28 04:38:53,744] {dagbag.py:508} INFO - Filling up the DagBag from /home/airflow/.local/lib/python3.7/site-packages/airflow/example_dags/example_subdag_operator.py
[2022-07-28 04:38:53,782] {processor.py:651} INFO - DAG(s) dict_keys(['example_subdag_operator.section-1', 'example_subdag_operator.section-2', 'example_subdag_operator']) retrieved from /home/airflow/.local/lib/python3.7/site-packages/airflow/example_dags/example_subdag_operator.py
[2022-07-28 04:38:53,828] {logging_mixin.py:115} INFO - [2022-07-28 04:38:53,828] {dag.py:2420} INFO - Sync 3 DAGs
[2022-07-28 04:38:53,858] {logging_mixin.py:115} INFO - [2022-07-28 04:38:53,858] {dag.py:2972} INFO - Setting next_dagrun for example_subdag_operator to 2022-01-01T00:00:00+00:00, run_after=2022-01-01T00:00:00+00:00
[2022-07-28 04:38:53,859] {logging_mixin.py:115} INFO - [2022-07-28 04:38:53,859] {dag.py:2972} INFO - Setting next_dagrun for example_subdag_operator.section-1 to None, run_after=None
[2022-07-28 04:38:53,860] {logging_mixin.py:115} INFO - [2022-07-28 04:38:53,860] {dag.py:2972} INFO - Setting next_dagrun for example_subdag_operator.section-2 to None, run_after=None
[2022-07-28 04:38:53,877] {logging_mixin.py:115} INFO - [2022-07-28 04:38:53,876] {dag.py:2420} INFO - Sync 2 DAGs
[2022-07-28 04:38:53,887] {logging_mixin.py:115} INFO - [2022-07-28 04:38:53,887] {dag.py:2972} INFO - Setting next_dagrun for example_subdag_operator.section-1 to None, run_after=None
[2022-07-28 04:38:53,888] {logging_mixin.py:115} INFO - [2022-07-28 04:38:53,888] {dag.py:2972} INFO - Setting next_dagrun for example_subdag_operator.section-2 to None, run_after=None
[2022-07-28 04:38:53,902] {processor.py:161} INFO - Processing /home/airflow/.local/lib/python3.7/site-packages/airflow/example_dags/example_subdag_operator.py took 0.162 seconds
[2022-07-28 04:39:24,089] {processor.py:153} INFO - Started process (PID=21906) to work on /home/airflow/.local/lib/python3.7/site-packages/airflow/example_dags/example_subdag_operator.py
[2022-07-28 04:39:24,090] {processor.py:641} INFO - Processing file /home/airflow/.local/lib/python3.7/site-packages/airflow/example_dags/example_subdag_operator.py for tasks to queue
[2022-07-28 04:39:24,090] {logging_mixin.py:115} INFO - [2022-07-28 04:39:24,090] {dagbag.py:508} INFO - Filling up the DagBag from /home/airflow/.local/lib/python3.7/site-packages/airflow/example_dags/example_subdag_operator.py
[2022-07-28 04:39:24,115] {processor.py:651} INFO - DAG(s) dict_keys(['example_subdag_operator.section-1', 'example_subdag_operator.section-2', 'example_subdag_operator']) retrieved from /home/airflow/.local/lib/python3.7/site-packages/airflow/example_dags/example_subdag_operator.py
[2022-07-28 04:39:24,163] {logging_mixin.py:115} INFO - [2022-07-28 04:39:24,163] {dag.py:2420} INFO - Sync 3 DAGs
[2022-07-28 04:39:24,192] {logging_mixin.py:115} INFO - [2022-07-28 04:39:24,192] {dag.py:2972} INFO - Setting next_dagrun for example_subdag_operator to 2022-01-01T00:00:00+00:00, run_after=2022-01-01T00:00:00+00:00
[2022-07-28 04:39:24,193] {logging_mixin.py:115} INFO - [2022-07-28 04:39:24,192] {dag.py:2972} INFO - Setting next_dagrun for example_subdag_operator.section-1 to None, run_after=None
[2022-07-28 04:39:24,193] {logging_mixin.py:115} INFO - [2022-07-28 04:39:24,193] {dag.py:2972} INFO - Setting next_dagrun for example_subdag_operator.section-2 to None, run_after=None
[2022-07-28 04:39:24,202] {logging_mixin.py:115} INFO - [2022-07-28 04:39:24,202] {dag.py:2420} INFO - Sync 2 DAGs
[2022-07-28 04:39:24,209] {logging_mixin.py:115} INFO - [2022-07-28 04:39:24,209] {dag.py:2972} INFO - Setting next_dagrun for example_subdag_operator.section-1 to None, run_after=None
[2022-07-28 04:39:24,209] {logging_mixin.py:115} INFO - [2022-07-28 04:39:24,209] {dag.py:2972} INFO - Setting next_dagrun for example_subdag_operator.section-2 to None, run_after=None
[2022-07-28 04:39:24,218] {processor.py:161} INFO - Processing /home/airflow/.local/lib/python3.7/site-packages/airflow/example_dags/example_subdag_operator.py took 0.132 seconds
[2022-07-28 04:39:55,218] {processor.py:153} INFO - Started process (PID=22109) to work on /home/airflow/.local/lib/python3.7/site-packages/airflow/example_dags/example_subdag_operator.py
[2022-07-28 04:39:55,219] {processor.py:641} INFO - Processing file /home/airflow/.local/lib/python3.7/site-packages/airflow/example_dags/example_subdag_operator.py for tasks to queue
[2022-07-28 04:39:55,220] {logging_mixin.py:115} INFO - [2022-07-28 04:39:55,219] {dagbag.py:508} INFO - Filling up the DagBag from /home/airflow/.local/lib/python3.7/site-packages/airflow/example_dags/example_subdag_operator.py
[2022-07-28 04:39:55,250] {processor.py:651} INFO - DAG(s) dict_keys(['example_subdag_operator.section-1', 'example_subdag_operator.section-2', 'example_subdag_operator']) retrieved from /home/airflow/.local/lib/python3.7/site-packages/airflow/example_dags/example_subdag_operator.py
[2022-07-28 04:39:55,307] {logging_mixin.py:115} INFO - [2022-07-28 04:39:55,306] {dag.py:2420} INFO - Sync 3 DAGs
[2022-07-28 04:39:55,337] {logging_mixin.py:115} INFO - [2022-07-28 04:39:55,336] {dag.py:2972} INFO - Setting next_dagrun for example_subdag_operator to 2022-01-01T00:00:00+00:00, run_after=2022-01-01T00:00:00+00:00
[2022-07-28 04:39:55,337] {logging_mixin.py:115} INFO - [2022-07-28 04:39:55,337] {dag.py:2972} INFO - Setting next_dagrun for example_subdag_operator.section-1 to None, run_after=None
[2022-07-28 04:39:55,338] {logging_mixin.py:115} INFO - [2022-07-28 04:39:55,338] {dag.py:2972} INFO - Setting next_dagrun for example_subdag_operator.section-2 to None, run_after=None
[2022-07-28 04:39:55,350] {logging_mixin.py:115} INFO - [2022-07-28 04:39:55,349] {dag.py:2420} INFO - Sync 2 DAGs
[2022-07-28 04:39:55,359] {logging_mixin.py:115} INFO - [2022-07-28 04:39:55,359] {dag.py:2972} INFO - Setting next_dagrun for example_subdag_operator.section-1 to None, run_after=None
[2022-07-28 04:39:55,360] {logging_mixin.py:115} INFO - [2022-07-28 04:39:55,359] {dag.py:2972} INFO - Setting next_dagrun for example_subdag_operator.section-2 to None, run_after=None
[2022-07-28 04:39:55,372] {processor.py:161} INFO - Processing /home/airflow/.local/lib/python3.7/site-packages/airflow/example_dags/example_subdag_operator.py took 0.157 seconds
[2022-07-28 04:40:26,296] {processor.py:153} INFO - Started process (PID=22306) to work on /home/airflow/.local/lib/python3.7/site-packages/airflow/example_dags/example_subdag_operator.py
[2022-07-28 04:40:26,297] {processor.py:641} INFO - Processing file /home/airflow/.local/lib/python3.7/site-packages/airflow/example_dags/example_subdag_operator.py for tasks to queue
[2022-07-28 04:40:26,298] {logging_mixin.py:115} INFO - [2022-07-28 04:40:26,298] {dagbag.py:508} INFO - Filling up the DagBag from /home/airflow/.local/lib/python3.7/site-packages/airflow/example_dags/example_subdag_operator.py
[2022-07-28 04:40:26,331] {processor.py:651} INFO - DAG(s) dict_keys(['example_subdag_operator.section-1', 'example_subdag_operator.section-2', 'example_subdag_operator']) retrieved from /home/airflow/.local/lib/python3.7/site-packages/airflow/example_dags/example_subdag_operator.py
[2022-07-28 04:40:26,378] {logging_mixin.py:115} INFO - [2022-07-28 04:40:26,378] {dag.py:2420} INFO - Sync 3 DAGs
[2022-07-28 04:40:26,414] {logging_mixin.py:115} INFO - [2022-07-28 04:40:26,414] {dag.py:2972} INFO - Setting next_dagrun for example_subdag_operator to 2022-01-01T00:00:00+00:00, run_after=2022-01-01T00:00:00+00:00
[2022-07-28 04:40:26,415] {logging_mixin.py:115} INFO - [2022-07-28 04:40:26,415] {dag.py:2972} INFO - Setting next_dagrun for example_subdag_operator.section-1 to None, run_after=None
[2022-07-28 04:40:26,416] {logging_mixin.py:115} INFO - [2022-07-28 04:40:26,416] {dag.py:2972} INFO - Setting next_dagrun for example_subdag_operator.section-2 to None, run_after=None
[2022-07-28 04:40:26,425] {logging_mixin.py:115} INFO - [2022-07-28 04:40:26,424] {dag.py:2420} INFO - Sync 2 DAGs
[2022-07-28 04:40:26,431] {logging_mixin.py:115} INFO - [2022-07-28 04:40:26,431] {dag.py:2972} INFO - Setting next_dagrun for example_subdag_operator.section-1 to None, run_after=None
[2022-07-28 04:40:26,432] {logging_mixin.py:115} INFO - [2022-07-28 04:40:26,432] {dag.py:2972} INFO - Setting next_dagrun for example_subdag_operator.section-2 to None, run_after=None
[2022-07-28 04:40:26,445] {processor.py:161} INFO - Processing /home/airflow/.local/lib/python3.7/site-packages/airflow/example_dags/example_subdag_operator.py took 0.152 seconds
[2022-07-28 04:40:57,347] {processor.py:153} INFO - Started process (PID=22507) to work on /home/airflow/.local/lib/python3.7/site-packages/airflow/example_dags/example_subdag_operator.py
[2022-07-28 04:40:57,347] {processor.py:641} INFO - Processing file /home/airflow/.local/lib/python3.7/site-packages/airflow/example_dags/example_subdag_operator.py for tasks to queue
[2022-07-28 04:40:57,348] {logging_mixin.py:115} INFO - [2022-07-28 04:40:57,348] {dagbag.py:508} INFO - Filling up the DagBag from /home/airflow/.local/lib/python3.7/site-packages/airflow/example_dags/example_subdag_operator.py
[2022-07-28 04:40:57,376] {processor.py:651} INFO - DAG(s) dict_keys(['example_subdag_operator.section-1', 'example_subdag_operator.section-2', 'example_subdag_operator']) retrieved from /home/airflow/.local/lib/python3.7/site-packages/airflow/example_dags/example_subdag_operator.py
[2022-07-28 04:40:57,422] {logging_mixin.py:115} INFO - [2022-07-28 04:40:57,422] {dag.py:2420} INFO - Sync 3 DAGs
[2022-07-28 04:40:57,448] {logging_mixin.py:115} INFO - [2022-07-28 04:40:57,448] {dag.py:2972} INFO - Setting next_dagrun for example_subdag_operator to 2022-01-01T00:00:00+00:00, run_after=2022-01-01T00:00:00+00:00
[2022-07-28 04:40:57,449] {logging_mixin.py:115} INFO - [2022-07-28 04:40:57,449] {dag.py:2972} INFO - Setting next_dagrun for example_subdag_operator.section-1 to None, run_after=None
[2022-07-28 04:40:57,449] {logging_mixin.py:115} INFO - [2022-07-28 04:40:57,449] {dag.py:2972} INFO - Setting next_dagrun for example_subdag_operator.section-2 to None, run_after=None
[2022-07-28 04:40:57,457] {logging_mixin.py:115} INFO - [2022-07-28 04:40:57,457] {dag.py:2420} INFO - Sync 2 DAGs
[2022-07-28 04:40:57,465] {logging_mixin.py:115} INFO - [2022-07-28 04:40:57,464] {dag.py:2972} INFO - Setting next_dagrun for example_subdag_operator.section-1 to None, run_after=None
[2022-07-28 04:40:57,465] {logging_mixin.py:115} INFO - [2022-07-28 04:40:57,465] {dag.py:2972} INFO - Setting next_dagrun for example_subdag_operator.section-2 to None, run_after=None
[2022-07-28 04:40:57,475] {processor.py:161} INFO - Processing /home/airflow/.local/lib/python3.7/site-packages/airflow/example_dags/example_subdag_operator.py took 0.131 seconds
[2022-07-28 04:41:28,438] {processor.py:153} INFO - Started process (PID=22701) to work on /home/airflow/.local/lib/python3.7/site-packages/airflow/example_dags/example_subdag_operator.py
[2022-07-28 04:41:28,438] {processor.py:641} INFO - Processing file /home/airflow/.local/lib/python3.7/site-packages/airflow/example_dags/example_subdag_operator.py for tasks to queue
[2022-07-28 04:41:28,439] {logging_mixin.py:115} INFO - [2022-07-28 04:41:28,439] {dagbag.py:508} INFO - Filling up the DagBag from /home/airflow/.local/lib/python3.7/site-packages/airflow/example_dags/example_subdag_operator.py
[2022-07-28 04:41:28,477] {processor.py:651} INFO - DAG(s) dict_keys(['example_subdag_operator.section-1', 'example_subdag_operator.section-2', 'example_subdag_operator']) retrieved from /home/airflow/.local/lib/python3.7/site-packages/airflow/example_dags/example_subdag_operator.py
[2022-07-28 04:41:28,532] {logging_mixin.py:115} INFO - [2022-07-28 04:41:28,532] {dag.py:2420} INFO - Sync 3 DAGs
[2022-07-28 04:41:28,568] {logging_mixin.py:115} INFO - [2022-07-28 04:41:28,567] {dag.py:2972} INFO - Setting next_dagrun for example_subdag_operator to 2022-01-01T00:00:00+00:00, run_after=2022-01-01T00:00:00+00:00
[2022-07-28 04:41:28,568] {logging_mixin.py:115} INFO - [2022-07-28 04:41:28,568] {dag.py:2972} INFO - Setting next_dagrun for example_subdag_operator.section-1 to None, run_after=None
[2022-07-28 04:41:28,569] {logging_mixin.py:115} INFO - [2022-07-28 04:41:28,569] {dag.py:2972} INFO - Setting next_dagrun for example_subdag_operator.section-2 to None, run_after=None
[2022-07-28 04:41:28,579] {logging_mixin.py:115} INFO - [2022-07-28 04:41:28,579] {dag.py:2420} INFO - Sync 2 DAGs
[2022-07-28 04:41:28,588] {logging_mixin.py:115} INFO - [2022-07-28 04:41:28,588] {dag.py:2972} INFO - Setting next_dagrun for example_subdag_operator.section-1 to None, run_after=None
[2022-07-28 04:41:28,589] {logging_mixin.py:115} INFO - [2022-07-28 04:41:28,589] {dag.py:2972} INFO - Setting next_dagrun for example_subdag_operator.section-2 to None, run_after=None
[2022-07-28 04:41:28,602] {processor.py:161} INFO - Processing /home/airflow/.local/lib/python3.7/site-packages/airflow/example_dags/example_subdag_operator.py took 0.168 seconds
[2022-07-28 04:41:58,958] {processor.py:153} INFO - Started process (PID=22904) to work on /home/airflow/.local/lib/python3.7/site-packages/airflow/example_dags/example_subdag_operator.py
[2022-07-28 04:41:58,958] {processor.py:641} INFO - Processing file /home/airflow/.local/lib/python3.7/site-packages/airflow/example_dags/example_subdag_operator.py for tasks to queue
[2022-07-28 04:41:58,959] {logging_mixin.py:115} INFO - [2022-07-28 04:41:58,959] {dagbag.py:508} INFO - Filling up the DagBag from /home/airflow/.local/lib/python3.7/site-packages/airflow/example_dags/example_subdag_operator.py
[2022-07-28 04:41:58,989] {processor.py:651} INFO - DAG(s) dict_keys(['example_subdag_operator.section-1', 'example_subdag_operator.section-2', 'example_subdag_operator']) retrieved from /home/airflow/.local/lib/python3.7/site-packages/airflow/example_dags/example_subdag_operator.py
[2022-07-28 04:41:59,035] {logging_mixin.py:115} INFO - [2022-07-28 04:41:59,035] {dag.py:2420} INFO - Sync 3 DAGs
[2022-07-28 04:41:59,063] {logging_mixin.py:115} INFO - [2022-07-28 04:41:59,063] {dag.py:2972} INFO - Setting next_dagrun for example_subdag_operator to 2022-01-01T00:00:00+00:00, run_after=2022-01-01T00:00:00+00:00
[2022-07-28 04:41:59,064] {logging_mixin.py:115} INFO - [2022-07-28 04:41:59,064] {dag.py:2972} INFO - Setting next_dagrun for example_subdag_operator.section-1 to None, run_after=None
[2022-07-28 04:41:59,065] {logging_mixin.py:115} INFO - [2022-07-28 04:41:59,064] {dag.py:2972} INFO - Setting next_dagrun for example_subdag_operator.section-2 to None, run_after=None
[2022-07-28 04:41:59,075] {logging_mixin.py:115} INFO - [2022-07-28 04:41:59,075] {dag.py:2420} INFO - Sync 2 DAGs
[2022-07-28 04:41:59,083] {logging_mixin.py:115} INFO - [2022-07-28 04:41:59,083] {dag.py:2972} INFO - Setting next_dagrun for example_subdag_operator.section-1 to None, run_after=None
[2022-07-28 04:41:59,083] {logging_mixin.py:115} INFO - [2022-07-28 04:41:59,083] {dag.py:2972} INFO - Setting next_dagrun for example_subdag_operator.section-2 to None, run_after=None
[2022-07-28 04:41:59,095] {processor.py:161} INFO - Processing /home/airflow/.local/lib/python3.7/site-packages/airflow/example_dags/example_subdag_operator.py took 0.140 seconds
[2022-07-28 04:42:30,318] {processor.py:153} INFO - Started process (PID=23108) to work on /home/airflow/.local/lib/python3.7/site-packages/airflow/example_dags/example_subdag_operator.py
[2022-07-28 04:42:30,319] {processor.py:641} INFO - Processing file /home/airflow/.local/lib/python3.7/site-packages/airflow/example_dags/example_subdag_operator.py for tasks to queue
[2022-07-28 04:42:30,320] {logging_mixin.py:115} INFO - [2022-07-28 04:42:30,320] {dagbag.py:508} INFO - Filling up the DagBag from /home/airflow/.local/lib/python3.7/site-packages/airflow/example_dags/example_subdag_operator.py
[2022-07-28 04:42:30,355] {processor.py:651} INFO - DAG(s) dict_keys(['example_subdag_operator.section-1', 'example_subdag_operator.section-2', 'example_subdag_operator']) retrieved from /home/airflow/.local/lib/python3.7/site-packages/airflow/example_dags/example_subdag_operator.py
[2022-07-28 04:42:30,417] {logging_mixin.py:115} INFO - [2022-07-28 04:42:30,417] {dag.py:2420} INFO - Sync 3 DAGs
[2022-07-28 04:42:30,448] {logging_mixin.py:115} INFO - [2022-07-28 04:42:30,447] {dag.py:2972} INFO - Setting next_dagrun for example_subdag_operator to 2022-01-01T00:00:00+00:00, run_after=2022-01-01T00:00:00+00:00
[2022-07-28 04:42:30,448] {logging_mixin.py:115} INFO - [2022-07-28 04:42:30,448] {dag.py:2972} INFO - Setting next_dagrun for example_subdag_operator.section-1 to None, run_after=None
[2022-07-28 04:42:30,449] {logging_mixin.py:115} INFO - [2022-07-28 04:42:30,449] {dag.py:2972} INFO - Setting next_dagrun for example_subdag_operator.section-2 to None, run_after=None
[2022-07-28 04:42:30,460] {logging_mixin.py:115} INFO - [2022-07-28 04:42:30,459] {dag.py:2420} INFO - Sync 2 DAGs
[2022-07-28 04:42:30,470] {logging_mixin.py:115} INFO - [2022-07-28 04:42:30,469] {dag.py:2972} INFO - Setting next_dagrun for example_subdag_operator.section-1 to None, run_after=None
[2022-07-28 04:42:30,470] {logging_mixin.py:115} INFO - [2022-07-28 04:42:30,470] {dag.py:2972} INFO - Setting next_dagrun for example_subdag_operator.section-2 to None, run_after=None
[2022-07-28 04:42:30,495] {processor.py:161} INFO - Processing /home/airflow/.local/lib/python3.7/site-packages/airflow/example_dags/example_subdag_operator.py took 0.180 seconds
[2022-07-28 04:43:01,462] {processor.py:153} INFO - Started process (PID=23304) to work on /home/airflow/.local/lib/python3.7/site-packages/airflow/example_dags/example_subdag_operator.py
[2022-07-28 04:43:01,463] {processor.py:641} INFO - Processing file /home/airflow/.local/lib/python3.7/site-packages/airflow/example_dags/example_subdag_operator.py for tasks to queue
[2022-07-28 04:43:01,464] {logging_mixin.py:115} INFO - [2022-07-28 04:43:01,464] {dagbag.py:508} INFO - Filling up the DagBag from /home/airflow/.local/lib/python3.7/site-packages/airflow/example_dags/example_subdag_operator.py
[2022-07-28 04:43:01,504] {processor.py:651} INFO - DAG(s) dict_keys(['example_subdag_operator.section-1', 'example_subdag_operator.section-2', 'example_subdag_operator']) retrieved from /home/airflow/.local/lib/python3.7/site-packages/airflow/example_dags/example_subdag_operator.py
[2022-07-28 04:43:01,550] {logging_mixin.py:115} INFO - [2022-07-28 04:43:01,550] {dag.py:2420} INFO - Sync 3 DAGs
[2022-07-28 04:43:01,581] {logging_mixin.py:115} INFO - [2022-07-28 04:43:01,581] {dag.py:2972} INFO - Setting next_dagrun for example_subdag_operator to 2022-01-01T00:00:00+00:00, run_after=2022-01-01T00:00:00+00:00
[2022-07-28 04:43:01,582] {logging_mixin.py:115} INFO - [2022-07-28 04:43:01,582] {dag.py:2972} INFO - Setting next_dagrun for example_subdag_operator.section-1 to None, run_after=None
[2022-07-28 04:43:01,583] {logging_mixin.py:115} INFO - [2022-07-28 04:43:01,583] {dag.py:2972} INFO - Setting next_dagrun for example_subdag_operator.section-2 to None, run_after=None
[2022-07-28 04:43:01,593] {logging_mixin.py:115} INFO - [2022-07-28 04:43:01,592] {dag.py:2420} INFO - Sync 2 DAGs
[2022-07-28 04:43:01,601] {logging_mixin.py:115} INFO - [2022-07-28 04:43:01,600] {dag.py:2972} INFO - Setting next_dagrun for example_subdag_operator.section-1 to None, run_after=None
[2022-07-28 04:43:01,601] {logging_mixin.py:115} INFO - [2022-07-28 04:43:01,601] {dag.py:2972} INFO - Setting next_dagrun for example_subdag_operator.section-2 to None, run_after=None
[2022-07-28 04:43:01,613] {processor.py:161} INFO - Processing /home/airflow/.local/lib/python3.7/site-packages/airflow/example_dags/example_subdag_operator.py took 0.154 seconds
[2022-07-28 04:43:32,454] {processor.py:153} INFO - Started process (PID=23509) to work on /home/airflow/.local/lib/python3.7/site-packages/airflow/example_dags/example_subdag_operator.py
[2022-07-28 04:43:32,455] {processor.py:641} INFO - Processing file /home/airflow/.local/lib/python3.7/site-packages/airflow/example_dags/example_subdag_operator.py for tasks to queue
[2022-07-28 04:43:32,456] {logging_mixin.py:115} INFO - [2022-07-28 04:43:32,456] {dagbag.py:508} INFO - Filling up the DagBag from /home/airflow/.local/lib/python3.7/site-packages/airflow/example_dags/example_subdag_operator.py
[2022-07-28 04:43:32,492] {processor.py:651} INFO - DAG(s) dict_keys(['example_subdag_operator.section-1', 'example_subdag_operator.section-2', 'example_subdag_operator']) retrieved from /home/airflow/.local/lib/python3.7/site-packages/airflow/example_dags/example_subdag_operator.py
[2022-07-28 04:43:32,548] {logging_mixin.py:115} INFO - [2022-07-28 04:43:32,547] {dag.py:2420} INFO - Sync 3 DAGs
[2022-07-28 04:43:32,579] {logging_mixin.py:115} INFO - [2022-07-28 04:43:32,579] {dag.py:2972} INFO - Setting next_dagrun for example_subdag_operator to 2022-01-01T00:00:00+00:00, run_after=2022-01-01T00:00:00+00:00
[2022-07-28 04:43:32,580] {logging_mixin.py:115} INFO - [2022-07-28 04:43:32,580] {dag.py:2972} INFO - Setting next_dagrun for example_subdag_operator.section-1 to None, run_after=None
[2022-07-28 04:43:32,581] {logging_mixin.py:115} INFO - [2022-07-28 04:43:32,581] {dag.py:2972} INFO - Setting next_dagrun for example_subdag_operator.section-2 to None, run_after=None
[2022-07-28 04:43:32,591] {logging_mixin.py:115} INFO - [2022-07-28 04:43:32,591] {dag.py:2420} INFO - Sync 2 DAGs
[2022-07-28 04:43:32,600] {logging_mixin.py:115} INFO - [2022-07-28 04:43:32,600] {dag.py:2972} INFO - Setting next_dagrun for example_subdag_operator.section-1 to None, run_after=None
[2022-07-28 04:43:32,601] {logging_mixin.py:115} INFO - [2022-07-28 04:43:32,601] {dag.py:2972} INFO - Setting next_dagrun for example_subdag_operator.section-2 to None, run_after=None
[2022-07-28 04:43:32,619] {processor.py:161} INFO - Processing /home/airflow/.local/lib/python3.7/site-packages/airflow/example_dags/example_subdag_operator.py took 0.170 seconds
[2022-07-28 04:44:03,156] {processor.py:153} INFO - Started process (PID=23701) to work on /home/airflow/.local/lib/python3.7/site-packages/airflow/example_dags/example_subdag_operator.py
[2022-07-28 04:44:03,157] {processor.py:641} INFO - Processing file /home/airflow/.local/lib/python3.7/site-packages/airflow/example_dags/example_subdag_operator.py for tasks to queue
[2022-07-28 04:44:03,158] {logging_mixin.py:115} INFO - [2022-07-28 04:44:03,158] {dagbag.py:508} INFO - Filling up the DagBag from /home/airflow/.local/lib/python3.7/site-packages/airflow/example_dags/example_subdag_operator.py
[2022-07-28 04:44:03,190] {processor.py:651} INFO - DAG(s) dict_keys(['example_subdag_operator.section-1', 'example_subdag_operator.section-2', 'example_subdag_operator']) retrieved from /home/airflow/.local/lib/python3.7/site-packages/airflow/example_dags/example_subdag_operator.py
[2022-07-28 04:44:03,239] {logging_mixin.py:115} INFO - [2022-07-28 04:44:03,239] {dag.py:2420} INFO - Sync 3 DAGs
[2022-07-28 04:44:03,270] {logging_mixin.py:115} INFO - [2022-07-28 04:44:03,270] {dag.py:2972} INFO - Setting next_dagrun for example_subdag_operator to 2022-01-01T00:00:00+00:00, run_after=2022-01-01T00:00:00+00:00
[2022-07-28 04:44:03,271] {logging_mixin.py:115} INFO - [2022-07-28 04:44:03,271] {dag.py:2972} INFO - Setting next_dagrun for example_subdag_operator.section-1 to None, run_after=None
[2022-07-28 04:44:03,271] {logging_mixin.py:115} INFO - [2022-07-28 04:44:03,271] {dag.py:2972} INFO - Setting next_dagrun for example_subdag_operator.section-2 to None, run_after=None
[2022-07-28 04:44:03,280] {logging_mixin.py:115} INFO - [2022-07-28 04:44:03,280] {dag.py:2420} INFO - Sync 2 DAGs
[2022-07-28 04:44:03,287] {logging_mixin.py:115} INFO - [2022-07-28 04:44:03,287] {dag.py:2972} INFO - Setting next_dagrun for example_subdag_operator.section-1 to None, run_after=None
[2022-07-28 04:44:03,288] {logging_mixin.py:115} INFO - [2022-07-28 04:44:03,288] {dag.py:2972} INFO - Setting next_dagrun for example_subdag_operator.section-2 to None, run_after=None
[2022-07-28 04:44:03,308] {processor.py:161} INFO - Processing /home/airflow/.local/lib/python3.7/site-packages/airflow/example_dags/example_subdag_operator.py took 0.156 seconds
[2022-07-28 04:44:33,916] {processor.py:153} INFO - Started process (PID=23904) to work on /home/airflow/.local/lib/python3.7/site-packages/airflow/example_dags/example_subdag_operator.py
[2022-07-28 04:44:33,917] {processor.py:641} INFO - Processing file /home/airflow/.local/lib/python3.7/site-packages/airflow/example_dags/example_subdag_operator.py for tasks to queue
[2022-07-28 04:44:33,918] {logging_mixin.py:115} INFO - [2022-07-28 04:44:33,918] {dagbag.py:508} INFO - Filling up the DagBag from /home/airflow/.local/lib/python3.7/site-packages/airflow/example_dags/example_subdag_operator.py
[2022-07-28 04:44:33,950] {processor.py:651} INFO - DAG(s) dict_keys(['example_subdag_operator.section-1', 'example_subdag_operator.section-2', 'example_subdag_operator']) retrieved from /home/airflow/.local/lib/python3.7/site-packages/airflow/example_dags/example_subdag_operator.py
[2022-07-28 04:44:33,999] {logging_mixin.py:115} INFO - [2022-07-28 04:44:33,999] {dag.py:2420} INFO - Sync 3 DAGs
[2022-07-28 04:44:34,030] {logging_mixin.py:115} INFO - [2022-07-28 04:44:34,030] {dag.py:2972} INFO - Setting next_dagrun for example_subdag_operator to 2022-01-01T00:00:00+00:00, run_after=2022-01-01T00:00:00+00:00
[2022-07-28 04:44:34,031] {logging_mixin.py:115} INFO - [2022-07-28 04:44:34,031] {dag.py:2972} INFO - Setting next_dagrun for example_subdag_operator.section-1 to None, run_after=None
[2022-07-28 04:44:34,032] {logging_mixin.py:115} INFO - [2022-07-28 04:44:34,031] {dag.py:2972} INFO - Setting next_dagrun for example_subdag_operator.section-2 to None, run_after=None
[2022-07-28 04:44:34,040] {logging_mixin.py:115} INFO - [2022-07-28 04:44:34,039] {dag.py:2420} INFO - Sync 2 DAGs
[2022-07-28 04:44:34,047] {logging_mixin.py:115} INFO - [2022-07-28 04:44:34,047] {dag.py:2972} INFO - Setting next_dagrun for example_subdag_operator.section-1 to None, run_after=None
[2022-07-28 04:44:34,048] {logging_mixin.py:115} INFO - [2022-07-28 04:44:34,048] {dag.py:2972} INFO - Setting next_dagrun for example_subdag_operator.section-2 to None, run_after=None
[2022-07-28 04:44:34,068] {processor.py:161} INFO - Processing /home/airflow/.local/lib/python3.7/site-packages/airflow/example_dags/example_subdag_operator.py took 0.156 seconds
[2022-07-28 04:45:04,594] {processor.py:153} INFO - Started process (PID=24098) to work on /home/airflow/.local/lib/python3.7/site-packages/airflow/example_dags/example_subdag_operator.py
[2022-07-28 04:45:04,595] {processor.py:641} INFO - Processing file /home/airflow/.local/lib/python3.7/site-packages/airflow/example_dags/example_subdag_operator.py for tasks to queue
[2022-07-28 04:45:04,596] {logging_mixin.py:115} INFO - [2022-07-28 04:45:04,595] {dagbag.py:508} INFO - Filling up the DagBag from /home/airflow/.local/lib/python3.7/site-packages/airflow/example_dags/example_subdag_operator.py
[2022-07-28 04:45:04,628] {processor.py:651} INFO - DAG(s) dict_keys(['example_subdag_operator.section-1', 'example_subdag_operator.section-2', 'example_subdag_operator']) retrieved from /home/airflow/.local/lib/python3.7/site-packages/airflow/example_dags/example_subdag_operator.py
[2022-07-28 04:45:04,679] {logging_mixin.py:115} INFO - [2022-07-28 04:45:04,679] {dag.py:2420} INFO - Sync 3 DAGs
[2022-07-28 04:45:04,706] {logging_mixin.py:115} INFO - [2022-07-28 04:45:04,706] {dag.py:2972} INFO - Setting next_dagrun for example_subdag_operator to 2022-01-01T00:00:00+00:00, run_after=2022-01-01T00:00:00+00:00
[2022-07-28 04:45:04,707] {logging_mixin.py:115} INFO - [2022-07-28 04:45:04,707] {dag.py:2972} INFO - Setting next_dagrun for example_subdag_operator.section-1 to None, run_after=None
[2022-07-28 04:45:04,708] {logging_mixin.py:115} INFO - [2022-07-28 04:45:04,708] {dag.py:2972} INFO - Setting next_dagrun for example_subdag_operator.section-2 to None, run_after=None
[2022-07-28 04:45:04,716] {logging_mixin.py:115} INFO - [2022-07-28 04:45:04,716] {dag.py:2420} INFO - Sync 2 DAGs
[2022-07-28 04:45:04,723] {logging_mixin.py:115} INFO - [2022-07-28 04:45:04,723] {dag.py:2972} INFO - Setting next_dagrun for example_subdag_operator.section-1 to None, run_after=None
[2022-07-28 04:45:04,724] {logging_mixin.py:115} INFO - [2022-07-28 04:45:04,724] {dag.py:2972} INFO - Setting next_dagrun for example_subdag_operator.section-2 to None, run_after=None
[2022-07-28 04:45:04,735] {processor.py:161} INFO - Processing /home/airflow/.local/lib/python3.7/site-packages/airflow/example_dags/example_subdag_operator.py took 0.144 seconds
[2022-07-28 04:45:34,939] {processor.py:153} INFO - Started process (PID=24300) to work on /home/airflow/.local/lib/python3.7/site-packages/airflow/example_dags/example_subdag_operator.py
[2022-07-28 04:45:34,940] {processor.py:641} INFO - Processing file /home/airflow/.local/lib/python3.7/site-packages/airflow/example_dags/example_subdag_operator.py for tasks to queue
[2022-07-28 04:45:34,941] {logging_mixin.py:115} INFO - [2022-07-28 04:45:34,941] {dagbag.py:508} INFO - Filling up the DagBag from /home/airflow/.local/lib/python3.7/site-packages/airflow/example_dags/example_subdag_operator.py
[2022-07-28 04:45:34,977] {processor.py:651} INFO - DAG(s) dict_keys(['example_subdag_operator.section-1', 'example_subdag_operator.section-2', 'example_subdag_operator']) retrieved from /home/airflow/.local/lib/python3.7/site-packages/airflow/example_dags/example_subdag_operator.py
[2022-07-28 04:45:35,028] {logging_mixin.py:115} INFO - [2022-07-28 04:45:35,027] {dag.py:2420} INFO - Sync 3 DAGs
[2022-07-28 04:45:35,055] {logging_mixin.py:115} INFO - [2022-07-28 04:45:35,055] {dag.py:2972} INFO - Setting next_dagrun for example_subdag_operator to 2022-01-01T00:00:00+00:00, run_after=2022-01-01T00:00:00+00:00
[2022-07-28 04:45:35,056] {logging_mixin.py:115} INFO - [2022-07-28 04:45:35,056] {dag.py:2972} INFO - Setting next_dagrun for example_subdag_operator.section-1 to None, run_after=None
[2022-07-28 04:45:35,057] {logging_mixin.py:115} INFO - [2022-07-28 04:45:35,057] {dag.py:2972} INFO - Setting next_dagrun for example_subdag_operator.section-2 to None, run_after=None
[2022-07-28 04:45:35,064] {logging_mixin.py:115} INFO - [2022-07-28 04:45:35,064] {dag.py:2420} INFO - Sync 2 DAGs
[2022-07-28 04:45:35,072] {logging_mixin.py:115} INFO - [2022-07-28 04:45:35,072] {dag.py:2972} INFO - Setting next_dagrun for example_subdag_operator.section-1 to None, run_after=None
[2022-07-28 04:45:35,073] {logging_mixin.py:115} INFO - [2022-07-28 04:45:35,072] {dag.py:2972} INFO - Setting next_dagrun for example_subdag_operator.section-2 to None, run_after=None
[2022-07-28 04:45:35,091] {processor.py:161} INFO - Processing /home/airflow/.local/lib/python3.7/site-packages/airflow/example_dags/example_subdag_operator.py took 0.156 seconds
[2022-07-28 04:46:06,066] {processor.py:153} INFO - Started process (PID=24495) to work on /home/airflow/.local/lib/python3.7/site-packages/airflow/example_dags/example_subdag_operator.py
[2022-07-28 04:46:06,067] {processor.py:641} INFO - Processing file /home/airflow/.local/lib/python3.7/site-packages/airflow/example_dags/example_subdag_operator.py for tasks to queue
[2022-07-28 04:46:06,068] {logging_mixin.py:115} INFO - [2022-07-28 04:46:06,068] {dagbag.py:508} INFO - Filling up the DagBag from /home/airflow/.local/lib/python3.7/site-packages/airflow/example_dags/example_subdag_operator.py
[2022-07-28 04:46:06,100] {processor.py:651} INFO - DAG(s) dict_keys(['example_subdag_operator.section-1', 'example_subdag_operator.section-2', 'example_subdag_operator']) retrieved from /home/airflow/.local/lib/python3.7/site-packages/airflow/example_dags/example_subdag_operator.py
[2022-07-28 04:46:06,150] {logging_mixin.py:115} INFO - [2022-07-28 04:46:06,150] {dag.py:2420} INFO - Sync 3 DAGs
[2022-07-28 04:46:06,179] {logging_mixin.py:115} INFO - [2022-07-28 04:46:06,178] {dag.py:2972} INFO - Setting next_dagrun for example_subdag_operator to 2022-01-01T00:00:00+00:00, run_after=2022-01-01T00:00:00+00:00
[2022-07-28 04:46:06,180] {logging_mixin.py:115} INFO - [2022-07-28 04:46:06,180] {dag.py:2972} INFO - Setting next_dagrun for example_subdag_operator.section-1 to None, run_after=None
[2022-07-28 04:46:06,180] {logging_mixin.py:115} INFO - [2022-07-28 04:46:06,180] {dag.py:2972} INFO - Setting next_dagrun for example_subdag_operator.section-2 to None, run_after=None
[2022-07-28 04:46:06,189] {logging_mixin.py:115} INFO - [2022-07-28 04:46:06,189] {dag.py:2420} INFO - Sync 2 DAGs
[2022-07-28 04:46:06,196] {logging_mixin.py:115} INFO - [2022-07-28 04:46:06,196] {dag.py:2972} INFO - Setting next_dagrun for example_subdag_operator.section-1 to None, run_after=None
[2022-07-28 04:46:06,197] {logging_mixin.py:115} INFO - [2022-07-28 04:46:06,197] {dag.py:2972} INFO - Setting next_dagrun for example_subdag_operator.section-2 to None, run_after=None
[2022-07-28 04:46:06,216] {processor.py:161} INFO - Processing /home/airflow/.local/lib/python3.7/site-packages/airflow/example_dags/example_subdag_operator.py took 0.153 seconds
[2022-07-28 04:46:36,504] {processor.py:153} INFO - Started process (PID=24697) to work on /home/airflow/.local/lib/python3.7/site-packages/airflow/example_dags/example_subdag_operator.py
[2022-07-28 04:46:36,505] {processor.py:641} INFO - Processing file /home/airflow/.local/lib/python3.7/site-packages/airflow/example_dags/example_subdag_operator.py for tasks to queue
[2022-07-28 04:46:36,506] {logging_mixin.py:115} INFO - [2022-07-28 04:46:36,505] {dagbag.py:508} INFO - Filling up the DagBag from /home/airflow/.local/lib/python3.7/site-packages/airflow/example_dags/example_subdag_operator.py
[2022-07-28 04:46:36,545] {processor.py:651} INFO - DAG(s) dict_keys(['example_subdag_operator.section-1', 'example_subdag_operator.section-2', 'example_subdag_operator']) retrieved from /home/airflow/.local/lib/python3.7/site-packages/airflow/example_dags/example_subdag_operator.py
[2022-07-28 04:46:36,598] {logging_mixin.py:115} INFO - [2022-07-28 04:46:36,598] {dag.py:2420} INFO - Sync 3 DAGs
[2022-07-28 04:46:36,635] {logging_mixin.py:115} INFO - [2022-07-28 04:46:36,634] {dag.py:2972} INFO - Setting next_dagrun for example_subdag_operator to 2022-01-01T00:00:00+00:00, run_after=2022-01-01T00:00:00+00:00
[2022-07-28 04:46:36,635] {logging_mixin.py:115} INFO - [2022-07-28 04:46:36,635] {dag.py:2972} INFO - Setting next_dagrun for example_subdag_operator.section-1 to None, run_after=None
[2022-07-28 04:46:36,636] {logging_mixin.py:115} INFO - [2022-07-28 04:46:36,636] {dag.py:2972} INFO - Setting next_dagrun for example_subdag_operator.section-2 to None, run_after=None
[2022-07-28 04:46:36,645] {logging_mixin.py:115} INFO - [2022-07-28 04:46:36,645] {dag.py:2420} INFO - Sync 2 DAGs
[2022-07-28 04:46:36,652] {logging_mixin.py:115} INFO - [2022-07-28 04:46:36,652] {dag.py:2972} INFO - Setting next_dagrun for example_subdag_operator.section-1 to None, run_after=None
[2022-07-28 04:46:36,652] {logging_mixin.py:115} INFO - [2022-07-28 04:46:36,652] {dag.py:2972} INFO - Setting next_dagrun for example_subdag_operator.section-2 to None, run_after=None
[2022-07-28 04:46:36,671] {processor.py:161} INFO - Processing /home/airflow/.local/lib/python3.7/site-packages/airflow/example_dags/example_subdag_operator.py took 0.171 seconds
[2022-07-28 04:47:07,093] {processor.py:153} INFO - Started process (PID=24886) to work on /home/airflow/.local/lib/python3.7/site-packages/airflow/example_dags/example_subdag_operator.py
[2022-07-28 04:47:07,094] {processor.py:641} INFO - Processing file /home/airflow/.local/lib/python3.7/site-packages/airflow/example_dags/example_subdag_operator.py for tasks to queue
[2022-07-28 04:47:07,094] {logging_mixin.py:115} INFO - [2022-07-28 04:47:07,094] {dagbag.py:508} INFO - Filling up the DagBag from /home/airflow/.local/lib/python3.7/site-packages/airflow/example_dags/example_subdag_operator.py
[2022-07-28 04:47:07,131] {processor.py:651} INFO - DAG(s) dict_keys(['example_subdag_operator.section-1', 'example_subdag_operator.section-2', 'example_subdag_operator']) retrieved from /home/airflow/.local/lib/python3.7/site-packages/airflow/example_dags/example_subdag_operator.py
[2022-07-28 04:47:07,185] {logging_mixin.py:115} INFO - [2022-07-28 04:47:07,185] {dag.py:2420} INFO - Sync 3 DAGs
[2022-07-28 04:47:07,220] {logging_mixin.py:115} INFO - [2022-07-28 04:47:07,220] {dag.py:2972} INFO - Setting next_dagrun for example_subdag_operator to 2022-01-01T00:00:00+00:00, run_after=2022-01-01T00:00:00+00:00
[2022-07-28 04:47:07,221] {logging_mixin.py:115} INFO - [2022-07-28 04:47:07,221] {dag.py:2972} INFO - Setting next_dagrun for example_subdag_operator.section-1 to None, run_after=None
[2022-07-28 04:47:07,222] {logging_mixin.py:115} INFO - [2022-07-28 04:47:07,222] {dag.py:2972} INFO - Setting next_dagrun for example_subdag_operator.section-2 to None, run_after=None
[2022-07-28 04:47:07,236] {logging_mixin.py:115} INFO - [2022-07-28 04:47:07,236] {dag.py:2420} INFO - Sync 2 DAGs
[2022-07-28 04:47:07,247] {logging_mixin.py:115} INFO - [2022-07-28 04:47:07,246] {dag.py:2972} INFO - Setting next_dagrun for example_subdag_operator.section-1 to None, run_after=None
[2022-07-28 04:47:07,248] {logging_mixin.py:115} INFO - [2022-07-28 04:47:07,247] {dag.py:2972} INFO - Setting next_dagrun for example_subdag_operator.section-2 to None, run_after=None
[2022-07-28 04:47:07,262] {processor.py:161} INFO - Processing /home/airflow/.local/lib/python3.7/site-packages/airflow/example_dags/example_subdag_operator.py took 0.173 seconds
[2022-07-28 04:47:37,699] {processor.py:153} INFO - Started process (PID=25089) to work on /home/airflow/.local/lib/python3.7/site-packages/airflow/example_dags/example_subdag_operator.py
[2022-07-28 04:47:37,700] {processor.py:641} INFO - Processing file /home/airflow/.local/lib/python3.7/site-packages/airflow/example_dags/example_subdag_operator.py for tasks to queue
[2022-07-28 04:47:37,701] {logging_mixin.py:115} INFO - [2022-07-28 04:47:37,701] {dagbag.py:508} INFO - Filling up the DagBag from /home/airflow/.local/lib/python3.7/site-packages/airflow/example_dags/example_subdag_operator.py
[2022-07-28 04:47:37,738] {processor.py:651} INFO - DAG(s) dict_keys(['example_subdag_operator.section-1', 'example_subdag_operator.section-2', 'example_subdag_operator']) retrieved from /home/airflow/.local/lib/python3.7/site-packages/airflow/example_dags/example_subdag_operator.py
[2022-07-28 04:47:37,788] {logging_mixin.py:115} INFO - [2022-07-28 04:47:37,788] {dag.py:2420} INFO - Sync 3 DAGs
[2022-07-28 04:47:37,821] {logging_mixin.py:115} INFO - [2022-07-28 04:47:37,821] {dag.py:2972} INFO - Setting next_dagrun for example_subdag_operator to 2022-01-01T00:00:00+00:00, run_after=2022-01-01T00:00:00+00:00
[2022-07-28 04:47:37,822] {logging_mixin.py:115} INFO - [2022-07-28 04:47:37,822] {dag.py:2972} INFO - Setting next_dagrun for example_subdag_operator.section-1 to None, run_after=None
[2022-07-28 04:47:37,823] {logging_mixin.py:115} INFO - [2022-07-28 04:47:37,823] {dag.py:2972} INFO - Setting next_dagrun for example_subdag_operator.section-2 to None, run_after=None
[2022-07-28 04:47:37,834] {logging_mixin.py:115} INFO - [2022-07-28 04:47:37,834] {dag.py:2420} INFO - Sync 2 DAGs
[2022-07-28 04:47:37,843] {logging_mixin.py:115} INFO - [2022-07-28 04:47:37,843] {dag.py:2972} INFO - Setting next_dagrun for example_subdag_operator.section-1 to None, run_after=None
[2022-07-28 04:47:37,844] {logging_mixin.py:115} INFO - [2022-07-28 04:47:37,844] {dag.py:2972} INFO - Setting next_dagrun for example_subdag_operator.section-2 to None, run_after=None
[2022-07-28 04:47:37,856] {processor.py:161} INFO - Processing /home/airflow/.local/lib/python3.7/site-packages/airflow/example_dags/example_subdag_operator.py took 0.160 seconds
[2022-07-28 04:48:08,131] {processor.py:153} INFO - Started process (PID=25285) to work on /home/airflow/.local/lib/python3.7/site-packages/airflow/example_dags/example_subdag_operator.py
[2022-07-28 04:48:08,132] {processor.py:641} INFO - Processing file /home/airflow/.local/lib/python3.7/site-packages/airflow/example_dags/example_subdag_operator.py for tasks to queue
[2022-07-28 04:48:08,133] {logging_mixin.py:115} INFO - [2022-07-28 04:48:08,133] {dagbag.py:508} INFO - Filling up the DagBag from /home/airflow/.local/lib/python3.7/site-packages/airflow/example_dags/example_subdag_operator.py
[2022-07-28 04:48:08,166] {processor.py:651} INFO - DAG(s) dict_keys(['example_subdag_operator.section-1', 'example_subdag_operator.section-2', 'example_subdag_operator']) retrieved from /home/airflow/.local/lib/python3.7/site-packages/airflow/example_dags/example_subdag_operator.py
[2022-07-28 04:48:08,215] {logging_mixin.py:115} INFO - [2022-07-28 04:48:08,215] {dag.py:2420} INFO - Sync 3 DAGs
[2022-07-28 04:48:08,260] {logging_mixin.py:115} INFO - [2022-07-28 04:48:08,260] {dag.py:2972} INFO - Setting next_dagrun for example_subdag_operator to 2022-01-01T00:00:00+00:00, run_after=2022-01-01T00:00:00+00:00
[2022-07-28 04:48:08,261] {logging_mixin.py:115} INFO - [2022-07-28 04:48:08,261] {dag.py:2972} INFO - Setting next_dagrun for example_subdag_operator.section-1 to None, run_after=None
[2022-07-28 04:48:08,261] {logging_mixin.py:115} INFO - [2022-07-28 04:48:08,261] {dag.py:2972} INFO - Setting next_dagrun for example_subdag_operator.section-2 to None, run_after=None
[2022-07-28 04:48:08,273] {logging_mixin.py:115} INFO - [2022-07-28 04:48:08,273] {dag.py:2420} INFO - Sync 2 DAGs
[2022-07-28 04:48:08,282] {logging_mixin.py:115} INFO - [2022-07-28 04:48:08,282] {dag.py:2972} INFO - Setting next_dagrun for example_subdag_operator.section-1 to None, run_after=None
[2022-07-28 04:48:08,283] {logging_mixin.py:115} INFO - [2022-07-28 04:48:08,283] {dag.py:2972} INFO - Setting next_dagrun for example_subdag_operator.section-2 to None, run_after=None
[2022-07-28 04:48:08,296] {processor.py:161} INFO - Processing /home/airflow/.local/lib/python3.7/site-packages/airflow/example_dags/example_subdag_operator.py took 0.169 seconds
[2022-07-28 04:48:38,570] {processor.py:153} INFO - Started process (PID=25486) to work on /home/airflow/.local/lib/python3.7/site-packages/airflow/example_dags/example_subdag_operator.py
[2022-07-28 04:48:38,571] {processor.py:641} INFO - Processing file /home/airflow/.local/lib/python3.7/site-packages/airflow/example_dags/example_subdag_operator.py for tasks to queue
[2022-07-28 04:48:38,572] {logging_mixin.py:115} INFO - [2022-07-28 04:48:38,572] {dagbag.py:508} INFO - Filling up the DagBag from /home/airflow/.local/lib/python3.7/site-packages/airflow/example_dags/example_subdag_operator.py
[2022-07-28 04:48:38,616] {processor.py:651} INFO - DAG(s) dict_keys(['example_subdag_operator.section-1', 'example_subdag_operator.section-2', 'example_subdag_operator']) retrieved from /home/airflow/.local/lib/python3.7/site-packages/airflow/example_dags/example_subdag_operator.py
[2022-07-28 04:48:38,676] {logging_mixin.py:115} INFO - [2022-07-28 04:48:38,676] {dag.py:2420} INFO - Sync 3 DAGs
[2022-07-28 04:48:38,714] {logging_mixin.py:115} INFO - [2022-07-28 04:48:38,714] {dag.py:2972} INFO - Setting next_dagrun for example_subdag_operator to 2022-01-01T00:00:00+00:00, run_after=2022-01-01T00:00:00+00:00
[2022-07-28 04:48:38,715] {logging_mixin.py:115} INFO - [2022-07-28 04:48:38,715] {dag.py:2972} INFO - Setting next_dagrun for example_subdag_operator.section-1 to None, run_after=None
[2022-07-28 04:48:38,716] {logging_mixin.py:115} INFO - [2022-07-28 04:48:38,716] {dag.py:2972} INFO - Setting next_dagrun for example_subdag_operator.section-2 to None, run_after=None
[2022-07-28 04:48:38,729] {logging_mixin.py:115} INFO - [2022-07-28 04:48:38,728] {dag.py:2420} INFO - Sync 2 DAGs
[2022-07-28 04:48:38,740] {logging_mixin.py:115} INFO - [2022-07-28 04:48:38,739] {dag.py:2972} INFO - Setting next_dagrun for example_subdag_operator.section-1 to None, run_after=None
[2022-07-28 04:48:38,740] {logging_mixin.py:115} INFO - [2022-07-28 04:48:38,740] {dag.py:2972} INFO - Setting next_dagrun for example_subdag_operator.section-2 to None, run_after=None
[2022-07-28 04:48:38,758] {processor.py:161} INFO - Processing /home/airflow/.local/lib/python3.7/site-packages/airflow/example_dags/example_subdag_operator.py took 0.191 seconds
[2022-07-28 04:49:10,023] {processor.py:153} INFO - Started process (PID=25680) to work on /home/airflow/.local/lib/python3.7/site-packages/airflow/example_dags/example_subdag_operator.py
[2022-07-28 04:49:10,024] {processor.py:641} INFO - Processing file /home/airflow/.local/lib/python3.7/site-packages/airflow/example_dags/example_subdag_operator.py for tasks to queue
[2022-07-28 04:49:10,024] {logging_mixin.py:115} INFO - [2022-07-28 04:49:10,024] {dagbag.py:508} INFO - Filling up the DagBag from /home/airflow/.local/lib/python3.7/site-packages/airflow/example_dags/example_subdag_operator.py
[2022-07-28 04:49:10,066] {processor.py:651} INFO - DAG(s) dict_keys(['example_subdag_operator.section-1', 'example_subdag_operator.section-2', 'example_subdag_operator']) retrieved from /home/airflow/.local/lib/python3.7/site-packages/airflow/example_dags/example_subdag_operator.py
[2022-07-28 04:49:10,123] {logging_mixin.py:115} INFO - [2022-07-28 04:49:10,122] {dag.py:2420} INFO - Sync 3 DAGs
[2022-07-28 04:49:10,167] {logging_mixin.py:115} INFO - [2022-07-28 04:49:10,167] {dag.py:2972} INFO - Setting next_dagrun for example_subdag_operator to 2022-01-01T00:00:00+00:00, run_after=2022-01-01T00:00:00+00:00
[2022-07-28 04:49:10,168] {logging_mixin.py:115} INFO - [2022-07-28 04:49:10,168] {dag.py:2972} INFO - Setting next_dagrun for example_subdag_operator.section-1 to None, run_after=None
[2022-07-28 04:49:10,169] {logging_mixin.py:115} INFO - [2022-07-28 04:49:10,169] {dag.py:2972} INFO - Setting next_dagrun for example_subdag_operator.section-2 to None, run_after=None
[2022-07-28 04:49:10,185] {logging_mixin.py:115} INFO - [2022-07-28 04:49:10,185] {dag.py:2420} INFO - Sync 2 DAGs
[2022-07-28 04:49:10,197] {logging_mixin.py:115} INFO - [2022-07-28 04:49:10,196] {dag.py:2972} INFO - Setting next_dagrun for example_subdag_operator.section-1 to None, run_after=None
[2022-07-28 04:49:10,197] {logging_mixin.py:115} INFO - [2022-07-28 04:49:10,197] {dag.py:2972} INFO - Setting next_dagrun for example_subdag_operator.section-2 to None, run_after=None
[2022-07-28 04:49:10,211] {processor.py:161} INFO - Processing /home/airflow/.local/lib/python3.7/site-packages/airflow/example_dags/example_subdag_operator.py took 0.193 seconds
