[2022-07-28 04:33:15,178] {processor.py:153} INFO - Started process (PID=19454) to work on /home/airflow/.local/lib/python3.7/site-packages/airflow/example_dags/example_branch_operator.py
[2022-07-28 04:33:15,179] {processor.py:641} INFO - Processing file /home/airflow/.local/lib/python3.7/site-packages/airflow/example_dags/example_branch_operator.py for tasks to queue
[2022-07-28 04:33:15,180] {logging_mixin.py:115} INFO - [2022-07-28 04:33:15,180] {dagbag.py:508} INFO - Filling up the DagBag from /home/airflow/.local/lib/python3.7/site-packages/airflow/example_dags/example_branch_operator.py
[2022-07-28 04:33:15,207] {processor.py:651} INFO - DAG(s) dict_keys(['example_branch_operator']) retrieved from /home/airflow/.local/lib/python3.7/site-packages/airflow/example_dags/example_branch_operator.py
[2022-07-28 04:33:15,290] {logging_mixin.py:115} INFO - [2022-07-28 04:33:15,290] {dag.py:2420} INFO - Sync 1 DAGs
[2022-07-28 04:33:15,387] {logging_mixin.py:115} INFO - [2022-07-28 04:33:15,387] {dag.py:2972} INFO - Setting next_dagrun for example_branch_operator to 2022-07-27T00:00:00+00:00, run_after=2022-07-28T00:00:00+00:00
[2022-07-28 04:33:15,468] {processor.py:161} INFO - Processing /home/airflow/.local/lib/python3.7/site-packages/airflow/example_dags/example_branch_operator.py took 0.295 seconds
[2022-07-28 04:33:46,124] {processor.py:153} INFO - Started process (PID=19660) to work on /home/airflow/.local/lib/python3.7/site-packages/airflow/example_dags/example_branch_operator.py
[2022-07-28 04:33:46,136] {processor.py:641} INFO - Processing file /home/airflow/.local/lib/python3.7/site-packages/airflow/example_dags/example_branch_operator.py for tasks to queue
[2022-07-28 04:33:46,137] {logging_mixin.py:115} INFO - [2022-07-28 04:33:46,136] {dagbag.py:508} INFO - Filling up the DagBag from /home/airflow/.local/lib/python3.7/site-packages/airflow/example_dags/example_branch_operator.py
[2022-07-28 04:33:46,147] {processor.py:651} INFO - DAG(s) dict_keys(['example_branch_operator']) retrieved from /home/airflow/.local/lib/python3.7/site-packages/airflow/example_dags/example_branch_operator.py
[2022-07-28 04:33:46,171] {logging_mixin.py:115} INFO - [2022-07-28 04:33:46,171] {dag.py:2420} INFO - Sync 1 DAGs
[2022-07-28 04:33:46,196] {logging_mixin.py:115} INFO - [2022-07-28 04:33:46,195] {dag.py:2972} INFO - Setting next_dagrun for example_branch_operator to 2022-07-27T00:00:00+00:00, run_after=2022-07-28T00:00:00+00:00
[2022-07-28 04:33:46,235] {processor.py:161} INFO - Processing /home/airflow/.local/lib/python3.7/site-packages/airflow/example_dags/example_branch_operator.py took 0.114 seconds
[2022-07-28 04:34:16,482] {processor.py:153} INFO - Started process (PID=19866) to work on /home/airflow/.local/lib/python3.7/site-packages/airflow/example_dags/example_branch_operator.py
[2022-07-28 04:34:16,483] {processor.py:641} INFO - Processing file /home/airflow/.local/lib/python3.7/site-packages/airflow/example_dags/example_branch_operator.py for tasks to queue
[2022-07-28 04:34:16,485] {logging_mixin.py:115} INFO - [2022-07-28 04:34:16,485] {dagbag.py:508} INFO - Filling up the DagBag from /home/airflow/.local/lib/python3.7/site-packages/airflow/example_dags/example_branch_operator.py
[2022-07-28 04:34:16,502] {processor.py:651} INFO - DAG(s) dict_keys(['example_branch_operator']) retrieved from /home/airflow/.local/lib/python3.7/site-packages/airflow/example_dags/example_branch_operator.py
[2022-07-28 04:34:16,550] {logging_mixin.py:115} INFO - [2022-07-28 04:34:16,549] {dag.py:2420} INFO - Sync 1 DAGs
[2022-07-28 04:34:16,582] {logging_mixin.py:115} INFO - [2022-07-28 04:34:16,582] {dag.py:2972} INFO - Setting next_dagrun for example_branch_operator to 2022-07-27T00:00:00+00:00, run_after=2022-07-28T00:00:00+00:00
[2022-07-28 04:34:16,604] {processor.py:161} INFO - Processing /home/airflow/.local/lib/python3.7/site-packages/airflow/example_dags/example_branch_operator.py took 0.127 seconds
[2022-07-28 04:34:46,837] {processor.py:153} INFO - Started process (PID=20060) to work on /home/airflow/.local/lib/python3.7/site-packages/airflow/example_dags/example_branch_operator.py
[2022-07-28 04:34:46,839] {processor.py:641} INFO - Processing file /home/airflow/.local/lib/python3.7/site-packages/airflow/example_dags/example_branch_operator.py for tasks to queue
[2022-07-28 04:34:46,840] {logging_mixin.py:115} INFO - [2022-07-28 04:34:46,840] {dagbag.py:508} INFO - Filling up the DagBag from /home/airflow/.local/lib/python3.7/site-packages/airflow/example_dags/example_branch_operator.py
[2022-07-28 04:34:46,859] {processor.py:651} INFO - DAG(s) dict_keys(['example_branch_operator']) retrieved from /home/airflow/.local/lib/python3.7/site-packages/airflow/example_dags/example_branch_operator.py
[2022-07-28 04:34:46,910] {logging_mixin.py:115} INFO - [2022-07-28 04:34:46,910] {dag.py:2420} INFO - Sync 1 DAGs
[2022-07-28 04:34:46,954] {logging_mixin.py:115} INFO - [2022-07-28 04:34:46,954] {dag.py:2972} INFO - Setting next_dagrun for example_branch_operator to 2022-07-27T00:00:00+00:00, run_after=2022-07-28T00:00:00+00:00
[2022-07-28 04:34:46,978] {processor.py:161} INFO - Processing /home/airflow/.local/lib/python3.7/site-packages/airflow/example_dags/example_branch_operator.py took 0.146 seconds
[2022-07-28 04:35:17,597] {processor.py:153} INFO - Started process (PID=20263) to work on /home/airflow/.local/lib/python3.7/site-packages/airflow/example_dags/example_branch_operator.py
[2022-07-28 04:35:17,598] {processor.py:641} INFO - Processing file /home/airflow/.local/lib/python3.7/site-packages/airflow/example_dags/example_branch_operator.py for tasks to queue
[2022-07-28 04:35:17,599] {logging_mixin.py:115} INFO - [2022-07-28 04:35:17,599] {dagbag.py:508} INFO - Filling up the DagBag from /home/airflow/.local/lib/python3.7/site-packages/airflow/example_dags/example_branch_operator.py
[2022-07-28 04:35:17,609] {processor.py:651} INFO - DAG(s) dict_keys(['example_branch_operator']) retrieved from /home/airflow/.local/lib/python3.7/site-packages/airflow/example_dags/example_branch_operator.py
[2022-07-28 04:35:17,635] {logging_mixin.py:115} INFO - [2022-07-28 04:35:17,635] {dag.py:2420} INFO - Sync 1 DAGs
[2022-07-28 04:35:17,659] {logging_mixin.py:115} INFO - [2022-07-28 04:35:17,659] {dag.py:2972} INFO - Setting next_dagrun for example_branch_operator to 2022-07-27T00:00:00+00:00, run_after=2022-07-28T00:00:00+00:00
[2022-07-28 04:35:17,672] {processor.py:161} INFO - Processing /home/airflow/.local/lib/python3.7/site-packages/airflow/example_dags/example_branch_operator.py took 0.077 seconds
[2022-07-28 04:35:48,335] {processor.py:153} INFO - Started process (PID=20459) to work on /home/airflow/.local/lib/python3.7/site-packages/airflow/example_dags/example_branch_operator.py
[2022-07-28 04:35:48,336] {processor.py:641} INFO - Processing file /home/airflow/.local/lib/python3.7/site-packages/airflow/example_dags/example_branch_operator.py for tasks to queue
[2022-07-28 04:35:48,337] {logging_mixin.py:115} INFO - [2022-07-28 04:35:48,337] {dagbag.py:508} INFO - Filling up the DagBag from /home/airflow/.local/lib/python3.7/site-packages/airflow/example_dags/example_branch_operator.py
[2022-07-28 04:35:48,351] {processor.py:651} INFO - DAG(s) dict_keys(['example_branch_operator']) retrieved from /home/airflow/.local/lib/python3.7/site-packages/airflow/example_dags/example_branch_operator.py
[2022-07-28 04:35:48,386] {logging_mixin.py:115} INFO - [2022-07-28 04:35:48,386] {dag.py:2420} INFO - Sync 1 DAGs
[2022-07-28 04:35:48,417] {logging_mixin.py:115} INFO - [2022-07-28 04:35:48,417] {dag.py:2972} INFO - Setting next_dagrun for example_branch_operator to 2022-07-27T00:00:00+00:00, run_after=2022-07-28T00:00:00+00:00
[2022-07-28 04:35:48,436] {processor.py:161} INFO - Processing /home/airflow/.local/lib/python3.7/site-packages/airflow/example_dags/example_branch_operator.py took 0.104 seconds
[2022-07-28 04:36:19,262] {processor.py:153} INFO - Started process (PID=20662) to work on /home/airflow/.local/lib/python3.7/site-packages/airflow/example_dags/example_branch_operator.py
[2022-07-28 04:36:19,263] {processor.py:641} INFO - Processing file /home/airflow/.local/lib/python3.7/site-packages/airflow/example_dags/example_branch_operator.py for tasks to queue
[2022-07-28 04:36:19,267] {logging_mixin.py:115} INFO - [2022-07-28 04:36:19,266] {dagbag.py:508} INFO - Filling up the DagBag from /home/airflow/.local/lib/python3.7/site-packages/airflow/example_dags/example_branch_operator.py
[2022-07-28 04:36:19,288] {processor.py:651} INFO - DAG(s) dict_keys(['example_branch_operator']) retrieved from /home/airflow/.local/lib/python3.7/site-packages/airflow/example_dags/example_branch_operator.py
[2022-07-28 04:36:19,331] {logging_mixin.py:115} INFO - [2022-07-28 04:36:19,331] {dag.py:2420} INFO - Sync 1 DAGs
[2022-07-28 04:36:19,375] {logging_mixin.py:115} INFO - [2022-07-28 04:36:19,375] {dag.py:2972} INFO - Setting next_dagrun for example_branch_operator to 2022-07-27T00:00:00+00:00, run_after=2022-07-28T00:00:00+00:00
[2022-07-28 04:36:19,395] {processor.py:161} INFO - Processing /home/airflow/.local/lib/python3.7/site-packages/airflow/example_dags/example_branch_operator.py took 0.138 seconds
[2022-07-28 04:36:49,460] {processor.py:153} INFO - Started process (PID=20856) to work on /home/airflow/.local/lib/python3.7/site-packages/airflow/example_dags/example_branch_operator.py
[2022-07-28 04:36:49,461] {processor.py:641} INFO - Processing file /home/airflow/.local/lib/python3.7/site-packages/airflow/example_dags/example_branch_operator.py for tasks to queue
[2022-07-28 04:36:49,462] {logging_mixin.py:115} INFO - [2022-07-28 04:36:49,462] {dagbag.py:508} INFO - Filling up the DagBag from /home/airflow/.local/lib/python3.7/site-packages/airflow/example_dags/example_branch_operator.py
[2022-07-28 04:36:49,474] {processor.py:651} INFO - DAG(s) dict_keys(['example_branch_operator']) retrieved from /home/airflow/.local/lib/python3.7/site-packages/airflow/example_dags/example_branch_operator.py
[2022-07-28 04:36:49,523] {logging_mixin.py:115} INFO - [2022-07-28 04:36:49,523] {dag.py:2420} INFO - Sync 1 DAGs
[2022-07-28 04:36:49,556] {logging_mixin.py:115} INFO - [2022-07-28 04:36:49,556] {dag.py:2972} INFO - Setting next_dagrun for example_branch_operator to 2022-07-27T00:00:00+00:00, run_after=2022-07-28T00:00:00+00:00
[2022-07-28 04:36:49,581] {processor.py:161} INFO - Processing /home/airflow/.local/lib/python3.7/site-packages/airflow/example_dags/example_branch_operator.py took 0.124 seconds
[2022-07-28 04:37:20,106] {processor.py:153} INFO - Started process (PID=21059) to work on /home/airflow/.local/lib/python3.7/site-packages/airflow/example_dags/example_branch_operator.py
[2022-07-28 04:37:20,107] {processor.py:641} INFO - Processing file /home/airflow/.local/lib/python3.7/site-packages/airflow/example_dags/example_branch_operator.py for tasks to queue
[2022-07-28 04:37:20,108] {logging_mixin.py:115} INFO - [2022-07-28 04:37:20,108] {dagbag.py:508} INFO - Filling up the DagBag from /home/airflow/.local/lib/python3.7/site-packages/airflow/example_dags/example_branch_operator.py
[2022-07-28 04:37:20,121] {processor.py:651} INFO - DAG(s) dict_keys(['example_branch_operator']) retrieved from /home/airflow/.local/lib/python3.7/site-packages/airflow/example_dags/example_branch_operator.py
[2022-07-28 04:37:20,157] {logging_mixin.py:115} INFO - [2022-07-28 04:37:20,156] {dag.py:2420} INFO - Sync 1 DAGs
[2022-07-28 04:37:20,188] {logging_mixin.py:115} INFO - [2022-07-28 04:37:20,188] {dag.py:2972} INFO - Setting next_dagrun for example_branch_operator to 2022-07-27T00:00:00+00:00, run_after=2022-07-28T00:00:00+00:00
[2022-07-28 04:37:20,215] {processor.py:161} INFO - Processing /home/airflow/.local/lib/python3.7/site-packages/airflow/example_dags/example_branch_operator.py took 0.112 seconds
[2022-07-28 04:37:51,263] {processor.py:153} INFO - Started process (PID=21260) to work on /home/airflow/.local/lib/python3.7/site-packages/airflow/example_dags/example_branch_operator.py
[2022-07-28 04:37:51,264] {processor.py:641} INFO - Processing file /home/airflow/.local/lib/python3.7/site-packages/airflow/example_dags/example_branch_operator.py for tasks to queue
[2022-07-28 04:37:51,265] {logging_mixin.py:115} INFO - [2022-07-28 04:37:51,265] {dagbag.py:508} INFO - Filling up the DagBag from /home/airflow/.local/lib/python3.7/site-packages/airflow/example_dags/example_branch_operator.py
[2022-07-28 04:37:51,284] {processor.py:651} INFO - DAG(s) dict_keys(['example_branch_operator']) retrieved from /home/airflow/.local/lib/python3.7/site-packages/airflow/example_dags/example_branch_operator.py
[2022-07-28 04:37:51,328] {logging_mixin.py:115} INFO - [2022-07-28 04:37:51,328] {dag.py:2420} INFO - Sync 1 DAGs
[2022-07-28 04:37:51,366] {logging_mixin.py:115} INFO - [2022-07-28 04:37:51,366] {dag.py:2972} INFO - Setting next_dagrun for example_branch_operator to 2022-07-27T00:00:00+00:00, run_after=2022-07-28T00:00:00+00:00
[2022-07-28 04:37:51,385] {processor.py:161} INFO - Processing /home/airflow/.local/lib/python3.7/site-packages/airflow/example_dags/example_branch_operator.py took 0.126 seconds
[2022-07-28 04:38:22,110] {processor.py:153} INFO - Started process (PID=21456) to work on /home/airflow/.local/lib/python3.7/site-packages/airflow/example_dags/example_branch_operator.py
[2022-07-28 04:38:22,112] {processor.py:641} INFO - Processing file /home/airflow/.local/lib/python3.7/site-packages/airflow/example_dags/example_branch_operator.py for tasks to queue
[2022-07-28 04:38:22,113] {logging_mixin.py:115} INFO - [2022-07-28 04:38:22,113] {dagbag.py:508} INFO - Filling up the DagBag from /home/airflow/.local/lib/python3.7/site-packages/airflow/example_dags/example_branch_operator.py
[2022-07-28 04:38:22,131] {processor.py:651} INFO - DAG(s) dict_keys(['example_branch_operator']) retrieved from /home/airflow/.local/lib/python3.7/site-packages/airflow/example_dags/example_branch_operator.py
[2022-07-28 04:38:22,177] {logging_mixin.py:115} INFO - [2022-07-28 04:38:22,177] {dag.py:2420} INFO - Sync 1 DAGs
[2022-07-28 04:38:22,216] {logging_mixin.py:115} INFO - [2022-07-28 04:38:22,216] {dag.py:2972} INFO - Setting next_dagrun for example_branch_operator to 2022-07-27T00:00:00+00:00, run_after=2022-07-28T00:00:00+00:00
[2022-07-28 04:38:22,244] {processor.py:161} INFO - Processing /home/airflow/.local/lib/python3.7/site-packages/airflow/example_dags/example_branch_operator.py took 0.139 seconds
[2022-07-28 04:38:52,961] {processor.py:153} INFO - Started process (PID=21657) to work on /home/airflow/.local/lib/python3.7/site-packages/airflow/example_dags/example_branch_operator.py
[2022-07-28 04:38:52,962] {processor.py:641} INFO - Processing file /home/airflow/.local/lib/python3.7/site-packages/airflow/example_dags/example_branch_operator.py for tasks to queue
[2022-07-28 04:38:52,963] {logging_mixin.py:115} INFO - [2022-07-28 04:38:52,963] {dagbag.py:508} INFO - Filling up the DagBag from /home/airflow/.local/lib/python3.7/site-packages/airflow/example_dags/example_branch_operator.py
[2022-07-28 04:38:52,975] {processor.py:651} INFO - DAG(s) dict_keys(['example_branch_operator']) retrieved from /home/airflow/.local/lib/python3.7/site-packages/airflow/example_dags/example_branch_operator.py
[2022-07-28 04:38:53,007] {logging_mixin.py:115} INFO - [2022-07-28 04:38:53,007] {dag.py:2420} INFO - Sync 1 DAGs
[2022-07-28 04:38:53,044] {logging_mixin.py:115} INFO - [2022-07-28 04:38:53,044] {dag.py:2972} INFO - Setting next_dagrun for example_branch_operator to 2022-07-27T00:00:00+00:00, run_after=2022-07-28T00:00:00+00:00
[2022-07-28 04:38:53,065] {processor.py:161} INFO - Processing /home/airflow/.local/lib/python3.7/site-packages/airflow/example_dags/example_branch_operator.py took 0.107 seconds
[2022-07-28 04:39:23,204] {processor.py:153} INFO - Started process (PID=21845) to work on /home/airflow/.local/lib/python3.7/site-packages/airflow/example_dags/example_branch_operator.py
[2022-07-28 04:39:23,204] {processor.py:641} INFO - Processing file /home/airflow/.local/lib/python3.7/site-packages/airflow/example_dags/example_branch_operator.py for tasks to queue
[2022-07-28 04:39:23,205] {logging_mixin.py:115} INFO - [2022-07-28 04:39:23,205] {dagbag.py:508} INFO - Filling up the DagBag from /home/airflow/.local/lib/python3.7/site-packages/airflow/example_dags/example_branch_operator.py
[2022-07-28 04:39:23,218] {processor.py:651} INFO - DAG(s) dict_keys(['example_branch_operator']) retrieved from /home/airflow/.local/lib/python3.7/site-packages/airflow/example_dags/example_branch_operator.py
[2022-07-28 04:39:23,242] {logging_mixin.py:115} INFO - [2022-07-28 04:39:23,242] {dag.py:2420} INFO - Sync 1 DAGs
[2022-07-28 04:39:23,268] {logging_mixin.py:115} INFO - [2022-07-28 04:39:23,268] {dag.py:2972} INFO - Setting next_dagrun for example_branch_operator to 2022-07-27T00:00:00+00:00, run_after=2022-07-28T00:00:00+00:00
[2022-07-28 04:39:23,281] {processor.py:161} INFO - Processing /home/airflow/.local/lib/python3.7/site-packages/airflow/example_dags/example_branch_operator.py took 0.080 seconds
[2022-07-28 04:39:54,461] {processor.py:153} INFO - Started process (PID=22054) to work on /home/airflow/.local/lib/python3.7/site-packages/airflow/example_dags/example_branch_operator.py
[2022-07-28 04:39:54,462] {processor.py:641} INFO - Processing file /home/airflow/.local/lib/python3.7/site-packages/airflow/example_dags/example_branch_operator.py for tasks to queue
[2022-07-28 04:39:54,463] {logging_mixin.py:115} INFO - [2022-07-28 04:39:54,463] {dagbag.py:508} INFO - Filling up the DagBag from /home/airflow/.local/lib/python3.7/site-packages/airflow/example_dags/example_branch_operator.py
[2022-07-28 04:39:54,475] {processor.py:651} INFO - DAG(s) dict_keys(['example_branch_operator']) retrieved from /home/airflow/.local/lib/python3.7/site-packages/airflow/example_dags/example_branch_operator.py
[2022-07-28 04:39:54,505] {logging_mixin.py:115} INFO - [2022-07-28 04:39:54,504] {dag.py:2420} INFO - Sync 1 DAGs
[2022-07-28 04:39:54,533] {logging_mixin.py:115} INFO - [2022-07-28 04:39:54,533] {dag.py:2972} INFO - Setting next_dagrun for example_branch_operator to 2022-07-27T00:00:00+00:00, run_after=2022-07-28T00:00:00+00:00
[2022-07-28 04:39:54,550] {processor.py:161} INFO - Processing /home/airflow/.local/lib/python3.7/site-packages/airflow/example_dags/example_branch_operator.py took 0.092 seconds
[2022-07-28 04:40:25,452] {processor.py:153} INFO - Started process (PID=22249) to work on /home/airflow/.local/lib/python3.7/site-packages/airflow/example_dags/example_branch_operator.py
[2022-07-28 04:40:25,453] {processor.py:641} INFO - Processing file /home/airflow/.local/lib/python3.7/site-packages/airflow/example_dags/example_branch_operator.py for tasks to queue
[2022-07-28 04:40:25,454] {logging_mixin.py:115} INFO - [2022-07-28 04:40:25,454] {dagbag.py:508} INFO - Filling up the DagBag from /home/airflow/.local/lib/python3.7/site-packages/airflow/example_dags/example_branch_operator.py
[2022-07-28 04:40:25,467] {processor.py:651} INFO - DAG(s) dict_keys(['example_branch_operator']) retrieved from /home/airflow/.local/lib/python3.7/site-packages/airflow/example_dags/example_branch_operator.py
[2022-07-28 04:40:25,500] {logging_mixin.py:115} INFO - [2022-07-28 04:40:25,500] {dag.py:2420} INFO - Sync 1 DAGs
[2022-07-28 04:40:25,537] {logging_mixin.py:115} INFO - [2022-07-28 04:40:25,536] {dag.py:2972} INFO - Setting next_dagrun for example_branch_operator to 2022-07-27T00:00:00+00:00, run_after=2022-07-28T00:00:00+00:00
[2022-07-28 04:40:25,553] {processor.py:161} INFO - Processing /home/airflow/.local/lib/python3.7/site-packages/airflow/example_dags/example_branch_operator.py took 0.104 seconds
[2022-07-28 04:40:56,340] {processor.py:153} INFO - Started process (PID=22452) to work on /home/airflow/.local/lib/python3.7/site-packages/airflow/example_dags/example_branch_operator.py
[2022-07-28 04:40:56,341] {processor.py:641} INFO - Processing file /home/airflow/.local/lib/python3.7/site-packages/airflow/example_dags/example_branch_operator.py for tasks to queue
[2022-07-28 04:40:56,342] {logging_mixin.py:115} INFO - [2022-07-28 04:40:56,342] {dagbag.py:508} INFO - Filling up the DagBag from /home/airflow/.local/lib/python3.7/site-packages/airflow/example_dags/example_branch_operator.py
[2022-07-28 04:40:56,357] {processor.py:651} INFO - DAG(s) dict_keys(['example_branch_operator']) retrieved from /home/airflow/.local/lib/python3.7/site-packages/airflow/example_dags/example_branch_operator.py
[2022-07-28 04:40:56,390] {logging_mixin.py:115} INFO - [2022-07-28 04:40:56,390] {dag.py:2420} INFO - Sync 1 DAGs
[2022-07-28 04:40:56,443] {logging_mixin.py:115} INFO - [2022-07-28 04:40:56,443] {dag.py:2972} INFO - Setting next_dagrun for example_branch_operator to 2022-07-27T00:00:00+00:00, run_after=2022-07-28T00:00:00+00:00
[2022-07-28 04:40:56,466] {processor.py:161} INFO - Processing /home/airflow/.local/lib/python3.7/site-packages/airflow/example_dags/example_branch_operator.py took 0.129 seconds
[2022-07-28 04:41:27,462] {processor.py:153} INFO - Started process (PID=22646) to work on /home/airflow/.local/lib/python3.7/site-packages/airflow/example_dags/example_branch_operator.py
[2022-07-28 04:41:27,463] {processor.py:641} INFO - Processing file /home/airflow/.local/lib/python3.7/site-packages/airflow/example_dags/example_branch_operator.py for tasks to queue
[2022-07-28 04:41:27,464] {logging_mixin.py:115} INFO - [2022-07-28 04:41:27,464] {dagbag.py:508} INFO - Filling up the DagBag from /home/airflow/.local/lib/python3.7/site-packages/airflow/example_dags/example_branch_operator.py
[2022-07-28 04:41:27,477] {processor.py:651} INFO - DAG(s) dict_keys(['example_branch_operator']) retrieved from /home/airflow/.local/lib/python3.7/site-packages/airflow/example_dags/example_branch_operator.py
[2022-07-28 04:41:27,511] {logging_mixin.py:115} INFO - [2022-07-28 04:41:27,511] {dag.py:2420} INFO - Sync 1 DAGs
[2022-07-28 04:41:27,540] {logging_mixin.py:115} INFO - [2022-07-28 04:41:27,540] {dag.py:2972} INFO - Setting next_dagrun for example_branch_operator to 2022-07-27T00:00:00+00:00, run_after=2022-07-28T00:00:00+00:00
[2022-07-28 04:41:27,565] {processor.py:161} INFO - Processing /home/airflow/.local/lib/python3.7/site-packages/airflow/example_dags/example_branch_operator.py took 0.106 seconds
[2022-07-28 04:41:57,715] {processor.py:153} INFO - Started process (PID=22845) to work on /home/airflow/.local/lib/python3.7/site-packages/airflow/example_dags/example_branch_operator.py
[2022-07-28 04:41:57,715] {processor.py:641} INFO - Processing file /home/airflow/.local/lib/python3.7/site-packages/airflow/example_dags/example_branch_operator.py for tasks to queue
[2022-07-28 04:41:57,716] {logging_mixin.py:115} INFO - [2022-07-28 04:41:57,716] {dagbag.py:508} INFO - Filling up the DagBag from /home/airflow/.local/lib/python3.7/site-packages/airflow/example_dags/example_branch_operator.py
[2022-07-28 04:41:57,729] {processor.py:651} INFO - DAG(s) dict_keys(['example_branch_operator']) retrieved from /home/airflow/.local/lib/python3.7/site-packages/airflow/example_dags/example_branch_operator.py
[2022-07-28 04:41:57,762] {logging_mixin.py:115} INFO - [2022-07-28 04:41:57,762] {dag.py:2420} INFO - Sync 1 DAGs
[2022-07-28 04:41:57,793] {logging_mixin.py:115} INFO - [2022-07-28 04:41:57,793] {dag.py:2972} INFO - Setting next_dagrun for example_branch_operator to 2022-07-27T00:00:00+00:00, run_after=2022-07-28T00:00:00+00:00
[2022-07-28 04:41:57,821] {processor.py:161} INFO - Processing /home/airflow/.local/lib/python3.7/site-packages/airflow/example_dags/example_branch_operator.py took 0.110 seconds
[2022-07-28 04:42:27,872] {processor.py:153} INFO - Started process (PID=23038) to work on /home/airflow/.local/lib/python3.7/site-packages/airflow/example_dags/example_branch_operator.py
[2022-07-28 04:42:27,873] {processor.py:641} INFO - Processing file /home/airflow/.local/lib/python3.7/site-packages/airflow/example_dags/example_branch_operator.py for tasks to queue
[2022-07-28 04:42:27,874] {logging_mixin.py:115} INFO - [2022-07-28 04:42:27,874] {dagbag.py:508} INFO - Filling up the DagBag from /home/airflow/.local/lib/python3.7/site-packages/airflow/example_dags/example_branch_operator.py
[2022-07-28 04:42:27,896] {processor.py:651} INFO - DAG(s) dict_keys(['example_branch_operator']) retrieved from /home/airflow/.local/lib/python3.7/site-packages/airflow/example_dags/example_branch_operator.py
[2022-07-28 04:42:27,930] {logging_mixin.py:115} INFO - [2022-07-28 04:42:27,930] {dag.py:2420} INFO - Sync 1 DAGs
[2022-07-28 04:42:27,960] {logging_mixin.py:115} INFO - [2022-07-28 04:42:27,960] {dag.py:2972} INFO - Setting next_dagrun for example_branch_operator to 2022-07-27T00:00:00+00:00, run_after=2022-07-28T00:00:00+00:00
[2022-07-28 04:42:27,979] {processor.py:161} INFO - Processing /home/airflow/.local/lib/python3.7/site-packages/airflow/example_dags/example_branch_operator.py took 0.109 seconds
[2022-07-28 04:42:58,229] {processor.py:153} INFO - Started process (PID=23243) to work on /home/airflow/.local/lib/python3.7/site-packages/airflow/example_dags/example_branch_operator.py
[2022-07-28 04:42:58,230] {processor.py:641} INFO - Processing file /home/airflow/.local/lib/python3.7/site-packages/airflow/example_dags/example_branch_operator.py for tasks to queue
[2022-07-28 04:42:58,230] {logging_mixin.py:115} INFO - [2022-07-28 04:42:58,230] {dagbag.py:508} INFO - Filling up the DagBag from /home/airflow/.local/lib/python3.7/site-packages/airflow/example_dags/example_branch_operator.py
[2022-07-28 04:42:58,246] {processor.py:651} INFO - DAG(s) dict_keys(['example_branch_operator']) retrieved from /home/airflow/.local/lib/python3.7/site-packages/airflow/example_dags/example_branch_operator.py
[2022-07-28 04:42:58,282] {logging_mixin.py:115} INFO - [2022-07-28 04:42:58,282] {dag.py:2420} INFO - Sync 1 DAGs
[2022-07-28 04:42:58,311] {logging_mixin.py:115} INFO - [2022-07-28 04:42:58,311] {dag.py:2972} INFO - Setting next_dagrun for example_branch_operator to 2022-07-27T00:00:00+00:00, run_after=2022-07-28T00:00:00+00:00
[2022-07-28 04:42:58,336] {processor.py:161} INFO - Processing /home/airflow/.local/lib/python3.7/site-packages/airflow/example_dags/example_branch_operator.py took 0.112 seconds
[2022-07-28 04:43:28,479] {processor.py:153} INFO - Started process (PID=23437) to work on /home/airflow/.local/lib/python3.7/site-packages/airflow/example_dags/example_branch_operator.py
[2022-07-28 04:43:28,480] {processor.py:641} INFO - Processing file /home/airflow/.local/lib/python3.7/site-packages/airflow/example_dags/example_branch_operator.py for tasks to queue
[2022-07-28 04:43:28,481] {logging_mixin.py:115} INFO - [2022-07-28 04:43:28,481] {dagbag.py:508} INFO - Filling up the DagBag from /home/airflow/.local/lib/python3.7/site-packages/airflow/example_dags/example_branch_operator.py
[2022-07-28 04:43:28,496] {processor.py:651} INFO - DAG(s) dict_keys(['example_branch_operator']) retrieved from /home/airflow/.local/lib/python3.7/site-packages/airflow/example_dags/example_branch_operator.py
[2022-07-28 04:43:28,528] {logging_mixin.py:115} INFO - [2022-07-28 04:43:28,528] {dag.py:2420} INFO - Sync 1 DAGs
[2022-07-28 04:43:28,556] {logging_mixin.py:115} INFO - [2022-07-28 04:43:28,556] {dag.py:2972} INFO - Setting next_dagrun for example_branch_operator to 2022-07-27T00:00:00+00:00, run_after=2022-07-28T00:00:00+00:00
[2022-07-28 04:43:28,571] {processor.py:161} INFO - Processing /home/airflow/.local/lib/python3.7/site-packages/airflow/example_dags/example_branch_operator.py took 0.097 seconds
[2022-07-28 04:43:59,181] {processor.py:153} INFO - Started process (PID=23640) to work on /home/airflow/.local/lib/python3.7/site-packages/airflow/example_dags/example_branch_operator.py
[2022-07-28 04:43:59,182] {processor.py:641} INFO - Processing file /home/airflow/.local/lib/python3.7/site-packages/airflow/example_dags/example_branch_operator.py for tasks to queue
[2022-07-28 04:43:59,183] {logging_mixin.py:115} INFO - [2022-07-28 04:43:59,183] {dagbag.py:508} INFO - Filling up the DagBag from /home/airflow/.local/lib/python3.7/site-packages/airflow/example_dags/example_branch_operator.py
[2022-07-28 04:43:59,199] {processor.py:651} INFO - DAG(s) dict_keys(['example_branch_operator']) retrieved from /home/airflow/.local/lib/python3.7/site-packages/airflow/example_dags/example_branch_operator.py
[2022-07-28 04:43:59,241] {logging_mixin.py:115} INFO - [2022-07-28 04:43:59,241] {dag.py:2420} INFO - Sync 1 DAGs
[2022-07-28 04:43:59,270] {logging_mixin.py:115} INFO - [2022-07-28 04:43:59,270] {dag.py:2972} INFO - Setting next_dagrun for example_branch_operator to 2022-07-27T00:00:00+00:00, run_after=2022-07-28T00:00:00+00:00
[2022-07-28 04:43:59,286] {processor.py:161} INFO - Processing /home/airflow/.local/lib/python3.7/site-packages/airflow/example_dags/example_branch_operator.py took 0.109 seconds
[2022-07-28 04:44:29,858] {processor.py:153} INFO - Started process (PID=23834) to work on /home/airflow/.local/lib/python3.7/site-packages/airflow/example_dags/example_branch_operator.py
[2022-07-28 04:44:29,858] {processor.py:641} INFO - Processing file /home/airflow/.local/lib/python3.7/site-packages/airflow/example_dags/example_branch_operator.py for tasks to queue
[2022-07-28 04:44:29,859] {logging_mixin.py:115} INFO - [2022-07-28 04:44:29,859] {dagbag.py:508} INFO - Filling up the DagBag from /home/airflow/.local/lib/python3.7/site-packages/airflow/example_dags/example_branch_operator.py
[2022-07-28 04:44:29,877] {processor.py:651} INFO - DAG(s) dict_keys(['example_branch_operator']) retrieved from /home/airflow/.local/lib/python3.7/site-packages/airflow/example_dags/example_branch_operator.py
[2022-07-28 04:44:29,909] {logging_mixin.py:115} INFO - [2022-07-28 04:44:29,909] {dag.py:2420} INFO - Sync 1 DAGs
[2022-07-28 04:44:29,941] {logging_mixin.py:115} INFO - [2022-07-28 04:44:29,941] {dag.py:2972} INFO - Setting next_dagrun for example_branch_operator to 2022-07-27T00:00:00+00:00, run_after=2022-07-28T00:00:00+00:00
[2022-07-28 04:44:29,965] {processor.py:161} INFO - Processing /home/airflow/.local/lib/python3.7/site-packages/airflow/example_dags/example_branch_operator.py took 0.111 seconds
[2022-07-28 04:45:00,613] {processor.py:153} INFO - Started process (PID=24037) to work on /home/airflow/.local/lib/python3.7/site-packages/airflow/example_dags/example_branch_operator.py
[2022-07-28 04:45:00,614] {processor.py:641} INFO - Processing file /home/airflow/.local/lib/python3.7/site-packages/airflow/example_dags/example_branch_operator.py for tasks to queue
[2022-07-28 04:45:00,615] {logging_mixin.py:115} INFO - [2022-07-28 04:45:00,615] {dagbag.py:508} INFO - Filling up the DagBag from /home/airflow/.local/lib/python3.7/site-packages/airflow/example_dags/example_branch_operator.py
[2022-07-28 04:45:00,629] {processor.py:651} INFO - DAG(s) dict_keys(['example_branch_operator']) retrieved from /home/airflow/.local/lib/python3.7/site-packages/airflow/example_dags/example_branch_operator.py
[2022-07-28 04:45:00,665] {logging_mixin.py:115} INFO - [2022-07-28 04:45:00,665] {dag.py:2420} INFO - Sync 1 DAGs
[2022-07-28 04:45:00,700] {logging_mixin.py:115} INFO - [2022-07-28 04:45:00,700] {dag.py:2972} INFO - Setting next_dagrun for example_branch_operator to 2022-07-27T00:00:00+00:00, run_after=2022-07-28T00:00:00+00:00
[2022-07-28 04:45:00,718] {processor.py:161} INFO - Processing /home/airflow/.local/lib/python3.7/site-packages/airflow/example_dags/example_branch_operator.py took 0.109 seconds
[2022-07-28 04:45:31,082] {processor.py:153} INFO - Started process (PID=24231) to work on /home/airflow/.local/lib/python3.7/site-packages/airflow/example_dags/example_branch_operator.py
[2022-07-28 04:45:31,083] {processor.py:641} INFO - Processing file /home/airflow/.local/lib/python3.7/site-packages/airflow/example_dags/example_branch_operator.py for tasks to queue
[2022-07-28 04:45:31,083] {logging_mixin.py:115} INFO - [2022-07-28 04:45:31,083] {dagbag.py:508} INFO - Filling up the DagBag from /home/airflow/.local/lib/python3.7/site-packages/airflow/example_dags/example_branch_operator.py
[2022-07-28 04:45:31,101] {processor.py:651} INFO - DAG(s) dict_keys(['example_branch_operator']) retrieved from /home/airflow/.local/lib/python3.7/site-packages/airflow/example_dags/example_branch_operator.py
[2022-07-28 04:45:31,139] {logging_mixin.py:115} INFO - [2022-07-28 04:45:31,138] {dag.py:2420} INFO - Sync 1 DAGs
[2022-07-28 04:45:31,169] {logging_mixin.py:115} INFO - [2022-07-28 04:45:31,169] {dag.py:2972} INFO - Setting next_dagrun for example_branch_operator to 2022-07-27T00:00:00+00:00, run_after=2022-07-28T00:00:00+00:00
[2022-07-28 04:45:31,184] {processor.py:161} INFO - Processing /home/airflow/.local/lib/python3.7/site-packages/airflow/example_dags/example_branch_operator.py took 0.105 seconds
[2022-07-28 04:46:02,035] {processor.py:153} INFO - Started process (PID=24434) to work on /home/airflow/.local/lib/python3.7/site-packages/airflow/example_dags/example_branch_operator.py
[2022-07-28 04:46:02,035] {processor.py:641} INFO - Processing file /home/airflow/.local/lib/python3.7/site-packages/airflow/example_dags/example_branch_operator.py for tasks to queue
[2022-07-28 04:46:02,036] {logging_mixin.py:115} INFO - [2022-07-28 04:46:02,036] {dagbag.py:508} INFO - Filling up the DagBag from /home/airflow/.local/lib/python3.7/site-packages/airflow/example_dags/example_branch_operator.py
[2022-07-28 04:46:02,051] {processor.py:651} INFO - DAG(s) dict_keys(['example_branch_operator']) retrieved from /home/airflow/.local/lib/python3.7/site-packages/airflow/example_dags/example_branch_operator.py
[2022-07-28 04:46:02,085] {logging_mixin.py:115} INFO - [2022-07-28 04:46:02,085] {dag.py:2420} INFO - Sync 1 DAGs
[2022-07-28 04:46:02,121] {logging_mixin.py:115} INFO - [2022-07-28 04:46:02,120] {dag.py:2972} INFO - Setting next_dagrun for example_branch_operator to 2022-07-27T00:00:00+00:00, run_after=2022-07-28T00:00:00+00:00
[2022-07-28 04:46:02,145] {processor.py:161} INFO - Processing /home/airflow/.local/lib/python3.7/site-packages/airflow/example_dags/example_branch_operator.py took 0.114 seconds
[2022-07-28 04:46:32,662] {processor.py:153} INFO - Started process (PID=24628) to work on /home/airflow/.local/lib/python3.7/site-packages/airflow/example_dags/example_branch_operator.py
[2022-07-28 04:46:32,663] {processor.py:641} INFO - Processing file /home/airflow/.local/lib/python3.7/site-packages/airflow/example_dags/example_branch_operator.py for tasks to queue
[2022-07-28 04:46:32,664] {logging_mixin.py:115} INFO - [2022-07-28 04:46:32,664] {dagbag.py:508} INFO - Filling up the DagBag from /home/airflow/.local/lib/python3.7/site-packages/airflow/example_dags/example_branch_operator.py
[2022-07-28 04:46:32,677] {processor.py:651} INFO - DAG(s) dict_keys(['example_branch_operator']) retrieved from /home/airflow/.local/lib/python3.7/site-packages/airflow/example_dags/example_branch_operator.py
[2022-07-28 04:46:32,713] {logging_mixin.py:115} INFO - [2022-07-28 04:46:32,713] {dag.py:2420} INFO - Sync 1 DAGs
[2022-07-28 04:46:32,746] {logging_mixin.py:115} INFO - [2022-07-28 04:46:32,746] {dag.py:2972} INFO - Setting next_dagrun for example_branch_operator to 2022-07-27T00:00:00+00:00, run_after=2022-07-28T00:00:00+00:00
[2022-07-28 04:46:32,771] {processor.py:161} INFO - Processing /home/airflow/.local/lib/python3.7/site-packages/airflow/example_dags/example_branch_operator.py took 0.112 seconds
[2022-07-28 04:47:03,346] {processor.py:153} INFO - Started process (PID=24831) to work on /home/airflow/.local/lib/python3.7/site-packages/airflow/example_dags/example_branch_operator.py
[2022-07-28 04:47:03,347] {processor.py:641} INFO - Processing file /home/airflow/.local/lib/python3.7/site-packages/airflow/example_dags/example_branch_operator.py for tasks to queue
[2022-07-28 04:47:03,348] {logging_mixin.py:115} INFO - [2022-07-28 04:47:03,348] {dagbag.py:508} INFO - Filling up the DagBag from /home/airflow/.local/lib/python3.7/site-packages/airflow/example_dags/example_branch_operator.py
[2022-07-28 04:47:03,361] {processor.py:651} INFO - DAG(s) dict_keys(['example_branch_operator']) retrieved from /home/airflow/.local/lib/python3.7/site-packages/airflow/example_dags/example_branch_operator.py
[2022-07-28 04:47:03,394] {logging_mixin.py:115} INFO - [2022-07-28 04:47:03,394] {dag.py:2420} INFO - Sync 1 DAGs
[2022-07-28 04:47:03,428] {logging_mixin.py:115} INFO - [2022-07-28 04:47:03,427] {dag.py:2972} INFO - Setting next_dagrun for example_branch_operator to 2022-07-27T00:00:00+00:00, run_after=2022-07-28T00:00:00+00:00
[2022-07-28 04:47:03,446] {processor.py:161} INFO - Processing /home/airflow/.local/lib/python3.7/site-packages/airflow/example_dags/example_branch_operator.py took 0.104 seconds
[2022-07-28 04:47:33,939] {processor.py:153} INFO - Started process (PID=25032) to work on /home/airflow/.local/lib/python3.7/site-packages/airflow/example_dags/example_branch_operator.py
[2022-07-28 04:47:33,940] {processor.py:641} INFO - Processing file /home/airflow/.local/lib/python3.7/site-packages/airflow/example_dags/example_branch_operator.py for tasks to queue
[2022-07-28 04:47:33,941] {logging_mixin.py:115} INFO - [2022-07-28 04:47:33,941] {dagbag.py:508} INFO - Filling up the DagBag from /home/airflow/.local/lib/python3.7/site-packages/airflow/example_dags/example_branch_operator.py
[2022-07-28 04:47:33,959] {processor.py:651} INFO - DAG(s) dict_keys(['example_branch_operator']) retrieved from /home/airflow/.local/lib/python3.7/site-packages/airflow/example_dags/example_branch_operator.py
[2022-07-28 04:47:33,996] {logging_mixin.py:115} INFO - [2022-07-28 04:47:33,996] {dag.py:2420} INFO - Sync 1 DAGs
[2022-07-28 04:47:34,031] {logging_mixin.py:115} INFO - [2022-07-28 04:47:34,031] {dag.py:2972} INFO - Setting next_dagrun for example_branch_operator to 2022-07-27T00:00:00+00:00, run_after=2022-07-28T00:00:00+00:00
[2022-07-28 04:47:34,052] {processor.py:161} INFO - Processing /home/airflow/.local/lib/python3.7/site-packages/airflow/example_dags/example_branch_operator.py took 0.118 seconds
[2022-07-28 04:48:04,235] {processor.py:153} INFO - Started process (PID=25228) to work on /home/airflow/.local/lib/python3.7/site-packages/airflow/example_dags/example_branch_operator.py
[2022-07-28 04:48:04,236] {processor.py:641} INFO - Processing file /home/airflow/.local/lib/python3.7/site-packages/airflow/example_dags/example_branch_operator.py for tasks to queue
[2022-07-28 04:48:04,237] {logging_mixin.py:115} INFO - [2022-07-28 04:48:04,237] {dagbag.py:508} INFO - Filling up the DagBag from /home/airflow/.local/lib/python3.7/site-packages/airflow/example_dags/example_branch_operator.py
[2022-07-28 04:48:04,250] {processor.py:651} INFO - DAG(s) dict_keys(['example_branch_operator']) retrieved from /home/airflow/.local/lib/python3.7/site-packages/airflow/example_dags/example_branch_operator.py
[2022-07-28 04:48:04,285] {logging_mixin.py:115} INFO - [2022-07-28 04:48:04,285] {dag.py:2420} INFO - Sync 1 DAGs
[2022-07-28 04:48:04,320] {logging_mixin.py:115} INFO - [2022-07-28 04:48:04,320] {dag.py:2972} INFO - Setting next_dagrun for example_branch_operator to 2022-07-27T00:00:00+00:00, run_after=2022-07-28T00:00:00+00:00
[2022-07-28 04:48:04,338] {processor.py:161} INFO - Processing /home/airflow/.local/lib/python3.7/site-packages/airflow/example_dags/example_branch_operator.py took 0.106 seconds
[2022-07-28 04:48:34,618] {processor.py:153} INFO - Started process (PID=25422) to work on /home/airflow/.local/lib/python3.7/site-packages/airflow/example_dags/example_branch_operator.py
[2022-07-28 04:48:34,619] {processor.py:641} INFO - Processing file /home/airflow/.local/lib/python3.7/site-packages/airflow/example_dags/example_branch_operator.py for tasks to queue
[2022-07-28 04:48:34,620] {logging_mixin.py:115} INFO - [2022-07-28 04:48:34,620] {dagbag.py:508} INFO - Filling up the DagBag from /home/airflow/.local/lib/python3.7/site-packages/airflow/example_dags/example_branch_operator.py
[2022-07-28 04:48:34,646] {processor.py:651} INFO - DAG(s) dict_keys(['example_branch_operator']) retrieved from /home/airflow/.local/lib/python3.7/site-packages/airflow/example_dags/example_branch_operator.py
[2022-07-28 04:48:34,691] {logging_mixin.py:115} INFO - [2022-07-28 04:48:34,691] {dag.py:2420} INFO - Sync 1 DAGs
[2022-07-28 04:48:34,730] {logging_mixin.py:115} INFO - [2022-07-28 04:48:34,729] {dag.py:2972} INFO - Setting next_dagrun for example_branch_operator to 2022-07-27T00:00:00+00:00, run_after=2022-07-28T00:00:00+00:00
[2022-07-28 04:48:34,752] {processor.py:161} INFO - Processing /home/airflow/.local/lib/python3.7/site-packages/airflow/example_dags/example_branch_operator.py took 0.139 seconds
[2022-07-28 04:49:04,826] {processor.py:153} INFO - Started process (PID=25622) to work on /home/airflow/.local/lib/python3.7/site-packages/airflow/example_dags/example_branch_operator.py
[2022-07-28 04:49:04,826] {processor.py:641} INFO - Processing file /home/airflow/.local/lib/python3.7/site-packages/airflow/example_dags/example_branch_operator.py for tasks to queue
[2022-07-28 04:49:04,827] {logging_mixin.py:115} INFO - [2022-07-28 04:49:04,827] {dagbag.py:508} INFO - Filling up the DagBag from /home/airflow/.local/lib/python3.7/site-packages/airflow/example_dags/example_branch_operator.py
[2022-07-28 04:49:04,836] {processor.py:651} INFO - DAG(s) dict_keys(['example_branch_operator']) retrieved from /home/airflow/.local/lib/python3.7/site-packages/airflow/example_dags/example_branch_operator.py
[2022-07-28 04:49:04,859] {logging_mixin.py:115} INFO - [2022-07-28 04:49:04,859] {dag.py:2420} INFO - Sync 1 DAGs
[2022-07-28 04:49:04,880] {logging_mixin.py:115} INFO - [2022-07-28 04:49:04,880] {dag.py:2972} INFO - Setting next_dagrun for example_branch_operator to 2022-07-27T00:00:00+00:00, run_after=2022-07-28T00:00:00+00:00
[2022-07-28 04:49:04,901] {processor.py:161} INFO - Processing /home/airflow/.local/lib/python3.7/site-packages/airflow/example_dags/example_branch_operator.py took 0.078 seconds
