[2022-07-28 04:33:13,631] {processor.py:153} INFO - Started process (PID=19402) to work on /home/airflow/.local/lib/python3.7/site-packages/airflow/example_dags/example_complex.py
[2022-07-28 04:33:13,632] {processor.py:641} INFO - Processing file /home/airflow/.local/lib/python3.7/site-packages/airflow/example_dags/example_complex.py for tasks to queue
[2022-07-28 04:33:13,634] {logging_mixin.py:115} INFO - [2022-07-28 04:33:13,634] {dagbag.py:508} INFO - Filling up the DagBag from /home/airflow/.local/lib/python3.7/site-packages/airflow/example_dags/example_complex.py
[2022-07-28 04:33:13,685] {processor.py:651} INFO - DAG(s) dict_keys(['example_complex']) retrieved from /home/airflow/.local/lib/python3.7/site-packages/airflow/example_dags/example_complex.py
[2022-07-28 04:33:13,758] {logging_mixin.py:115} INFO - [2022-07-28 04:33:13,757] {dag.py:2420} INFO - Sync 1 DAGs
[2022-07-28 04:33:13,820] {logging_mixin.py:115} INFO - [2022-07-28 04:33:13,820] {dag.py:2972} INFO - Setting next_dagrun for example_complex to None, run_after=None
[2022-07-28 04:33:13,870] {processor.py:161} INFO - Processing /home/airflow/.local/lib/python3.7/site-packages/airflow/example_dags/example_complex.py took 0.243 seconds
[2022-07-28 04:33:44,487] {processor.py:153} INFO - Started process (PID=19610) to work on /home/airflow/.local/lib/python3.7/site-packages/airflow/example_dags/example_complex.py
[2022-07-28 04:33:44,488] {processor.py:641} INFO - Processing file /home/airflow/.local/lib/python3.7/site-packages/airflow/example_dags/example_complex.py for tasks to queue
[2022-07-28 04:33:44,488] {logging_mixin.py:115} INFO - [2022-07-28 04:33:44,488] {dagbag.py:508} INFO - Filling up the DagBag from /home/airflow/.local/lib/python3.7/site-packages/airflow/example_dags/example_complex.py
[2022-07-28 04:33:44,503] {processor.py:651} INFO - DAG(s) dict_keys(['example_complex']) retrieved from /home/airflow/.local/lib/python3.7/site-packages/airflow/example_dags/example_complex.py
[2022-07-28 04:33:44,538] {logging_mixin.py:115} INFO - [2022-07-28 04:33:44,538] {dag.py:2420} INFO - Sync 1 DAGs
[2022-07-28 04:33:44,569] {logging_mixin.py:115} INFO - [2022-07-28 04:33:44,569] {dag.py:2972} INFO - Setting next_dagrun for example_complex to None, run_after=None
[2022-07-28 04:33:44,586] {processor.py:161} INFO - Processing /home/airflow/.local/lib/python3.7/site-packages/airflow/example_dags/example_complex.py took 0.103 seconds
[2022-07-28 04:34:14,814] {processor.py:153} INFO - Started process (PID=19816) to work on /home/airflow/.local/lib/python3.7/site-packages/airflow/example_dags/example_complex.py
[2022-07-28 04:34:14,815] {processor.py:641} INFO - Processing file /home/airflow/.local/lib/python3.7/site-packages/airflow/example_dags/example_complex.py for tasks to queue
[2022-07-28 04:34:14,815] {logging_mixin.py:115} INFO - [2022-07-28 04:34:14,815] {dagbag.py:508} INFO - Filling up the DagBag from /home/airflow/.local/lib/python3.7/site-packages/airflow/example_dags/example_complex.py
[2022-07-28 04:34:14,828] {processor.py:651} INFO - DAG(s) dict_keys(['example_complex']) retrieved from /home/airflow/.local/lib/python3.7/site-packages/airflow/example_dags/example_complex.py
[2022-07-28 04:34:14,862] {logging_mixin.py:115} INFO - [2022-07-28 04:34:14,862] {dag.py:2420} INFO - Sync 1 DAGs
[2022-07-28 04:34:14,888] {logging_mixin.py:115} INFO - [2022-07-28 04:34:14,888] {dag.py:2972} INFO - Setting next_dagrun for example_complex to None, run_after=None
[2022-07-28 04:34:14,902] {processor.py:161} INFO - Processing /home/airflow/.local/lib/python3.7/site-packages/airflow/example_dags/example_complex.py took 0.091 seconds
[2022-07-28 04:34:45,007] {processor.py:153} INFO - Started process (PID=20010) to work on /home/airflow/.local/lib/python3.7/site-packages/airflow/example_dags/example_complex.py
[2022-07-28 04:34:45,008] {processor.py:641} INFO - Processing file /home/airflow/.local/lib/python3.7/site-packages/airflow/example_dags/example_complex.py for tasks to queue
[2022-07-28 04:34:45,008] {logging_mixin.py:115} INFO - [2022-07-28 04:34:45,008] {dagbag.py:508} INFO - Filling up the DagBag from /home/airflow/.local/lib/python3.7/site-packages/airflow/example_dags/example_complex.py
[2022-07-28 04:34:45,023] {processor.py:651} INFO - DAG(s) dict_keys(['example_complex']) retrieved from /home/airflow/.local/lib/python3.7/site-packages/airflow/example_dags/example_complex.py
[2022-07-28 04:34:45,058] {logging_mixin.py:115} INFO - [2022-07-28 04:34:45,058] {dag.py:2420} INFO - Sync 1 DAGs
[2022-07-28 04:34:45,084] {logging_mixin.py:115} INFO - [2022-07-28 04:34:45,084] {dag.py:2972} INFO - Setting next_dagrun for example_complex to None, run_after=None
[2022-07-28 04:34:45,100] {processor.py:161} INFO - Processing /home/airflow/.local/lib/python3.7/site-packages/airflow/example_dags/example_complex.py took 0.096 seconds
[2022-07-28 04:35:15,862] {processor.py:153} INFO - Started process (PID=20213) to work on /home/airflow/.local/lib/python3.7/site-packages/airflow/example_dags/example_complex.py
[2022-07-28 04:35:15,863] {processor.py:641} INFO - Processing file /home/airflow/.local/lib/python3.7/site-packages/airflow/example_dags/example_complex.py for tasks to queue
[2022-07-28 04:35:15,864] {logging_mixin.py:115} INFO - [2022-07-28 04:35:15,864] {dagbag.py:508} INFO - Filling up the DagBag from /home/airflow/.local/lib/python3.7/site-packages/airflow/example_dags/example_complex.py
[2022-07-28 04:35:15,881] {processor.py:651} INFO - DAG(s) dict_keys(['example_complex']) retrieved from /home/airflow/.local/lib/python3.7/site-packages/airflow/example_dags/example_complex.py
[2022-07-28 04:35:15,923] {logging_mixin.py:115} INFO - [2022-07-28 04:35:15,923] {dag.py:2420} INFO - Sync 1 DAGs
[2022-07-28 04:35:15,953] {logging_mixin.py:115} INFO - [2022-07-28 04:35:15,953] {dag.py:2972} INFO - Setting next_dagrun for example_complex to None, run_after=None
[2022-07-28 04:35:15,969] {processor.py:161} INFO - Processing /home/airflow/.local/lib/python3.7/site-packages/airflow/example_dags/example_complex.py took 0.110 seconds
[2022-07-28 04:35:46,528] {processor.py:153} INFO - Started process (PID=20407) to work on /home/airflow/.local/lib/python3.7/site-packages/airflow/example_dags/example_complex.py
[2022-07-28 04:35:46,529] {processor.py:641} INFO - Processing file /home/airflow/.local/lib/python3.7/site-packages/airflow/example_dags/example_complex.py for tasks to queue
[2022-07-28 04:35:46,530] {logging_mixin.py:115} INFO - [2022-07-28 04:35:46,530] {dagbag.py:508} INFO - Filling up the DagBag from /home/airflow/.local/lib/python3.7/site-packages/airflow/example_dags/example_complex.py
[2022-07-28 04:35:46,549] {processor.py:651} INFO - DAG(s) dict_keys(['example_complex']) retrieved from /home/airflow/.local/lib/python3.7/site-packages/airflow/example_dags/example_complex.py
[2022-07-28 04:35:46,591] {logging_mixin.py:115} INFO - [2022-07-28 04:35:46,591] {dag.py:2420} INFO - Sync 1 DAGs
[2022-07-28 04:35:46,622] {logging_mixin.py:115} INFO - [2022-07-28 04:35:46,622] {dag.py:2972} INFO - Setting next_dagrun for example_complex to None, run_after=None
[2022-07-28 04:35:46,649] {processor.py:161} INFO - Processing /home/airflow/.local/lib/python3.7/site-packages/airflow/example_dags/example_complex.py took 0.124 seconds
[2022-07-28 04:36:17,515] {processor.py:153} INFO - Started process (PID=20610) to work on /home/airflow/.local/lib/python3.7/site-packages/airflow/example_dags/example_complex.py
[2022-07-28 04:36:17,516] {processor.py:641} INFO - Processing file /home/airflow/.local/lib/python3.7/site-packages/airflow/example_dags/example_complex.py for tasks to queue
[2022-07-28 04:36:17,517] {logging_mixin.py:115} INFO - [2022-07-28 04:36:17,517] {dagbag.py:508} INFO - Filling up the DagBag from /home/airflow/.local/lib/python3.7/site-packages/airflow/example_dags/example_complex.py
[2022-07-28 04:36:17,538] {processor.py:651} INFO - DAG(s) dict_keys(['example_complex']) retrieved from /home/airflow/.local/lib/python3.7/site-packages/airflow/example_dags/example_complex.py
[2022-07-28 04:36:17,574] {logging_mixin.py:115} INFO - [2022-07-28 04:36:17,574] {dag.py:2420} INFO - Sync 1 DAGs
[2022-07-28 04:36:17,603] {logging_mixin.py:115} INFO - [2022-07-28 04:36:17,603] {dag.py:2972} INFO - Setting next_dagrun for example_complex to None, run_after=None
[2022-07-28 04:36:17,626] {processor.py:161} INFO - Processing /home/airflow/.local/lib/python3.7/site-packages/airflow/example_dags/example_complex.py took 0.113 seconds
[2022-07-28 04:36:48,563] {processor.py:153} INFO - Started process (PID=20804) to work on /home/airflow/.local/lib/python3.7/site-packages/airflow/example_dags/example_complex.py
[2022-07-28 04:36:48,564] {processor.py:641} INFO - Processing file /home/airflow/.local/lib/python3.7/site-packages/airflow/example_dags/example_complex.py for tasks to queue
[2022-07-28 04:36:48,565] {logging_mixin.py:115} INFO - [2022-07-28 04:36:48,565] {dagbag.py:508} INFO - Filling up the DagBag from /home/airflow/.local/lib/python3.7/site-packages/airflow/example_dags/example_complex.py
[2022-07-28 04:36:48,586] {processor.py:651} INFO - DAG(s) dict_keys(['example_complex']) retrieved from /home/airflow/.local/lib/python3.7/site-packages/airflow/example_dags/example_complex.py
[2022-07-28 04:36:48,633] {logging_mixin.py:115} INFO - [2022-07-28 04:36:48,633] {dag.py:2420} INFO - Sync 1 DAGs
[2022-07-28 04:36:48,663] {logging_mixin.py:115} INFO - [2022-07-28 04:36:48,663] {dag.py:2972} INFO - Setting next_dagrun for example_complex to None, run_after=None
[2022-07-28 04:36:48,690] {processor.py:161} INFO - Processing /home/airflow/.local/lib/python3.7/site-packages/airflow/example_dags/example_complex.py took 0.131 seconds
[2022-07-28 04:37:18,814] {processor.py:153} INFO - Started process (PID=21006) to work on /home/airflow/.local/lib/python3.7/site-packages/airflow/example_dags/example_complex.py
[2022-07-28 04:37:18,815] {processor.py:641} INFO - Processing file /home/airflow/.local/lib/python3.7/site-packages/airflow/example_dags/example_complex.py for tasks to queue
[2022-07-28 04:37:18,816] {logging_mixin.py:115} INFO - [2022-07-28 04:37:18,816] {dagbag.py:508} INFO - Filling up the DagBag from /home/airflow/.local/lib/python3.7/site-packages/airflow/example_dags/example_complex.py
[2022-07-28 04:37:18,836] {processor.py:651} INFO - DAG(s) dict_keys(['example_complex']) retrieved from /home/airflow/.local/lib/python3.7/site-packages/airflow/example_dags/example_complex.py
[2022-07-28 04:37:18,877] {logging_mixin.py:115} INFO - [2022-07-28 04:37:18,877] {dag.py:2420} INFO - Sync 1 DAGs
[2022-07-28 04:37:18,906] {logging_mixin.py:115} INFO - [2022-07-28 04:37:18,906] {dag.py:2972} INFO - Setting next_dagrun for example_complex to None, run_after=None
[2022-07-28 04:37:18,933] {processor.py:161} INFO - Processing /home/airflow/.local/lib/python3.7/site-packages/airflow/example_dags/example_complex.py took 0.123 seconds
[2022-07-28 04:37:49,087] {processor.py:153} INFO - Started process (PID=21195) to work on /home/airflow/.local/lib/python3.7/site-packages/airflow/example_dags/example_complex.py
[2022-07-28 04:37:49,088] {processor.py:641} INFO - Processing file /home/airflow/.local/lib/python3.7/site-packages/airflow/example_dags/example_complex.py for tasks to queue
[2022-07-28 04:37:49,089] {logging_mixin.py:115} INFO - [2022-07-28 04:37:49,089] {dagbag.py:508} INFO - Filling up the DagBag from /home/airflow/.local/lib/python3.7/site-packages/airflow/example_dags/example_complex.py
[2022-07-28 04:37:49,104] {processor.py:651} INFO - DAG(s) dict_keys(['example_complex']) retrieved from /home/airflow/.local/lib/python3.7/site-packages/airflow/example_dags/example_complex.py
[2022-07-28 04:37:49,162] {logging_mixin.py:115} INFO - [2022-07-28 04:37:49,162] {dag.py:2420} INFO - Sync 1 DAGs
[2022-07-28 04:37:49,201] {logging_mixin.py:115} INFO - [2022-07-28 04:37:49,201] {dag.py:2972} INFO - Setting next_dagrun for example_complex to None, run_after=None
[2022-07-28 04:37:49,232] {processor.py:161} INFO - Processing /home/airflow/.local/lib/python3.7/site-packages/airflow/example_dags/example_complex.py took 0.149 seconds
[2022-07-28 04:38:19,502] {processor.py:153} INFO - Started process (PID=21398) to work on /home/airflow/.local/lib/python3.7/site-packages/airflow/example_dags/example_complex.py
[2022-07-28 04:38:19,503] {processor.py:641} INFO - Processing file /home/airflow/.local/lib/python3.7/site-packages/airflow/example_dags/example_complex.py for tasks to queue
[2022-07-28 04:38:19,504] {logging_mixin.py:115} INFO - [2022-07-28 04:38:19,504] {dagbag.py:508} INFO - Filling up the DagBag from /home/airflow/.local/lib/python3.7/site-packages/airflow/example_dags/example_complex.py
[2022-07-28 04:38:19,519] {processor.py:651} INFO - DAG(s) dict_keys(['example_complex']) retrieved from /home/airflow/.local/lib/python3.7/site-packages/airflow/example_dags/example_complex.py
[2022-07-28 04:38:19,562] {logging_mixin.py:115} INFO - [2022-07-28 04:38:19,562] {dag.py:2420} INFO - Sync 1 DAGs
[2022-07-28 04:38:19,595] {logging_mixin.py:115} INFO - [2022-07-28 04:38:19,594] {dag.py:2972} INFO - Setting next_dagrun for example_complex to None, run_after=None
[2022-07-28 04:38:19,612] {processor.py:161} INFO - Processing /home/airflow/.local/lib/python3.7/site-packages/airflow/example_dags/example_complex.py took 0.113 seconds
[2022-07-28 04:38:49,927] {processor.py:153} INFO - Started process (PID=21592) to work on /home/airflow/.local/lib/python3.7/site-packages/airflow/example_dags/example_complex.py
[2022-07-28 04:38:49,928] {processor.py:641} INFO - Processing file /home/airflow/.local/lib/python3.7/site-packages/airflow/example_dags/example_complex.py for tasks to queue
[2022-07-28 04:38:49,929] {logging_mixin.py:115} INFO - [2022-07-28 04:38:49,929] {dagbag.py:508} INFO - Filling up the DagBag from /home/airflow/.local/lib/python3.7/site-packages/airflow/example_dags/example_complex.py
[2022-07-28 04:38:49,945] {processor.py:651} INFO - DAG(s) dict_keys(['example_complex']) retrieved from /home/airflow/.local/lib/python3.7/site-packages/airflow/example_dags/example_complex.py
[2022-07-28 04:38:49,984] {logging_mixin.py:115} INFO - [2022-07-28 04:38:49,984] {dag.py:2420} INFO - Sync 1 DAGs
[2022-07-28 04:38:50,016] {logging_mixin.py:115} INFO - [2022-07-28 04:38:50,015] {dag.py:2972} INFO - Setting next_dagrun for example_complex to None, run_after=None
[2022-07-28 04:38:50,033] {processor.py:161} INFO - Processing /home/airflow/.local/lib/python3.7/site-packages/airflow/example_dags/example_complex.py took 0.109 seconds
[2022-07-28 04:39:20,728] {processor.py:153} INFO - Started process (PID=21795) to work on /home/airflow/.local/lib/python3.7/site-packages/airflow/example_dags/example_complex.py
[2022-07-28 04:39:20,729] {processor.py:641} INFO - Processing file /home/airflow/.local/lib/python3.7/site-packages/airflow/example_dags/example_complex.py for tasks to queue
[2022-07-28 04:39:20,730] {logging_mixin.py:115} INFO - [2022-07-28 04:39:20,730] {dagbag.py:508} INFO - Filling up the DagBag from /home/airflow/.local/lib/python3.7/site-packages/airflow/example_dags/example_complex.py
[2022-07-28 04:39:20,760] {processor.py:651} INFO - DAG(s) dict_keys(['example_complex']) retrieved from /home/airflow/.local/lib/python3.7/site-packages/airflow/example_dags/example_complex.py
[2022-07-28 04:39:20,795] {logging_mixin.py:115} INFO - [2022-07-28 04:39:20,795] {dag.py:2420} INFO - Sync 1 DAGs
[2022-07-28 04:39:20,822] {logging_mixin.py:115} INFO - [2022-07-28 04:39:20,822] {dag.py:2972} INFO - Setting next_dagrun for example_complex to None, run_after=None
[2022-07-28 04:39:20,837] {processor.py:161} INFO - Processing /home/airflow/.local/lib/python3.7/site-packages/airflow/example_dags/example_complex.py took 0.112 seconds
[2022-07-28 04:39:51,290] {processor.py:153} INFO - Started process (PID=21996) to work on /home/airflow/.local/lib/python3.7/site-packages/airflow/example_dags/example_complex.py
[2022-07-28 04:39:51,291] {processor.py:641} INFO - Processing file /home/airflow/.local/lib/python3.7/site-packages/airflow/example_dags/example_complex.py for tasks to queue
[2022-07-28 04:39:51,292] {logging_mixin.py:115} INFO - [2022-07-28 04:39:51,292] {dagbag.py:508} INFO - Filling up the DagBag from /home/airflow/.local/lib/python3.7/site-packages/airflow/example_dags/example_complex.py
[2022-07-28 04:39:51,309] {processor.py:651} INFO - DAG(s) dict_keys(['example_complex']) retrieved from /home/airflow/.local/lib/python3.7/site-packages/airflow/example_dags/example_complex.py
[2022-07-28 04:39:51,352] {logging_mixin.py:115} INFO - [2022-07-28 04:39:51,352] {dag.py:2420} INFO - Sync 1 DAGs
[2022-07-28 04:39:51,390] {logging_mixin.py:115} INFO - [2022-07-28 04:39:51,389] {dag.py:2972} INFO - Setting next_dagrun for example_complex to None, run_after=None
[2022-07-28 04:39:51,409] {processor.py:161} INFO - Processing /home/airflow/.local/lib/python3.7/site-packages/airflow/example_dags/example_complex.py took 0.123 seconds
[2022-07-28 04:40:22,300] {processor.py:153} INFO - Started process (PID=22193) to work on /home/airflow/.local/lib/python3.7/site-packages/airflow/example_dags/example_complex.py
[2022-07-28 04:40:22,301] {processor.py:641} INFO - Processing file /home/airflow/.local/lib/python3.7/site-packages/airflow/example_dags/example_complex.py for tasks to queue
[2022-07-28 04:40:22,302] {logging_mixin.py:115} INFO - [2022-07-28 04:40:22,301] {dagbag.py:508} INFO - Filling up the DagBag from /home/airflow/.local/lib/python3.7/site-packages/airflow/example_dags/example_complex.py
[2022-07-28 04:40:22,317] {processor.py:651} INFO - DAG(s) dict_keys(['example_complex']) retrieved from /home/airflow/.local/lib/python3.7/site-packages/airflow/example_dags/example_complex.py
[2022-07-28 04:40:22,359] {logging_mixin.py:115} INFO - [2022-07-28 04:40:22,358] {dag.py:2420} INFO - Sync 1 DAGs
[2022-07-28 04:40:22,391] {logging_mixin.py:115} INFO - [2022-07-28 04:40:22,391] {dag.py:2972} INFO - Setting next_dagrun for example_complex to None, run_after=None
[2022-07-28 04:40:22,408] {processor.py:161} INFO - Processing /home/airflow/.local/lib/python3.7/site-packages/airflow/example_dags/example_complex.py took 0.111 seconds
[2022-07-28 04:40:53,279] {processor.py:153} INFO - Started process (PID=22396) to work on /home/airflow/.local/lib/python3.7/site-packages/airflow/example_dags/example_complex.py
[2022-07-28 04:40:53,280] {processor.py:641} INFO - Processing file /home/airflow/.local/lib/python3.7/site-packages/airflow/example_dags/example_complex.py for tasks to queue
[2022-07-28 04:40:53,281] {logging_mixin.py:115} INFO - [2022-07-28 04:40:53,281] {dagbag.py:508} INFO - Filling up the DagBag from /home/airflow/.local/lib/python3.7/site-packages/airflow/example_dags/example_complex.py
[2022-07-28 04:40:53,303] {processor.py:651} INFO - DAG(s) dict_keys(['example_complex']) retrieved from /home/airflow/.local/lib/python3.7/site-packages/airflow/example_dags/example_complex.py
[2022-07-28 04:40:53,350] {logging_mixin.py:115} INFO - [2022-07-28 04:40:53,350] {dag.py:2420} INFO - Sync 1 DAGs
[2022-07-28 04:40:53,388] {logging_mixin.py:115} INFO - [2022-07-28 04:40:53,388] {dag.py:2972} INFO - Setting next_dagrun for example_complex to None, run_after=None
[2022-07-28 04:40:53,408] {processor.py:161} INFO - Processing /home/airflow/.local/lib/python3.7/site-packages/airflow/example_dags/example_complex.py took 0.134 seconds
[2022-07-28 04:41:23,521] {processor.py:153} INFO - Started process (PID=22590) to work on /home/airflow/.local/lib/python3.7/site-packages/airflow/example_dags/example_complex.py
[2022-07-28 04:41:23,522] {processor.py:641} INFO - Processing file /home/airflow/.local/lib/python3.7/site-packages/airflow/example_dags/example_complex.py for tasks to queue
[2022-07-28 04:41:23,523] {logging_mixin.py:115} INFO - [2022-07-28 04:41:23,523] {dagbag.py:508} INFO - Filling up the DagBag from /home/airflow/.local/lib/python3.7/site-packages/airflow/example_dags/example_complex.py
[2022-07-28 04:41:23,545] {processor.py:651} INFO - DAG(s) dict_keys(['example_complex']) retrieved from /home/airflow/.local/lib/python3.7/site-packages/airflow/example_dags/example_complex.py
[2022-07-28 04:41:23,583] {logging_mixin.py:115} INFO - [2022-07-28 04:41:23,583] {dag.py:2420} INFO - Sync 1 DAGs
[2022-07-28 04:41:23,613] {logging_mixin.py:115} INFO - [2022-07-28 04:41:23,613] {dag.py:2972} INFO - Setting next_dagrun for example_complex to None, run_after=None
[2022-07-28 04:41:23,631] {processor.py:161} INFO - Processing /home/airflow/.local/lib/python3.7/site-packages/airflow/example_dags/example_complex.py took 0.115 seconds
[2022-07-28 04:41:53,732] {processor.py:153} INFO - Started process (PID=22793) to work on /home/airflow/.local/lib/python3.7/site-packages/airflow/example_dags/example_complex.py
[2022-07-28 04:41:53,733] {processor.py:641} INFO - Processing file /home/airflow/.local/lib/python3.7/site-packages/airflow/example_dags/example_complex.py for tasks to queue
[2022-07-28 04:41:53,734] {logging_mixin.py:115} INFO - [2022-07-28 04:41:53,734] {dagbag.py:508} INFO - Filling up the DagBag from /home/airflow/.local/lib/python3.7/site-packages/airflow/example_dags/example_complex.py
[2022-07-28 04:41:53,753] {processor.py:651} INFO - DAG(s) dict_keys(['example_complex']) retrieved from /home/airflow/.local/lib/python3.7/site-packages/airflow/example_dags/example_complex.py
[2022-07-28 04:41:53,804] {logging_mixin.py:115} INFO - [2022-07-28 04:41:53,803] {dag.py:2420} INFO - Sync 1 DAGs
[2022-07-28 04:41:53,836] {logging_mixin.py:115} INFO - [2022-07-28 04:41:53,835] {dag.py:2972} INFO - Setting next_dagrun for example_complex to None, run_after=None
[2022-07-28 04:41:53,854] {processor.py:161} INFO - Processing /home/airflow/.local/lib/python3.7/site-packages/airflow/example_dags/example_complex.py took 0.126 seconds
[2022-07-28 04:42:23,950] {processor.py:153} INFO - Started process (PID=22985) to work on /home/airflow/.local/lib/python3.7/site-packages/airflow/example_dags/example_complex.py
[2022-07-28 04:42:23,951] {processor.py:641} INFO - Processing file /home/airflow/.local/lib/python3.7/site-packages/airflow/example_dags/example_complex.py for tasks to queue
[2022-07-28 04:42:23,952] {logging_mixin.py:115} INFO - [2022-07-28 04:42:23,952] {dagbag.py:508} INFO - Filling up the DagBag from /home/airflow/.local/lib/python3.7/site-packages/airflow/example_dags/example_complex.py
[2022-07-28 04:42:23,968] {processor.py:651} INFO - DAG(s) dict_keys(['example_complex']) retrieved from /home/airflow/.local/lib/python3.7/site-packages/airflow/example_dags/example_complex.py
[2022-07-28 04:42:24,008] {logging_mixin.py:115} INFO - [2022-07-28 04:42:24,008] {dag.py:2420} INFO - Sync 1 DAGs
[2022-07-28 04:42:24,037] {logging_mixin.py:115} INFO - [2022-07-28 04:42:24,037] {dag.py:2972} INFO - Setting next_dagrun for example_complex to None, run_after=None
[2022-07-28 04:42:24,056] {processor.py:161} INFO - Processing /home/airflow/.local/lib/python3.7/site-packages/airflow/example_dags/example_complex.py took 0.109 seconds
[2022-07-28 04:42:54,428] {processor.py:153} INFO - Started process (PID=23190) to work on /home/airflow/.local/lib/python3.7/site-packages/airflow/example_dags/example_complex.py
[2022-07-28 04:42:54,429] {processor.py:641} INFO - Processing file /home/airflow/.local/lib/python3.7/site-packages/airflow/example_dags/example_complex.py for tasks to queue
[2022-07-28 04:42:54,430] {logging_mixin.py:115} INFO - [2022-07-28 04:42:54,430] {dagbag.py:508} INFO - Filling up the DagBag from /home/airflow/.local/lib/python3.7/site-packages/airflow/example_dags/example_complex.py
[2022-07-28 04:42:54,451] {processor.py:651} INFO - DAG(s) dict_keys(['example_complex']) retrieved from /home/airflow/.local/lib/python3.7/site-packages/airflow/example_dags/example_complex.py
[2022-07-28 04:42:54,501] {logging_mixin.py:115} INFO - [2022-07-28 04:42:54,500] {dag.py:2420} INFO - Sync 1 DAGs
[2022-07-28 04:42:54,542] {logging_mixin.py:115} INFO - [2022-07-28 04:42:54,542] {dag.py:2972} INFO - Setting next_dagrun for example_complex to None, run_after=None
[2022-07-28 04:42:54,574] {processor.py:161} INFO - Processing /home/airflow/.local/lib/python3.7/site-packages/airflow/example_dags/example_complex.py took 0.150 seconds
[2022-07-28 04:43:24,720] {processor.py:153} INFO - Started process (PID=23384) to work on /home/airflow/.local/lib/python3.7/site-packages/airflow/example_dags/example_complex.py
[2022-07-28 04:43:24,721] {processor.py:641} INFO - Processing file /home/airflow/.local/lib/python3.7/site-packages/airflow/example_dags/example_complex.py for tasks to queue
[2022-07-28 04:43:24,722] {logging_mixin.py:115} INFO - [2022-07-28 04:43:24,722] {dagbag.py:508} INFO - Filling up the DagBag from /home/airflow/.local/lib/python3.7/site-packages/airflow/example_dags/example_complex.py
[2022-07-28 04:43:24,741] {processor.py:651} INFO - DAG(s) dict_keys(['example_complex']) retrieved from /home/airflow/.local/lib/python3.7/site-packages/airflow/example_dags/example_complex.py
[2022-07-28 04:43:24,783] {logging_mixin.py:115} INFO - [2022-07-28 04:43:24,782] {dag.py:2420} INFO - Sync 1 DAGs
[2022-07-28 04:43:24,811] {logging_mixin.py:115} INFO - [2022-07-28 04:43:24,811] {dag.py:2972} INFO - Setting next_dagrun for example_complex to None, run_after=None
[2022-07-28 04:43:24,829] {processor.py:161} INFO - Processing /home/airflow/.local/lib/python3.7/site-packages/airflow/example_dags/example_complex.py took 0.112 seconds
[2022-07-28 04:43:55,356] {processor.py:153} INFO - Started process (PID=23585) to work on /home/airflow/.local/lib/python3.7/site-packages/airflow/example_dags/example_complex.py
[2022-07-28 04:43:55,357] {processor.py:641} INFO - Processing file /home/airflow/.local/lib/python3.7/site-packages/airflow/example_dags/example_complex.py for tasks to queue
[2022-07-28 04:43:55,358] {logging_mixin.py:115} INFO - [2022-07-28 04:43:55,358] {dagbag.py:508} INFO - Filling up the DagBag from /home/airflow/.local/lib/python3.7/site-packages/airflow/example_dags/example_complex.py
[2022-07-28 04:43:55,374] {processor.py:651} INFO - DAG(s) dict_keys(['example_complex']) retrieved from /home/airflow/.local/lib/python3.7/site-packages/airflow/example_dags/example_complex.py
[2022-07-28 04:43:55,417] {logging_mixin.py:115} INFO - [2022-07-28 04:43:55,416] {dag.py:2420} INFO - Sync 1 DAGs
[2022-07-28 04:43:55,446] {logging_mixin.py:115} INFO - [2022-07-28 04:43:55,446] {dag.py:2972} INFO - Setting next_dagrun for example_complex to None, run_after=None
[2022-07-28 04:43:55,466] {processor.py:161} INFO - Processing /home/airflow/.local/lib/python3.7/site-packages/airflow/example_dags/example_complex.py took 0.113 seconds
[2022-07-28 04:44:26,351] {processor.py:153} INFO - Started process (PID=23784) to work on /home/airflow/.local/lib/python3.7/site-packages/airflow/example_dags/example_complex.py
[2022-07-28 04:44:26,352] {processor.py:641} INFO - Processing file /home/airflow/.local/lib/python3.7/site-packages/airflow/example_dags/example_complex.py for tasks to queue
[2022-07-28 04:44:26,352] {logging_mixin.py:115} INFO - [2022-07-28 04:44:26,352] {dagbag.py:508} INFO - Filling up the DagBag from /home/airflow/.local/lib/python3.7/site-packages/airflow/example_dags/example_complex.py
[2022-07-28 04:44:26,369] {processor.py:651} INFO - DAG(s) dict_keys(['example_complex']) retrieved from /home/airflow/.local/lib/python3.7/site-packages/airflow/example_dags/example_complex.py
[2022-07-28 04:44:26,406] {logging_mixin.py:115} INFO - [2022-07-28 04:44:26,406] {dag.py:2420} INFO - Sync 1 DAGs
[2022-07-28 04:44:26,436] {logging_mixin.py:115} INFO - [2022-07-28 04:44:26,436] {dag.py:2972} INFO - Setting next_dagrun for example_complex to None, run_after=None
[2022-07-28 04:44:26,451] {processor.py:161} INFO - Processing /home/airflow/.local/lib/python3.7/site-packages/airflow/example_dags/example_complex.py took 0.104 seconds
[2022-07-28 04:44:57,091] {processor.py:153} INFO - Started process (PID=23989) to work on /home/airflow/.local/lib/python3.7/site-packages/airflow/example_dags/example_complex.py
[2022-07-28 04:44:57,092] {processor.py:641} INFO - Processing file /home/airflow/.local/lib/python3.7/site-packages/airflow/example_dags/example_complex.py for tasks to queue
[2022-07-28 04:44:57,093] {logging_mixin.py:115} INFO - [2022-07-28 04:44:57,093] {dagbag.py:508} INFO - Filling up the DagBag from /home/airflow/.local/lib/python3.7/site-packages/airflow/example_dags/example_complex.py
[2022-07-28 04:44:57,111] {processor.py:651} INFO - DAG(s) dict_keys(['example_complex']) retrieved from /home/airflow/.local/lib/python3.7/site-packages/airflow/example_dags/example_complex.py
[2022-07-28 04:44:57,150] {logging_mixin.py:115} INFO - [2022-07-28 04:44:57,150] {dag.py:2420} INFO - Sync 1 DAGs
[2022-07-28 04:44:57,185] {logging_mixin.py:115} INFO - [2022-07-28 04:44:57,184] {dag.py:2972} INFO - Setting next_dagrun for example_complex to None, run_after=None
[2022-07-28 04:44:57,212] {processor.py:161} INFO - Processing /home/airflow/.local/lib/python3.7/site-packages/airflow/example_dags/example_complex.py took 0.124 seconds
[2022-07-28 04:45:27,549] {processor.py:153} INFO - Started process (PID=24181) to work on /home/airflow/.local/lib/python3.7/site-packages/airflow/example_dags/example_complex.py
[2022-07-28 04:45:27,550] {processor.py:641} INFO - Processing file /home/airflow/.local/lib/python3.7/site-packages/airflow/example_dags/example_complex.py for tasks to queue
[2022-07-28 04:45:27,551] {logging_mixin.py:115} INFO - [2022-07-28 04:45:27,551] {dagbag.py:508} INFO - Filling up the DagBag from /home/airflow/.local/lib/python3.7/site-packages/airflow/example_dags/example_complex.py
[2022-07-28 04:45:27,568] {processor.py:651} INFO - DAG(s) dict_keys(['example_complex']) retrieved from /home/airflow/.local/lib/python3.7/site-packages/airflow/example_dags/example_complex.py
[2022-07-28 04:45:27,613] {logging_mixin.py:115} INFO - [2022-07-28 04:45:27,613] {dag.py:2420} INFO - Sync 1 DAGs
[2022-07-28 04:45:27,641] {logging_mixin.py:115} INFO - [2022-07-28 04:45:27,641] {dag.py:2972} INFO - Setting next_dagrun for example_complex to None, run_after=None
[2022-07-28 04:45:27,659] {processor.py:161} INFO - Processing /home/airflow/.local/lib/python3.7/site-packages/airflow/example_dags/example_complex.py took 0.113 seconds
[2022-07-28 04:45:58,450] {processor.py:153} INFO - Started process (PID=24384) to work on /home/airflow/.local/lib/python3.7/site-packages/airflow/example_dags/example_complex.py
[2022-07-28 04:45:58,451] {processor.py:641} INFO - Processing file /home/airflow/.local/lib/python3.7/site-packages/airflow/example_dags/example_complex.py for tasks to queue
[2022-07-28 04:45:58,452] {logging_mixin.py:115} INFO - [2022-07-28 04:45:58,452] {dagbag.py:508} INFO - Filling up the DagBag from /home/airflow/.local/lib/python3.7/site-packages/airflow/example_dags/example_complex.py
[2022-07-28 04:45:58,468] {processor.py:651} INFO - DAG(s) dict_keys(['example_complex']) retrieved from /home/airflow/.local/lib/python3.7/site-packages/airflow/example_dags/example_complex.py
[2022-07-28 04:45:58,508] {logging_mixin.py:115} INFO - [2022-07-28 04:45:58,508] {dag.py:2420} INFO - Sync 1 DAGs
[2022-07-28 04:45:58,535] {logging_mixin.py:115} INFO - [2022-07-28 04:45:58,535] {dag.py:2972} INFO - Setting next_dagrun for example_complex to None, run_after=None
[2022-07-28 04:45:58,553] {processor.py:161} INFO - Processing /home/airflow/.local/lib/python3.7/site-packages/airflow/example_dags/example_complex.py took 0.107 seconds
[2022-07-28 04:46:29,095] {processor.py:153} INFO - Started process (PID=24578) to work on /home/airflow/.local/lib/python3.7/site-packages/airflow/example_dags/example_complex.py
[2022-07-28 04:46:29,096] {processor.py:641} INFO - Processing file /home/airflow/.local/lib/python3.7/site-packages/airflow/example_dags/example_complex.py for tasks to queue
[2022-07-28 04:46:29,097] {logging_mixin.py:115} INFO - [2022-07-28 04:46:29,097] {dagbag.py:508} INFO - Filling up the DagBag from /home/airflow/.local/lib/python3.7/site-packages/airflow/example_dags/example_complex.py
[2022-07-28 04:46:29,113] {processor.py:651} INFO - DAG(s) dict_keys(['example_complex']) retrieved from /home/airflow/.local/lib/python3.7/site-packages/airflow/example_dags/example_complex.py
[2022-07-28 04:46:29,165] {logging_mixin.py:115} INFO - [2022-07-28 04:46:29,164] {dag.py:2420} INFO - Sync 1 DAGs
[2022-07-28 04:46:29,205] {logging_mixin.py:115} INFO - [2022-07-28 04:46:29,205] {dag.py:2972} INFO - Setting next_dagrun for example_complex to None, run_after=None
[2022-07-28 04:46:29,226] {processor.py:161} INFO - Processing /home/airflow/.local/lib/python3.7/site-packages/airflow/example_dags/example_complex.py took 0.134 seconds
[2022-07-28 04:46:59,868] {processor.py:153} INFO - Started process (PID=24781) to work on /home/airflow/.local/lib/python3.7/site-packages/airflow/example_dags/example_complex.py
[2022-07-28 04:46:59,869] {processor.py:641} INFO - Processing file /home/airflow/.local/lib/python3.7/site-packages/airflow/example_dags/example_complex.py for tasks to queue
[2022-07-28 04:46:59,870] {logging_mixin.py:115} INFO - [2022-07-28 04:46:59,870] {dagbag.py:508} INFO - Filling up the DagBag from /home/airflow/.local/lib/python3.7/site-packages/airflow/example_dags/example_complex.py
[2022-07-28 04:46:59,891] {processor.py:651} INFO - DAG(s) dict_keys(['example_complex']) retrieved from /home/airflow/.local/lib/python3.7/site-packages/airflow/example_dags/example_complex.py
[2022-07-28 04:46:59,932] {logging_mixin.py:115} INFO - [2022-07-28 04:46:59,932] {dag.py:2420} INFO - Sync 1 DAGs
[2022-07-28 04:46:59,960] {logging_mixin.py:115} INFO - [2022-07-28 04:46:59,960] {dag.py:2972} INFO - Setting next_dagrun for example_complex to None, run_after=None
[2022-07-28 04:46:59,976] {processor.py:161} INFO - Processing /home/airflow/.local/lib/python3.7/site-packages/airflow/example_dags/example_complex.py took 0.112 seconds
[2022-07-28 04:47:30,396] {processor.py:153} INFO - Started process (PID=24977) to work on /home/airflow/.local/lib/python3.7/site-packages/airflow/example_dags/example_complex.py
[2022-07-28 04:47:30,397] {processor.py:641} INFO - Processing file /home/airflow/.local/lib/python3.7/site-packages/airflow/example_dags/example_complex.py for tasks to queue
[2022-07-28 04:47:30,398] {logging_mixin.py:115} INFO - [2022-07-28 04:47:30,398] {dagbag.py:508} INFO - Filling up the DagBag from /home/airflow/.local/lib/python3.7/site-packages/airflow/example_dags/example_complex.py
[2022-07-28 04:47:30,415] {processor.py:651} INFO - DAG(s) dict_keys(['example_complex']) retrieved from /home/airflow/.local/lib/python3.7/site-packages/airflow/example_dags/example_complex.py
[2022-07-28 04:47:30,452] {logging_mixin.py:115} INFO - [2022-07-28 04:47:30,452] {dag.py:2420} INFO - Sync 1 DAGs
[2022-07-28 04:47:30,477] {logging_mixin.py:115} INFO - [2022-07-28 04:47:30,477] {dag.py:2972} INFO - Setting next_dagrun for example_complex to None, run_after=None
[2022-07-28 04:47:30,493] {processor.py:161} INFO - Processing /home/airflow/.local/lib/python3.7/site-packages/airflow/example_dags/example_complex.py took 0.100 seconds
[2022-07-28 04:48:00,665] {processor.py:153} INFO - Started process (PID=25180) to work on /home/airflow/.local/lib/python3.7/site-packages/airflow/example_dags/example_complex.py
[2022-07-28 04:48:00,666] {processor.py:641} INFO - Processing file /home/airflow/.local/lib/python3.7/site-packages/airflow/example_dags/example_complex.py for tasks to queue
[2022-07-28 04:48:00,667] {logging_mixin.py:115} INFO - [2022-07-28 04:48:00,667] {dagbag.py:508} INFO - Filling up the DagBag from /home/airflow/.local/lib/python3.7/site-packages/airflow/example_dags/example_complex.py
[2022-07-28 04:48:00,685] {processor.py:651} INFO - DAG(s) dict_keys(['example_complex']) retrieved from /home/airflow/.local/lib/python3.7/site-packages/airflow/example_dags/example_complex.py
[2022-07-28 04:48:00,731] {logging_mixin.py:115} INFO - [2022-07-28 04:48:00,731] {dag.py:2420} INFO - Sync 1 DAGs
[2022-07-28 04:48:00,763] {logging_mixin.py:115} INFO - [2022-07-28 04:48:00,763] {dag.py:2972} INFO - Setting next_dagrun for example_complex to None, run_after=None
[2022-07-28 04:48:00,783] {processor.py:161} INFO - Processing /home/airflow/.local/lib/python3.7/site-packages/airflow/example_dags/example_complex.py took 0.120 seconds
[2022-07-28 04:48:31,113] {processor.py:153} INFO - Started process (PID=25374) to work on /home/airflow/.local/lib/python3.7/site-packages/airflow/example_dags/example_complex.py
[2022-07-28 04:48:31,114] {processor.py:641} INFO - Processing file /home/airflow/.local/lib/python3.7/site-packages/airflow/example_dags/example_complex.py for tasks to queue
[2022-07-28 04:48:31,115] {logging_mixin.py:115} INFO - [2022-07-28 04:48:31,115] {dagbag.py:508} INFO - Filling up the DagBag from /home/airflow/.local/lib/python3.7/site-packages/airflow/example_dags/example_complex.py
[2022-07-28 04:48:31,135] {processor.py:651} INFO - DAG(s) dict_keys(['example_complex']) retrieved from /home/airflow/.local/lib/python3.7/site-packages/airflow/example_dags/example_complex.py
[2022-07-28 04:48:31,177] {logging_mixin.py:115} INFO - [2022-07-28 04:48:31,177] {dag.py:2420} INFO - Sync 1 DAGs
[2022-07-28 04:48:31,211] {logging_mixin.py:115} INFO - [2022-07-28 04:48:31,211] {dag.py:2972} INFO - Setting next_dagrun for example_complex to None, run_after=None
[2022-07-28 04:48:31,230] {processor.py:161} INFO - Processing /home/airflow/.local/lib/python3.7/site-packages/airflow/example_dags/example_complex.py took 0.120 seconds
[2022-07-28 04:49:01,334] {processor.py:153} INFO - Started process (PID=25577) to work on /home/airflow/.local/lib/python3.7/site-packages/airflow/example_dags/example_complex.py
[2022-07-28 04:49:01,336] {processor.py:641} INFO - Processing file /home/airflow/.local/lib/python3.7/site-packages/airflow/example_dags/example_complex.py for tasks to queue
[2022-07-28 04:49:01,337] {logging_mixin.py:115} INFO - [2022-07-28 04:49:01,337] {dagbag.py:508} INFO - Filling up the DagBag from /home/airflow/.local/lib/python3.7/site-packages/airflow/example_dags/example_complex.py
[2022-07-28 04:49:01,365] {processor.py:651} INFO - DAG(s) dict_keys(['example_complex']) retrieved from /home/airflow/.local/lib/python3.7/site-packages/airflow/example_dags/example_complex.py
[2022-07-28 04:49:01,415] {logging_mixin.py:115} INFO - [2022-07-28 04:49:01,414] {dag.py:2420} INFO - Sync 1 DAGs
[2022-07-28 04:49:01,451] {logging_mixin.py:115} INFO - [2022-07-28 04:49:01,451] {dag.py:2972} INFO - Setting next_dagrun for example_complex to None, run_after=None
[2022-07-28 04:49:01,479] {processor.py:161} INFO - Processing /home/airflow/.local/lib/python3.7/site-packages/airflow/example_dags/example_complex.py took 0.151 seconds
