[2022-07-28 04:33:14,545] {processor.py:153} INFO - Started process (PID=19432) to work on /home/airflow/.local/lib/python3.7/site-packages/airflow/example_dags/example_latest_only.py
[2022-07-28 04:33:14,546] {processor.py:641} INFO - Processing file /home/airflow/.local/lib/python3.7/site-packages/airflow/example_dags/example_latest_only.py for tasks to queue
[2022-07-28 04:33:14,548] {logging_mixin.py:115} INFO - [2022-07-28 04:33:14,548] {dagbag.py:508} INFO - Filling up the DagBag from /home/airflow/.local/lib/python3.7/site-packages/airflow/example_dags/example_latest_only.py
[2022-07-28 04:33:14,558] {processor.py:651} INFO - DAG(s) dict_keys(['latest_only']) retrieved from /home/airflow/.local/lib/python3.7/site-packages/airflow/example_dags/example_latest_only.py
[2022-07-28 04:33:14,701] {logging_mixin.py:115} INFO - [2022-07-28 04:33:14,701] {dag.py:2420} INFO - Sync 1 DAGs
[2022-07-28 04:33:14,762] {logging_mixin.py:115} INFO - [2022-07-28 04:33:14,762] {dag.py:2972} INFO - Setting next_dagrun for latest_only to 2022-07-28T00:33:14.761836+00:00, run_after=2022-07-28T04:33:14.761836+00:00
[2022-07-28 04:33:14,811] {processor.py:161} INFO - Processing /home/airflow/.local/lib/python3.7/site-packages/airflow/example_dags/example_latest_only.py took 0.272 seconds
[2022-07-28 04:33:44,909] {processor.py:153} INFO - Started process (PID=19642) to work on /home/airflow/.local/lib/python3.7/site-packages/airflow/example_dags/example_latest_only.py
[2022-07-28 04:33:44,910] {processor.py:641} INFO - Processing file /home/airflow/.local/lib/python3.7/site-packages/airflow/example_dags/example_latest_only.py for tasks to queue
[2022-07-28 04:33:44,911] {logging_mixin.py:115} INFO - [2022-07-28 04:33:44,911] {dagbag.py:508} INFO - Filling up the DagBag from /home/airflow/.local/lib/python3.7/site-packages/airflow/example_dags/example_latest_only.py
[2022-07-28 04:33:44,916] {processor.py:651} INFO - DAG(s) dict_keys(['latest_only']) retrieved from /home/airflow/.local/lib/python3.7/site-packages/airflow/example_dags/example_latest_only.py
[2022-07-28 04:33:44,941] {logging_mixin.py:115} INFO - [2022-07-28 04:33:44,941] {dag.py:2420} INFO - Sync 1 DAGs
[2022-07-28 04:33:44,964] {logging_mixin.py:115} INFO - [2022-07-28 04:33:44,963] {dag.py:2972} INFO - Setting next_dagrun for latest_only to 2022-07-28T00:33:44.963638+00:00, run_after=2022-07-28T04:33:44.963638+00:00
[2022-07-28 04:33:44,977] {processor.py:161} INFO - Processing /home/airflow/.local/lib/python3.7/site-packages/airflow/example_dags/example_latest_only.py took 0.071 seconds
[2022-07-28 04:34:15,230] {processor.py:153} INFO - Started process (PID=19848) to work on /home/airflow/.local/lib/python3.7/site-packages/airflow/example_dags/example_latest_only.py
[2022-07-28 04:34:15,230] {processor.py:641} INFO - Processing file /home/airflow/.local/lib/python3.7/site-packages/airflow/example_dags/example_latest_only.py for tasks to queue
[2022-07-28 04:34:15,231] {logging_mixin.py:115} INFO - [2022-07-28 04:34:15,231] {dagbag.py:508} INFO - Filling up the DagBag from /home/airflow/.local/lib/python3.7/site-packages/airflow/example_dags/example_latest_only.py
[2022-07-28 04:34:15,236] {processor.py:651} INFO - DAG(s) dict_keys(['latest_only']) retrieved from /home/airflow/.local/lib/python3.7/site-packages/airflow/example_dags/example_latest_only.py
[2022-07-28 04:34:15,262] {logging_mixin.py:115} INFO - [2022-07-28 04:34:15,262] {dag.py:2420} INFO - Sync 1 DAGs
[2022-07-28 04:34:15,283] {logging_mixin.py:115} INFO - [2022-07-28 04:34:15,283] {dag.py:2972} INFO - Setting next_dagrun for latest_only to 2022-07-28T00:34:15.283604+00:00, run_after=2022-07-28T04:34:15.283604+00:00
[2022-07-28 04:34:15,296] {processor.py:161} INFO - Processing /home/airflow/.local/lib/python3.7/site-packages/airflow/example_dags/example_latest_only.py took 0.070 seconds
[2022-07-28 04:34:45,486] {processor.py:153} INFO - Started process (PID=20042) to work on /home/airflow/.local/lib/python3.7/site-packages/airflow/example_dags/example_latest_only.py
[2022-07-28 04:34:45,487] {processor.py:641} INFO - Processing file /home/airflow/.local/lib/python3.7/site-packages/airflow/example_dags/example_latest_only.py for tasks to queue
[2022-07-28 04:34:45,488] {logging_mixin.py:115} INFO - [2022-07-28 04:34:45,488] {dagbag.py:508} INFO - Filling up the DagBag from /home/airflow/.local/lib/python3.7/site-packages/airflow/example_dags/example_latest_only.py
[2022-07-28 04:34:45,497] {processor.py:651} INFO - DAG(s) dict_keys(['latest_only']) retrieved from /home/airflow/.local/lib/python3.7/site-packages/airflow/example_dags/example_latest_only.py
[2022-07-28 04:34:45,545] {logging_mixin.py:115} INFO - [2022-07-28 04:34:45,545] {dag.py:2420} INFO - Sync 1 DAGs
[2022-07-28 04:34:45,575] {logging_mixin.py:115} INFO - [2022-07-28 04:34:45,575] {dag.py:2972} INFO - Setting next_dagrun for latest_only to 2022-07-28T00:34:45.575439+00:00, run_after=2022-07-28T04:34:45.575439+00:00
[2022-07-28 04:34:45,591] {processor.py:161} INFO - Processing /home/airflow/.local/lib/python3.7/site-packages/airflow/example_dags/example_latest_only.py took 0.108 seconds
[2022-07-28 04:35:16,370] {processor.py:153} INFO - Started process (PID=20245) to work on /home/airflow/.local/lib/python3.7/site-packages/airflow/example_dags/example_latest_only.py
[2022-07-28 04:35:16,371] {processor.py:641} INFO - Processing file /home/airflow/.local/lib/python3.7/site-packages/airflow/example_dags/example_latest_only.py for tasks to queue
[2022-07-28 04:35:16,372] {logging_mixin.py:115} INFO - [2022-07-28 04:35:16,371] {dagbag.py:508} INFO - Filling up the DagBag from /home/airflow/.local/lib/python3.7/site-packages/airflow/example_dags/example_latest_only.py
[2022-07-28 04:35:16,377] {processor.py:651} INFO - DAG(s) dict_keys(['latest_only']) retrieved from /home/airflow/.local/lib/python3.7/site-packages/airflow/example_dags/example_latest_only.py
[2022-07-28 04:35:16,412] {logging_mixin.py:115} INFO - [2022-07-28 04:35:16,412] {dag.py:2420} INFO - Sync 1 DAGs
[2022-07-28 04:35:16,442] {logging_mixin.py:115} INFO - [2022-07-28 04:35:16,442] {dag.py:2972} INFO - Setting next_dagrun for latest_only to 2022-07-28T00:35:16.442372+00:00, run_after=2022-07-28T04:35:16.442372+00:00
[2022-07-28 04:35:16,459] {processor.py:161} INFO - Processing /home/airflow/.local/lib/python3.7/site-packages/airflow/example_dags/example_latest_only.py took 0.093 seconds
[2022-07-28 04:35:47,036] {processor.py:153} INFO - Started process (PID=20437) to work on /home/airflow/.local/lib/python3.7/site-packages/airflow/example_dags/example_latest_only.py
[2022-07-28 04:35:47,037] {processor.py:641} INFO - Processing file /home/airflow/.local/lib/python3.7/site-packages/airflow/example_dags/example_latest_only.py for tasks to queue
[2022-07-28 04:35:47,038] {logging_mixin.py:115} INFO - [2022-07-28 04:35:47,038] {dagbag.py:508} INFO - Filling up the DagBag from /home/airflow/.local/lib/python3.7/site-packages/airflow/example_dags/example_latest_only.py
[2022-07-28 04:35:47,043] {processor.py:651} INFO - DAG(s) dict_keys(['latest_only']) retrieved from /home/airflow/.local/lib/python3.7/site-packages/airflow/example_dags/example_latest_only.py
[2022-07-28 04:35:47,072] {logging_mixin.py:115} INFO - [2022-07-28 04:35:47,072] {dag.py:2420} INFO - Sync 1 DAGs
[2022-07-28 04:35:47,101] {logging_mixin.py:115} INFO - [2022-07-28 04:35:47,101] {dag.py:2972} INFO - Setting next_dagrun for latest_only to 2022-07-28T00:35:47.101347+00:00, run_after=2022-07-28T04:35:47.101347+00:00
[2022-07-28 04:35:47,116] {processor.py:161} INFO - Processing /home/airflow/.local/lib/python3.7/site-packages/airflow/example_dags/example_latest_only.py took 0.083 seconds
[2022-07-28 04:36:17,955] {processor.py:153} INFO - Started process (PID=20640) to work on /home/airflow/.local/lib/python3.7/site-packages/airflow/example_dags/example_latest_only.py
[2022-07-28 04:36:17,955] {processor.py:641} INFO - Processing file /home/airflow/.local/lib/python3.7/site-packages/airflow/example_dags/example_latest_only.py for tasks to queue
[2022-07-28 04:36:17,956] {logging_mixin.py:115} INFO - [2022-07-28 04:36:17,956] {dagbag.py:508} INFO - Filling up the DagBag from /home/airflow/.local/lib/python3.7/site-packages/airflow/example_dags/example_latest_only.py
[2022-07-28 04:36:17,961] {processor.py:651} INFO - DAG(s) dict_keys(['latest_only']) retrieved from /home/airflow/.local/lib/python3.7/site-packages/airflow/example_dags/example_latest_only.py
[2022-07-28 04:36:17,988] {logging_mixin.py:115} INFO - [2022-07-28 04:36:17,988] {dag.py:2420} INFO - Sync 1 DAGs
[2022-07-28 04:36:18,012] {logging_mixin.py:115} INFO - [2022-07-28 04:36:18,012] {dag.py:2972} INFO - Setting next_dagrun for latest_only to 2022-07-28T00:36:18.011858+00:00, run_after=2022-07-28T04:36:18.011858+00:00
[2022-07-28 04:36:18,026] {processor.py:161} INFO - Processing /home/airflow/.local/lib/python3.7/site-packages/airflow/example_dags/example_latest_only.py took 0.074 seconds
[2022-07-28 04:36:49,090] {processor.py:153} INFO - Started process (PID=20834) to work on /home/airflow/.local/lib/python3.7/site-packages/airflow/example_dags/example_latest_only.py
[2022-07-28 04:36:49,091] {processor.py:641} INFO - Processing file /home/airflow/.local/lib/python3.7/site-packages/airflow/example_dags/example_latest_only.py for tasks to queue
[2022-07-28 04:36:49,092] {logging_mixin.py:115} INFO - [2022-07-28 04:36:49,092] {dagbag.py:508} INFO - Filling up the DagBag from /home/airflow/.local/lib/python3.7/site-packages/airflow/example_dags/example_latest_only.py
[2022-07-28 04:36:49,097] {processor.py:651} INFO - DAG(s) dict_keys(['latest_only']) retrieved from /home/airflow/.local/lib/python3.7/site-packages/airflow/example_dags/example_latest_only.py
[2022-07-28 04:36:49,138] {logging_mixin.py:115} INFO - [2022-07-28 04:36:49,138] {dag.py:2420} INFO - Sync 1 DAGs
[2022-07-28 04:36:49,191] {logging_mixin.py:115} INFO - [2022-07-28 04:36:49,190] {dag.py:2972} INFO - Setting next_dagrun for latest_only to 2022-07-28T00:36:49.190416+00:00, run_after=2022-07-28T04:36:49.190416+00:00
[2022-07-28 04:36:49,214] {processor.py:161} INFO - Processing /home/airflow/.local/lib/python3.7/site-packages/airflow/example_dags/example_latest_only.py took 0.128 seconds
[2022-07-28 04:37:19,636] {processor.py:153} INFO - Started process (PID=21037) to work on /home/airflow/.local/lib/python3.7/site-packages/airflow/example_dags/example_latest_only.py
[2022-07-28 04:37:19,636] {processor.py:641} INFO - Processing file /home/airflow/.local/lib/python3.7/site-packages/airflow/example_dags/example_latest_only.py for tasks to queue
[2022-07-28 04:37:19,637] {logging_mixin.py:115} INFO - [2022-07-28 04:37:19,637] {dagbag.py:508} INFO - Filling up the DagBag from /home/airflow/.local/lib/python3.7/site-packages/airflow/example_dags/example_latest_only.py
[2022-07-28 04:37:19,643] {processor.py:651} INFO - DAG(s) dict_keys(['latest_only']) retrieved from /home/airflow/.local/lib/python3.7/site-packages/airflow/example_dags/example_latest_only.py
[2022-07-28 04:37:19,681] {logging_mixin.py:115} INFO - [2022-07-28 04:37:19,681] {dag.py:2420} INFO - Sync 1 DAGs
[2022-07-28 04:37:19,714] {logging_mixin.py:115} INFO - [2022-07-28 04:37:19,713] {dag.py:2972} INFO - Setting next_dagrun for latest_only to 2022-07-28T00:37:19.713240+00:00, run_after=2022-07-28T04:37:19.713240+00:00
[2022-07-28 04:37:19,734] {processor.py:161} INFO - Processing /home/airflow/.local/lib/python3.7/site-packages/airflow/example_dags/example_latest_only.py took 0.102 seconds
[2022-07-28 04:37:50,832] {processor.py:153} INFO - Started process (PID=21240) to work on /home/airflow/.local/lib/python3.7/site-packages/airflow/example_dags/example_latest_only.py
[2022-07-28 04:37:50,833] {processor.py:641} INFO - Processing file /home/airflow/.local/lib/python3.7/site-packages/airflow/example_dags/example_latest_only.py for tasks to queue
[2022-07-28 04:37:50,834] {logging_mixin.py:115} INFO - [2022-07-28 04:37:50,834] {dagbag.py:508} INFO - Filling up the DagBag from /home/airflow/.local/lib/python3.7/site-packages/airflow/example_dags/example_latest_only.py
[2022-07-28 04:37:50,841] {processor.py:651} INFO - DAG(s) dict_keys(['latest_only']) retrieved from /home/airflow/.local/lib/python3.7/site-packages/airflow/example_dags/example_latest_only.py
[2022-07-28 04:37:50,878] {logging_mixin.py:115} INFO - [2022-07-28 04:37:50,878] {dag.py:2420} INFO - Sync 1 DAGs
[2022-07-28 04:37:50,919] {logging_mixin.py:115} INFO - [2022-07-28 04:37:50,919] {dag.py:2972} INFO - Setting next_dagrun for latest_only to 2022-07-28T00:37:50.918958+00:00, run_after=2022-07-28T04:37:50.918958+00:00
[2022-07-28 04:37:50,944] {processor.py:161} INFO - Processing /home/airflow/.local/lib/python3.7/site-packages/airflow/example_dags/example_latest_only.py took 0.117 seconds
[2022-07-28 04:38:21,011] {processor.py:153} INFO - Started process (PID=21430) to work on /home/airflow/.local/lib/python3.7/site-packages/airflow/example_dags/example_latest_only.py
[2022-07-28 04:38:21,012] {processor.py:641} INFO - Processing file /home/airflow/.local/lib/python3.7/site-packages/airflow/example_dags/example_latest_only.py for tasks to queue
[2022-07-28 04:38:21,013] {logging_mixin.py:115} INFO - [2022-07-28 04:38:21,013] {dagbag.py:508} INFO - Filling up the DagBag from /home/airflow/.local/lib/python3.7/site-packages/airflow/example_dags/example_latest_only.py
[2022-07-28 04:38:21,020] {processor.py:651} INFO - DAG(s) dict_keys(['latest_only']) retrieved from /home/airflow/.local/lib/python3.7/site-packages/airflow/example_dags/example_latest_only.py
[2022-07-28 04:38:21,051] {logging_mixin.py:115} INFO - [2022-07-28 04:38:21,051] {dag.py:2420} INFO - Sync 1 DAGs
[2022-07-28 04:38:21,078] {logging_mixin.py:115} INFO - [2022-07-28 04:38:21,078] {dag.py:2972} INFO - Setting next_dagrun for latest_only to 2022-07-28T00:38:21.078032+00:00, run_after=2022-07-28T04:38:21.078032+00:00
[2022-07-28 04:38:21,096] {processor.py:161} INFO - Processing /home/airflow/.local/lib/python3.7/site-packages/airflow/example_dags/example_latest_only.py took 0.089 seconds
[2022-07-28 04:38:51,341] {processor.py:153} INFO - Started process (PID=21631) to work on /home/airflow/.local/lib/python3.7/site-packages/airflow/example_dags/example_latest_only.py
[2022-07-28 04:38:51,342] {processor.py:641} INFO - Processing file /home/airflow/.local/lib/python3.7/site-packages/airflow/example_dags/example_latest_only.py for tasks to queue
[2022-07-28 04:38:51,343] {logging_mixin.py:115} INFO - [2022-07-28 04:38:51,343] {dagbag.py:508} INFO - Filling up the DagBag from /home/airflow/.local/lib/python3.7/site-packages/airflow/example_dags/example_latest_only.py
[2022-07-28 04:38:51,349] {processor.py:651} INFO - DAG(s) dict_keys(['latest_only']) retrieved from /home/airflow/.local/lib/python3.7/site-packages/airflow/example_dags/example_latest_only.py
[2022-07-28 04:38:51,384] {logging_mixin.py:115} INFO - [2022-07-28 04:38:51,384] {dag.py:2420} INFO - Sync 1 DAGs
[2022-07-28 04:38:51,429] {logging_mixin.py:115} INFO - [2022-07-28 04:38:51,428] {dag.py:2972} INFO - Setting next_dagrun for latest_only to 2022-07-28T00:38:51.428549+00:00, run_after=2022-07-28T04:38:51.428549+00:00
[2022-07-28 04:38:51,456] {processor.py:161} INFO - Processing /home/airflow/.local/lib/python3.7/site-packages/airflow/example_dags/example_latest_only.py took 0.120 seconds
[2022-07-28 04:39:22,052] {processor.py:153} INFO - Started process (PID=21825) to work on /home/airflow/.local/lib/python3.7/site-packages/airflow/example_dags/example_latest_only.py
[2022-07-28 04:39:22,053] {processor.py:641} INFO - Processing file /home/airflow/.local/lib/python3.7/site-packages/airflow/example_dags/example_latest_only.py for tasks to queue
[2022-07-28 04:39:22,053] {logging_mixin.py:115} INFO - [2022-07-28 04:39:22,053] {dagbag.py:508} INFO - Filling up the DagBag from /home/airflow/.local/lib/python3.7/site-packages/airflow/example_dags/example_latest_only.py
[2022-07-28 04:39:22,058] {processor.py:651} INFO - DAG(s) dict_keys(['latest_only']) retrieved from /home/airflow/.local/lib/python3.7/site-packages/airflow/example_dags/example_latest_only.py
[2022-07-28 04:39:22,082] {logging_mixin.py:115} INFO - [2022-07-28 04:39:22,082] {dag.py:2420} INFO - Sync 1 DAGs
[2022-07-28 04:39:22,102] {logging_mixin.py:115} INFO - [2022-07-28 04:39:22,102] {dag.py:2972} INFO - Setting next_dagrun for latest_only to 2022-07-28T00:39:22.102414+00:00, run_after=2022-07-28T04:39:22.102414+00:00
[2022-07-28 04:39:22,115] {processor.py:161} INFO - Processing /home/airflow/.local/lib/python3.7/site-packages/airflow/example_dags/example_latest_only.py took 0.065 seconds
[2022-07-28 04:39:52,781] {processor.py:153} INFO - Started process (PID=22028) to work on /home/airflow/.local/lib/python3.7/site-packages/airflow/example_dags/example_latest_only.py
[2022-07-28 04:39:52,782] {processor.py:641} INFO - Processing file /home/airflow/.local/lib/python3.7/site-packages/airflow/example_dags/example_latest_only.py for tasks to queue
[2022-07-28 04:39:52,783] {logging_mixin.py:115} INFO - [2022-07-28 04:39:52,783] {dagbag.py:508} INFO - Filling up the DagBag from /home/airflow/.local/lib/python3.7/site-packages/airflow/example_dags/example_latest_only.py
[2022-07-28 04:39:52,795] {processor.py:651} INFO - DAG(s) dict_keys(['latest_only']) retrieved from /home/airflow/.local/lib/python3.7/site-packages/airflow/example_dags/example_latest_only.py
[2022-07-28 04:39:52,831] {logging_mixin.py:115} INFO - [2022-07-28 04:39:52,831] {dag.py:2420} INFO - Sync 1 DAGs
[2022-07-28 04:39:52,866] {logging_mixin.py:115} INFO - [2022-07-28 04:39:52,866] {dag.py:2972} INFO - Setting next_dagrun for latest_only to 2022-07-28T00:39:52.865760+00:00, run_after=2022-07-28T04:39:52.865760+00:00
[2022-07-28 04:39:52,890] {processor.py:161} INFO - Processing /home/airflow/.local/lib/python3.7/site-packages/airflow/example_dags/example_latest_only.py took 0.114 seconds
[2022-07-28 04:40:23,909] {processor.py:153} INFO - Started process (PID=22225) to work on /home/airflow/.local/lib/python3.7/site-packages/airflow/example_dags/example_latest_only.py
[2022-07-28 04:40:23,910] {processor.py:641} INFO - Processing file /home/airflow/.local/lib/python3.7/site-packages/airflow/example_dags/example_latest_only.py for tasks to queue
[2022-07-28 04:40:23,911] {logging_mixin.py:115} INFO - [2022-07-28 04:40:23,911] {dagbag.py:508} INFO - Filling up the DagBag from /home/airflow/.local/lib/python3.7/site-packages/airflow/example_dags/example_latest_only.py
[2022-07-28 04:40:23,918] {processor.py:651} INFO - DAG(s) dict_keys(['latest_only']) retrieved from /home/airflow/.local/lib/python3.7/site-packages/airflow/example_dags/example_latest_only.py
[2022-07-28 04:40:23,953] {logging_mixin.py:115} INFO - [2022-07-28 04:40:23,952] {dag.py:2420} INFO - Sync 1 DAGs
[2022-07-28 04:40:23,983] {logging_mixin.py:115} INFO - [2022-07-28 04:40:23,983] {dag.py:2972} INFO - Setting next_dagrun for latest_only to 2022-07-28T00:40:23.982713+00:00, run_after=2022-07-28T04:40:23.982713+00:00
[2022-07-28 04:40:24,011] {processor.py:161} INFO - Processing /home/airflow/.local/lib/python3.7/site-packages/airflow/example_dags/example_latest_only.py took 0.105 seconds
[2022-07-28 04:40:54,779] {processor.py:153} INFO - Started process (PID=22428) to work on /home/airflow/.local/lib/python3.7/site-packages/airflow/example_dags/example_latest_only.py
[2022-07-28 04:40:54,780] {processor.py:641} INFO - Processing file /home/airflow/.local/lib/python3.7/site-packages/airflow/example_dags/example_latest_only.py for tasks to queue
[2022-07-28 04:40:54,781] {logging_mixin.py:115} INFO - [2022-07-28 04:40:54,781] {dagbag.py:508} INFO - Filling up the DagBag from /home/airflow/.local/lib/python3.7/site-packages/airflow/example_dags/example_latest_only.py
[2022-07-28 04:40:54,788] {processor.py:651} INFO - DAG(s) dict_keys(['latest_only']) retrieved from /home/airflow/.local/lib/python3.7/site-packages/airflow/example_dags/example_latest_only.py
[2022-07-28 04:40:54,824] {logging_mixin.py:115} INFO - [2022-07-28 04:40:54,824] {dag.py:2420} INFO - Sync 1 DAGs
[2022-07-28 04:40:54,852] {logging_mixin.py:115} INFO - [2022-07-28 04:40:54,852] {dag.py:2972} INFO - Setting next_dagrun for latest_only to 2022-07-28T00:40:54.852112+00:00, run_after=2022-07-28T04:40:54.852112+00:00
[2022-07-28 04:40:54,869] {processor.py:161} INFO - Processing /home/airflow/.local/lib/python3.7/site-packages/airflow/example_dags/example_latest_only.py took 0.094 seconds
[2022-07-28 04:41:25,103] {processor.py:153} INFO - Started process (PID=22622) to work on /home/airflow/.local/lib/python3.7/site-packages/airflow/example_dags/example_latest_only.py
[2022-07-28 04:41:25,104] {processor.py:641} INFO - Processing file /home/airflow/.local/lib/python3.7/site-packages/airflow/example_dags/example_latest_only.py for tasks to queue
[2022-07-28 04:41:25,105] {logging_mixin.py:115} INFO - [2022-07-28 04:41:25,105] {dagbag.py:508} INFO - Filling up the DagBag from /home/airflow/.local/lib/python3.7/site-packages/airflow/example_dags/example_latest_only.py
[2022-07-28 04:41:25,112] {processor.py:651} INFO - DAG(s) dict_keys(['latest_only']) retrieved from /home/airflow/.local/lib/python3.7/site-packages/airflow/example_dags/example_latest_only.py
[2022-07-28 04:41:25,145] {logging_mixin.py:115} INFO - [2022-07-28 04:41:25,145] {dag.py:2420} INFO - Sync 1 DAGs
[2022-07-28 04:41:25,174] {logging_mixin.py:115} INFO - [2022-07-28 04:41:25,174] {dag.py:2972} INFO - Setting next_dagrun for latest_only to 2022-07-28T00:41:25.174470+00:00, run_after=2022-07-28T04:41:25.174470+00:00
[2022-07-28 04:41:25,195] {processor.py:161} INFO - Processing /home/airflow/.local/lib/python3.7/site-packages/airflow/example_dags/example_latest_only.py took 0.095 seconds
[2022-07-28 04:41:55,364] {processor.py:153} INFO - Started process (PID=22825) to work on /home/airflow/.local/lib/python3.7/site-packages/airflow/example_dags/example_latest_only.py
[2022-07-28 04:41:55,365] {processor.py:641} INFO - Processing file /home/airflow/.local/lib/python3.7/site-packages/airflow/example_dags/example_latest_only.py for tasks to queue
[2022-07-28 04:41:55,366] {logging_mixin.py:115} INFO - [2022-07-28 04:41:55,366] {dagbag.py:508} INFO - Filling up the DagBag from /home/airflow/.local/lib/python3.7/site-packages/airflow/example_dags/example_latest_only.py
[2022-07-28 04:41:55,375] {processor.py:651} INFO - DAG(s) dict_keys(['latest_only']) retrieved from /home/airflow/.local/lib/python3.7/site-packages/airflow/example_dags/example_latest_only.py
[2022-07-28 04:41:55,402] {logging_mixin.py:115} INFO - [2022-07-28 04:41:55,402] {dag.py:2420} INFO - Sync 1 DAGs
[2022-07-28 04:41:55,429] {logging_mixin.py:115} INFO - [2022-07-28 04:41:55,429] {dag.py:2972} INFO - Setting next_dagrun for latest_only to 2022-07-28T00:41:55.429316+00:00, run_after=2022-07-28T04:41:55.429316+00:00
[2022-07-28 04:41:55,444] {processor.py:161} INFO - Processing /home/airflow/.local/lib/python3.7/site-packages/airflow/example_dags/example_latest_only.py took 0.084 seconds
[2022-07-28 04:42:25,630] {processor.py:153} INFO - Started process (PID=23018) to work on /home/airflow/.local/lib/python3.7/site-packages/airflow/example_dags/example_latest_only.py
[2022-07-28 04:42:25,631] {processor.py:641} INFO - Processing file /home/airflow/.local/lib/python3.7/site-packages/airflow/example_dags/example_latest_only.py for tasks to queue
[2022-07-28 04:42:25,632] {logging_mixin.py:115} INFO - [2022-07-28 04:42:25,632] {dagbag.py:508} INFO - Filling up the DagBag from /home/airflow/.local/lib/python3.7/site-packages/airflow/example_dags/example_latest_only.py
[2022-07-28 04:42:25,638] {processor.py:651} INFO - DAG(s) dict_keys(['latest_only']) retrieved from /home/airflow/.local/lib/python3.7/site-packages/airflow/example_dags/example_latest_only.py
[2022-07-28 04:42:25,675] {logging_mixin.py:115} INFO - [2022-07-28 04:42:25,675] {dag.py:2420} INFO - Sync 1 DAGs
[2022-07-28 04:42:25,705] {logging_mixin.py:115} INFO - [2022-07-28 04:42:25,705] {dag.py:2972} INFO - Setting next_dagrun for latest_only to 2022-07-28T00:42:25.704999+00:00, run_after=2022-07-28T04:42:25.704999+00:00
[2022-07-28 04:42:25,724] {processor.py:161} INFO - Processing /home/airflow/.local/lib/python3.7/site-packages/airflow/example_dags/example_latest_only.py took 0.098 seconds
[2022-07-28 04:42:56,104] {processor.py:153} INFO - Started process (PID=23223) to work on /home/airflow/.local/lib/python3.7/site-packages/airflow/example_dags/example_latest_only.py
[2022-07-28 04:42:56,105] {processor.py:641} INFO - Processing file /home/airflow/.local/lib/python3.7/site-packages/airflow/example_dags/example_latest_only.py for tasks to queue
[2022-07-28 04:42:56,105] {logging_mixin.py:115} INFO - [2022-07-28 04:42:56,105] {dagbag.py:508} INFO - Filling up the DagBag from /home/airflow/.local/lib/python3.7/site-packages/airflow/example_dags/example_latest_only.py
[2022-07-28 04:42:56,111] {processor.py:651} INFO - DAG(s) dict_keys(['latest_only']) retrieved from /home/airflow/.local/lib/python3.7/site-packages/airflow/example_dags/example_latest_only.py
[2022-07-28 04:42:56,137] {logging_mixin.py:115} INFO - [2022-07-28 04:42:56,137] {dag.py:2420} INFO - Sync 1 DAGs
[2022-07-28 04:42:56,165] {logging_mixin.py:115} INFO - [2022-07-28 04:42:56,164] {dag.py:2972} INFO - Setting next_dagrun for latest_only to 2022-07-28T00:42:56.164486+00:00, run_after=2022-07-28T04:42:56.164486+00:00
[2022-07-28 04:42:56,180] {processor.py:161} INFO - Processing /home/airflow/.local/lib/python3.7/site-packages/airflow/example_dags/example_latest_only.py took 0.078 seconds
[2022-07-28 04:43:26,325] {processor.py:153} INFO - Started process (PID=23417) to work on /home/airflow/.local/lib/python3.7/site-packages/airflow/example_dags/example_latest_only.py
[2022-07-28 04:43:26,326] {processor.py:641} INFO - Processing file /home/airflow/.local/lib/python3.7/site-packages/airflow/example_dags/example_latest_only.py for tasks to queue
[2022-07-28 04:43:26,326] {logging_mixin.py:115} INFO - [2022-07-28 04:43:26,326] {dagbag.py:508} INFO - Filling up the DagBag from /home/airflow/.local/lib/python3.7/site-packages/airflow/example_dags/example_latest_only.py
[2022-07-28 04:43:26,332] {processor.py:651} INFO - DAG(s) dict_keys(['latest_only']) retrieved from /home/airflow/.local/lib/python3.7/site-packages/airflow/example_dags/example_latest_only.py
[2022-07-28 04:43:26,363] {logging_mixin.py:115} INFO - [2022-07-28 04:43:26,363] {dag.py:2420} INFO - Sync 1 DAGs
[2022-07-28 04:43:26,390] {logging_mixin.py:115} INFO - [2022-07-28 04:43:26,389] {dag.py:2972} INFO - Setting next_dagrun for latest_only to 2022-07-28T00:43:26.389661+00:00, run_after=2022-07-28T04:43:26.389661+00:00
[2022-07-28 04:43:26,409] {processor.py:161} INFO - Processing /home/airflow/.local/lib/python3.7/site-packages/airflow/example_dags/example_latest_only.py took 0.088 seconds
[2022-07-28 04:43:56,984] {processor.py:153} INFO - Started process (PID=23620) to work on /home/airflow/.local/lib/python3.7/site-packages/airflow/example_dags/example_latest_only.py
[2022-07-28 04:43:56,985] {processor.py:641} INFO - Processing file /home/airflow/.local/lib/python3.7/site-packages/airflow/example_dags/example_latest_only.py for tasks to queue
[2022-07-28 04:43:56,986] {logging_mixin.py:115} INFO - [2022-07-28 04:43:56,985] {dagbag.py:508} INFO - Filling up the DagBag from /home/airflow/.local/lib/python3.7/site-packages/airflow/example_dags/example_latest_only.py
[2022-07-28 04:43:56,991] {processor.py:651} INFO - DAG(s) dict_keys(['latest_only']) retrieved from /home/airflow/.local/lib/python3.7/site-packages/airflow/example_dags/example_latest_only.py
[2022-07-28 04:43:57,024] {logging_mixin.py:115} INFO - [2022-07-28 04:43:57,024] {dag.py:2420} INFO - Sync 1 DAGs
[2022-07-28 04:43:57,056] {logging_mixin.py:115} INFO - [2022-07-28 04:43:57,055] {dag.py:2972} INFO - Setting next_dagrun for latest_only to 2022-07-28T00:43:57.055470+00:00, run_after=2022-07-28T04:43:57.055470+00:00
[2022-07-28 04:43:57,073] {processor.py:161} INFO - Processing /home/airflow/.local/lib/python3.7/site-packages/airflow/example_dags/example_latest_only.py took 0.092 seconds
[2022-07-28 04:44:27,718] {processor.py:153} INFO - Started process (PID=23814) to work on /home/airflow/.local/lib/python3.7/site-packages/airflow/example_dags/example_latest_only.py
[2022-07-28 04:44:27,718] {processor.py:641} INFO - Processing file /home/airflow/.local/lib/python3.7/site-packages/airflow/example_dags/example_latest_only.py for tasks to queue
[2022-07-28 04:44:27,719] {logging_mixin.py:115} INFO - [2022-07-28 04:44:27,719] {dagbag.py:508} INFO - Filling up the DagBag from /home/airflow/.local/lib/python3.7/site-packages/airflow/example_dags/example_latest_only.py
[2022-07-28 04:44:27,724] {processor.py:651} INFO - DAG(s) dict_keys(['latest_only']) retrieved from /home/airflow/.local/lib/python3.7/site-packages/airflow/example_dags/example_latest_only.py
[2022-07-28 04:44:27,756] {logging_mixin.py:115} INFO - [2022-07-28 04:44:27,756] {dag.py:2420} INFO - Sync 1 DAGs
[2022-07-28 04:44:27,784] {logging_mixin.py:115} INFO - [2022-07-28 04:44:27,784] {dag.py:2972} INFO - Setting next_dagrun for latest_only to 2022-07-28T00:44:27.784382+00:00, run_after=2022-07-28T04:44:27.784382+00:00
[2022-07-28 04:44:27,803] {processor.py:161} INFO - Processing /home/airflow/.local/lib/python3.7/site-packages/airflow/example_dags/example_latest_only.py took 0.089 seconds
[2022-07-28 04:44:58,475] {processor.py:153} INFO - Started process (PID=24017) to work on /home/airflow/.local/lib/python3.7/site-packages/airflow/example_dags/example_latest_only.py
[2022-07-28 04:44:58,476] {processor.py:641} INFO - Processing file /home/airflow/.local/lib/python3.7/site-packages/airflow/example_dags/example_latest_only.py for tasks to queue
[2022-07-28 04:44:58,477] {logging_mixin.py:115} INFO - [2022-07-28 04:44:58,477] {dagbag.py:508} INFO - Filling up the DagBag from /home/airflow/.local/lib/python3.7/site-packages/airflow/example_dags/example_latest_only.py
[2022-07-28 04:44:58,483] {processor.py:651} INFO - DAG(s) dict_keys(['latest_only']) retrieved from /home/airflow/.local/lib/python3.7/site-packages/airflow/example_dags/example_latest_only.py
[2022-07-28 04:44:58,513] {logging_mixin.py:115} INFO - [2022-07-28 04:44:58,513] {dag.py:2420} INFO - Sync 1 DAGs
[2022-07-28 04:44:58,542] {logging_mixin.py:115} INFO - [2022-07-28 04:44:58,542] {dag.py:2972} INFO - Setting next_dagrun for latest_only to 2022-07-28T00:44:58.542466+00:00, run_after=2022-07-28T04:44:58.542466+00:00
[2022-07-28 04:44:58,559] {processor.py:161} INFO - Processing /home/airflow/.local/lib/python3.7/site-packages/airflow/example_dags/example_latest_only.py took 0.087 seconds
[2022-07-28 04:45:28,940] {processor.py:153} INFO - Started process (PID=24211) to work on /home/airflow/.local/lib/python3.7/site-packages/airflow/example_dags/example_latest_only.py
[2022-07-28 04:45:28,941] {processor.py:641} INFO - Processing file /home/airflow/.local/lib/python3.7/site-packages/airflow/example_dags/example_latest_only.py for tasks to queue
[2022-07-28 04:45:28,942] {logging_mixin.py:115} INFO - [2022-07-28 04:45:28,942] {dagbag.py:508} INFO - Filling up the DagBag from /home/airflow/.local/lib/python3.7/site-packages/airflow/example_dags/example_latest_only.py
[2022-07-28 04:45:28,948] {processor.py:651} INFO - DAG(s) dict_keys(['latest_only']) retrieved from /home/airflow/.local/lib/python3.7/site-packages/airflow/example_dags/example_latest_only.py
[2022-07-28 04:45:28,983] {logging_mixin.py:115} INFO - [2022-07-28 04:45:28,983] {dag.py:2420} INFO - Sync 1 DAGs
[2022-07-28 04:45:29,012] {logging_mixin.py:115} INFO - [2022-07-28 04:45:29,012] {dag.py:2972} INFO - Setting next_dagrun for latest_only to 2022-07-28T00:45:29.011884+00:00, run_after=2022-07-28T04:45:29.011884+00:00
[2022-07-28 04:45:29,028] {processor.py:161} INFO - Processing /home/airflow/.local/lib/python3.7/site-packages/airflow/example_dags/example_latest_only.py took 0.091 seconds
[2022-07-28 04:45:59,895] {processor.py:153} INFO - Started process (PID=24414) to work on /home/airflow/.local/lib/python3.7/site-packages/airflow/example_dags/example_latest_only.py
[2022-07-28 04:45:59,896] {processor.py:641} INFO - Processing file /home/airflow/.local/lib/python3.7/site-packages/airflow/example_dags/example_latest_only.py for tasks to queue
[2022-07-28 04:45:59,897] {logging_mixin.py:115} INFO - [2022-07-28 04:45:59,897] {dagbag.py:508} INFO - Filling up the DagBag from /home/airflow/.local/lib/python3.7/site-packages/airflow/example_dags/example_latest_only.py
[2022-07-28 04:45:59,903] {processor.py:651} INFO - DAG(s) dict_keys(['latest_only']) retrieved from /home/airflow/.local/lib/python3.7/site-packages/airflow/example_dags/example_latest_only.py
[2022-07-28 04:45:59,936] {logging_mixin.py:115} INFO - [2022-07-28 04:45:59,936] {dag.py:2420} INFO - Sync 1 DAGs
[2022-07-28 04:45:59,963] {logging_mixin.py:115} INFO - [2022-07-28 04:45:59,963] {dag.py:2972} INFO - Setting next_dagrun for latest_only to 2022-07-28T00:45:59.963263+00:00, run_after=2022-07-28T04:45:59.963263+00:00
[2022-07-28 04:45:59,983] {processor.py:161} INFO - Processing /home/airflow/.local/lib/python3.7/site-packages/airflow/example_dags/example_latest_only.py took 0.091 seconds
[2022-07-28 04:46:30,518] {processor.py:153} INFO - Started process (PID=24608) to work on /home/airflow/.local/lib/python3.7/site-packages/airflow/example_dags/example_latest_only.py
[2022-07-28 04:46:30,519] {processor.py:641} INFO - Processing file /home/airflow/.local/lib/python3.7/site-packages/airflow/example_dags/example_latest_only.py for tasks to queue
[2022-07-28 04:46:30,520] {logging_mixin.py:115} INFO - [2022-07-28 04:46:30,520] {dagbag.py:508} INFO - Filling up the DagBag from /home/airflow/.local/lib/python3.7/site-packages/airflow/example_dags/example_latest_only.py
[2022-07-28 04:46:30,525] {processor.py:651} INFO - DAG(s) dict_keys(['latest_only']) retrieved from /home/airflow/.local/lib/python3.7/site-packages/airflow/example_dags/example_latest_only.py
[2022-07-28 04:46:30,558] {logging_mixin.py:115} INFO - [2022-07-28 04:46:30,558] {dag.py:2420} INFO - Sync 1 DAGs
[2022-07-28 04:46:30,587] {logging_mixin.py:115} INFO - [2022-07-28 04:46:30,587] {dag.py:2972} INFO - Setting next_dagrun for latest_only to 2022-07-28T00:46:30.587070+00:00, run_after=2022-07-28T04:46:30.587070+00:00
[2022-07-28 04:46:30,608] {processor.py:161} INFO - Processing /home/airflow/.local/lib/python3.7/site-packages/airflow/example_dags/example_latest_only.py took 0.093 seconds
[2022-07-28 04:47:01,195] {processor.py:153} INFO - Started process (PID=24811) to work on /home/airflow/.local/lib/python3.7/site-packages/airflow/example_dags/example_latest_only.py
[2022-07-28 04:47:01,196] {processor.py:641} INFO - Processing file /home/airflow/.local/lib/python3.7/site-packages/airflow/example_dags/example_latest_only.py for tasks to queue
[2022-07-28 04:47:01,197] {logging_mixin.py:115} INFO - [2022-07-28 04:47:01,197] {dagbag.py:508} INFO - Filling up the DagBag from /home/airflow/.local/lib/python3.7/site-packages/airflow/example_dags/example_latest_only.py
[2022-07-28 04:47:01,203] {processor.py:651} INFO - DAG(s) dict_keys(['latest_only']) retrieved from /home/airflow/.local/lib/python3.7/site-packages/airflow/example_dags/example_latest_only.py
[2022-07-28 04:47:01,235] {logging_mixin.py:115} INFO - [2022-07-28 04:47:01,235] {dag.py:2420} INFO - Sync 1 DAGs
[2022-07-28 04:47:01,263] {logging_mixin.py:115} INFO - [2022-07-28 04:47:01,262] {dag.py:2972} INFO - Setting next_dagrun for latest_only to 2022-07-28T00:47:01.262635+00:00, run_after=2022-07-28T04:47:01.262635+00:00
[2022-07-28 04:47:01,281] {processor.py:161} INFO - Processing /home/airflow/.local/lib/python3.7/site-packages/airflow/example_dags/example_latest_only.py took 0.091 seconds
[2022-07-28 04:47:31,686] {processor.py:153} INFO - Started process (PID=25005) to work on /home/airflow/.local/lib/python3.7/site-packages/airflow/example_dags/example_latest_only.py
[2022-07-28 04:47:31,687] {processor.py:641} INFO - Processing file /home/airflow/.local/lib/python3.7/site-packages/airflow/example_dags/example_latest_only.py for tasks to queue
[2022-07-28 04:47:31,688] {logging_mixin.py:115} INFO - [2022-07-28 04:47:31,688] {dagbag.py:508} INFO - Filling up the DagBag from /home/airflow/.local/lib/python3.7/site-packages/airflow/example_dags/example_latest_only.py
[2022-07-28 04:47:31,695] {processor.py:651} INFO - DAG(s) dict_keys(['latest_only']) retrieved from /home/airflow/.local/lib/python3.7/site-packages/airflow/example_dags/example_latest_only.py
[2022-07-28 04:47:31,728] {logging_mixin.py:115} INFO - [2022-07-28 04:47:31,728] {dag.py:2420} INFO - Sync 1 DAGs
[2022-07-28 04:47:31,756] {logging_mixin.py:115} INFO - [2022-07-28 04:47:31,756] {dag.py:2972} INFO - Setting next_dagrun for latest_only to 2022-07-28T00:47:31.756238+00:00, run_after=2022-07-28T04:47:31.756238+00:00
[2022-07-28 04:47:31,773] {processor.py:161} INFO - Processing /home/airflow/.local/lib/python3.7/site-packages/airflow/example_dags/example_latest_only.py took 0.091 seconds
[2022-07-28 04:48:02,000] {processor.py:153} INFO - Started process (PID=25208) to work on /home/airflow/.local/lib/python3.7/site-packages/airflow/example_dags/example_latest_only.py
[2022-07-28 04:48:02,000] {processor.py:641} INFO - Processing file /home/airflow/.local/lib/python3.7/site-packages/airflow/example_dags/example_latest_only.py for tasks to queue
[2022-07-28 04:48:02,001] {logging_mixin.py:115} INFO - [2022-07-28 04:48:02,001] {dagbag.py:508} INFO - Filling up the DagBag from /home/airflow/.local/lib/python3.7/site-packages/airflow/example_dags/example_latest_only.py
[2022-07-28 04:48:02,006] {processor.py:651} INFO - DAG(s) dict_keys(['latest_only']) retrieved from /home/airflow/.local/lib/python3.7/site-packages/airflow/example_dags/example_latest_only.py
[2022-07-28 04:48:02,035] {logging_mixin.py:115} INFO - [2022-07-28 04:48:02,035] {dag.py:2420} INFO - Sync 1 DAGs
[2022-07-28 04:48:02,060] {logging_mixin.py:115} INFO - [2022-07-28 04:48:02,060] {dag.py:2972} INFO - Setting next_dagrun for latest_only to 2022-07-28T00:48:02.060385+00:00, run_after=2022-07-28T04:48:02.060385+00:00
[2022-07-28 04:48:02,078] {processor.py:161} INFO - Processing /home/airflow/.local/lib/python3.7/site-packages/airflow/example_dags/example_latest_only.py took 0.082 seconds
[2022-07-28 04:48:32,474] {processor.py:153} INFO - Started process (PID=25402) to work on /home/airflow/.local/lib/python3.7/site-packages/airflow/example_dags/example_latest_only.py
[2022-07-28 04:48:32,475] {processor.py:641} INFO - Processing file /home/airflow/.local/lib/python3.7/site-packages/airflow/example_dags/example_latest_only.py for tasks to queue
[2022-07-28 04:48:32,476] {logging_mixin.py:115} INFO - [2022-07-28 04:48:32,476] {dagbag.py:508} INFO - Filling up the DagBag from /home/airflow/.local/lib/python3.7/site-packages/airflow/example_dags/example_latest_only.py
[2022-07-28 04:48:32,482] {processor.py:651} INFO - DAG(s) dict_keys(['latest_only']) retrieved from /home/airflow/.local/lib/python3.7/site-packages/airflow/example_dags/example_latest_only.py
[2022-07-28 04:48:32,516] {logging_mixin.py:115} INFO - [2022-07-28 04:48:32,516] {dag.py:2420} INFO - Sync 1 DAGs
[2022-07-28 04:48:32,547] {logging_mixin.py:115} INFO - [2022-07-28 04:48:32,547] {dag.py:2972} INFO - Setting next_dagrun for latest_only to 2022-07-28T00:48:32.546878+00:00, run_after=2022-07-28T04:48:32.546878+00:00
[2022-07-28 04:48:32,564] {processor.py:161} INFO - Processing /home/airflow/.local/lib/python3.7/site-packages/airflow/example_dags/example_latest_only.py took 0.094 seconds
[2022-07-28 04:49:02,690] {processor.py:153} INFO - Started process (PID=25605) to work on /home/airflow/.local/lib/python3.7/site-packages/airflow/example_dags/example_latest_only.py
[2022-07-28 04:49:02,692] {processor.py:641} INFO - Processing file /home/airflow/.local/lib/python3.7/site-packages/airflow/example_dags/example_latest_only.py for tasks to queue
[2022-07-28 04:49:02,693] {logging_mixin.py:115} INFO - [2022-07-28 04:49:02,692] {dagbag.py:508} INFO - Filling up the DagBag from /home/airflow/.local/lib/python3.7/site-packages/airflow/example_dags/example_latest_only.py
[2022-07-28 04:49:02,701] {processor.py:651} INFO - DAG(s) dict_keys(['latest_only']) retrieved from /home/airflow/.local/lib/python3.7/site-packages/airflow/example_dags/example_latest_only.py
[2022-07-28 04:49:02,734] {logging_mixin.py:115} INFO - [2022-07-28 04:49:02,734] {dag.py:2420} INFO - Sync 1 DAGs
[2022-07-28 04:49:02,760] {logging_mixin.py:115} INFO - [2022-07-28 04:49:02,760] {dag.py:2972} INFO - Setting next_dagrun for latest_only to 2022-07-28T00:49:02.759833+00:00, run_after=2022-07-28T04:49:02.759833+00:00
[2022-07-28 04:49:02,778] {processor.py:161} INFO - Processing /home/airflow/.local/lib/python3.7/site-packages/airflow/example_dags/example_latest_only.py took 0.090 seconds
