[2022-10-07T02:44:01.887+0000] {processor.py:156} INFO - Started process (PID=2781) to work on /home/airflow/.local/lib/python3.7/site-packages/airflow/example_dags/example_kubernetes_executor.py
[2022-10-07T02:44:01.896+0000] {processor.py:758} INFO - Processing file /home/airflow/.local/lib/python3.7/site-packages/airflow/example_dags/example_kubernetes_executor.py for tasks to queue
[2022-10-07T02:44:01.898+0000] {logging_mixin.py:117} INFO - [2022-10-07T02:44:01.898+0000] {dagbag.py:525} INFO - Filling up the DagBag from /home/airflow/.local/lib/python3.7/site-packages/airflow/example_dags/example_kubernetes_executor.py
[2022-10-07T02:44:02.022+0000] {processor.py:768} INFO - DAG(s) dict_keys(['example_kubernetes_executor']) retrieved from /home/airflow/.local/lib/python3.7/site-packages/airflow/example_dags/example_kubernetes_executor.py
[2022-10-07T02:44:02.178+0000] {logging_mixin.py:117} INFO - [2022-10-07T02:44:02.178+0000] {dag.py:2573} INFO - Sync 1 DAGs
[2022-10-07T02:44:02.303+0000] {logging_mixin.py:117} INFO - [2022-10-07T02:44:02.302+0000] {dag.py:3328} INFO - Setting next_dagrun for example_kubernetes_executor to None, run_after=None
[2022-10-07T02:44:02.398+0000] {processor.py:178} INFO - Processing /home/airflow/.local/lib/python3.7/site-packages/airflow/example_dags/example_kubernetes_executor.py took 0.518 seconds
[2022-10-07T02:44:33.146+0000] {processor.py:156} INFO - Started process (PID=2837) to work on /home/airflow/.local/lib/python3.7/site-packages/airflow/example_dags/example_kubernetes_executor.py
[2022-10-07T02:44:33.147+0000] {processor.py:758} INFO - Processing file /home/airflow/.local/lib/python3.7/site-packages/airflow/example_dags/example_kubernetes_executor.py for tasks to queue
[2022-10-07T02:44:33.149+0000] {logging_mixin.py:117} INFO - [2022-10-07T02:44:33.149+0000] {dagbag.py:525} INFO - Filling up the DagBag from /home/airflow/.local/lib/python3.7/site-packages/airflow/example_dags/example_kubernetes_executor.py
[2022-10-07T02:44:33.196+0000] {processor.py:768} INFO - DAG(s) dict_keys(['example_kubernetes_executor']) retrieved from /home/airflow/.local/lib/python3.7/site-packages/airflow/example_dags/example_kubernetes_executor.py
[2022-10-07T02:44:33.258+0000] {logging_mixin.py:117} INFO - [2022-10-07T02:44:33.258+0000] {dag.py:2573} INFO - Sync 1 DAGs
[2022-10-07T02:44:33.296+0000] {logging_mixin.py:117} INFO - [2022-10-07T02:44:33.296+0000] {dag.py:3328} INFO - Setting next_dagrun for example_kubernetes_executor to None, run_after=None
[2022-10-07T02:44:33.331+0000] {processor.py:178} INFO - Processing /home/airflow/.local/lib/python3.7/site-packages/airflow/example_dags/example_kubernetes_executor.py took 0.189 seconds
[2022-10-07T02:45:03.593+0000] {processor.py:156} INFO - Started process (PID=2893) to work on /home/airflow/.local/lib/python3.7/site-packages/airflow/example_dags/example_kubernetes_executor.py
[2022-10-07T02:45:03.595+0000] {processor.py:758} INFO - Processing file /home/airflow/.local/lib/python3.7/site-packages/airflow/example_dags/example_kubernetes_executor.py for tasks to queue
[2022-10-07T02:45:03.597+0000] {logging_mixin.py:117} INFO - [2022-10-07T02:45:03.597+0000] {dagbag.py:525} INFO - Filling up the DagBag from /home/airflow/.local/lib/python3.7/site-packages/airflow/example_dags/example_kubernetes_executor.py
[2022-10-07T02:45:03.627+0000] {processor.py:768} INFO - DAG(s) dict_keys(['example_kubernetes_executor']) retrieved from /home/airflow/.local/lib/python3.7/site-packages/airflow/example_dags/example_kubernetes_executor.py
[2022-10-07T02:45:03.678+0000] {logging_mixin.py:117} INFO - [2022-10-07T02:45:03.678+0000] {dag.py:2573} INFO - Sync 1 DAGs
[2022-10-07T02:45:03.710+0000] {logging_mixin.py:117} INFO - [2022-10-07T02:45:03.709+0000] {dag.py:3328} INFO - Setting next_dagrun for example_kubernetes_executor to None, run_after=None
[2022-10-07T02:45:03.734+0000] {processor.py:178} INFO - Processing /home/airflow/.local/lib/python3.7/site-packages/airflow/example_dags/example_kubernetes_executor.py took 0.144 seconds
[2022-10-07T02:45:34.143+0000] {processor.py:156} INFO - Started process (PID=2958) to work on /home/airflow/.local/lib/python3.7/site-packages/airflow/example_dags/example_kubernetes_executor.py
[2022-10-07T02:45:34.144+0000] {processor.py:758} INFO - Processing file /home/airflow/.local/lib/python3.7/site-packages/airflow/example_dags/example_kubernetes_executor.py for tasks to queue
[2022-10-07T02:45:34.146+0000] {logging_mixin.py:117} INFO - [2022-10-07T02:45:34.145+0000] {dagbag.py:525} INFO - Filling up the DagBag from /home/airflow/.local/lib/python3.7/site-packages/airflow/example_dags/example_kubernetes_executor.py
[2022-10-07T02:45:34.209+0000] {processor.py:768} INFO - DAG(s) dict_keys(['example_kubernetes_executor']) retrieved from /home/airflow/.local/lib/python3.7/site-packages/airflow/example_dags/example_kubernetes_executor.py
[2022-10-07T02:45:34.295+0000] {logging_mixin.py:117} INFO - [2022-10-07T02:45:34.294+0000] {dag.py:2573} INFO - Sync 1 DAGs
[2022-10-07T02:45:34.350+0000] {logging_mixin.py:117} INFO - [2022-10-07T02:45:34.349+0000] {dag.py:3328} INFO - Setting next_dagrun for example_kubernetes_executor to None, run_after=None
[2022-10-07T02:45:34.390+0000] {processor.py:178} INFO - Processing /home/airflow/.local/lib/python3.7/site-packages/airflow/example_dags/example_kubernetes_executor.py took 0.251 seconds
[2022-10-07T02:46:04.680+0000] {processor.py:156} INFO - Started process (PID=3023) to work on /home/airflow/.local/lib/python3.7/site-packages/airflow/example_dags/example_kubernetes_executor.py
[2022-10-07T02:46:04.681+0000] {processor.py:758} INFO - Processing file /home/airflow/.local/lib/python3.7/site-packages/airflow/example_dags/example_kubernetes_executor.py for tasks to queue
[2022-10-07T02:46:04.682+0000] {logging_mixin.py:117} INFO - [2022-10-07T02:46:04.682+0000] {dagbag.py:525} INFO - Filling up the DagBag from /home/airflow/.local/lib/python3.7/site-packages/airflow/example_dags/example_kubernetes_executor.py
[2022-10-07T02:46:04.722+0000] {processor.py:768} INFO - DAG(s) dict_keys(['example_kubernetes_executor']) retrieved from /home/airflow/.local/lib/python3.7/site-packages/airflow/example_dags/example_kubernetes_executor.py
[2022-10-07T02:46:04.778+0000] {logging_mixin.py:117} INFO - [2022-10-07T02:46:04.778+0000] {dag.py:2573} INFO - Sync 1 DAGs
[2022-10-07T02:46:04.811+0000] {logging_mixin.py:117} INFO - [2022-10-07T02:46:04.811+0000] {dag.py:3328} INFO - Setting next_dagrun for example_kubernetes_executor to None, run_after=None
[2022-10-07T02:46:04.841+0000] {processor.py:178} INFO - Processing /home/airflow/.local/lib/python3.7/site-packages/airflow/example_dags/example_kubernetes_executor.py took 0.165 seconds
[2022-10-07T02:46:35.281+0000] {processor.py:156} INFO - Started process (PID=3079) to work on /home/airflow/.local/lib/python3.7/site-packages/airflow/example_dags/example_kubernetes_executor.py
[2022-10-07T02:46:35.282+0000] {processor.py:758} INFO - Processing file /home/airflow/.local/lib/python3.7/site-packages/airflow/example_dags/example_kubernetes_executor.py for tasks to queue
[2022-10-07T02:46:35.283+0000] {logging_mixin.py:117} INFO - [2022-10-07T02:46:35.283+0000] {dagbag.py:525} INFO - Filling up the DagBag from /home/airflow/.local/lib/python3.7/site-packages/airflow/example_dags/example_kubernetes_executor.py
[2022-10-07T02:46:35.320+0000] {processor.py:768} INFO - DAG(s) dict_keys(['example_kubernetes_executor']) retrieved from /home/airflow/.local/lib/python3.7/site-packages/airflow/example_dags/example_kubernetes_executor.py
[2022-10-07T02:46:35.378+0000] {logging_mixin.py:117} INFO - [2022-10-07T02:46:35.377+0000] {dag.py:2573} INFO - Sync 1 DAGs
[2022-10-07T02:46:35.417+0000] {logging_mixin.py:117} INFO - [2022-10-07T02:46:35.417+0000] {dag.py:3328} INFO - Setting next_dagrun for example_kubernetes_executor to None, run_after=None
[2022-10-07T02:46:35.444+0000] {processor.py:178} INFO - Processing /home/airflow/.local/lib/python3.7/site-packages/airflow/example_dags/example_kubernetes_executor.py took 0.167 seconds
[2022-10-07T02:47:05.683+0000] {processor.py:156} INFO - Started process (PID=3144) to work on /home/airflow/.local/lib/python3.7/site-packages/airflow/example_dags/example_kubernetes_executor.py
[2022-10-07T02:47:05.684+0000] {processor.py:758} INFO - Processing file /home/airflow/.local/lib/python3.7/site-packages/airflow/example_dags/example_kubernetes_executor.py for tasks to queue
[2022-10-07T02:47:05.685+0000] {logging_mixin.py:117} INFO - [2022-10-07T02:47:05.684+0000] {dagbag.py:525} INFO - Filling up the DagBag from /home/airflow/.local/lib/python3.7/site-packages/airflow/example_dags/example_kubernetes_executor.py
[2022-10-07T02:47:05.723+0000] {processor.py:768} INFO - DAG(s) dict_keys(['example_kubernetes_executor']) retrieved from /home/airflow/.local/lib/python3.7/site-packages/airflow/example_dags/example_kubernetes_executor.py
[2022-10-07T02:47:05.770+0000] {logging_mixin.py:117} INFO - [2022-10-07T02:47:05.770+0000] {dag.py:2573} INFO - Sync 1 DAGs
[2022-10-07T02:47:05.805+0000] {logging_mixin.py:117} INFO - [2022-10-07T02:47:05.805+0000] {dag.py:3328} INFO - Setting next_dagrun for example_kubernetes_executor to None, run_after=None
[2022-10-07T02:47:05.830+0000] {processor.py:178} INFO - Processing /home/airflow/.local/lib/python3.7/site-packages/airflow/example_dags/example_kubernetes_executor.py took 0.150 seconds
[2022-10-07T02:47:36.329+0000] {processor.py:156} INFO - Started process (PID=3200) to work on /home/airflow/.local/lib/python3.7/site-packages/airflow/example_dags/example_kubernetes_executor.py
[2022-10-07T02:47:36.330+0000] {processor.py:758} INFO - Processing file /home/airflow/.local/lib/python3.7/site-packages/airflow/example_dags/example_kubernetes_executor.py for tasks to queue
[2022-10-07T02:47:36.331+0000] {logging_mixin.py:117} INFO - [2022-10-07T02:47:36.331+0000] {dagbag.py:525} INFO - Filling up the DagBag from /home/airflow/.local/lib/python3.7/site-packages/airflow/example_dags/example_kubernetes_executor.py
[2022-10-07T02:47:36.377+0000] {processor.py:768} INFO - DAG(s) dict_keys(['example_kubernetes_executor']) retrieved from /home/airflow/.local/lib/python3.7/site-packages/airflow/example_dags/example_kubernetes_executor.py
[2022-10-07T02:47:36.438+0000] {logging_mixin.py:117} INFO - [2022-10-07T02:47:36.438+0000] {dag.py:2573} INFO - Sync 1 DAGs
[2022-10-07T02:47:36.484+0000] {logging_mixin.py:117} INFO - [2022-10-07T02:47:36.484+0000] {dag.py:3328} INFO - Setting next_dagrun for example_kubernetes_executor to None, run_after=None
[2022-10-07T02:47:36.523+0000] {processor.py:178} INFO - Processing /home/airflow/.local/lib/python3.7/site-packages/airflow/example_dags/example_kubernetes_executor.py took 0.197 seconds
[2022-10-07T02:48:06.951+0000] {processor.py:156} INFO - Started process (PID=3266) to work on /home/airflow/.local/lib/python3.7/site-packages/airflow/example_dags/example_kubernetes_executor.py
[2022-10-07T02:48:06.952+0000] {processor.py:758} INFO - Processing file /home/airflow/.local/lib/python3.7/site-packages/airflow/example_dags/example_kubernetes_executor.py for tasks to queue
[2022-10-07T02:48:06.953+0000] {logging_mixin.py:117} INFO - [2022-10-07T02:48:06.953+0000] {dagbag.py:525} INFO - Filling up the DagBag from /home/airflow/.local/lib/python3.7/site-packages/airflow/example_dags/example_kubernetes_executor.py
[2022-10-07T02:48:07.005+0000] {processor.py:768} INFO - DAG(s) dict_keys(['example_kubernetes_executor']) retrieved from /home/airflow/.local/lib/python3.7/site-packages/airflow/example_dags/example_kubernetes_executor.py
[2022-10-07T02:48:07.070+0000] {logging_mixin.py:117} INFO - [2022-10-07T02:48:07.069+0000] {dag.py:2573} INFO - Sync 1 DAGs
[2022-10-07T02:48:07.114+0000] {logging_mixin.py:117} INFO - [2022-10-07T02:48:07.113+0000] {dag.py:3328} INFO - Setting next_dagrun for example_kubernetes_executor to None, run_after=None
[2022-10-07T02:48:07.167+0000] {processor.py:178} INFO - Processing /home/airflow/.local/lib/python3.7/site-packages/airflow/example_dags/example_kubernetes_executor.py took 0.220 seconds
[2022-10-07T02:48:37.673+0000] {processor.py:156} INFO - Started process (PID=3322) to work on /home/airflow/.local/lib/python3.7/site-packages/airflow/example_dags/example_kubernetes_executor.py
[2022-10-07T02:48:37.675+0000] {processor.py:758} INFO - Processing file /home/airflow/.local/lib/python3.7/site-packages/airflow/example_dags/example_kubernetes_executor.py for tasks to queue
[2022-10-07T02:48:37.677+0000] {logging_mixin.py:117} INFO - [2022-10-07T02:48:37.676+0000] {dagbag.py:525} INFO - Filling up the DagBag from /home/airflow/.local/lib/python3.7/site-packages/airflow/example_dags/example_kubernetes_executor.py
[2022-10-07T02:48:37.717+0000] {processor.py:768} INFO - DAG(s) dict_keys(['example_kubernetes_executor']) retrieved from /home/airflow/.local/lib/python3.7/site-packages/airflow/example_dags/example_kubernetes_executor.py
[2022-10-07T02:48:37.778+0000] {logging_mixin.py:117} INFO - [2022-10-07T02:48:37.778+0000] {dag.py:2573} INFO - Sync 1 DAGs
[2022-10-07T02:48:37.814+0000] {logging_mixin.py:117} INFO - [2022-10-07T02:48:37.814+0000] {dag.py:3328} INFO - Setting next_dagrun for example_kubernetes_executor to None, run_after=None
[2022-10-07T02:48:37.846+0000] {processor.py:178} INFO - Processing /home/airflow/.local/lib/python3.7/site-packages/airflow/example_dags/example_kubernetes_executor.py took 0.178 seconds
[2022-10-07T02:49:07.985+0000] {processor.py:156} INFO - Started process (PID=3387) to work on /home/airflow/.local/lib/python3.7/site-packages/airflow/example_dags/example_kubernetes_executor.py
[2022-10-07T02:49:07.987+0000] {processor.py:758} INFO - Processing file /home/airflow/.local/lib/python3.7/site-packages/airflow/example_dags/example_kubernetes_executor.py for tasks to queue
[2022-10-07T02:49:07.988+0000] {logging_mixin.py:117} INFO - [2022-10-07T02:49:07.988+0000] {dagbag.py:525} INFO - Filling up the DagBag from /home/airflow/.local/lib/python3.7/site-packages/airflow/example_dags/example_kubernetes_executor.py
[2022-10-07T02:49:08.041+0000] {processor.py:768} INFO - DAG(s) dict_keys(['example_kubernetes_executor']) retrieved from /home/airflow/.local/lib/python3.7/site-packages/airflow/example_dags/example_kubernetes_executor.py
[2022-10-07T02:49:08.102+0000] {logging_mixin.py:117} INFO - [2022-10-07T02:49:08.102+0000] {dag.py:2573} INFO - Sync 1 DAGs
[2022-10-07T02:49:08.138+0000] {logging_mixin.py:117} INFO - [2022-10-07T02:49:08.138+0000] {dag.py:3328} INFO - Setting next_dagrun for example_kubernetes_executor to None, run_after=None
[2022-10-07T02:49:08.179+0000] {processor.py:178} INFO - Processing /home/airflow/.local/lib/python3.7/site-packages/airflow/example_dags/example_kubernetes_executor.py took 0.199 seconds
[2022-10-07T02:49:38.447+0000] {processor.py:156} INFO - Started process (PID=3443) to work on /home/airflow/.local/lib/python3.7/site-packages/airflow/example_dags/example_kubernetes_executor.py
[2022-10-07T02:49:38.448+0000] {processor.py:758} INFO - Processing file /home/airflow/.local/lib/python3.7/site-packages/airflow/example_dags/example_kubernetes_executor.py for tasks to queue
[2022-10-07T02:49:38.449+0000] {logging_mixin.py:117} INFO - [2022-10-07T02:49:38.449+0000] {dagbag.py:525} INFO - Filling up the DagBag from /home/airflow/.local/lib/python3.7/site-packages/airflow/example_dags/example_kubernetes_executor.py
[2022-10-07T02:49:38.498+0000] {processor.py:768} INFO - DAG(s) dict_keys(['example_kubernetes_executor']) retrieved from /home/airflow/.local/lib/python3.7/site-packages/airflow/example_dags/example_kubernetes_executor.py
[2022-10-07T02:49:38.559+0000] {logging_mixin.py:117} INFO - [2022-10-07T02:49:38.558+0000] {dag.py:2573} INFO - Sync 1 DAGs
[2022-10-07T02:49:38.595+0000] {logging_mixin.py:117} INFO - [2022-10-07T02:49:38.595+0000] {dag.py:3328} INFO - Setting next_dagrun for example_kubernetes_executor to None, run_after=None
[2022-10-07T02:49:38.624+0000] {processor.py:178} INFO - Processing /home/airflow/.local/lib/python3.7/site-packages/airflow/example_dags/example_kubernetes_executor.py took 0.181 seconds
[2022-10-07T02:50:08.844+0000] {processor.py:156} INFO - Started process (PID=3508) to work on /home/airflow/.local/lib/python3.7/site-packages/airflow/example_dags/example_kubernetes_executor.py
[2022-10-07T02:50:08.845+0000] {processor.py:758} INFO - Processing file /home/airflow/.local/lib/python3.7/site-packages/airflow/example_dags/example_kubernetes_executor.py for tasks to queue
[2022-10-07T02:50:08.846+0000] {logging_mixin.py:117} INFO - [2022-10-07T02:50:08.845+0000] {dagbag.py:525} INFO - Filling up the DagBag from /home/airflow/.local/lib/python3.7/site-packages/airflow/example_dags/example_kubernetes_executor.py
[2022-10-07T02:50:08.880+0000] {processor.py:768} INFO - DAG(s) dict_keys(['example_kubernetes_executor']) retrieved from /home/airflow/.local/lib/python3.7/site-packages/airflow/example_dags/example_kubernetes_executor.py
[2022-10-07T02:50:08.932+0000] {logging_mixin.py:117} INFO - [2022-10-07T02:50:08.931+0000] {dag.py:2573} INFO - Sync 1 DAGs
[2022-10-07T02:50:08.976+0000] {logging_mixin.py:117} INFO - [2022-10-07T02:50:08.976+0000] {dag.py:3328} INFO - Setting next_dagrun for example_kubernetes_executor to None, run_after=None
[2022-10-07T02:50:09.003+0000] {processor.py:178} INFO - Processing /home/airflow/.local/lib/python3.7/site-packages/airflow/example_dags/example_kubernetes_executor.py took 0.163 seconds
[2022-10-07T02:50:39.149+0000] {processor.py:156} INFO - Started process (PID=3571) to work on /home/airflow/.local/lib/python3.7/site-packages/airflow/example_dags/example_kubernetes_executor.py
[2022-10-07T02:50:39.150+0000] {processor.py:758} INFO - Processing file /home/airflow/.local/lib/python3.7/site-packages/airflow/example_dags/example_kubernetes_executor.py for tasks to queue
[2022-10-07T02:50:39.151+0000] {logging_mixin.py:117} INFO - [2022-10-07T02:50:39.151+0000] {dagbag.py:525} INFO - Filling up the DagBag from /home/airflow/.local/lib/python3.7/site-packages/airflow/example_dags/example_kubernetes_executor.py
[2022-10-07T02:50:39.187+0000] {processor.py:768} INFO - DAG(s) dict_keys(['example_kubernetes_executor']) retrieved from /home/airflow/.local/lib/python3.7/site-packages/airflow/example_dags/example_kubernetes_executor.py
[2022-10-07T02:50:39.232+0000] {logging_mixin.py:117} INFO - [2022-10-07T02:50:39.232+0000] {dag.py:2573} INFO - Sync 1 DAGs
[2022-10-07T02:50:39.259+0000] {logging_mixin.py:117} INFO - [2022-10-07T02:50:39.259+0000] {dag.py:3328} INFO - Setting next_dagrun for example_kubernetes_executor to None, run_after=None
[2022-10-07T02:50:39.283+0000] {processor.py:178} INFO - Processing /home/airflow/.local/lib/python3.7/site-packages/airflow/example_dags/example_kubernetes_executor.py took 0.137 seconds
[2022-10-07T02:51:09.448+0000] {processor.py:156} INFO - Started process (PID=3628) to work on /home/airflow/.local/lib/python3.7/site-packages/airflow/example_dags/example_kubernetes_executor.py
[2022-10-07T02:51:09.450+0000] {processor.py:758} INFO - Processing file /home/airflow/.local/lib/python3.7/site-packages/airflow/example_dags/example_kubernetes_executor.py for tasks to queue
[2022-10-07T02:51:09.451+0000] {logging_mixin.py:117} INFO - [2022-10-07T02:51:09.451+0000] {dagbag.py:525} INFO - Filling up the DagBag from /home/airflow/.local/lib/python3.7/site-packages/airflow/example_dags/example_kubernetes_executor.py
[2022-10-07T02:51:09.496+0000] {processor.py:768} INFO - DAG(s) dict_keys(['example_kubernetes_executor']) retrieved from /home/airflow/.local/lib/python3.7/site-packages/airflow/example_dags/example_kubernetes_executor.py
[2022-10-07T02:51:09.550+0000] {logging_mixin.py:117} INFO - [2022-10-07T02:51:09.550+0000] {dag.py:2573} INFO - Sync 1 DAGs
[2022-10-07T02:51:09.590+0000] {logging_mixin.py:117} INFO - [2022-10-07T02:51:09.590+0000] {dag.py:3328} INFO - Setting next_dagrun for example_kubernetes_executor to None, run_after=None
[2022-10-07T02:51:09.623+0000] {processor.py:178} INFO - Processing /home/airflow/.local/lib/python3.7/site-packages/airflow/example_dags/example_kubernetes_executor.py took 0.180 seconds
[2022-10-07T02:51:39.932+0000] {processor.py:156} INFO - Started process (PID=3693) to work on /home/airflow/.local/lib/python3.7/site-packages/airflow/example_dags/example_kubernetes_executor.py
[2022-10-07T02:51:39.935+0000] {processor.py:758} INFO - Processing file /home/airflow/.local/lib/python3.7/site-packages/airflow/example_dags/example_kubernetes_executor.py for tasks to queue
[2022-10-07T02:51:39.937+0000] {logging_mixin.py:117} INFO - [2022-10-07T02:51:39.937+0000] {dagbag.py:525} INFO - Filling up the DagBag from /home/airflow/.local/lib/python3.7/site-packages/airflow/example_dags/example_kubernetes_executor.py
[2022-10-07T02:51:39.994+0000] {processor.py:768} INFO - DAG(s) dict_keys(['example_kubernetes_executor']) retrieved from /home/airflow/.local/lib/python3.7/site-packages/airflow/example_dags/example_kubernetes_executor.py
[2022-10-07T02:51:40.073+0000] {logging_mixin.py:117} INFO - [2022-10-07T02:51:40.072+0000] {dag.py:2573} INFO - Sync 1 DAGs
[2022-10-07T02:51:40.110+0000] {logging_mixin.py:117} INFO - [2022-10-07T02:51:40.110+0000] {dag.py:3328} INFO - Setting next_dagrun for example_kubernetes_executor to None, run_after=None
[2022-10-07T02:51:40.140+0000] {processor.py:178} INFO - Processing /home/airflow/.local/lib/python3.7/site-packages/airflow/example_dags/example_kubernetes_executor.py took 0.210 seconds
[2022-10-07T02:52:10.479+0000] {processor.py:156} INFO - Started process (PID=3749) to work on /home/airflow/.local/lib/python3.7/site-packages/airflow/example_dags/example_kubernetes_executor.py
[2022-10-07T02:52:10.480+0000] {processor.py:758} INFO - Processing file /home/airflow/.local/lib/python3.7/site-packages/airflow/example_dags/example_kubernetes_executor.py for tasks to queue
[2022-10-07T02:52:10.483+0000] {logging_mixin.py:117} INFO - [2022-10-07T02:52:10.482+0000] {dagbag.py:525} INFO - Filling up the DagBag from /home/airflow/.local/lib/python3.7/site-packages/airflow/example_dags/example_kubernetes_executor.py
[2022-10-07T02:52:10.529+0000] {processor.py:768} INFO - DAG(s) dict_keys(['example_kubernetes_executor']) retrieved from /home/airflow/.local/lib/python3.7/site-packages/airflow/example_dags/example_kubernetes_executor.py
[2022-10-07T02:52:10.594+0000] {logging_mixin.py:117} INFO - [2022-10-07T02:52:10.594+0000] {dag.py:2573} INFO - Sync 1 DAGs
[2022-10-07T02:52:10.650+0000] {logging_mixin.py:117} INFO - [2022-10-07T02:52:10.650+0000] {dag.py:3328} INFO - Setting next_dagrun for example_kubernetes_executor to None, run_after=None
[2022-10-07T02:52:10.682+0000] {processor.py:178} INFO - Processing /home/airflow/.local/lib/python3.7/site-packages/airflow/example_dags/example_kubernetes_executor.py took 0.208 seconds
[2022-10-07T02:52:41.251+0000] {processor.py:156} INFO - Started process (PID=3814) to work on /home/airflow/.local/lib/python3.7/site-packages/airflow/example_dags/example_kubernetes_executor.py
[2022-10-07T02:52:41.252+0000] {processor.py:758} INFO - Processing file /home/airflow/.local/lib/python3.7/site-packages/airflow/example_dags/example_kubernetes_executor.py for tasks to queue
[2022-10-07T02:52:41.253+0000] {logging_mixin.py:117} INFO - [2022-10-07T02:52:41.253+0000] {dagbag.py:525} INFO - Filling up the DagBag from /home/airflow/.local/lib/python3.7/site-packages/airflow/example_dags/example_kubernetes_executor.py
[2022-10-07T02:52:41.294+0000] {processor.py:768} INFO - DAG(s) dict_keys(['example_kubernetes_executor']) retrieved from /home/airflow/.local/lib/python3.7/site-packages/airflow/example_dags/example_kubernetes_executor.py
[2022-10-07T02:52:41.346+0000] {logging_mixin.py:117} INFO - [2022-10-07T02:52:41.346+0000] {dag.py:2573} INFO - Sync 1 DAGs
[2022-10-07T02:52:41.382+0000] {logging_mixin.py:117} INFO - [2022-10-07T02:52:41.381+0000] {dag.py:3328} INFO - Setting next_dagrun for example_kubernetes_executor to None, run_after=None
[2022-10-07T02:52:41.410+0000] {processor.py:178} INFO - Processing /home/airflow/.local/lib/python3.7/site-packages/airflow/example_dags/example_kubernetes_executor.py took 0.163 seconds
[2022-10-07T02:53:11.491+0000] {processor.py:156} INFO - Started process (PID=3870) to work on /home/airflow/.local/lib/python3.7/site-packages/airflow/example_dags/example_kubernetes_executor.py
[2022-10-07T02:53:11.493+0000] {processor.py:758} INFO - Processing file /home/airflow/.local/lib/python3.7/site-packages/airflow/example_dags/example_kubernetes_executor.py for tasks to queue
[2022-10-07T02:53:11.494+0000] {logging_mixin.py:117} INFO - [2022-10-07T02:53:11.494+0000] {dagbag.py:525} INFO - Filling up the DagBag from /home/airflow/.local/lib/python3.7/site-packages/airflow/example_dags/example_kubernetes_executor.py
[2022-10-07T02:53:11.544+0000] {processor.py:768} INFO - DAG(s) dict_keys(['example_kubernetes_executor']) retrieved from /home/airflow/.local/lib/python3.7/site-packages/airflow/example_dags/example_kubernetes_executor.py
[2022-10-07T02:53:11.622+0000] {logging_mixin.py:117} INFO - [2022-10-07T02:53:11.622+0000] {dag.py:2573} INFO - Sync 1 DAGs
[2022-10-07T02:53:11.662+0000] {logging_mixin.py:117} INFO - [2022-10-07T02:53:11.661+0000] {dag.py:3328} INFO - Setting next_dagrun for example_kubernetes_executor to None, run_after=None
[2022-10-07T02:53:11.696+0000] {processor.py:178} INFO - Processing /home/airflow/.local/lib/python3.7/site-packages/airflow/example_dags/example_kubernetes_executor.py took 0.209 seconds
[2022-10-07T02:53:41.842+0000] {processor.py:156} INFO - Started process (PID=3935) to work on /home/airflow/.local/lib/python3.7/site-packages/airflow/example_dags/example_kubernetes_executor.py
[2022-10-07T02:53:41.844+0000] {processor.py:758} INFO - Processing file /home/airflow/.local/lib/python3.7/site-packages/airflow/example_dags/example_kubernetes_executor.py for tasks to queue
[2022-10-07T02:53:41.845+0000] {logging_mixin.py:117} INFO - [2022-10-07T02:53:41.845+0000] {dagbag.py:525} INFO - Filling up the DagBag from /home/airflow/.local/lib/python3.7/site-packages/airflow/example_dags/example_kubernetes_executor.py
[2022-10-07T02:53:41.890+0000] {processor.py:768} INFO - DAG(s) dict_keys(['example_kubernetes_executor']) retrieved from /home/airflow/.local/lib/python3.7/site-packages/airflow/example_dags/example_kubernetes_executor.py
[2022-10-07T02:53:41.954+0000] {logging_mixin.py:117} INFO - [2022-10-07T02:53:41.954+0000] {dag.py:2573} INFO - Sync 1 DAGs
[2022-10-07T02:53:42.008+0000] {logging_mixin.py:117} INFO - [2022-10-07T02:53:42.008+0000] {dag.py:3328} INFO - Setting next_dagrun for example_kubernetes_executor to None, run_after=None
[2022-10-07T02:53:42.045+0000] {processor.py:178} INFO - Processing /home/airflow/.local/lib/python3.7/site-packages/airflow/example_dags/example_kubernetes_executor.py took 0.208 seconds
[2022-10-07T02:54:12.191+0000] {processor.py:156} INFO - Started process (PID=3991) to work on /home/airflow/.local/lib/python3.7/site-packages/airflow/example_dags/example_kubernetes_executor.py
[2022-10-07T02:54:12.192+0000] {processor.py:758} INFO - Processing file /home/airflow/.local/lib/python3.7/site-packages/airflow/example_dags/example_kubernetes_executor.py for tasks to queue
[2022-10-07T02:54:12.193+0000] {logging_mixin.py:117} INFO - [2022-10-07T02:54:12.193+0000] {dagbag.py:525} INFO - Filling up the DagBag from /home/airflow/.local/lib/python3.7/site-packages/airflow/example_dags/example_kubernetes_executor.py
[2022-10-07T02:54:12.235+0000] {processor.py:768} INFO - DAG(s) dict_keys(['example_kubernetes_executor']) retrieved from /home/airflow/.local/lib/python3.7/site-packages/airflow/example_dags/example_kubernetes_executor.py
[2022-10-07T02:54:12.289+0000] {logging_mixin.py:117} INFO - [2022-10-07T02:54:12.289+0000] {dag.py:2573} INFO - Sync 1 DAGs
[2022-10-07T02:54:12.328+0000] {logging_mixin.py:117} INFO - [2022-10-07T02:54:12.328+0000] {dag.py:3328} INFO - Setting next_dagrun for example_kubernetes_executor to None, run_after=None
[2022-10-07T02:54:12.358+0000] {processor.py:178} INFO - Processing /home/airflow/.local/lib/python3.7/site-packages/airflow/example_dags/example_kubernetes_executor.py took 0.171 seconds
[2022-10-07T02:54:42.717+0000] {processor.py:156} INFO - Started process (PID=4056) to work on /home/airflow/.local/lib/python3.7/site-packages/airflow/example_dags/example_kubernetes_executor.py
[2022-10-07T02:54:42.719+0000] {processor.py:758} INFO - Processing file /home/airflow/.local/lib/python3.7/site-packages/airflow/example_dags/example_kubernetes_executor.py for tasks to queue
[2022-10-07T02:54:42.720+0000] {logging_mixin.py:117} INFO - [2022-10-07T02:54:42.720+0000] {dagbag.py:525} INFO - Filling up the DagBag from /home/airflow/.local/lib/python3.7/site-packages/airflow/example_dags/example_kubernetes_executor.py
[2022-10-07T02:54:42.758+0000] {processor.py:768} INFO - DAG(s) dict_keys(['example_kubernetes_executor']) retrieved from /home/airflow/.local/lib/python3.7/site-packages/airflow/example_dags/example_kubernetes_executor.py
[2022-10-07T02:54:42.817+0000] {logging_mixin.py:117} INFO - [2022-10-07T02:54:42.817+0000] {dag.py:2573} INFO - Sync 1 DAGs
[2022-10-07T02:54:42.864+0000] {logging_mixin.py:117} INFO - [2022-10-07T02:54:42.863+0000] {dag.py:3328} INFO - Setting next_dagrun for example_kubernetes_executor to None, run_after=None
[2022-10-07T02:54:42.895+0000] {processor.py:178} INFO - Processing /home/airflow/.local/lib/python3.7/site-packages/airflow/example_dags/example_kubernetes_executor.py took 0.184 seconds
[2022-10-07T02:55:13.485+0000] {processor.py:156} INFO - Started process (PID=4112) to work on /home/airflow/.local/lib/python3.7/site-packages/airflow/example_dags/example_kubernetes_executor.py
[2022-10-07T02:55:13.486+0000] {processor.py:758} INFO - Processing file /home/airflow/.local/lib/python3.7/site-packages/airflow/example_dags/example_kubernetes_executor.py for tasks to queue
[2022-10-07T02:55:13.487+0000] {logging_mixin.py:117} INFO - [2022-10-07T02:55:13.487+0000] {dagbag.py:525} INFO - Filling up the DagBag from /home/airflow/.local/lib/python3.7/site-packages/airflow/example_dags/example_kubernetes_executor.py
[2022-10-07T02:55:13.534+0000] {processor.py:768} INFO - DAG(s) dict_keys(['example_kubernetes_executor']) retrieved from /home/airflow/.local/lib/python3.7/site-packages/airflow/example_dags/example_kubernetes_executor.py
[2022-10-07T02:55:13.588+0000] {logging_mixin.py:117} INFO - [2022-10-07T02:55:13.588+0000] {dag.py:2573} INFO - Sync 1 DAGs
[2022-10-07T02:55:13.622+0000] {logging_mixin.py:117} INFO - [2022-10-07T02:55:13.622+0000] {dag.py:3328} INFO - Setting next_dagrun for example_kubernetes_executor to None, run_after=None
[2022-10-07T02:55:13.662+0000] {processor.py:178} INFO - Processing /home/airflow/.local/lib/python3.7/site-packages/airflow/example_dags/example_kubernetes_executor.py took 0.180 seconds
