[2022-10-07T02:44:06.367+0000] {processor.py:156} INFO - Started process (PID=2801) to work on /home/airflow/.local/lib/python3.7/site-packages/airflow/example_dags/example_bash_operator.py
[2022-10-07T02:44:06.368+0000] {processor.py:758} INFO - Processing file /home/airflow/.local/lib/python3.7/site-packages/airflow/example_dags/example_bash_operator.py for tasks to queue
[2022-10-07T02:44:06.369+0000] {logging_mixin.py:117} INFO - [2022-10-07T02:44:06.369+0000] {dagbag.py:525} INFO - Filling up the DagBag from /home/airflow/.local/lib/python3.7/site-packages/airflow/example_dags/example_bash_operator.py
[2022-10-07T02:44:06.403+0000] {processor.py:768} INFO - DAG(s) dict_keys(['example_bash_operator']) retrieved from /home/airflow/.local/lib/python3.7/site-packages/airflow/example_dags/example_bash_operator.py
[2022-10-07T02:44:06.474+0000] {logging_mixin.py:117} INFO - [2022-10-07T02:44:06.474+0000] {dag.py:2573} INFO - Sync 1 DAGs
[2022-10-07T02:44:06.508+0000] {logging_mixin.py:117} INFO - [2022-10-07T02:44:06.507+0000] {dag.py:3328} INFO - Setting next_dagrun for example_bash_operator to 2022-10-06T00:00:00+00:00, run_after=2022-10-07T00:00:00+00:00
[2022-10-07T02:44:06.533+0000] {processor.py:178} INFO - Processing /home/airflow/.local/lib/python3.7/site-packages/airflow/example_dags/example_bash_operator.py took 0.170 seconds
[2022-10-07T02:44:37.180+0000] {processor.py:156} INFO - Started process (PID=2857) to work on /home/airflow/.local/lib/python3.7/site-packages/airflow/example_dags/example_bash_operator.py
[2022-10-07T02:44:37.182+0000] {processor.py:758} INFO - Processing file /home/airflow/.local/lib/python3.7/site-packages/airflow/example_dags/example_bash_operator.py for tasks to queue
[2022-10-07T02:44:37.183+0000] {logging_mixin.py:117} INFO - [2022-10-07T02:44:37.183+0000] {dagbag.py:525} INFO - Filling up the DagBag from /home/airflow/.local/lib/python3.7/site-packages/airflow/example_dags/example_bash_operator.py
[2022-10-07T02:44:37.211+0000] {processor.py:768} INFO - DAG(s) dict_keys(['example_bash_operator']) retrieved from /home/airflow/.local/lib/python3.7/site-packages/airflow/example_dags/example_bash_operator.py
[2022-10-07T02:44:37.284+0000] {logging_mixin.py:117} INFO - [2022-10-07T02:44:37.283+0000] {dag.py:2573} INFO - Sync 1 DAGs
[2022-10-07T02:44:37.327+0000] {logging_mixin.py:117} INFO - [2022-10-07T02:44:37.326+0000] {dag.py:3328} INFO - Setting next_dagrun for example_bash_operator to 2022-10-06T00:00:00+00:00, run_after=2022-10-07T00:00:00+00:00
[2022-10-07T02:44:37.364+0000] {processor.py:178} INFO - Processing /home/airflow/.local/lib/python3.7/site-packages/airflow/example_dags/example_bash_operator.py took 0.187 seconds
[2022-10-07T02:45:08.188+0000] {processor.py:156} INFO - Started process (PID=2922) to work on /home/airflow/.local/lib/python3.7/site-packages/airflow/example_dags/example_bash_operator.py
[2022-10-07T02:45:08.189+0000] {processor.py:758} INFO - Processing file /home/airflow/.local/lib/python3.7/site-packages/airflow/example_dags/example_bash_operator.py for tasks to queue
[2022-10-07T02:45:08.190+0000] {logging_mixin.py:117} INFO - [2022-10-07T02:45:08.190+0000] {dagbag.py:525} INFO - Filling up the DagBag from /home/airflow/.local/lib/python3.7/site-packages/airflow/example_dags/example_bash_operator.py
[2022-10-07T02:45:08.211+0000] {processor.py:768} INFO - DAG(s) dict_keys(['example_bash_operator']) retrieved from /home/airflow/.local/lib/python3.7/site-packages/airflow/example_dags/example_bash_operator.py
[2022-10-07T02:45:08.258+0000] {logging_mixin.py:117} INFO - [2022-10-07T02:45:08.258+0000] {dag.py:2573} INFO - Sync 1 DAGs
[2022-10-07T02:45:08.284+0000] {logging_mixin.py:117} INFO - [2022-10-07T02:45:08.284+0000] {dag.py:3328} INFO - Setting next_dagrun for example_bash_operator to 2022-10-06T00:00:00+00:00, run_after=2022-10-07T00:00:00+00:00
[2022-10-07T02:45:08.314+0000] {processor.py:178} INFO - Processing /home/airflow/.local/lib/python3.7/site-packages/airflow/example_dags/example_bash_operator.py took 0.128 seconds
[2022-10-07T02:45:38.731+0000] {processor.py:156} INFO - Started process (PID=2984) to work on /home/airflow/.local/lib/python3.7/site-packages/airflow/example_dags/example_bash_operator.py
[2022-10-07T02:45:38.732+0000] {processor.py:758} INFO - Processing file /home/airflow/.local/lib/python3.7/site-packages/airflow/example_dags/example_bash_operator.py for tasks to queue
[2022-10-07T02:45:38.733+0000] {logging_mixin.py:117} INFO - [2022-10-07T02:45:38.733+0000] {dagbag.py:525} INFO - Filling up the DagBag from /home/airflow/.local/lib/python3.7/site-packages/airflow/example_dags/example_bash_operator.py
[2022-10-07T02:45:38.765+0000] {processor.py:768} INFO - DAG(s) dict_keys(['example_bash_operator']) retrieved from /home/airflow/.local/lib/python3.7/site-packages/airflow/example_dags/example_bash_operator.py
[2022-10-07T02:45:38.845+0000] {logging_mixin.py:117} INFO - [2022-10-07T02:45:38.845+0000] {dag.py:2573} INFO - Sync 1 DAGs
[2022-10-07T02:45:38.903+0000] {logging_mixin.py:117} INFO - [2022-10-07T02:45:38.902+0000] {dag.py:3328} INFO - Setting next_dagrun for example_bash_operator to 2022-10-06T00:00:00+00:00, run_after=2022-10-07T00:00:00+00:00
[2022-10-07T02:45:38.934+0000] {processor.py:178} INFO - Processing /home/airflow/.local/lib/python3.7/site-packages/airflow/example_dags/example_bash_operator.py took 0.206 seconds
[2022-10-07T02:46:09.643+0000] {processor.py:156} INFO - Started process (PID=3043) to work on /home/airflow/.local/lib/python3.7/site-packages/airflow/example_dags/example_bash_operator.py
[2022-10-07T02:46:09.644+0000] {processor.py:758} INFO - Processing file /home/airflow/.local/lib/python3.7/site-packages/airflow/example_dags/example_bash_operator.py for tasks to queue
[2022-10-07T02:46:09.645+0000] {logging_mixin.py:117} INFO - [2022-10-07T02:46:09.645+0000] {dagbag.py:525} INFO - Filling up the DagBag from /home/airflow/.local/lib/python3.7/site-packages/airflow/example_dags/example_bash_operator.py
[2022-10-07T02:46:09.673+0000] {processor.py:768} INFO - DAG(s) dict_keys(['example_bash_operator']) retrieved from /home/airflow/.local/lib/python3.7/site-packages/airflow/example_dags/example_bash_operator.py
[2022-10-07T02:46:09.738+0000] {logging_mixin.py:117} INFO - [2022-10-07T02:46:09.738+0000] {dag.py:2573} INFO - Sync 1 DAGs
[2022-10-07T02:46:09.769+0000] {logging_mixin.py:117} INFO - [2022-10-07T02:46:09.769+0000] {dag.py:3328} INFO - Setting next_dagrun for example_bash_operator to 2022-10-06T00:00:00+00:00, run_after=2022-10-07T00:00:00+00:00
[2022-10-07T02:46:09.793+0000] {processor.py:178} INFO - Processing /home/airflow/.local/lib/python3.7/site-packages/airflow/example_dags/example_bash_operator.py took 0.152 seconds
[2022-10-07T02:46:39.868+0000] {processor.py:156} INFO - Started process (PID=3107) to work on /home/airflow/.local/lib/python3.7/site-packages/airflow/example_dags/example_bash_operator.py
[2022-10-07T02:46:39.869+0000] {processor.py:758} INFO - Processing file /home/airflow/.local/lib/python3.7/site-packages/airflow/example_dags/example_bash_operator.py for tasks to queue
[2022-10-07T02:46:39.870+0000] {logging_mixin.py:117} INFO - [2022-10-07T02:46:39.870+0000] {dagbag.py:525} INFO - Filling up the DagBag from /home/airflow/.local/lib/python3.7/site-packages/airflow/example_dags/example_bash_operator.py
[2022-10-07T02:46:39.901+0000] {processor.py:768} INFO - DAG(s) dict_keys(['example_bash_operator']) retrieved from /home/airflow/.local/lib/python3.7/site-packages/airflow/example_dags/example_bash_operator.py
[2022-10-07T02:46:39.970+0000] {logging_mixin.py:117} INFO - [2022-10-07T02:46:39.970+0000] {dag.py:2573} INFO - Sync 1 DAGs
[2022-10-07T02:46:40.008+0000] {logging_mixin.py:117} INFO - [2022-10-07T02:46:40.007+0000] {dag.py:3328} INFO - Setting next_dagrun for example_bash_operator to 2022-10-06T00:00:00+00:00, run_after=2022-10-07T00:00:00+00:00
[2022-10-07T02:46:40.034+0000] {processor.py:178} INFO - Processing /home/airflow/.local/lib/python3.7/site-packages/airflow/example_dags/example_bash_operator.py took 0.170 seconds
[2022-10-07T02:47:10.377+0000] {processor.py:156} INFO - Started process (PID=3163) to work on /home/airflow/.local/lib/python3.7/site-packages/airflow/example_dags/example_bash_operator.py
[2022-10-07T02:47:10.379+0000] {processor.py:758} INFO - Processing file /home/airflow/.local/lib/python3.7/site-packages/airflow/example_dags/example_bash_operator.py for tasks to queue
[2022-10-07T02:47:10.380+0000] {logging_mixin.py:117} INFO - [2022-10-07T02:47:10.380+0000] {dagbag.py:525} INFO - Filling up the DagBag from /home/airflow/.local/lib/python3.7/site-packages/airflow/example_dags/example_bash_operator.py
[2022-10-07T02:47:10.402+0000] {processor.py:768} INFO - DAG(s) dict_keys(['example_bash_operator']) retrieved from /home/airflow/.local/lib/python3.7/site-packages/airflow/example_dags/example_bash_operator.py
[2022-10-07T02:47:10.454+0000] {logging_mixin.py:117} INFO - [2022-10-07T02:47:10.453+0000] {dag.py:2573} INFO - Sync 1 DAGs
[2022-10-07T02:47:10.484+0000] {logging_mixin.py:117} INFO - [2022-10-07T02:47:10.484+0000] {dag.py:3328} INFO - Setting next_dagrun for example_bash_operator to 2022-10-06T00:00:00+00:00, run_after=2022-10-07T00:00:00+00:00
[2022-10-07T02:47:10.511+0000] {processor.py:178} INFO - Processing /home/airflow/.local/lib/python3.7/site-packages/airflow/example_dags/example_bash_operator.py took 0.136 seconds
[2022-10-07T02:47:41.443+0000] {processor.py:156} INFO - Started process (PID=3228) to work on /home/airflow/.local/lib/python3.7/site-packages/airflow/example_dags/example_bash_operator.py
[2022-10-07T02:47:41.444+0000] {processor.py:758} INFO - Processing file /home/airflow/.local/lib/python3.7/site-packages/airflow/example_dags/example_bash_operator.py for tasks to queue
[2022-10-07T02:47:41.445+0000] {logging_mixin.py:117} INFO - [2022-10-07T02:47:41.445+0000] {dagbag.py:525} INFO - Filling up the DagBag from /home/airflow/.local/lib/python3.7/site-packages/airflow/example_dags/example_bash_operator.py
[2022-10-07T02:47:41.478+0000] {processor.py:768} INFO - DAG(s) dict_keys(['example_bash_operator']) retrieved from /home/airflow/.local/lib/python3.7/site-packages/airflow/example_dags/example_bash_operator.py
[2022-10-07T02:47:41.560+0000] {logging_mixin.py:117} INFO - [2022-10-07T02:47:41.560+0000] {dag.py:2573} INFO - Sync 1 DAGs
[2022-10-07T02:47:41.609+0000] {logging_mixin.py:117} INFO - [2022-10-07T02:47:41.609+0000] {dag.py:3328} INFO - Setting next_dagrun for example_bash_operator to 2022-10-06T00:00:00+00:00, run_after=2022-10-07T00:00:00+00:00
[2022-10-07T02:47:41.642+0000] {processor.py:178} INFO - Processing /home/airflow/.local/lib/python3.7/site-packages/airflow/example_dags/example_bash_operator.py took 0.204 seconds
[2022-10-07T02:48:12.403+0000] {processor.py:156} INFO - Started process (PID=3285) to work on /home/airflow/.local/lib/python3.7/site-packages/airflow/example_dags/example_bash_operator.py
[2022-10-07T02:48:12.404+0000] {processor.py:758} INFO - Processing file /home/airflow/.local/lib/python3.7/site-packages/airflow/example_dags/example_bash_operator.py for tasks to queue
[2022-10-07T02:48:12.405+0000] {logging_mixin.py:117} INFO - [2022-10-07T02:48:12.405+0000] {dagbag.py:525} INFO - Filling up the DagBag from /home/airflow/.local/lib/python3.7/site-packages/airflow/example_dags/example_bash_operator.py
[2022-10-07T02:48:12.436+0000] {processor.py:768} INFO - DAG(s) dict_keys(['example_bash_operator']) retrieved from /home/airflow/.local/lib/python3.7/site-packages/airflow/example_dags/example_bash_operator.py
[2022-10-07T02:48:12.514+0000] {logging_mixin.py:117} INFO - [2022-10-07T02:48:12.513+0000] {dag.py:2573} INFO - Sync 1 DAGs
[2022-10-07T02:48:12.562+0000] {logging_mixin.py:117} INFO - [2022-10-07T02:48:12.562+0000] {dag.py:3328} INFO - Setting next_dagrun for example_bash_operator to 2022-10-06T00:00:00+00:00, run_after=2022-10-07T00:00:00+00:00
[2022-10-07T02:48:12.600+0000] {processor.py:178} INFO - Processing /home/airflow/.local/lib/python3.7/site-packages/airflow/example_dags/example_bash_operator.py took 0.202 seconds
[2022-10-07T02:48:43.538+0000] {processor.py:156} INFO - Started process (PID=3351) to work on /home/airflow/.local/lib/python3.7/site-packages/airflow/example_dags/example_bash_operator.py
[2022-10-07T02:48:43.539+0000] {processor.py:758} INFO - Processing file /home/airflow/.local/lib/python3.7/site-packages/airflow/example_dags/example_bash_operator.py for tasks to queue
[2022-10-07T02:48:43.540+0000] {logging_mixin.py:117} INFO - [2022-10-07T02:48:43.540+0000] {dagbag.py:525} INFO - Filling up the DagBag from /home/airflow/.local/lib/python3.7/site-packages/airflow/example_dags/example_bash_operator.py
[2022-10-07T02:48:43.564+0000] {processor.py:768} INFO - DAG(s) dict_keys(['example_bash_operator']) retrieved from /home/airflow/.local/lib/python3.7/site-packages/airflow/example_dags/example_bash_operator.py
[2022-10-07T02:48:43.621+0000] {logging_mixin.py:117} INFO - [2022-10-07T02:48:43.620+0000] {dag.py:2573} INFO - Sync 1 DAGs
[2022-10-07T02:48:43.655+0000] {logging_mixin.py:117} INFO - [2022-10-07T02:48:43.655+0000] {dag.py:3328} INFO - Setting next_dagrun for example_bash_operator to 2022-10-06T00:00:00+00:00, run_after=2022-10-07T00:00:00+00:00
[2022-10-07T02:48:43.684+0000] {processor.py:178} INFO - Processing /home/airflow/.local/lib/python3.7/site-packages/airflow/example_dags/example_bash_operator.py took 0.149 seconds
[2022-10-07T02:49:14.111+0000] {processor.py:156} INFO - Started process (PID=3407) to work on /home/airflow/.local/lib/python3.7/site-packages/airflow/example_dags/example_bash_operator.py
[2022-10-07T02:49:14.113+0000] {processor.py:758} INFO - Processing file /home/airflow/.local/lib/python3.7/site-packages/airflow/example_dags/example_bash_operator.py for tasks to queue
[2022-10-07T02:49:14.114+0000] {logging_mixin.py:117} INFO - [2022-10-07T02:49:14.114+0000] {dagbag.py:525} INFO - Filling up the DagBag from /home/airflow/.local/lib/python3.7/site-packages/airflow/example_dags/example_bash_operator.py
[2022-10-07T02:49:14.143+0000] {processor.py:768} INFO - DAG(s) dict_keys(['example_bash_operator']) retrieved from /home/airflow/.local/lib/python3.7/site-packages/airflow/example_dags/example_bash_operator.py
[2022-10-07T02:49:14.219+0000] {logging_mixin.py:117} INFO - [2022-10-07T02:49:14.219+0000] {dag.py:2573} INFO - Sync 1 DAGs
[2022-10-07T02:49:14.261+0000] {logging_mixin.py:117} INFO - [2022-10-07T02:49:14.261+0000] {dag.py:3328} INFO - Setting next_dagrun for example_bash_operator to 2022-10-06T00:00:00+00:00, run_after=2022-10-07T00:00:00+00:00
[2022-10-07T02:49:14.288+0000] {processor.py:178} INFO - Processing /home/airflow/.local/lib/python3.7/site-packages/airflow/example_dags/example_bash_operator.py took 0.179 seconds
[2022-10-07T02:49:44.603+0000] {processor.py:156} INFO - Started process (PID=3471) to work on /home/airflow/.local/lib/python3.7/site-packages/airflow/example_dags/example_bash_operator.py
[2022-10-07T02:49:44.604+0000] {processor.py:758} INFO - Processing file /home/airflow/.local/lib/python3.7/site-packages/airflow/example_dags/example_bash_operator.py for tasks to queue
[2022-10-07T02:49:44.605+0000] {logging_mixin.py:117} INFO - [2022-10-07T02:49:44.605+0000] {dagbag.py:525} INFO - Filling up the DagBag from /home/airflow/.local/lib/python3.7/site-packages/airflow/example_dags/example_bash_operator.py
[2022-10-07T02:49:44.636+0000] {processor.py:768} INFO - DAG(s) dict_keys(['example_bash_operator']) retrieved from /home/airflow/.local/lib/python3.7/site-packages/airflow/example_dags/example_bash_operator.py
[2022-10-07T02:49:44.704+0000] {logging_mixin.py:117} INFO - [2022-10-07T02:49:44.704+0000] {dag.py:2573} INFO - Sync 1 DAGs
[2022-10-07T02:49:44.752+0000] {logging_mixin.py:117} INFO - [2022-10-07T02:49:44.752+0000] {dag.py:3328} INFO - Setting next_dagrun for example_bash_operator to 2022-10-06T00:00:00+00:00, run_after=2022-10-07T00:00:00+00:00
[2022-10-07T02:49:44.778+0000] {processor.py:178} INFO - Processing /home/airflow/.local/lib/python3.7/site-packages/airflow/example_dags/example_bash_operator.py took 0.178 seconds
[2022-10-07T02:50:14.819+0000] {processor.py:156} INFO - Started process (PID=3527) to work on /home/airflow/.local/lib/python3.7/site-packages/airflow/example_dags/example_bash_operator.py
[2022-10-07T02:50:14.820+0000] {processor.py:758} INFO - Processing file /home/airflow/.local/lib/python3.7/site-packages/airflow/example_dags/example_bash_operator.py for tasks to queue
[2022-10-07T02:50:14.821+0000] {logging_mixin.py:117} INFO - [2022-10-07T02:50:14.821+0000] {dagbag.py:525} INFO - Filling up the DagBag from /home/airflow/.local/lib/python3.7/site-packages/airflow/example_dags/example_bash_operator.py
[2022-10-07T02:50:14.841+0000] {processor.py:768} INFO - DAG(s) dict_keys(['example_bash_operator']) retrieved from /home/airflow/.local/lib/python3.7/site-packages/airflow/example_dags/example_bash_operator.py
[2022-10-07T02:50:14.892+0000] {logging_mixin.py:117} INFO - [2022-10-07T02:50:14.891+0000] {dag.py:2573} INFO - Sync 1 DAGs
[2022-10-07T02:50:14.922+0000] {logging_mixin.py:117} INFO - [2022-10-07T02:50:14.922+0000] {dag.py:3328} INFO - Setting next_dagrun for example_bash_operator to 2022-10-06T00:00:00+00:00, run_after=2022-10-07T00:00:00+00:00
[2022-10-07T02:50:14.944+0000] {processor.py:178} INFO - Processing /home/airflow/.local/lib/python3.7/site-packages/airflow/example_dags/example_bash_operator.py took 0.127 seconds
[2022-10-07T02:50:45.001+0000] {processor.py:156} INFO - Started process (PID=3592) to work on /home/airflow/.local/lib/python3.7/site-packages/airflow/example_dags/example_bash_operator.py
[2022-10-07T02:50:45.002+0000] {processor.py:758} INFO - Processing file /home/airflow/.local/lib/python3.7/site-packages/airflow/example_dags/example_bash_operator.py for tasks to queue
[2022-10-07T02:50:45.003+0000] {logging_mixin.py:117} INFO - [2022-10-07T02:50:45.003+0000] {dagbag.py:525} INFO - Filling up the DagBag from /home/airflow/.local/lib/python3.7/site-packages/airflow/example_dags/example_bash_operator.py
[2022-10-07T02:50:45.022+0000] {processor.py:768} INFO - DAG(s) dict_keys(['example_bash_operator']) retrieved from /home/airflow/.local/lib/python3.7/site-packages/airflow/example_dags/example_bash_operator.py
[2022-10-07T02:50:45.070+0000] {logging_mixin.py:117} INFO - [2022-10-07T02:50:45.070+0000] {dag.py:2573} INFO - Sync 1 DAGs
[2022-10-07T02:50:45.098+0000] {logging_mixin.py:117} INFO - [2022-10-07T02:50:45.098+0000] {dag.py:3328} INFO - Setting next_dagrun for example_bash_operator to 2022-10-06T00:00:00+00:00, run_after=2022-10-07T00:00:00+00:00
[2022-10-07T02:50:45.123+0000] {processor.py:178} INFO - Processing /home/airflow/.local/lib/python3.7/site-packages/airflow/example_dags/example_bash_operator.py took 0.124 seconds
[2022-10-07T02:51:15.893+0000] {processor.py:156} INFO - Started process (PID=3656) to work on /home/airflow/.local/lib/python3.7/site-packages/airflow/example_dags/example_bash_operator.py
[2022-10-07T02:51:15.895+0000] {processor.py:758} INFO - Processing file /home/airflow/.local/lib/python3.7/site-packages/airflow/example_dags/example_bash_operator.py for tasks to queue
[2022-10-07T02:51:15.896+0000] {logging_mixin.py:117} INFO - [2022-10-07T02:51:15.896+0000] {dagbag.py:525} INFO - Filling up the DagBag from /home/airflow/.local/lib/python3.7/site-packages/airflow/example_dags/example_bash_operator.py
[2022-10-07T02:51:15.925+0000] {processor.py:768} INFO - DAG(s) dict_keys(['example_bash_operator']) retrieved from /home/airflow/.local/lib/python3.7/site-packages/airflow/example_dags/example_bash_operator.py
[2022-10-07T02:51:16.016+0000] {logging_mixin.py:117} INFO - [2022-10-07T02:51:16.015+0000] {dag.py:2573} INFO - Sync 1 DAGs
[2022-10-07T02:51:16.065+0000] {logging_mixin.py:117} INFO - [2022-10-07T02:51:16.065+0000] {dag.py:3328} INFO - Setting next_dagrun for example_bash_operator to 2022-10-06T00:00:00+00:00, run_after=2022-10-07T00:00:00+00:00
[2022-10-07T02:51:16.113+0000] {processor.py:178} INFO - Processing /home/airflow/.local/lib/python3.7/site-packages/airflow/example_dags/example_bash_operator.py took 0.223 seconds
[2022-10-07T02:51:46.808+0000] {processor.py:156} INFO - Started process (PID=3712) to work on /home/airflow/.local/lib/python3.7/site-packages/airflow/example_dags/example_bash_operator.py
[2022-10-07T02:51:46.809+0000] {processor.py:758} INFO - Processing file /home/airflow/.local/lib/python3.7/site-packages/airflow/example_dags/example_bash_operator.py for tasks to queue
[2022-10-07T02:51:46.810+0000] {logging_mixin.py:117} INFO - [2022-10-07T02:51:46.810+0000] {dagbag.py:525} INFO - Filling up the DagBag from /home/airflow/.local/lib/python3.7/site-packages/airflow/example_dags/example_bash_operator.py
[2022-10-07T02:51:46.843+0000] {processor.py:768} INFO - DAG(s) dict_keys(['example_bash_operator']) retrieved from /home/airflow/.local/lib/python3.7/site-packages/airflow/example_dags/example_bash_operator.py
[2022-10-07T02:51:46.926+0000] {logging_mixin.py:117} INFO - [2022-10-07T02:51:46.925+0000] {dag.py:2573} INFO - Sync 1 DAGs
[2022-10-07T02:51:46.973+0000] {logging_mixin.py:117} INFO - [2022-10-07T02:51:46.973+0000] {dag.py:3328} INFO - Setting next_dagrun for example_bash_operator to 2022-10-06T00:00:00+00:00, run_after=2022-10-07T00:00:00+00:00
[2022-10-07T02:51:47.014+0000] {processor.py:178} INFO - Processing /home/airflow/.local/lib/python3.7/site-packages/airflow/example_dags/example_bash_operator.py took 0.212 seconds
[2022-10-07T02:52:17.615+0000] {processor.py:156} INFO - Started process (PID=3777) to work on /home/airflow/.local/lib/python3.7/site-packages/airflow/example_dags/example_bash_operator.py
[2022-10-07T02:52:17.616+0000] {processor.py:758} INFO - Processing file /home/airflow/.local/lib/python3.7/site-packages/airflow/example_dags/example_bash_operator.py for tasks to queue
[2022-10-07T02:52:17.618+0000] {logging_mixin.py:117} INFO - [2022-10-07T02:52:17.617+0000] {dagbag.py:525} INFO - Filling up the DagBag from /home/airflow/.local/lib/python3.7/site-packages/airflow/example_dags/example_bash_operator.py
[2022-10-07T02:52:17.641+0000] {processor.py:768} INFO - DAG(s) dict_keys(['example_bash_operator']) retrieved from /home/airflow/.local/lib/python3.7/site-packages/airflow/example_dags/example_bash_operator.py
[2022-10-07T02:52:17.702+0000] {logging_mixin.py:117} INFO - [2022-10-07T02:52:17.702+0000] {dag.py:2573} INFO - Sync 1 DAGs
[2022-10-07T02:52:17.735+0000] {logging_mixin.py:117} INFO - [2022-10-07T02:52:17.735+0000] {dag.py:3328} INFO - Setting next_dagrun for example_bash_operator to 2022-10-06T00:00:00+00:00, run_after=2022-10-07T00:00:00+00:00
[2022-10-07T02:52:17.772+0000] {processor.py:178} INFO - Processing /home/airflow/.local/lib/python3.7/site-packages/airflow/example_dags/example_bash_operator.py took 0.160 seconds
[2022-10-07T02:52:48.600+0000] {processor.py:156} INFO - Started process (PID=3833) to work on /home/airflow/.local/lib/python3.7/site-packages/airflow/example_dags/example_bash_operator.py
[2022-10-07T02:52:48.601+0000] {processor.py:758} INFO - Processing file /home/airflow/.local/lib/python3.7/site-packages/airflow/example_dags/example_bash_operator.py for tasks to queue
[2022-10-07T02:52:48.602+0000] {logging_mixin.py:117} INFO - [2022-10-07T02:52:48.602+0000] {dagbag.py:525} INFO - Filling up the DagBag from /home/airflow/.local/lib/python3.7/site-packages/airflow/example_dags/example_bash_operator.py
[2022-10-07T02:52:48.632+0000] {processor.py:768} INFO - DAG(s) dict_keys(['example_bash_operator']) retrieved from /home/airflow/.local/lib/python3.7/site-packages/airflow/example_dags/example_bash_operator.py
[2022-10-07T02:52:48.704+0000] {logging_mixin.py:117} INFO - [2022-10-07T02:52:48.704+0000] {dag.py:2573} INFO - Sync 1 DAGs
[2022-10-07T02:52:48.742+0000] {logging_mixin.py:117} INFO - [2022-10-07T02:52:48.742+0000] {dag.py:3328} INFO - Setting next_dagrun for example_bash_operator to 2022-10-06T00:00:00+00:00, run_after=2022-10-07T00:00:00+00:00
[2022-10-07T02:52:48.780+0000] {processor.py:178} INFO - Processing /home/airflow/.local/lib/python3.7/site-packages/airflow/example_dags/example_bash_operator.py took 0.183 seconds
[2022-10-07T02:53:19.056+0000] {processor.py:156} INFO - Started process (PID=3898) to work on /home/airflow/.local/lib/python3.7/site-packages/airflow/example_dags/example_bash_operator.py
[2022-10-07T02:53:19.058+0000] {processor.py:758} INFO - Processing file /home/airflow/.local/lib/python3.7/site-packages/airflow/example_dags/example_bash_operator.py for tasks to queue
[2022-10-07T02:53:19.059+0000] {logging_mixin.py:117} INFO - [2022-10-07T02:53:19.059+0000] {dagbag.py:525} INFO - Filling up the DagBag from /home/airflow/.local/lib/python3.7/site-packages/airflow/example_dags/example_bash_operator.py
[2022-10-07T02:53:19.087+0000] {processor.py:768} INFO - DAG(s) dict_keys(['example_bash_operator']) retrieved from /home/airflow/.local/lib/python3.7/site-packages/airflow/example_dags/example_bash_operator.py
[2022-10-07T02:53:19.162+0000] {logging_mixin.py:117} INFO - [2022-10-07T02:53:19.162+0000] {dag.py:2573} INFO - Sync 1 DAGs
[2022-10-07T02:53:19.195+0000] {logging_mixin.py:117} INFO - [2022-10-07T02:53:19.195+0000] {dag.py:3328} INFO - Setting next_dagrun for example_bash_operator to 2022-10-06T00:00:00+00:00, run_after=2022-10-07T00:00:00+00:00
[2022-10-07T02:53:19.233+0000] {processor.py:178} INFO - Processing /home/airflow/.local/lib/python3.7/site-packages/airflow/example_dags/example_bash_operator.py took 0.180 seconds
[2022-10-07T02:53:49.515+0000] {processor.py:156} INFO - Started process (PID=3954) to work on /home/airflow/.local/lib/python3.7/site-packages/airflow/example_dags/example_bash_operator.py
[2022-10-07T02:53:49.516+0000] {processor.py:758} INFO - Processing file /home/airflow/.local/lib/python3.7/site-packages/airflow/example_dags/example_bash_operator.py for tasks to queue
[2022-10-07T02:53:49.517+0000] {logging_mixin.py:117} INFO - [2022-10-07T02:53:49.517+0000] {dagbag.py:525} INFO - Filling up the DagBag from /home/airflow/.local/lib/python3.7/site-packages/airflow/example_dags/example_bash_operator.py
[2022-10-07T02:53:49.550+0000] {processor.py:768} INFO - DAG(s) dict_keys(['example_bash_operator']) retrieved from /home/airflow/.local/lib/python3.7/site-packages/airflow/example_dags/example_bash_operator.py
[2022-10-07T02:53:49.622+0000] {logging_mixin.py:117} INFO - [2022-10-07T02:53:49.622+0000] {dag.py:2573} INFO - Sync 1 DAGs
[2022-10-07T02:53:49.674+0000] {logging_mixin.py:117} INFO - [2022-10-07T02:53:49.674+0000] {dag.py:3328} INFO - Setting next_dagrun for example_bash_operator to 2022-10-06T00:00:00+00:00, run_after=2022-10-07T00:00:00+00:00
[2022-10-07T02:53:49.704+0000] {processor.py:178} INFO - Processing /home/airflow/.local/lib/python3.7/site-packages/airflow/example_dags/example_bash_operator.py took 0.192 seconds
[2022-10-07T02:54:19.775+0000] {processor.py:156} INFO - Started process (PID=4019) to work on /home/airflow/.local/lib/python3.7/site-packages/airflow/example_dags/example_bash_operator.py
[2022-10-07T02:54:19.776+0000] {processor.py:758} INFO - Processing file /home/airflow/.local/lib/python3.7/site-packages/airflow/example_dags/example_bash_operator.py for tasks to queue
[2022-10-07T02:54:19.778+0000] {logging_mixin.py:117} INFO - [2022-10-07T02:54:19.778+0000] {dagbag.py:525} INFO - Filling up the DagBag from /home/airflow/.local/lib/python3.7/site-packages/airflow/example_dags/example_bash_operator.py
[2022-10-07T02:54:19.806+0000] {processor.py:768} INFO - DAG(s) dict_keys(['example_bash_operator']) retrieved from /home/airflow/.local/lib/python3.7/site-packages/airflow/example_dags/example_bash_operator.py
[2022-10-07T02:54:19.873+0000] {logging_mixin.py:117} INFO - [2022-10-07T02:54:19.873+0000] {dag.py:2573} INFO - Sync 1 DAGs
[2022-10-07T02:54:19.909+0000] {logging_mixin.py:117} INFO - [2022-10-07T02:54:19.908+0000] {dag.py:3328} INFO - Setting next_dagrun for example_bash_operator to 2022-10-06T00:00:00+00:00, run_after=2022-10-07T00:00:00+00:00
[2022-10-07T02:54:19.944+0000] {processor.py:178} INFO - Processing /home/airflow/.local/lib/python3.7/site-packages/airflow/example_dags/example_bash_operator.py took 0.173 seconds
[2022-10-07T02:54:50.154+0000] {processor.py:156} INFO - Started process (PID=4075) to work on /home/airflow/.local/lib/python3.7/site-packages/airflow/example_dags/example_bash_operator.py
[2022-10-07T02:54:50.156+0000] {processor.py:758} INFO - Processing file /home/airflow/.local/lib/python3.7/site-packages/airflow/example_dags/example_bash_operator.py for tasks to queue
[2022-10-07T02:54:50.157+0000] {logging_mixin.py:117} INFO - [2022-10-07T02:54:50.157+0000] {dagbag.py:525} INFO - Filling up the DagBag from /home/airflow/.local/lib/python3.7/site-packages/airflow/example_dags/example_bash_operator.py
[2022-10-07T02:54:50.191+0000] {processor.py:768} INFO - DAG(s) dict_keys(['example_bash_operator']) retrieved from /home/airflow/.local/lib/python3.7/site-packages/airflow/example_dags/example_bash_operator.py
[2022-10-07T02:54:50.263+0000] {logging_mixin.py:117} INFO - [2022-10-07T02:54:50.263+0000] {dag.py:2573} INFO - Sync 1 DAGs
[2022-10-07T02:54:50.309+0000] {logging_mixin.py:117} INFO - [2022-10-07T02:54:50.309+0000] {dag.py:3328} INFO - Setting next_dagrun for example_bash_operator to 2022-10-06T00:00:00+00:00, run_after=2022-10-07T00:00:00+00:00
[2022-10-07T02:54:50.338+0000] {processor.py:178} INFO - Processing /home/airflow/.local/lib/python3.7/site-packages/airflow/example_dags/example_bash_operator.py took 0.188 seconds
[2022-10-07T02:55:20.695+0000] {processor.py:156} INFO - Started process (PID=4140) to work on /home/airflow/.local/lib/python3.7/site-packages/airflow/example_dags/example_bash_operator.py
[2022-10-07T02:55:20.696+0000] {processor.py:758} INFO - Processing file /home/airflow/.local/lib/python3.7/site-packages/airflow/example_dags/example_bash_operator.py for tasks to queue
[2022-10-07T02:55:20.698+0000] {logging_mixin.py:117} INFO - [2022-10-07T02:55:20.697+0000] {dagbag.py:525} INFO - Filling up the DagBag from /home/airflow/.local/lib/python3.7/site-packages/airflow/example_dags/example_bash_operator.py
[2022-10-07T02:55:20.737+0000] {processor.py:768} INFO - DAG(s) dict_keys(['example_bash_operator']) retrieved from /home/airflow/.local/lib/python3.7/site-packages/airflow/example_dags/example_bash_operator.py
[2022-10-07T02:55:20.818+0000] {logging_mixin.py:117} INFO - [2022-10-07T02:55:20.818+0000] {dag.py:2573} INFO - Sync 1 DAGs
[2022-10-07T02:55:20.863+0000] {logging_mixin.py:117} INFO - [2022-10-07T02:55:20.863+0000] {dag.py:3328} INFO - Setting next_dagrun for example_bash_operator to 2022-10-06T00:00:00+00:00, run_after=2022-10-07T00:00:00+00:00
[2022-10-07T02:55:20.899+0000] {processor.py:178} INFO - Processing /home/airflow/.local/lib/python3.7/site-packages/airflow/example_dags/example_bash_operator.py took 0.209 seconds
