[2022-10-07T02:44:06.056+0000] {processor.py:156} INFO - Started process (PID=2798) to work on /home/airflow/.local/lib/python3.7/site-packages/airflow/example_dags/example_branch_operator.py
[2022-10-07T02:44:06.057+0000] {processor.py:758} INFO - Processing file /home/airflow/.local/lib/python3.7/site-packages/airflow/example_dags/example_branch_operator.py for tasks to queue
[2022-10-07T02:44:06.059+0000] {logging_mixin.py:117} INFO - [2022-10-07T02:44:06.058+0000] {dagbag.py:525} INFO - Filling up the DagBag from /home/airflow/.local/lib/python3.7/site-packages/airflow/example_dags/example_branch_operator.py
[2022-10-07T02:44:06.085+0000] {processor.py:768} INFO - DAG(s) dict_keys(['example_branch_operator']) retrieved from /home/airflow/.local/lib/python3.7/site-packages/airflow/example_dags/example_branch_operator.py
[2022-10-07T02:44:06.148+0000] {logging_mixin.py:117} INFO - [2022-10-07T02:44:06.148+0000] {dag.py:2573} INFO - Sync 1 DAGs
[2022-10-07T02:44:06.195+0000] {logging_mixin.py:117} INFO - [2022-10-07T02:44:06.195+0000] {dag.py:3328} INFO - Setting next_dagrun for example_branch_operator to 2022-10-06T00:00:00+00:00, run_after=2022-10-07T00:00:00+00:00
[2022-10-07T02:44:06.228+0000] {processor.py:178} INFO - Processing /home/airflow/.local/lib/python3.7/site-packages/airflow/example_dags/example_branch_operator.py took 0.176 seconds
[2022-10-07T02:44:36.690+0000] {processor.py:156} INFO - Started process (PID=2854) to work on /home/airflow/.local/lib/python3.7/site-packages/airflow/example_dags/example_branch_operator.py
[2022-10-07T02:44:36.692+0000] {processor.py:758} INFO - Processing file /home/airflow/.local/lib/python3.7/site-packages/airflow/example_dags/example_branch_operator.py for tasks to queue
[2022-10-07T02:44:36.693+0000] {logging_mixin.py:117} INFO - [2022-10-07T02:44:36.693+0000] {dagbag.py:525} INFO - Filling up the DagBag from /home/airflow/.local/lib/python3.7/site-packages/airflow/example_dags/example_branch_operator.py
[2022-10-07T02:44:36.719+0000] {processor.py:768} INFO - DAG(s) dict_keys(['example_branch_operator']) retrieved from /home/airflow/.local/lib/python3.7/site-packages/airflow/example_dags/example_branch_operator.py
[2022-10-07T02:44:36.785+0000] {logging_mixin.py:117} INFO - [2022-10-07T02:44:36.784+0000] {dag.py:2573} INFO - Sync 1 DAGs
[2022-10-07T02:44:36.834+0000] {logging_mixin.py:117} INFO - [2022-10-07T02:44:36.834+0000] {dag.py:3328} INFO - Setting next_dagrun for example_branch_operator to 2022-10-06T00:00:00+00:00, run_after=2022-10-07T00:00:00+00:00
[2022-10-07T02:44:36.873+0000] {processor.py:178} INFO - Processing /home/airflow/.local/lib/python3.7/site-packages/airflow/example_dags/example_branch_operator.py took 0.187 seconds
[2022-10-07T02:45:06.991+0000] {processor.py:156} INFO - Started process (PID=2919) to work on /home/airflow/.local/lib/python3.7/site-packages/airflow/example_dags/example_branch_operator.py
[2022-10-07T02:45:06.994+0000] {processor.py:758} INFO - Processing file /home/airflow/.local/lib/python3.7/site-packages/airflow/example_dags/example_branch_operator.py for tasks to queue
[2022-10-07T02:45:06.995+0000] {logging_mixin.py:117} INFO - [2022-10-07T02:45:06.995+0000] {dagbag.py:525} INFO - Filling up the DagBag from /home/airflow/.local/lib/python3.7/site-packages/airflow/example_dags/example_branch_operator.py
[2022-10-07T02:45:07.022+0000] {processor.py:768} INFO - DAG(s) dict_keys(['example_branch_operator']) retrieved from /home/airflow/.local/lib/python3.7/site-packages/airflow/example_dags/example_branch_operator.py
[2022-10-07T02:45:07.079+0000] {logging_mixin.py:117} INFO - [2022-10-07T02:45:07.078+0000] {dag.py:2573} INFO - Sync 1 DAGs
[2022-10-07T02:45:07.108+0000] {logging_mixin.py:117} INFO - [2022-10-07T02:45:07.108+0000] {dag.py:3328} INFO - Setting next_dagrun for example_branch_operator to 2022-10-06T00:00:00+00:00, run_after=2022-10-07T00:00:00+00:00
[2022-10-07T02:45:07.133+0000] {processor.py:178} INFO - Processing /home/airflow/.local/lib/python3.7/site-packages/airflow/example_dags/example_branch_operator.py took 0.148 seconds
[2022-10-07T02:45:37.498+0000] {processor.py:156} INFO - Started process (PID=2975) to work on /home/airflow/.local/lib/python3.7/site-packages/airflow/example_dags/example_branch_operator.py
[2022-10-07T02:45:37.499+0000] {processor.py:758} INFO - Processing file /home/airflow/.local/lib/python3.7/site-packages/airflow/example_dags/example_branch_operator.py for tasks to queue
[2022-10-07T02:45:37.500+0000] {logging_mixin.py:117} INFO - [2022-10-07T02:45:37.500+0000] {dagbag.py:525} INFO - Filling up the DagBag from /home/airflow/.local/lib/python3.7/site-packages/airflow/example_dags/example_branch_operator.py
[2022-10-07T02:45:37.526+0000] {processor.py:768} INFO - DAG(s) dict_keys(['example_branch_operator']) retrieved from /home/airflow/.local/lib/python3.7/site-packages/airflow/example_dags/example_branch_operator.py
[2022-10-07T02:45:37.601+0000] {logging_mixin.py:117} INFO - [2022-10-07T02:45:37.600+0000] {dag.py:2573} INFO - Sync 1 DAGs
[2022-10-07T02:45:37.647+0000] {logging_mixin.py:117} INFO - [2022-10-07T02:45:37.646+0000] {dag.py:3328} INFO - Setting next_dagrun for example_branch_operator to 2022-10-06T00:00:00+00:00, run_after=2022-10-07T00:00:00+00:00
[2022-10-07T02:45:37.680+0000] {processor.py:178} INFO - Processing /home/airflow/.local/lib/python3.7/site-packages/airflow/example_dags/example_branch_operator.py took 0.186 seconds
[2022-10-07T02:46:08.489+0000] {processor.py:156} INFO - Started process (PID=3040) to work on /home/airflow/.local/lib/python3.7/site-packages/airflow/example_dags/example_branch_operator.py
[2022-10-07T02:46:08.490+0000] {processor.py:758} INFO - Processing file /home/airflow/.local/lib/python3.7/site-packages/airflow/example_dags/example_branch_operator.py for tasks to queue
[2022-10-07T02:46:08.491+0000] {logging_mixin.py:117} INFO - [2022-10-07T02:46:08.491+0000] {dagbag.py:525} INFO - Filling up the DagBag from /home/airflow/.local/lib/python3.7/site-packages/airflow/example_dags/example_branch_operator.py
[2022-10-07T02:46:08.509+0000] {processor.py:768} INFO - DAG(s) dict_keys(['example_branch_operator']) retrieved from /home/airflow/.local/lib/python3.7/site-packages/airflow/example_dags/example_branch_operator.py
[2022-10-07T02:46:08.551+0000] {logging_mixin.py:117} INFO - [2022-10-07T02:46:08.551+0000] {dag.py:2573} INFO - Sync 1 DAGs
[2022-10-07T02:46:08.578+0000] {logging_mixin.py:117} INFO - [2022-10-07T02:46:08.578+0000] {dag.py:3328} INFO - Setting next_dagrun for example_branch_operator to 2022-10-06T00:00:00+00:00, run_after=2022-10-07T00:00:00+00:00
[2022-10-07T02:46:08.601+0000] {processor.py:178} INFO - Processing /home/airflow/.local/lib/python3.7/site-packages/airflow/example_dags/example_branch_operator.py took 0.114 seconds
[2022-10-07T02:46:39.519+0000] {processor.py:156} INFO - Started process (PID=3105) to work on /home/airflow/.local/lib/python3.7/site-packages/airflow/example_dags/example_branch_operator.py
[2022-10-07T02:46:39.521+0000] {processor.py:758} INFO - Processing file /home/airflow/.local/lib/python3.7/site-packages/airflow/example_dags/example_branch_operator.py for tasks to queue
[2022-10-07T02:46:39.522+0000] {logging_mixin.py:117} INFO - [2022-10-07T02:46:39.522+0000] {dagbag.py:525} INFO - Filling up the DagBag from /home/airflow/.local/lib/python3.7/site-packages/airflow/example_dags/example_branch_operator.py
[2022-10-07T02:46:39.549+0000] {processor.py:768} INFO - DAG(s) dict_keys(['example_branch_operator']) retrieved from /home/airflow/.local/lib/python3.7/site-packages/airflow/example_dags/example_branch_operator.py
[2022-10-07T02:46:39.622+0000] {logging_mixin.py:117} INFO - [2022-10-07T02:46:39.622+0000] {dag.py:2573} INFO - Sync 1 DAGs
[2022-10-07T02:46:39.684+0000] {logging_mixin.py:117} INFO - [2022-10-07T02:46:39.684+0000] {dag.py:3328} INFO - Setting next_dagrun for example_branch_operator to 2022-10-06T00:00:00+00:00, run_after=2022-10-07T00:00:00+00:00
[2022-10-07T02:46:39.731+0000] {processor.py:178} INFO - Processing /home/airflow/.local/lib/python3.7/site-packages/airflow/example_dags/example_branch_operator.py took 0.217 seconds
[2022-10-07T02:47:10.215+0000] {processor.py:156} INFO - Started process (PID=3161) to work on /home/airflow/.local/lib/python3.7/site-packages/airflow/example_dags/example_branch_operator.py
[2022-10-07T02:47:10.216+0000] {processor.py:758} INFO - Processing file /home/airflow/.local/lib/python3.7/site-packages/airflow/example_dags/example_branch_operator.py for tasks to queue
[2022-10-07T02:47:10.217+0000] {logging_mixin.py:117} INFO - [2022-10-07T02:47:10.217+0000] {dagbag.py:525} INFO - Filling up the DagBag from /home/airflow/.local/lib/python3.7/site-packages/airflow/example_dags/example_branch_operator.py
[2022-10-07T02:47:10.247+0000] {processor.py:768} INFO - DAG(s) dict_keys(['example_branch_operator']) retrieved from /home/airflow/.local/lib/python3.7/site-packages/airflow/example_dags/example_branch_operator.py
[2022-10-07T02:47:10.288+0000] {logging_mixin.py:117} INFO - [2022-10-07T02:47:10.288+0000] {dag.py:2573} INFO - Sync 1 DAGs
[2022-10-07T02:47:10.316+0000] {logging_mixin.py:117} INFO - [2022-10-07T02:47:10.316+0000] {dag.py:3328} INFO - Setting next_dagrun for example_branch_operator to 2022-10-06T00:00:00+00:00, run_after=2022-10-07T00:00:00+00:00
[2022-10-07T02:47:10.341+0000] {processor.py:178} INFO - Processing /home/airflow/.local/lib/python3.7/site-packages/airflow/example_dags/example_branch_operator.py took 0.130 seconds
[2022-10-07T02:47:41.261+0000] {processor.py:156} INFO - Started process (PID=3226) to work on /home/airflow/.local/lib/python3.7/site-packages/airflow/example_dags/example_branch_operator.py
[2022-10-07T02:47:41.262+0000] {processor.py:758} INFO - Processing file /home/airflow/.local/lib/python3.7/site-packages/airflow/example_dags/example_branch_operator.py for tasks to queue
[2022-10-07T02:47:41.263+0000] {logging_mixin.py:117} INFO - [2022-10-07T02:47:41.263+0000] {dagbag.py:525} INFO - Filling up the DagBag from /home/airflow/.local/lib/python3.7/site-packages/airflow/example_dags/example_branch_operator.py
[2022-10-07T02:47:41.285+0000] {processor.py:768} INFO - DAG(s) dict_keys(['example_branch_operator']) retrieved from /home/airflow/.local/lib/python3.7/site-packages/airflow/example_dags/example_branch_operator.py
[2022-10-07T02:47:41.338+0000] {logging_mixin.py:117} INFO - [2022-10-07T02:47:41.338+0000] {dag.py:2573} INFO - Sync 1 DAGs
[2022-10-07T02:47:41.375+0000] {logging_mixin.py:117} INFO - [2022-10-07T02:47:41.375+0000] {dag.py:3328} INFO - Setting next_dagrun for example_branch_operator to 2022-10-06T00:00:00+00:00, run_after=2022-10-07T00:00:00+00:00
[2022-10-07T02:47:41.405+0000] {processor.py:178} INFO - Processing /home/airflow/.local/lib/python3.7/site-packages/airflow/example_dags/example_branch_operator.py took 0.148 seconds
[2022-10-07T02:48:12.212+0000] {processor.py:156} INFO - Started process (PID=3283) to work on /home/airflow/.local/lib/python3.7/site-packages/airflow/example_dags/example_branch_operator.py
[2022-10-07T02:48:12.213+0000] {processor.py:758} INFO - Processing file /home/airflow/.local/lib/python3.7/site-packages/airflow/example_dags/example_branch_operator.py for tasks to queue
[2022-10-07T02:48:12.214+0000] {logging_mixin.py:117} INFO - [2022-10-07T02:48:12.214+0000] {dagbag.py:525} INFO - Filling up the DagBag from /home/airflow/.local/lib/python3.7/site-packages/airflow/example_dags/example_branch_operator.py
[2022-10-07T02:48:12.239+0000] {processor.py:768} INFO - DAG(s) dict_keys(['example_branch_operator']) retrieved from /home/airflow/.local/lib/python3.7/site-packages/airflow/example_dags/example_branch_operator.py
[2022-10-07T02:48:12.302+0000] {logging_mixin.py:117} INFO - [2022-10-07T02:48:12.302+0000] {dag.py:2573} INFO - Sync 1 DAGs
[2022-10-07T02:48:12.341+0000] {logging_mixin.py:117} INFO - [2022-10-07T02:48:12.341+0000] {dag.py:3328} INFO - Setting next_dagrun for example_branch_operator to 2022-10-06T00:00:00+00:00, run_after=2022-10-07T00:00:00+00:00
[2022-10-07T02:48:12.372+0000] {processor.py:178} INFO - Processing /home/airflow/.local/lib/python3.7/site-packages/airflow/example_dags/example_branch_operator.py took 0.163 seconds
[2022-10-07T02:48:42.912+0000] {processor.py:156} INFO - Started process (PID=3348) to work on /home/airflow/.local/lib/python3.7/site-packages/airflow/example_dags/example_branch_operator.py
[2022-10-07T02:48:42.913+0000] {processor.py:758} INFO - Processing file /home/airflow/.local/lib/python3.7/site-packages/airflow/example_dags/example_branch_operator.py for tasks to queue
[2022-10-07T02:48:42.914+0000] {logging_mixin.py:117} INFO - [2022-10-07T02:48:42.914+0000] {dagbag.py:525} INFO - Filling up the DagBag from /home/airflow/.local/lib/python3.7/site-packages/airflow/example_dags/example_branch_operator.py
[2022-10-07T02:48:42.941+0000] {processor.py:768} INFO - DAG(s) dict_keys(['example_branch_operator']) retrieved from /home/airflow/.local/lib/python3.7/site-packages/airflow/example_dags/example_branch_operator.py
[2022-10-07T02:48:43.016+0000] {logging_mixin.py:117} INFO - [2022-10-07T02:48:43.016+0000] {dag.py:2573} INFO - Sync 1 DAGs
[2022-10-07T02:48:43.059+0000] {logging_mixin.py:117} INFO - [2022-10-07T02:48:43.059+0000] {dag.py:3328} INFO - Setting next_dagrun for example_branch_operator to 2022-10-06T00:00:00+00:00, run_after=2022-10-07T00:00:00+00:00
[2022-10-07T02:48:43.103+0000] {processor.py:178} INFO - Processing /home/airflow/.local/lib/python3.7/site-packages/airflow/example_dags/example_branch_operator.py took 0.195 seconds
[2022-10-07T02:49:13.915+0000] {processor.py:156} INFO - Started process (PID=3404) to work on /home/airflow/.local/lib/python3.7/site-packages/airflow/example_dags/example_branch_operator.py
[2022-10-07T02:49:13.917+0000] {processor.py:758} INFO - Processing file /home/airflow/.local/lib/python3.7/site-packages/airflow/example_dags/example_branch_operator.py for tasks to queue
[2022-10-07T02:49:13.917+0000] {logging_mixin.py:117} INFO - [2022-10-07T02:49:13.917+0000] {dagbag.py:525} INFO - Filling up the DagBag from /home/airflow/.local/lib/python3.7/site-packages/airflow/example_dags/example_branch_operator.py
[2022-10-07T02:49:13.941+0000] {processor.py:768} INFO - DAG(s) dict_keys(['example_branch_operator']) retrieved from /home/airflow/.local/lib/python3.7/site-packages/airflow/example_dags/example_branch_operator.py
[2022-10-07T02:49:13.995+0000] {logging_mixin.py:117} INFO - [2022-10-07T02:49:13.995+0000] {dag.py:2573} INFO - Sync 1 DAGs
[2022-10-07T02:49:14.036+0000] {logging_mixin.py:117} INFO - [2022-10-07T02:49:14.036+0000] {dag.py:3328} INFO - Setting next_dagrun for example_branch_operator to 2022-10-06T00:00:00+00:00, run_after=2022-10-07T00:00:00+00:00
[2022-10-07T02:49:14.070+0000] {processor.py:178} INFO - Processing /home/airflow/.local/lib/python3.7/site-packages/airflow/example_dags/example_branch_operator.py took 0.158 seconds
[2022-10-07T02:49:44.420+0000] {processor.py:156} INFO - Started process (PID=3469) to work on /home/airflow/.local/lib/python3.7/site-packages/airflow/example_dags/example_branch_operator.py
[2022-10-07T02:49:44.421+0000] {processor.py:758} INFO - Processing file /home/airflow/.local/lib/python3.7/site-packages/airflow/example_dags/example_branch_operator.py for tasks to queue
[2022-10-07T02:49:44.422+0000] {logging_mixin.py:117} INFO - [2022-10-07T02:49:44.422+0000] {dagbag.py:525} INFO - Filling up the DagBag from /home/airflow/.local/lib/python3.7/site-packages/airflow/example_dags/example_branch_operator.py
[2022-10-07T02:49:44.445+0000] {processor.py:768} INFO - DAG(s) dict_keys(['example_branch_operator']) retrieved from /home/airflow/.local/lib/python3.7/site-packages/airflow/example_dags/example_branch_operator.py
[2022-10-07T02:49:44.496+0000] {logging_mixin.py:117} INFO - [2022-10-07T02:49:44.496+0000] {dag.py:2573} INFO - Sync 1 DAGs
[2022-10-07T02:49:44.541+0000] {logging_mixin.py:117} INFO - [2022-10-07T02:49:44.540+0000] {dag.py:3328} INFO - Setting next_dagrun for example_branch_operator to 2022-10-06T00:00:00+00:00, run_after=2022-10-07T00:00:00+00:00
[2022-10-07T02:49:44.573+0000] {processor.py:178} INFO - Processing /home/airflow/.local/lib/python3.7/site-packages/airflow/example_dags/example_branch_operator.py took 0.156 seconds
[2022-10-07T02:50:14.669+0000] {processor.py:156} INFO - Started process (PID=3525) to work on /home/airflow/.local/lib/python3.7/site-packages/airflow/example_dags/example_branch_operator.py
[2022-10-07T02:50:14.670+0000] {processor.py:758} INFO - Processing file /home/airflow/.local/lib/python3.7/site-packages/airflow/example_dags/example_branch_operator.py for tasks to queue
[2022-10-07T02:50:14.671+0000] {logging_mixin.py:117} INFO - [2022-10-07T02:50:14.671+0000] {dagbag.py:525} INFO - Filling up the DagBag from /home/airflow/.local/lib/python3.7/site-packages/airflow/example_dags/example_branch_operator.py
[2022-10-07T02:50:14.693+0000] {processor.py:768} INFO - DAG(s) dict_keys(['example_branch_operator']) retrieved from /home/airflow/.local/lib/python3.7/site-packages/airflow/example_dags/example_branch_operator.py
[2022-10-07T02:50:14.735+0000] {logging_mixin.py:117} INFO - [2022-10-07T02:50:14.734+0000] {dag.py:2573} INFO - Sync 1 DAGs
[2022-10-07T02:50:14.761+0000] {logging_mixin.py:117} INFO - [2022-10-07T02:50:14.761+0000] {dag.py:3328} INFO - Setting next_dagrun for example_branch_operator to 2022-10-06T00:00:00+00:00, run_after=2022-10-07T00:00:00+00:00
[2022-10-07T02:50:14.784+0000] {processor.py:178} INFO - Processing /home/airflow/.local/lib/python3.7/site-packages/airflow/example_dags/example_branch_operator.py took 0.117 seconds
[2022-10-07T02:50:44.855+0000] {processor.py:156} INFO - Started process (PID=3590) to work on /home/airflow/.local/lib/python3.7/site-packages/airflow/example_dags/example_branch_operator.py
[2022-10-07T02:50:44.856+0000] {processor.py:758} INFO - Processing file /home/airflow/.local/lib/python3.7/site-packages/airflow/example_dags/example_branch_operator.py for tasks to queue
[2022-10-07T02:50:44.857+0000] {logging_mixin.py:117} INFO - [2022-10-07T02:50:44.857+0000] {dagbag.py:525} INFO - Filling up the DagBag from /home/airflow/.local/lib/python3.7/site-packages/airflow/example_dags/example_branch_operator.py
[2022-10-07T02:50:44.873+0000] {processor.py:768} INFO - DAG(s) dict_keys(['example_branch_operator']) retrieved from /home/airflow/.local/lib/python3.7/site-packages/airflow/example_dags/example_branch_operator.py
[2022-10-07T02:50:44.917+0000] {logging_mixin.py:117} INFO - [2022-10-07T02:50:44.917+0000] {dag.py:2573} INFO - Sync 1 DAGs
[2022-10-07T02:50:44.944+0000] {logging_mixin.py:117} INFO - [2022-10-07T02:50:44.944+0000] {dag.py:3328} INFO - Setting next_dagrun for example_branch_operator to 2022-10-06T00:00:00+00:00, run_after=2022-10-07T00:00:00+00:00
[2022-10-07T02:50:44.966+0000] {processor.py:178} INFO - Processing /home/airflow/.local/lib/python3.7/site-packages/airflow/example_dags/example_branch_operator.py took 0.113 seconds
[2022-10-07T02:51:15.428+0000] {processor.py:156} INFO - Started process (PID=3654) to work on /home/airflow/.local/lib/python3.7/site-packages/airflow/example_dags/example_branch_operator.py
[2022-10-07T02:51:15.429+0000] {processor.py:758} INFO - Processing file /home/airflow/.local/lib/python3.7/site-packages/airflow/example_dags/example_branch_operator.py for tasks to queue
[2022-10-07T02:51:15.431+0000] {logging_mixin.py:117} INFO - [2022-10-07T02:51:15.430+0000] {dagbag.py:525} INFO - Filling up the DagBag from /home/airflow/.local/lib/python3.7/site-packages/airflow/example_dags/example_branch_operator.py
[2022-10-07T02:51:15.456+0000] {processor.py:768} INFO - DAG(s) dict_keys(['example_branch_operator']) retrieved from /home/airflow/.local/lib/python3.7/site-packages/airflow/example_dags/example_branch_operator.py
[2022-10-07T02:51:15.514+0000] {logging_mixin.py:117} INFO - [2022-10-07T02:51:15.514+0000] {dag.py:2573} INFO - Sync 1 DAGs
[2022-10-07T02:51:15.560+0000] {logging_mixin.py:117} INFO - [2022-10-07T02:51:15.559+0000] {dag.py:3328} INFO - Setting next_dagrun for example_branch_operator to 2022-10-06T00:00:00+00:00, run_after=2022-10-07T00:00:00+00:00
[2022-10-07T02:51:15.597+0000] {processor.py:178} INFO - Processing /home/airflow/.local/lib/python3.7/site-packages/airflow/example_dags/example_branch_operator.py took 0.174 seconds
[2022-10-07T02:51:46.565+0000] {processor.py:156} INFO - Started process (PID=3710) to work on /home/airflow/.local/lib/python3.7/site-packages/airflow/example_dags/example_branch_operator.py
[2022-10-07T02:51:46.566+0000] {processor.py:758} INFO - Processing file /home/airflow/.local/lib/python3.7/site-packages/airflow/example_dags/example_branch_operator.py for tasks to queue
[2022-10-07T02:51:46.567+0000] {logging_mixin.py:117} INFO - [2022-10-07T02:51:46.567+0000] {dagbag.py:525} INFO - Filling up the DagBag from /home/airflow/.local/lib/python3.7/site-packages/airflow/example_dags/example_branch_operator.py
[2022-10-07T02:51:46.593+0000] {processor.py:768} INFO - DAG(s) dict_keys(['example_branch_operator']) retrieved from /home/airflow/.local/lib/python3.7/site-packages/airflow/example_dags/example_branch_operator.py
[2022-10-07T02:51:46.659+0000] {logging_mixin.py:117} INFO - [2022-10-07T02:51:46.658+0000] {dag.py:2573} INFO - Sync 1 DAGs
[2022-10-07T02:51:46.715+0000] {logging_mixin.py:117} INFO - [2022-10-07T02:51:46.715+0000] {dag.py:3328} INFO - Setting next_dagrun for example_branch_operator to 2022-10-06T00:00:00+00:00, run_after=2022-10-07T00:00:00+00:00
[2022-10-07T02:51:46.752+0000] {processor.py:178} INFO - Processing /home/airflow/.local/lib/python3.7/site-packages/airflow/example_dags/example_branch_operator.py took 0.192 seconds
[2022-10-07T02:52:17.213+0000] {processor.py:156} INFO - Started process (PID=3775) to work on /home/airflow/.local/lib/python3.7/site-packages/airflow/example_dags/example_branch_operator.py
[2022-10-07T02:52:17.214+0000] {processor.py:758} INFO - Processing file /home/airflow/.local/lib/python3.7/site-packages/airflow/example_dags/example_branch_operator.py for tasks to queue
[2022-10-07T02:52:17.215+0000] {logging_mixin.py:117} INFO - [2022-10-07T02:52:17.215+0000] {dagbag.py:525} INFO - Filling up the DagBag from /home/airflow/.local/lib/python3.7/site-packages/airflow/example_dags/example_branch_operator.py
[2022-10-07T02:52:17.236+0000] {processor.py:768} INFO - DAG(s) dict_keys(['example_branch_operator']) retrieved from /home/airflow/.local/lib/python3.7/site-packages/airflow/example_dags/example_branch_operator.py
[2022-10-07T02:52:17.288+0000] {logging_mixin.py:117} INFO - [2022-10-07T02:52:17.288+0000] {dag.py:2573} INFO - Sync 1 DAGs
[2022-10-07T02:52:17.331+0000] {logging_mixin.py:117} INFO - [2022-10-07T02:52:17.331+0000] {dag.py:3328} INFO - Setting next_dagrun for example_branch_operator to 2022-10-06T00:00:00+00:00, run_after=2022-10-07T00:00:00+00:00
[2022-10-07T02:52:17.364+0000] {processor.py:178} INFO - Processing /home/airflow/.local/lib/python3.7/site-packages/airflow/example_dags/example_branch_operator.py took 0.154 seconds
[2022-10-07T02:52:48.402+0000] {processor.py:156} INFO - Started process (PID=3831) to work on /home/airflow/.local/lib/python3.7/site-packages/airflow/example_dags/example_branch_operator.py
[2022-10-07T02:52:48.403+0000] {processor.py:758} INFO - Processing file /home/airflow/.local/lib/python3.7/site-packages/airflow/example_dags/example_branch_operator.py for tasks to queue
[2022-10-07T02:52:48.404+0000] {logging_mixin.py:117} INFO - [2022-10-07T02:52:48.404+0000] {dagbag.py:525} INFO - Filling up the DagBag from /home/airflow/.local/lib/python3.7/site-packages/airflow/example_dags/example_branch_operator.py
[2022-10-07T02:52:48.426+0000] {processor.py:768} INFO - DAG(s) dict_keys(['example_branch_operator']) retrieved from /home/airflow/.local/lib/python3.7/site-packages/airflow/example_dags/example_branch_operator.py
[2022-10-07T02:52:48.485+0000] {logging_mixin.py:117} INFO - [2022-10-07T02:52:48.485+0000] {dag.py:2573} INFO - Sync 1 DAGs
[2022-10-07T02:52:48.525+0000] {logging_mixin.py:117} INFO - [2022-10-07T02:52:48.525+0000] {dag.py:3328} INFO - Setting next_dagrun for example_branch_operator to 2022-10-06T00:00:00+00:00, run_after=2022-10-07T00:00:00+00:00
[2022-10-07T02:52:48.554+0000] {processor.py:178} INFO - Processing /home/airflow/.local/lib/python3.7/site-packages/airflow/example_dags/example_branch_operator.py took 0.156 seconds
[2022-10-07T02:53:18.857+0000] {processor.py:156} INFO - Started process (PID=3896) to work on /home/airflow/.local/lib/python3.7/site-packages/airflow/example_dags/example_branch_operator.py
[2022-10-07T02:53:18.858+0000] {processor.py:758} INFO - Processing file /home/airflow/.local/lib/python3.7/site-packages/airflow/example_dags/example_branch_operator.py for tasks to queue
[2022-10-07T02:53:18.859+0000] {logging_mixin.py:117} INFO - [2022-10-07T02:53:18.859+0000] {dagbag.py:525} INFO - Filling up the DagBag from /home/airflow/.local/lib/python3.7/site-packages/airflow/example_dags/example_branch_operator.py
[2022-10-07T02:53:18.881+0000] {processor.py:768} INFO - DAG(s) dict_keys(['example_branch_operator']) retrieved from /home/airflow/.local/lib/python3.7/site-packages/airflow/example_dags/example_branch_operator.py
[2022-10-07T02:53:18.936+0000] {logging_mixin.py:117} INFO - [2022-10-07T02:53:18.936+0000] {dag.py:2573} INFO - Sync 1 DAGs
[2022-10-07T02:53:18.970+0000] {logging_mixin.py:117} INFO - [2022-10-07T02:53:18.970+0000] {dag.py:3328} INFO - Setting next_dagrun for example_branch_operator to 2022-10-06T00:00:00+00:00, run_after=2022-10-07T00:00:00+00:00
[2022-10-07T02:53:19.009+0000] {processor.py:178} INFO - Processing /home/airflow/.local/lib/python3.7/site-packages/airflow/example_dags/example_branch_operator.py took 0.157 seconds
[2022-10-07T02:53:49.300+0000] {processor.py:156} INFO - Started process (PID=3952) to work on /home/airflow/.local/lib/python3.7/site-packages/airflow/example_dags/example_branch_operator.py
[2022-10-07T02:53:49.302+0000] {processor.py:758} INFO - Processing file /home/airflow/.local/lib/python3.7/site-packages/airflow/example_dags/example_branch_operator.py for tasks to queue
[2022-10-07T02:53:49.303+0000] {logging_mixin.py:117} INFO - [2022-10-07T02:53:49.303+0000] {dagbag.py:525} INFO - Filling up the DagBag from /home/airflow/.local/lib/python3.7/site-packages/airflow/example_dags/example_branch_operator.py
[2022-10-07T02:53:49.325+0000] {processor.py:768} INFO - DAG(s) dict_keys(['example_branch_operator']) retrieved from /home/airflow/.local/lib/python3.7/site-packages/airflow/example_dags/example_branch_operator.py
[2022-10-07T02:53:49.392+0000] {logging_mixin.py:117} INFO - [2022-10-07T02:53:49.392+0000] {dag.py:2573} INFO - Sync 1 DAGs
[2022-10-07T02:53:49.432+0000] {logging_mixin.py:117} INFO - [2022-10-07T02:53:49.432+0000] {dag.py:3328} INFO - Setting next_dagrun for example_branch_operator to 2022-10-06T00:00:00+00:00, run_after=2022-10-07T00:00:00+00:00
[2022-10-07T02:53:49.464+0000] {processor.py:178} INFO - Processing /home/airflow/.local/lib/python3.7/site-packages/airflow/example_dags/example_branch_operator.py took 0.168 seconds
[2022-10-07T02:54:19.561+0000] {processor.py:156} INFO - Started process (PID=4017) to work on /home/airflow/.local/lib/python3.7/site-packages/airflow/example_dags/example_branch_operator.py
[2022-10-07T02:54:19.562+0000] {processor.py:758} INFO - Processing file /home/airflow/.local/lib/python3.7/site-packages/airflow/example_dags/example_branch_operator.py for tasks to queue
[2022-10-07T02:54:19.563+0000] {logging_mixin.py:117} INFO - [2022-10-07T02:54:19.563+0000] {dagbag.py:525} INFO - Filling up the DagBag from /home/airflow/.local/lib/python3.7/site-packages/airflow/example_dags/example_branch_operator.py
[2022-10-07T02:54:19.586+0000] {processor.py:768} INFO - DAG(s) dict_keys(['example_branch_operator']) retrieved from /home/airflow/.local/lib/python3.7/site-packages/airflow/example_dags/example_branch_operator.py
[2022-10-07T02:54:19.648+0000] {logging_mixin.py:117} INFO - [2022-10-07T02:54:19.648+0000] {dag.py:2573} INFO - Sync 1 DAGs
[2022-10-07T02:54:19.687+0000] {logging_mixin.py:117} INFO - [2022-10-07T02:54:19.687+0000] {dag.py:3328} INFO - Setting next_dagrun for example_branch_operator to 2022-10-06T00:00:00+00:00, run_after=2022-10-07T00:00:00+00:00
[2022-10-07T02:54:19.728+0000] {processor.py:178} INFO - Processing /home/airflow/.local/lib/python3.7/site-packages/airflow/example_dags/example_branch_operator.py took 0.170 seconds
[2022-10-07T02:54:49.950+0000] {processor.py:156} INFO - Started process (PID=4073) to work on /home/airflow/.local/lib/python3.7/site-packages/airflow/example_dags/example_branch_operator.py
[2022-10-07T02:54:49.951+0000] {processor.py:758} INFO - Processing file /home/airflow/.local/lib/python3.7/site-packages/airflow/example_dags/example_branch_operator.py for tasks to queue
[2022-10-07T02:54:49.952+0000] {logging_mixin.py:117} INFO - [2022-10-07T02:54:49.952+0000] {dagbag.py:525} INFO - Filling up the DagBag from /home/airflow/.local/lib/python3.7/site-packages/airflow/example_dags/example_branch_operator.py
[2022-10-07T02:54:49.975+0000] {processor.py:768} INFO - DAG(s) dict_keys(['example_branch_operator']) retrieved from /home/airflow/.local/lib/python3.7/site-packages/airflow/example_dags/example_branch_operator.py
[2022-10-07T02:54:50.030+0000] {logging_mixin.py:117} INFO - [2022-10-07T02:54:50.030+0000] {dag.py:2573} INFO - Sync 1 DAGs
[2022-10-07T02:54:50.065+0000] {logging_mixin.py:117} INFO - [2022-10-07T02:54:50.065+0000] {dag.py:3328} INFO - Setting next_dagrun for example_branch_operator to 2022-10-06T00:00:00+00:00, run_after=2022-10-07T00:00:00+00:00
[2022-10-07T02:54:50.103+0000] {processor.py:178} INFO - Processing /home/airflow/.local/lib/python3.7/site-packages/airflow/example_dags/example_branch_operator.py took 0.157 seconds
[2022-10-07T02:55:20.500+0000] {processor.py:156} INFO - Started process (PID=4138) to work on /home/airflow/.local/lib/python3.7/site-packages/airflow/example_dags/example_branch_operator.py
[2022-10-07T02:55:20.501+0000] {processor.py:758} INFO - Processing file /home/airflow/.local/lib/python3.7/site-packages/airflow/example_dags/example_branch_operator.py for tasks to queue
[2022-10-07T02:55:20.502+0000] {logging_mixin.py:117} INFO - [2022-10-07T02:55:20.502+0000] {dagbag.py:525} INFO - Filling up the DagBag from /home/airflow/.local/lib/python3.7/site-packages/airflow/example_dags/example_branch_operator.py
[2022-10-07T02:55:20.524+0000] {processor.py:768} INFO - DAG(s) dict_keys(['example_branch_operator']) retrieved from /home/airflow/.local/lib/python3.7/site-packages/airflow/example_dags/example_branch_operator.py
[2022-10-07T02:55:20.579+0000] {logging_mixin.py:117} INFO - [2022-10-07T02:55:20.578+0000] {dag.py:2573} INFO - Sync 1 DAGs
[2022-10-07T02:55:20.615+0000] {logging_mixin.py:117} INFO - [2022-10-07T02:55:20.615+0000] {dag.py:3328} INFO - Setting next_dagrun for example_branch_operator to 2022-10-06T00:00:00+00:00, run_after=2022-10-07T00:00:00+00:00
[2022-10-07T02:55:20.647+0000] {processor.py:178} INFO - Processing /home/airflow/.local/lib/python3.7/site-packages/airflow/example_dags/example_branch_operator.py took 0.151 seconds
