[2022-10-07T02:44:04.902+0000] {processor.py:156} INFO - Started process (PID=2793) to work on /home/airflow/.local/lib/python3.7/site-packages/airflow/example_dags/example_branch_day_of_week_operator.py
[2022-10-07T02:44:04.912+0000] {processor.py:758} INFO - Processing file /home/airflow/.local/lib/python3.7/site-packages/airflow/example_dags/example_branch_day_of_week_operator.py for tasks to queue
[2022-10-07T02:44:04.925+0000] {logging_mixin.py:117} INFO - [2022-10-07T02:44:04.924+0000] {dagbag.py:525} INFO - Filling up the DagBag from /home/airflow/.local/lib/python3.7/site-packages/airflow/example_dags/example_branch_day_of_week_operator.py
[2022-10-07T02:44:05.082+0000] {processor.py:768} INFO - DAG(s) dict_keys(['example_weekday_branch_operator']) retrieved from /home/airflow/.local/lib/python3.7/site-packages/airflow/example_dags/example_branch_day_of_week_operator.py
[2022-10-07T02:44:05.231+0000] {logging_mixin.py:117} INFO - [2022-10-07T02:44:05.231+0000] {dag.py:2573} INFO - Sync 1 DAGs
[2022-10-07T02:44:05.316+0000] {logging_mixin.py:117} INFO - [2022-10-07T02:44:05.315+0000] {dag.py:3328} INFO - Setting next_dagrun for example_weekday_branch_operator to 2022-10-06T00:00:00+00:00, run_after=2022-10-07T00:00:00+00:00
[2022-10-07T02:44:05.357+0000] {processor.py:178} INFO - Processing /home/airflow/.local/lib/python3.7/site-packages/airflow/example_dags/example_branch_day_of_week_operator.py took 0.526 seconds
[2022-10-07T02:44:35.871+0000] {processor.py:156} INFO - Started process (PID=2849) to work on /home/airflow/.local/lib/python3.7/site-packages/airflow/example_dags/example_branch_day_of_week_operator.py
[2022-10-07T02:44:35.873+0000] {processor.py:758} INFO - Processing file /home/airflow/.local/lib/python3.7/site-packages/airflow/example_dags/example_branch_day_of_week_operator.py for tasks to queue
[2022-10-07T02:44:35.875+0000] {logging_mixin.py:117} INFO - [2022-10-07T02:44:35.874+0000] {dagbag.py:525} INFO - Filling up the DagBag from /home/airflow/.local/lib/python3.7/site-packages/airflow/example_dags/example_branch_day_of_week_operator.py
[2022-10-07T02:44:35.900+0000] {processor.py:768} INFO - DAG(s) dict_keys(['example_weekday_branch_operator']) retrieved from /home/airflow/.local/lib/python3.7/site-packages/airflow/example_dags/example_branch_day_of_week_operator.py
[2022-10-07T02:44:35.968+0000] {logging_mixin.py:117} INFO - [2022-10-07T02:44:35.967+0000] {dag.py:2573} INFO - Sync 1 DAGs
[2022-10-07T02:44:36.021+0000] {logging_mixin.py:117} INFO - [2022-10-07T02:44:36.020+0000] {dag.py:3328} INFO - Setting next_dagrun for example_weekday_branch_operator to 2022-10-06T00:00:00+00:00, run_after=2022-10-07T00:00:00+00:00
[2022-10-07T02:44:36.056+0000] {processor.py:178} INFO - Processing /home/airflow/.local/lib/python3.7/site-packages/airflow/example_dags/example_branch_day_of_week_operator.py took 0.188 seconds
[2022-10-07T02:45:06.220+0000] {processor.py:156} INFO - Started process (PID=2914) to work on /home/airflow/.local/lib/python3.7/site-packages/airflow/example_dags/example_branch_day_of_week_operator.py
[2022-10-07T02:45:06.221+0000] {processor.py:758} INFO - Processing file /home/airflow/.local/lib/python3.7/site-packages/airflow/example_dags/example_branch_day_of_week_operator.py for tasks to queue
[2022-10-07T02:45:06.222+0000] {logging_mixin.py:117} INFO - [2022-10-07T02:45:06.222+0000] {dagbag.py:525} INFO - Filling up the DagBag from /home/airflow/.local/lib/python3.7/site-packages/airflow/example_dags/example_branch_day_of_week_operator.py
[2022-10-07T02:45:06.245+0000] {processor.py:768} INFO - DAG(s) dict_keys(['example_weekday_branch_operator']) retrieved from /home/airflow/.local/lib/python3.7/site-packages/airflow/example_dags/example_branch_day_of_week_operator.py
[2022-10-07T02:45:06.319+0000] {logging_mixin.py:117} INFO - [2022-10-07T02:45:06.319+0000] {dag.py:2573} INFO - Sync 1 DAGs
[2022-10-07T02:45:06.364+0000] {logging_mixin.py:117} INFO - [2022-10-07T02:45:06.364+0000] {dag.py:3328} INFO - Setting next_dagrun for example_weekday_branch_operator to 2022-10-06T00:00:00+00:00, run_after=2022-10-07T00:00:00+00:00
[2022-10-07T02:45:06.392+0000] {processor.py:178} INFO - Processing /home/airflow/.local/lib/python3.7/site-packages/airflow/example_dags/example_branch_day_of_week_operator.py took 0.176 seconds
[2022-10-07T02:45:36.774+0000] {processor.py:156} INFO - Started process (PID=2970) to work on /home/airflow/.local/lib/python3.7/site-packages/airflow/example_dags/example_branch_day_of_week_operator.py
[2022-10-07T02:45:36.775+0000] {processor.py:758} INFO - Processing file /home/airflow/.local/lib/python3.7/site-packages/airflow/example_dags/example_branch_day_of_week_operator.py for tasks to queue
[2022-10-07T02:45:36.776+0000] {logging_mixin.py:117} INFO - [2022-10-07T02:45:36.776+0000] {dagbag.py:525} INFO - Filling up the DagBag from /home/airflow/.local/lib/python3.7/site-packages/airflow/example_dags/example_branch_day_of_week_operator.py
[2022-10-07T02:45:36.799+0000] {processor.py:768} INFO - DAG(s) dict_keys(['example_weekday_branch_operator']) retrieved from /home/airflow/.local/lib/python3.7/site-packages/airflow/example_dags/example_branch_day_of_week_operator.py
[2022-10-07T02:45:36.878+0000] {logging_mixin.py:117} INFO - [2022-10-07T02:45:36.877+0000] {dag.py:2573} INFO - Sync 1 DAGs
[2022-10-07T02:45:36.924+0000] {logging_mixin.py:117} INFO - [2022-10-07T02:45:36.923+0000] {dag.py:3328} INFO - Setting next_dagrun for example_weekday_branch_operator to 2022-10-06T00:00:00+00:00, run_after=2022-10-07T00:00:00+00:00
[2022-10-07T02:45:36.968+0000] {processor.py:178} INFO - Processing /home/airflow/.local/lib/python3.7/site-packages/airflow/example_dags/example_branch_day_of_week_operator.py took 0.198 seconds
[2022-10-07T02:46:07.019+0000] {processor.py:156} INFO - Started process (PID=3035) to work on /home/airflow/.local/lib/python3.7/site-packages/airflow/example_dags/example_branch_day_of_week_operator.py
[2022-10-07T02:46:07.020+0000] {processor.py:758} INFO - Processing file /home/airflow/.local/lib/python3.7/site-packages/airflow/example_dags/example_branch_day_of_week_operator.py for tasks to queue
[2022-10-07T02:46:07.021+0000] {logging_mixin.py:117} INFO - [2022-10-07T02:46:07.021+0000] {dagbag.py:525} INFO - Filling up the DagBag from /home/airflow/.local/lib/python3.7/site-packages/airflow/example_dags/example_branch_day_of_week_operator.py
[2022-10-07T02:46:07.037+0000] {processor.py:768} INFO - DAG(s) dict_keys(['example_weekday_branch_operator']) retrieved from /home/airflow/.local/lib/python3.7/site-packages/airflow/example_dags/example_branch_day_of_week_operator.py
[2022-10-07T02:46:07.094+0000] {logging_mixin.py:117} INFO - [2022-10-07T02:46:07.094+0000] {dag.py:2573} INFO - Sync 1 DAGs
[2022-10-07T02:46:07.132+0000] {logging_mixin.py:117} INFO - [2022-10-07T02:46:07.131+0000] {dag.py:3328} INFO - Setting next_dagrun for example_weekday_branch_operator to 2022-10-06T00:00:00+00:00, run_after=2022-10-07T00:00:00+00:00
[2022-10-07T02:46:07.164+0000] {processor.py:178} INFO - Processing /home/airflow/.local/lib/python3.7/site-packages/airflow/example_dags/example_branch_day_of_week_operator.py took 0.147 seconds
[2022-10-07T02:46:37.869+0000] {processor.py:156} INFO - Started process (PID=3091) to work on /home/airflow/.local/lib/python3.7/site-packages/airflow/example_dags/example_branch_day_of_week_operator.py
[2022-10-07T02:46:37.870+0000] {processor.py:758} INFO - Processing file /home/airflow/.local/lib/python3.7/site-packages/airflow/example_dags/example_branch_day_of_week_operator.py for tasks to queue
[2022-10-07T02:46:37.871+0000] {logging_mixin.py:117} INFO - [2022-10-07T02:46:37.871+0000] {dagbag.py:525} INFO - Filling up the DagBag from /home/airflow/.local/lib/python3.7/site-packages/airflow/example_dags/example_branch_day_of_week_operator.py
[2022-10-07T02:46:37.896+0000] {processor.py:768} INFO - DAG(s) dict_keys(['example_weekday_branch_operator']) retrieved from /home/airflow/.local/lib/python3.7/site-packages/airflow/example_dags/example_branch_day_of_week_operator.py
[2022-10-07T02:46:37.955+0000] {logging_mixin.py:117} INFO - [2022-10-07T02:46:37.955+0000] {dag.py:2573} INFO - Sync 1 DAGs
[2022-10-07T02:46:37.998+0000] {logging_mixin.py:117} INFO - [2022-10-07T02:46:37.997+0000] {dag.py:3328} INFO - Setting next_dagrun for example_weekday_branch_operator to 2022-10-06T00:00:00+00:00, run_after=2022-10-07T00:00:00+00:00
[2022-10-07T02:46:38.029+0000] {processor.py:178} INFO - Processing /home/airflow/.local/lib/python3.7/site-packages/airflow/example_dags/example_branch_day_of_week_operator.py took 0.164 seconds
[2022-10-07T02:47:08.682+0000] {processor.py:156} INFO - Started process (PID=3156) to work on /home/airflow/.local/lib/python3.7/site-packages/airflow/example_dags/example_branch_day_of_week_operator.py
[2022-10-07T02:47:08.683+0000] {processor.py:758} INFO - Processing file /home/airflow/.local/lib/python3.7/site-packages/airflow/example_dags/example_branch_day_of_week_operator.py for tasks to queue
[2022-10-07T02:47:08.683+0000] {logging_mixin.py:117} INFO - [2022-10-07T02:47:08.683+0000] {dagbag.py:525} INFO - Filling up the DagBag from /home/airflow/.local/lib/python3.7/site-packages/airflow/example_dags/example_branch_day_of_week_operator.py
[2022-10-07T02:47:08.699+0000] {processor.py:768} INFO - DAG(s) dict_keys(['example_weekday_branch_operator']) retrieved from /home/airflow/.local/lib/python3.7/site-packages/airflow/example_dags/example_branch_day_of_week_operator.py
[2022-10-07T02:47:08.753+0000] {logging_mixin.py:117} INFO - [2022-10-07T02:47:08.753+0000] {dag.py:2573} INFO - Sync 1 DAGs
[2022-10-07T02:47:08.785+0000] {logging_mixin.py:117} INFO - [2022-10-07T02:47:08.785+0000] {dag.py:3328} INFO - Setting next_dagrun for example_weekday_branch_operator to 2022-10-06T00:00:00+00:00, run_after=2022-10-07T00:00:00+00:00
[2022-10-07T02:47:08.809+0000] {processor.py:178} INFO - Processing /home/airflow/.local/lib/python3.7/site-packages/airflow/example_dags/example_branch_day_of_week_operator.py took 0.131 seconds
[2022-10-07T02:47:39.636+0000] {processor.py:156} INFO - Started process (PID=3221) to work on /home/airflow/.local/lib/python3.7/site-packages/airflow/example_dags/example_branch_day_of_week_operator.py
[2022-10-07T02:47:39.637+0000] {processor.py:758} INFO - Processing file /home/airflow/.local/lib/python3.7/site-packages/airflow/example_dags/example_branch_day_of_week_operator.py for tasks to queue
[2022-10-07T02:47:39.638+0000] {logging_mixin.py:117} INFO - [2022-10-07T02:47:39.638+0000] {dagbag.py:525} INFO - Filling up the DagBag from /home/airflow/.local/lib/python3.7/site-packages/airflow/example_dags/example_branch_day_of_week_operator.py
[2022-10-07T02:47:39.657+0000] {processor.py:768} INFO - DAG(s) dict_keys(['example_weekday_branch_operator']) retrieved from /home/airflow/.local/lib/python3.7/site-packages/airflow/example_dags/example_branch_day_of_week_operator.py
[2022-10-07T02:47:39.714+0000] {logging_mixin.py:117} INFO - [2022-10-07T02:47:39.713+0000] {dag.py:2573} INFO - Sync 1 DAGs
[2022-10-07T02:47:39.758+0000] {logging_mixin.py:117} INFO - [2022-10-07T02:47:39.758+0000] {dag.py:3328} INFO - Setting next_dagrun for example_weekday_branch_operator to 2022-10-06T00:00:00+00:00, run_after=2022-10-07T00:00:00+00:00
[2022-10-07T02:47:39.790+0000] {processor.py:178} INFO - Processing /home/airflow/.local/lib/python3.7/site-packages/airflow/example_dags/example_branch_day_of_week_operator.py took 0.157 seconds
[2022-10-07T02:48:10.621+0000] {processor.py:156} INFO - Started process (PID=3278) to work on /home/airflow/.local/lib/python3.7/site-packages/airflow/example_dags/example_branch_day_of_week_operator.py
[2022-10-07T02:48:10.622+0000] {processor.py:758} INFO - Processing file /home/airflow/.local/lib/python3.7/site-packages/airflow/example_dags/example_branch_day_of_week_operator.py for tasks to queue
[2022-10-07T02:48:10.623+0000] {logging_mixin.py:117} INFO - [2022-10-07T02:48:10.623+0000] {dagbag.py:525} INFO - Filling up the DagBag from /home/airflow/.local/lib/python3.7/site-packages/airflow/example_dags/example_branch_day_of_week_operator.py
[2022-10-07T02:48:10.647+0000] {processor.py:768} INFO - DAG(s) dict_keys(['example_weekday_branch_operator']) retrieved from /home/airflow/.local/lib/python3.7/site-packages/airflow/example_dags/example_branch_day_of_week_operator.py
[2022-10-07T02:48:10.698+0000] {logging_mixin.py:117} INFO - [2022-10-07T02:48:10.698+0000] {dag.py:2573} INFO - Sync 1 DAGs
[2022-10-07T02:48:10.736+0000] {logging_mixin.py:117} INFO - [2022-10-07T02:48:10.735+0000] {dag.py:3328} INFO - Setting next_dagrun for example_weekday_branch_operator to 2022-10-06T00:00:00+00:00, run_after=2022-10-07T00:00:00+00:00
[2022-10-07T02:48:10.765+0000] {processor.py:178} INFO - Processing /home/airflow/.local/lib/python3.7/site-packages/airflow/example_dags/example_branch_day_of_week_operator.py took 0.147 seconds
[2022-10-07T02:48:41.044+0000] {processor.py:156} INFO - Started process (PID=3343) to work on /home/airflow/.local/lib/python3.7/site-packages/airflow/example_dags/example_branch_day_of_week_operator.py
[2022-10-07T02:48:41.045+0000] {processor.py:758} INFO - Processing file /home/airflow/.local/lib/python3.7/site-packages/airflow/example_dags/example_branch_day_of_week_operator.py for tasks to queue
[2022-10-07T02:48:41.046+0000] {logging_mixin.py:117} INFO - [2022-10-07T02:48:41.046+0000] {dagbag.py:525} INFO - Filling up the DagBag from /home/airflow/.local/lib/python3.7/site-packages/airflow/example_dags/example_branch_day_of_week_operator.py
[2022-10-07T02:48:41.066+0000] {processor.py:768} INFO - DAG(s) dict_keys(['example_weekday_branch_operator']) retrieved from /home/airflow/.local/lib/python3.7/site-packages/airflow/example_dags/example_branch_day_of_week_operator.py
[2022-10-07T02:48:41.113+0000] {logging_mixin.py:117} INFO - [2022-10-07T02:48:41.113+0000] {dag.py:2573} INFO - Sync 1 DAGs
[2022-10-07T02:48:41.145+0000] {logging_mixin.py:117} INFO - [2022-10-07T02:48:41.145+0000] {dag.py:3328} INFO - Setting next_dagrun for example_weekday_branch_operator to 2022-10-06T00:00:00+00:00, run_after=2022-10-07T00:00:00+00:00
[2022-10-07T02:48:41.174+0000] {processor.py:178} INFO - Processing /home/airflow/.local/lib/python3.7/site-packages/airflow/example_dags/example_branch_day_of_week_operator.py took 0.133 seconds
[2022-10-07T02:49:11.434+0000] {processor.py:156} INFO - Started process (PID=3399) to work on /home/airflow/.local/lib/python3.7/site-packages/airflow/example_dags/example_branch_day_of_week_operator.py
[2022-10-07T02:49:11.436+0000] {processor.py:758} INFO - Processing file /home/airflow/.local/lib/python3.7/site-packages/airflow/example_dags/example_branch_day_of_week_operator.py for tasks to queue
[2022-10-07T02:49:11.437+0000] {logging_mixin.py:117} INFO - [2022-10-07T02:49:11.436+0000] {dagbag.py:525} INFO - Filling up the DagBag from /home/airflow/.local/lib/python3.7/site-packages/airflow/example_dags/example_branch_day_of_week_operator.py
[2022-10-07T02:49:11.459+0000] {processor.py:768} INFO - DAG(s) dict_keys(['example_weekday_branch_operator']) retrieved from /home/airflow/.local/lib/python3.7/site-packages/airflow/example_dags/example_branch_day_of_week_operator.py
[2022-10-07T02:49:11.519+0000] {logging_mixin.py:117} INFO - [2022-10-07T02:49:11.519+0000] {dag.py:2573} INFO - Sync 1 DAGs
[2022-10-07T02:49:11.559+0000] {logging_mixin.py:117} INFO - [2022-10-07T02:49:11.559+0000] {dag.py:3328} INFO - Setting next_dagrun for example_weekday_branch_operator to 2022-10-06T00:00:00+00:00, run_after=2022-10-07T00:00:00+00:00
[2022-10-07T02:49:11.595+0000] {processor.py:178} INFO - Processing /home/airflow/.local/lib/python3.7/site-packages/airflow/example_dags/example_branch_day_of_week_operator.py took 0.164 seconds
[2022-10-07T02:49:41.720+0000] {processor.py:156} INFO - Started process (PID=3464) to work on /home/airflow/.local/lib/python3.7/site-packages/airflow/example_dags/example_branch_day_of_week_operator.py
[2022-10-07T02:49:41.722+0000] {processor.py:758} INFO - Processing file /home/airflow/.local/lib/python3.7/site-packages/airflow/example_dags/example_branch_day_of_week_operator.py for tasks to queue
[2022-10-07T02:49:41.723+0000] {logging_mixin.py:117} INFO - [2022-10-07T02:49:41.723+0000] {dagbag.py:525} INFO - Filling up the DagBag from /home/airflow/.local/lib/python3.7/site-packages/airflow/example_dags/example_branch_day_of_week_operator.py
[2022-10-07T02:49:41.749+0000] {processor.py:768} INFO - DAG(s) dict_keys(['example_weekday_branch_operator']) retrieved from /home/airflow/.local/lib/python3.7/site-packages/airflow/example_dags/example_branch_day_of_week_operator.py
[2022-10-07T02:49:41.821+0000] {logging_mixin.py:117} INFO - [2022-10-07T02:49:41.821+0000] {dag.py:2573} INFO - Sync 1 DAGs
[2022-10-07T02:49:41.876+0000] {logging_mixin.py:117} INFO - [2022-10-07T02:49:41.876+0000] {dag.py:3328} INFO - Setting next_dagrun for example_weekday_branch_operator to 2022-10-06T00:00:00+00:00, run_after=2022-10-07T00:00:00+00:00
[2022-10-07T02:49:41.913+0000] {processor.py:178} INFO - Processing /home/airflow/.local/lib/python3.7/site-packages/airflow/example_dags/example_branch_day_of_week_operator.py took 0.196 seconds
[2022-10-07T02:50:12.008+0000] {processor.py:156} INFO - Started process (PID=3520) to work on /home/airflow/.local/lib/python3.7/site-packages/airflow/example_dags/example_branch_day_of_week_operator.py
[2022-10-07T02:50:12.009+0000] {processor.py:758} INFO - Processing file /home/airflow/.local/lib/python3.7/site-packages/airflow/example_dags/example_branch_day_of_week_operator.py for tasks to queue
[2022-10-07T02:50:12.010+0000] {logging_mixin.py:117} INFO - [2022-10-07T02:50:12.010+0000] {dagbag.py:525} INFO - Filling up the DagBag from /home/airflow/.local/lib/python3.7/site-packages/airflow/example_dags/example_branch_day_of_week_operator.py
[2022-10-07T02:50:12.027+0000] {processor.py:768} INFO - DAG(s) dict_keys(['example_weekday_branch_operator']) retrieved from /home/airflow/.local/lib/python3.7/site-packages/airflow/example_dags/example_branch_day_of_week_operator.py
[2022-10-07T02:50:12.068+0000] {logging_mixin.py:117} INFO - [2022-10-07T02:50:12.068+0000] {dag.py:2573} INFO - Sync 1 DAGs
[2022-10-07T02:50:12.102+0000] {logging_mixin.py:117} INFO - [2022-10-07T02:50:12.102+0000] {dag.py:3328} INFO - Setting next_dagrun for example_weekday_branch_operator to 2022-10-06T00:00:00+00:00, run_after=2022-10-07T00:00:00+00:00
[2022-10-07T02:50:12.125+0000] {processor.py:178} INFO - Processing /home/airflow/.local/lib/python3.7/site-packages/airflow/example_dags/example_branch_day_of_week_operator.py took 0.119 seconds
[2022-10-07T02:50:42.207+0000] {processor.py:156} INFO - Started process (PID=3585) to work on /home/airflow/.local/lib/python3.7/site-packages/airflow/example_dags/example_branch_day_of_week_operator.py
[2022-10-07T02:50:42.208+0000] {processor.py:758} INFO - Processing file /home/airflow/.local/lib/python3.7/site-packages/airflow/example_dags/example_branch_day_of_week_operator.py for tasks to queue
[2022-10-07T02:50:42.209+0000] {logging_mixin.py:117} INFO - [2022-10-07T02:50:42.209+0000] {dagbag.py:525} INFO - Filling up the DagBag from /home/airflow/.local/lib/python3.7/site-packages/airflow/example_dags/example_branch_day_of_week_operator.py
[2022-10-07T02:50:42.228+0000] {processor.py:768} INFO - DAG(s) dict_keys(['example_weekday_branch_operator']) retrieved from /home/airflow/.local/lib/python3.7/site-packages/airflow/example_dags/example_branch_day_of_week_operator.py
[2022-10-07T02:50:42.269+0000] {logging_mixin.py:117} INFO - [2022-10-07T02:50:42.269+0000] {dag.py:2573} INFO - Sync 1 DAGs
[2022-10-07T02:50:42.299+0000] {logging_mixin.py:117} INFO - [2022-10-07T02:50:42.298+0000] {dag.py:3328} INFO - Setting next_dagrun for example_weekday_branch_operator to 2022-10-06T00:00:00+00:00, run_after=2022-10-07T00:00:00+00:00
[2022-10-07T02:50:42.322+0000] {processor.py:178} INFO - Processing /home/airflow/.local/lib/python3.7/site-packages/airflow/example_dags/example_branch_day_of_week_operator.py took 0.119 seconds
[2022-10-07T02:51:12.649+0000] {processor.py:156} INFO - Started process (PID=3640) to work on /home/airflow/.local/lib/python3.7/site-packages/airflow/example_dags/example_branch_day_of_week_operator.py
[2022-10-07T02:51:12.650+0000] {processor.py:758} INFO - Processing file /home/airflow/.local/lib/python3.7/site-packages/airflow/example_dags/example_branch_day_of_week_operator.py for tasks to queue
[2022-10-07T02:51:12.651+0000] {logging_mixin.py:117} INFO - [2022-10-07T02:51:12.651+0000] {dagbag.py:525} INFO - Filling up the DagBag from /home/airflow/.local/lib/python3.7/site-packages/airflow/example_dags/example_branch_day_of_week_operator.py
[2022-10-07T02:51:12.674+0000] {processor.py:768} INFO - DAG(s) dict_keys(['example_weekday_branch_operator']) retrieved from /home/airflow/.local/lib/python3.7/site-packages/airflow/example_dags/example_branch_day_of_week_operator.py
[2022-10-07T02:51:12.737+0000] {logging_mixin.py:117} INFO - [2022-10-07T02:51:12.736+0000] {dag.py:2573} INFO - Sync 1 DAGs
[2022-10-07T02:51:12.785+0000] {logging_mixin.py:117} INFO - [2022-10-07T02:51:12.785+0000] {dag.py:3328} INFO - Setting next_dagrun for example_weekday_branch_operator to 2022-10-06T00:00:00+00:00, run_after=2022-10-07T00:00:00+00:00
[2022-10-07T02:51:12.827+0000] {processor.py:178} INFO - Processing /home/airflow/.local/lib/python3.7/site-packages/airflow/example_dags/example_branch_day_of_week_operator.py took 0.182 seconds
[2022-10-07T02:51:43.064+0000] {processor.py:156} INFO - Started process (PID=3705) to work on /home/airflow/.local/lib/python3.7/site-packages/airflow/example_dags/example_branch_day_of_week_operator.py
[2022-10-07T02:51:43.065+0000] {processor.py:758} INFO - Processing file /home/airflow/.local/lib/python3.7/site-packages/airflow/example_dags/example_branch_day_of_week_operator.py for tasks to queue
[2022-10-07T02:51:43.066+0000] {logging_mixin.py:117} INFO - [2022-10-07T02:51:43.066+0000] {dagbag.py:525} INFO - Filling up the DagBag from /home/airflow/.local/lib/python3.7/site-packages/airflow/example_dags/example_branch_day_of_week_operator.py
[2022-10-07T02:51:43.096+0000] {processor.py:768} INFO - DAG(s) dict_keys(['example_weekday_branch_operator']) retrieved from /home/airflow/.local/lib/python3.7/site-packages/airflow/example_dags/example_branch_day_of_week_operator.py
[2022-10-07T02:51:43.186+0000] {logging_mixin.py:117} INFO - [2022-10-07T02:51:43.186+0000] {dag.py:2573} INFO - Sync 1 DAGs
[2022-10-07T02:51:43.238+0000] {logging_mixin.py:117} INFO - [2022-10-07T02:51:43.238+0000] {dag.py:3328} INFO - Setting next_dagrun for example_weekday_branch_operator to 2022-10-06T00:00:00+00:00, run_after=2022-10-07T00:00:00+00:00
[2022-10-07T02:51:43.270+0000] {processor.py:178} INFO - Processing /home/airflow/.local/lib/python3.7/site-packages/airflow/example_dags/example_branch_day_of_week_operator.py took 0.213 seconds
[2022-10-07T02:52:13.723+0000] {processor.py:156} INFO - Started process (PID=3761) to work on /home/airflow/.local/lib/python3.7/site-packages/airflow/example_dags/example_branch_day_of_week_operator.py
[2022-10-07T02:52:13.724+0000] {processor.py:758} INFO - Processing file /home/airflow/.local/lib/python3.7/site-packages/airflow/example_dags/example_branch_day_of_week_operator.py for tasks to queue
[2022-10-07T02:52:13.725+0000] {logging_mixin.py:117} INFO - [2022-10-07T02:52:13.725+0000] {dagbag.py:525} INFO - Filling up the DagBag from /home/airflow/.local/lib/python3.7/site-packages/airflow/example_dags/example_branch_day_of_week_operator.py
[2022-10-07T02:52:13.748+0000] {processor.py:768} INFO - DAG(s) dict_keys(['example_weekday_branch_operator']) retrieved from /home/airflow/.local/lib/python3.7/site-packages/airflow/example_dags/example_branch_day_of_week_operator.py
[2022-10-07T02:52:13.816+0000] {logging_mixin.py:117} INFO - [2022-10-07T02:52:13.815+0000] {dag.py:2573} INFO - Sync 1 DAGs
[2022-10-07T02:52:13.862+0000] {logging_mixin.py:117} INFO - [2022-10-07T02:52:13.862+0000] {dag.py:3328} INFO - Setting next_dagrun for example_weekday_branch_operator to 2022-10-06T00:00:00+00:00, run_after=2022-10-07T00:00:00+00:00
[2022-10-07T02:52:13.893+0000] {processor.py:178} INFO - Processing /home/airflow/.local/lib/python3.7/site-packages/airflow/example_dags/example_branch_day_of_week_operator.py took 0.175 seconds
[2022-10-07T02:52:44.716+0000] {processor.py:156} INFO - Started process (PID=3826) to work on /home/airflow/.local/lib/python3.7/site-packages/airflow/example_dags/example_branch_day_of_week_operator.py
[2022-10-07T02:52:44.717+0000] {processor.py:758} INFO - Processing file /home/airflow/.local/lib/python3.7/site-packages/airflow/example_dags/example_branch_day_of_week_operator.py for tasks to queue
[2022-10-07T02:52:44.718+0000] {logging_mixin.py:117} INFO - [2022-10-07T02:52:44.718+0000] {dagbag.py:525} INFO - Filling up the DagBag from /home/airflow/.local/lib/python3.7/site-packages/airflow/example_dags/example_branch_day_of_week_operator.py
[2022-10-07T02:52:44.740+0000] {processor.py:768} INFO - DAG(s) dict_keys(['example_weekday_branch_operator']) retrieved from /home/airflow/.local/lib/python3.7/site-packages/airflow/example_dags/example_branch_day_of_week_operator.py
[2022-10-07T02:52:44.800+0000] {logging_mixin.py:117} INFO - [2022-10-07T02:52:44.799+0000] {dag.py:2573} INFO - Sync 1 DAGs
[2022-10-07T02:52:44.836+0000] {logging_mixin.py:117} INFO - [2022-10-07T02:52:44.836+0000] {dag.py:3328} INFO - Setting next_dagrun for example_weekday_branch_operator to 2022-10-06T00:00:00+00:00, run_after=2022-10-07T00:00:00+00:00
[2022-10-07T02:52:44.873+0000] {processor.py:178} INFO - Processing /home/airflow/.local/lib/python3.7/site-packages/airflow/example_dags/example_branch_day_of_week_operator.py took 0.161 seconds
[2022-10-07T02:53:15.200+0000] {processor.py:156} INFO - Started process (PID=3882) to work on /home/airflow/.local/lib/python3.7/site-packages/airflow/example_dags/example_branch_day_of_week_operator.py
[2022-10-07T02:53:15.202+0000] {processor.py:758} INFO - Processing file /home/airflow/.local/lib/python3.7/site-packages/airflow/example_dags/example_branch_day_of_week_operator.py for tasks to queue
[2022-10-07T02:53:15.203+0000] {logging_mixin.py:117} INFO - [2022-10-07T02:53:15.203+0000] {dagbag.py:525} INFO - Filling up the DagBag from /home/airflow/.local/lib/python3.7/site-packages/airflow/example_dags/example_branch_day_of_week_operator.py
[2022-10-07T02:53:15.226+0000] {processor.py:768} INFO - DAG(s) dict_keys(['example_weekday_branch_operator']) retrieved from /home/airflow/.local/lib/python3.7/site-packages/airflow/example_dags/example_branch_day_of_week_operator.py
[2022-10-07T02:53:15.288+0000] {logging_mixin.py:117} INFO - [2022-10-07T02:53:15.287+0000] {dag.py:2573} INFO - Sync 1 DAGs
[2022-10-07T02:53:15.325+0000] {logging_mixin.py:117} INFO - [2022-10-07T02:53:15.325+0000] {dag.py:3328} INFO - Setting next_dagrun for example_weekday_branch_operator to 2022-10-06T00:00:00+00:00, run_after=2022-10-07T00:00:00+00:00
[2022-10-07T02:53:15.354+0000] {processor.py:178} INFO - Processing /home/airflow/.local/lib/python3.7/site-packages/airflow/example_dags/example_branch_day_of_week_operator.py took 0.157 seconds
[2022-10-07T02:53:45.398+0000] {processor.py:156} INFO - Started process (PID=3946) to work on /home/airflow/.local/lib/python3.7/site-packages/airflow/example_dags/example_branch_day_of_week_operator.py
[2022-10-07T02:53:45.399+0000] {processor.py:758} INFO - Processing file /home/airflow/.local/lib/python3.7/site-packages/airflow/example_dags/example_branch_day_of_week_operator.py for tasks to queue
[2022-10-07T02:53:45.400+0000] {logging_mixin.py:117} INFO - [2022-10-07T02:53:45.400+0000] {dagbag.py:525} INFO - Filling up the DagBag from /home/airflow/.local/lib/python3.7/site-packages/airflow/example_dags/example_branch_day_of_week_operator.py
[2022-10-07T02:53:45.422+0000] {processor.py:768} INFO - DAG(s) dict_keys(['example_weekday_branch_operator']) retrieved from /home/airflow/.local/lib/python3.7/site-packages/airflow/example_dags/example_branch_day_of_week_operator.py
[2022-10-07T02:53:45.476+0000] {logging_mixin.py:117} INFO - [2022-10-07T02:53:45.476+0000] {dag.py:2573} INFO - Sync 1 DAGs
[2022-10-07T02:53:45.509+0000] {logging_mixin.py:117} INFO - [2022-10-07T02:53:45.509+0000] {dag.py:3328} INFO - Setting next_dagrun for example_weekday_branch_operator to 2022-10-06T00:00:00+00:00, run_after=2022-10-07T00:00:00+00:00
[2022-10-07T02:53:45.538+0000] {processor.py:178} INFO - Processing /home/airflow/.local/lib/python3.7/site-packages/airflow/example_dags/example_branch_day_of_week_operator.py took 0.146 seconds
[2022-10-07T02:54:15.896+0000] {processor.py:156} INFO - Started process (PID=4002) to work on /home/airflow/.local/lib/python3.7/site-packages/airflow/example_dags/example_branch_day_of_week_operator.py
[2022-10-07T02:54:15.897+0000] {processor.py:758} INFO - Processing file /home/airflow/.local/lib/python3.7/site-packages/airflow/example_dags/example_branch_day_of_week_operator.py for tasks to queue
[2022-10-07T02:54:15.898+0000] {logging_mixin.py:117} INFO - [2022-10-07T02:54:15.898+0000] {dagbag.py:525} INFO - Filling up the DagBag from /home/airflow/.local/lib/python3.7/site-packages/airflow/example_dags/example_branch_day_of_week_operator.py
[2022-10-07T02:54:15.919+0000] {processor.py:768} INFO - DAG(s) dict_keys(['example_weekday_branch_operator']) retrieved from /home/airflow/.local/lib/python3.7/site-packages/airflow/example_dags/example_branch_day_of_week_operator.py
[2022-10-07T02:54:15.971+0000] {logging_mixin.py:117} INFO - [2022-10-07T02:54:15.971+0000] {dag.py:2573} INFO - Sync 1 DAGs
[2022-10-07T02:54:16.010+0000] {logging_mixin.py:117} INFO - [2022-10-07T02:54:16.010+0000] {dag.py:3328} INFO - Setting next_dagrun for example_weekday_branch_operator to 2022-10-06T00:00:00+00:00, run_after=2022-10-07T00:00:00+00:00
[2022-10-07T02:54:16.047+0000] {processor.py:178} INFO - Processing /home/airflow/.local/lib/python3.7/site-packages/airflow/example_dags/example_branch_day_of_week_operator.py took 0.155 seconds
[2022-10-07T02:54:46.293+0000] {processor.py:156} INFO - Started process (PID=4067) to work on /home/airflow/.local/lib/python3.7/site-packages/airflow/example_dags/example_branch_day_of_week_operator.py
[2022-10-07T02:54:46.294+0000] {processor.py:758} INFO - Processing file /home/airflow/.local/lib/python3.7/site-packages/airflow/example_dags/example_branch_day_of_week_operator.py for tasks to queue
[2022-10-07T02:54:46.295+0000] {logging_mixin.py:117} INFO - [2022-10-07T02:54:46.295+0000] {dagbag.py:525} INFO - Filling up the DagBag from /home/airflow/.local/lib/python3.7/site-packages/airflow/example_dags/example_branch_day_of_week_operator.py
[2022-10-07T02:54:46.319+0000] {processor.py:768} INFO - DAG(s) dict_keys(['example_weekday_branch_operator']) retrieved from /home/airflow/.local/lib/python3.7/site-packages/airflow/example_dags/example_branch_day_of_week_operator.py
[2022-10-07T02:54:46.375+0000] {logging_mixin.py:117} INFO - [2022-10-07T02:54:46.375+0000] {dag.py:2573} INFO - Sync 1 DAGs
[2022-10-07T02:54:46.412+0000] {logging_mixin.py:117} INFO - [2022-10-07T02:54:46.412+0000] {dag.py:3328} INFO - Setting next_dagrun for example_weekday_branch_operator to 2022-10-06T00:00:00+00:00, run_after=2022-10-07T00:00:00+00:00
[2022-10-07T02:54:46.441+0000] {processor.py:178} INFO - Processing /home/airflow/.local/lib/python3.7/site-packages/airflow/example_dags/example_branch_day_of_week_operator.py took 0.151 seconds
[2022-10-07T02:55:17.040+0000] {processor.py:156} INFO - Started process (PID=4133) to work on /home/airflow/.local/lib/python3.7/site-packages/airflow/example_dags/example_branch_day_of_week_operator.py
[2022-10-07T02:55:17.042+0000] {processor.py:758} INFO - Processing file /home/airflow/.local/lib/python3.7/site-packages/airflow/example_dags/example_branch_day_of_week_operator.py for tasks to queue
[2022-10-07T02:55:17.044+0000] {logging_mixin.py:117} INFO - [2022-10-07T02:55:17.043+0000] {dagbag.py:525} INFO - Filling up the DagBag from /home/airflow/.local/lib/python3.7/site-packages/airflow/example_dags/example_branch_day_of_week_operator.py
[2022-10-07T02:55:17.065+0000] {processor.py:768} INFO - DAG(s) dict_keys(['example_weekday_branch_operator']) retrieved from /home/airflow/.local/lib/python3.7/site-packages/airflow/example_dags/example_branch_day_of_week_operator.py
[2022-10-07T02:55:17.124+0000] {logging_mixin.py:117} INFO - [2022-10-07T02:55:17.123+0000] {dag.py:2573} INFO - Sync 1 DAGs
[2022-10-07T02:55:17.163+0000] {logging_mixin.py:117} INFO - [2022-10-07T02:55:17.163+0000] {dag.py:3328} INFO - Setting next_dagrun for example_weekday_branch_operator to 2022-10-06T00:00:00+00:00, run_after=2022-10-07T00:00:00+00:00
[2022-10-07T02:55:17.196+0000] {processor.py:178} INFO - Processing /home/airflow/.local/lib/python3.7/site-packages/airflow/example_dags/example_branch_day_of_week_operator.py took 0.159 seconds
