[2022-09-05 00:30:53,447] {taskinstance.py:1179} INFO - Dependencies all met for <TaskInstance: csv_dag.start scheduled__2022-09-04T00:00:00+00:00 [queued]>
[2022-09-05 00:30:53,457] {taskinstance.py:1179} INFO - Dependencies all met for <TaskInstance: csv_dag.start scheduled__2022-09-04T00:00:00+00:00 [queued]>
[2022-09-05 00:30:53,458] {taskinstance.py:1376} INFO - 
--------------------------------------------------------------------------------
[2022-09-05 00:30:53,458] {taskinstance.py:1377} INFO - Starting attempt 1 of 2
[2022-09-05 00:30:53,458] {taskinstance.py:1378} INFO - 
--------------------------------------------------------------------------------
[2022-09-05 00:30:53,477] {taskinstance.py:1397} INFO - Executing <Task(BashOperator): start> on 2022-09-04 00:00:00+00:00
[2022-09-05 00:30:53,484] {standard_task_runner.py:52} INFO - Started process 21080 to run task
[2022-09-05 00:30:53,487] {standard_task_runner.py:79} INFO - Running: ['***', 'tasks', 'run', 'csv_dag', 'start', 'scheduled__2022-09-04T00:00:00+00:00', '--job-id', '322', '--raw', '--subdir', 'DAGS_FOLDER/testDag.py', '--cfg-path', '/tmp/tmprxf4a27d', '--error-file', '/tmp/tmprq0x4jgv']
[2022-09-05 00:30:53,488] {standard_task_runner.py:80} INFO - Job 322: Subtask start
[2022-09-05 00:30:53,567] {task_command.py:371} INFO - Running <TaskInstance: csv_dag.start scheduled__2022-09-04T00:00:00+00:00 [running]> on host 36e1df4dd6ce
[2022-09-05 00:30:53,654] {taskinstance.py:1591} INFO - Exporting the following env vars:
AIRFLOW_CTX_DAG_OWNER=***
AIRFLOW_CTX_DAG_ID=csv_dag
AIRFLOW_CTX_TASK_ID=start
AIRFLOW_CTX_EXECUTION_DATE=2022-09-04T00:00:00+00:00
AIRFLOW_CTX_TRY_NUMBER=1
AIRFLOW_CTX_DAG_RUN_ID=scheduled__2022-09-04T00:00:00+00:00
[2022-09-05 00:30:53,655] {subprocess.py:62} INFO - Tmp dir root location: 
 /tmp
[2022-09-05 00:30:53,656] {subprocess.py:74} INFO - Running command: ['bash', '-c', 'date']
[2022-09-05 00:30:53,669] {subprocess.py:85} INFO - Output:
[2022-09-05 00:30:53,678] {subprocess.py:92} INFO - Mon Sep  5 00:30:53 UTC 2022
[2022-09-05 00:30:53,679] {subprocess.py:96} INFO - Command exited with return code 0
[2022-09-05 00:30:53,704] {taskinstance.py:1420} INFO - Marking task as SUCCESS. dag_id=csv_dag, task_id=start, execution_date=20220904T000000, start_date=20220905T003053, end_date=20220905T003053
[2022-09-05 00:30:53,738] {local_task_job.py:156} INFO - Task exited with return code 0
[2022-09-05 00:30:53,799] {local_task_job.py:273} INFO - 4 downstream tasks scheduled from follow-on schedule check
