[2022-08-18 02:38:31,622] {taskinstance.py:1179} INFO - Dependencies all met for <TaskInstance: csv_dag.start scheduled__2022-08-17T00:00:00+00:00 [queued]>
[2022-08-18 02:38:31,650] {taskinstance.py:1179} INFO - Dependencies all met for <TaskInstance: csv_dag.start scheduled__2022-08-17T00:00:00+00:00 [queued]>
[2022-08-18 02:38:31,651] {taskinstance.py:1376} INFO - 
--------------------------------------------------------------------------------
[2022-08-18 02:38:31,651] {taskinstance.py:1377} INFO - Starting attempt 1 of 2
[2022-08-18 02:38:31,652] {taskinstance.py:1378} INFO - 
--------------------------------------------------------------------------------
[2022-08-18 02:38:31,694] {taskinstance.py:1397} INFO - Executing <Task(BashOperator): start> on 2022-08-17 00:00:00+00:00
[2022-08-18 02:38:31,706] {standard_task_runner.py:52} INFO - Started process 8050 to run task
[2022-08-18 02:38:31,713] {standard_task_runner.py:79} INFO - Running: ['***', 'tasks', 'run', 'csv_dag', 'start', 'scheduled__2022-08-17T00:00:00+00:00', '--job-id', '206', '--raw', '--subdir', 'DAGS_FOLDER/testDag.py', '--cfg-path', '/tmp/tmpl52vrcsl', '--error-file', '/tmp/tmpv_u6n3b3']
[2022-08-18 02:38:31,716] {standard_task_runner.py:80} INFO - Job 206: Subtask start
[2022-08-18 02:38:31,920] {task_command.py:371} INFO - Running <TaskInstance: csv_dag.start scheduled__2022-08-17T00:00:00+00:00 [running]> on host 36e1df4dd6ce
[2022-08-18 02:38:32,160] {taskinstance.py:1591} INFO - Exporting the following env vars:
AIRFLOW_CTX_DAG_OWNER=***
AIRFLOW_CTX_DAG_ID=csv_dag
AIRFLOW_CTX_TASK_ID=start
AIRFLOW_CTX_EXECUTION_DATE=2022-08-17T00:00:00+00:00
AIRFLOW_CTX_TRY_NUMBER=1
AIRFLOW_CTX_DAG_RUN_ID=scheduled__2022-08-17T00:00:00+00:00
[2022-08-18 02:38:32,162] {subprocess.py:62} INFO - Tmp dir root location: 
 /tmp
[2022-08-18 02:38:32,165] {subprocess.py:74} INFO - Running command: ['bash', '-c', 'date']
[2022-08-18 02:38:32,202] {subprocess.py:85} INFO - Output:
[2022-08-18 02:38:32,236] {subprocess.py:92} INFO - Thu Aug 18 02:38:32 UTC 2022
[2022-08-18 02:38:32,237] {subprocess.py:96} INFO - Command exited with return code 0
[2022-08-18 02:38:32,331] {taskinstance.py:1420} INFO - Marking task as SUCCESS. dag_id=csv_dag, task_id=start, execution_date=20220817T000000, start_date=20220818T023831, end_date=20220818T023832
[2022-08-18 02:38:32,406] {local_task_job.py:156} INFO - Task exited with return code 0
[2022-08-18 02:38:32,507] {local_task_job.py:273} INFO - 4 downstream tasks scheduled from follow-on schedule check
