[2022-08-24 00:00:01,093] {taskinstance.py:1179} INFO - Dependencies all met for <TaskInstance: csv_dag.start scheduled__2022-08-23T00:00:00+00:00 [queued]>
[2022-08-24 00:00:01,099] {taskinstance.py:1179} INFO - Dependencies all met for <TaskInstance: csv_dag.start scheduled__2022-08-23T00:00:00+00:00 [queued]>
[2022-08-24 00:00:01,100] {taskinstance.py:1376} INFO - 
--------------------------------------------------------------------------------
[2022-08-24 00:00:01,100] {taskinstance.py:1377} INFO - Starting attempt 1 of 2
[2022-08-24 00:00:01,100] {taskinstance.py:1378} INFO - 
--------------------------------------------------------------------------------
[2022-08-24 00:00:01,112] {taskinstance.py:1397} INFO - Executing <Task(BashOperator): start> on 2022-08-23 00:00:00+00:00
[2022-08-24 00:00:01,118] {standard_task_runner.py:52} INFO - Started process 32744 to run task
[2022-08-24 00:00:01,120] {standard_task_runner.py:79} INFO - Running: ['***', 'tasks', 'run', 'csv_dag', 'start', 'scheduled__2022-08-23T00:00:00+00:00', '--job-id', '234', '--raw', '--subdir', 'DAGS_FOLDER/testDag.py', '--cfg-path', '/tmp/tmp3y7j9cta', '--error-file', '/tmp/tmpjbf0rq6a']
[2022-08-24 00:00:01,121] {standard_task_runner.py:80} INFO - Job 234: Subtask start
[2022-08-24 00:00:01,169] {task_command.py:371} INFO - Running <TaskInstance: csv_dag.start scheduled__2022-08-23T00:00:00+00:00 [running]> on host 36e1df4dd6ce
[2022-08-24 00:00:01,231] {taskinstance.py:1591} INFO - Exporting the following env vars:
AIRFLOW_CTX_DAG_OWNER=***
AIRFLOW_CTX_DAG_ID=csv_dag
AIRFLOW_CTX_TASK_ID=start
AIRFLOW_CTX_EXECUTION_DATE=2022-08-23T00:00:00+00:00
AIRFLOW_CTX_TRY_NUMBER=1
AIRFLOW_CTX_DAG_RUN_ID=scheduled__2022-08-23T00:00:00+00:00
[2022-08-24 00:00:01,232] {subprocess.py:62} INFO - Tmp dir root location: 
 /tmp
[2022-08-24 00:00:01,233] {subprocess.py:74} INFO - Running command: ['bash', '-c', 'date']
[2022-08-24 00:00:01,243] {subprocess.py:85} INFO - Output:
[2022-08-24 00:00:01,263] {subprocess.py:92} INFO - Wed Aug 24 00:00:01 UTC 2022
[2022-08-24 00:00:01,263] {subprocess.py:96} INFO - Command exited with return code 0
[2022-08-24 00:00:01,287] {taskinstance.py:1420} INFO - Marking task as SUCCESS. dag_id=csv_dag, task_id=start, execution_date=20220823T000000, start_date=20220824T000001, end_date=20220824T000001
[2022-08-24 00:00:01,332] {local_task_job.py:156} INFO - Task exited with return code 0
[2022-08-24 00:00:01,370] {local_task_job.py:273} INFO - 4 downstream tasks scheduled from follow-on schedule check
