[2022-08-18 02:38:29,845] {processor.py:153} INFO - Started process (PID=8002) to work on /home/airflow/.local/lib/python3.7/site-packages/airflow/example_dags/example_branch_datetime_operator.py
[2022-08-18 02:38:29,847] {processor.py:641} INFO - Processing file /home/airflow/.local/lib/python3.7/site-packages/airflow/example_dags/example_branch_datetime_operator.py for tasks to queue
[2022-08-18 02:38:29,850] {logging_mixin.py:115} INFO - [2022-08-18 02:38:29,850] {dagbag.py:508} INFO - Filling up the DagBag from /home/airflow/.local/lib/python3.7/site-packages/airflow/example_dags/example_branch_datetime_operator.py
[2022-08-18 02:38:29,891] {processor.py:651} INFO - DAG(s) dict_keys(['example_branch_datetime_operator', 'example_branch_datetime_operator_2']) retrieved from /home/airflow/.local/lib/python3.7/site-packages/airflow/example_dags/example_branch_datetime_operator.py
[2022-08-18 02:38:29,994] {logging_mixin.py:115} INFO - [2022-08-18 02:38:29,993] {dag.py:2420} INFO - Sync 2 DAGs
[2022-08-18 02:38:30,082] {logging_mixin.py:115} INFO - [2022-08-18 02:38:30,081] {dag.py:2972} INFO - Setting next_dagrun for example_branch_datetime_operator to 2022-08-17T00:00:00+00:00, run_after=2022-08-18T00:00:00+00:00
[2022-08-18 02:38:30,087] {logging_mixin.py:115} INFO - [2022-08-18 02:38:30,087] {dag.py:2972} INFO - Setting next_dagrun for example_branch_datetime_operator_2 to 2022-08-17T00:00:00+00:00, run_after=2022-08-18T00:00:00+00:00
[2022-08-18 02:38:30,134] {processor.py:161} INFO - Processing /home/airflow/.local/lib/python3.7/site-packages/airflow/example_dags/example_branch_datetime_operator.py took 0.295 seconds
[2022-08-18 02:39:00,244] {processor.py:153} INFO - Started process (PID=8211) to work on /home/airflow/.local/lib/python3.7/site-packages/airflow/example_dags/example_branch_datetime_operator.py
[2022-08-18 02:39:00,245] {processor.py:641} INFO - Processing file /home/airflow/.local/lib/python3.7/site-packages/airflow/example_dags/example_branch_datetime_operator.py for tasks to queue
[2022-08-18 02:39:00,246] {logging_mixin.py:115} INFO - [2022-08-18 02:39:00,246] {dagbag.py:508} INFO - Filling up the DagBag from /home/airflow/.local/lib/python3.7/site-packages/airflow/example_dags/example_branch_datetime_operator.py
[2022-08-18 02:39:00,255] {processor.py:651} INFO - DAG(s) dict_keys(['example_branch_datetime_operator', 'example_branch_datetime_operator_2']) retrieved from /home/airflow/.local/lib/python3.7/site-packages/airflow/example_dags/example_branch_datetime_operator.py
[2022-08-18 02:39:00,288] {logging_mixin.py:115} INFO - [2022-08-18 02:39:00,288] {dag.py:2420} INFO - Sync 2 DAGs
[2022-08-18 02:39:00,317] {logging_mixin.py:115} INFO - [2022-08-18 02:39:00,317] {dag.py:2972} INFO - Setting next_dagrun for example_branch_datetime_operator to 2022-08-17T00:00:00+00:00, run_after=2022-08-18T00:00:00+00:00
[2022-08-18 02:39:00,321] {logging_mixin.py:115} INFO - [2022-08-18 02:39:00,320] {dag.py:2972} INFO - Setting next_dagrun for example_branch_datetime_operator_2 to 2022-08-17T00:00:00+00:00, run_after=2022-08-18T00:00:00+00:00
[2022-08-18 02:39:00,340] {processor.py:161} INFO - Processing /home/airflow/.local/lib/python3.7/site-packages/airflow/example_dags/example_branch_datetime_operator.py took 0.100 seconds
[2022-08-18 02:39:30,996] {processor.py:153} INFO - Started process (PID=8417) to work on /home/airflow/.local/lib/python3.7/site-packages/airflow/example_dags/example_branch_datetime_operator.py
[2022-08-18 02:39:30,997] {processor.py:641} INFO - Processing file /home/airflow/.local/lib/python3.7/site-packages/airflow/example_dags/example_branch_datetime_operator.py for tasks to queue
[2022-08-18 02:39:30,997] {logging_mixin.py:115} INFO - [2022-08-18 02:39:30,997] {dagbag.py:508} INFO - Filling up the DagBag from /home/airflow/.local/lib/python3.7/site-packages/airflow/example_dags/example_branch_datetime_operator.py
[2022-08-18 02:39:31,007] {processor.py:651} INFO - DAG(s) dict_keys(['example_branch_datetime_operator', 'example_branch_datetime_operator_2']) retrieved from /home/airflow/.local/lib/python3.7/site-packages/airflow/example_dags/example_branch_datetime_operator.py
[2022-08-18 02:39:31,040] {logging_mixin.py:115} INFO - [2022-08-18 02:39:31,040] {dag.py:2420} INFO - Sync 2 DAGs
[2022-08-18 02:39:31,064] {logging_mixin.py:115} INFO - [2022-08-18 02:39:31,064] {dag.py:2972} INFO - Setting next_dagrun for example_branch_datetime_operator to 2022-08-17T00:00:00+00:00, run_after=2022-08-18T00:00:00+00:00
[2022-08-18 02:39:31,067] {logging_mixin.py:115} INFO - [2022-08-18 02:39:31,066] {dag.py:2972} INFO - Setting next_dagrun for example_branch_datetime_operator_2 to 2022-08-17T00:00:00+00:00, run_after=2022-08-18T00:00:00+00:00
[2022-08-18 02:39:31,081] {processor.py:161} INFO - Processing /home/airflow/.local/lib/python3.7/site-packages/airflow/example_dags/example_branch_datetime_operator.py took 0.089 seconds
[2022-08-18 02:40:01,738] {processor.py:153} INFO - Started process (PID=8611) to work on /home/airflow/.local/lib/python3.7/site-packages/airflow/example_dags/example_branch_datetime_operator.py
[2022-08-18 02:40:01,739] {processor.py:641} INFO - Processing file /home/airflow/.local/lib/python3.7/site-packages/airflow/example_dags/example_branch_datetime_operator.py for tasks to queue
[2022-08-18 02:40:01,740] {logging_mixin.py:115} INFO - [2022-08-18 02:40:01,740] {dagbag.py:508} INFO - Filling up the DagBag from /home/airflow/.local/lib/python3.7/site-packages/airflow/example_dags/example_branch_datetime_operator.py
[2022-08-18 02:40:01,750] {processor.py:651} INFO - DAG(s) dict_keys(['example_branch_datetime_operator', 'example_branch_datetime_operator_2']) retrieved from /home/airflow/.local/lib/python3.7/site-packages/airflow/example_dags/example_branch_datetime_operator.py
[2022-08-18 02:40:01,789] {logging_mixin.py:115} INFO - [2022-08-18 02:40:01,789] {dag.py:2420} INFO - Sync 2 DAGs
[2022-08-18 02:40:01,820] {logging_mixin.py:115} INFO - [2022-08-18 02:40:01,820] {dag.py:2972} INFO - Setting next_dagrun for example_branch_datetime_operator to 2022-08-17T00:00:00+00:00, run_after=2022-08-18T00:00:00+00:00
[2022-08-18 02:40:01,823] {logging_mixin.py:115} INFO - [2022-08-18 02:40:01,823] {dag.py:2972} INFO - Setting next_dagrun for example_branch_datetime_operator_2 to 2022-08-17T00:00:00+00:00, run_after=2022-08-18T00:00:00+00:00
[2022-08-18 02:40:01,845] {processor.py:161} INFO - Processing /home/airflow/.local/lib/python3.7/site-packages/airflow/example_dags/example_branch_datetime_operator.py took 0.111 seconds
[2022-08-18 02:40:32,002] {processor.py:153} INFO - Started process (PID=8817) to work on /home/airflow/.local/lib/python3.7/site-packages/airflow/example_dags/example_branch_datetime_operator.py
[2022-08-18 02:40:32,003] {processor.py:641} INFO - Processing file /home/airflow/.local/lib/python3.7/site-packages/airflow/example_dags/example_branch_datetime_operator.py for tasks to queue
[2022-08-18 02:40:32,004] {logging_mixin.py:115} INFO - [2022-08-18 02:40:32,003] {dagbag.py:508} INFO - Filling up the DagBag from /home/airflow/.local/lib/python3.7/site-packages/airflow/example_dags/example_branch_datetime_operator.py
[2022-08-18 02:40:32,018] {processor.py:651} INFO - DAG(s) dict_keys(['example_branch_datetime_operator', 'example_branch_datetime_operator_2']) retrieved from /home/airflow/.local/lib/python3.7/site-packages/airflow/example_dags/example_branch_datetime_operator.py
[2022-08-18 02:40:32,060] {logging_mixin.py:115} INFO - [2022-08-18 02:40:32,060] {dag.py:2420} INFO - Sync 2 DAGs
[2022-08-18 02:40:32,098] {logging_mixin.py:115} INFO - [2022-08-18 02:40:32,098] {dag.py:2972} INFO - Setting next_dagrun for example_branch_datetime_operator to 2022-08-17T00:00:00+00:00, run_after=2022-08-18T00:00:00+00:00
[2022-08-18 02:40:32,101] {logging_mixin.py:115} INFO - [2022-08-18 02:40:32,101] {dag.py:2972} INFO - Setting next_dagrun for example_branch_datetime_operator_2 to 2022-08-17T00:00:00+00:00, run_after=2022-08-18T00:00:00+00:00
[2022-08-18 02:40:32,121] {processor.py:161} INFO - Processing /home/airflow/.local/lib/python3.7/site-packages/airflow/example_dags/example_branch_datetime_operator.py took 0.123 seconds
[2022-08-18 02:41:02,833] {processor.py:153} INFO - Started process (PID=9011) to work on /home/airflow/.local/lib/python3.7/site-packages/airflow/example_dags/example_branch_datetime_operator.py
[2022-08-18 02:41:02,834] {processor.py:641} INFO - Processing file /home/airflow/.local/lib/python3.7/site-packages/airflow/example_dags/example_branch_datetime_operator.py for tasks to queue
[2022-08-18 02:41:02,835] {logging_mixin.py:115} INFO - [2022-08-18 02:41:02,835] {dagbag.py:508} INFO - Filling up the DagBag from /home/airflow/.local/lib/python3.7/site-packages/airflow/example_dags/example_branch_datetime_operator.py
[2022-08-18 02:41:02,850] {processor.py:651} INFO - DAG(s) dict_keys(['example_branch_datetime_operator', 'example_branch_datetime_operator_2']) retrieved from /home/airflow/.local/lib/python3.7/site-packages/airflow/example_dags/example_branch_datetime_operator.py
[2022-08-18 02:41:02,895] {logging_mixin.py:115} INFO - [2022-08-18 02:41:02,895] {dag.py:2420} INFO - Sync 2 DAGs
[2022-08-18 02:41:02,932] {logging_mixin.py:115} INFO - [2022-08-18 02:41:02,931] {dag.py:2972} INFO - Setting next_dagrun for example_branch_datetime_operator to 2022-08-17T00:00:00+00:00, run_after=2022-08-18T00:00:00+00:00
[2022-08-18 02:41:02,935] {logging_mixin.py:115} INFO - [2022-08-18 02:41:02,935] {dag.py:2972} INFO - Setting next_dagrun for example_branch_datetime_operator_2 to 2022-08-17T00:00:00+00:00, run_after=2022-08-18T00:00:00+00:00
[2022-08-18 02:41:02,953] {processor.py:161} INFO - Processing /home/airflow/.local/lib/python3.7/site-packages/airflow/example_dags/example_branch_datetime_operator.py took 0.125 seconds
[2022-08-18 02:41:34,012] {processor.py:153} INFO - Started process (PID=9217) to work on /home/airflow/.local/lib/python3.7/site-packages/airflow/example_dags/example_branch_datetime_operator.py
[2022-08-18 02:41:34,013] {processor.py:641} INFO - Processing file /home/airflow/.local/lib/python3.7/site-packages/airflow/example_dags/example_branch_datetime_operator.py for tasks to queue
[2022-08-18 02:41:34,014] {logging_mixin.py:115} INFO - [2022-08-18 02:41:34,014] {dagbag.py:508} INFO - Filling up the DagBag from /home/airflow/.local/lib/python3.7/site-packages/airflow/example_dags/example_branch_datetime_operator.py
[2022-08-18 02:41:34,025] {processor.py:651} INFO - DAG(s) dict_keys(['example_branch_datetime_operator', 'example_branch_datetime_operator_2']) retrieved from /home/airflow/.local/lib/python3.7/site-packages/airflow/example_dags/example_branch_datetime_operator.py
[2022-08-18 02:41:34,060] {logging_mixin.py:115} INFO - [2022-08-18 02:41:34,060] {dag.py:2420} INFO - Sync 2 DAGs
[2022-08-18 02:41:34,094] {logging_mixin.py:115} INFO - [2022-08-18 02:41:34,094] {dag.py:2972} INFO - Setting next_dagrun for example_branch_datetime_operator to 2022-08-17T00:00:00+00:00, run_after=2022-08-18T00:00:00+00:00
[2022-08-18 02:41:34,097] {logging_mixin.py:115} INFO - [2022-08-18 02:41:34,097] {dag.py:2972} INFO - Setting next_dagrun for example_branch_datetime_operator_2 to 2022-08-17T00:00:00+00:00, run_after=2022-08-18T00:00:00+00:00
[2022-08-18 02:41:34,116] {processor.py:161} INFO - Processing /home/airflow/.local/lib/python3.7/site-packages/airflow/example_dags/example_branch_datetime_operator.py took 0.107 seconds
[2022-08-18 02:42:04,701] {processor.py:153} INFO - Started process (PID=9411) to work on /home/airflow/.local/lib/python3.7/site-packages/airflow/example_dags/example_branch_datetime_operator.py
[2022-08-18 02:42:04,702] {processor.py:641} INFO - Processing file /home/airflow/.local/lib/python3.7/site-packages/airflow/example_dags/example_branch_datetime_operator.py for tasks to queue
[2022-08-18 02:42:04,703] {logging_mixin.py:115} INFO - [2022-08-18 02:42:04,703] {dagbag.py:508} INFO - Filling up the DagBag from /home/airflow/.local/lib/python3.7/site-packages/airflow/example_dags/example_branch_datetime_operator.py
[2022-08-18 02:42:04,714] {processor.py:651} INFO - DAG(s) dict_keys(['example_branch_datetime_operator', 'example_branch_datetime_operator_2']) retrieved from /home/airflow/.local/lib/python3.7/site-packages/airflow/example_dags/example_branch_datetime_operator.py
[2022-08-18 02:42:04,752] {logging_mixin.py:115} INFO - [2022-08-18 02:42:04,752] {dag.py:2420} INFO - Sync 2 DAGs
[2022-08-18 02:42:04,784] {logging_mixin.py:115} INFO - [2022-08-18 02:42:04,784] {dag.py:2972} INFO - Setting next_dagrun for example_branch_datetime_operator to 2022-08-17T00:00:00+00:00, run_after=2022-08-18T00:00:00+00:00
[2022-08-18 02:42:04,787] {logging_mixin.py:115} INFO - [2022-08-18 02:42:04,787] {dag.py:2972} INFO - Setting next_dagrun for example_branch_datetime_operator_2 to 2022-08-17T00:00:00+00:00, run_after=2022-08-18T00:00:00+00:00
[2022-08-18 02:42:04,815] {processor.py:161} INFO - Processing /home/airflow/.local/lib/python3.7/site-packages/airflow/example_dags/example_branch_datetime_operator.py took 0.118 seconds
[2022-08-18 02:42:35,107] {processor.py:153} INFO - Started process (PID=9614) to work on /home/airflow/.local/lib/python3.7/site-packages/airflow/example_dags/example_branch_datetime_operator.py
[2022-08-18 02:42:35,108] {processor.py:641} INFO - Processing file /home/airflow/.local/lib/python3.7/site-packages/airflow/example_dags/example_branch_datetime_operator.py for tasks to queue
[2022-08-18 02:42:35,109] {logging_mixin.py:115} INFO - [2022-08-18 02:42:35,109] {dagbag.py:508} INFO - Filling up the DagBag from /home/airflow/.local/lib/python3.7/site-packages/airflow/example_dags/example_branch_datetime_operator.py
[2022-08-18 02:42:35,121] {processor.py:651} INFO - DAG(s) dict_keys(['example_branch_datetime_operator', 'example_branch_datetime_operator_2']) retrieved from /home/airflow/.local/lib/python3.7/site-packages/airflow/example_dags/example_branch_datetime_operator.py
[2022-08-18 02:42:35,159] {logging_mixin.py:115} INFO - [2022-08-18 02:42:35,159] {dag.py:2420} INFO - Sync 2 DAGs
[2022-08-18 02:42:35,197] {logging_mixin.py:115} INFO - [2022-08-18 02:42:35,197] {dag.py:2972} INFO - Setting next_dagrun for example_branch_datetime_operator to 2022-08-17T00:00:00+00:00, run_after=2022-08-18T00:00:00+00:00
[2022-08-18 02:42:35,200] {logging_mixin.py:115} INFO - [2022-08-18 02:42:35,200] {dag.py:2972} INFO - Setting next_dagrun for example_branch_datetime_operator_2 to 2022-08-17T00:00:00+00:00, run_after=2022-08-18T00:00:00+00:00
[2022-08-18 02:42:35,218] {processor.py:161} INFO - Processing /home/airflow/.local/lib/python3.7/site-packages/airflow/example_dags/example_branch_datetime_operator.py took 0.114 seconds
[2022-08-18 02:43:05,466] {processor.py:153} INFO - Started process (PID=9806) to work on /home/airflow/.local/lib/python3.7/site-packages/airflow/example_dags/example_branch_datetime_operator.py
[2022-08-18 02:43:05,467] {processor.py:641} INFO - Processing file /home/airflow/.local/lib/python3.7/site-packages/airflow/example_dags/example_branch_datetime_operator.py for tasks to queue
[2022-08-18 02:43:05,468] {logging_mixin.py:115} INFO - [2022-08-18 02:43:05,468] {dagbag.py:508} INFO - Filling up the DagBag from /home/airflow/.local/lib/python3.7/site-packages/airflow/example_dags/example_branch_datetime_operator.py
[2022-08-18 02:43:05,479] {processor.py:651} INFO - DAG(s) dict_keys(['example_branch_datetime_operator', 'example_branch_datetime_operator_2']) retrieved from /home/airflow/.local/lib/python3.7/site-packages/airflow/example_dags/example_branch_datetime_operator.py
[2022-08-18 02:43:05,517] {logging_mixin.py:115} INFO - [2022-08-18 02:43:05,516] {dag.py:2420} INFO - Sync 2 DAGs
[2022-08-18 02:43:05,550] {logging_mixin.py:115} INFO - [2022-08-18 02:43:05,550] {dag.py:2972} INFO - Setting next_dagrun for example_branch_datetime_operator to 2022-08-17T00:00:00+00:00, run_after=2022-08-18T00:00:00+00:00
[2022-08-18 02:43:05,553] {logging_mixin.py:115} INFO - [2022-08-18 02:43:05,553] {dag.py:2972} INFO - Setting next_dagrun for example_branch_datetime_operator_2 to 2022-08-17T00:00:00+00:00, run_after=2022-08-18T00:00:00+00:00
[2022-08-18 02:43:05,571] {processor.py:161} INFO - Processing /home/airflow/.local/lib/python3.7/site-packages/airflow/example_dags/example_branch_datetime_operator.py took 0.109 seconds
[2022-08-18 02:43:36,270] {processor.py:153} INFO - Started process (PID=10011) to work on /home/airflow/.local/lib/python3.7/site-packages/airflow/example_dags/example_branch_datetime_operator.py
[2022-08-18 02:43:36,271] {processor.py:641} INFO - Processing file /home/airflow/.local/lib/python3.7/site-packages/airflow/example_dags/example_branch_datetime_operator.py for tasks to queue
[2022-08-18 02:43:36,272] {logging_mixin.py:115} INFO - [2022-08-18 02:43:36,271] {dagbag.py:508} INFO - Filling up the DagBag from /home/airflow/.local/lib/python3.7/site-packages/airflow/example_dags/example_branch_datetime_operator.py
[2022-08-18 02:43:36,282] {processor.py:651} INFO - DAG(s) dict_keys(['example_branch_datetime_operator', 'example_branch_datetime_operator_2']) retrieved from /home/airflow/.local/lib/python3.7/site-packages/airflow/example_dags/example_branch_datetime_operator.py
[2022-08-18 02:43:36,315] {logging_mixin.py:115} INFO - [2022-08-18 02:43:36,314] {dag.py:2420} INFO - Sync 2 DAGs
[2022-08-18 02:43:36,345] {logging_mixin.py:115} INFO - [2022-08-18 02:43:36,345] {dag.py:2972} INFO - Setting next_dagrun for example_branch_datetime_operator to 2022-08-17T00:00:00+00:00, run_after=2022-08-18T00:00:00+00:00
[2022-08-18 02:43:36,348] {logging_mixin.py:115} INFO - [2022-08-18 02:43:36,348] {dag.py:2972} INFO - Setting next_dagrun for example_branch_datetime_operator_2 to 2022-08-17T00:00:00+00:00, run_after=2022-08-18T00:00:00+00:00
[2022-08-18 02:43:36,373] {processor.py:161} INFO - Processing /home/airflow/.local/lib/python3.7/site-packages/airflow/example_dags/example_branch_datetime_operator.py took 0.106 seconds
[2022-08-18 02:44:07,064] {processor.py:153} INFO - Started process (PID=10203) to work on /home/airflow/.local/lib/python3.7/site-packages/airflow/example_dags/example_branch_datetime_operator.py
[2022-08-18 02:44:07,065] {processor.py:641} INFO - Processing file /home/airflow/.local/lib/python3.7/site-packages/airflow/example_dags/example_branch_datetime_operator.py for tasks to queue
[2022-08-18 02:44:07,066] {logging_mixin.py:115} INFO - [2022-08-18 02:44:07,066] {dagbag.py:508} INFO - Filling up the DagBag from /home/airflow/.local/lib/python3.7/site-packages/airflow/example_dags/example_branch_datetime_operator.py
[2022-08-18 02:44:07,093] {processor.py:651} INFO - DAG(s) dict_keys(['example_branch_datetime_operator', 'example_branch_datetime_operator_2']) retrieved from /home/airflow/.local/lib/python3.7/site-packages/airflow/example_dags/example_branch_datetime_operator.py
[2022-08-18 02:44:07,232] {logging_mixin.py:115} INFO - [2022-08-18 02:44:07,232] {dag.py:2420} INFO - Sync 2 DAGs
[2022-08-18 02:44:07,276] {logging_mixin.py:115} INFO - [2022-08-18 02:44:07,276] {dag.py:2972} INFO - Setting next_dagrun for example_branch_datetime_operator to 2022-08-17T00:00:00+00:00, run_after=2022-08-18T00:00:00+00:00
[2022-08-18 02:44:07,280] {logging_mixin.py:115} INFO - [2022-08-18 02:44:07,280] {dag.py:2972} INFO - Setting next_dagrun for example_branch_datetime_operator_2 to 2022-08-17T00:00:00+00:00, run_after=2022-08-18T00:00:00+00:00
[2022-08-18 02:44:07,302] {processor.py:161} INFO - Processing /home/airflow/.local/lib/python3.7/site-packages/airflow/example_dags/example_branch_datetime_operator.py took 0.243 seconds
[2022-08-18 02:44:38,278] {processor.py:153} INFO - Started process (PID=10406) to work on /home/airflow/.local/lib/python3.7/site-packages/airflow/example_dags/example_branch_datetime_operator.py
[2022-08-18 02:44:38,279] {processor.py:641} INFO - Processing file /home/airflow/.local/lib/python3.7/site-packages/airflow/example_dags/example_branch_datetime_operator.py for tasks to queue
[2022-08-18 02:44:38,280] {logging_mixin.py:115} INFO - [2022-08-18 02:44:38,280] {dagbag.py:508} INFO - Filling up the DagBag from /home/airflow/.local/lib/python3.7/site-packages/airflow/example_dags/example_branch_datetime_operator.py
[2022-08-18 02:44:38,292] {processor.py:651} INFO - DAG(s) dict_keys(['example_branch_datetime_operator', 'example_branch_datetime_operator_2']) retrieved from /home/airflow/.local/lib/python3.7/site-packages/airflow/example_dags/example_branch_datetime_operator.py
[2022-08-18 02:44:38,327] {logging_mixin.py:115} INFO - [2022-08-18 02:44:38,327] {dag.py:2420} INFO - Sync 2 DAGs
[2022-08-18 02:44:38,364] {logging_mixin.py:115} INFO - [2022-08-18 02:44:38,364] {dag.py:2972} INFO - Setting next_dagrun for example_branch_datetime_operator to 2022-08-17T00:00:00+00:00, run_after=2022-08-18T00:00:00+00:00
[2022-08-18 02:44:38,368] {logging_mixin.py:115} INFO - [2022-08-18 02:44:38,368] {dag.py:2972} INFO - Setting next_dagrun for example_branch_datetime_operator_2 to 2022-08-17T00:00:00+00:00, run_after=2022-08-18T00:00:00+00:00
[2022-08-18 02:44:38,388] {processor.py:161} INFO - Processing /home/airflow/.local/lib/python3.7/site-packages/airflow/example_dags/example_branch_datetime_operator.py took 0.113 seconds
[2022-08-18 02:45:09,369] {processor.py:153} INFO - Started process (PID=10609) to work on /home/airflow/.local/lib/python3.7/site-packages/airflow/example_dags/example_branch_datetime_operator.py
[2022-08-18 02:45:09,371] {processor.py:641} INFO - Processing file /home/airflow/.local/lib/python3.7/site-packages/airflow/example_dags/example_branch_datetime_operator.py for tasks to queue
[2022-08-18 02:45:09,372] {logging_mixin.py:115} INFO - [2022-08-18 02:45:09,372] {dagbag.py:508} INFO - Filling up the DagBag from /home/airflow/.local/lib/python3.7/site-packages/airflow/example_dags/example_branch_datetime_operator.py
[2022-08-18 02:45:09,387] {processor.py:651} INFO - DAG(s) dict_keys(['example_branch_datetime_operator', 'example_branch_datetime_operator_2']) retrieved from /home/airflow/.local/lib/python3.7/site-packages/airflow/example_dags/example_branch_datetime_operator.py
[2022-08-18 02:45:09,424] {logging_mixin.py:115} INFO - [2022-08-18 02:45:09,424] {dag.py:2420} INFO - Sync 2 DAGs
[2022-08-18 02:45:09,458] {logging_mixin.py:115} INFO - [2022-08-18 02:45:09,457] {dag.py:2972} INFO - Setting next_dagrun for example_branch_datetime_operator to 2022-08-17T00:00:00+00:00, run_after=2022-08-18T00:00:00+00:00
[2022-08-18 02:45:09,461] {logging_mixin.py:115} INFO - [2022-08-18 02:45:09,461] {dag.py:2972} INFO - Setting next_dagrun for example_branch_datetime_operator_2 to 2022-08-17T00:00:00+00:00, run_after=2022-08-18T00:00:00+00:00
[2022-08-18 02:45:09,481] {processor.py:161} INFO - Processing /home/airflow/.local/lib/python3.7/site-packages/airflow/example_dags/example_branch_datetime_operator.py took 0.116 seconds
[2022-08-18 02:45:39,823] {processor.py:153} INFO - Started process (PID=10803) to work on /home/airflow/.local/lib/python3.7/site-packages/airflow/example_dags/example_branch_datetime_operator.py
[2022-08-18 02:45:39,824] {processor.py:641} INFO - Processing file /home/airflow/.local/lib/python3.7/site-packages/airflow/example_dags/example_branch_datetime_operator.py for tasks to queue
[2022-08-18 02:45:39,825] {logging_mixin.py:115} INFO - [2022-08-18 02:45:39,825] {dagbag.py:508} INFO - Filling up the DagBag from /home/airflow/.local/lib/python3.7/site-packages/airflow/example_dags/example_branch_datetime_operator.py
[2022-08-18 02:45:39,837] {processor.py:651} INFO - DAG(s) dict_keys(['example_branch_datetime_operator', 'example_branch_datetime_operator_2']) retrieved from /home/airflow/.local/lib/python3.7/site-packages/airflow/example_dags/example_branch_datetime_operator.py
[2022-08-18 02:45:39,875] {logging_mixin.py:115} INFO - [2022-08-18 02:45:39,875] {dag.py:2420} INFO - Sync 2 DAGs
[2022-08-18 02:45:39,909] {logging_mixin.py:115} INFO - [2022-08-18 02:45:39,909] {dag.py:2972} INFO - Setting next_dagrun for example_branch_datetime_operator to 2022-08-17T00:00:00+00:00, run_after=2022-08-18T00:00:00+00:00
[2022-08-18 02:45:39,913] {logging_mixin.py:115} INFO - [2022-08-18 02:45:39,913] {dag.py:2972} INFO - Setting next_dagrun for example_branch_datetime_operator_2 to 2022-08-17T00:00:00+00:00, run_after=2022-08-18T00:00:00+00:00
[2022-08-18 02:45:39,940] {processor.py:161} INFO - Processing /home/airflow/.local/lib/python3.7/site-packages/airflow/example_dags/example_branch_datetime_operator.py took 0.121 seconds
[2022-08-18 02:46:10,159] {processor.py:153} INFO - Started process (PID=11005) to work on /home/airflow/.local/lib/python3.7/site-packages/airflow/example_dags/example_branch_datetime_operator.py
[2022-08-18 02:46:10,161] {processor.py:641} INFO - Processing file /home/airflow/.local/lib/python3.7/site-packages/airflow/example_dags/example_branch_datetime_operator.py for tasks to queue
[2022-08-18 02:46:10,162] {logging_mixin.py:115} INFO - [2022-08-18 02:46:10,162] {dagbag.py:508} INFO - Filling up the DagBag from /home/airflow/.local/lib/python3.7/site-packages/airflow/example_dags/example_branch_datetime_operator.py
[2022-08-18 02:46:10,183] {processor.py:651} INFO - DAG(s) dict_keys(['example_branch_datetime_operator', 'example_branch_datetime_operator_2']) retrieved from /home/airflow/.local/lib/python3.7/site-packages/airflow/example_dags/example_branch_datetime_operator.py
[2022-08-18 02:46:10,246] {logging_mixin.py:115} INFO - [2022-08-18 02:46:10,245] {dag.py:2420} INFO - Sync 2 DAGs
[2022-08-18 02:46:10,294] {logging_mixin.py:115} INFO - [2022-08-18 02:46:10,294] {dag.py:2972} INFO - Setting next_dagrun for example_branch_datetime_operator to 2022-08-17T00:00:00+00:00, run_after=2022-08-18T00:00:00+00:00
[2022-08-18 02:46:10,298] {logging_mixin.py:115} INFO - [2022-08-18 02:46:10,298] {dag.py:2972} INFO - Setting next_dagrun for example_branch_datetime_operator_2 to 2022-08-17T00:00:00+00:00, run_after=2022-08-18T00:00:00+00:00
[2022-08-18 02:46:10,343] {processor.py:161} INFO - Processing /home/airflow/.local/lib/python3.7/site-packages/airflow/example_dags/example_branch_datetime_operator.py took 0.192 seconds
[2022-08-18 02:46:41,076] {processor.py:153} INFO - Started process (PID=11200) to work on /home/airflow/.local/lib/python3.7/site-packages/airflow/example_dags/example_branch_datetime_operator.py
[2022-08-18 02:46:41,077] {processor.py:641} INFO - Processing file /home/airflow/.local/lib/python3.7/site-packages/airflow/example_dags/example_branch_datetime_operator.py for tasks to queue
[2022-08-18 02:46:41,078] {logging_mixin.py:115} INFO - [2022-08-18 02:46:41,078] {dagbag.py:508} INFO - Filling up the DagBag from /home/airflow/.local/lib/python3.7/site-packages/airflow/example_dags/example_branch_datetime_operator.py
[2022-08-18 02:46:41,089] {processor.py:651} INFO - DAG(s) dict_keys(['example_branch_datetime_operator', 'example_branch_datetime_operator_2']) retrieved from /home/airflow/.local/lib/python3.7/site-packages/airflow/example_dags/example_branch_datetime_operator.py
[2022-08-18 02:46:41,131] {logging_mixin.py:115} INFO - [2022-08-18 02:46:41,131] {dag.py:2420} INFO - Sync 2 DAGs
[2022-08-18 02:46:41,175] {logging_mixin.py:115} INFO - [2022-08-18 02:46:41,175] {dag.py:2972} INFO - Setting next_dagrun for example_branch_datetime_operator to 2022-08-17T00:00:00+00:00, run_after=2022-08-18T00:00:00+00:00
[2022-08-18 02:46:41,178] {logging_mixin.py:115} INFO - [2022-08-18 02:46:41,178] {dag.py:2972} INFO - Setting next_dagrun for example_branch_datetime_operator_2 to 2022-08-17T00:00:00+00:00, run_after=2022-08-18T00:00:00+00:00
[2022-08-18 02:46:41,196] {processor.py:161} INFO - Processing /home/airflow/.local/lib/python3.7/site-packages/airflow/example_dags/example_branch_datetime_operator.py took 0.125 seconds
[2022-08-18 02:47:11,897] {processor.py:153} INFO - Started process (PID=11403) to work on /home/airflow/.local/lib/python3.7/site-packages/airflow/example_dags/example_branch_datetime_operator.py
[2022-08-18 02:47:11,898] {processor.py:641} INFO - Processing file /home/airflow/.local/lib/python3.7/site-packages/airflow/example_dags/example_branch_datetime_operator.py for tasks to queue
[2022-08-18 02:47:11,899] {logging_mixin.py:115} INFO - [2022-08-18 02:47:11,899] {dagbag.py:508} INFO - Filling up the DagBag from /home/airflow/.local/lib/python3.7/site-packages/airflow/example_dags/example_branch_datetime_operator.py
[2022-08-18 02:47:11,911] {processor.py:651} INFO - DAG(s) dict_keys(['example_branch_datetime_operator', 'example_branch_datetime_operator_2']) retrieved from /home/airflow/.local/lib/python3.7/site-packages/airflow/example_dags/example_branch_datetime_operator.py
[2022-08-18 02:47:11,954] {logging_mixin.py:115} INFO - [2022-08-18 02:47:11,953] {dag.py:2420} INFO - Sync 2 DAGs
[2022-08-18 02:47:11,986] {logging_mixin.py:115} INFO - [2022-08-18 02:47:11,986] {dag.py:2972} INFO - Setting next_dagrun for example_branch_datetime_operator to 2022-08-17T00:00:00+00:00, run_after=2022-08-18T00:00:00+00:00
[2022-08-18 02:47:11,989] {logging_mixin.py:115} INFO - [2022-08-18 02:47:11,989] {dag.py:2972} INFO - Setting next_dagrun for example_branch_datetime_operator_2 to 2022-08-17T00:00:00+00:00, run_after=2022-08-18T00:00:00+00:00
[2022-08-18 02:47:12,017] {processor.py:161} INFO - Processing /home/airflow/.local/lib/python3.7/site-packages/airflow/example_dags/example_branch_datetime_operator.py took 0.125 seconds
[2022-08-18 02:47:42,796] {processor.py:153} INFO - Started process (PID=11597) to work on /home/airflow/.local/lib/python3.7/site-packages/airflow/example_dags/example_branch_datetime_operator.py
[2022-08-18 02:47:42,797] {processor.py:641} INFO - Processing file /home/airflow/.local/lib/python3.7/site-packages/airflow/example_dags/example_branch_datetime_operator.py for tasks to queue
[2022-08-18 02:47:42,798] {logging_mixin.py:115} INFO - [2022-08-18 02:47:42,797] {dagbag.py:508} INFO - Filling up the DagBag from /home/airflow/.local/lib/python3.7/site-packages/airflow/example_dags/example_branch_datetime_operator.py
[2022-08-18 02:47:42,815] {processor.py:651} INFO - DAG(s) dict_keys(['example_branch_datetime_operator', 'example_branch_datetime_operator_2']) retrieved from /home/airflow/.local/lib/python3.7/site-packages/airflow/example_dags/example_branch_datetime_operator.py
[2022-08-18 02:47:42,851] {logging_mixin.py:115} INFO - [2022-08-18 02:47:42,851] {dag.py:2420} INFO - Sync 2 DAGs
[2022-08-18 02:47:42,883] {logging_mixin.py:115} INFO - [2022-08-18 02:47:42,882] {dag.py:2972} INFO - Setting next_dagrun for example_branch_datetime_operator to 2022-08-17T00:00:00+00:00, run_after=2022-08-18T00:00:00+00:00
[2022-08-18 02:47:42,886] {logging_mixin.py:115} INFO - [2022-08-18 02:47:42,886] {dag.py:2972} INFO - Setting next_dagrun for example_branch_datetime_operator_2 to 2022-08-17T00:00:00+00:00, run_after=2022-08-18T00:00:00+00:00
[2022-08-18 02:47:42,903] {processor.py:161} INFO - Processing /home/airflow/.local/lib/python3.7/site-packages/airflow/example_dags/example_branch_datetime_operator.py took 0.111 seconds
[2022-08-18 02:48:13,704] {processor.py:153} INFO - Started process (PID=11800) to work on /home/airflow/.local/lib/python3.7/site-packages/airflow/example_dags/example_branch_datetime_operator.py
[2022-08-18 02:48:13,705] {processor.py:641} INFO - Processing file /home/airflow/.local/lib/python3.7/site-packages/airflow/example_dags/example_branch_datetime_operator.py for tasks to queue
[2022-08-18 02:48:13,706] {logging_mixin.py:115} INFO - [2022-08-18 02:48:13,706] {dagbag.py:508} INFO - Filling up the DagBag from /home/airflow/.local/lib/python3.7/site-packages/airflow/example_dags/example_branch_datetime_operator.py
[2022-08-18 02:48:13,718] {processor.py:651} INFO - DAG(s) dict_keys(['example_branch_datetime_operator', 'example_branch_datetime_operator_2']) retrieved from /home/airflow/.local/lib/python3.7/site-packages/airflow/example_dags/example_branch_datetime_operator.py
[2022-08-18 02:48:13,751] {logging_mixin.py:115} INFO - [2022-08-18 02:48:13,751] {dag.py:2420} INFO - Sync 2 DAGs
[2022-08-18 02:48:13,785] {logging_mixin.py:115} INFO - [2022-08-18 02:48:13,785] {dag.py:2972} INFO - Setting next_dagrun for example_branch_datetime_operator to 2022-08-17T00:00:00+00:00, run_after=2022-08-18T00:00:00+00:00
[2022-08-18 02:48:13,788] {logging_mixin.py:115} INFO - [2022-08-18 02:48:13,788] {dag.py:2972} INFO - Setting next_dagrun for example_branch_datetime_operator_2 to 2022-08-17T00:00:00+00:00, run_after=2022-08-18T00:00:00+00:00
[2022-08-18 02:48:13,803] {processor.py:161} INFO - Processing /home/airflow/.local/lib/python3.7/site-packages/airflow/example_dags/example_branch_datetime_operator.py took 0.102 seconds
[2022-08-18 02:48:43,862] {processor.py:153} INFO - Started process (PID=11988) to work on /home/airflow/.local/lib/python3.7/site-packages/airflow/example_dags/example_branch_datetime_operator.py
[2022-08-18 02:48:43,863] {processor.py:641} INFO - Processing file /home/airflow/.local/lib/python3.7/site-packages/airflow/example_dags/example_branch_datetime_operator.py for tasks to queue
[2022-08-18 02:48:43,864] {logging_mixin.py:115} INFO - [2022-08-18 02:48:43,864] {dagbag.py:508} INFO - Filling up the DagBag from /home/airflow/.local/lib/python3.7/site-packages/airflow/example_dags/example_branch_datetime_operator.py
[2022-08-18 02:48:43,877] {processor.py:651} INFO - DAG(s) dict_keys(['example_branch_datetime_operator', 'example_branch_datetime_operator_2']) retrieved from /home/airflow/.local/lib/python3.7/site-packages/airflow/example_dags/example_branch_datetime_operator.py
[2022-08-18 02:48:43,917] {logging_mixin.py:115} INFO - [2022-08-18 02:48:43,917] {dag.py:2420} INFO - Sync 2 DAGs
[2022-08-18 02:48:43,950] {logging_mixin.py:115} INFO - [2022-08-18 02:48:43,950] {dag.py:2972} INFO - Setting next_dagrun for example_branch_datetime_operator to 2022-08-17T00:00:00+00:00, run_after=2022-08-18T00:00:00+00:00
[2022-08-18 02:48:43,952] {logging_mixin.py:115} INFO - [2022-08-18 02:48:43,952] {dag.py:2972} INFO - Setting next_dagrun for example_branch_datetime_operator_2 to 2022-08-17T00:00:00+00:00, run_after=2022-08-18T00:00:00+00:00
[2022-08-18 02:48:43,971] {processor.py:161} INFO - Processing /home/airflow/.local/lib/python3.7/site-packages/airflow/example_dags/example_branch_datetime_operator.py took 0.112 seconds
[2022-08-18 02:49:14,719] {processor.py:153} INFO - Started process (PID=12191) to work on /home/airflow/.local/lib/python3.7/site-packages/airflow/example_dags/example_branch_datetime_operator.py
[2022-08-18 02:49:14,719] {processor.py:641} INFO - Processing file /home/airflow/.local/lib/python3.7/site-packages/airflow/example_dags/example_branch_datetime_operator.py for tasks to queue
[2022-08-18 02:49:14,720] {logging_mixin.py:115} INFO - [2022-08-18 02:49:14,720] {dagbag.py:508} INFO - Filling up the DagBag from /home/airflow/.local/lib/python3.7/site-packages/airflow/example_dags/example_branch_datetime_operator.py
[2022-08-18 02:49:14,730] {processor.py:651} INFO - DAG(s) dict_keys(['example_branch_datetime_operator', 'example_branch_datetime_operator_2']) retrieved from /home/airflow/.local/lib/python3.7/site-packages/airflow/example_dags/example_branch_datetime_operator.py
[2022-08-18 02:49:14,771] {logging_mixin.py:115} INFO - [2022-08-18 02:49:14,770] {dag.py:2420} INFO - Sync 2 DAGs
[2022-08-18 02:49:14,810] {logging_mixin.py:115} INFO - [2022-08-18 02:49:14,810] {dag.py:2972} INFO - Setting next_dagrun for example_branch_datetime_operator to 2022-08-17T00:00:00+00:00, run_after=2022-08-18T00:00:00+00:00
[2022-08-18 02:49:14,813] {logging_mixin.py:115} INFO - [2022-08-18 02:49:14,813] {dag.py:2972} INFO - Setting next_dagrun for example_branch_datetime_operator_2 to 2022-08-17T00:00:00+00:00, run_after=2022-08-18T00:00:00+00:00
[2022-08-18 02:49:14,834] {processor.py:161} INFO - Processing /home/airflow/.local/lib/python3.7/site-packages/airflow/example_dags/example_branch_datetime_operator.py took 0.119 seconds
[2022-08-18 02:49:45,436] {processor.py:153} INFO - Started process (PID=12387) to work on /home/airflow/.local/lib/python3.7/site-packages/airflow/example_dags/example_branch_datetime_operator.py
[2022-08-18 02:49:45,437] {processor.py:641} INFO - Processing file /home/airflow/.local/lib/python3.7/site-packages/airflow/example_dags/example_branch_datetime_operator.py for tasks to queue
[2022-08-18 02:49:45,438] {logging_mixin.py:115} INFO - [2022-08-18 02:49:45,438] {dagbag.py:508} INFO - Filling up the DagBag from /home/airflow/.local/lib/python3.7/site-packages/airflow/example_dags/example_branch_datetime_operator.py
[2022-08-18 02:49:45,449] {processor.py:651} INFO - DAG(s) dict_keys(['example_branch_datetime_operator', 'example_branch_datetime_operator_2']) retrieved from /home/airflow/.local/lib/python3.7/site-packages/airflow/example_dags/example_branch_datetime_operator.py
[2022-08-18 02:49:45,485] {logging_mixin.py:115} INFO - [2022-08-18 02:49:45,485] {dag.py:2420} INFO - Sync 2 DAGs
[2022-08-18 02:49:45,515] {logging_mixin.py:115} INFO - [2022-08-18 02:49:45,515] {dag.py:2972} INFO - Setting next_dagrun for example_branch_datetime_operator to 2022-08-17T00:00:00+00:00, run_after=2022-08-18T00:00:00+00:00
[2022-08-18 02:49:45,518] {logging_mixin.py:115} INFO - [2022-08-18 02:49:45,518] {dag.py:2972} INFO - Setting next_dagrun for example_branch_datetime_operator_2 to 2022-08-17T00:00:00+00:00, run_after=2022-08-18T00:00:00+00:00
[2022-08-18 02:49:45,546] {processor.py:161} INFO - Processing /home/airflow/.local/lib/python3.7/site-packages/airflow/example_dags/example_branch_datetime_operator.py took 0.114 seconds
[2022-08-18 02:50:16,031] {processor.py:153} INFO - Started process (PID=12590) to work on /home/airflow/.local/lib/python3.7/site-packages/airflow/example_dags/example_branch_datetime_operator.py
[2022-08-18 02:50:16,032] {processor.py:641} INFO - Processing file /home/airflow/.local/lib/python3.7/site-packages/airflow/example_dags/example_branch_datetime_operator.py for tasks to queue
[2022-08-18 02:50:16,032] {logging_mixin.py:115} INFO - [2022-08-18 02:50:16,032] {dagbag.py:508} INFO - Filling up the DagBag from /home/airflow/.local/lib/python3.7/site-packages/airflow/example_dags/example_branch_datetime_operator.py
[2022-08-18 02:50:16,042] {processor.py:651} INFO - DAG(s) dict_keys(['example_branch_datetime_operator', 'example_branch_datetime_operator_2']) retrieved from /home/airflow/.local/lib/python3.7/site-packages/airflow/example_dags/example_branch_datetime_operator.py
[2022-08-18 02:50:16,074] {logging_mixin.py:115} INFO - [2022-08-18 02:50:16,074] {dag.py:2420} INFO - Sync 2 DAGs
[2022-08-18 02:50:16,101] {logging_mixin.py:115} INFO - [2022-08-18 02:50:16,101] {dag.py:2972} INFO - Setting next_dagrun for example_branch_datetime_operator to 2022-08-17T00:00:00+00:00, run_after=2022-08-18T00:00:00+00:00
[2022-08-18 02:50:16,103] {logging_mixin.py:115} INFO - [2022-08-18 02:50:16,103] {dag.py:2972} INFO - Setting next_dagrun for example_branch_datetime_operator_2 to 2022-08-17T00:00:00+00:00, run_after=2022-08-18T00:00:00+00:00
[2022-08-18 02:50:16,127] {processor.py:161} INFO - Processing /home/airflow/.local/lib/python3.7/site-packages/airflow/example_dags/example_branch_datetime_operator.py took 0.099 seconds
[2022-08-18 02:50:47,078] {processor.py:153} INFO - Started process (PID=12784) to work on /home/airflow/.local/lib/python3.7/site-packages/airflow/example_dags/example_branch_datetime_operator.py
[2022-08-18 02:50:47,079] {processor.py:641} INFO - Processing file /home/airflow/.local/lib/python3.7/site-packages/airflow/example_dags/example_branch_datetime_operator.py for tasks to queue
[2022-08-18 02:50:47,080] {logging_mixin.py:115} INFO - [2022-08-18 02:50:47,080] {dagbag.py:508} INFO - Filling up the DagBag from /home/airflow/.local/lib/python3.7/site-packages/airflow/example_dags/example_branch_datetime_operator.py
[2022-08-18 02:50:47,095] {processor.py:651} INFO - DAG(s) dict_keys(['example_branch_datetime_operator', 'example_branch_datetime_operator_2']) retrieved from /home/airflow/.local/lib/python3.7/site-packages/airflow/example_dags/example_branch_datetime_operator.py
[2022-08-18 02:50:47,135] {logging_mixin.py:115} INFO - [2022-08-18 02:50:47,135] {dag.py:2420} INFO - Sync 2 DAGs
[2022-08-18 02:50:47,174] {logging_mixin.py:115} INFO - [2022-08-18 02:50:47,173] {dag.py:2972} INFO - Setting next_dagrun for example_branch_datetime_operator to 2022-08-17T00:00:00+00:00, run_after=2022-08-18T00:00:00+00:00
[2022-08-18 02:50:47,177] {logging_mixin.py:115} INFO - [2022-08-18 02:50:47,177] {dag.py:2972} INFO - Setting next_dagrun for example_branch_datetime_operator_2 to 2022-08-17T00:00:00+00:00, run_after=2022-08-18T00:00:00+00:00
[2022-08-18 02:50:47,195] {processor.py:161} INFO - Processing /home/airflow/.local/lib/python3.7/site-packages/airflow/example_dags/example_branch_datetime_operator.py took 0.119 seconds
[2022-08-18 02:51:17,323] {processor.py:153} INFO - Started process (PID=12987) to work on /home/airflow/.local/lib/python3.7/site-packages/airflow/example_dags/example_branch_datetime_operator.py
[2022-08-18 02:51:17,324] {processor.py:641} INFO - Processing file /home/airflow/.local/lib/python3.7/site-packages/airflow/example_dags/example_branch_datetime_operator.py for tasks to queue
[2022-08-18 02:51:17,325] {logging_mixin.py:115} INFO - [2022-08-18 02:51:17,325] {dagbag.py:508} INFO - Filling up the DagBag from /home/airflow/.local/lib/python3.7/site-packages/airflow/example_dags/example_branch_datetime_operator.py
[2022-08-18 02:51:17,335] {processor.py:651} INFO - DAG(s) dict_keys(['example_branch_datetime_operator', 'example_branch_datetime_operator_2']) retrieved from /home/airflow/.local/lib/python3.7/site-packages/airflow/example_dags/example_branch_datetime_operator.py
[2022-08-18 02:51:17,369] {logging_mixin.py:115} INFO - [2022-08-18 02:51:17,369] {dag.py:2420} INFO - Sync 2 DAGs
[2022-08-18 02:51:17,400] {logging_mixin.py:115} INFO - [2022-08-18 02:51:17,400] {dag.py:2972} INFO - Setting next_dagrun for example_branch_datetime_operator to 2022-08-17T00:00:00+00:00, run_after=2022-08-18T00:00:00+00:00
[2022-08-18 02:51:17,403] {logging_mixin.py:115} INFO - [2022-08-18 02:51:17,403] {dag.py:2972} INFO - Setting next_dagrun for example_branch_datetime_operator_2 to 2022-08-17T00:00:00+00:00, run_after=2022-08-18T00:00:00+00:00
[2022-08-18 02:51:17,424] {processor.py:161} INFO - Processing /home/airflow/.local/lib/python3.7/site-packages/airflow/example_dags/example_branch_datetime_operator.py took 0.104 seconds
[2022-08-18 02:51:47,551] {processor.py:153} INFO - Started process (PID=13180) to work on /home/airflow/.local/lib/python3.7/site-packages/airflow/example_dags/example_branch_datetime_operator.py
[2022-08-18 02:51:47,552] {processor.py:641} INFO - Processing file /home/airflow/.local/lib/python3.7/site-packages/airflow/example_dags/example_branch_datetime_operator.py for tasks to queue
[2022-08-18 02:51:47,553] {logging_mixin.py:115} INFO - [2022-08-18 02:51:47,553] {dagbag.py:508} INFO - Filling up the DagBag from /home/airflow/.local/lib/python3.7/site-packages/airflow/example_dags/example_branch_datetime_operator.py
[2022-08-18 02:51:47,564] {processor.py:651} INFO - DAG(s) dict_keys(['example_branch_datetime_operator', 'example_branch_datetime_operator_2']) retrieved from /home/airflow/.local/lib/python3.7/site-packages/airflow/example_dags/example_branch_datetime_operator.py
[2022-08-18 02:51:47,596] {logging_mixin.py:115} INFO - [2022-08-18 02:51:47,596] {dag.py:2420} INFO - Sync 2 DAGs
[2022-08-18 02:51:47,626] {logging_mixin.py:115} INFO - [2022-08-18 02:51:47,626] {dag.py:2972} INFO - Setting next_dagrun for example_branch_datetime_operator to 2022-08-17T00:00:00+00:00, run_after=2022-08-18T00:00:00+00:00
[2022-08-18 02:51:47,629] {logging_mixin.py:115} INFO - [2022-08-18 02:51:47,629] {dag.py:2972} INFO - Setting next_dagrun for example_branch_datetime_operator_2 to 2022-08-17T00:00:00+00:00, run_after=2022-08-18T00:00:00+00:00
[2022-08-18 02:51:47,647] {processor.py:161} INFO - Processing /home/airflow/.local/lib/python3.7/site-packages/airflow/example_dags/example_branch_datetime_operator.py took 0.099 seconds
[2022-08-18 02:52:17,781] {processor.py:153} INFO - Started process (PID=13383) to work on /home/airflow/.local/lib/python3.7/site-packages/airflow/example_dags/example_branch_datetime_operator.py
[2022-08-18 02:52:17,782] {processor.py:641} INFO - Processing file /home/airflow/.local/lib/python3.7/site-packages/airflow/example_dags/example_branch_datetime_operator.py for tasks to queue
[2022-08-18 02:52:17,783] {logging_mixin.py:115} INFO - [2022-08-18 02:52:17,783] {dagbag.py:508} INFO - Filling up the DagBag from /home/airflow/.local/lib/python3.7/site-packages/airflow/example_dags/example_branch_datetime_operator.py
[2022-08-18 02:52:17,798] {processor.py:651} INFO - DAG(s) dict_keys(['example_branch_datetime_operator', 'example_branch_datetime_operator_2']) retrieved from /home/airflow/.local/lib/python3.7/site-packages/airflow/example_dags/example_branch_datetime_operator.py
[2022-08-18 02:52:17,836] {logging_mixin.py:115} INFO - [2022-08-18 02:52:17,835] {dag.py:2420} INFO - Sync 2 DAGs
[2022-08-18 02:52:17,865] {logging_mixin.py:115} INFO - [2022-08-18 02:52:17,865] {dag.py:2972} INFO - Setting next_dagrun for example_branch_datetime_operator to 2022-08-17T00:00:00+00:00, run_after=2022-08-18T00:00:00+00:00
[2022-08-18 02:52:17,868] {logging_mixin.py:115} INFO - [2022-08-18 02:52:17,868] {dag.py:2972} INFO - Setting next_dagrun for example_branch_datetime_operator_2 to 2022-08-17T00:00:00+00:00, run_after=2022-08-18T00:00:00+00:00
[2022-08-18 02:52:17,888] {processor.py:161} INFO - Processing /home/airflow/.local/lib/python3.7/site-packages/airflow/example_dags/example_branch_datetime_operator.py took 0.111 seconds
[2022-08-18 02:52:48,132] {processor.py:153} INFO - Started process (PID=13577) to work on /home/airflow/.local/lib/python3.7/site-packages/airflow/example_dags/example_branch_datetime_operator.py
[2022-08-18 02:52:48,133] {processor.py:641} INFO - Processing file /home/airflow/.local/lib/python3.7/site-packages/airflow/example_dags/example_branch_datetime_operator.py for tasks to queue
[2022-08-18 02:52:48,134] {logging_mixin.py:115} INFO - [2022-08-18 02:52:48,134] {dagbag.py:508} INFO - Filling up the DagBag from /home/airflow/.local/lib/python3.7/site-packages/airflow/example_dags/example_branch_datetime_operator.py
[2022-08-18 02:52:48,145] {processor.py:651} INFO - DAG(s) dict_keys(['example_branch_datetime_operator', 'example_branch_datetime_operator_2']) retrieved from /home/airflow/.local/lib/python3.7/site-packages/airflow/example_dags/example_branch_datetime_operator.py
[2022-08-18 02:52:48,183] {logging_mixin.py:115} INFO - [2022-08-18 02:52:48,183] {dag.py:2420} INFO - Sync 2 DAGs
[2022-08-18 02:52:48,221] {logging_mixin.py:115} INFO - [2022-08-18 02:52:48,221] {dag.py:2972} INFO - Setting next_dagrun for example_branch_datetime_operator to 2022-08-17T00:00:00+00:00, run_after=2022-08-18T00:00:00+00:00
[2022-08-18 02:52:48,225] {logging_mixin.py:115} INFO - [2022-08-18 02:52:48,225] {dag.py:2972} INFO - Setting next_dagrun for example_branch_datetime_operator_2 to 2022-08-17T00:00:00+00:00, run_after=2022-08-18T00:00:00+00:00
[2022-08-18 02:52:48,245] {processor.py:161} INFO - Processing /home/airflow/.local/lib/python3.7/site-packages/airflow/example_dags/example_branch_datetime_operator.py took 0.116 seconds
[2022-08-18 02:53:18,559] {processor.py:153} INFO - Started process (PID=13780) to work on /home/airflow/.local/lib/python3.7/site-packages/airflow/example_dags/example_branch_datetime_operator.py
[2022-08-18 02:53:18,560] {processor.py:641} INFO - Processing file /home/airflow/.local/lib/python3.7/site-packages/airflow/example_dags/example_branch_datetime_operator.py for tasks to queue
[2022-08-18 02:53:18,561] {logging_mixin.py:115} INFO - [2022-08-18 02:53:18,560] {dagbag.py:508} INFO - Filling up the DagBag from /home/airflow/.local/lib/python3.7/site-packages/airflow/example_dags/example_branch_datetime_operator.py
[2022-08-18 02:53:18,571] {processor.py:651} INFO - DAG(s) dict_keys(['example_branch_datetime_operator', 'example_branch_datetime_operator_2']) retrieved from /home/airflow/.local/lib/python3.7/site-packages/airflow/example_dags/example_branch_datetime_operator.py
[2022-08-18 02:53:18,603] {logging_mixin.py:115} INFO - [2022-08-18 02:53:18,603] {dag.py:2420} INFO - Sync 2 DAGs
[2022-08-18 02:53:18,630] {logging_mixin.py:115} INFO - [2022-08-18 02:53:18,630] {dag.py:2972} INFO - Setting next_dagrun for example_branch_datetime_operator to 2022-08-17T00:00:00+00:00, run_after=2022-08-18T00:00:00+00:00
[2022-08-18 02:53:18,632] {logging_mixin.py:115} INFO - [2022-08-18 02:53:18,632] {dag.py:2972} INFO - Setting next_dagrun for example_branch_datetime_operator_2 to 2022-08-17T00:00:00+00:00, run_after=2022-08-18T00:00:00+00:00
[2022-08-18 02:53:18,649] {processor.py:161} INFO - Processing /home/airflow/.local/lib/python3.7/site-packages/airflow/example_dags/example_branch_datetime_operator.py took 0.093 seconds
[2022-08-18 02:53:49,286] {processor.py:153} INFO - Started process (PID=13974) to work on /home/airflow/.local/lib/python3.7/site-packages/airflow/example_dags/example_branch_datetime_operator.py
[2022-08-18 02:53:49,287] {processor.py:641} INFO - Processing file /home/airflow/.local/lib/python3.7/site-packages/airflow/example_dags/example_branch_datetime_operator.py for tasks to queue
[2022-08-18 02:53:49,288] {logging_mixin.py:115} INFO - [2022-08-18 02:53:49,288] {dagbag.py:508} INFO - Filling up the DagBag from /home/airflow/.local/lib/python3.7/site-packages/airflow/example_dags/example_branch_datetime_operator.py
[2022-08-18 02:53:49,302] {processor.py:651} INFO - DAG(s) dict_keys(['example_branch_datetime_operator', 'example_branch_datetime_operator_2']) retrieved from /home/airflow/.local/lib/python3.7/site-packages/airflow/example_dags/example_branch_datetime_operator.py
[2022-08-18 02:53:49,339] {logging_mixin.py:115} INFO - [2022-08-18 02:53:49,339] {dag.py:2420} INFO - Sync 2 DAGs
[2022-08-18 02:53:49,373] {logging_mixin.py:115} INFO - [2022-08-18 02:53:49,373] {dag.py:2972} INFO - Setting next_dagrun for example_branch_datetime_operator to 2022-08-17T00:00:00+00:00, run_after=2022-08-18T00:00:00+00:00
[2022-08-18 02:53:49,377] {logging_mixin.py:115} INFO - [2022-08-18 02:53:49,377] {dag.py:2972} INFO - Setting next_dagrun for example_branch_datetime_operator_2 to 2022-08-17T00:00:00+00:00, run_after=2022-08-18T00:00:00+00:00
[2022-08-18 02:53:49,394] {processor.py:161} INFO - Processing /home/airflow/.local/lib/python3.7/site-packages/airflow/example_dags/example_branch_datetime_operator.py took 0.112 seconds
[2022-08-18 02:54:19,626] {processor.py:153} INFO - Started process (PID=14179) to work on /home/airflow/.local/lib/python3.7/site-packages/airflow/example_dags/example_branch_datetime_operator.py
[2022-08-18 02:54:19,626] {processor.py:641} INFO - Processing file /home/airflow/.local/lib/python3.7/site-packages/airflow/example_dags/example_branch_datetime_operator.py for tasks to queue
[2022-08-18 02:54:19,627] {logging_mixin.py:115} INFO - [2022-08-18 02:54:19,627] {dagbag.py:508} INFO - Filling up the DagBag from /home/airflow/.local/lib/python3.7/site-packages/airflow/example_dags/example_branch_datetime_operator.py
[2022-08-18 02:54:19,637] {processor.py:651} INFO - DAG(s) dict_keys(['example_branch_datetime_operator', 'example_branch_datetime_operator_2']) retrieved from /home/airflow/.local/lib/python3.7/site-packages/airflow/example_dags/example_branch_datetime_operator.py
[2022-08-18 02:54:19,670] {logging_mixin.py:115} INFO - [2022-08-18 02:54:19,670] {dag.py:2420} INFO - Sync 2 DAGs
[2022-08-18 02:54:19,699] {logging_mixin.py:115} INFO - [2022-08-18 02:54:19,699] {dag.py:2972} INFO - Setting next_dagrun for example_branch_datetime_operator to 2022-08-17T00:00:00+00:00, run_after=2022-08-18T00:00:00+00:00
[2022-08-18 02:54:19,701] {logging_mixin.py:115} INFO - [2022-08-18 02:54:19,701] {dag.py:2972} INFO - Setting next_dagrun for example_branch_datetime_operator_2 to 2022-08-17T00:00:00+00:00, run_after=2022-08-18T00:00:00+00:00
[2022-08-18 02:54:19,726] {processor.py:161} INFO - Processing /home/airflow/.local/lib/python3.7/site-packages/airflow/example_dags/example_branch_datetime_operator.py took 0.104 seconds
[2022-08-18 02:54:49,849] {processor.py:153} INFO - Started process (PID=14371) to work on /home/airflow/.local/lib/python3.7/site-packages/airflow/example_dags/example_branch_datetime_operator.py
[2022-08-18 02:54:49,850] {processor.py:641} INFO - Processing file /home/airflow/.local/lib/python3.7/site-packages/airflow/example_dags/example_branch_datetime_operator.py for tasks to queue
[2022-08-18 02:54:49,851] {logging_mixin.py:115} INFO - [2022-08-18 02:54:49,851] {dagbag.py:508} INFO - Filling up the DagBag from /home/airflow/.local/lib/python3.7/site-packages/airflow/example_dags/example_branch_datetime_operator.py
[2022-08-18 02:54:49,867] {processor.py:651} INFO - DAG(s) dict_keys(['example_branch_datetime_operator', 'example_branch_datetime_operator_2']) retrieved from /home/airflow/.local/lib/python3.7/site-packages/airflow/example_dags/example_branch_datetime_operator.py
[2022-08-18 02:54:49,977] {logging_mixin.py:115} INFO - [2022-08-18 02:54:49,977] {dag.py:2420} INFO - Sync 2 DAGs
[2022-08-18 02:54:50,020] {logging_mixin.py:115} INFO - [2022-08-18 02:54:50,020] {dag.py:2972} INFO - Setting next_dagrun for example_branch_datetime_operator to 2022-08-17T00:00:00+00:00, run_after=2022-08-18T00:00:00+00:00
[2022-08-18 02:54:50,023] {logging_mixin.py:115} INFO - [2022-08-18 02:54:50,023] {dag.py:2972} INFO - Setting next_dagrun for example_branch_datetime_operator_2 to 2022-08-17T00:00:00+00:00, run_after=2022-08-18T00:00:00+00:00
[2022-08-18 02:54:50,040] {processor.py:161} INFO - Processing /home/airflow/.local/lib/python3.7/site-packages/airflow/example_dags/example_branch_datetime_operator.py took 0.196 seconds
[2022-08-18 02:55:20,110] {processor.py:153} INFO - Started process (PID=14574) to work on /home/airflow/.local/lib/python3.7/site-packages/airflow/example_dags/example_branch_datetime_operator.py
[2022-08-18 02:55:20,111] {processor.py:641} INFO - Processing file /home/airflow/.local/lib/python3.7/site-packages/airflow/example_dags/example_branch_datetime_operator.py for tasks to queue
[2022-08-18 02:55:20,111] {logging_mixin.py:115} INFO - [2022-08-18 02:55:20,111] {dagbag.py:508} INFO - Filling up the DagBag from /home/airflow/.local/lib/python3.7/site-packages/airflow/example_dags/example_branch_datetime_operator.py
[2022-08-18 02:55:20,124] {processor.py:651} INFO - DAG(s) dict_keys(['example_branch_datetime_operator', 'example_branch_datetime_operator_2']) retrieved from /home/airflow/.local/lib/python3.7/site-packages/airflow/example_dags/example_branch_datetime_operator.py
[2022-08-18 02:55:20,160] {logging_mixin.py:115} INFO - [2022-08-18 02:55:20,160] {dag.py:2420} INFO - Sync 2 DAGs
[2022-08-18 02:55:20,191] {logging_mixin.py:115} INFO - [2022-08-18 02:55:20,191] {dag.py:2972} INFO - Setting next_dagrun for example_branch_datetime_operator to 2022-08-17T00:00:00+00:00, run_after=2022-08-18T00:00:00+00:00
[2022-08-18 02:55:20,195] {logging_mixin.py:115} INFO - [2022-08-18 02:55:20,195] {dag.py:2972} INFO - Setting next_dagrun for example_branch_datetime_operator_2 to 2022-08-17T00:00:00+00:00, run_after=2022-08-18T00:00:00+00:00
[2022-08-18 02:55:20,213] {processor.py:161} INFO - Processing /home/airflow/.local/lib/python3.7/site-packages/airflow/example_dags/example_branch_datetime_operator.py took 0.106 seconds
[2022-08-18 02:55:50,595] {processor.py:153} INFO - Started process (PID=14768) to work on /home/airflow/.local/lib/python3.7/site-packages/airflow/example_dags/example_branch_datetime_operator.py
[2022-08-18 02:55:50,596] {processor.py:641} INFO - Processing file /home/airflow/.local/lib/python3.7/site-packages/airflow/example_dags/example_branch_datetime_operator.py for tasks to queue
[2022-08-18 02:55:50,597] {logging_mixin.py:115} INFO - [2022-08-18 02:55:50,597] {dagbag.py:508} INFO - Filling up the DagBag from /home/airflow/.local/lib/python3.7/site-packages/airflow/example_dags/example_branch_datetime_operator.py
[2022-08-18 02:55:50,609] {processor.py:651} INFO - DAG(s) dict_keys(['example_branch_datetime_operator', 'example_branch_datetime_operator_2']) retrieved from /home/airflow/.local/lib/python3.7/site-packages/airflow/example_dags/example_branch_datetime_operator.py
[2022-08-18 02:55:50,643] {logging_mixin.py:115} INFO - [2022-08-18 02:55:50,643] {dag.py:2420} INFO - Sync 2 DAGs
[2022-08-18 02:55:50,672] {logging_mixin.py:115} INFO - [2022-08-18 02:55:50,672] {dag.py:2972} INFO - Setting next_dagrun for example_branch_datetime_operator to 2022-08-17T00:00:00+00:00, run_after=2022-08-18T00:00:00+00:00
[2022-08-18 02:55:50,675] {logging_mixin.py:115} INFO - [2022-08-18 02:55:50,675] {dag.py:2972} INFO - Setting next_dagrun for example_branch_datetime_operator_2 to 2022-08-17T00:00:00+00:00, run_after=2022-08-18T00:00:00+00:00
[2022-08-18 02:55:50,693] {processor.py:161} INFO - Processing /home/airflow/.local/lib/python3.7/site-packages/airflow/example_dags/example_branch_datetime_operator.py took 0.102 seconds
[2022-08-18 02:56:21,049] {processor.py:153} INFO - Started process (PID=14971) to work on /home/airflow/.local/lib/python3.7/site-packages/airflow/example_dags/example_branch_datetime_operator.py
[2022-08-18 02:56:21,050] {processor.py:641} INFO - Processing file /home/airflow/.local/lib/python3.7/site-packages/airflow/example_dags/example_branch_datetime_operator.py for tasks to queue
[2022-08-18 02:56:21,051] {logging_mixin.py:115} INFO - [2022-08-18 02:56:21,051] {dagbag.py:508} INFO - Filling up the DagBag from /home/airflow/.local/lib/python3.7/site-packages/airflow/example_dags/example_branch_datetime_operator.py
[2022-08-18 02:56:21,067] {processor.py:651} INFO - DAG(s) dict_keys(['example_branch_datetime_operator', 'example_branch_datetime_operator_2']) retrieved from /home/airflow/.local/lib/python3.7/site-packages/airflow/example_dags/example_branch_datetime_operator.py
[2022-08-18 02:56:21,112] {logging_mixin.py:115} INFO - [2022-08-18 02:56:21,112] {dag.py:2420} INFO - Sync 2 DAGs
[2022-08-18 02:56:21,152] {logging_mixin.py:115} INFO - [2022-08-18 02:56:21,152] {dag.py:2972} INFO - Setting next_dagrun for example_branch_datetime_operator to 2022-08-17T00:00:00+00:00, run_after=2022-08-18T00:00:00+00:00
[2022-08-18 02:56:21,156] {logging_mixin.py:115} INFO - [2022-08-18 02:56:21,156] {dag.py:2972} INFO - Setting next_dagrun for example_branch_datetime_operator_2 to 2022-08-17T00:00:00+00:00, run_after=2022-08-18T00:00:00+00:00
[2022-08-18 02:56:21,177] {processor.py:161} INFO - Processing /home/airflow/.local/lib/python3.7/site-packages/airflow/example_dags/example_branch_datetime_operator.py took 0.132 seconds
[2022-08-18 02:56:51,398] {processor.py:153} INFO - Started process (PID=15167) to work on /home/airflow/.local/lib/python3.7/site-packages/airflow/example_dags/example_branch_datetime_operator.py
[2022-08-18 02:56:51,399] {processor.py:641} INFO - Processing file /home/airflow/.local/lib/python3.7/site-packages/airflow/example_dags/example_branch_datetime_operator.py for tasks to queue
[2022-08-18 02:56:51,400] {logging_mixin.py:115} INFO - [2022-08-18 02:56:51,400] {dagbag.py:508} INFO - Filling up the DagBag from /home/airflow/.local/lib/python3.7/site-packages/airflow/example_dags/example_branch_datetime_operator.py
[2022-08-18 02:56:51,413] {processor.py:651} INFO - DAG(s) dict_keys(['example_branch_datetime_operator', 'example_branch_datetime_operator_2']) retrieved from /home/airflow/.local/lib/python3.7/site-packages/airflow/example_dags/example_branch_datetime_operator.py
[2022-08-18 02:56:51,449] {logging_mixin.py:115} INFO - [2022-08-18 02:56:51,449] {dag.py:2420} INFO - Sync 2 DAGs
[2022-08-18 02:56:51,486] {logging_mixin.py:115} INFO - [2022-08-18 02:56:51,486] {dag.py:2972} INFO - Setting next_dagrun for example_branch_datetime_operator to 2022-08-17T00:00:00+00:00, run_after=2022-08-18T00:00:00+00:00
[2022-08-18 02:56:51,489] {logging_mixin.py:115} INFO - [2022-08-18 02:56:51,489] {dag.py:2972} INFO - Setting next_dagrun for example_branch_datetime_operator_2 to 2022-08-17T00:00:00+00:00, run_after=2022-08-18T00:00:00+00:00
[2022-08-18 02:56:51,507] {processor.py:161} INFO - Processing /home/airflow/.local/lib/python3.7/site-packages/airflow/example_dags/example_branch_datetime_operator.py took 0.113 seconds
[2022-08-18 02:57:21,652] {processor.py:153} INFO - Started process (PID=15368) to work on /home/airflow/.local/lib/python3.7/site-packages/airflow/example_dags/example_branch_datetime_operator.py
[2022-08-18 02:57:21,653] {processor.py:641} INFO - Processing file /home/airflow/.local/lib/python3.7/site-packages/airflow/example_dags/example_branch_datetime_operator.py for tasks to queue
[2022-08-18 02:57:21,655] {logging_mixin.py:115} INFO - [2022-08-18 02:57:21,654] {dagbag.py:508} INFO - Filling up the DagBag from /home/airflow/.local/lib/python3.7/site-packages/airflow/example_dags/example_branch_datetime_operator.py
[2022-08-18 02:57:21,669] {processor.py:651} INFO - DAG(s) dict_keys(['example_branch_datetime_operator', 'example_branch_datetime_operator_2']) retrieved from /home/airflow/.local/lib/python3.7/site-packages/airflow/example_dags/example_branch_datetime_operator.py
[2022-08-18 02:57:21,712] {logging_mixin.py:115} INFO - [2022-08-18 02:57:21,712] {dag.py:2420} INFO - Sync 2 DAGs
[2022-08-18 02:57:21,753] {logging_mixin.py:115} INFO - [2022-08-18 02:57:21,752] {dag.py:2972} INFO - Setting next_dagrun for example_branch_datetime_operator to 2022-08-17T00:00:00+00:00, run_after=2022-08-18T00:00:00+00:00
[2022-08-18 02:57:21,755] {logging_mixin.py:115} INFO - [2022-08-18 02:57:21,755] {dag.py:2972} INFO - Setting next_dagrun for example_branch_datetime_operator_2 to 2022-08-17T00:00:00+00:00, run_after=2022-08-18T00:00:00+00:00
[2022-08-18 02:57:21,775] {processor.py:161} INFO - Processing /home/airflow/.local/lib/python3.7/site-packages/airflow/example_dags/example_branch_datetime_operator.py took 0.127 seconds
[2022-08-18 02:57:52,286] {processor.py:153} INFO - Started process (PID=15564) to work on /home/airflow/.local/lib/python3.7/site-packages/airflow/example_dags/example_branch_datetime_operator.py
[2022-08-18 02:57:52,287] {processor.py:641} INFO - Processing file /home/airflow/.local/lib/python3.7/site-packages/airflow/example_dags/example_branch_datetime_operator.py for tasks to queue
[2022-08-18 02:57:52,289] {logging_mixin.py:115} INFO - [2022-08-18 02:57:52,289] {dagbag.py:508} INFO - Filling up the DagBag from /home/airflow/.local/lib/python3.7/site-packages/airflow/example_dags/example_branch_datetime_operator.py
[2022-08-18 02:57:52,304] {processor.py:651} INFO - DAG(s) dict_keys(['example_branch_datetime_operator', 'example_branch_datetime_operator_2']) retrieved from /home/airflow/.local/lib/python3.7/site-packages/airflow/example_dags/example_branch_datetime_operator.py
[2022-08-18 02:57:52,352] {logging_mixin.py:115} INFO - [2022-08-18 02:57:52,351] {dag.py:2420} INFO - Sync 2 DAGs
[2022-08-18 02:57:52,395] {logging_mixin.py:115} INFO - [2022-08-18 02:57:52,394] {dag.py:2972} INFO - Setting next_dagrun for example_branch_datetime_operator to 2022-08-17T00:00:00+00:00, run_after=2022-08-18T00:00:00+00:00
[2022-08-18 02:57:52,398] {logging_mixin.py:115} INFO - [2022-08-18 02:57:52,398] {dag.py:2972} INFO - Setting next_dagrun for example_branch_datetime_operator_2 to 2022-08-17T00:00:00+00:00, run_after=2022-08-18T00:00:00+00:00
[2022-08-18 02:57:52,432] {processor.py:161} INFO - Processing /home/airflow/.local/lib/python3.7/site-packages/airflow/example_dags/example_branch_datetime_operator.py took 0.151 seconds
[2022-08-18 02:58:22,476] {processor.py:153} INFO - Started process (PID=15763) to work on /home/airflow/.local/lib/python3.7/site-packages/airflow/example_dags/example_branch_datetime_operator.py
[2022-08-18 02:58:22,477] {processor.py:641} INFO - Processing file /home/airflow/.local/lib/python3.7/site-packages/airflow/example_dags/example_branch_datetime_operator.py for tasks to queue
[2022-08-18 02:58:22,478] {logging_mixin.py:115} INFO - [2022-08-18 02:58:22,478] {dagbag.py:508} INFO - Filling up the DagBag from /home/airflow/.local/lib/python3.7/site-packages/airflow/example_dags/example_branch_datetime_operator.py
[2022-08-18 02:58:22,491] {processor.py:651} INFO - DAG(s) dict_keys(['example_branch_datetime_operator', 'example_branch_datetime_operator_2']) retrieved from /home/airflow/.local/lib/python3.7/site-packages/airflow/example_dags/example_branch_datetime_operator.py
[2022-08-18 02:58:22,529] {logging_mixin.py:115} INFO - [2022-08-18 02:58:22,529] {dag.py:2420} INFO - Sync 2 DAGs
[2022-08-18 02:58:22,565] {logging_mixin.py:115} INFO - [2022-08-18 02:58:22,565] {dag.py:2972} INFO - Setting next_dagrun for example_branch_datetime_operator to 2022-08-17T00:00:00+00:00, run_after=2022-08-18T00:00:00+00:00
[2022-08-18 02:58:22,568] {logging_mixin.py:115} INFO - [2022-08-18 02:58:22,568] {dag.py:2972} INFO - Setting next_dagrun for example_branch_datetime_operator_2 to 2022-08-17T00:00:00+00:00, run_after=2022-08-18T00:00:00+00:00
[2022-08-18 02:58:22,589] {processor.py:161} INFO - Processing /home/airflow/.local/lib/python3.7/site-packages/airflow/example_dags/example_branch_datetime_operator.py took 0.117 seconds
[2022-08-18 02:58:53,096] {processor.py:153} INFO - Started process (PID=15960) to work on /home/airflow/.local/lib/python3.7/site-packages/airflow/example_dags/example_branch_datetime_operator.py
[2022-08-18 02:58:53,097] {processor.py:641} INFO - Processing file /home/airflow/.local/lib/python3.7/site-packages/airflow/example_dags/example_branch_datetime_operator.py for tasks to queue
[2022-08-18 02:58:53,099] {logging_mixin.py:115} INFO - [2022-08-18 02:58:53,098] {dagbag.py:508} INFO - Filling up the DagBag from /home/airflow/.local/lib/python3.7/site-packages/airflow/example_dags/example_branch_datetime_operator.py
[2022-08-18 02:58:53,114] {processor.py:651} INFO - DAG(s) dict_keys(['example_branch_datetime_operator', 'example_branch_datetime_operator_2']) retrieved from /home/airflow/.local/lib/python3.7/site-packages/airflow/example_dags/example_branch_datetime_operator.py
[2022-08-18 02:58:53,168] {logging_mixin.py:115} INFO - [2022-08-18 02:58:53,168] {dag.py:2420} INFO - Sync 2 DAGs
[2022-08-18 02:58:53,207] {logging_mixin.py:115} INFO - [2022-08-18 02:58:53,206] {dag.py:2972} INFO - Setting next_dagrun for example_branch_datetime_operator to 2022-08-17T00:00:00+00:00, run_after=2022-08-18T00:00:00+00:00
[2022-08-18 02:58:53,210] {logging_mixin.py:115} INFO - [2022-08-18 02:58:53,210] {dag.py:2972} INFO - Setting next_dagrun for example_branch_datetime_operator_2 to 2022-08-17T00:00:00+00:00, run_after=2022-08-18T00:00:00+00:00
[2022-08-18 02:58:53,237] {processor.py:161} INFO - Processing /home/airflow/.local/lib/python3.7/site-packages/airflow/example_dags/example_branch_datetime_operator.py took 0.146 seconds
[2022-08-18 02:59:23,320] {processor.py:153} INFO - Started process (PID=16163) to work on /home/airflow/.local/lib/python3.7/site-packages/airflow/example_dags/example_branch_datetime_operator.py
[2022-08-18 02:59:23,321] {processor.py:641} INFO - Processing file /home/airflow/.local/lib/python3.7/site-packages/airflow/example_dags/example_branch_datetime_operator.py for tasks to queue
[2022-08-18 02:59:23,322] {logging_mixin.py:115} INFO - [2022-08-18 02:59:23,322] {dagbag.py:508} INFO - Filling up the DagBag from /home/airflow/.local/lib/python3.7/site-packages/airflow/example_dags/example_branch_datetime_operator.py
[2022-08-18 02:59:23,335] {processor.py:651} INFO - DAG(s) dict_keys(['example_branch_datetime_operator', 'example_branch_datetime_operator_2']) retrieved from /home/airflow/.local/lib/python3.7/site-packages/airflow/example_dags/example_branch_datetime_operator.py
[2022-08-18 02:59:23,385] {logging_mixin.py:115} INFO - [2022-08-18 02:59:23,385] {dag.py:2420} INFO - Sync 2 DAGs
[2022-08-18 02:59:23,423] {logging_mixin.py:115} INFO - [2022-08-18 02:59:23,423] {dag.py:2972} INFO - Setting next_dagrun for example_branch_datetime_operator to 2022-08-17T00:00:00+00:00, run_after=2022-08-18T00:00:00+00:00
[2022-08-18 02:59:23,427] {logging_mixin.py:115} INFO - [2022-08-18 02:59:23,427] {dag.py:2972} INFO - Setting next_dagrun for example_branch_datetime_operator_2 to 2022-08-17T00:00:00+00:00, run_after=2022-08-18T00:00:00+00:00
[2022-08-18 02:59:23,452] {processor.py:161} INFO - Processing /home/airflow/.local/lib/python3.7/site-packages/airflow/example_dags/example_branch_datetime_operator.py took 0.135 seconds
[2022-08-18 02:59:53,581] {processor.py:153} INFO - Started process (PID=16357) to work on /home/airflow/.local/lib/python3.7/site-packages/airflow/example_dags/example_branch_datetime_operator.py
[2022-08-18 02:59:53,582] {processor.py:641} INFO - Processing file /home/airflow/.local/lib/python3.7/site-packages/airflow/example_dags/example_branch_datetime_operator.py for tasks to queue
[2022-08-18 02:59:53,583] {logging_mixin.py:115} INFO - [2022-08-18 02:59:53,583] {dagbag.py:508} INFO - Filling up the DagBag from /home/airflow/.local/lib/python3.7/site-packages/airflow/example_dags/example_branch_datetime_operator.py
[2022-08-18 02:59:53,593] {processor.py:651} INFO - DAG(s) dict_keys(['example_branch_datetime_operator', 'example_branch_datetime_operator_2']) retrieved from /home/airflow/.local/lib/python3.7/site-packages/airflow/example_dags/example_branch_datetime_operator.py
[2022-08-18 02:59:53,631] {logging_mixin.py:115} INFO - [2022-08-18 02:59:53,631] {dag.py:2420} INFO - Sync 2 DAGs
[2022-08-18 02:59:53,674] {logging_mixin.py:115} INFO - [2022-08-18 02:59:53,674] {dag.py:2972} INFO - Setting next_dagrun for example_branch_datetime_operator to 2022-08-17T00:00:00+00:00, run_after=2022-08-18T00:00:00+00:00
[2022-08-18 02:59:53,678] {logging_mixin.py:115} INFO - [2022-08-18 02:59:53,678] {dag.py:2972} INFO - Setting next_dagrun for example_branch_datetime_operator_2 to 2022-08-17T00:00:00+00:00, run_after=2022-08-18T00:00:00+00:00
[2022-08-18 02:59:53,707] {processor.py:161} INFO - Processing /home/airflow/.local/lib/python3.7/site-packages/airflow/example_dags/example_branch_datetime_operator.py took 0.130 seconds
[2022-08-18 03:00:23,967] {processor.py:153} INFO - Started process (PID=16562) to work on /home/airflow/.local/lib/python3.7/site-packages/airflow/example_dags/example_branch_datetime_operator.py
[2022-08-18 03:00:23,968] {processor.py:641} INFO - Processing file /home/airflow/.local/lib/python3.7/site-packages/airflow/example_dags/example_branch_datetime_operator.py for tasks to queue
[2022-08-18 03:00:23,968] {logging_mixin.py:115} INFO - [2022-08-18 03:00:23,968] {dagbag.py:508} INFO - Filling up the DagBag from /home/airflow/.local/lib/python3.7/site-packages/airflow/example_dags/example_branch_datetime_operator.py
[2022-08-18 03:00:23,982] {processor.py:651} INFO - DAG(s) dict_keys(['example_branch_datetime_operator', 'example_branch_datetime_operator_2']) retrieved from /home/airflow/.local/lib/python3.7/site-packages/airflow/example_dags/example_branch_datetime_operator.py
[2022-08-18 03:00:24,025] {logging_mixin.py:115} INFO - [2022-08-18 03:00:24,025] {dag.py:2420} INFO - Sync 2 DAGs
[2022-08-18 03:00:24,060] {logging_mixin.py:115} INFO - [2022-08-18 03:00:24,059] {dag.py:2972} INFO - Setting next_dagrun for example_branch_datetime_operator to 2022-08-17T00:00:00+00:00, run_after=2022-08-18T00:00:00+00:00
[2022-08-18 03:00:24,062] {logging_mixin.py:115} INFO - [2022-08-18 03:00:24,062] {dag.py:2972} INFO - Setting next_dagrun for example_branch_datetime_operator_2 to 2022-08-17T00:00:00+00:00, run_after=2022-08-18T00:00:00+00:00
[2022-08-18 03:00:24,081] {processor.py:161} INFO - Processing /home/airflow/.local/lib/python3.7/site-packages/airflow/example_dags/example_branch_datetime_operator.py took 0.118 seconds
[2022-08-18 03:00:54,246] {processor.py:153} INFO - Started process (PID=16756) to work on /home/airflow/.local/lib/python3.7/site-packages/airflow/example_dags/example_branch_datetime_operator.py
[2022-08-18 03:00:54,247] {processor.py:641} INFO - Processing file /home/airflow/.local/lib/python3.7/site-packages/airflow/example_dags/example_branch_datetime_operator.py for tasks to queue
[2022-08-18 03:00:54,248] {logging_mixin.py:115} INFO - [2022-08-18 03:00:54,248] {dagbag.py:508} INFO - Filling up the DagBag from /home/airflow/.local/lib/python3.7/site-packages/airflow/example_dags/example_branch_datetime_operator.py
[2022-08-18 03:00:54,258] {processor.py:651} INFO - DAG(s) dict_keys(['example_branch_datetime_operator', 'example_branch_datetime_operator_2']) retrieved from /home/airflow/.local/lib/python3.7/site-packages/airflow/example_dags/example_branch_datetime_operator.py
[2022-08-18 03:00:54,295] {logging_mixin.py:115} INFO - [2022-08-18 03:00:54,295] {dag.py:2420} INFO - Sync 2 DAGs
[2022-08-18 03:00:54,324] {logging_mixin.py:115} INFO - [2022-08-18 03:00:54,324] {dag.py:2972} INFO - Setting next_dagrun for example_branch_datetime_operator to 2022-08-17T00:00:00+00:00, run_after=2022-08-18T00:00:00+00:00
[2022-08-18 03:00:54,327] {logging_mixin.py:115} INFO - [2022-08-18 03:00:54,327] {dag.py:2972} INFO - Setting next_dagrun for example_branch_datetime_operator_2 to 2022-08-17T00:00:00+00:00, run_after=2022-08-18T00:00:00+00:00
[2022-08-18 03:00:54,347] {processor.py:161} INFO - Processing /home/airflow/.local/lib/python3.7/site-packages/airflow/example_dags/example_branch_datetime_operator.py took 0.105 seconds
[2022-08-18 03:01:24,481] {processor.py:153} INFO - Started process (PID=16951) to work on /home/airflow/.local/lib/python3.7/site-packages/airflow/example_dags/example_branch_datetime_operator.py
[2022-08-18 03:01:24,482] {processor.py:641} INFO - Processing file /home/airflow/.local/lib/python3.7/site-packages/airflow/example_dags/example_branch_datetime_operator.py for tasks to queue
[2022-08-18 03:01:24,483] {logging_mixin.py:115} INFO - [2022-08-18 03:01:24,483] {dagbag.py:508} INFO - Filling up the DagBag from /home/airflow/.local/lib/python3.7/site-packages/airflow/example_dags/example_branch_datetime_operator.py
[2022-08-18 03:01:24,502] {processor.py:651} INFO - DAG(s) dict_keys(['example_branch_datetime_operator', 'example_branch_datetime_operator_2']) retrieved from /home/airflow/.local/lib/python3.7/site-packages/airflow/example_dags/example_branch_datetime_operator.py
[2022-08-18 03:01:24,547] {logging_mixin.py:115} INFO - [2022-08-18 03:01:24,546] {dag.py:2420} INFO - Sync 2 DAGs
[2022-08-18 03:01:24,582] {logging_mixin.py:115} INFO - [2022-08-18 03:01:24,582] {dag.py:2972} INFO - Setting next_dagrun for example_branch_datetime_operator to 2022-08-17T00:00:00+00:00, run_after=2022-08-18T00:00:00+00:00
[2022-08-18 03:01:24,588] {logging_mixin.py:115} INFO - [2022-08-18 03:01:24,588] {dag.py:2972} INFO - Setting next_dagrun for example_branch_datetime_operator_2 to 2022-08-17T00:00:00+00:00, run_after=2022-08-18T00:00:00+00:00
[2022-08-18 03:01:24,616] {processor.py:161} INFO - Processing /home/airflow/.local/lib/python3.7/site-packages/airflow/example_dags/example_branch_datetime_operator.py took 0.139 seconds
