[2022-08-18 02:38:26,239] {processor.py:153} INFO - Started process (PID=7927) to work on /home/airflow/.local/lib/python3.7/site-packages/airflow/example_dags/example_task_group.py
[2022-08-18 02:38:26,240] {processor.py:641} INFO - Processing file /home/airflow/.local/lib/python3.7/site-packages/airflow/example_dags/example_task_group.py for tasks to queue
[2022-08-18 02:38:26,242] {logging_mixin.py:115} INFO - [2022-08-18 02:38:26,242] {dagbag.py:508} INFO - Filling up the DagBag from /home/airflow/.local/lib/python3.7/site-packages/airflow/example_dags/example_task_group.py
[2022-08-18 02:38:26,285] {processor.py:651} INFO - DAG(s) dict_keys(['example_task_group']) retrieved from /home/airflow/.local/lib/python3.7/site-packages/airflow/example_dags/example_task_group.py
[2022-08-18 02:38:26,402] {logging_mixin.py:115} INFO - [2022-08-18 02:38:26,402] {dag.py:2420} INFO - Sync 1 DAGs
[2022-08-18 02:38:26,564] {logging_mixin.py:115} INFO - [2022-08-18 02:38:26,564] {dag.py:2972} INFO - Setting next_dagrun for example_task_group to 2022-08-17T02:38:26.562936+00:00, run_after=2022-08-18T02:38:26.562936+00:00
[2022-08-18 02:38:26,621] {processor.py:161} INFO - Processing /home/airflow/.local/lib/python3.7/site-packages/airflow/example_dags/example_task_group.py took 0.401 seconds
[2022-08-18 02:38:56,917] {processor.py:153} INFO - Started process (PID=8138) to work on /home/airflow/.local/lib/python3.7/site-packages/airflow/example_dags/example_task_group.py
[2022-08-18 02:38:56,918] {processor.py:641} INFO - Processing file /home/airflow/.local/lib/python3.7/site-packages/airflow/example_dags/example_task_group.py for tasks to queue
[2022-08-18 02:38:56,919] {logging_mixin.py:115} INFO - [2022-08-18 02:38:56,919] {dagbag.py:508} INFO - Filling up the DagBag from /home/airflow/.local/lib/python3.7/site-packages/airflow/example_dags/example_task_group.py
[2022-08-18 02:38:56,927] {processor.py:651} INFO - DAG(s) dict_keys(['example_task_group']) retrieved from /home/airflow/.local/lib/python3.7/site-packages/airflow/example_dags/example_task_group.py
[2022-08-18 02:38:56,966] {logging_mixin.py:115} INFO - [2022-08-18 02:38:56,966] {dag.py:2420} INFO - Sync 1 DAGs
[2022-08-18 02:38:56,998] {logging_mixin.py:115} INFO - [2022-08-18 02:38:56,998] {dag.py:2972} INFO - Setting next_dagrun for example_task_group to 2022-08-17T02:38:56.998335+00:00, run_after=2022-08-18T02:38:56.998335+00:00
[2022-08-18 02:38:57,017] {processor.py:161} INFO - Processing /home/airflow/.local/lib/python3.7/site-packages/airflow/example_dags/example_task_group.py took 0.102 seconds
[2022-08-18 02:39:27,922] {processor.py:153} INFO - Started process (PID=8342) to work on /home/airflow/.local/lib/python3.7/site-packages/airflow/example_dags/example_task_group.py
[2022-08-18 02:39:27,922] {processor.py:641} INFO - Processing file /home/airflow/.local/lib/python3.7/site-packages/airflow/example_dags/example_task_group.py for tasks to queue
[2022-08-18 02:39:27,923] {logging_mixin.py:115} INFO - [2022-08-18 02:39:27,923] {dagbag.py:508} INFO - Filling up the DagBag from /home/airflow/.local/lib/python3.7/site-packages/airflow/example_dags/example_task_group.py
[2022-08-18 02:39:27,930] {processor.py:651} INFO - DAG(s) dict_keys(['example_task_group']) retrieved from /home/airflow/.local/lib/python3.7/site-packages/airflow/example_dags/example_task_group.py
[2022-08-18 02:39:27,963] {logging_mixin.py:115} INFO - [2022-08-18 02:39:27,963] {dag.py:2420} INFO - Sync 1 DAGs
[2022-08-18 02:39:27,995] {logging_mixin.py:115} INFO - [2022-08-18 02:39:27,995] {dag.py:2972} INFO - Setting next_dagrun for example_task_group to 2022-08-17T02:39:27.994850+00:00, run_after=2022-08-18T02:39:27.994850+00:00
[2022-08-18 02:39:28,015] {processor.py:161} INFO - Processing /home/airflow/.local/lib/python3.7/site-packages/airflow/example_dags/example_task_group.py took 0.096 seconds
[2022-08-18 02:39:58,197] {processor.py:153} INFO - Started process (PID=8530) to work on /home/airflow/.local/lib/python3.7/site-packages/airflow/example_dags/example_task_group.py
[2022-08-18 02:39:58,198] {processor.py:641} INFO - Processing file /home/airflow/.local/lib/python3.7/site-packages/airflow/example_dags/example_task_group.py for tasks to queue
[2022-08-18 02:39:58,199] {logging_mixin.py:115} INFO - [2022-08-18 02:39:58,199] {dagbag.py:508} INFO - Filling up the DagBag from /home/airflow/.local/lib/python3.7/site-packages/airflow/example_dags/example_task_group.py
[2022-08-18 02:39:58,207] {processor.py:651} INFO - DAG(s) dict_keys(['example_task_group']) retrieved from /home/airflow/.local/lib/python3.7/site-packages/airflow/example_dags/example_task_group.py
[2022-08-18 02:39:58,244] {logging_mixin.py:115} INFO - [2022-08-18 02:39:58,244] {dag.py:2420} INFO - Sync 1 DAGs
[2022-08-18 02:39:58,275] {logging_mixin.py:115} INFO - [2022-08-18 02:39:58,275] {dag.py:2972} INFO - Setting next_dagrun for example_task_group to 2022-08-17T02:39:58.274873+00:00, run_after=2022-08-18T02:39:58.274873+00:00
[2022-08-18 02:39:58,298] {processor.py:161} INFO - Processing /home/airflow/.local/lib/python3.7/site-packages/airflow/example_dags/example_task_group.py took 0.107 seconds
[2022-08-18 02:40:28,857] {processor.py:153} INFO - Started process (PID=8736) to work on /home/airflow/.local/lib/python3.7/site-packages/airflow/example_dags/example_task_group.py
[2022-08-18 02:40:28,857] {processor.py:641} INFO - Processing file /home/airflow/.local/lib/python3.7/site-packages/airflow/example_dags/example_task_group.py for tasks to queue
[2022-08-18 02:40:28,858] {logging_mixin.py:115} INFO - [2022-08-18 02:40:28,858] {dagbag.py:508} INFO - Filling up the DagBag from /home/airflow/.local/lib/python3.7/site-packages/airflow/example_dags/example_task_group.py
[2022-08-18 02:40:28,868] {processor.py:651} INFO - DAG(s) dict_keys(['example_task_group']) retrieved from /home/airflow/.local/lib/python3.7/site-packages/airflow/example_dags/example_task_group.py
[2022-08-18 02:40:28,911] {logging_mixin.py:115} INFO - [2022-08-18 02:40:28,911] {dag.py:2420} INFO - Sync 1 DAGs
[2022-08-18 02:40:28,945] {logging_mixin.py:115} INFO - [2022-08-18 02:40:28,945] {dag.py:2972} INFO - Setting next_dagrun for example_task_group to 2022-08-17T02:40:28.945032+00:00, run_after=2022-08-18T02:40:28.945032+00:00
[2022-08-18 02:40:28,964] {processor.py:161} INFO - Processing /home/airflow/.local/lib/python3.7/site-packages/airflow/example_dags/example_task_group.py took 0.112 seconds
[2022-08-18 02:40:59,486] {processor.py:153} INFO - Started process (PID=8930) to work on /home/airflow/.local/lib/python3.7/site-packages/airflow/example_dags/example_task_group.py
[2022-08-18 02:40:59,487] {processor.py:641} INFO - Processing file /home/airflow/.local/lib/python3.7/site-packages/airflow/example_dags/example_task_group.py for tasks to queue
[2022-08-18 02:40:59,488] {logging_mixin.py:115} INFO - [2022-08-18 02:40:59,488] {dagbag.py:508} INFO - Filling up the DagBag from /home/airflow/.local/lib/python3.7/site-packages/airflow/example_dags/example_task_group.py
[2022-08-18 02:40:59,497] {processor.py:651} INFO - DAG(s) dict_keys(['example_task_group']) retrieved from /home/airflow/.local/lib/python3.7/site-packages/airflow/example_dags/example_task_group.py
[2022-08-18 02:40:59,535] {logging_mixin.py:115} INFO - [2022-08-18 02:40:59,535] {dag.py:2420} INFO - Sync 1 DAGs
[2022-08-18 02:40:59,565] {logging_mixin.py:115} INFO - [2022-08-18 02:40:59,565] {dag.py:2972} INFO - Setting next_dagrun for example_task_group to 2022-08-17T02:40:59.564827+00:00, run_after=2022-08-18T02:40:59.564827+00:00
[2022-08-18 02:40:59,593] {processor.py:161} INFO - Processing /home/airflow/.local/lib/python3.7/site-packages/airflow/example_dags/example_task_group.py took 0.110 seconds
[2022-08-18 02:41:30,234] {processor.py:153} INFO - Started process (PID=9134) to work on /home/airflow/.local/lib/python3.7/site-packages/airflow/example_dags/example_task_group.py
[2022-08-18 02:41:30,236] {processor.py:641} INFO - Processing file /home/airflow/.local/lib/python3.7/site-packages/airflow/example_dags/example_task_group.py for tasks to queue
[2022-08-18 02:41:30,236] {logging_mixin.py:115} INFO - [2022-08-18 02:41:30,236] {dagbag.py:508} INFO - Filling up the DagBag from /home/airflow/.local/lib/python3.7/site-packages/airflow/example_dags/example_task_group.py
[2022-08-18 02:41:30,247] {processor.py:651} INFO - DAG(s) dict_keys(['example_task_group']) retrieved from /home/airflow/.local/lib/python3.7/site-packages/airflow/example_dags/example_task_group.py
[2022-08-18 02:41:30,292] {logging_mixin.py:115} INFO - [2022-08-18 02:41:30,292] {dag.py:2420} INFO - Sync 1 DAGs
[2022-08-18 02:41:30,327] {logging_mixin.py:115} INFO - [2022-08-18 02:41:30,327] {dag.py:2972} INFO - Setting next_dagrun for example_task_group to 2022-08-17T02:41:30.327277+00:00, run_after=2022-08-18T02:41:30.327277+00:00
[2022-08-18 02:41:30,352] {processor.py:161} INFO - Processing /home/airflow/.local/lib/python3.7/site-packages/airflow/example_dags/example_task_group.py took 0.121 seconds
[2022-08-18 02:42:00,462] {processor.py:153} INFO - Started process (PID=9328) to work on /home/airflow/.local/lib/python3.7/site-packages/airflow/example_dags/example_task_group.py
[2022-08-18 02:42:00,464] {processor.py:641} INFO - Processing file /home/airflow/.local/lib/python3.7/site-packages/airflow/example_dags/example_task_group.py for tasks to queue
[2022-08-18 02:42:00,465] {logging_mixin.py:115} INFO - [2022-08-18 02:42:00,465] {dagbag.py:508} INFO - Filling up the DagBag from /home/airflow/.local/lib/python3.7/site-packages/airflow/example_dags/example_task_group.py
[2022-08-18 02:42:00,476] {processor.py:651} INFO - DAG(s) dict_keys(['example_task_group']) retrieved from /home/airflow/.local/lib/python3.7/site-packages/airflow/example_dags/example_task_group.py
[2022-08-18 02:42:00,518] {logging_mixin.py:115} INFO - [2022-08-18 02:42:00,517] {dag.py:2420} INFO - Sync 1 DAGs
[2022-08-18 02:42:00,548] {logging_mixin.py:115} INFO - [2022-08-18 02:42:00,548] {dag.py:2972} INFO - Setting next_dagrun for example_task_group to 2022-08-17T02:42:00.548346+00:00, run_after=2022-08-18T02:42:00.548346+00:00
[2022-08-18 02:42:00,567] {processor.py:161} INFO - Processing /home/airflow/.local/lib/python3.7/site-packages/airflow/example_dags/example_task_group.py took 0.109 seconds
[2022-08-18 02:42:31,230] {processor.py:153} INFO - Started process (PID=9531) to work on /home/airflow/.local/lib/python3.7/site-packages/airflow/example_dags/example_task_group.py
[2022-08-18 02:42:31,231] {processor.py:641} INFO - Processing file /home/airflow/.local/lib/python3.7/site-packages/airflow/example_dags/example_task_group.py for tasks to queue
[2022-08-18 02:42:31,233] {logging_mixin.py:115} INFO - [2022-08-18 02:42:31,232] {dagbag.py:508} INFO - Filling up the DagBag from /home/airflow/.local/lib/python3.7/site-packages/airflow/example_dags/example_task_group.py
[2022-08-18 02:42:31,242] {processor.py:651} INFO - DAG(s) dict_keys(['example_task_group']) retrieved from /home/airflow/.local/lib/python3.7/site-packages/airflow/example_dags/example_task_group.py
[2022-08-18 02:42:31,281] {logging_mixin.py:115} INFO - [2022-08-18 02:42:31,280] {dag.py:2420} INFO - Sync 1 DAGs
[2022-08-18 02:42:31,316] {logging_mixin.py:115} INFO - [2022-08-18 02:42:31,316] {dag.py:2972} INFO - Setting next_dagrun for example_task_group to 2022-08-17T02:42:31.315625+00:00, run_after=2022-08-18T02:42:31.315625+00:00
[2022-08-18 02:42:31,334] {processor.py:161} INFO - Processing /home/airflow/.local/lib/python3.7/site-packages/airflow/example_dags/example_task_group.py took 0.109 seconds
[2022-08-18 02:43:01,606] {processor.py:153} INFO - Started process (PID=9725) to work on /home/airflow/.local/lib/python3.7/site-packages/airflow/example_dags/example_task_group.py
[2022-08-18 02:43:01,607] {processor.py:641} INFO - Processing file /home/airflow/.local/lib/python3.7/site-packages/airflow/example_dags/example_task_group.py for tasks to queue
[2022-08-18 02:43:01,608] {logging_mixin.py:115} INFO - [2022-08-18 02:43:01,608] {dagbag.py:508} INFO - Filling up the DagBag from /home/airflow/.local/lib/python3.7/site-packages/airflow/example_dags/example_task_group.py
[2022-08-18 02:43:01,616] {processor.py:651} INFO - DAG(s) dict_keys(['example_task_group']) retrieved from /home/airflow/.local/lib/python3.7/site-packages/airflow/example_dags/example_task_group.py
[2022-08-18 02:43:01,654] {logging_mixin.py:115} INFO - [2022-08-18 02:43:01,654] {dag.py:2420} INFO - Sync 1 DAGs
[2022-08-18 02:43:01,685] {logging_mixin.py:115} INFO - [2022-08-18 02:43:01,684] {dag.py:2972} INFO - Setting next_dagrun for example_task_group to 2022-08-17T02:43:01.684528+00:00, run_after=2022-08-18T02:43:01.684528+00:00
[2022-08-18 02:43:01,707] {processor.py:161} INFO - Processing /home/airflow/.local/lib/python3.7/site-packages/airflow/example_dags/example_task_group.py took 0.105 seconds
[2022-08-18 02:43:32,283] {processor.py:153} INFO - Started process (PID=9928) to work on /home/airflow/.local/lib/python3.7/site-packages/airflow/example_dags/example_task_group.py
[2022-08-18 02:43:32,284] {processor.py:641} INFO - Processing file /home/airflow/.local/lib/python3.7/site-packages/airflow/example_dags/example_task_group.py for tasks to queue
[2022-08-18 02:43:32,285] {logging_mixin.py:115} INFO - [2022-08-18 02:43:32,285] {dagbag.py:508} INFO - Filling up the DagBag from /home/airflow/.local/lib/python3.7/site-packages/airflow/example_dags/example_task_group.py
[2022-08-18 02:43:32,296] {processor.py:651} INFO - DAG(s) dict_keys(['example_task_group']) retrieved from /home/airflow/.local/lib/python3.7/site-packages/airflow/example_dags/example_task_group.py
[2022-08-18 02:43:32,336] {logging_mixin.py:115} INFO - [2022-08-18 02:43:32,335] {dag.py:2420} INFO - Sync 1 DAGs
[2022-08-18 02:43:32,365] {logging_mixin.py:115} INFO - [2022-08-18 02:43:32,365] {dag.py:2972} INFO - Setting next_dagrun for example_task_group to 2022-08-17T02:43:32.364785+00:00, run_after=2022-08-18T02:43:32.364785+00:00
[2022-08-18 02:43:32,382] {processor.py:161} INFO - Processing /home/airflow/.local/lib/python3.7/site-packages/airflow/example_dags/example_task_group.py took 0.102 seconds
[2022-08-18 02:44:02,510] {processor.py:153} INFO - Started process (PID=10122) to work on /home/airflow/.local/lib/python3.7/site-packages/airflow/example_dags/example_task_group.py
[2022-08-18 02:44:02,511] {processor.py:641} INFO - Processing file /home/airflow/.local/lib/python3.7/site-packages/airflow/example_dags/example_task_group.py for tasks to queue
[2022-08-18 02:44:02,512] {logging_mixin.py:115} INFO - [2022-08-18 02:44:02,512] {dagbag.py:508} INFO - Filling up the DagBag from /home/airflow/.local/lib/python3.7/site-packages/airflow/example_dags/example_task_group.py
[2022-08-18 02:44:02,521] {processor.py:651} INFO - DAG(s) dict_keys(['example_task_group']) retrieved from /home/airflow/.local/lib/python3.7/site-packages/airflow/example_dags/example_task_group.py
[2022-08-18 02:44:02,557] {logging_mixin.py:115} INFO - [2022-08-18 02:44:02,557] {dag.py:2420} INFO - Sync 1 DAGs
[2022-08-18 02:44:02,587] {logging_mixin.py:115} INFO - [2022-08-18 02:44:02,586] {dag.py:2972} INFO - Setting next_dagrun for example_task_group to 2022-08-17T02:44:02.586593+00:00, run_after=2022-08-18T02:44:02.586593+00:00
[2022-08-18 02:44:02,605] {processor.py:161} INFO - Processing /home/airflow/.local/lib/python3.7/site-packages/airflow/example_dags/example_task_group.py took 0.098 seconds
[2022-08-18 02:44:32,727] {processor.py:153} INFO - Started process (PID=10322) to work on /home/airflow/.local/lib/python3.7/site-packages/airflow/example_dags/example_task_group.py
[2022-08-18 02:44:32,728] {processor.py:641} INFO - Processing file /home/airflow/.local/lib/python3.7/site-packages/airflow/example_dags/example_task_group.py for tasks to queue
[2022-08-18 02:44:32,729] {logging_mixin.py:115} INFO - [2022-08-18 02:44:32,729] {dagbag.py:508} INFO - Filling up the DagBag from /home/airflow/.local/lib/python3.7/site-packages/airflow/example_dags/example_task_group.py
[2022-08-18 02:44:32,741] {processor.py:651} INFO - DAG(s) dict_keys(['example_task_group']) retrieved from /home/airflow/.local/lib/python3.7/site-packages/airflow/example_dags/example_task_group.py
[2022-08-18 02:44:32,781] {logging_mixin.py:115} INFO - [2022-08-18 02:44:32,781] {dag.py:2420} INFO - Sync 1 DAGs
[2022-08-18 02:44:32,816] {logging_mixin.py:115} INFO - [2022-08-18 02:44:32,816] {dag.py:2972} INFO - Setting next_dagrun for example_task_group to 2022-08-17T02:44:32.816264+00:00, run_after=2022-08-18T02:44:32.816264+00:00
[2022-08-18 02:44:32,834] {processor.py:161} INFO - Processing /home/airflow/.local/lib/python3.7/site-packages/airflow/example_dags/example_task_group.py took 0.112 seconds
[2022-08-18 02:45:03,653] {processor.py:153} INFO - Started process (PID=10519) to work on /home/airflow/.local/lib/python3.7/site-packages/airflow/example_dags/example_task_group.py
[2022-08-18 02:45:03,654] {processor.py:641} INFO - Processing file /home/airflow/.local/lib/python3.7/site-packages/airflow/example_dags/example_task_group.py for tasks to queue
[2022-08-18 02:45:03,655] {logging_mixin.py:115} INFO - [2022-08-18 02:45:03,655] {dagbag.py:508} INFO - Filling up the DagBag from /home/airflow/.local/lib/python3.7/site-packages/airflow/example_dags/example_task_group.py
[2022-08-18 02:45:03,667] {processor.py:651} INFO - DAG(s) dict_keys(['example_task_group']) retrieved from /home/airflow/.local/lib/python3.7/site-packages/airflow/example_dags/example_task_group.py
[2022-08-18 02:45:03,701] {logging_mixin.py:115} INFO - [2022-08-18 02:45:03,701] {dag.py:2420} INFO - Sync 1 DAGs
[2022-08-18 02:45:03,729] {logging_mixin.py:115} INFO - [2022-08-18 02:45:03,729] {dag.py:2972} INFO - Setting next_dagrun for example_task_group to 2022-08-17T02:45:03.729240+00:00, run_after=2022-08-18T02:45:03.729240+00:00
[2022-08-18 02:45:03,745] {processor.py:161} INFO - Processing /home/airflow/.local/lib/python3.7/site-packages/airflow/example_dags/example_task_group.py took 0.097 seconds
[2022-08-18 02:45:33,891] {processor.py:153} INFO - Started process (PID=10722) to work on /home/airflow/.local/lib/python3.7/site-packages/airflow/example_dags/example_task_group.py
[2022-08-18 02:45:33,892] {processor.py:641} INFO - Processing file /home/airflow/.local/lib/python3.7/site-packages/airflow/example_dags/example_task_group.py for tasks to queue
[2022-08-18 02:45:33,893] {logging_mixin.py:115} INFO - [2022-08-18 02:45:33,893] {dagbag.py:508} INFO - Filling up the DagBag from /home/airflow/.local/lib/python3.7/site-packages/airflow/example_dags/example_task_group.py
[2022-08-18 02:45:33,905] {processor.py:651} INFO - DAG(s) dict_keys(['example_task_group']) retrieved from /home/airflow/.local/lib/python3.7/site-packages/airflow/example_dags/example_task_group.py
[2022-08-18 02:45:33,944] {logging_mixin.py:115} INFO - [2022-08-18 02:45:33,944] {dag.py:2420} INFO - Sync 1 DAGs
[2022-08-18 02:45:33,977] {logging_mixin.py:115} INFO - [2022-08-18 02:45:33,977] {dag.py:2972} INFO - Setting next_dagrun for example_task_group to 2022-08-17T02:45:33.977132+00:00, run_after=2022-08-18T02:45:33.977132+00:00
[2022-08-18 02:45:34,006] {processor.py:161} INFO - Processing /home/airflow/.local/lib/python3.7/site-packages/airflow/example_dags/example_task_group.py took 0.120 seconds
[2022-08-18 02:46:04,497] {processor.py:153} INFO - Started process (PID=10916) to work on /home/airflow/.local/lib/python3.7/site-packages/airflow/example_dags/example_task_group.py
[2022-08-18 02:46:04,497] {processor.py:641} INFO - Processing file /home/airflow/.local/lib/python3.7/site-packages/airflow/example_dags/example_task_group.py for tasks to queue
[2022-08-18 02:46:04,498] {logging_mixin.py:115} INFO - [2022-08-18 02:46:04,498] {dagbag.py:508} INFO - Filling up the DagBag from /home/airflow/.local/lib/python3.7/site-packages/airflow/example_dags/example_task_group.py
[2022-08-18 02:46:04,511] {processor.py:651} INFO - DAG(s) dict_keys(['example_task_group']) retrieved from /home/airflow/.local/lib/python3.7/site-packages/airflow/example_dags/example_task_group.py
[2022-08-18 02:46:04,548] {logging_mixin.py:115} INFO - [2022-08-18 02:46:04,548] {dag.py:2420} INFO - Sync 1 DAGs
[2022-08-18 02:46:04,583] {logging_mixin.py:115} INFO - [2022-08-18 02:46:04,583] {dag.py:2972} INFO - Setting next_dagrun for example_task_group to 2022-08-17T02:46:04.582633+00:00, run_after=2022-08-18T02:46:04.582633+00:00
[2022-08-18 02:46:04,602] {processor.py:161} INFO - Processing /home/airflow/.local/lib/python3.7/site-packages/airflow/example_dags/example_task_group.py took 0.109 seconds
[2022-08-18 02:46:34,821] {processor.py:153} INFO - Started process (PID=11119) to work on /home/airflow/.local/lib/python3.7/site-packages/airflow/example_dags/example_task_group.py
[2022-08-18 02:46:34,821] {processor.py:641} INFO - Processing file /home/airflow/.local/lib/python3.7/site-packages/airflow/example_dags/example_task_group.py for tasks to queue
[2022-08-18 02:46:34,822] {logging_mixin.py:115} INFO - [2022-08-18 02:46:34,822] {dagbag.py:508} INFO - Filling up the DagBag from /home/airflow/.local/lib/python3.7/site-packages/airflow/example_dags/example_task_group.py
[2022-08-18 02:46:34,833] {processor.py:651} INFO - DAG(s) dict_keys(['example_task_group']) retrieved from /home/airflow/.local/lib/python3.7/site-packages/airflow/example_dags/example_task_group.py
[2022-08-18 02:46:34,872] {logging_mixin.py:115} INFO - [2022-08-18 02:46:34,872] {dag.py:2420} INFO - Sync 1 DAGs
[2022-08-18 02:46:34,911] {logging_mixin.py:115} INFO - [2022-08-18 02:46:34,911] {dag.py:2972} INFO - Setting next_dagrun for example_task_group to 2022-08-17T02:46:34.911339+00:00, run_after=2022-08-18T02:46:34.911339+00:00
[2022-08-18 02:46:34,941] {processor.py:161} INFO - Processing /home/airflow/.local/lib/python3.7/site-packages/airflow/example_dags/example_task_group.py took 0.125 seconds
[2022-08-18 02:47:05,590] {processor.py:153} INFO - Started process (PID=11313) to work on /home/airflow/.local/lib/python3.7/site-packages/airflow/example_dags/example_task_group.py
[2022-08-18 02:47:05,591] {processor.py:641} INFO - Processing file /home/airflow/.local/lib/python3.7/site-packages/airflow/example_dags/example_task_group.py for tasks to queue
[2022-08-18 02:47:05,592] {logging_mixin.py:115} INFO - [2022-08-18 02:47:05,592] {dagbag.py:508} INFO - Filling up the DagBag from /home/airflow/.local/lib/python3.7/site-packages/airflow/example_dags/example_task_group.py
[2022-08-18 02:47:05,603] {processor.py:651} INFO - DAG(s) dict_keys(['example_task_group']) retrieved from /home/airflow/.local/lib/python3.7/site-packages/airflow/example_dags/example_task_group.py
[2022-08-18 02:47:05,641] {logging_mixin.py:115} INFO - [2022-08-18 02:47:05,641] {dag.py:2420} INFO - Sync 1 DAGs
[2022-08-18 02:47:05,673] {logging_mixin.py:115} INFO - [2022-08-18 02:47:05,673] {dag.py:2972} INFO - Setting next_dagrun for example_task_group to 2022-08-17T02:47:05.673350+00:00, run_after=2022-08-18T02:47:05.673350+00:00
[2022-08-18 02:47:05,693] {processor.py:161} INFO - Processing /home/airflow/.local/lib/python3.7/site-packages/airflow/example_dags/example_task_group.py took 0.107 seconds
[2022-08-18 02:47:36,503] {processor.py:153} INFO - Started process (PID=11516) to work on /home/airflow/.local/lib/python3.7/site-packages/airflow/example_dags/example_task_group.py
[2022-08-18 02:47:36,504] {processor.py:641} INFO - Processing file /home/airflow/.local/lib/python3.7/site-packages/airflow/example_dags/example_task_group.py for tasks to queue
[2022-08-18 02:47:36,505] {logging_mixin.py:115} INFO - [2022-08-18 02:47:36,505] {dagbag.py:508} INFO - Filling up the DagBag from /home/airflow/.local/lib/python3.7/site-packages/airflow/example_dags/example_task_group.py
[2022-08-18 02:47:36,514] {processor.py:651} INFO - DAG(s) dict_keys(['example_task_group']) retrieved from /home/airflow/.local/lib/python3.7/site-packages/airflow/example_dags/example_task_group.py
[2022-08-18 02:47:36,554] {logging_mixin.py:115} INFO - [2022-08-18 02:47:36,554] {dag.py:2420} INFO - Sync 1 DAGs
[2022-08-18 02:47:36,588] {logging_mixin.py:115} INFO - [2022-08-18 02:47:36,588] {dag.py:2972} INFO - Setting next_dagrun for example_task_group to 2022-08-17T02:47:36.587878+00:00, run_after=2022-08-18T02:47:36.587878+00:00
[2022-08-18 02:47:36,607] {processor.py:161} INFO - Processing /home/airflow/.local/lib/python3.7/site-packages/airflow/example_dags/example_task_group.py took 0.107 seconds
[2022-08-18 02:48:07,280] {processor.py:153} INFO - Started process (PID=11710) to work on /home/airflow/.local/lib/python3.7/site-packages/airflow/example_dags/example_task_group.py
[2022-08-18 02:48:07,281] {processor.py:641} INFO - Processing file /home/airflow/.local/lib/python3.7/site-packages/airflow/example_dags/example_task_group.py for tasks to queue
[2022-08-18 02:48:07,282] {logging_mixin.py:115} INFO - [2022-08-18 02:48:07,282] {dagbag.py:508} INFO - Filling up the DagBag from /home/airflow/.local/lib/python3.7/site-packages/airflow/example_dags/example_task_group.py
[2022-08-18 02:48:07,296] {processor.py:651} INFO - DAG(s) dict_keys(['example_task_group']) retrieved from /home/airflow/.local/lib/python3.7/site-packages/airflow/example_dags/example_task_group.py
[2022-08-18 02:48:07,343] {logging_mixin.py:115} INFO - [2022-08-18 02:48:07,342] {dag.py:2420} INFO - Sync 1 DAGs
[2022-08-18 02:48:07,382] {logging_mixin.py:115} INFO - [2022-08-18 02:48:07,381] {dag.py:2972} INFO - Setting next_dagrun for example_task_group to 2022-08-17T02:48:07.381291+00:00, run_after=2022-08-18T02:48:07.381291+00:00
[2022-08-18 02:48:07,414] {processor.py:161} INFO - Processing /home/airflow/.local/lib/python3.7/site-packages/airflow/example_dags/example_task_group.py took 0.139 seconds
[2022-08-18 02:48:37,485] {processor.py:153} INFO - Started process (PID=11910) to work on /home/airflow/.local/lib/python3.7/site-packages/airflow/example_dags/example_task_group.py
[2022-08-18 02:48:37,486] {processor.py:641} INFO - Processing file /home/airflow/.local/lib/python3.7/site-packages/airflow/example_dags/example_task_group.py for tasks to queue
[2022-08-18 02:48:37,487] {logging_mixin.py:115} INFO - [2022-08-18 02:48:37,487] {dagbag.py:508} INFO - Filling up the DagBag from /home/airflow/.local/lib/python3.7/site-packages/airflow/example_dags/example_task_group.py
[2022-08-18 02:48:37,497] {processor.py:651} INFO - DAG(s) dict_keys(['example_task_group']) retrieved from /home/airflow/.local/lib/python3.7/site-packages/airflow/example_dags/example_task_group.py
[2022-08-18 02:48:37,542] {logging_mixin.py:115} INFO - [2022-08-18 02:48:37,541] {dag.py:2420} INFO - Sync 1 DAGs
[2022-08-18 02:48:37,572] {logging_mixin.py:115} INFO - [2022-08-18 02:48:37,572] {dag.py:2972} INFO - Setting next_dagrun for example_task_group to 2022-08-17T02:48:37.572281+00:00, run_after=2022-08-18T02:48:37.572281+00:00
[2022-08-18 02:48:37,592] {processor.py:161} INFO - Processing /home/airflow/.local/lib/python3.7/site-packages/airflow/example_dags/example_task_group.py took 0.111 seconds
[2022-08-18 02:49:07,654] {processor.py:153} INFO - Started process (PID=12104) to work on /home/airflow/.local/lib/python3.7/site-packages/airflow/example_dags/example_task_group.py
[2022-08-18 02:49:07,655] {processor.py:641} INFO - Processing file /home/airflow/.local/lib/python3.7/site-packages/airflow/example_dags/example_task_group.py for tasks to queue
[2022-08-18 02:49:07,656] {logging_mixin.py:115} INFO - [2022-08-18 02:49:07,656] {dagbag.py:508} INFO - Filling up the DagBag from /home/airflow/.local/lib/python3.7/site-packages/airflow/example_dags/example_task_group.py
[2022-08-18 02:49:07,663] {processor.py:651} INFO - DAG(s) dict_keys(['example_task_group']) retrieved from /home/airflow/.local/lib/python3.7/site-packages/airflow/example_dags/example_task_group.py
[2022-08-18 02:49:07,697] {logging_mixin.py:115} INFO - [2022-08-18 02:49:07,697] {dag.py:2420} INFO - Sync 1 DAGs
[2022-08-18 02:49:07,725] {logging_mixin.py:115} INFO - [2022-08-18 02:49:07,725] {dag.py:2972} INFO - Setting next_dagrun for example_task_group to 2022-08-17T02:49:07.725018+00:00, run_after=2022-08-18T02:49:07.725018+00:00
[2022-08-18 02:49:07,751] {processor.py:161} INFO - Processing /home/airflow/.local/lib/python3.7/site-packages/airflow/example_dags/example_task_group.py took 0.101 seconds
[2022-08-18 02:49:38,472] {processor.py:153} INFO - Started process (PID=12305) to work on /home/airflow/.local/lib/python3.7/site-packages/airflow/example_dags/example_task_group.py
[2022-08-18 02:49:38,474] {processor.py:641} INFO - Processing file /home/airflow/.local/lib/python3.7/site-packages/airflow/example_dags/example_task_group.py for tasks to queue
[2022-08-18 02:49:38,475] {logging_mixin.py:115} INFO - [2022-08-18 02:49:38,475] {dagbag.py:508} INFO - Filling up the DagBag from /home/airflow/.local/lib/python3.7/site-packages/airflow/example_dags/example_task_group.py
[2022-08-18 02:49:38,484] {processor.py:651} INFO - DAG(s) dict_keys(['example_task_group']) retrieved from /home/airflow/.local/lib/python3.7/site-packages/airflow/example_dags/example_task_group.py
[2022-08-18 02:49:38,526] {logging_mixin.py:115} INFO - [2022-08-18 02:49:38,526] {dag.py:2420} INFO - Sync 1 DAGs
[2022-08-18 02:49:38,560] {logging_mixin.py:115} INFO - [2022-08-18 02:49:38,560] {dag.py:2972} INFO - Setting next_dagrun for example_task_group to 2022-08-17T02:49:38.560277+00:00, run_after=2022-08-18T02:49:38.560277+00:00
[2022-08-18 02:49:38,581] {processor.py:161} INFO - Processing /home/airflow/.local/lib/python3.7/site-packages/airflow/example_dags/example_task_group.py took 0.113 seconds
[2022-08-18 02:50:08,955] {processor.py:153} INFO - Started process (PID=12499) to work on /home/airflow/.local/lib/python3.7/site-packages/airflow/example_dags/example_task_group.py
[2022-08-18 02:50:08,956] {processor.py:641} INFO - Processing file /home/airflow/.local/lib/python3.7/site-packages/airflow/example_dags/example_task_group.py for tasks to queue
[2022-08-18 02:50:08,957] {logging_mixin.py:115} INFO - [2022-08-18 02:50:08,957] {dagbag.py:508} INFO - Filling up the DagBag from /home/airflow/.local/lib/python3.7/site-packages/airflow/example_dags/example_task_group.py
[2022-08-18 02:50:08,965] {processor.py:651} INFO - DAG(s) dict_keys(['example_task_group']) retrieved from /home/airflow/.local/lib/python3.7/site-packages/airflow/example_dags/example_task_group.py
[2022-08-18 02:50:08,996] {logging_mixin.py:115} INFO - [2022-08-18 02:50:08,996] {dag.py:2420} INFO - Sync 1 DAGs
[2022-08-18 02:50:09,025] {logging_mixin.py:115} INFO - [2022-08-18 02:50:09,025] {dag.py:2972} INFO - Setting next_dagrun for example_task_group to 2022-08-17T02:50:09.025060+00:00, run_after=2022-08-18T02:50:09.025060+00:00
[2022-08-18 02:50:09,049] {processor.py:161} INFO - Processing /home/airflow/.local/lib/python3.7/site-packages/airflow/example_dags/example_task_group.py took 0.099 seconds
[2022-08-18 02:50:39,652] {processor.py:153} INFO - Started process (PID=12702) to work on /home/airflow/.local/lib/python3.7/site-packages/airflow/example_dags/example_task_group.py
[2022-08-18 02:50:39,689] {processor.py:641} INFO - Processing file /home/airflow/.local/lib/python3.7/site-packages/airflow/example_dags/example_task_group.py for tasks to queue
[2022-08-18 02:50:39,690] {logging_mixin.py:115} INFO - [2022-08-18 02:50:39,690] {dagbag.py:508} INFO - Filling up the DagBag from /home/airflow/.local/lib/python3.7/site-packages/airflow/example_dags/example_task_group.py
[2022-08-18 02:50:39,703] {processor.py:651} INFO - DAG(s) dict_keys(['example_task_group']) retrieved from /home/airflow/.local/lib/python3.7/site-packages/airflow/example_dags/example_task_group.py
[2022-08-18 02:50:39,751] {logging_mixin.py:115} INFO - [2022-08-18 02:50:39,751] {dag.py:2420} INFO - Sync 1 DAGs
[2022-08-18 02:50:39,783] {logging_mixin.py:115} INFO - [2022-08-18 02:50:39,782] {dag.py:2972} INFO - Setting next_dagrun for example_task_group to 2022-08-17T02:50:39.782461+00:00, run_after=2022-08-18T02:50:39.782461+00:00
[2022-08-18 02:50:39,803] {processor.py:161} INFO - Processing /home/airflow/.local/lib/python3.7/site-packages/airflow/example_dags/example_task_group.py took 0.158 seconds
[2022-08-18 02:51:09,867] {processor.py:153} INFO - Started process (PID=12896) to work on /home/airflow/.local/lib/python3.7/site-packages/airflow/example_dags/example_task_group.py
[2022-08-18 02:51:09,868] {processor.py:641} INFO - Processing file /home/airflow/.local/lib/python3.7/site-packages/airflow/example_dags/example_task_group.py for tasks to queue
[2022-08-18 02:51:09,869] {logging_mixin.py:115} INFO - [2022-08-18 02:51:09,869] {dagbag.py:508} INFO - Filling up the DagBag from /home/airflow/.local/lib/python3.7/site-packages/airflow/example_dags/example_task_group.py
[2022-08-18 02:51:09,878] {processor.py:651} INFO - DAG(s) dict_keys(['example_task_group']) retrieved from /home/airflow/.local/lib/python3.7/site-packages/airflow/example_dags/example_task_group.py
[2022-08-18 02:51:09,922] {logging_mixin.py:115} INFO - [2022-08-18 02:51:09,922] {dag.py:2420} INFO - Sync 1 DAGs
[2022-08-18 02:51:09,956] {logging_mixin.py:115} INFO - [2022-08-18 02:51:09,956] {dag.py:2972} INFO - Setting next_dagrun for example_task_group to 2022-08-17T02:51:09.955600+00:00, run_after=2022-08-18T02:51:09.955600+00:00
[2022-08-18 02:51:09,985] {processor.py:161} INFO - Processing /home/airflow/.local/lib/python3.7/site-packages/airflow/example_dags/example_task_group.py took 0.123 seconds
[2022-08-18 02:51:40,165] {processor.py:153} INFO - Started process (PID=13100) to work on /home/airflow/.local/lib/python3.7/site-packages/airflow/example_dags/example_task_group.py
[2022-08-18 02:51:40,166] {processor.py:641} INFO - Processing file /home/airflow/.local/lib/python3.7/site-packages/airflow/example_dags/example_task_group.py for tasks to queue
[2022-08-18 02:51:40,167] {logging_mixin.py:115} INFO - [2022-08-18 02:51:40,166] {dagbag.py:508} INFO - Filling up the DagBag from /home/airflow/.local/lib/python3.7/site-packages/airflow/example_dags/example_task_group.py
[2022-08-18 02:51:40,178] {processor.py:651} INFO - DAG(s) dict_keys(['example_task_group']) retrieved from /home/airflow/.local/lib/python3.7/site-packages/airflow/example_dags/example_task_group.py
[2022-08-18 02:51:40,216] {logging_mixin.py:115} INFO - [2022-08-18 02:51:40,216] {dag.py:2420} INFO - Sync 1 DAGs
[2022-08-18 02:51:40,253] {logging_mixin.py:115} INFO - [2022-08-18 02:51:40,252] {dag.py:2972} INFO - Setting next_dagrun for example_task_group to 2022-08-17T02:51:40.252484+00:00, run_after=2022-08-18T02:51:40.252484+00:00
[2022-08-18 02:51:40,282] {processor.py:161} INFO - Processing /home/airflow/.local/lib/python3.7/site-packages/airflow/example_dags/example_task_group.py took 0.120 seconds
[2022-08-18 02:52:10,442] {processor.py:153} INFO - Started process (PID=13294) to work on /home/airflow/.local/lib/python3.7/site-packages/airflow/example_dags/example_task_group.py
[2022-08-18 02:52:10,443] {processor.py:641} INFO - Processing file /home/airflow/.local/lib/python3.7/site-packages/airflow/example_dags/example_task_group.py for tasks to queue
[2022-08-18 02:52:10,444] {logging_mixin.py:115} INFO - [2022-08-18 02:52:10,444] {dagbag.py:508} INFO - Filling up the DagBag from /home/airflow/.local/lib/python3.7/site-packages/airflow/example_dags/example_task_group.py
[2022-08-18 02:52:10,452] {processor.py:651} INFO - DAG(s) dict_keys(['example_task_group']) retrieved from /home/airflow/.local/lib/python3.7/site-packages/airflow/example_dags/example_task_group.py
[2022-08-18 02:52:10,487] {logging_mixin.py:115} INFO - [2022-08-18 02:52:10,487] {dag.py:2420} INFO - Sync 1 DAGs
[2022-08-18 02:52:10,516] {logging_mixin.py:115} INFO - [2022-08-18 02:52:10,515] {dag.py:2972} INFO - Setting next_dagrun for example_task_group to 2022-08-17T02:52:10.515462+00:00, run_after=2022-08-18T02:52:10.515462+00:00
[2022-08-18 02:52:10,541] {processor.py:161} INFO - Processing /home/airflow/.local/lib/python3.7/site-packages/airflow/example_dags/example_task_group.py took 0.103 seconds
[2022-08-18 02:52:40,963] {processor.py:153} INFO - Started process (PID=13497) to work on /home/airflow/.local/lib/python3.7/site-packages/airflow/example_dags/example_task_group.py
[2022-08-18 02:52:40,964] {processor.py:641} INFO - Processing file /home/airflow/.local/lib/python3.7/site-packages/airflow/example_dags/example_task_group.py for tasks to queue
[2022-08-18 02:52:40,965] {logging_mixin.py:115} INFO - [2022-08-18 02:52:40,965] {dagbag.py:508} INFO - Filling up the DagBag from /home/airflow/.local/lib/python3.7/site-packages/airflow/example_dags/example_task_group.py
[2022-08-18 02:52:40,975] {processor.py:651} INFO - DAG(s) dict_keys(['example_task_group']) retrieved from /home/airflow/.local/lib/python3.7/site-packages/airflow/example_dags/example_task_group.py
[2022-08-18 02:52:41,017] {logging_mixin.py:115} INFO - [2022-08-18 02:52:41,017] {dag.py:2420} INFO - Sync 1 DAGs
[2022-08-18 02:52:41,051] {logging_mixin.py:115} INFO - [2022-08-18 02:52:41,051] {dag.py:2972} INFO - Setting next_dagrun for example_task_group to 2022-08-17T02:52:41.051395+00:00, run_after=2022-08-18T02:52:41.051395+00:00
[2022-08-18 02:52:41,078] {processor.py:161} INFO - Processing /home/airflow/.local/lib/python3.7/site-packages/airflow/example_dags/example_task_group.py took 0.119 seconds
[2022-08-18 02:53:11,567] {processor.py:153} INFO - Started process (PID=13691) to work on /home/airflow/.local/lib/python3.7/site-packages/airflow/example_dags/example_task_group.py
[2022-08-18 02:53:11,569] {processor.py:641} INFO - Processing file /home/airflow/.local/lib/python3.7/site-packages/airflow/example_dags/example_task_group.py for tasks to queue
[2022-08-18 02:53:11,570] {logging_mixin.py:115} INFO - [2022-08-18 02:53:11,570] {dagbag.py:508} INFO - Filling up the DagBag from /home/airflow/.local/lib/python3.7/site-packages/airflow/example_dags/example_task_group.py
[2022-08-18 02:53:11,581] {processor.py:651} INFO - DAG(s) dict_keys(['example_task_group']) retrieved from /home/airflow/.local/lib/python3.7/site-packages/airflow/example_dags/example_task_group.py
[2022-08-18 02:53:11,683] {logging_mixin.py:115} INFO - [2022-08-18 02:53:11,682] {dag.py:2420} INFO - Sync 1 DAGs
[2022-08-18 02:53:11,719] {logging_mixin.py:115} INFO - [2022-08-18 02:53:11,718] {dag.py:2972} INFO - Setting next_dagrun for example_task_group to 2022-08-17T02:53:11.718646+00:00, run_after=2022-08-18T02:53:11.718646+00:00
[2022-08-18 02:53:11,742] {processor.py:161} INFO - Processing /home/airflow/.local/lib/python3.7/site-packages/airflow/example_dags/example_task_group.py took 0.181 seconds
[2022-08-18 02:53:41,963] {processor.py:153} INFO - Started process (PID=13894) to work on /home/airflow/.local/lib/python3.7/site-packages/airflow/example_dags/example_task_group.py
[2022-08-18 02:53:41,964] {processor.py:641} INFO - Processing file /home/airflow/.local/lib/python3.7/site-packages/airflow/example_dags/example_task_group.py for tasks to queue
[2022-08-18 02:53:41,965] {logging_mixin.py:115} INFO - [2022-08-18 02:53:41,965] {dagbag.py:508} INFO - Filling up the DagBag from /home/airflow/.local/lib/python3.7/site-packages/airflow/example_dags/example_task_group.py
[2022-08-18 02:53:41,974] {processor.py:651} INFO - DAG(s) dict_keys(['example_task_group']) retrieved from /home/airflow/.local/lib/python3.7/site-packages/airflow/example_dags/example_task_group.py
[2022-08-18 02:53:42,014] {logging_mixin.py:115} INFO - [2022-08-18 02:53:42,013] {dag.py:2420} INFO - Sync 1 DAGs
[2022-08-18 02:53:42,052] {logging_mixin.py:115} INFO - [2022-08-18 02:53:42,052] {dag.py:2972} INFO - Setting next_dagrun for example_task_group to 2022-08-17T02:53:42.052123+00:00, run_after=2022-08-18T02:53:42.052123+00:00
[2022-08-18 02:53:42,073] {processor.py:161} INFO - Processing /home/airflow/.local/lib/python3.7/site-packages/airflow/example_dags/example_task_group.py took 0.115 seconds
[2022-08-18 02:54:12,254] {processor.py:153} INFO - Started process (PID=14088) to work on /home/airflow/.local/lib/python3.7/site-packages/airflow/example_dags/example_task_group.py
[2022-08-18 02:54:12,255] {processor.py:641} INFO - Processing file /home/airflow/.local/lib/python3.7/site-packages/airflow/example_dags/example_task_group.py for tasks to queue
[2022-08-18 02:54:12,256] {logging_mixin.py:115} INFO - [2022-08-18 02:54:12,256] {dagbag.py:508} INFO - Filling up the DagBag from /home/airflow/.local/lib/python3.7/site-packages/airflow/example_dags/example_task_group.py
[2022-08-18 02:54:12,266] {processor.py:651} INFO - DAG(s) dict_keys(['example_task_group']) retrieved from /home/airflow/.local/lib/python3.7/site-packages/airflow/example_dags/example_task_group.py
[2022-08-18 02:54:12,299] {logging_mixin.py:115} INFO - [2022-08-18 02:54:12,299] {dag.py:2420} INFO - Sync 1 DAGs
[2022-08-18 02:54:12,327] {logging_mixin.py:115} INFO - [2022-08-18 02:54:12,327] {dag.py:2972} INFO - Setting next_dagrun for example_task_group to 2022-08-17T02:54:12.327586+00:00, run_after=2022-08-18T02:54:12.327586+00:00
[2022-08-18 02:54:12,353] {processor.py:161} INFO - Processing /home/airflow/.local/lib/python3.7/site-packages/airflow/example_dags/example_task_group.py took 0.103 seconds
[2022-08-18 02:54:42,505] {processor.py:153} INFO - Started process (PID=14291) to work on /home/airflow/.local/lib/python3.7/site-packages/airflow/example_dags/example_task_group.py
[2022-08-18 02:54:42,506] {processor.py:641} INFO - Processing file /home/airflow/.local/lib/python3.7/site-packages/airflow/example_dags/example_task_group.py for tasks to queue
[2022-08-18 02:54:42,507] {logging_mixin.py:115} INFO - [2022-08-18 02:54:42,507] {dagbag.py:508} INFO - Filling up the DagBag from /home/airflow/.local/lib/python3.7/site-packages/airflow/example_dags/example_task_group.py
[2022-08-18 02:54:42,521] {processor.py:651} INFO - DAG(s) dict_keys(['example_task_group']) retrieved from /home/airflow/.local/lib/python3.7/site-packages/airflow/example_dags/example_task_group.py
[2022-08-18 02:54:42,578] {logging_mixin.py:115} INFO - [2022-08-18 02:54:42,577] {dag.py:2420} INFO - Sync 1 DAGs
[2022-08-18 02:54:42,614] {logging_mixin.py:115} INFO - [2022-08-18 02:54:42,613] {dag.py:2972} INFO - Setting next_dagrun for example_task_group to 2022-08-17T02:54:42.613423+00:00, run_after=2022-08-18T02:54:42.613423+00:00
[2022-08-18 02:54:42,631] {processor.py:161} INFO - Processing /home/airflow/.local/lib/python3.7/site-packages/airflow/example_dags/example_task_group.py took 0.132 seconds
[2022-08-18 02:55:12,841] {processor.py:153} INFO - Started process (PID=14485) to work on /home/airflow/.local/lib/python3.7/site-packages/airflow/example_dags/example_task_group.py
[2022-08-18 02:55:12,842] {processor.py:641} INFO - Processing file /home/airflow/.local/lib/python3.7/site-packages/airflow/example_dags/example_task_group.py for tasks to queue
[2022-08-18 02:55:12,844] {logging_mixin.py:115} INFO - [2022-08-18 02:55:12,843] {dagbag.py:508} INFO - Filling up the DagBag from /home/airflow/.local/lib/python3.7/site-packages/airflow/example_dags/example_task_group.py
[2022-08-18 02:55:12,856] {processor.py:651} INFO - DAG(s) dict_keys(['example_task_group']) retrieved from /home/airflow/.local/lib/python3.7/site-packages/airflow/example_dags/example_task_group.py
[2022-08-18 02:55:12,899] {logging_mixin.py:115} INFO - [2022-08-18 02:55:12,898] {dag.py:2420} INFO - Sync 1 DAGs
[2022-08-18 02:55:12,941] {logging_mixin.py:115} INFO - [2022-08-18 02:55:12,941] {dag.py:2972} INFO - Setting next_dagrun for example_task_group to 2022-08-17T02:55:12.940867+00:00, run_after=2022-08-18T02:55:12.940867+00:00
[2022-08-18 02:55:12,965] {processor.py:161} INFO - Processing /home/airflow/.local/lib/python3.7/site-packages/airflow/example_dags/example_task_group.py took 0.129 seconds
[2022-08-18 02:55:43,527] {processor.py:153} INFO - Started process (PID=14688) to work on /home/airflow/.local/lib/python3.7/site-packages/airflow/example_dags/example_task_group.py
[2022-08-18 02:55:43,528] {processor.py:641} INFO - Processing file /home/airflow/.local/lib/python3.7/site-packages/airflow/example_dags/example_task_group.py for tasks to queue
[2022-08-18 02:55:43,530] {logging_mixin.py:115} INFO - [2022-08-18 02:55:43,529] {dagbag.py:508} INFO - Filling up the DagBag from /home/airflow/.local/lib/python3.7/site-packages/airflow/example_dags/example_task_group.py
[2022-08-18 02:55:43,540] {processor.py:651} INFO - DAG(s) dict_keys(['example_task_group']) retrieved from /home/airflow/.local/lib/python3.7/site-packages/airflow/example_dags/example_task_group.py
[2022-08-18 02:55:43,584] {logging_mixin.py:115} INFO - [2022-08-18 02:55:43,584] {dag.py:2420} INFO - Sync 1 DAGs
[2022-08-18 02:55:43,620] {logging_mixin.py:115} INFO - [2022-08-18 02:55:43,620] {dag.py:2972} INFO - Setting next_dagrun for example_task_group to 2022-08-17T02:55:43.620096+00:00, run_after=2022-08-18T02:55:43.620096+00:00
[2022-08-18 02:55:43,646] {processor.py:161} INFO - Processing /home/airflow/.local/lib/python3.7/site-packages/airflow/example_dags/example_task_group.py took 0.123 seconds
[2022-08-18 02:56:13,986] {processor.py:153} INFO - Started process (PID=14882) to work on /home/airflow/.local/lib/python3.7/site-packages/airflow/example_dags/example_task_group.py
[2022-08-18 02:56:13,987] {processor.py:641} INFO - Processing file /home/airflow/.local/lib/python3.7/site-packages/airflow/example_dags/example_task_group.py for tasks to queue
[2022-08-18 02:56:13,988] {logging_mixin.py:115} INFO - [2022-08-18 02:56:13,988] {dagbag.py:508} INFO - Filling up the DagBag from /home/airflow/.local/lib/python3.7/site-packages/airflow/example_dags/example_task_group.py
[2022-08-18 02:56:13,997] {processor.py:651} INFO - DAG(s) dict_keys(['example_task_group']) retrieved from /home/airflow/.local/lib/python3.7/site-packages/airflow/example_dags/example_task_group.py
[2022-08-18 02:56:14,029] {logging_mixin.py:115} INFO - [2022-08-18 02:56:14,029] {dag.py:2420} INFO - Sync 1 DAGs
[2022-08-18 02:56:14,060] {logging_mixin.py:115} INFO - [2022-08-18 02:56:14,060] {dag.py:2972} INFO - Setting next_dagrun for example_task_group to 2022-08-17T02:56:14.059703+00:00, run_after=2022-08-18T02:56:14.059703+00:00
[2022-08-18 02:56:14,080] {processor.py:161} INFO - Processing /home/airflow/.local/lib/python3.7/site-packages/airflow/example_dags/example_task_group.py took 0.099 seconds
[2022-08-18 02:56:44,198] {processor.py:153} INFO - Started process (PID=15076) to work on /home/airflow/.local/lib/python3.7/site-packages/airflow/example_dags/example_task_group.py
[2022-08-18 02:56:44,199] {processor.py:641} INFO - Processing file /home/airflow/.local/lib/python3.7/site-packages/airflow/example_dags/example_task_group.py for tasks to queue
[2022-08-18 02:56:44,200] {logging_mixin.py:115} INFO - [2022-08-18 02:56:44,200] {dagbag.py:508} INFO - Filling up the DagBag from /home/airflow/.local/lib/python3.7/site-packages/airflow/example_dags/example_task_group.py
[2022-08-18 02:56:44,212] {processor.py:651} INFO - DAG(s) dict_keys(['example_task_group']) retrieved from /home/airflow/.local/lib/python3.7/site-packages/airflow/example_dags/example_task_group.py
[2022-08-18 02:56:44,247] {logging_mixin.py:115} INFO - [2022-08-18 02:56:44,247] {dag.py:2420} INFO - Sync 1 DAGs
[2022-08-18 02:56:44,279] {logging_mixin.py:115} INFO - [2022-08-18 02:56:44,279] {dag.py:2972} INFO - Setting next_dagrun for example_task_group to 2022-08-17T02:56:44.279116+00:00, run_after=2022-08-18T02:56:44.279116+00:00
[2022-08-18 02:56:44,296] {processor.py:161} INFO - Processing /home/airflow/.local/lib/python3.7/site-packages/airflow/example_dags/example_task_group.py took 0.102 seconds
[2022-08-18 02:57:14,598] {processor.py:153} INFO - Started process (PID=15279) to work on /home/airflow/.local/lib/python3.7/site-packages/airflow/example_dags/example_task_group.py
[2022-08-18 02:57:14,599] {processor.py:641} INFO - Processing file /home/airflow/.local/lib/python3.7/site-packages/airflow/example_dags/example_task_group.py for tasks to queue
[2022-08-18 02:57:14,600] {logging_mixin.py:115} INFO - [2022-08-18 02:57:14,600] {dagbag.py:508} INFO - Filling up the DagBag from /home/airflow/.local/lib/python3.7/site-packages/airflow/example_dags/example_task_group.py
[2022-08-18 02:57:14,608] {processor.py:651} INFO - DAG(s) dict_keys(['example_task_group']) retrieved from /home/airflow/.local/lib/python3.7/site-packages/airflow/example_dags/example_task_group.py
[2022-08-18 02:57:14,640] {logging_mixin.py:115} INFO - [2022-08-18 02:57:14,639] {dag.py:2420} INFO - Sync 1 DAGs
[2022-08-18 02:57:14,668] {logging_mixin.py:115} INFO - [2022-08-18 02:57:14,668] {dag.py:2972} INFO - Setting next_dagrun for example_task_group to 2022-08-17T02:57:14.667742+00:00, run_after=2022-08-18T02:57:14.667742+00:00
[2022-08-18 02:57:14,692] {processor.py:161} INFO - Processing /home/airflow/.local/lib/python3.7/site-packages/airflow/example_dags/example_task_group.py took 0.097 seconds
[2022-08-18 02:57:44,927] {processor.py:153} INFO - Started process (PID=15473) to work on /home/airflow/.local/lib/python3.7/site-packages/airflow/example_dags/example_task_group.py
[2022-08-18 02:57:44,928] {processor.py:641} INFO - Processing file /home/airflow/.local/lib/python3.7/site-packages/airflow/example_dags/example_task_group.py for tasks to queue
[2022-08-18 02:57:44,929] {logging_mixin.py:115} INFO - [2022-08-18 02:57:44,929] {dagbag.py:508} INFO - Filling up the DagBag from /home/airflow/.local/lib/python3.7/site-packages/airflow/example_dags/example_task_group.py
[2022-08-18 02:57:44,937] {processor.py:651} INFO - DAG(s) dict_keys(['example_task_group']) retrieved from /home/airflow/.local/lib/python3.7/site-packages/airflow/example_dags/example_task_group.py
[2022-08-18 02:57:44,973] {logging_mixin.py:115} INFO - [2022-08-18 02:57:44,972] {dag.py:2420} INFO - Sync 1 DAGs
[2022-08-18 02:57:45,004] {logging_mixin.py:115} INFO - [2022-08-18 02:57:45,004] {dag.py:2972} INFO - Setting next_dagrun for example_task_group to 2022-08-17T02:57:45.003761+00:00, run_after=2022-08-18T02:57:45.003761+00:00
[2022-08-18 02:57:45,032] {processor.py:161} INFO - Processing /home/airflow/.local/lib/python3.7/site-packages/airflow/example_dags/example_task_group.py took 0.108 seconds
[2022-08-18 02:58:15,324] {processor.py:153} INFO - Started process (PID=15676) to work on /home/airflow/.local/lib/python3.7/site-packages/airflow/example_dags/example_task_group.py
[2022-08-18 02:58:15,325] {processor.py:641} INFO - Processing file /home/airflow/.local/lib/python3.7/site-packages/airflow/example_dags/example_task_group.py for tasks to queue
[2022-08-18 02:58:15,326] {logging_mixin.py:115} INFO - [2022-08-18 02:58:15,326] {dagbag.py:508} INFO - Filling up the DagBag from /home/airflow/.local/lib/python3.7/site-packages/airflow/example_dags/example_task_group.py
[2022-08-18 02:58:15,338] {processor.py:651} INFO - DAG(s) dict_keys(['example_task_group']) retrieved from /home/airflow/.local/lib/python3.7/site-packages/airflow/example_dags/example_task_group.py
[2022-08-18 02:58:15,378] {logging_mixin.py:115} INFO - [2022-08-18 02:58:15,378] {dag.py:2420} INFO - Sync 1 DAGs
[2022-08-18 02:58:15,407] {logging_mixin.py:115} INFO - [2022-08-18 02:58:15,407] {dag.py:2972} INFO - Setting next_dagrun for example_task_group to 2022-08-17T02:58:15.407051+00:00, run_after=2022-08-18T02:58:15.407051+00:00
[2022-08-18 02:58:15,428] {processor.py:161} INFO - Processing /home/airflow/.local/lib/python3.7/site-packages/airflow/example_dags/example_task_group.py took 0.108 seconds
[2022-08-18 02:58:45,740] {processor.py:153} INFO - Started process (PID=15871) to work on /home/airflow/.local/lib/python3.7/site-packages/airflow/example_dags/example_task_group.py
[2022-08-18 02:58:45,741] {processor.py:641} INFO - Processing file /home/airflow/.local/lib/python3.7/site-packages/airflow/example_dags/example_task_group.py for tasks to queue
[2022-08-18 02:58:45,742] {logging_mixin.py:115} INFO - [2022-08-18 02:58:45,742] {dagbag.py:508} INFO - Filling up the DagBag from /home/airflow/.local/lib/python3.7/site-packages/airflow/example_dags/example_task_group.py
[2022-08-18 02:58:45,750] {processor.py:651} INFO - DAG(s) dict_keys(['example_task_group']) retrieved from /home/airflow/.local/lib/python3.7/site-packages/airflow/example_dags/example_task_group.py
[2022-08-18 02:58:45,783] {logging_mixin.py:115} INFO - [2022-08-18 02:58:45,783] {dag.py:2420} INFO - Sync 1 DAGs
[2022-08-18 02:58:45,813] {logging_mixin.py:115} INFO - [2022-08-18 02:58:45,812] {dag.py:2972} INFO - Setting next_dagrun for example_task_group to 2022-08-17T02:58:45.812623+00:00, run_after=2022-08-18T02:58:45.812623+00:00
[2022-08-18 02:58:45,831] {processor.py:161} INFO - Processing /home/airflow/.local/lib/python3.7/site-packages/airflow/example_dags/example_task_group.py took 0.094 seconds
[2022-08-18 02:59:16,023] {processor.py:153} INFO - Started process (PID=16074) to work on /home/airflow/.local/lib/python3.7/site-packages/airflow/example_dags/example_task_group.py
[2022-08-18 02:59:16,025] {processor.py:641} INFO - Processing file /home/airflow/.local/lib/python3.7/site-packages/airflow/example_dags/example_task_group.py for tasks to queue
[2022-08-18 02:59:16,026] {logging_mixin.py:115} INFO - [2022-08-18 02:59:16,026] {dagbag.py:508} INFO - Filling up the DagBag from /home/airflow/.local/lib/python3.7/site-packages/airflow/example_dags/example_task_group.py
[2022-08-18 02:59:16,037] {processor.py:651} INFO - DAG(s) dict_keys(['example_task_group']) retrieved from /home/airflow/.local/lib/python3.7/site-packages/airflow/example_dags/example_task_group.py
[2022-08-18 02:59:16,086] {logging_mixin.py:115} INFO - [2022-08-18 02:59:16,085] {dag.py:2420} INFO - Sync 1 DAGs
[2022-08-18 02:59:16,128] {logging_mixin.py:115} INFO - [2022-08-18 02:59:16,128] {dag.py:2972} INFO - Setting next_dagrun for example_task_group to 2022-08-17T02:59:16.127926+00:00, run_after=2022-08-18T02:59:16.127926+00:00
[2022-08-18 02:59:16,155] {processor.py:161} INFO - Processing /home/airflow/.local/lib/python3.7/site-packages/airflow/example_dags/example_task_group.py took 0.136 seconds
[2022-08-18 02:59:46,415] {processor.py:153} INFO - Started process (PID=16268) to work on /home/airflow/.local/lib/python3.7/site-packages/airflow/example_dags/example_task_group.py
[2022-08-18 02:59:46,416] {processor.py:641} INFO - Processing file /home/airflow/.local/lib/python3.7/site-packages/airflow/example_dags/example_task_group.py for tasks to queue
[2022-08-18 02:59:46,417] {logging_mixin.py:115} INFO - [2022-08-18 02:59:46,417] {dagbag.py:508} INFO - Filling up the DagBag from /home/airflow/.local/lib/python3.7/site-packages/airflow/example_dags/example_task_group.py
[2022-08-18 02:59:46,426] {processor.py:651} INFO - DAG(s) dict_keys(['example_task_group']) retrieved from /home/airflow/.local/lib/python3.7/site-packages/airflow/example_dags/example_task_group.py
[2022-08-18 02:59:46,463] {logging_mixin.py:115} INFO - [2022-08-18 02:59:46,463] {dag.py:2420} INFO - Sync 1 DAGs
[2022-08-18 02:59:46,499] {logging_mixin.py:115} INFO - [2022-08-18 02:59:46,499] {dag.py:2972} INFO - Setting next_dagrun for example_task_group to 2022-08-17T02:59:46.498924+00:00, run_after=2022-08-18T02:59:46.498924+00:00
[2022-08-18 02:59:46,523] {processor.py:161} INFO - Processing /home/airflow/.local/lib/python3.7/site-packages/airflow/example_dags/example_task_group.py took 0.111 seconds
[2022-08-18 03:00:16,610] {processor.py:153} INFO - Started process (PID=16471) to work on /home/airflow/.local/lib/python3.7/site-packages/airflow/example_dags/example_task_group.py
[2022-08-18 03:00:16,611] {processor.py:641} INFO - Processing file /home/airflow/.local/lib/python3.7/site-packages/airflow/example_dags/example_task_group.py for tasks to queue
[2022-08-18 03:00:16,612] {logging_mixin.py:115} INFO - [2022-08-18 03:00:16,612] {dagbag.py:508} INFO - Filling up the DagBag from /home/airflow/.local/lib/python3.7/site-packages/airflow/example_dags/example_task_group.py
[2022-08-18 03:00:16,622] {processor.py:651} INFO - DAG(s) dict_keys(['example_task_group']) retrieved from /home/airflow/.local/lib/python3.7/site-packages/airflow/example_dags/example_task_group.py
[2022-08-18 03:00:16,659] {logging_mixin.py:115} INFO - [2022-08-18 03:00:16,659] {dag.py:2420} INFO - Sync 1 DAGs
[2022-08-18 03:00:16,686] {logging_mixin.py:115} INFO - [2022-08-18 03:00:16,686] {dag.py:2972} INFO - Setting next_dagrun for example_task_group to 2022-08-17T03:00:16.685773+00:00, run_after=2022-08-18T03:00:16.685773+00:00
[2022-08-18 03:00:16,714] {processor.py:161} INFO - Processing /home/airflow/.local/lib/python3.7/site-packages/airflow/example_dags/example_task_group.py took 0.107 seconds
[2022-08-18 03:00:46,824] {processor.py:153} INFO - Started process (PID=16665) to work on /home/airflow/.local/lib/python3.7/site-packages/airflow/example_dags/example_task_group.py
[2022-08-18 03:00:46,825] {processor.py:641} INFO - Processing file /home/airflow/.local/lib/python3.7/site-packages/airflow/example_dags/example_task_group.py for tasks to queue
[2022-08-18 03:00:46,826] {logging_mixin.py:115} INFO - [2022-08-18 03:00:46,826] {dagbag.py:508} INFO - Filling up the DagBag from /home/airflow/.local/lib/python3.7/site-packages/airflow/example_dags/example_task_group.py
[2022-08-18 03:00:46,835] {processor.py:651} INFO - DAG(s) dict_keys(['example_task_group']) retrieved from /home/airflow/.local/lib/python3.7/site-packages/airflow/example_dags/example_task_group.py
[2022-08-18 03:00:46,870] {logging_mixin.py:115} INFO - [2022-08-18 03:00:46,870] {dag.py:2420} INFO - Sync 1 DAGs
[2022-08-18 03:00:46,899] {logging_mixin.py:115} INFO - [2022-08-18 03:00:46,899] {dag.py:2972} INFO - Setting next_dagrun for example_task_group to 2022-08-17T03:00:46.898734+00:00, run_after=2022-08-18T03:00:46.898734+00:00
[2022-08-18 03:00:46,918] {processor.py:161} INFO - Processing /home/airflow/.local/lib/python3.7/site-packages/airflow/example_dags/example_task_group.py took 0.098 seconds
[2022-08-18 03:01:17,149] {processor.py:153} INFO - Started process (PID=16869) to work on /home/airflow/.local/lib/python3.7/site-packages/airflow/example_dags/example_task_group.py
[2022-08-18 03:01:17,150] {processor.py:641} INFO - Processing file /home/airflow/.local/lib/python3.7/site-packages/airflow/example_dags/example_task_group.py for tasks to queue
[2022-08-18 03:01:17,151] {logging_mixin.py:115} INFO - [2022-08-18 03:01:17,151] {dagbag.py:508} INFO - Filling up the DagBag from /home/airflow/.local/lib/python3.7/site-packages/airflow/example_dags/example_task_group.py
[2022-08-18 03:01:17,158] {processor.py:651} INFO - DAG(s) dict_keys(['example_task_group']) retrieved from /home/airflow/.local/lib/python3.7/site-packages/airflow/example_dags/example_task_group.py
[2022-08-18 03:01:17,189] {logging_mixin.py:115} INFO - [2022-08-18 03:01:17,189] {dag.py:2420} INFO - Sync 1 DAGs
[2022-08-18 03:01:17,217] {logging_mixin.py:115} INFO - [2022-08-18 03:01:17,217] {dag.py:2972} INFO - Setting next_dagrun for example_task_group to 2022-08-17T03:01:17.216930+00:00, run_after=2022-08-18T03:01:17.216930+00:00
[2022-08-18 03:01:17,246] {processor.py:161} INFO - Processing /home/airflow/.local/lib/python3.7/site-packages/airflow/example_dags/example_task_group.py took 0.100 seconds
[2022-08-18 03:01:47,702] {processor.py:153} INFO - Started process (PID=17063) to work on /home/airflow/.local/lib/python3.7/site-packages/airflow/example_dags/example_task_group.py
[2022-08-18 03:01:47,703] {processor.py:641} INFO - Processing file /home/airflow/.local/lib/python3.7/site-packages/airflow/example_dags/example_task_group.py for tasks to queue
[2022-08-18 03:01:47,704] {logging_mixin.py:115} INFO - [2022-08-18 03:01:47,704] {dagbag.py:508} INFO - Filling up the DagBag from /home/airflow/.local/lib/python3.7/site-packages/airflow/example_dags/example_task_group.py
[2022-08-18 03:01:47,709] {processor.py:651} INFO - DAG(s) dict_keys(['example_task_group']) retrieved from /home/airflow/.local/lib/python3.7/site-packages/airflow/example_dags/example_task_group.py
[2022-08-18 03:01:47,734] {logging_mixin.py:115} INFO - [2022-08-18 03:01:47,733] {dag.py:2420} INFO - Sync 1 DAGs
[2022-08-18 03:01:47,754] {logging_mixin.py:115} INFO - [2022-08-18 03:01:47,754] {dag.py:2972} INFO - Setting next_dagrun for example_task_group to 2022-08-17T03:01:47.754157+00:00, run_after=2022-08-18T03:01:47.754157+00:00
[2022-08-18 03:01:47,767] {processor.py:161} INFO - Processing /home/airflow/.local/lib/python3.7/site-packages/airflow/example_dags/example_task_group.py took 0.068 seconds
