[2022-08-18 02:38:29,733] {processor.py:153} INFO - Started process (PID=7997) to work on /home/airflow/.local/lib/python3.7/site-packages/airflow/example_dags/example_bash_operator.py
[2022-08-18 02:38:29,734] {processor.py:641} INFO - Processing file /home/airflow/.local/lib/python3.7/site-packages/airflow/example_dags/example_bash_operator.py for tasks to queue
[2022-08-18 02:38:29,737] {logging_mixin.py:115} INFO - [2022-08-18 02:38:29,737] {dagbag.py:508} INFO - Filling up the DagBag from /home/airflow/.local/lib/python3.7/site-packages/airflow/example_dags/example_bash_operator.py
[2022-08-18 02:38:29,778] {processor.py:651} INFO - DAG(s) dict_keys(['example_bash_operator']) retrieved from /home/airflow/.local/lib/python3.7/site-packages/airflow/example_dags/example_bash_operator.py
[2022-08-18 02:38:29,856] {logging_mixin.py:115} INFO - [2022-08-18 02:38:29,856] {dag.py:2420} INFO - Sync 1 DAGs
[2022-08-18 02:38:29,945] {logging_mixin.py:115} INFO - [2022-08-18 02:38:29,944] {dag.py:2972} INFO - Setting next_dagrun for example_bash_operator to 2022-08-17T00:00:00+00:00, run_after=2022-08-18T00:00:00+00:00
[2022-08-18 02:38:29,984] {processor.py:161} INFO - Processing /home/airflow/.local/lib/python3.7/site-packages/airflow/example_dags/example_bash_operator.py took 0.256 seconds
[2022-08-18 02:39:00,229] {processor.py:153} INFO - Started process (PID=8208) to work on /home/airflow/.local/lib/python3.7/site-packages/airflow/example_dags/example_bash_operator.py
[2022-08-18 02:39:00,230] {processor.py:641} INFO - Processing file /home/airflow/.local/lib/python3.7/site-packages/airflow/example_dags/example_bash_operator.py for tasks to queue
[2022-08-18 02:39:00,231] {logging_mixin.py:115} INFO - [2022-08-18 02:39:00,231] {dagbag.py:508} INFO - Filling up the DagBag from /home/airflow/.local/lib/python3.7/site-packages/airflow/example_dags/example_bash_operator.py
[2022-08-18 02:39:00,244] {processor.py:651} INFO - DAG(s) dict_keys(['example_bash_operator']) retrieved from /home/airflow/.local/lib/python3.7/site-packages/airflow/example_dags/example_bash_operator.py
[2022-08-18 02:39:00,272] {logging_mixin.py:115} INFO - [2022-08-18 02:39:00,271] {dag.py:2420} INFO - Sync 1 DAGs
[2022-08-18 02:39:00,296] {logging_mixin.py:115} INFO - [2022-08-18 02:39:00,296] {dag.py:2972} INFO - Setting next_dagrun for example_bash_operator to 2022-08-17T00:00:00+00:00, run_after=2022-08-18T00:00:00+00:00
[2022-08-18 02:39:00,313] {processor.py:161} INFO - Processing /home/airflow/.local/lib/python3.7/site-packages/airflow/example_dags/example_bash_operator.py took 0.086 seconds
[2022-08-18 02:39:30,920] {processor.py:153} INFO - Started process (PID=8412) to work on /home/airflow/.local/lib/python3.7/site-packages/airflow/example_dags/example_bash_operator.py
[2022-08-18 02:39:30,921] {processor.py:641} INFO - Processing file /home/airflow/.local/lib/python3.7/site-packages/airflow/example_dags/example_bash_operator.py for tasks to queue
[2022-08-18 02:39:30,922] {logging_mixin.py:115} INFO - [2022-08-18 02:39:30,922] {dagbag.py:508} INFO - Filling up the DagBag from /home/airflow/.local/lib/python3.7/site-packages/airflow/example_dags/example_bash_operator.py
[2022-08-18 02:39:30,935] {processor.py:651} INFO - DAG(s) dict_keys(['example_bash_operator']) retrieved from /home/airflow/.local/lib/python3.7/site-packages/airflow/example_dags/example_bash_operator.py
[2022-08-18 02:39:30,968] {logging_mixin.py:115} INFO - [2022-08-18 02:39:30,968] {dag.py:2420} INFO - Sync 1 DAGs
[2022-08-18 02:39:30,995] {logging_mixin.py:115} INFO - [2022-08-18 02:39:30,995] {dag.py:2972} INFO - Setting next_dagrun for example_bash_operator to 2022-08-17T00:00:00+00:00, run_after=2022-08-18T00:00:00+00:00
[2022-08-18 02:39:31,010] {processor.py:161} INFO - Processing /home/airflow/.local/lib/python3.7/site-packages/airflow/example_dags/example_bash_operator.py took 0.093 seconds
[2022-08-18 02:40:01,738] {processor.py:153} INFO - Started process (PID=8608) to work on /home/airflow/.local/lib/python3.7/site-packages/airflow/example_dags/example_bash_operator.py
[2022-08-18 02:40:01,739] {processor.py:641} INFO - Processing file /home/airflow/.local/lib/python3.7/site-packages/airflow/example_dags/example_bash_operator.py for tasks to queue
[2022-08-18 02:40:01,740] {logging_mixin.py:115} INFO - [2022-08-18 02:40:01,740] {dagbag.py:508} INFO - Filling up the DagBag from /home/airflow/.local/lib/python3.7/site-packages/airflow/example_dags/example_bash_operator.py
[2022-08-18 02:40:01,754] {processor.py:651} INFO - DAG(s) dict_keys(['example_bash_operator']) retrieved from /home/airflow/.local/lib/python3.7/site-packages/airflow/example_dags/example_bash_operator.py
[2022-08-18 02:40:01,786] {logging_mixin.py:115} INFO - [2022-08-18 02:40:01,785] {dag.py:2420} INFO - Sync 1 DAGs
[2022-08-18 02:40:01,818] {logging_mixin.py:115} INFO - [2022-08-18 02:40:01,818] {dag.py:2972} INFO - Setting next_dagrun for example_bash_operator to 2022-08-17T00:00:00+00:00, run_after=2022-08-18T00:00:00+00:00
[2022-08-18 02:40:01,844] {processor.py:161} INFO - Processing /home/airflow/.local/lib/python3.7/site-packages/airflow/example_dags/example_bash_operator.py took 0.110 seconds
[2022-08-18 02:40:32,002] {processor.py:153} INFO - Started process (PID=8814) to work on /home/airflow/.local/lib/python3.7/site-packages/airflow/example_dags/example_bash_operator.py
[2022-08-18 02:40:32,003] {processor.py:641} INFO - Processing file /home/airflow/.local/lib/python3.7/site-packages/airflow/example_dags/example_bash_operator.py for tasks to queue
[2022-08-18 02:40:32,004] {logging_mixin.py:115} INFO - [2022-08-18 02:40:32,003] {dagbag.py:508} INFO - Filling up the DagBag from /home/airflow/.local/lib/python3.7/site-packages/airflow/example_dags/example_bash_operator.py
[2022-08-18 02:40:32,020] {processor.py:651} INFO - DAG(s) dict_keys(['example_bash_operator']) retrieved from /home/airflow/.local/lib/python3.7/site-packages/airflow/example_dags/example_bash_operator.py
[2022-08-18 02:40:32,053] {logging_mixin.py:115} INFO - [2022-08-18 02:40:32,053] {dag.py:2420} INFO - Sync 1 DAGs
[2022-08-18 02:40:32,084] {logging_mixin.py:115} INFO - [2022-08-18 02:40:32,084] {dag.py:2972} INFO - Setting next_dagrun for example_bash_operator to 2022-08-17T00:00:00+00:00, run_after=2022-08-18T00:00:00+00:00
[2022-08-18 02:40:32,102] {processor.py:161} INFO - Processing /home/airflow/.local/lib/python3.7/site-packages/airflow/example_dags/example_bash_operator.py took 0.105 seconds
[2022-08-18 02:41:02,759] {processor.py:153} INFO - Started process (PID=9006) to work on /home/airflow/.local/lib/python3.7/site-packages/airflow/example_dags/example_bash_operator.py
[2022-08-18 02:41:02,760] {processor.py:641} INFO - Processing file /home/airflow/.local/lib/python3.7/site-packages/airflow/example_dags/example_bash_operator.py for tasks to queue
[2022-08-18 02:41:02,761] {logging_mixin.py:115} INFO - [2022-08-18 02:41:02,761] {dagbag.py:508} INFO - Filling up the DagBag from /home/airflow/.local/lib/python3.7/site-packages/airflow/example_dags/example_bash_operator.py
[2022-08-18 02:41:02,777] {processor.py:651} INFO - DAG(s) dict_keys(['example_bash_operator']) retrieved from /home/airflow/.local/lib/python3.7/site-packages/airflow/example_dags/example_bash_operator.py
[2022-08-18 02:41:02,814] {logging_mixin.py:115} INFO - [2022-08-18 02:41:02,813] {dag.py:2420} INFO - Sync 1 DAGs
[2022-08-18 02:41:02,853] {logging_mixin.py:115} INFO - [2022-08-18 02:41:02,853] {dag.py:2972} INFO - Setting next_dagrun for example_bash_operator to 2022-08-17T00:00:00+00:00, run_after=2022-08-18T00:00:00+00:00
[2022-08-18 02:41:02,870] {processor.py:161} INFO - Processing /home/airflow/.local/lib/python3.7/site-packages/airflow/example_dags/example_bash_operator.py took 0.115 seconds
[2022-08-18 02:41:33,853] {processor.py:153} INFO - Started process (PID=9210) to work on /home/airflow/.local/lib/python3.7/site-packages/airflow/example_dags/example_bash_operator.py
[2022-08-18 02:41:33,854] {processor.py:641} INFO - Processing file /home/airflow/.local/lib/python3.7/site-packages/airflow/example_dags/example_bash_operator.py for tasks to queue
[2022-08-18 02:41:33,856] {logging_mixin.py:115} INFO - [2022-08-18 02:41:33,855] {dagbag.py:508} INFO - Filling up the DagBag from /home/airflow/.local/lib/python3.7/site-packages/airflow/example_dags/example_bash_operator.py
[2022-08-18 02:41:33,872] {processor.py:651} INFO - DAG(s) dict_keys(['example_bash_operator']) retrieved from /home/airflow/.local/lib/python3.7/site-packages/airflow/example_dags/example_bash_operator.py
[2022-08-18 02:41:33,909] {logging_mixin.py:115} INFO - [2022-08-18 02:41:33,909] {dag.py:2420} INFO - Sync 1 DAGs
[2022-08-18 02:41:33,943] {logging_mixin.py:115} INFO - [2022-08-18 02:41:33,943] {dag.py:2972} INFO - Setting next_dagrun for example_bash_operator to 2022-08-17T00:00:00+00:00, run_after=2022-08-18T00:00:00+00:00
[2022-08-18 02:41:33,968] {processor.py:161} INFO - Processing /home/airflow/.local/lib/python3.7/site-packages/airflow/example_dags/example_bash_operator.py took 0.119 seconds
[2022-08-18 02:42:04,537] {processor.py:153} INFO - Started process (PID=9404) to work on /home/airflow/.local/lib/python3.7/site-packages/airflow/example_dags/example_bash_operator.py
[2022-08-18 02:42:04,538] {processor.py:641} INFO - Processing file /home/airflow/.local/lib/python3.7/site-packages/airflow/example_dags/example_bash_operator.py for tasks to queue
[2022-08-18 02:42:04,539] {logging_mixin.py:115} INFO - [2022-08-18 02:42:04,539] {dagbag.py:508} INFO - Filling up the DagBag from /home/airflow/.local/lib/python3.7/site-packages/airflow/example_dags/example_bash_operator.py
[2022-08-18 02:42:04,553] {processor.py:651} INFO - DAG(s) dict_keys(['example_bash_operator']) retrieved from /home/airflow/.local/lib/python3.7/site-packages/airflow/example_dags/example_bash_operator.py
[2022-08-18 02:42:04,591] {logging_mixin.py:115} INFO - [2022-08-18 02:42:04,591] {dag.py:2420} INFO - Sync 1 DAGs
[2022-08-18 02:42:04,627] {logging_mixin.py:115} INFO - [2022-08-18 02:42:04,626] {dag.py:2972} INFO - Setting next_dagrun for example_bash_operator to 2022-08-17T00:00:00+00:00, run_after=2022-08-18T00:00:00+00:00
[2022-08-18 02:42:04,655] {processor.py:161} INFO - Processing /home/airflow/.local/lib/python3.7/site-packages/airflow/example_dags/example_bash_operator.py took 0.123 seconds
[2022-08-18 02:42:34,854] {processor.py:153} INFO - Started process (PID=9607) to work on /home/airflow/.local/lib/python3.7/site-packages/airflow/example_dags/example_bash_operator.py
[2022-08-18 02:42:34,855] {processor.py:641} INFO - Processing file /home/airflow/.local/lib/python3.7/site-packages/airflow/example_dags/example_bash_operator.py for tasks to queue
[2022-08-18 02:42:34,856] {logging_mixin.py:115} INFO - [2022-08-18 02:42:34,856] {dagbag.py:508} INFO - Filling up the DagBag from /home/airflow/.local/lib/python3.7/site-packages/airflow/example_dags/example_bash_operator.py
[2022-08-18 02:42:34,875] {processor.py:651} INFO - DAG(s) dict_keys(['example_bash_operator']) retrieved from /home/airflow/.local/lib/python3.7/site-packages/airflow/example_dags/example_bash_operator.py
[2022-08-18 02:42:34,912] {logging_mixin.py:115} INFO - [2022-08-18 02:42:34,912] {dag.py:2420} INFO - Sync 1 DAGs
[2022-08-18 02:42:34,982] {logging_mixin.py:115} INFO - [2022-08-18 02:42:34,982] {dag.py:2972} INFO - Setting next_dagrun for example_bash_operator to 2022-08-17T00:00:00+00:00, run_after=2022-08-18T00:00:00+00:00
[2022-08-18 02:42:35,008] {processor.py:161} INFO - Processing /home/airflow/.local/lib/python3.7/site-packages/airflow/example_dags/example_bash_operator.py took 0.157 seconds
[2022-08-18 02:43:05,400] {processor.py:153} INFO - Started process (PID=9801) to work on /home/airflow/.local/lib/python3.7/site-packages/airflow/example_dags/example_bash_operator.py
[2022-08-18 02:43:05,401] {processor.py:641} INFO - Processing file /home/airflow/.local/lib/python3.7/site-packages/airflow/example_dags/example_bash_operator.py for tasks to queue
[2022-08-18 02:43:05,402] {logging_mixin.py:115} INFO - [2022-08-18 02:43:05,402] {dagbag.py:508} INFO - Filling up the DagBag from /home/airflow/.local/lib/python3.7/site-packages/airflow/example_dags/example_bash_operator.py
[2022-08-18 02:43:05,417] {processor.py:651} INFO - DAG(s) dict_keys(['example_bash_operator']) retrieved from /home/airflow/.local/lib/python3.7/site-packages/airflow/example_dags/example_bash_operator.py
[2022-08-18 02:43:05,452] {logging_mixin.py:115} INFO - [2022-08-18 02:43:05,451] {dag.py:2420} INFO - Sync 1 DAGs
[2022-08-18 02:43:05,482] {logging_mixin.py:115} INFO - [2022-08-18 02:43:05,482] {dag.py:2972} INFO - Setting next_dagrun for example_bash_operator to 2022-08-17T00:00:00+00:00, run_after=2022-08-18T00:00:00+00:00
[2022-08-18 02:43:05,499] {processor.py:161} INFO - Processing /home/airflow/.local/lib/python3.7/site-packages/airflow/example_dags/example_bash_operator.py took 0.103 seconds
[2022-08-18 02:43:36,134] {processor.py:153} INFO - Started process (PID=10004) to work on /home/airflow/.local/lib/python3.7/site-packages/airflow/example_dags/example_bash_operator.py
[2022-08-18 02:43:36,135] {processor.py:641} INFO - Processing file /home/airflow/.local/lib/python3.7/site-packages/airflow/example_dags/example_bash_operator.py for tasks to queue
[2022-08-18 02:43:36,136] {logging_mixin.py:115} INFO - [2022-08-18 02:43:36,136] {dagbag.py:508} INFO - Filling up the DagBag from /home/airflow/.local/lib/python3.7/site-packages/airflow/example_dags/example_bash_operator.py
[2022-08-18 02:43:36,148] {processor.py:651} INFO - DAG(s) dict_keys(['example_bash_operator']) retrieved from /home/airflow/.local/lib/python3.7/site-packages/airflow/example_dags/example_bash_operator.py
[2022-08-18 02:43:36,177] {logging_mixin.py:115} INFO - [2022-08-18 02:43:36,177] {dag.py:2420} INFO - Sync 1 DAGs
[2022-08-18 02:43:36,206] {logging_mixin.py:115} INFO - [2022-08-18 02:43:36,206] {dag.py:2972} INFO - Setting next_dagrun for example_bash_operator to 2022-08-17T00:00:00+00:00, run_after=2022-08-18T00:00:00+00:00
[2022-08-18 02:43:36,231] {processor.py:161} INFO - Processing /home/airflow/.local/lib/python3.7/site-packages/airflow/example_dags/example_bash_operator.py took 0.099 seconds
[2022-08-18 02:44:07,003] {processor.py:153} INFO - Started process (PID=10198) to work on /home/airflow/.local/lib/python3.7/site-packages/airflow/example_dags/example_bash_operator.py
[2022-08-18 02:44:07,004] {processor.py:641} INFO - Processing file /home/airflow/.local/lib/python3.7/site-packages/airflow/example_dags/example_bash_operator.py for tasks to queue
[2022-08-18 02:44:07,006] {logging_mixin.py:115} INFO - [2022-08-18 02:44:07,005] {dagbag.py:508} INFO - Filling up the DagBag from /home/airflow/.local/lib/python3.7/site-packages/airflow/example_dags/example_bash_operator.py
[2022-08-18 02:44:07,023] {processor.py:651} INFO - DAG(s) dict_keys(['example_bash_operator']) retrieved from /home/airflow/.local/lib/python3.7/site-packages/airflow/example_dags/example_bash_operator.py
[2022-08-18 02:44:07,068] {logging_mixin.py:115} INFO - [2022-08-18 02:44:07,068] {dag.py:2420} INFO - Sync 1 DAGs
[2022-08-18 02:44:07,117] {logging_mixin.py:115} INFO - [2022-08-18 02:44:07,117] {dag.py:2972} INFO - Setting next_dagrun for example_bash_operator to 2022-08-17T00:00:00+00:00, run_after=2022-08-18T00:00:00+00:00
[2022-08-18 02:44:07,137] {processor.py:161} INFO - Processing /home/airflow/.local/lib/python3.7/site-packages/airflow/example_dags/example_bash_operator.py took 0.139 seconds
[2022-08-18 02:44:38,248] {processor.py:153} INFO - Started process (PID=10401) to work on /home/airflow/.local/lib/python3.7/site-packages/airflow/example_dags/example_bash_operator.py
[2022-08-18 02:44:38,249] {processor.py:641} INFO - Processing file /home/airflow/.local/lib/python3.7/site-packages/airflow/example_dags/example_bash_operator.py for tasks to queue
[2022-08-18 02:44:38,250] {logging_mixin.py:115} INFO - [2022-08-18 02:44:38,250] {dagbag.py:508} INFO - Filling up the DagBag from /home/airflow/.local/lib/python3.7/site-packages/airflow/example_dags/example_bash_operator.py
[2022-08-18 02:44:38,268] {processor.py:651} INFO - DAG(s) dict_keys(['example_bash_operator']) retrieved from /home/airflow/.local/lib/python3.7/site-packages/airflow/example_dags/example_bash_operator.py
[2022-08-18 02:44:38,302] {logging_mixin.py:115} INFO - [2022-08-18 02:44:38,302] {dag.py:2420} INFO - Sync 1 DAGs
[2022-08-18 02:44:38,330] {logging_mixin.py:115} INFO - [2022-08-18 02:44:38,330] {dag.py:2972} INFO - Setting next_dagrun for example_bash_operator to 2022-08-17T00:00:00+00:00, run_after=2022-08-18T00:00:00+00:00
[2022-08-18 02:44:38,346] {processor.py:161} INFO - Processing /home/airflow/.local/lib/python3.7/site-packages/airflow/example_dags/example_bash_operator.py took 0.101 seconds
[2022-08-18 02:45:09,348] {processor.py:153} INFO - Started process (PID=10605) to work on /home/airflow/.local/lib/python3.7/site-packages/airflow/example_dags/example_bash_operator.py
[2022-08-18 02:45:09,349] {processor.py:641} INFO - Processing file /home/airflow/.local/lib/python3.7/site-packages/airflow/example_dags/example_bash_operator.py for tasks to queue
[2022-08-18 02:45:09,350] {logging_mixin.py:115} INFO - [2022-08-18 02:45:09,349] {dagbag.py:508} INFO - Filling up the DagBag from /home/airflow/.local/lib/python3.7/site-packages/airflow/example_dags/example_bash_operator.py
[2022-08-18 02:45:09,366] {processor.py:651} INFO - DAG(s) dict_keys(['example_bash_operator']) retrieved from /home/airflow/.local/lib/python3.7/site-packages/airflow/example_dags/example_bash_operator.py
[2022-08-18 02:45:09,403] {logging_mixin.py:115} INFO - [2022-08-18 02:45:09,403] {dag.py:2420} INFO - Sync 1 DAGs
[2022-08-18 02:45:09,438] {logging_mixin.py:115} INFO - [2022-08-18 02:45:09,438] {dag.py:2972} INFO - Setting next_dagrun for example_bash_operator to 2022-08-17T00:00:00+00:00, run_after=2022-08-18T00:00:00+00:00
[2022-08-18 02:45:09,458] {processor.py:161} INFO - Processing /home/airflow/.local/lib/python3.7/site-packages/airflow/example_dags/example_bash_operator.py took 0.114 seconds
[2022-08-18 02:45:39,673] {processor.py:153} INFO - Started process (PID=10798) to work on /home/airflow/.local/lib/python3.7/site-packages/airflow/example_dags/example_bash_operator.py
[2022-08-18 02:45:39,674] {processor.py:641} INFO - Processing file /home/airflow/.local/lib/python3.7/site-packages/airflow/example_dags/example_bash_operator.py for tasks to queue
[2022-08-18 02:45:39,676] {logging_mixin.py:115} INFO - [2022-08-18 02:45:39,675] {dagbag.py:508} INFO - Filling up the DagBag from /home/airflow/.local/lib/python3.7/site-packages/airflow/example_dags/example_bash_operator.py
[2022-08-18 02:45:39,692] {processor.py:651} INFO - DAG(s) dict_keys(['example_bash_operator']) retrieved from /home/airflow/.local/lib/python3.7/site-packages/airflow/example_dags/example_bash_operator.py
[2022-08-18 02:45:39,727] {logging_mixin.py:115} INFO - [2022-08-18 02:45:39,727] {dag.py:2420} INFO - Sync 1 DAGs
[2022-08-18 02:45:39,761] {logging_mixin.py:115} INFO - [2022-08-18 02:45:39,761] {dag.py:2972} INFO - Setting next_dagrun for example_bash_operator to 2022-08-17T00:00:00+00:00, run_after=2022-08-18T00:00:00+00:00
[2022-08-18 02:45:39,782] {processor.py:161} INFO - Processing /home/airflow/.local/lib/python3.7/site-packages/airflow/example_dags/example_bash_operator.py took 0.114 seconds
[2022-08-18 02:46:09,868] {processor.py:153} INFO - Started process (PID=10995) to work on /home/airflow/.local/lib/python3.7/site-packages/airflow/example_dags/example_bash_operator.py
[2022-08-18 02:46:09,870] {processor.py:641} INFO - Processing file /home/airflow/.local/lib/python3.7/site-packages/airflow/example_dags/example_bash_operator.py for tasks to queue
[2022-08-18 02:46:09,871] {logging_mixin.py:115} INFO - [2022-08-18 02:46:09,870] {dagbag.py:508} INFO - Filling up the DagBag from /home/airflow/.local/lib/python3.7/site-packages/airflow/example_dags/example_bash_operator.py
[2022-08-18 02:46:09,890] {processor.py:651} INFO - DAG(s) dict_keys(['example_bash_operator']) retrieved from /home/airflow/.local/lib/python3.7/site-packages/airflow/example_dags/example_bash_operator.py
[2022-08-18 02:46:09,926] {logging_mixin.py:115} INFO - [2022-08-18 02:46:09,926] {dag.py:2420} INFO - Sync 1 DAGs
[2022-08-18 02:46:09,975] {logging_mixin.py:115} INFO - [2022-08-18 02:46:09,975] {dag.py:2972} INFO - Setting next_dagrun for example_bash_operator to 2022-08-17T00:00:00+00:00, run_after=2022-08-18T00:00:00+00:00
[2022-08-18 02:46:09,994] {processor.py:161} INFO - Processing /home/airflow/.local/lib/python3.7/site-packages/airflow/example_dags/example_bash_operator.py took 0.129 seconds
[2022-08-18 02:46:40,914] {processor.py:153} INFO - Started process (PID=11194) to work on /home/airflow/.local/lib/python3.7/site-packages/airflow/example_dags/example_bash_operator.py
[2022-08-18 02:46:40,915] {processor.py:641} INFO - Processing file /home/airflow/.local/lib/python3.7/site-packages/airflow/example_dags/example_bash_operator.py for tasks to queue
[2022-08-18 02:46:40,915] {logging_mixin.py:115} INFO - [2022-08-18 02:46:40,915] {dagbag.py:508} INFO - Filling up the DagBag from /home/airflow/.local/lib/python3.7/site-packages/airflow/example_dags/example_bash_operator.py
[2022-08-18 02:46:40,936] {processor.py:651} INFO - DAG(s) dict_keys(['example_bash_operator']) retrieved from /home/airflow/.local/lib/python3.7/site-packages/airflow/example_dags/example_bash_operator.py
[2022-08-18 02:46:40,980] {logging_mixin.py:115} INFO - [2022-08-18 02:46:40,980] {dag.py:2420} INFO - Sync 1 DAGs
[2022-08-18 02:46:41,014] {logging_mixin.py:115} INFO - [2022-08-18 02:46:41,014] {dag.py:2972} INFO - Setting next_dagrun for example_bash_operator to 2022-08-17T00:00:00+00:00, run_after=2022-08-18T00:00:00+00:00
[2022-08-18 02:46:41,035] {processor.py:161} INFO - Processing /home/airflow/.local/lib/python3.7/site-packages/airflow/example_dags/example_bash_operator.py took 0.126 seconds
[2022-08-18 02:47:11,721] {processor.py:153} INFO - Started process (PID=11397) to work on /home/airflow/.local/lib/python3.7/site-packages/airflow/example_dags/example_bash_operator.py
[2022-08-18 02:47:11,722] {processor.py:641} INFO - Processing file /home/airflow/.local/lib/python3.7/site-packages/airflow/example_dags/example_bash_operator.py for tasks to queue
[2022-08-18 02:47:11,724] {logging_mixin.py:115} INFO - [2022-08-18 02:47:11,723] {dagbag.py:508} INFO - Filling up the DagBag from /home/airflow/.local/lib/python3.7/site-packages/airflow/example_dags/example_bash_operator.py
[2022-08-18 02:47:11,751] {processor.py:651} INFO - DAG(s) dict_keys(['example_bash_operator']) retrieved from /home/airflow/.local/lib/python3.7/site-packages/airflow/example_dags/example_bash_operator.py
[2022-08-18 02:47:11,789] {logging_mixin.py:115} INFO - [2022-08-18 02:47:11,789] {dag.py:2420} INFO - Sync 1 DAGs
[2022-08-18 02:47:11,827] {logging_mixin.py:115} INFO - [2022-08-18 02:47:11,827] {dag.py:2972} INFO - Setting next_dagrun for example_bash_operator to 2022-08-17T00:00:00+00:00, run_after=2022-08-18T00:00:00+00:00
[2022-08-18 02:47:11,848] {processor.py:161} INFO - Processing /home/airflow/.local/lib/python3.7/site-packages/airflow/example_dags/example_bash_operator.py took 0.135 seconds
[2022-08-18 02:47:42,646] {processor.py:153} INFO - Started process (PID=11591) to work on /home/airflow/.local/lib/python3.7/site-packages/airflow/example_dags/example_bash_operator.py
[2022-08-18 02:47:42,647] {processor.py:641} INFO - Processing file /home/airflow/.local/lib/python3.7/site-packages/airflow/example_dags/example_bash_operator.py for tasks to queue
[2022-08-18 02:47:42,648] {logging_mixin.py:115} INFO - [2022-08-18 02:47:42,648] {dagbag.py:508} INFO - Filling up the DagBag from /home/airflow/.local/lib/python3.7/site-packages/airflow/example_dags/example_bash_operator.py
[2022-08-18 02:47:42,663] {processor.py:651} INFO - DAG(s) dict_keys(['example_bash_operator']) retrieved from /home/airflow/.local/lib/python3.7/site-packages/airflow/example_dags/example_bash_operator.py
[2022-08-18 02:47:42,700] {logging_mixin.py:115} INFO - [2022-08-18 02:47:42,700] {dag.py:2420} INFO - Sync 1 DAGs
[2022-08-18 02:47:42,735] {logging_mixin.py:115} INFO - [2022-08-18 02:47:42,735] {dag.py:2972} INFO - Setting next_dagrun for example_bash_operator to 2022-08-17T00:00:00+00:00, run_after=2022-08-18T00:00:00+00:00
[2022-08-18 02:47:42,752] {processor.py:161} INFO - Processing /home/airflow/.local/lib/python3.7/site-packages/airflow/example_dags/example_bash_operator.py took 0.110 seconds
[2022-08-18 02:48:13,546] {processor.py:153} INFO - Started process (PID=11794) to work on /home/airflow/.local/lib/python3.7/site-packages/airflow/example_dags/example_bash_operator.py
[2022-08-18 02:48:13,548] {processor.py:641} INFO - Processing file /home/airflow/.local/lib/python3.7/site-packages/airflow/example_dags/example_bash_operator.py for tasks to queue
[2022-08-18 02:48:13,549] {logging_mixin.py:115} INFO - [2022-08-18 02:48:13,549] {dagbag.py:508} INFO - Filling up the DagBag from /home/airflow/.local/lib/python3.7/site-packages/airflow/example_dags/example_bash_operator.py
[2022-08-18 02:48:13,572] {processor.py:651} INFO - DAG(s) dict_keys(['example_bash_operator']) retrieved from /home/airflow/.local/lib/python3.7/site-packages/airflow/example_dags/example_bash_operator.py
[2022-08-18 02:48:13,611] {logging_mixin.py:115} INFO - [2022-08-18 02:48:13,611] {dag.py:2420} INFO - Sync 1 DAGs
[2022-08-18 02:48:13,649] {logging_mixin.py:115} INFO - [2022-08-18 02:48:13,648] {dag.py:2972} INFO - Setting next_dagrun for example_bash_operator to 2022-08-17T00:00:00+00:00, run_after=2022-08-18T00:00:00+00:00
[2022-08-18 02:48:13,666] {processor.py:161} INFO - Processing /home/airflow/.local/lib/python3.7/site-packages/airflow/example_dags/example_bash_operator.py took 0.127 seconds
[2022-08-18 02:48:43,796] {processor.py:153} INFO - Started process (PID=11985) to work on /home/airflow/.local/lib/python3.7/site-packages/airflow/example_dags/example_bash_operator.py
[2022-08-18 02:48:43,797] {processor.py:641} INFO - Processing file /home/airflow/.local/lib/python3.7/site-packages/airflow/example_dags/example_bash_operator.py for tasks to queue
[2022-08-18 02:48:43,798] {logging_mixin.py:115} INFO - [2022-08-18 02:48:43,798] {dagbag.py:508} INFO - Filling up the DagBag from /home/airflow/.local/lib/python3.7/site-packages/airflow/example_dags/example_bash_operator.py
[2022-08-18 02:48:43,812] {processor.py:651} INFO - DAG(s) dict_keys(['example_bash_operator']) retrieved from /home/airflow/.local/lib/python3.7/site-packages/airflow/example_dags/example_bash_operator.py
[2022-08-18 02:48:43,844] {logging_mixin.py:115} INFO - [2022-08-18 02:48:43,844] {dag.py:2420} INFO - Sync 1 DAGs
[2022-08-18 02:48:43,877] {logging_mixin.py:115} INFO - [2022-08-18 02:48:43,877] {dag.py:2972} INFO - Setting next_dagrun for example_bash_operator to 2022-08-17T00:00:00+00:00, run_after=2022-08-18T00:00:00+00:00
[2022-08-18 02:48:43,899] {processor.py:161} INFO - Processing /home/airflow/.local/lib/python3.7/site-packages/airflow/example_dags/example_bash_operator.py took 0.107 seconds
[2022-08-18 02:49:14,718] {processor.py:153} INFO - Started process (PID=12188) to work on /home/airflow/.local/lib/python3.7/site-packages/airflow/example_dags/example_bash_operator.py
[2022-08-18 02:49:14,719] {processor.py:641} INFO - Processing file /home/airflow/.local/lib/python3.7/site-packages/airflow/example_dags/example_bash_operator.py for tasks to queue
[2022-08-18 02:49:14,720] {logging_mixin.py:115} INFO - [2022-08-18 02:49:14,720] {dagbag.py:508} INFO - Filling up the DagBag from /home/airflow/.local/lib/python3.7/site-packages/airflow/example_dags/example_bash_operator.py
[2022-08-18 02:49:14,733] {processor.py:651} INFO - DAG(s) dict_keys(['example_bash_operator']) retrieved from /home/airflow/.local/lib/python3.7/site-packages/airflow/example_dags/example_bash_operator.py
[2022-08-18 02:49:14,764] {logging_mixin.py:115} INFO - [2022-08-18 02:49:14,764] {dag.py:2420} INFO - Sync 1 DAGs
[2022-08-18 02:49:14,798] {logging_mixin.py:115} INFO - [2022-08-18 02:49:14,798] {dag.py:2972} INFO - Setting next_dagrun for example_bash_operator to 2022-08-17T00:00:00+00:00, run_after=2022-08-18T00:00:00+00:00
[2022-08-18 02:49:14,816] {processor.py:161} INFO - Processing /home/airflow/.local/lib/python3.7/site-packages/airflow/example_dags/example_bash_operator.py took 0.102 seconds
[2022-08-18 02:49:45,290] {processor.py:153} INFO - Started process (PID=12382) to work on /home/airflow/.local/lib/python3.7/site-packages/airflow/example_dags/example_bash_operator.py
[2022-08-18 02:49:45,291] {processor.py:641} INFO - Processing file /home/airflow/.local/lib/python3.7/site-packages/airflow/example_dags/example_bash_operator.py for tasks to queue
[2022-08-18 02:49:45,292] {logging_mixin.py:115} INFO - [2022-08-18 02:49:45,292] {dagbag.py:508} INFO - Filling up the DagBag from /home/airflow/.local/lib/python3.7/site-packages/airflow/example_dags/example_bash_operator.py
[2022-08-18 02:49:45,306] {processor.py:651} INFO - DAG(s) dict_keys(['example_bash_operator']) retrieved from /home/airflow/.local/lib/python3.7/site-packages/airflow/example_dags/example_bash_operator.py
[2022-08-18 02:49:45,338] {logging_mixin.py:115} INFO - [2022-08-18 02:49:45,338] {dag.py:2420} INFO - Sync 1 DAGs
[2022-08-18 02:49:45,368] {logging_mixin.py:115} INFO - [2022-08-18 02:49:45,368] {dag.py:2972} INFO - Setting next_dagrun for example_bash_operator to 2022-08-17T00:00:00+00:00, run_after=2022-08-18T00:00:00+00:00
[2022-08-18 02:49:45,389] {processor.py:161} INFO - Processing /home/airflow/.local/lib/python3.7/site-packages/airflow/example_dags/example_bash_operator.py took 0.102 seconds
[2022-08-18 02:50:15,899] {processor.py:153} INFO - Started process (PID=12585) to work on /home/airflow/.local/lib/python3.7/site-packages/airflow/example_dags/example_bash_operator.py
[2022-08-18 02:50:15,900] {processor.py:641} INFO - Processing file /home/airflow/.local/lib/python3.7/site-packages/airflow/example_dags/example_bash_operator.py for tasks to queue
[2022-08-18 02:50:15,901] {logging_mixin.py:115} INFO - [2022-08-18 02:50:15,900] {dagbag.py:508} INFO - Filling up the DagBag from /home/airflow/.local/lib/python3.7/site-packages/airflow/example_dags/example_bash_operator.py
[2022-08-18 02:50:15,912] {processor.py:651} INFO - DAG(s) dict_keys(['example_bash_operator']) retrieved from /home/airflow/.local/lib/python3.7/site-packages/airflow/example_dags/example_bash_operator.py
[2022-08-18 02:50:15,940] {logging_mixin.py:115} INFO - [2022-08-18 02:50:15,940] {dag.py:2420} INFO - Sync 1 DAGs
[2022-08-18 02:50:15,968] {logging_mixin.py:115} INFO - [2022-08-18 02:50:15,968] {dag.py:2972} INFO - Setting next_dagrun for example_bash_operator to 2022-08-17T00:00:00+00:00, run_after=2022-08-18T00:00:00+00:00
[2022-08-18 02:50:15,994] {processor.py:161} INFO - Processing /home/airflow/.local/lib/python3.7/site-packages/airflow/example_dags/example_bash_operator.py took 0.098 seconds
[2022-08-18 02:50:46,925] {processor.py:153} INFO - Started process (PID=12779) to work on /home/airflow/.local/lib/python3.7/site-packages/airflow/example_dags/example_bash_operator.py
[2022-08-18 02:50:46,926] {processor.py:641} INFO - Processing file /home/airflow/.local/lib/python3.7/site-packages/airflow/example_dags/example_bash_operator.py for tasks to queue
[2022-08-18 02:50:46,927] {logging_mixin.py:115} INFO - [2022-08-18 02:50:46,927] {dagbag.py:508} INFO - Filling up the DagBag from /home/airflow/.local/lib/python3.7/site-packages/airflow/example_dags/example_bash_operator.py
[2022-08-18 02:50:46,943] {processor.py:651} INFO - DAG(s) dict_keys(['example_bash_operator']) retrieved from /home/airflow/.local/lib/python3.7/site-packages/airflow/example_dags/example_bash_operator.py
[2022-08-18 02:50:46,980] {logging_mixin.py:115} INFO - [2022-08-18 02:50:46,980] {dag.py:2420} INFO - Sync 1 DAGs
[2022-08-18 02:50:47,010] {logging_mixin.py:115} INFO - [2022-08-18 02:50:47,010] {dag.py:2972} INFO - Setting next_dagrun for example_bash_operator to 2022-08-17T00:00:00+00:00, run_after=2022-08-18T00:00:00+00:00
[2022-08-18 02:50:47,038] {processor.py:161} INFO - Processing /home/airflow/.local/lib/python3.7/site-packages/airflow/example_dags/example_bash_operator.py took 0.116 seconds
[2022-08-18 02:51:17,183] {processor.py:153} INFO - Started process (PID=12982) to work on /home/airflow/.local/lib/python3.7/site-packages/airflow/example_dags/example_bash_operator.py
[2022-08-18 02:51:17,184] {processor.py:641} INFO - Processing file /home/airflow/.local/lib/python3.7/site-packages/airflow/example_dags/example_bash_operator.py for tasks to queue
[2022-08-18 02:51:17,185] {logging_mixin.py:115} INFO - [2022-08-18 02:51:17,185] {dagbag.py:508} INFO - Filling up the DagBag from /home/airflow/.local/lib/python3.7/site-packages/airflow/example_dags/example_bash_operator.py
[2022-08-18 02:51:17,199] {processor.py:651} INFO - DAG(s) dict_keys(['example_bash_operator']) retrieved from /home/airflow/.local/lib/python3.7/site-packages/airflow/example_dags/example_bash_operator.py
[2022-08-18 02:51:17,232] {logging_mixin.py:115} INFO - [2022-08-18 02:51:17,231] {dag.py:2420} INFO - Sync 1 DAGs
[2022-08-18 02:51:17,261] {logging_mixin.py:115} INFO - [2022-08-18 02:51:17,261] {dag.py:2972} INFO - Setting next_dagrun for example_bash_operator to 2022-08-17T00:00:00+00:00, run_after=2022-08-18T00:00:00+00:00
[2022-08-18 02:51:17,282] {processor.py:161} INFO - Processing /home/airflow/.local/lib/python3.7/site-packages/airflow/example_dags/example_bash_operator.py took 0.102 seconds
[2022-08-18 02:51:47,538] {processor.py:153} INFO - Started process (PID=13177) to work on /home/airflow/.local/lib/python3.7/site-packages/airflow/example_dags/example_bash_operator.py
[2022-08-18 02:51:47,539] {processor.py:641} INFO - Processing file /home/airflow/.local/lib/python3.7/site-packages/airflow/example_dags/example_bash_operator.py for tasks to queue
[2022-08-18 02:51:47,540] {logging_mixin.py:115} INFO - [2022-08-18 02:51:47,540] {dagbag.py:508} INFO - Filling up the DagBag from /home/airflow/.local/lib/python3.7/site-packages/airflow/example_dags/example_bash_operator.py
[2022-08-18 02:51:47,554] {processor.py:651} INFO - DAG(s) dict_keys(['example_bash_operator']) retrieved from /home/airflow/.local/lib/python3.7/site-packages/airflow/example_dags/example_bash_operator.py
[2022-08-18 02:51:47,584] {logging_mixin.py:115} INFO - [2022-08-18 02:51:47,584] {dag.py:2420} INFO - Sync 1 DAGs
[2022-08-18 02:51:47,611] {logging_mixin.py:115} INFO - [2022-08-18 02:51:47,611] {dag.py:2972} INFO - Setting next_dagrun for example_bash_operator to 2022-08-17T00:00:00+00:00, run_after=2022-08-18T00:00:00+00:00
[2022-08-18 02:51:47,630] {processor.py:161} INFO - Processing /home/airflow/.local/lib/python3.7/site-packages/airflow/example_dags/example_bash_operator.py took 0.094 seconds
[2022-08-18 02:52:17,761] {processor.py:153} INFO - Started process (PID=13380) to work on /home/airflow/.local/lib/python3.7/site-packages/airflow/example_dags/example_bash_operator.py
[2022-08-18 02:52:17,762] {processor.py:641} INFO - Processing file /home/airflow/.local/lib/python3.7/site-packages/airflow/example_dags/example_bash_operator.py for tasks to queue
[2022-08-18 02:52:17,762] {logging_mixin.py:115} INFO - [2022-08-18 02:52:17,762] {dagbag.py:508} INFO - Filling up the DagBag from /home/airflow/.local/lib/python3.7/site-packages/airflow/example_dags/example_bash_operator.py
[2022-08-18 02:52:17,779] {processor.py:651} INFO - DAG(s) dict_keys(['example_bash_operator']) retrieved from /home/airflow/.local/lib/python3.7/site-packages/airflow/example_dags/example_bash_operator.py
[2022-08-18 02:52:17,814] {logging_mixin.py:115} INFO - [2022-08-18 02:52:17,814] {dag.py:2420} INFO - Sync 1 DAGs
[2022-08-18 02:52:17,842] {logging_mixin.py:115} INFO - [2022-08-18 02:52:17,842] {dag.py:2972} INFO - Setting next_dagrun for example_bash_operator to 2022-08-17T00:00:00+00:00, run_after=2022-08-18T00:00:00+00:00
[2022-08-18 02:52:17,860] {processor.py:161} INFO - Processing /home/airflow/.local/lib/python3.7/site-packages/airflow/example_dags/example_bash_operator.py took 0.103 seconds
[2022-08-18 02:52:48,132] {processor.py:153} INFO - Started process (PID=13574) to work on /home/airflow/.local/lib/python3.7/site-packages/airflow/example_dags/example_bash_operator.py
[2022-08-18 02:52:48,133] {processor.py:641} INFO - Processing file /home/airflow/.local/lib/python3.7/site-packages/airflow/example_dags/example_bash_operator.py for tasks to queue
[2022-08-18 02:52:48,134] {logging_mixin.py:115} INFO - [2022-08-18 02:52:48,134] {dagbag.py:508} INFO - Filling up the DagBag from /home/airflow/.local/lib/python3.7/site-packages/airflow/example_dags/example_bash_operator.py
[2022-08-18 02:52:48,148] {processor.py:651} INFO - DAG(s) dict_keys(['example_bash_operator']) retrieved from /home/airflow/.local/lib/python3.7/site-packages/airflow/example_dags/example_bash_operator.py
[2022-08-18 02:52:48,180] {logging_mixin.py:115} INFO - [2022-08-18 02:52:48,180] {dag.py:2420} INFO - Sync 1 DAGs
[2022-08-18 02:52:48,216] {logging_mixin.py:115} INFO - [2022-08-18 02:52:48,216] {dag.py:2972} INFO - Setting next_dagrun for example_bash_operator to 2022-08-17T00:00:00+00:00, run_after=2022-08-18T00:00:00+00:00
[2022-08-18 02:52:48,245] {processor.py:161} INFO - Processing /home/airflow/.local/lib/python3.7/site-packages/airflow/example_dags/example_bash_operator.py took 0.117 seconds
[2022-08-18 02:53:18,547] {processor.py:153} INFO - Started process (PID=13777) to work on /home/airflow/.local/lib/python3.7/site-packages/airflow/example_dags/example_bash_operator.py
[2022-08-18 02:53:18,548] {processor.py:641} INFO - Processing file /home/airflow/.local/lib/python3.7/site-packages/airflow/example_dags/example_bash_operator.py for tasks to queue
[2022-08-18 02:53:18,549] {logging_mixin.py:115} INFO - [2022-08-18 02:53:18,549] {dagbag.py:508} INFO - Filling up the DagBag from /home/airflow/.local/lib/python3.7/site-packages/airflow/example_dags/example_bash_operator.py
[2022-08-18 02:53:18,564] {processor.py:651} INFO - DAG(s) dict_keys(['example_bash_operator']) retrieved from /home/airflow/.local/lib/python3.7/site-packages/airflow/example_dags/example_bash_operator.py
[2022-08-18 02:53:18,593] {logging_mixin.py:115} INFO - [2022-08-18 02:53:18,593] {dag.py:2420} INFO - Sync 1 DAGs
[2022-08-18 02:53:18,619] {logging_mixin.py:115} INFO - [2022-08-18 02:53:18,619] {dag.py:2972} INFO - Setting next_dagrun for example_bash_operator to 2022-08-17T00:00:00+00:00, run_after=2022-08-18T00:00:00+00:00
[2022-08-18 02:53:18,635] {processor.py:161} INFO - Processing /home/airflow/.local/lib/python3.7/site-packages/airflow/example_dags/example_bash_operator.py took 0.091 seconds
[2022-08-18 02:53:49,272] {processor.py:153} INFO - Started process (PID=13971) to work on /home/airflow/.local/lib/python3.7/site-packages/airflow/example_dags/example_bash_operator.py
[2022-08-18 02:53:49,274] {processor.py:641} INFO - Processing file /home/airflow/.local/lib/python3.7/site-packages/airflow/example_dags/example_bash_operator.py for tasks to queue
[2022-08-18 02:53:49,275] {logging_mixin.py:115} INFO - [2022-08-18 02:53:49,275] {dagbag.py:508} INFO - Filling up the DagBag from /home/airflow/.local/lib/python3.7/site-packages/airflow/example_dags/example_bash_operator.py
[2022-08-18 02:53:49,292] {processor.py:651} INFO - DAG(s) dict_keys(['example_bash_operator']) retrieved from /home/airflow/.local/lib/python3.7/site-packages/airflow/example_dags/example_bash_operator.py
[2022-08-18 02:53:49,330] {logging_mixin.py:115} INFO - [2022-08-18 02:53:49,330] {dag.py:2420} INFO - Sync 1 DAGs
[2022-08-18 02:53:49,365] {logging_mixin.py:115} INFO - [2022-08-18 02:53:49,365] {dag.py:2972} INFO - Setting next_dagrun for example_bash_operator to 2022-08-17T00:00:00+00:00, run_after=2022-08-18T00:00:00+00:00
[2022-08-18 02:53:49,393] {processor.py:161} INFO - Processing /home/airflow/.local/lib/python3.7/site-packages/airflow/example_dags/example_bash_operator.py took 0.124 seconds
[2022-08-18 02:54:19,495] {processor.py:153} INFO - Started process (PID=14174) to work on /home/airflow/.local/lib/python3.7/site-packages/airflow/example_dags/example_bash_operator.py
[2022-08-18 02:54:19,496] {processor.py:641} INFO - Processing file /home/airflow/.local/lib/python3.7/site-packages/airflow/example_dags/example_bash_operator.py for tasks to queue
[2022-08-18 02:54:19,496] {logging_mixin.py:115} INFO - [2022-08-18 02:54:19,496] {dagbag.py:508} INFO - Filling up the DagBag from /home/airflow/.local/lib/python3.7/site-packages/airflow/example_dags/example_bash_operator.py
[2022-08-18 02:54:19,510] {processor.py:651} INFO - DAG(s) dict_keys(['example_bash_operator']) retrieved from /home/airflow/.local/lib/python3.7/site-packages/airflow/example_dags/example_bash_operator.py
[2022-08-18 02:54:19,539] {logging_mixin.py:115} INFO - [2022-08-18 02:54:19,539] {dag.py:2420} INFO - Sync 1 DAGs
[2022-08-18 02:54:19,566] {logging_mixin.py:115} INFO - [2022-08-18 02:54:19,566] {dag.py:2972} INFO - Setting next_dagrun for example_bash_operator to 2022-08-17T00:00:00+00:00, run_after=2022-08-18T00:00:00+00:00
[2022-08-18 02:54:19,585] {processor.py:161} INFO - Processing /home/airflow/.local/lib/python3.7/site-packages/airflow/example_dags/example_bash_operator.py took 0.093 seconds
[2022-08-18 02:54:49,813] {processor.py:153} INFO - Started process (PID=14366) to work on /home/airflow/.local/lib/python3.7/site-packages/airflow/example_dags/example_bash_operator.py
[2022-08-18 02:54:49,814] {processor.py:641} INFO - Processing file /home/airflow/.local/lib/python3.7/site-packages/airflow/example_dags/example_bash_operator.py for tasks to queue
[2022-08-18 02:54:49,815] {logging_mixin.py:115} INFO - [2022-08-18 02:54:49,815] {dagbag.py:508} INFO - Filling up the DagBag from /home/airflow/.local/lib/python3.7/site-packages/airflow/example_dags/example_bash_operator.py
[2022-08-18 02:54:49,835] {processor.py:651} INFO - DAG(s) dict_keys(['example_bash_operator']) retrieved from /home/airflow/.local/lib/python3.7/site-packages/airflow/example_dags/example_bash_operator.py
[2022-08-18 02:54:49,878] {logging_mixin.py:115} INFO - [2022-08-18 02:54:49,878] {dag.py:2420} INFO - Sync 1 DAGs
[2022-08-18 02:54:49,908] {logging_mixin.py:115} INFO - [2022-08-18 02:54:49,908] {dag.py:2972} INFO - Setting next_dagrun for example_bash_operator to 2022-08-17T00:00:00+00:00, run_after=2022-08-18T00:00:00+00:00
[2022-08-18 02:54:49,927] {processor.py:161} INFO - Processing /home/airflow/.local/lib/python3.7/site-packages/airflow/example_dags/example_bash_operator.py took 0.118 seconds
[2022-08-18 02:55:20,101] {processor.py:153} INFO - Started process (PID=14571) to work on /home/airflow/.local/lib/python3.7/site-packages/airflow/example_dags/example_bash_operator.py
[2022-08-18 02:55:20,102] {processor.py:641} INFO - Processing file /home/airflow/.local/lib/python3.7/site-packages/airflow/example_dags/example_bash_operator.py for tasks to queue
[2022-08-18 02:55:20,103] {logging_mixin.py:115} INFO - [2022-08-18 02:55:20,103] {dagbag.py:508} INFO - Filling up the DagBag from /home/airflow/.local/lib/python3.7/site-packages/airflow/example_dags/example_bash_operator.py
[2022-08-18 02:55:20,119] {processor.py:651} INFO - DAG(s) dict_keys(['example_bash_operator']) retrieved from /home/airflow/.local/lib/python3.7/site-packages/airflow/example_dags/example_bash_operator.py
[2022-08-18 02:55:20,152] {logging_mixin.py:115} INFO - [2022-08-18 02:55:20,152] {dag.py:2420} INFO - Sync 1 DAGs
[2022-08-18 02:55:20,189] {logging_mixin.py:115} INFO - [2022-08-18 02:55:20,189] {dag.py:2972} INFO - Setting next_dagrun for example_bash_operator to 2022-08-17T00:00:00+00:00, run_after=2022-08-18T00:00:00+00:00
[2022-08-18 02:55:20,209] {processor.py:161} INFO - Processing /home/airflow/.local/lib/python3.7/site-packages/airflow/example_dags/example_bash_operator.py took 0.111 seconds
[2022-08-18 02:55:50,578] {processor.py:153} INFO - Started process (PID=14765) to work on /home/airflow/.local/lib/python3.7/site-packages/airflow/example_dags/example_bash_operator.py
[2022-08-18 02:55:50,579] {processor.py:641} INFO - Processing file /home/airflow/.local/lib/python3.7/site-packages/airflow/example_dags/example_bash_operator.py for tasks to queue
[2022-08-18 02:55:50,580] {logging_mixin.py:115} INFO - [2022-08-18 02:55:50,580] {dagbag.py:508} INFO - Filling up the DagBag from /home/airflow/.local/lib/python3.7/site-packages/airflow/example_dags/example_bash_operator.py
[2022-08-18 02:55:50,597] {processor.py:651} INFO - DAG(s) dict_keys(['example_bash_operator']) retrieved from /home/airflow/.local/lib/python3.7/site-packages/airflow/example_dags/example_bash_operator.py
[2022-08-18 02:55:50,631] {logging_mixin.py:115} INFO - [2022-08-18 02:55:50,631] {dag.py:2420} INFO - Sync 1 DAGs
[2022-08-18 02:55:50,660] {logging_mixin.py:115} INFO - [2022-08-18 02:55:50,660] {dag.py:2972} INFO - Setting next_dagrun for example_bash_operator to 2022-08-17T00:00:00+00:00, run_after=2022-08-18T00:00:00+00:00
[2022-08-18 02:55:50,687] {processor.py:161} INFO - Processing /home/airflow/.local/lib/python3.7/site-packages/airflow/example_dags/example_bash_operator.py took 0.113 seconds
[2022-08-18 02:56:21,027] {processor.py:153} INFO - Started process (PID=14966) to work on /home/airflow/.local/lib/python3.7/site-packages/airflow/example_dags/example_bash_operator.py
[2022-08-18 02:56:21,028] {processor.py:641} INFO - Processing file /home/airflow/.local/lib/python3.7/site-packages/airflow/example_dags/example_bash_operator.py for tasks to queue
[2022-08-18 02:56:21,029] {logging_mixin.py:115} INFO - [2022-08-18 02:56:21,029] {dagbag.py:508} INFO - Filling up the DagBag from /home/airflow/.local/lib/python3.7/site-packages/airflow/example_dags/example_bash_operator.py
[2022-08-18 02:56:21,050] {processor.py:651} INFO - DAG(s) dict_keys(['example_bash_operator']) retrieved from /home/airflow/.local/lib/python3.7/site-packages/airflow/example_dags/example_bash_operator.py
[2022-08-18 02:56:21,088] {logging_mixin.py:115} INFO - [2022-08-18 02:56:21,088] {dag.py:2420} INFO - Sync 1 DAGs
[2022-08-18 02:56:21,130] {logging_mixin.py:115} INFO - [2022-08-18 02:56:21,130] {dag.py:2972} INFO - Setting next_dagrun for example_bash_operator to 2022-08-17T00:00:00+00:00, run_after=2022-08-18T00:00:00+00:00
[2022-08-18 02:56:21,151] {processor.py:161} INFO - Processing /home/airflow/.local/lib/python3.7/site-packages/airflow/example_dags/example_bash_operator.py took 0.130 seconds
[2022-08-18 02:56:51,255] {processor.py:153} INFO - Started process (PID=15162) to work on /home/airflow/.local/lib/python3.7/site-packages/airflow/example_dags/example_bash_operator.py
[2022-08-18 02:56:51,256] {processor.py:641} INFO - Processing file /home/airflow/.local/lib/python3.7/site-packages/airflow/example_dags/example_bash_operator.py for tasks to queue
[2022-08-18 02:56:51,256] {logging_mixin.py:115} INFO - [2022-08-18 02:56:51,256] {dagbag.py:508} INFO - Filling up the DagBag from /home/airflow/.local/lib/python3.7/site-packages/airflow/example_dags/example_bash_operator.py
[2022-08-18 02:56:51,270] {processor.py:651} INFO - DAG(s) dict_keys(['example_bash_operator']) retrieved from /home/airflow/.local/lib/python3.7/site-packages/airflow/example_dags/example_bash_operator.py
[2022-08-18 02:56:51,303] {logging_mixin.py:115} INFO - [2022-08-18 02:56:51,302] {dag.py:2420} INFO - Sync 1 DAGs
[2022-08-18 02:56:51,331] {logging_mixin.py:115} INFO - [2022-08-18 02:56:51,331] {dag.py:2972} INFO - Setting next_dagrun for example_bash_operator to 2022-08-17T00:00:00+00:00, run_after=2022-08-18T00:00:00+00:00
[2022-08-18 02:56:51,350] {processor.py:161} INFO - Processing /home/airflow/.local/lib/python3.7/site-packages/airflow/example_dags/example_bash_operator.py took 0.099 seconds
[2022-08-18 02:57:21,622] {processor.py:153} INFO - Started process (PID=15363) to work on /home/airflow/.local/lib/python3.7/site-packages/airflow/example_dags/example_bash_operator.py
[2022-08-18 02:57:21,623] {processor.py:641} INFO - Processing file /home/airflow/.local/lib/python3.7/site-packages/airflow/example_dags/example_bash_operator.py for tasks to queue
[2022-08-18 02:57:21,624] {logging_mixin.py:115} INFO - [2022-08-18 02:57:21,624] {dagbag.py:508} INFO - Filling up the DagBag from /home/airflow/.local/lib/python3.7/site-packages/airflow/example_dags/example_bash_operator.py
[2022-08-18 02:57:21,643] {processor.py:651} INFO - DAG(s) dict_keys(['example_bash_operator']) retrieved from /home/airflow/.local/lib/python3.7/site-packages/airflow/example_dags/example_bash_operator.py
[2022-08-18 02:57:21,682] {logging_mixin.py:115} INFO - [2022-08-18 02:57:21,682] {dag.py:2420} INFO - Sync 1 DAGs
[2022-08-18 02:57:21,721] {logging_mixin.py:115} INFO - [2022-08-18 02:57:21,721] {dag.py:2972} INFO - Setting next_dagrun for example_bash_operator to 2022-08-17T00:00:00+00:00, run_after=2022-08-18T00:00:00+00:00
[2022-08-18 02:57:21,743] {processor.py:161} INFO - Processing /home/airflow/.local/lib/python3.7/site-packages/airflow/example_dags/example_bash_operator.py took 0.126 seconds
[2022-08-18 02:57:52,086] {processor.py:153} INFO - Started process (PID=15559) to work on /home/airflow/.local/lib/python3.7/site-packages/airflow/example_dags/example_bash_operator.py
[2022-08-18 02:57:52,088] {processor.py:641} INFO - Processing file /home/airflow/.local/lib/python3.7/site-packages/airflow/example_dags/example_bash_operator.py for tasks to queue
[2022-08-18 02:57:52,089] {logging_mixin.py:115} INFO - [2022-08-18 02:57:52,089] {dagbag.py:508} INFO - Filling up the DagBag from /home/airflow/.local/lib/python3.7/site-packages/airflow/example_dags/example_bash_operator.py
[2022-08-18 02:57:52,108] {processor.py:651} INFO - DAG(s) dict_keys(['example_bash_operator']) retrieved from /home/airflow/.local/lib/python3.7/site-packages/airflow/example_dags/example_bash_operator.py
[2022-08-18 02:57:52,152] {logging_mixin.py:115} INFO - [2022-08-18 02:57:52,151] {dag.py:2420} INFO - Sync 1 DAGs
[2022-08-18 02:57:52,193] {logging_mixin.py:115} INFO - [2022-08-18 02:57:52,193] {dag.py:2972} INFO - Setting next_dagrun for example_bash_operator to 2022-08-17T00:00:00+00:00, run_after=2022-08-18T00:00:00+00:00
[2022-08-18 02:57:52,227] {processor.py:161} INFO - Processing /home/airflow/.local/lib/python3.7/site-packages/airflow/example_dags/example_bash_operator.py took 0.146 seconds
[2022-08-18 02:58:22,446] {processor.py:153} INFO - Started process (PID=15758) to work on /home/airflow/.local/lib/python3.7/site-packages/airflow/example_dags/example_bash_operator.py
[2022-08-18 02:58:22,447] {processor.py:641} INFO - Processing file /home/airflow/.local/lib/python3.7/site-packages/airflow/example_dags/example_bash_operator.py for tasks to queue
[2022-08-18 02:58:22,448] {logging_mixin.py:115} INFO - [2022-08-18 02:58:22,448] {dagbag.py:508} INFO - Filling up the DagBag from /home/airflow/.local/lib/python3.7/site-packages/airflow/example_dags/example_bash_operator.py
[2022-08-18 02:58:22,466] {processor.py:651} INFO - DAG(s) dict_keys(['example_bash_operator']) retrieved from /home/airflow/.local/lib/python3.7/site-packages/airflow/example_dags/example_bash_operator.py
[2022-08-18 02:58:22,506] {logging_mixin.py:115} INFO - [2022-08-18 02:58:22,505] {dag.py:2420} INFO - Sync 1 DAGs
[2022-08-18 02:58:22,536] {logging_mixin.py:115} INFO - [2022-08-18 02:58:22,536] {dag.py:2972} INFO - Setting next_dagrun for example_bash_operator to 2022-08-17T00:00:00+00:00, run_after=2022-08-18T00:00:00+00:00
[2022-08-18 02:58:22,556] {processor.py:161} INFO - Processing /home/airflow/.local/lib/python3.7/site-packages/airflow/example_dags/example_bash_operator.py took 0.114 seconds
[2022-08-18 02:58:53,069] {processor.py:153} INFO - Started process (PID=15955) to work on /home/airflow/.local/lib/python3.7/site-packages/airflow/example_dags/example_bash_operator.py
[2022-08-18 02:58:53,070] {processor.py:641} INFO - Processing file /home/airflow/.local/lib/python3.7/site-packages/airflow/example_dags/example_bash_operator.py for tasks to queue
[2022-08-18 02:58:53,071] {logging_mixin.py:115} INFO - [2022-08-18 02:58:53,071] {dagbag.py:508} INFO - Filling up the DagBag from /home/airflow/.local/lib/python3.7/site-packages/airflow/example_dags/example_bash_operator.py
[2022-08-18 02:58:53,090] {processor.py:651} INFO - DAG(s) dict_keys(['example_bash_operator']) retrieved from /home/airflow/.local/lib/python3.7/site-packages/airflow/example_dags/example_bash_operator.py
[2022-08-18 02:58:53,133] {logging_mixin.py:115} INFO - [2022-08-18 02:58:53,133] {dag.py:2420} INFO - Sync 1 DAGs
[2022-08-18 02:58:53,180] {logging_mixin.py:115} INFO - [2022-08-18 02:58:53,180] {dag.py:2972} INFO - Setting next_dagrun for example_bash_operator to 2022-08-17T00:00:00+00:00, run_after=2022-08-18T00:00:00+00:00
[2022-08-18 02:58:53,204] {processor.py:161} INFO - Processing /home/airflow/.local/lib/python3.7/site-packages/airflow/example_dags/example_bash_operator.py took 0.141 seconds
[2022-08-18 02:59:23,319] {processor.py:153} INFO - Started process (PID=16160) to work on /home/airflow/.local/lib/python3.7/site-packages/airflow/example_dags/example_bash_operator.py
[2022-08-18 02:59:23,320] {processor.py:641} INFO - Processing file /home/airflow/.local/lib/python3.7/site-packages/airflow/example_dags/example_bash_operator.py for tasks to queue
[2022-08-18 02:59:23,321] {logging_mixin.py:115} INFO - [2022-08-18 02:59:23,321] {dagbag.py:508} INFO - Filling up the DagBag from /home/airflow/.local/lib/python3.7/site-packages/airflow/example_dags/example_bash_operator.py
[2022-08-18 02:59:23,337] {processor.py:651} INFO - DAG(s) dict_keys(['example_bash_operator']) retrieved from /home/airflow/.local/lib/python3.7/site-packages/airflow/example_dags/example_bash_operator.py
[2022-08-18 02:59:23,383] {logging_mixin.py:115} INFO - [2022-08-18 02:59:23,383] {dag.py:2420} INFO - Sync 1 DAGs
[2022-08-18 02:59:23,423] {logging_mixin.py:115} INFO - [2022-08-18 02:59:23,423] {dag.py:2972} INFO - Setting next_dagrun for example_bash_operator to 2022-08-17T00:00:00+00:00, run_after=2022-08-18T00:00:00+00:00
[2022-08-18 02:59:23,452] {processor.py:161} INFO - Processing /home/airflow/.local/lib/python3.7/site-packages/airflow/example_dags/example_bash_operator.py took 0.137 seconds
[2022-08-18 02:59:53,579] {processor.py:153} INFO - Started process (PID=16354) to work on /home/airflow/.local/lib/python3.7/site-packages/airflow/example_dags/example_bash_operator.py
[2022-08-18 02:59:53,579] {processor.py:641} INFO - Processing file /home/airflow/.local/lib/python3.7/site-packages/airflow/example_dags/example_bash_operator.py for tasks to queue
[2022-08-18 02:59:53,580] {logging_mixin.py:115} INFO - [2022-08-18 02:59:53,580] {dagbag.py:508} INFO - Filling up the DagBag from /home/airflow/.local/lib/python3.7/site-packages/airflow/example_dags/example_bash_operator.py
[2022-08-18 02:59:53,595] {processor.py:651} INFO - DAG(s) dict_keys(['example_bash_operator']) retrieved from /home/airflow/.local/lib/python3.7/site-packages/airflow/example_dags/example_bash_operator.py
[2022-08-18 02:59:53,628] {logging_mixin.py:115} INFO - [2022-08-18 02:59:53,628] {dag.py:2420} INFO - Sync 1 DAGs
[2022-08-18 02:59:53,671] {logging_mixin.py:115} INFO - [2022-08-18 02:59:53,671] {dag.py:2972} INFO - Setting next_dagrun for example_bash_operator to 2022-08-17T00:00:00+00:00, run_after=2022-08-18T00:00:00+00:00
[2022-08-18 02:59:53,698] {processor.py:161} INFO - Processing /home/airflow/.local/lib/python3.7/site-packages/airflow/example_dags/example_bash_operator.py took 0.123 seconds
[2022-08-18 03:00:23,796] {processor.py:153} INFO - Started process (PID=16555) to work on /home/airflow/.local/lib/python3.7/site-packages/airflow/example_dags/example_bash_operator.py
[2022-08-18 03:00:23,798] {processor.py:641} INFO - Processing file /home/airflow/.local/lib/python3.7/site-packages/airflow/example_dags/example_bash_operator.py for tasks to queue
[2022-08-18 03:00:23,799] {logging_mixin.py:115} INFO - [2022-08-18 03:00:23,799] {dagbag.py:508} INFO - Filling up the DagBag from /home/airflow/.local/lib/python3.7/site-packages/airflow/example_dags/example_bash_operator.py
[2022-08-18 03:00:23,813] {processor.py:651} INFO - DAG(s) dict_keys(['example_bash_operator']) retrieved from /home/airflow/.local/lib/python3.7/site-packages/airflow/example_dags/example_bash_operator.py
[2022-08-18 03:00:23,846] {logging_mixin.py:115} INFO - [2022-08-18 03:00:23,846] {dag.py:2420} INFO - Sync 1 DAGs
[2022-08-18 03:00:23,889] {logging_mixin.py:115} INFO - [2022-08-18 03:00:23,889] {dag.py:2972} INFO - Setting next_dagrun for example_bash_operator to 2022-08-17T00:00:00+00:00, run_after=2022-08-18T00:00:00+00:00
[2022-08-18 03:00:23,918] {processor.py:161} INFO - Processing /home/airflow/.local/lib/python3.7/site-packages/airflow/example_dags/example_bash_operator.py took 0.126 seconds
[2022-08-18 03:00:54,093] {processor.py:153} INFO - Started process (PID=16751) to work on /home/airflow/.local/lib/python3.7/site-packages/airflow/example_dags/example_bash_operator.py
[2022-08-18 03:00:54,094] {processor.py:641} INFO - Processing file /home/airflow/.local/lib/python3.7/site-packages/airflow/example_dags/example_bash_operator.py for tasks to queue
[2022-08-18 03:00:54,095] {logging_mixin.py:115} INFO - [2022-08-18 03:00:54,095] {dagbag.py:508} INFO - Filling up the DagBag from /home/airflow/.local/lib/python3.7/site-packages/airflow/example_dags/example_bash_operator.py
[2022-08-18 03:00:54,109] {processor.py:651} INFO - DAG(s) dict_keys(['example_bash_operator']) retrieved from /home/airflow/.local/lib/python3.7/site-packages/airflow/example_dags/example_bash_operator.py
[2022-08-18 03:00:54,143] {logging_mixin.py:115} INFO - [2022-08-18 03:00:54,143] {dag.py:2420} INFO - Sync 1 DAGs
[2022-08-18 03:00:54,172] {logging_mixin.py:115} INFO - [2022-08-18 03:00:54,172] {dag.py:2972} INFO - Setting next_dagrun for example_bash_operator to 2022-08-17T00:00:00+00:00, run_after=2022-08-18T00:00:00+00:00
[2022-08-18 03:00:54,195] {processor.py:161} INFO - Processing /home/airflow/.local/lib/python3.7/site-packages/airflow/example_dags/example_bash_operator.py took 0.105 seconds
[2022-08-18 03:01:24,326] {processor.py:153} INFO - Started process (PID=16944) to work on /home/airflow/.local/lib/python3.7/site-packages/airflow/example_dags/example_bash_operator.py
[2022-08-18 03:01:24,327] {processor.py:641} INFO - Processing file /home/airflow/.local/lib/python3.7/site-packages/airflow/example_dags/example_bash_operator.py for tasks to queue
[2022-08-18 03:01:24,328] {logging_mixin.py:115} INFO - [2022-08-18 03:01:24,328] {dagbag.py:508} INFO - Filling up the DagBag from /home/airflow/.local/lib/python3.7/site-packages/airflow/example_dags/example_bash_operator.py
[2022-08-18 03:01:24,342] {processor.py:651} INFO - DAG(s) dict_keys(['example_bash_operator']) retrieved from /home/airflow/.local/lib/python3.7/site-packages/airflow/example_dags/example_bash_operator.py
[2022-08-18 03:01:24,374] {logging_mixin.py:115} INFO - [2022-08-18 03:01:24,374] {dag.py:2420} INFO - Sync 1 DAGs
[2022-08-18 03:01:24,407] {logging_mixin.py:115} INFO - [2022-08-18 03:01:24,407] {dag.py:2972} INFO - Setting next_dagrun for example_bash_operator to 2022-08-17T00:00:00+00:00, run_after=2022-08-18T00:00:00+00:00
[2022-08-18 03:01:24,435] {processor.py:161} INFO - Processing /home/airflow/.local/lib/python3.7/site-packages/airflow/example_dags/example_bash_operator.py took 0.112 seconds
