[2022-08-18 02:38:28,562] {processor.py:153} INFO - Started process (PID=7972) to work on /home/airflow/.local/lib/python3.7/site-packages/airflow/example_dags/example_sla_dag.py
[2022-08-18 02:38:28,563] {processor.py:641} INFO - Processing file /home/airflow/.local/lib/python3.7/site-packages/airflow/example_dags/example_sla_dag.py for tasks to queue
[2022-08-18 02:38:28,564] {logging_mixin.py:115} INFO - [2022-08-18 02:38:28,564] {dagbag.py:508} INFO - Filling up the DagBag from /home/airflow/.local/lib/python3.7/site-packages/airflow/example_dags/example_sla_dag.py
[2022-08-18 02:38:28,673] {processor.py:651} INFO - DAG(s) dict_keys(['example_sla_dag']) retrieved from /home/airflow/.local/lib/python3.7/site-packages/airflow/example_dags/example_sla_dag.py
[2022-08-18 02:38:28,757] {logging_mixin.py:115} INFO - [2022-08-18 02:38:28,757] {dag.py:2420} INFO - Sync 1 DAGs
[2022-08-18 02:38:28,885] {logging_mixin.py:115} INFO - [2022-08-18 02:38:28,885] {dag.py:2972} INFO - Setting next_dagrun for example_sla_dag to 2022-08-18T02:36:00+00:00, run_after=2022-08-18T02:38:00+00:00
[2022-08-18 02:38:28,936] {processor.py:161} INFO - Processing /home/airflow/.local/lib/python3.7/site-packages/airflow/example_dags/example_sla_dag.py took 0.380 seconds
[2022-08-18 02:38:59,680] {processor.py:153} INFO - Started process (PID=8181) to work on /home/airflow/.local/lib/python3.7/site-packages/airflow/example_dags/example_sla_dag.py
[2022-08-18 02:38:59,681] {processor.py:641} INFO - Processing file /home/airflow/.local/lib/python3.7/site-packages/airflow/example_dags/example_sla_dag.py for tasks to queue
[2022-08-18 02:38:59,682] {logging_mixin.py:115} INFO - [2022-08-18 02:38:59,682] {dagbag.py:508} INFO - Filling up the DagBag from /home/airflow/.local/lib/python3.7/site-packages/airflow/example_dags/example_sla_dag.py
[2022-08-18 02:38:59,698] {processor.py:651} INFO - DAG(s) dict_keys(['example_sla_dag']) retrieved from /home/airflow/.local/lib/python3.7/site-packages/airflow/example_dags/example_sla_dag.py
[2022-08-18 02:38:59,723] {logging_mixin.py:115} INFO - [2022-08-18 02:38:59,723] {dag.py:2420} INFO - Sync 1 DAGs
[2022-08-18 02:38:59,758] {logging_mixin.py:115} INFO - [2022-08-18 02:38:59,758] {dag.py:2972} INFO - Setting next_dagrun for example_sla_dag to 2022-08-18T02:36:00+00:00, run_after=2022-08-18T02:38:00+00:00
[2022-08-18 02:38:59,772] {processor.py:161} INFO - Processing /home/airflow/.local/lib/python3.7/site-packages/airflow/example_dags/example_sla_dag.py took 0.095 seconds
[2022-08-18 02:39:30,551] {processor.py:153} INFO - Started process (PID=8387) to work on /home/airflow/.local/lib/python3.7/site-packages/airflow/example_dags/example_sla_dag.py
[2022-08-18 02:39:30,551] {processor.py:641} INFO - Processing file /home/airflow/.local/lib/python3.7/site-packages/airflow/example_dags/example_sla_dag.py for tasks to queue
[2022-08-18 02:39:30,552] {logging_mixin.py:115} INFO - [2022-08-18 02:39:30,552] {dagbag.py:508} INFO - Filling up the DagBag from /home/airflow/.local/lib/python3.7/site-packages/airflow/example_dags/example_sla_dag.py
[2022-08-18 02:39:30,569] {processor.py:651} INFO - DAG(s) dict_keys(['example_sla_dag']) retrieved from /home/airflow/.local/lib/python3.7/site-packages/airflow/example_dags/example_sla_dag.py
[2022-08-18 02:39:30,595] {logging_mixin.py:115} INFO - [2022-08-18 02:39:30,595] {dag.py:2420} INFO - Sync 1 DAGs
[2022-08-18 02:39:30,621] {logging_mixin.py:115} INFO - [2022-08-18 02:39:30,621] {dag.py:2972} INFO - Setting next_dagrun for example_sla_dag to 2022-08-18T02:36:00+00:00, run_after=2022-08-18T02:38:00+00:00
[2022-08-18 02:39:30,636] {processor.py:161} INFO - Processing /home/airflow/.local/lib/python3.7/site-packages/airflow/example_dags/example_sla_dag.py took 0.088 seconds
[2022-08-18 02:40:01,033] {processor.py:153} INFO - Started process (PID=8581) to work on /home/airflow/.local/lib/python3.7/site-packages/airflow/example_dags/example_sla_dag.py
[2022-08-18 02:40:01,034] {processor.py:641} INFO - Processing file /home/airflow/.local/lib/python3.7/site-packages/airflow/example_dags/example_sla_dag.py for tasks to queue
[2022-08-18 02:40:01,035] {logging_mixin.py:115} INFO - [2022-08-18 02:40:01,035] {dagbag.py:508} INFO - Filling up the DagBag from /home/airflow/.local/lib/python3.7/site-packages/airflow/example_dags/example_sla_dag.py
[2022-08-18 02:40:01,056] {processor.py:651} INFO - DAG(s) dict_keys(['example_sla_dag']) retrieved from /home/airflow/.local/lib/python3.7/site-packages/airflow/example_dags/example_sla_dag.py
[2022-08-18 02:40:01,089] {logging_mixin.py:115} INFO - [2022-08-18 02:40:01,089] {dag.py:2420} INFO - Sync 1 DAGs
[2022-08-18 02:40:01,136] {logging_mixin.py:115} INFO - [2022-08-18 02:40:01,135] {dag.py:2972} INFO - Setting next_dagrun for example_sla_dag to 2022-08-18T02:38:00+00:00, run_after=2022-08-18T02:40:00+00:00
[2022-08-18 02:40:01,158] {processor.py:161} INFO - Processing /home/airflow/.local/lib/python3.7/site-packages/airflow/example_dags/example_sla_dag.py took 0.128 seconds
[2022-08-18 02:40:31,315] {processor.py:153} INFO - Started process (PID=8787) to work on /home/airflow/.local/lib/python3.7/site-packages/airflow/example_dags/example_sla_dag.py
[2022-08-18 02:40:31,316] {processor.py:641} INFO - Processing file /home/airflow/.local/lib/python3.7/site-packages/airflow/example_dags/example_sla_dag.py for tasks to queue
[2022-08-18 02:40:31,317] {logging_mixin.py:115} INFO - [2022-08-18 02:40:31,317] {dagbag.py:508} INFO - Filling up the DagBag from /home/airflow/.local/lib/python3.7/site-packages/airflow/example_dags/example_sla_dag.py
[2022-08-18 02:40:31,337] {processor.py:651} INFO - DAG(s) dict_keys(['example_sla_dag']) retrieved from /home/airflow/.local/lib/python3.7/site-packages/airflow/example_dags/example_sla_dag.py
[2022-08-18 02:40:31,368] {logging_mixin.py:115} INFO - [2022-08-18 02:40:31,368] {dag.py:2420} INFO - Sync 1 DAGs
[2022-08-18 02:40:31,400] {logging_mixin.py:115} INFO - [2022-08-18 02:40:31,400] {dag.py:2972} INFO - Setting next_dagrun for example_sla_dag to 2022-08-18T02:38:00+00:00, run_after=2022-08-18T02:40:00+00:00
[2022-08-18 02:40:31,422] {processor.py:161} INFO - Processing /home/airflow/.local/lib/python3.7/site-packages/airflow/example_dags/example_sla_dag.py took 0.110 seconds
[2022-08-18 02:41:02,310] {processor.py:153} INFO - Started process (PID=8981) to work on /home/airflow/.local/lib/python3.7/site-packages/airflow/example_dags/example_sla_dag.py
[2022-08-18 02:41:02,311] {processor.py:641} INFO - Processing file /home/airflow/.local/lib/python3.7/site-packages/airflow/example_dags/example_sla_dag.py for tasks to queue
[2022-08-18 02:41:02,312] {logging_mixin.py:115} INFO - [2022-08-18 02:41:02,312] {dagbag.py:508} INFO - Filling up the DagBag from /home/airflow/.local/lib/python3.7/site-packages/airflow/example_dags/example_sla_dag.py
[2022-08-18 02:41:02,336] {processor.py:651} INFO - DAG(s) dict_keys(['example_sla_dag']) retrieved from /home/airflow/.local/lib/python3.7/site-packages/airflow/example_dags/example_sla_dag.py
[2022-08-18 02:41:02,371] {logging_mixin.py:115} INFO - [2022-08-18 02:41:02,371] {dag.py:2420} INFO - Sync 1 DAGs
[2022-08-18 02:41:02,402] {logging_mixin.py:115} INFO - [2022-08-18 02:41:02,402] {dag.py:2972} INFO - Setting next_dagrun for example_sla_dag to 2022-08-18T02:38:00+00:00, run_after=2022-08-18T02:40:00+00:00
[2022-08-18 02:41:02,425] {processor.py:161} INFO - Processing /home/airflow/.local/lib/python3.7/site-packages/airflow/example_dags/example_sla_dag.py took 0.117 seconds
[2022-08-18 02:41:33,305] {processor.py:153} INFO - Started process (PID=9185) to work on /home/airflow/.local/lib/python3.7/site-packages/airflow/example_dags/example_sla_dag.py
[2022-08-18 02:41:33,306] {processor.py:641} INFO - Processing file /home/airflow/.local/lib/python3.7/site-packages/airflow/example_dags/example_sla_dag.py for tasks to queue
[2022-08-18 02:41:33,307] {logging_mixin.py:115} INFO - [2022-08-18 02:41:33,307] {dagbag.py:508} INFO - Filling up the DagBag from /home/airflow/.local/lib/python3.7/site-packages/airflow/example_dags/example_sla_dag.py
[2022-08-18 02:41:33,333] {processor.py:651} INFO - DAG(s) dict_keys(['example_sla_dag']) retrieved from /home/airflow/.local/lib/python3.7/site-packages/airflow/example_dags/example_sla_dag.py
[2022-08-18 02:41:33,371] {logging_mixin.py:115} INFO - [2022-08-18 02:41:33,371] {dag.py:2420} INFO - Sync 1 DAGs
[2022-08-18 02:41:33,413] {logging_mixin.py:115} INFO - [2022-08-18 02:41:33,413] {dag.py:2972} INFO - Setting next_dagrun for example_sla_dag to 2022-08-18T02:38:00+00:00, run_after=2022-08-18T02:40:00+00:00
[2022-08-18 02:41:33,430] {processor.py:161} INFO - Processing /home/airflow/.local/lib/python3.7/site-packages/airflow/example_dags/example_sla_dag.py took 0.130 seconds
[2022-08-18 02:42:03,824] {processor.py:153} INFO - Started process (PID=9379) to work on /home/airflow/.local/lib/python3.7/site-packages/airflow/example_dags/example_sla_dag.py
[2022-08-18 02:42:03,825] {processor.py:641} INFO - Processing file /home/airflow/.local/lib/python3.7/site-packages/airflow/example_dags/example_sla_dag.py for tasks to queue
[2022-08-18 02:42:03,826] {logging_mixin.py:115} INFO - [2022-08-18 02:42:03,826] {dagbag.py:508} INFO - Filling up the DagBag from /home/airflow/.local/lib/python3.7/site-packages/airflow/example_dags/example_sla_dag.py
[2022-08-18 02:42:03,859] {processor.py:651} INFO - DAG(s) dict_keys(['example_sla_dag']) retrieved from /home/airflow/.local/lib/python3.7/site-packages/airflow/example_dags/example_sla_dag.py
[2022-08-18 02:42:03,905] {logging_mixin.py:115} INFO - [2022-08-18 02:42:03,904] {dag.py:2420} INFO - Sync 1 DAGs
[2022-08-18 02:42:03,965] {logging_mixin.py:115} INFO - [2022-08-18 02:42:03,964] {dag.py:2972} INFO - Setting next_dagrun for example_sla_dag to 2022-08-18T02:40:00+00:00, run_after=2022-08-18T02:42:00+00:00
[2022-08-18 02:42:03,998] {processor.py:161} INFO - Processing /home/airflow/.local/lib/python3.7/site-packages/airflow/example_dags/example_sla_dag.py took 0.180 seconds
[2022-08-18 02:42:34,320] {processor.py:153} INFO - Started process (PID=9582) to work on /home/airflow/.local/lib/python3.7/site-packages/airflow/example_dags/example_sla_dag.py
[2022-08-18 02:42:34,321] {processor.py:641} INFO - Processing file /home/airflow/.local/lib/python3.7/site-packages/airflow/example_dags/example_sla_dag.py for tasks to queue
[2022-08-18 02:42:34,322] {logging_mixin.py:115} INFO - [2022-08-18 02:42:34,322] {dagbag.py:508} INFO - Filling up the DagBag from /home/airflow/.local/lib/python3.7/site-packages/airflow/example_dags/example_sla_dag.py
[2022-08-18 02:42:34,348] {processor.py:651} INFO - DAG(s) dict_keys(['example_sla_dag']) retrieved from /home/airflow/.local/lib/python3.7/site-packages/airflow/example_dags/example_sla_dag.py
[2022-08-18 02:42:34,382] {logging_mixin.py:115} INFO - [2022-08-18 02:42:34,381] {dag.py:2420} INFO - Sync 1 DAGs
[2022-08-18 02:42:34,414] {logging_mixin.py:115} INFO - [2022-08-18 02:42:34,414] {dag.py:2972} INFO - Setting next_dagrun for example_sla_dag to 2022-08-18T02:40:00+00:00, run_after=2022-08-18T02:42:00+00:00
[2022-08-18 02:42:34,438] {processor.py:161} INFO - Processing /home/airflow/.local/lib/python3.7/site-packages/airflow/example_dags/example_sla_dag.py took 0.122 seconds
[2022-08-18 02:43:04,963] {processor.py:153} INFO - Started process (PID=9776) to work on /home/airflow/.local/lib/python3.7/site-packages/airflow/example_dags/example_sla_dag.py
[2022-08-18 02:43:04,965] {processor.py:641} INFO - Processing file /home/airflow/.local/lib/python3.7/site-packages/airflow/example_dags/example_sla_dag.py for tasks to queue
[2022-08-18 02:43:04,965] {logging_mixin.py:115} INFO - [2022-08-18 02:43:04,965] {dagbag.py:508} INFO - Filling up the DagBag from /home/airflow/.local/lib/python3.7/site-packages/airflow/example_dags/example_sla_dag.py
[2022-08-18 02:43:04,988] {processor.py:651} INFO - DAG(s) dict_keys(['example_sla_dag']) retrieved from /home/airflow/.local/lib/python3.7/site-packages/airflow/example_dags/example_sla_dag.py
[2022-08-18 02:43:05,022] {logging_mixin.py:115} INFO - [2022-08-18 02:43:05,021] {dag.py:2420} INFO - Sync 1 DAGs
[2022-08-18 02:43:05,061] {logging_mixin.py:115} INFO - [2022-08-18 02:43:05,061] {dag.py:2972} INFO - Setting next_dagrun for example_sla_dag to 2022-08-18T02:40:00+00:00, run_after=2022-08-18T02:42:00+00:00
[2022-08-18 02:43:05,076] {processor.py:161} INFO - Processing /home/airflow/.local/lib/python3.7/site-packages/airflow/example_dags/example_sla_dag.py took 0.118 seconds
[2022-08-18 02:43:35,629] {processor.py:153} INFO - Started process (PID=9979) to work on /home/airflow/.local/lib/python3.7/site-packages/airflow/example_dags/example_sla_dag.py
[2022-08-18 02:43:35,630] {processor.py:641} INFO - Processing file /home/airflow/.local/lib/python3.7/site-packages/airflow/example_dags/example_sla_dag.py for tasks to queue
[2022-08-18 02:43:35,631] {logging_mixin.py:115} INFO - [2022-08-18 02:43:35,631] {dagbag.py:508} INFO - Filling up the DagBag from /home/airflow/.local/lib/python3.7/site-packages/airflow/example_dags/example_sla_dag.py
[2022-08-18 02:43:35,655] {processor.py:651} INFO - DAG(s) dict_keys(['example_sla_dag']) retrieved from /home/airflow/.local/lib/python3.7/site-packages/airflow/example_dags/example_sla_dag.py
[2022-08-18 02:43:35,697] {logging_mixin.py:115} INFO - [2022-08-18 02:43:35,697] {dag.py:2420} INFO - Sync 1 DAGs
[2022-08-18 02:43:35,733] {logging_mixin.py:115} INFO - [2022-08-18 02:43:35,732] {dag.py:2972} INFO - Setting next_dagrun for example_sla_dag to 2022-08-18T02:40:00+00:00, run_after=2022-08-18T02:42:00+00:00
[2022-08-18 02:43:35,751] {processor.py:161} INFO - Processing /home/airflow/.local/lib/python3.7/site-packages/airflow/example_dags/example_sla_dag.py took 0.125 seconds
[2022-08-18 02:44:06,345] {processor.py:153} INFO - Started process (PID=10173) to work on /home/airflow/.local/lib/python3.7/site-packages/airflow/example_dags/example_sla_dag.py
[2022-08-18 02:44:06,346] {processor.py:641} INFO - Processing file /home/airflow/.local/lib/python3.7/site-packages/airflow/example_dags/example_sla_dag.py for tasks to queue
[2022-08-18 02:44:06,347] {logging_mixin.py:115} INFO - [2022-08-18 02:44:06,347] {dagbag.py:508} INFO - Filling up the DagBag from /home/airflow/.local/lib/python3.7/site-packages/airflow/example_dags/example_sla_dag.py
[2022-08-18 02:44:06,367] {processor.py:651} INFO - DAG(s) dict_keys(['example_sla_dag']) retrieved from /home/airflow/.local/lib/python3.7/site-packages/airflow/example_dags/example_sla_dag.py
[2022-08-18 02:44:06,400] {logging_mixin.py:115} INFO - [2022-08-18 02:44:06,400] {dag.py:2420} INFO - Sync 1 DAGs
[2022-08-18 02:44:06,431] {logging_mixin.py:115} INFO - [2022-08-18 02:44:06,431] {dag.py:2972} INFO - Setting next_dagrun for example_sla_dag to 2022-08-18T02:42:00+00:00, run_after=2022-08-18T02:44:00+00:00
[2022-08-18 02:44:06,460] {processor.py:161} INFO - Processing /home/airflow/.local/lib/python3.7/site-packages/airflow/example_dags/example_sla_dag.py took 0.119 seconds
[2022-08-18 02:44:36,506] {processor.py:153} INFO - Started process (PID=10370) to work on /home/airflow/.local/lib/python3.7/site-packages/airflow/example_dags/example_sla_dag.py
[2022-08-18 02:44:36,508] {processor.py:641} INFO - Processing file /home/airflow/.local/lib/python3.7/site-packages/airflow/example_dags/example_sla_dag.py for tasks to queue
[2022-08-18 02:44:36,508] {logging_mixin.py:115} INFO - [2022-08-18 02:44:36,508] {dagbag.py:508} INFO - Filling up the DagBag from /home/airflow/.local/lib/python3.7/site-packages/airflow/example_dags/example_sla_dag.py
[2022-08-18 02:44:36,534] {processor.py:651} INFO - DAG(s) dict_keys(['example_sla_dag']) retrieved from /home/airflow/.local/lib/python3.7/site-packages/airflow/example_dags/example_sla_dag.py
[2022-08-18 02:44:36,575] {logging_mixin.py:115} INFO - [2022-08-18 02:44:36,575] {dag.py:2420} INFO - Sync 1 DAGs
[2022-08-18 02:44:36,618] {logging_mixin.py:115} INFO - [2022-08-18 02:44:36,618] {dag.py:2972} INFO - Setting next_dagrun for example_sla_dag to 2022-08-18T02:42:00+00:00, run_after=2022-08-18T02:44:00+00:00
[2022-08-18 02:44:36,639] {processor.py:161} INFO - Processing /home/airflow/.local/lib/python3.7/site-packages/airflow/example_dags/example_sla_dag.py took 0.137 seconds
[2022-08-18 02:45:07,326] {processor.py:153} INFO - Started process (PID=10564) to work on /home/airflow/.local/lib/python3.7/site-packages/airflow/example_dags/example_sla_dag.py
[2022-08-18 02:45:07,327] {processor.py:641} INFO - Processing file /home/airflow/.local/lib/python3.7/site-packages/airflow/example_dags/example_sla_dag.py for tasks to queue
[2022-08-18 02:45:07,328] {logging_mixin.py:115} INFO - [2022-08-18 02:45:07,328] {dagbag.py:508} INFO - Filling up the DagBag from /home/airflow/.local/lib/python3.7/site-packages/airflow/example_dags/example_sla_dag.py
[2022-08-18 02:45:07,352] {processor.py:651} INFO - DAG(s) dict_keys(['example_sla_dag']) retrieved from /home/airflow/.local/lib/python3.7/site-packages/airflow/example_dags/example_sla_dag.py
[2022-08-18 02:45:07,381] {logging_mixin.py:115} INFO - [2022-08-18 02:45:07,381] {dag.py:2420} INFO - Sync 1 DAGs
[2022-08-18 02:45:07,417] {logging_mixin.py:115} INFO - [2022-08-18 02:45:07,416] {dag.py:2972} INFO - Setting next_dagrun for example_sla_dag to 2022-08-18T02:42:00+00:00, run_after=2022-08-18T02:44:00+00:00
[2022-08-18 02:45:07,443] {processor.py:161} INFO - Processing /home/airflow/.local/lib/python3.7/site-packages/airflow/example_dags/example_sla_dag.py took 0.120 seconds
[2022-08-18 02:45:37,688] {processor.py:153} INFO - Started process (PID=10767) to work on /home/airflow/.local/lib/python3.7/site-packages/airflow/example_dags/example_sla_dag.py
[2022-08-18 02:45:37,690] {processor.py:641} INFO - Processing file /home/airflow/.local/lib/python3.7/site-packages/airflow/example_dags/example_sla_dag.py for tasks to queue
[2022-08-18 02:45:37,691] {logging_mixin.py:115} INFO - [2022-08-18 02:45:37,691] {dagbag.py:508} INFO - Filling up the DagBag from /home/airflow/.local/lib/python3.7/site-packages/airflow/example_dags/example_sla_dag.py
[2022-08-18 02:45:37,722] {processor.py:651} INFO - DAG(s) dict_keys(['example_sla_dag']) retrieved from /home/airflow/.local/lib/python3.7/site-packages/airflow/example_dags/example_sla_dag.py
[2022-08-18 02:45:37,770] {logging_mixin.py:115} INFO - [2022-08-18 02:45:37,770] {dag.py:2420} INFO - Sync 1 DAGs
[2022-08-18 02:45:37,816] {logging_mixin.py:115} INFO - [2022-08-18 02:45:37,815] {dag.py:2972} INFO - Setting next_dagrun for example_sla_dag to 2022-08-18T02:42:00+00:00, run_after=2022-08-18T02:44:00+00:00
[2022-08-18 02:45:37,843] {processor.py:161} INFO - Processing /home/airflow/.local/lib/python3.7/site-packages/airflow/example_dags/example_sla_dag.py took 0.159 seconds
[2022-08-18 02:46:08,217] {processor.py:153} INFO - Started process (PID=10961) to work on /home/airflow/.local/lib/python3.7/site-packages/airflow/example_dags/example_sla_dag.py
[2022-08-18 02:46:08,219] {processor.py:641} INFO - Processing file /home/airflow/.local/lib/python3.7/site-packages/airflow/example_dags/example_sla_dag.py for tasks to queue
[2022-08-18 02:46:08,220] {logging_mixin.py:115} INFO - [2022-08-18 02:46:08,220] {dagbag.py:508} INFO - Filling up the DagBag from /home/airflow/.local/lib/python3.7/site-packages/airflow/example_dags/example_sla_dag.py
[2022-08-18 02:46:08,248] {processor.py:651} INFO - DAG(s) dict_keys(['example_sla_dag']) retrieved from /home/airflow/.local/lib/python3.7/site-packages/airflow/example_dags/example_sla_dag.py
[2022-08-18 02:46:08,291] {logging_mixin.py:115} INFO - [2022-08-18 02:46:08,290] {dag.py:2420} INFO - Sync 1 DAGs
[2022-08-18 02:46:08,338] {logging_mixin.py:115} INFO - [2022-08-18 02:46:08,338] {dag.py:2972} INFO - Setting next_dagrun for example_sla_dag to 2022-08-18T02:44:00+00:00, run_after=2022-08-18T02:46:00+00:00
[2022-08-18 02:46:08,370] {processor.py:161} INFO - Processing /home/airflow/.local/lib/python3.7/site-packages/airflow/example_dags/example_sla_dag.py took 0.157 seconds
[2022-08-18 02:46:38,522] {processor.py:153} INFO - Started process (PID=11164) to work on /home/airflow/.local/lib/python3.7/site-packages/airflow/example_dags/example_sla_dag.py
[2022-08-18 02:46:38,523] {processor.py:641} INFO - Processing file /home/airflow/.local/lib/python3.7/site-packages/airflow/example_dags/example_sla_dag.py for tasks to queue
[2022-08-18 02:46:38,525] {logging_mixin.py:115} INFO - [2022-08-18 02:46:38,525] {dagbag.py:508} INFO - Filling up the DagBag from /home/airflow/.local/lib/python3.7/site-packages/airflow/example_dags/example_sla_dag.py
[2022-08-18 02:46:38,550] {processor.py:651} INFO - DAG(s) dict_keys(['example_sla_dag']) retrieved from /home/airflow/.local/lib/python3.7/site-packages/airflow/example_dags/example_sla_dag.py
[2022-08-18 02:46:38,582] {logging_mixin.py:115} INFO - [2022-08-18 02:46:38,582] {dag.py:2420} INFO - Sync 1 DAGs
[2022-08-18 02:46:38,613] {logging_mixin.py:115} INFO - [2022-08-18 02:46:38,613] {dag.py:2972} INFO - Setting next_dagrun for example_sla_dag to 2022-08-18T02:44:00+00:00, run_after=2022-08-18T02:46:00+00:00
[2022-08-18 02:46:38,630] {processor.py:161} INFO - Processing /home/airflow/.local/lib/python3.7/site-packages/airflow/example_dags/example_sla_dag.py took 0.114 seconds
[2022-08-18 02:47:09,274] {processor.py:153} INFO - Started process (PID=11358) to work on /home/airflow/.local/lib/python3.7/site-packages/airflow/example_dags/example_sla_dag.py
[2022-08-18 02:47:09,275] {processor.py:641} INFO - Processing file /home/airflow/.local/lib/python3.7/site-packages/airflow/example_dags/example_sla_dag.py for tasks to queue
[2022-08-18 02:47:09,276] {logging_mixin.py:115} INFO - [2022-08-18 02:47:09,275] {dagbag.py:508} INFO - Filling up the DagBag from /home/airflow/.local/lib/python3.7/site-packages/airflow/example_dags/example_sla_dag.py
[2022-08-18 02:47:09,297] {processor.py:651} INFO - DAG(s) dict_keys(['example_sla_dag']) retrieved from /home/airflow/.local/lib/python3.7/site-packages/airflow/example_dags/example_sla_dag.py
[2022-08-18 02:47:09,387] {logging_mixin.py:115} INFO - [2022-08-18 02:47:09,387] {dag.py:2420} INFO - Sync 1 DAGs
[2022-08-18 02:47:09,424] {logging_mixin.py:115} INFO - [2022-08-18 02:47:09,424] {dag.py:2972} INFO - Setting next_dagrun for example_sla_dag to 2022-08-18T02:44:00+00:00, run_after=2022-08-18T02:46:00+00:00
[2022-08-18 02:47:09,445] {processor.py:161} INFO - Processing /home/airflow/.local/lib/python3.7/site-packages/airflow/example_dags/example_sla_dag.py took 0.176 seconds
[2022-08-18 02:47:40,230] {processor.py:153} INFO - Started process (PID=11561) to work on /home/airflow/.local/lib/python3.7/site-packages/airflow/example_dags/example_sla_dag.py
[2022-08-18 02:47:40,231] {processor.py:641} INFO - Processing file /home/airflow/.local/lib/python3.7/site-packages/airflow/example_dags/example_sla_dag.py for tasks to queue
[2022-08-18 02:47:40,232] {logging_mixin.py:115} INFO - [2022-08-18 02:47:40,232] {dagbag.py:508} INFO - Filling up the DagBag from /home/airflow/.local/lib/python3.7/site-packages/airflow/example_dags/example_sla_dag.py
[2022-08-18 02:47:40,255] {processor.py:651} INFO - DAG(s) dict_keys(['example_sla_dag']) retrieved from /home/airflow/.local/lib/python3.7/site-packages/airflow/example_dags/example_sla_dag.py
[2022-08-18 02:47:40,292] {logging_mixin.py:115} INFO - [2022-08-18 02:47:40,292] {dag.py:2420} INFO - Sync 1 DAGs
[2022-08-18 02:47:40,330] {logging_mixin.py:115} INFO - [2022-08-18 02:47:40,330] {dag.py:2972} INFO - Setting next_dagrun for example_sla_dag to 2022-08-18T02:44:00+00:00, run_after=2022-08-18T02:46:00+00:00
[2022-08-18 02:47:40,347] {processor.py:161} INFO - Processing /home/airflow/.local/lib/python3.7/site-packages/airflow/example_dags/example_sla_dag.py took 0.120 seconds
[2022-08-18 02:48:11,014] {processor.py:153} INFO - Started process (PID=11755) to work on /home/airflow/.local/lib/python3.7/site-packages/airflow/example_dags/example_sla_dag.py
[2022-08-18 02:48:11,015] {processor.py:641} INFO - Processing file /home/airflow/.local/lib/python3.7/site-packages/airflow/example_dags/example_sla_dag.py for tasks to queue
[2022-08-18 02:48:11,016] {logging_mixin.py:115} INFO - [2022-08-18 02:48:11,015] {dagbag.py:508} INFO - Filling up the DagBag from /home/airflow/.local/lib/python3.7/site-packages/airflow/example_dags/example_sla_dag.py
[2022-08-18 02:48:11,037] {processor.py:651} INFO - DAG(s) dict_keys(['example_sla_dag']) retrieved from /home/airflow/.local/lib/python3.7/site-packages/airflow/example_dags/example_sla_dag.py
[2022-08-18 02:48:11,071] {logging_mixin.py:115} INFO - [2022-08-18 02:48:11,071] {dag.py:2420} INFO - Sync 1 DAGs
[2022-08-18 02:48:11,105] {logging_mixin.py:115} INFO - [2022-08-18 02:48:11,105] {dag.py:2972} INFO - Setting next_dagrun for example_sla_dag to 2022-08-18T02:46:00+00:00, run_after=2022-08-18T02:48:00+00:00
[2022-08-18 02:48:11,122] {processor.py:161} INFO - Processing /home/airflow/.local/lib/python3.7/site-packages/airflow/example_dags/example_sla_dag.py took 0.112 seconds
[2022-08-18 02:48:41,405] {processor.py:153} INFO - Started process (PID=11958) to work on /home/airflow/.local/lib/python3.7/site-packages/airflow/example_dags/example_sla_dag.py
[2022-08-18 02:48:41,406] {processor.py:641} INFO - Processing file /home/airflow/.local/lib/python3.7/site-packages/airflow/example_dags/example_sla_dag.py for tasks to queue
[2022-08-18 02:48:41,407] {logging_mixin.py:115} INFO - [2022-08-18 02:48:41,407] {dagbag.py:508} INFO - Filling up the DagBag from /home/airflow/.local/lib/python3.7/site-packages/airflow/example_dags/example_sla_dag.py
[2022-08-18 02:48:41,429] {processor.py:651} INFO - DAG(s) dict_keys(['example_sla_dag']) retrieved from /home/airflow/.local/lib/python3.7/site-packages/airflow/example_dags/example_sla_dag.py
[2022-08-18 02:48:41,464] {logging_mixin.py:115} INFO - [2022-08-18 02:48:41,463] {dag.py:2420} INFO - Sync 1 DAGs
[2022-08-18 02:48:41,498] {logging_mixin.py:115} INFO - [2022-08-18 02:48:41,498] {dag.py:2972} INFO - Setting next_dagrun for example_sla_dag to 2022-08-18T02:46:00+00:00, run_after=2022-08-18T02:48:00+00:00
[2022-08-18 02:48:41,515] {processor.py:161} INFO - Processing /home/airflow/.local/lib/python3.7/site-packages/airflow/example_dags/example_sla_dag.py took 0.113 seconds
[2022-08-18 02:49:12,152] {processor.py:153} INFO - Started process (PID=12152) to work on /home/airflow/.local/lib/python3.7/site-packages/airflow/example_dags/example_sla_dag.py
[2022-08-18 02:49:12,153] {processor.py:641} INFO - Processing file /home/airflow/.local/lib/python3.7/site-packages/airflow/example_dags/example_sla_dag.py for tasks to queue
[2022-08-18 02:49:12,154] {logging_mixin.py:115} INFO - [2022-08-18 02:49:12,154] {dagbag.py:508} INFO - Filling up the DagBag from /home/airflow/.local/lib/python3.7/site-packages/airflow/example_dags/example_sla_dag.py
[2022-08-18 02:49:12,175] {processor.py:651} INFO - DAG(s) dict_keys(['example_sla_dag']) retrieved from /home/airflow/.local/lib/python3.7/site-packages/airflow/example_dags/example_sla_dag.py
[2022-08-18 02:49:12,208] {logging_mixin.py:115} INFO - [2022-08-18 02:49:12,207] {dag.py:2420} INFO - Sync 1 DAGs
[2022-08-18 02:49:12,239] {logging_mixin.py:115} INFO - [2022-08-18 02:49:12,239] {dag.py:2972} INFO - Setting next_dagrun for example_sla_dag to 2022-08-18T02:46:00+00:00, run_after=2022-08-18T02:48:00+00:00
[2022-08-18 02:49:12,254] {processor.py:161} INFO - Processing /home/airflow/.local/lib/python3.7/site-packages/airflow/example_dags/example_sla_dag.py took 0.105 seconds
[2022-08-18 02:49:43,086] {processor.py:153} INFO - Started process (PID=12355) to work on /home/airflow/.local/lib/python3.7/site-packages/airflow/example_dags/example_sla_dag.py
[2022-08-18 02:49:43,087] {processor.py:641} INFO - Processing file /home/airflow/.local/lib/python3.7/site-packages/airflow/example_dags/example_sla_dag.py for tasks to queue
[2022-08-18 02:49:43,088] {logging_mixin.py:115} INFO - [2022-08-18 02:49:43,088] {dagbag.py:508} INFO - Filling up the DagBag from /home/airflow/.local/lib/python3.7/site-packages/airflow/example_dags/example_sla_dag.py
[2022-08-18 02:49:43,115] {processor.py:651} INFO - DAG(s) dict_keys(['example_sla_dag']) retrieved from /home/airflow/.local/lib/python3.7/site-packages/airflow/example_dags/example_sla_dag.py
[2022-08-18 02:49:43,151] {logging_mixin.py:115} INFO - [2022-08-18 02:49:43,150] {dag.py:2420} INFO - Sync 1 DAGs
[2022-08-18 02:49:43,195] {logging_mixin.py:115} INFO - [2022-08-18 02:49:43,195] {dag.py:2972} INFO - Setting next_dagrun for example_sla_dag to 2022-08-18T02:46:00+00:00, run_after=2022-08-18T02:48:00+00:00
[2022-08-18 02:49:43,215] {processor.py:161} INFO - Processing /home/airflow/.local/lib/python3.7/site-packages/airflow/example_dags/example_sla_dag.py took 0.134 seconds
[2022-08-18 02:50:13,525] {processor.py:153} INFO - Started process (PID=12555) to work on /home/airflow/.local/lib/python3.7/site-packages/airflow/example_dags/example_sla_dag.py
[2022-08-18 02:50:13,526] {processor.py:641} INFO - Processing file /home/airflow/.local/lib/python3.7/site-packages/airflow/example_dags/example_sla_dag.py for tasks to queue
[2022-08-18 02:50:13,528] {logging_mixin.py:115} INFO - [2022-08-18 02:50:13,527] {dagbag.py:508} INFO - Filling up the DagBag from /home/airflow/.local/lib/python3.7/site-packages/airflow/example_dags/example_sla_dag.py
[2022-08-18 02:50:13,559] {processor.py:651} INFO - DAG(s) dict_keys(['example_sla_dag']) retrieved from /home/airflow/.local/lib/python3.7/site-packages/airflow/example_dags/example_sla_dag.py
[2022-08-18 02:50:13,600] {logging_mixin.py:115} INFO - [2022-08-18 02:50:13,600] {dag.py:2420} INFO - Sync 1 DAGs
[2022-08-18 02:50:13,652] {logging_mixin.py:115} INFO - [2022-08-18 02:50:13,652] {dag.py:2972} INFO - Setting next_dagrun for example_sla_dag to 2022-08-18T02:48:00+00:00, run_after=2022-08-18T02:50:00+00:00
[2022-08-18 02:50:13,672] {processor.py:161} INFO - Processing /home/airflow/.local/lib/python3.7/site-packages/airflow/example_dags/example_sla_dag.py took 0.152 seconds
[2022-08-18 02:50:44,530] {processor.py:153} INFO - Started process (PID=12752) to work on /home/airflow/.local/lib/python3.7/site-packages/airflow/example_dags/example_sla_dag.py
[2022-08-18 02:50:44,531] {processor.py:641} INFO - Processing file /home/airflow/.local/lib/python3.7/site-packages/airflow/example_dags/example_sla_dag.py for tasks to queue
[2022-08-18 02:50:44,532] {logging_mixin.py:115} INFO - [2022-08-18 02:50:44,532] {dagbag.py:508} INFO - Filling up the DagBag from /home/airflow/.local/lib/python3.7/site-packages/airflow/example_dags/example_sla_dag.py
[2022-08-18 02:50:44,552] {processor.py:651} INFO - DAG(s) dict_keys(['example_sla_dag']) retrieved from /home/airflow/.local/lib/python3.7/site-packages/airflow/example_dags/example_sla_dag.py
[2022-08-18 02:50:44,584] {logging_mixin.py:115} INFO - [2022-08-18 02:50:44,583] {dag.py:2420} INFO - Sync 1 DAGs
[2022-08-18 02:50:44,616] {logging_mixin.py:115} INFO - [2022-08-18 02:50:44,616] {dag.py:2972} INFO - Setting next_dagrun for example_sla_dag to 2022-08-18T02:48:00+00:00, run_after=2022-08-18T02:50:00+00:00
[2022-08-18 02:50:44,641] {processor.py:161} INFO - Processing /home/airflow/.local/lib/python3.7/site-packages/airflow/example_dags/example_sla_dag.py took 0.115 seconds
[2022-08-18 02:51:14,867] {processor.py:153} INFO - Started process (PID=12953) to work on /home/airflow/.local/lib/python3.7/site-packages/airflow/example_dags/example_sla_dag.py
[2022-08-18 02:51:14,869] {processor.py:641} INFO - Processing file /home/airflow/.local/lib/python3.7/site-packages/airflow/example_dags/example_sla_dag.py for tasks to queue
[2022-08-18 02:51:14,870] {logging_mixin.py:115} INFO - [2022-08-18 02:51:14,870] {dagbag.py:508} INFO - Filling up the DagBag from /home/airflow/.local/lib/python3.7/site-packages/airflow/example_dags/example_sla_dag.py
[2022-08-18 02:51:14,896] {processor.py:651} INFO - DAG(s) dict_keys(['example_sla_dag']) retrieved from /home/airflow/.local/lib/python3.7/site-packages/airflow/example_dags/example_sla_dag.py
[2022-08-18 02:51:14,934] {logging_mixin.py:115} INFO - [2022-08-18 02:51:14,934] {dag.py:2420} INFO - Sync 1 DAGs
[2022-08-18 02:51:14,977] {logging_mixin.py:115} INFO - [2022-08-18 02:51:14,977] {dag.py:2972} INFO - Setting next_dagrun for example_sla_dag to 2022-08-18T02:48:00+00:00, run_after=2022-08-18T02:50:00+00:00
[2022-08-18 02:51:14,996] {processor.py:161} INFO - Processing /home/airflow/.local/lib/python3.7/site-packages/airflow/example_dags/example_sla_dag.py took 0.134 seconds
[2022-08-18 02:51:45,223] {processor.py:153} INFO - Started process (PID=13150) to work on /home/airflow/.local/lib/python3.7/site-packages/airflow/example_dags/example_sla_dag.py
[2022-08-18 02:51:45,226] {processor.py:641} INFO - Processing file /home/airflow/.local/lib/python3.7/site-packages/airflow/example_dags/example_sla_dag.py for tasks to queue
[2022-08-18 02:51:45,227] {logging_mixin.py:115} INFO - [2022-08-18 02:51:45,227] {dagbag.py:508} INFO - Filling up the DagBag from /home/airflow/.local/lib/python3.7/site-packages/airflow/example_dags/example_sla_dag.py
[2022-08-18 02:51:45,263] {processor.py:651} INFO - DAG(s) dict_keys(['example_sla_dag']) retrieved from /home/airflow/.local/lib/python3.7/site-packages/airflow/example_dags/example_sla_dag.py
[2022-08-18 02:51:45,299] {logging_mixin.py:115} INFO - [2022-08-18 02:51:45,299] {dag.py:2420} INFO - Sync 1 DAGs
[2022-08-18 02:51:45,338] {logging_mixin.py:115} INFO - [2022-08-18 02:51:45,338] {dag.py:2972} INFO - Setting next_dagrun for example_sla_dag to 2022-08-18T02:48:00+00:00, run_after=2022-08-18T02:50:00+00:00
[2022-08-18 02:51:45,356] {processor.py:161} INFO - Processing /home/airflow/.local/lib/python3.7/site-packages/airflow/example_dags/example_sla_dag.py took 0.139 seconds
[2022-08-18 02:52:15,448] {processor.py:153} INFO - Started process (PID=13350) to work on /home/airflow/.local/lib/python3.7/site-packages/airflow/example_dags/example_sla_dag.py
[2022-08-18 02:52:15,449] {processor.py:641} INFO - Processing file /home/airflow/.local/lib/python3.7/site-packages/airflow/example_dags/example_sla_dag.py for tasks to queue
[2022-08-18 02:52:15,450] {logging_mixin.py:115} INFO - [2022-08-18 02:52:15,450] {dagbag.py:508} INFO - Filling up the DagBag from /home/airflow/.local/lib/python3.7/site-packages/airflow/example_dags/example_sla_dag.py
[2022-08-18 02:52:15,476] {processor.py:651} INFO - DAG(s) dict_keys(['example_sla_dag']) retrieved from /home/airflow/.local/lib/python3.7/site-packages/airflow/example_dags/example_sla_dag.py
[2022-08-18 02:52:15,513] {logging_mixin.py:115} INFO - [2022-08-18 02:52:15,513] {dag.py:2420} INFO - Sync 1 DAGs
[2022-08-18 02:52:15,547] {logging_mixin.py:115} INFO - [2022-08-18 02:52:15,546] {dag.py:2972} INFO - Setting next_dagrun for example_sla_dag to 2022-08-18T02:50:00+00:00, run_after=2022-08-18T02:52:00+00:00
[2022-08-18 02:52:15,569] {processor.py:161} INFO - Processing /home/airflow/.local/lib/python3.7/site-packages/airflow/example_dags/example_sla_dag.py took 0.128 seconds
[2022-08-18 02:52:45,698] {processor.py:153} INFO - Started process (PID=13547) to work on /home/airflow/.local/lib/python3.7/site-packages/airflow/example_dags/example_sla_dag.py
[2022-08-18 02:52:45,699] {processor.py:641} INFO - Processing file /home/airflow/.local/lib/python3.7/site-packages/airflow/example_dags/example_sla_dag.py for tasks to queue
[2022-08-18 02:52:45,703] {logging_mixin.py:115} INFO - [2022-08-18 02:52:45,703] {dagbag.py:508} INFO - Filling up the DagBag from /home/airflow/.local/lib/python3.7/site-packages/airflow/example_dags/example_sla_dag.py
[2022-08-18 02:52:45,734] {processor.py:651} INFO - DAG(s) dict_keys(['example_sla_dag']) retrieved from /home/airflow/.local/lib/python3.7/site-packages/airflow/example_dags/example_sla_dag.py
[2022-08-18 02:52:45,822] {logging_mixin.py:115} INFO - [2022-08-18 02:52:45,822] {dag.py:2420} INFO - Sync 1 DAGs
[2022-08-18 02:52:45,872] {logging_mixin.py:115} INFO - [2022-08-18 02:52:45,872] {dag.py:2972} INFO - Setting next_dagrun for example_sla_dag to 2022-08-18T02:50:00+00:00, run_after=2022-08-18T02:52:00+00:00
[2022-08-18 02:52:45,893] {processor.py:161} INFO - Processing /home/airflow/.local/lib/python3.7/site-packages/airflow/example_dags/example_sla_dag.py took 0.198 seconds
[2022-08-18 02:53:16,172] {processor.py:153} INFO - Started process (PID=13741) to work on /home/airflow/.local/lib/python3.7/site-packages/airflow/example_dags/example_sla_dag.py
[2022-08-18 02:53:16,173] {processor.py:641} INFO - Processing file /home/airflow/.local/lib/python3.7/site-packages/airflow/example_dags/example_sla_dag.py for tasks to queue
[2022-08-18 02:53:16,178] {logging_mixin.py:115} INFO - [2022-08-18 02:53:16,177] {dagbag.py:508} INFO - Filling up the DagBag from /home/airflow/.local/lib/python3.7/site-packages/airflow/example_dags/example_sla_dag.py
[2022-08-18 02:53:16,225] {processor.py:651} INFO - DAG(s) dict_keys(['example_sla_dag']) retrieved from /home/airflow/.local/lib/python3.7/site-packages/airflow/example_dags/example_sla_dag.py
[2022-08-18 02:53:16,308] {logging_mixin.py:115} INFO - [2022-08-18 02:53:16,308] {dag.py:2420} INFO - Sync 1 DAGs
[2022-08-18 02:53:16,347] {logging_mixin.py:115} INFO - [2022-08-18 02:53:16,347] {dag.py:2972} INFO - Setting next_dagrun for example_sla_dag to 2022-08-18T02:50:00+00:00, run_after=2022-08-18T02:52:00+00:00
[2022-08-18 02:53:16,364] {processor.py:161} INFO - Processing /home/airflow/.local/lib/python3.7/site-packages/airflow/example_dags/example_sla_dag.py took 0.196 seconds
[2022-08-18 02:53:46,735] {processor.py:153} INFO - Started process (PID=13944) to work on /home/airflow/.local/lib/python3.7/site-packages/airflow/example_dags/example_sla_dag.py
[2022-08-18 02:53:46,736] {processor.py:641} INFO - Processing file /home/airflow/.local/lib/python3.7/site-packages/airflow/example_dags/example_sla_dag.py for tasks to queue
[2022-08-18 02:53:46,737] {logging_mixin.py:115} INFO - [2022-08-18 02:53:46,737] {dagbag.py:508} INFO - Filling up the DagBag from /home/airflow/.local/lib/python3.7/site-packages/airflow/example_dags/example_sla_dag.py
[2022-08-18 02:53:46,767] {processor.py:651} INFO - DAG(s) dict_keys(['example_sla_dag']) retrieved from /home/airflow/.local/lib/python3.7/site-packages/airflow/example_dags/example_sla_dag.py
[2022-08-18 02:53:46,807] {logging_mixin.py:115} INFO - [2022-08-18 02:53:46,806] {dag.py:2420} INFO - Sync 1 DAGs
[2022-08-18 02:53:46,856] {logging_mixin.py:115} INFO - [2022-08-18 02:53:46,855] {dag.py:2972} INFO - Setting next_dagrun for example_sla_dag to 2022-08-18T02:50:00+00:00, run_after=2022-08-18T02:52:00+00:00
[2022-08-18 02:53:46,886] {processor.py:161} INFO - Processing /home/airflow/.local/lib/python3.7/site-packages/airflow/example_dags/example_sla_dag.py took 0.157 seconds
[2022-08-18 02:54:16,946] {processor.py:153} INFO - Started process (PID=14135) to work on /home/airflow/.local/lib/python3.7/site-packages/airflow/example_dags/example_sla_dag.py
[2022-08-18 02:54:16,947] {processor.py:641} INFO - Processing file /home/airflow/.local/lib/python3.7/site-packages/airflow/example_dags/example_sla_dag.py for tasks to queue
[2022-08-18 02:54:16,948] {logging_mixin.py:115} INFO - [2022-08-18 02:54:16,948] {dagbag.py:508} INFO - Filling up the DagBag from /home/airflow/.local/lib/python3.7/site-packages/airflow/example_dags/example_sla_dag.py
[2022-08-18 02:54:16,969] {processor.py:651} INFO - DAG(s) dict_keys(['example_sla_dag']) retrieved from /home/airflow/.local/lib/python3.7/site-packages/airflow/example_dags/example_sla_dag.py
[2022-08-18 02:54:17,002] {logging_mixin.py:115} INFO - [2022-08-18 02:54:17,002] {dag.py:2420} INFO - Sync 1 DAGs
[2022-08-18 02:54:17,051] {logging_mixin.py:115} INFO - [2022-08-18 02:54:17,050] {dag.py:2972} INFO - Setting next_dagrun for example_sla_dag to 2022-08-18T02:52:00+00:00, run_after=2022-08-18T02:54:00+00:00
[2022-08-18 02:54:17,070] {processor.py:161} INFO - Processing /home/airflow/.local/lib/python3.7/site-packages/airflow/example_dags/example_sla_dag.py took 0.128 seconds
[2022-08-18 02:54:47,310] {processor.py:153} INFO - Started process (PID=14341) to work on /home/airflow/.local/lib/python3.7/site-packages/airflow/example_dags/example_sla_dag.py
[2022-08-18 02:54:47,311] {processor.py:641} INFO - Processing file /home/airflow/.local/lib/python3.7/site-packages/airflow/example_dags/example_sla_dag.py for tasks to queue
[2022-08-18 02:54:47,312] {logging_mixin.py:115} INFO - [2022-08-18 02:54:47,312] {dagbag.py:508} INFO - Filling up the DagBag from /home/airflow/.local/lib/python3.7/site-packages/airflow/example_dags/example_sla_dag.py
[2022-08-18 02:54:47,333] {processor.py:651} INFO - DAG(s) dict_keys(['example_sla_dag']) retrieved from /home/airflow/.local/lib/python3.7/site-packages/airflow/example_dags/example_sla_dag.py
[2022-08-18 02:54:47,366] {logging_mixin.py:115} INFO - [2022-08-18 02:54:47,366] {dag.py:2420} INFO - Sync 1 DAGs
[2022-08-18 02:54:47,424] {logging_mixin.py:115} INFO - [2022-08-18 02:54:47,424] {dag.py:2972} INFO - Setting next_dagrun for example_sla_dag to 2022-08-18T02:52:00+00:00, run_after=2022-08-18T02:54:00+00:00
[2022-08-18 02:54:47,442] {processor.py:161} INFO - Processing /home/airflow/.local/lib/python3.7/site-packages/airflow/example_dags/example_sla_dag.py took 0.136 seconds
[2022-08-18 02:55:17,686] {processor.py:153} INFO - Started process (PID=14535) to work on /home/airflow/.local/lib/python3.7/site-packages/airflow/example_dags/example_sla_dag.py
[2022-08-18 02:55:17,687] {processor.py:641} INFO - Processing file /home/airflow/.local/lib/python3.7/site-packages/airflow/example_dags/example_sla_dag.py for tasks to queue
[2022-08-18 02:55:17,688] {logging_mixin.py:115} INFO - [2022-08-18 02:55:17,688] {dagbag.py:508} INFO - Filling up the DagBag from /home/airflow/.local/lib/python3.7/site-packages/airflow/example_dags/example_sla_dag.py
[2022-08-18 02:55:17,714] {processor.py:651} INFO - DAG(s) dict_keys(['example_sla_dag']) retrieved from /home/airflow/.local/lib/python3.7/site-packages/airflow/example_dags/example_sla_dag.py
[2022-08-18 02:55:17,746] {logging_mixin.py:115} INFO - [2022-08-18 02:55:17,746] {dag.py:2420} INFO - Sync 1 DAGs
[2022-08-18 02:55:17,786] {logging_mixin.py:115} INFO - [2022-08-18 02:55:17,786] {dag.py:2972} INFO - Setting next_dagrun for example_sla_dag to 2022-08-18T02:52:00+00:00, run_after=2022-08-18T02:54:00+00:00
[2022-08-18 02:55:17,803] {processor.py:161} INFO - Processing /home/airflow/.local/lib/python3.7/site-packages/airflow/example_dags/example_sla_dag.py took 0.121 seconds
[2022-08-18 02:55:48,136] {processor.py:153} INFO - Started process (PID=14738) to work on /home/airflow/.local/lib/python3.7/site-packages/airflow/example_dags/example_sla_dag.py
[2022-08-18 02:55:48,137] {processor.py:641} INFO - Processing file /home/airflow/.local/lib/python3.7/site-packages/airflow/example_dags/example_sla_dag.py for tasks to queue
[2022-08-18 02:55:48,138] {logging_mixin.py:115} INFO - [2022-08-18 02:55:48,137] {dagbag.py:508} INFO - Filling up the DagBag from /home/airflow/.local/lib/python3.7/site-packages/airflow/example_dags/example_sla_dag.py
[2022-08-18 02:55:48,157] {processor.py:651} INFO - DAG(s) dict_keys(['example_sla_dag']) retrieved from /home/airflow/.local/lib/python3.7/site-packages/airflow/example_dags/example_sla_dag.py
[2022-08-18 02:55:48,193] {logging_mixin.py:115} INFO - [2022-08-18 02:55:48,193] {dag.py:2420} INFO - Sync 1 DAGs
[2022-08-18 02:55:48,231] {logging_mixin.py:115} INFO - [2022-08-18 02:55:48,230] {dag.py:2972} INFO - Setting next_dagrun for example_sla_dag to 2022-08-18T02:52:00+00:00, run_after=2022-08-18T02:54:00+00:00
[2022-08-18 02:55:48,247] {processor.py:161} INFO - Processing /home/airflow/.local/lib/python3.7/site-packages/airflow/example_dags/example_sla_dag.py took 0.115 seconds
[2022-08-18 02:56:18,615] {processor.py:153} INFO - Started process (PID=14932) to work on /home/airflow/.local/lib/python3.7/site-packages/airflow/example_dags/example_sla_dag.py
[2022-08-18 02:56:18,615] {processor.py:641} INFO - Processing file /home/airflow/.local/lib/python3.7/site-packages/airflow/example_dags/example_sla_dag.py for tasks to queue
[2022-08-18 02:56:18,616] {logging_mixin.py:115} INFO - [2022-08-18 02:56:18,616] {dagbag.py:508} INFO - Filling up the DagBag from /home/airflow/.local/lib/python3.7/site-packages/airflow/example_dags/example_sla_dag.py
[2022-08-18 02:56:18,646] {processor.py:651} INFO - DAG(s) dict_keys(['example_sla_dag']) retrieved from /home/airflow/.local/lib/python3.7/site-packages/airflow/example_dags/example_sla_dag.py
[2022-08-18 02:56:18,678] {logging_mixin.py:115} INFO - [2022-08-18 02:56:18,678] {dag.py:2420} INFO - Sync 1 DAGs
[2022-08-18 02:56:18,710] {logging_mixin.py:115} INFO - [2022-08-18 02:56:18,710] {dag.py:2972} INFO - Setting next_dagrun for example_sla_dag to 2022-08-18T02:54:00+00:00, run_after=2022-08-18T02:56:00+00:00
[2022-08-18 02:56:18,735] {processor.py:161} INFO - Processing /home/airflow/.local/lib/python3.7/site-packages/airflow/example_dags/example_sla_dag.py took 0.125 seconds
[2022-08-18 02:56:48,856] {processor.py:153} INFO - Started process (PID=15135) to work on /home/airflow/.local/lib/python3.7/site-packages/airflow/example_dags/example_sla_dag.py
[2022-08-18 02:56:48,857] {processor.py:641} INFO - Processing file /home/airflow/.local/lib/python3.7/site-packages/airflow/example_dags/example_sla_dag.py for tasks to queue
[2022-08-18 02:56:48,858] {logging_mixin.py:115} INFO - [2022-08-18 02:56:48,858] {dagbag.py:508} INFO - Filling up the DagBag from /home/airflow/.local/lib/python3.7/site-packages/airflow/example_dags/example_sla_dag.py
[2022-08-18 02:56:48,884] {processor.py:651} INFO - DAG(s) dict_keys(['example_sla_dag']) retrieved from /home/airflow/.local/lib/python3.7/site-packages/airflow/example_dags/example_sla_dag.py
[2022-08-18 02:56:48,919] {logging_mixin.py:115} INFO - [2022-08-18 02:56:48,918] {dag.py:2420} INFO - Sync 1 DAGs
[2022-08-18 02:56:48,953] {logging_mixin.py:115} INFO - [2022-08-18 02:56:48,953] {dag.py:2972} INFO - Setting next_dagrun for example_sla_dag to 2022-08-18T02:54:00+00:00, run_after=2022-08-18T02:56:00+00:00
[2022-08-18 02:56:48,971] {processor.py:161} INFO - Processing /home/airflow/.local/lib/python3.7/site-packages/airflow/example_dags/example_sla_dag.py took 0.118 seconds
[2022-08-18 02:57:19,244] {processor.py:153} INFO - Started process (PID=15329) to work on /home/airflow/.local/lib/python3.7/site-packages/airflow/example_dags/example_sla_dag.py
[2022-08-18 02:57:19,245] {processor.py:641} INFO - Processing file /home/airflow/.local/lib/python3.7/site-packages/airflow/example_dags/example_sla_dag.py for tasks to queue
[2022-08-18 02:57:19,246] {logging_mixin.py:115} INFO - [2022-08-18 02:57:19,246] {dagbag.py:508} INFO - Filling up the DagBag from /home/airflow/.local/lib/python3.7/site-packages/airflow/example_dags/example_sla_dag.py
[2022-08-18 02:57:19,270] {processor.py:651} INFO - DAG(s) dict_keys(['example_sla_dag']) retrieved from /home/airflow/.local/lib/python3.7/site-packages/airflow/example_dags/example_sla_dag.py
[2022-08-18 02:57:19,302] {logging_mixin.py:115} INFO - [2022-08-18 02:57:19,302] {dag.py:2420} INFO - Sync 1 DAGs
[2022-08-18 02:57:19,339] {logging_mixin.py:115} INFO - [2022-08-18 02:57:19,339] {dag.py:2972} INFO - Setting next_dagrun for example_sla_dag to 2022-08-18T02:54:00+00:00, run_after=2022-08-18T02:56:00+00:00
[2022-08-18 02:57:19,355] {processor.py:161} INFO - Processing /home/airflow/.local/lib/python3.7/site-packages/airflow/example_dags/example_sla_dag.py took 0.114 seconds
[2022-08-18 02:57:49,647] {processor.py:153} INFO - Started process (PID=15532) to work on /home/airflow/.local/lib/python3.7/site-packages/airflow/example_dags/example_sla_dag.py
[2022-08-18 02:57:49,648] {processor.py:641} INFO - Processing file /home/airflow/.local/lib/python3.7/site-packages/airflow/example_dags/example_sla_dag.py for tasks to queue
[2022-08-18 02:57:49,649] {logging_mixin.py:115} INFO - [2022-08-18 02:57:49,649] {dagbag.py:508} INFO - Filling up the DagBag from /home/airflow/.local/lib/python3.7/site-packages/airflow/example_dags/example_sla_dag.py
[2022-08-18 02:57:49,670] {processor.py:651} INFO - DAG(s) dict_keys(['example_sla_dag']) retrieved from /home/airflow/.local/lib/python3.7/site-packages/airflow/example_dags/example_sla_dag.py
[2022-08-18 02:57:49,702] {logging_mixin.py:115} INFO - [2022-08-18 02:57:49,702] {dag.py:2420} INFO - Sync 1 DAGs
[2022-08-18 02:57:49,737] {logging_mixin.py:115} INFO - [2022-08-18 02:57:49,737] {dag.py:2972} INFO - Setting next_dagrun for example_sla_dag to 2022-08-18T02:54:00+00:00, run_after=2022-08-18T02:56:00+00:00
[2022-08-18 02:57:49,754] {processor.py:161} INFO - Processing /home/airflow/.local/lib/python3.7/site-packages/airflow/example_dags/example_sla_dag.py took 0.110 seconds
[2022-08-18 02:58:19,942] {processor.py:153} INFO - Started process (PID=15726) to work on /home/airflow/.local/lib/python3.7/site-packages/airflow/example_dags/example_sla_dag.py
[2022-08-18 02:58:19,943] {processor.py:641} INFO - Processing file /home/airflow/.local/lib/python3.7/site-packages/airflow/example_dags/example_sla_dag.py for tasks to queue
[2022-08-18 02:58:19,945] {logging_mixin.py:115} INFO - [2022-08-18 02:58:19,944] {dagbag.py:508} INFO - Filling up the DagBag from /home/airflow/.local/lib/python3.7/site-packages/airflow/example_dags/example_sla_dag.py
[2022-08-18 02:58:19,970] {processor.py:651} INFO - DAG(s) dict_keys(['example_sla_dag']) retrieved from /home/airflow/.local/lib/python3.7/site-packages/airflow/example_dags/example_sla_dag.py
[2022-08-18 02:58:20,007] {logging_mixin.py:115} INFO - [2022-08-18 02:58:20,007] {dag.py:2420} INFO - Sync 1 DAGs
[2022-08-18 02:58:20,042] {logging_mixin.py:115} INFO - [2022-08-18 02:58:20,041] {dag.py:2972} INFO - Setting next_dagrun for example_sla_dag to 2022-08-18T02:56:00+00:00, run_after=2022-08-18T02:58:00+00:00
[2022-08-18 02:58:20,061] {processor.py:161} INFO - Processing /home/airflow/.local/lib/python3.7/site-packages/airflow/example_dags/example_sla_dag.py took 0.122 seconds
[2022-08-18 02:58:50,484] {processor.py:153} INFO - Started process (PID=15930) to work on /home/airflow/.local/lib/python3.7/site-packages/airflow/example_dags/example_sla_dag.py
[2022-08-18 02:58:50,485] {processor.py:641} INFO - Processing file /home/airflow/.local/lib/python3.7/site-packages/airflow/example_dags/example_sla_dag.py for tasks to queue
[2022-08-18 02:58:50,486] {logging_mixin.py:115} INFO - [2022-08-18 02:58:50,486] {dagbag.py:508} INFO - Filling up the DagBag from /home/airflow/.local/lib/python3.7/site-packages/airflow/example_dags/example_sla_dag.py
[2022-08-18 02:58:50,509] {processor.py:651} INFO - DAG(s) dict_keys(['example_sla_dag']) retrieved from /home/airflow/.local/lib/python3.7/site-packages/airflow/example_dags/example_sla_dag.py
[2022-08-18 02:58:50,541] {logging_mixin.py:115} INFO - [2022-08-18 02:58:50,540] {dag.py:2420} INFO - Sync 1 DAGs
[2022-08-18 02:58:50,574] {logging_mixin.py:115} INFO - [2022-08-18 02:58:50,574] {dag.py:2972} INFO - Setting next_dagrun for example_sla_dag to 2022-08-18T02:56:00+00:00, run_after=2022-08-18T02:58:00+00:00
[2022-08-18 02:58:50,589] {processor.py:161} INFO - Processing /home/airflow/.local/lib/python3.7/site-packages/airflow/example_dags/example_sla_dag.py took 0.110 seconds
[2022-08-18 02:59:20,776] {processor.py:153} INFO - Started process (PID=16124) to work on /home/airflow/.local/lib/python3.7/site-packages/airflow/example_dags/example_sla_dag.py
[2022-08-18 02:59:20,778] {processor.py:641} INFO - Processing file /home/airflow/.local/lib/python3.7/site-packages/airflow/example_dags/example_sla_dag.py for tasks to queue
[2022-08-18 02:59:20,779] {logging_mixin.py:115} INFO - [2022-08-18 02:59:20,779] {dagbag.py:508} INFO - Filling up the DagBag from /home/airflow/.local/lib/python3.7/site-packages/airflow/example_dags/example_sla_dag.py
[2022-08-18 02:59:20,806] {processor.py:651} INFO - DAG(s) dict_keys(['example_sla_dag']) retrieved from /home/airflow/.local/lib/python3.7/site-packages/airflow/example_dags/example_sla_dag.py
[2022-08-18 02:59:20,845] {logging_mixin.py:115} INFO - [2022-08-18 02:59:20,844] {dag.py:2420} INFO - Sync 1 DAGs
[2022-08-18 02:59:20,887] {logging_mixin.py:115} INFO - [2022-08-18 02:59:20,886] {dag.py:2972} INFO - Setting next_dagrun for example_sla_dag to 2022-08-18T02:56:00+00:00, run_after=2022-08-18T02:58:00+00:00
[2022-08-18 02:59:20,907] {processor.py:161} INFO - Processing /home/airflow/.local/lib/python3.7/site-packages/airflow/example_dags/example_sla_dag.py took 0.135 seconds
[2022-08-18 02:59:51,137] {processor.py:153} INFO - Started process (PID=16327) to work on /home/airflow/.local/lib/python3.7/site-packages/airflow/example_dags/example_sla_dag.py
[2022-08-18 02:59:51,138] {processor.py:641} INFO - Processing file /home/airflow/.local/lib/python3.7/site-packages/airflow/example_dags/example_sla_dag.py for tasks to queue
[2022-08-18 02:59:51,139] {logging_mixin.py:115} INFO - [2022-08-18 02:59:51,139] {dagbag.py:508} INFO - Filling up the DagBag from /home/airflow/.local/lib/python3.7/site-packages/airflow/example_dags/example_sla_dag.py
[2022-08-18 02:59:51,162] {processor.py:651} INFO - DAG(s) dict_keys(['example_sla_dag']) retrieved from /home/airflow/.local/lib/python3.7/site-packages/airflow/example_dags/example_sla_dag.py
[2022-08-18 02:59:51,193] {logging_mixin.py:115} INFO - [2022-08-18 02:59:51,193] {dag.py:2420} INFO - Sync 1 DAGs
[2022-08-18 02:59:51,230] {logging_mixin.py:115} INFO - [2022-08-18 02:59:51,230] {dag.py:2972} INFO - Setting next_dagrun for example_sla_dag to 2022-08-18T02:56:00+00:00, run_after=2022-08-18T02:58:00+00:00
[2022-08-18 02:59:51,246] {processor.py:161} INFO - Processing /home/airflow/.local/lib/python3.7/site-packages/airflow/example_dags/example_sla_dag.py took 0.114 seconds
[2022-08-18 03:00:21,345] {processor.py:153} INFO - Started process (PID=16521) to work on /home/airflow/.local/lib/python3.7/site-packages/airflow/example_dags/example_sla_dag.py
[2022-08-18 03:00:21,346] {processor.py:641} INFO - Processing file /home/airflow/.local/lib/python3.7/site-packages/airflow/example_dags/example_sla_dag.py for tasks to queue
[2022-08-18 03:00:21,347] {logging_mixin.py:115} INFO - [2022-08-18 03:00:21,347] {dagbag.py:508} INFO - Filling up the DagBag from /home/airflow/.local/lib/python3.7/site-packages/airflow/example_dags/example_sla_dag.py
[2022-08-18 03:00:21,367] {processor.py:651} INFO - DAG(s) dict_keys(['example_sla_dag']) retrieved from /home/airflow/.local/lib/python3.7/site-packages/airflow/example_dags/example_sla_dag.py
[2022-08-18 03:00:21,399] {logging_mixin.py:115} INFO - [2022-08-18 03:00:21,399] {dag.py:2420} INFO - Sync 1 DAGs
[2022-08-18 03:00:21,433] {logging_mixin.py:115} INFO - [2022-08-18 03:00:21,433] {dag.py:2972} INFO - Setting next_dagrun for example_sla_dag to 2022-08-18T02:58:00+00:00, run_after=2022-08-18T03:00:00+00:00
[2022-08-18 03:00:21,449] {processor.py:161} INFO - Processing /home/airflow/.local/lib/python3.7/site-packages/airflow/example_dags/example_sla_dag.py took 0.108 seconds
[2022-08-18 03:00:51,701] {processor.py:153} INFO - Started process (PID=16724) to work on /home/airflow/.local/lib/python3.7/site-packages/airflow/example_dags/example_sla_dag.py
[2022-08-18 03:00:51,702] {processor.py:641} INFO - Processing file /home/airflow/.local/lib/python3.7/site-packages/airflow/example_dags/example_sla_dag.py for tasks to queue
[2022-08-18 03:00:51,703] {logging_mixin.py:115} INFO - [2022-08-18 03:00:51,703] {dagbag.py:508} INFO - Filling up the DagBag from /home/airflow/.local/lib/python3.7/site-packages/airflow/example_dags/example_sla_dag.py
[2022-08-18 03:00:51,726] {processor.py:651} INFO - DAG(s) dict_keys(['example_sla_dag']) retrieved from /home/airflow/.local/lib/python3.7/site-packages/airflow/example_dags/example_sla_dag.py
[2022-08-18 03:00:51,760] {logging_mixin.py:115} INFO - [2022-08-18 03:00:51,760] {dag.py:2420} INFO - Sync 1 DAGs
[2022-08-18 03:00:51,799] {logging_mixin.py:115} INFO - [2022-08-18 03:00:51,799] {dag.py:2972} INFO - Setting next_dagrun for example_sla_dag to 2022-08-18T02:58:00+00:00, run_after=2022-08-18T03:00:00+00:00
[2022-08-18 03:00:51,815] {processor.py:161} INFO - Processing /home/airflow/.local/lib/python3.7/site-packages/airflow/example_dags/example_sla_dag.py took 0.118 seconds
[2022-08-18 03:01:22,022] {processor.py:153} INFO - Started process (PID=16919) to work on /home/airflow/.local/lib/python3.7/site-packages/airflow/example_dags/example_sla_dag.py
[2022-08-18 03:01:22,023] {processor.py:641} INFO - Processing file /home/airflow/.local/lib/python3.7/site-packages/airflow/example_dags/example_sla_dag.py for tasks to queue
[2022-08-18 03:01:22,025] {logging_mixin.py:115} INFO - [2022-08-18 03:01:22,025] {dagbag.py:508} INFO - Filling up the DagBag from /home/airflow/.local/lib/python3.7/site-packages/airflow/example_dags/example_sla_dag.py
[2022-08-18 03:01:22,045] {processor.py:651} INFO - DAG(s) dict_keys(['example_sla_dag']) retrieved from /home/airflow/.local/lib/python3.7/site-packages/airflow/example_dags/example_sla_dag.py
[2022-08-18 03:01:22,077] {logging_mixin.py:115} INFO - [2022-08-18 03:01:22,076] {dag.py:2420} INFO - Sync 1 DAGs
[2022-08-18 03:01:22,112] {logging_mixin.py:115} INFO - [2022-08-18 03:01:22,112] {dag.py:2972} INFO - Setting next_dagrun for example_sla_dag to 2022-08-18T02:58:00+00:00, run_after=2022-08-18T03:00:00+00:00
[2022-08-18 03:01:22,131] {processor.py:161} INFO - Processing /home/airflow/.local/lib/python3.7/site-packages/airflow/example_dags/example_sla_dag.py took 0.113 seconds
[2022-08-18 03:01:52,932] {processor.py:153} INFO - Started process (PID=17123) to work on /home/airflow/.local/lib/python3.7/site-packages/airflow/example_dags/example_sla_dag.py
[2022-08-18 03:01:52,933] {processor.py:641} INFO - Processing file /home/airflow/.local/lib/python3.7/site-packages/airflow/example_dags/example_sla_dag.py for tasks to queue
[2022-08-18 03:01:52,934] {logging_mixin.py:115} INFO - [2022-08-18 03:01:52,934] {dagbag.py:508} INFO - Filling up the DagBag from /home/airflow/.local/lib/python3.7/site-packages/airflow/example_dags/example_sla_dag.py
[2022-08-18 03:01:52,960] {processor.py:651} INFO - DAG(s) dict_keys(['example_sla_dag']) retrieved from /home/airflow/.local/lib/python3.7/site-packages/airflow/example_dags/example_sla_dag.py
[2022-08-18 03:01:52,995] {logging_mixin.py:115} INFO - [2022-08-18 03:01:52,995] {dag.py:2420} INFO - Sync 1 DAGs
[2022-08-18 03:01:53,036] {logging_mixin.py:115} INFO - [2022-08-18 03:01:53,036] {dag.py:2972} INFO - Setting next_dagrun for example_sla_dag to 2022-08-18T02:58:00+00:00, run_after=2022-08-18T03:00:00+00:00
[2022-08-18 03:01:53,054] {processor.py:161} INFO - Processing /home/airflow/.local/lib/python3.7/site-packages/airflow/example_dags/example_sla_dag.py took 0.125 seconds
