[2022-08-18 02:38:27,974] {processor.py:153} INFO - Started process (PID=7962) to work on /home/airflow/.local/lib/python3.7/site-packages/airflow/example_dags/example_latest_only.py
[2022-08-18 02:38:27,982] {processor.py:641} INFO - Processing file /home/airflow/.local/lib/python3.7/site-packages/airflow/example_dags/example_latest_only.py for tasks to queue
[2022-08-18 02:38:27,987] {logging_mixin.py:115} INFO - [2022-08-18 02:38:27,986] {dagbag.py:508} INFO - Filling up the DagBag from /home/airflow/.local/lib/python3.7/site-packages/airflow/example_dags/example_latest_only.py
[2022-08-18 02:38:28,045] {processor.py:651} INFO - DAG(s) dict_keys(['latest_only']) retrieved from /home/airflow/.local/lib/python3.7/site-packages/airflow/example_dags/example_latest_only.py
[2022-08-18 02:38:28,264] {logging_mixin.py:115} INFO - [2022-08-18 02:38:28,262] {dag.py:2420} INFO - Sync 1 DAGs
[2022-08-18 02:38:28,359] {logging_mixin.py:115} INFO - [2022-08-18 02:38:28,359] {dag.py:2972} INFO - Setting next_dagrun for latest_only to 2022-08-17T22:38:28.359114+00:00, run_after=2022-08-18T02:38:28.359114+00:00
[2022-08-18 02:38:28,407] {processor.py:161} INFO - Processing /home/airflow/.local/lib/python3.7/site-packages/airflow/example_dags/example_latest_only.py took 0.462 seconds
[2022-08-18 02:38:58,546] {processor.py:153} INFO - Started process (PID=8171) to work on /home/airflow/.local/lib/python3.7/site-packages/airflow/example_dags/example_latest_only.py
[2022-08-18 02:38:58,571] {processor.py:641} INFO - Processing file /home/airflow/.local/lib/python3.7/site-packages/airflow/example_dags/example_latest_only.py for tasks to queue
[2022-08-18 02:38:58,571] {logging_mixin.py:115} INFO - [2022-08-18 02:38:58,571] {dagbag.py:508} INFO - Filling up the DagBag from /home/airflow/.local/lib/python3.7/site-packages/airflow/example_dags/example_latest_only.py
[2022-08-18 02:38:58,576] {processor.py:651} INFO - DAG(s) dict_keys(['latest_only']) retrieved from /home/airflow/.local/lib/python3.7/site-packages/airflow/example_dags/example_latest_only.py
[2022-08-18 02:38:58,600] {logging_mixin.py:115} INFO - [2022-08-18 02:38:58,600] {dag.py:2420} INFO - Sync 1 DAGs
[2022-08-18 02:38:58,622] {logging_mixin.py:115} INFO - [2022-08-18 02:38:58,621] {dag.py:2972} INFO - Setting next_dagrun for latest_only to 2022-08-17T22:38:58.621759+00:00, run_after=2022-08-18T02:38:58.621759+00:00
[2022-08-18 02:38:58,640] {processor.py:161} INFO - Processing /home/airflow/.local/lib/python3.7/site-packages/airflow/example_dags/example_latest_only.py took 0.097 seconds
[2022-08-18 02:39:29,479] {processor.py:153} INFO - Started process (PID=8377) to work on /home/airflow/.local/lib/python3.7/site-packages/airflow/example_dags/example_latest_only.py
[2022-08-18 02:39:29,480] {processor.py:641} INFO - Processing file /home/airflow/.local/lib/python3.7/site-packages/airflow/example_dags/example_latest_only.py for tasks to queue
[2022-08-18 02:39:29,481] {logging_mixin.py:115} INFO - [2022-08-18 02:39:29,481] {dagbag.py:508} INFO - Filling up the DagBag from /home/airflow/.local/lib/python3.7/site-packages/airflow/example_dags/example_latest_only.py
[2022-08-18 02:39:29,486] {processor.py:651} INFO - DAG(s) dict_keys(['latest_only']) retrieved from /home/airflow/.local/lib/python3.7/site-packages/airflow/example_dags/example_latest_only.py
[2022-08-18 02:39:29,516] {logging_mixin.py:115} INFO - [2022-08-18 02:39:29,516] {dag.py:2420} INFO - Sync 1 DAGs
[2022-08-18 02:39:29,540] {logging_mixin.py:115} INFO - [2022-08-18 02:39:29,540] {dag.py:2972} INFO - Setting next_dagrun for latest_only to 2022-08-17T22:39:29.539962+00:00, run_after=2022-08-18T02:39:29.539962+00:00
[2022-08-18 02:39:29,556] {processor.py:161} INFO - Processing /home/airflow/.local/lib/python3.7/site-packages/airflow/example_dags/example_latest_only.py took 0.079 seconds
[2022-08-18 02:39:59,929] {processor.py:153} INFO - Started process (PID=8571) to work on /home/airflow/.local/lib/python3.7/site-packages/airflow/example_dags/example_latest_only.py
[2022-08-18 02:39:59,930] {processor.py:641} INFO - Processing file /home/airflow/.local/lib/python3.7/site-packages/airflow/example_dags/example_latest_only.py for tasks to queue
[2022-08-18 02:39:59,931] {logging_mixin.py:115} INFO - [2022-08-18 02:39:59,931] {dagbag.py:508} INFO - Filling up the DagBag from /home/airflow/.local/lib/python3.7/site-packages/airflow/example_dags/example_latest_only.py
[2022-08-18 02:39:59,937] {processor.py:651} INFO - DAG(s) dict_keys(['latest_only']) retrieved from /home/airflow/.local/lib/python3.7/site-packages/airflow/example_dags/example_latest_only.py
[2022-08-18 02:39:59,969] {logging_mixin.py:115} INFO - [2022-08-18 02:39:59,969] {dag.py:2420} INFO - Sync 1 DAGs
[2022-08-18 02:40:00,015] {logging_mixin.py:115} INFO - [2022-08-18 02:40:00,014] {dag.py:2972} INFO - Setting next_dagrun for latest_only to 2022-08-17T22:40:00.014295+00:00, run_after=2022-08-18T02:40:00.014295+00:00
[2022-08-18 02:40:00,035] {processor.py:161} INFO - Processing /home/airflow/.local/lib/python3.7/site-packages/airflow/example_dags/example_latest_only.py took 0.110 seconds
[2022-08-18 02:40:30,240] {processor.py:153} INFO - Started process (PID=8777) to work on /home/airflow/.local/lib/python3.7/site-packages/airflow/example_dags/example_latest_only.py
[2022-08-18 02:40:30,241] {processor.py:641} INFO - Processing file /home/airflow/.local/lib/python3.7/site-packages/airflow/example_dags/example_latest_only.py for tasks to queue
[2022-08-18 02:40:30,242] {logging_mixin.py:115} INFO - [2022-08-18 02:40:30,242] {dagbag.py:508} INFO - Filling up the DagBag from /home/airflow/.local/lib/python3.7/site-packages/airflow/example_dags/example_latest_only.py
[2022-08-18 02:40:30,248] {processor.py:651} INFO - DAG(s) dict_keys(['latest_only']) retrieved from /home/airflow/.local/lib/python3.7/site-packages/airflow/example_dags/example_latest_only.py
[2022-08-18 02:40:30,283] {logging_mixin.py:115} INFO - [2022-08-18 02:40:30,283] {dag.py:2420} INFO - Sync 1 DAGs
[2022-08-18 02:40:30,310] {logging_mixin.py:115} INFO - [2022-08-18 02:40:30,310] {dag.py:2972} INFO - Setting next_dagrun for latest_only to 2022-08-17T22:40:30.310492+00:00, run_after=2022-08-18T02:40:30.310492+00:00
[2022-08-18 02:40:30,326] {processor.py:161} INFO - Processing /home/airflow/.local/lib/python3.7/site-packages/airflow/example_dags/example_latest_only.py took 0.089 seconds
[2022-08-18 02:41:01,305] {processor.py:153} INFO - Started process (PID=8973) to work on /home/airflow/.local/lib/python3.7/site-packages/airflow/example_dags/example_latest_only.py
[2022-08-18 02:41:01,306] {processor.py:641} INFO - Processing file /home/airflow/.local/lib/python3.7/site-packages/airflow/example_dags/example_latest_only.py for tasks to queue
[2022-08-18 02:41:01,307] {logging_mixin.py:115} INFO - [2022-08-18 02:41:01,307] {dagbag.py:508} INFO - Filling up the DagBag from /home/airflow/.local/lib/python3.7/site-packages/airflow/example_dags/example_latest_only.py
[2022-08-18 02:41:01,313] {processor.py:651} INFO - DAG(s) dict_keys(['latest_only']) retrieved from /home/airflow/.local/lib/python3.7/site-packages/airflow/example_dags/example_latest_only.py
[2022-08-18 02:41:01,347] {logging_mixin.py:115} INFO - [2022-08-18 02:41:01,347] {dag.py:2420} INFO - Sync 1 DAGs
[2022-08-18 02:41:01,375] {logging_mixin.py:115} INFO - [2022-08-18 02:41:01,375] {dag.py:2972} INFO - Setting next_dagrun for latest_only to 2022-08-17T22:41:01.375429+00:00, run_after=2022-08-18T02:41:01.375429+00:00
[2022-08-18 02:41:01,402] {processor.py:161} INFO - Processing /home/airflow/.local/lib/python3.7/site-packages/airflow/example_dags/example_latest_only.py took 0.101 seconds
[2022-08-18 02:41:32,222] {processor.py:153} INFO - Started process (PID=9175) to work on /home/airflow/.local/lib/python3.7/site-packages/airflow/example_dags/example_latest_only.py
[2022-08-18 02:41:32,223] {processor.py:641} INFO - Processing file /home/airflow/.local/lib/python3.7/site-packages/airflow/example_dags/example_latest_only.py for tasks to queue
[2022-08-18 02:41:32,224] {logging_mixin.py:115} INFO - [2022-08-18 02:41:32,224] {dagbag.py:508} INFO - Filling up the DagBag from /home/airflow/.local/lib/python3.7/site-packages/airflow/example_dags/example_latest_only.py
[2022-08-18 02:41:32,230] {processor.py:651} INFO - DAG(s) dict_keys(['latest_only']) retrieved from /home/airflow/.local/lib/python3.7/site-packages/airflow/example_dags/example_latest_only.py
[2022-08-18 02:41:32,273] {logging_mixin.py:115} INFO - [2022-08-18 02:41:32,272] {dag.py:2420} INFO - Sync 1 DAGs
[2022-08-18 02:41:32,304] {logging_mixin.py:115} INFO - [2022-08-18 02:41:32,304] {dag.py:2972} INFO - Setting next_dagrun for latest_only to 2022-08-17T22:41:32.304317+00:00, run_after=2022-08-18T02:41:32.304317+00:00
[2022-08-18 02:41:32,321] {processor.py:161} INFO - Processing /home/airflow/.local/lib/python3.7/site-packages/airflow/example_dags/example_latest_only.py took 0.103 seconds
[2022-08-18 02:42:02,615] {processor.py:153} INFO - Started process (PID=9369) to work on /home/airflow/.local/lib/python3.7/site-packages/airflow/example_dags/example_latest_only.py
[2022-08-18 02:42:02,616] {processor.py:641} INFO - Processing file /home/airflow/.local/lib/python3.7/site-packages/airflow/example_dags/example_latest_only.py for tasks to queue
[2022-08-18 02:42:02,618] {logging_mixin.py:115} INFO - [2022-08-18 02:42:02,618] {dagbag.py:508} INFO - Filling up the DagBag from /home/airflow/.local/lib/python3.7/site-packages/airflow/example_dags/example_latest_only.py
[2022-08-18 02:42:02,626] {processor.py:651} INFO - DAG(s) dict_keys(['latest_only']) retrieved from /home/airflow/.local/lib/python3.7/site-packages/airflow/example_dags/example_latest_only.py
[2022-08-18 02:42:02,675] {logging_mixin.py:115} INFO - [2022-08-18 02:42:02,675] {dag.py:2420} INFO - Sync 1 DAGs
[2022-08-18 02:42:02,715] {logging_mixin.py:115} INFO - [2022-08-18 02:42:02,715] {dag.py:2972} INFO - Setting next_dagrun for latest_only to 2022-08-17T22:42:02.714840+00:00, run_after=2022-08-18T02:42:02.714840+00:00
[2022-08-18 02:42:02,748] {processor.py:161} INFO - Processing /home/airflow/.local/lib/python3.7/site-packages/airflow/example_dags/example_latest_only.py took 0.140 seconds
[2022-08-18 02:42:33,695] {processor.py:153} INFO - Started process (PID=9571) to work on /home/airflow/.local/lib/python3.7/site-packages/airflow/example_dags/example_latest_only.py
[2022-08-18 02:42:33,696] {processor.py:641} INFO - Processing file /home/airflow/.local/lib/python3.7/site-packages/airflow/example_dags/example_latest_only.py for tasks to queue
[2022-08-18 02:42:33,698] {logging_mixin.py:115} INFO - [2022-08-18 02:42:33,697] {dagbag.py:508} INFO - Filling up the DagBag from /home/airflow/.local/lib/python3.7/site-packages/airflow/example_dags/example_latest_only.py
[2022-08-18 02:42:33,704] {processor.py:651} INFO - DAG(s) dict_keys(['latest_only']) retrieved from /home/airflow/.local/lib/python3.7/site-packages/airflow/example_dags/example_latest_only.py
[2022-08-18 02:42:33,744] {logging_mixin.py:115} INFO - [2022-08-18 02:42:33,744] {dag.py:2420} INFO - Sync 1 DAGs
[2022-08-18 02:42:33,774] {logging_mixin.py:115} INFO - [2022-08-18 02:42:33,774] {dag.py:2972} INFO - Setting next_dagrun for latest_only to 2022-08-17T22:42:33.773866+00:00, run_after=2022-08-18T02:42:33.773866+00:00
[2022-08-18 02:42:33,792] {processor.py:161} INFO - Processing /home/airflow/.local/lib/python3.7/site-packages/airflow/example_dags/example_latest_only.py took 0.103 seconds
[2022-08-18 02:43:04,224] {processor.py:153} INFO - Started process (PID=9762) to work on /home/airflow/.local/lib/python3.7/site-packages/airflow/example_dags/example_latest_only.py
[2022-08-18 02:43:04,225] {processor.py:641} INFO - Processing file /home/airflow/.local/lib/python3.7/site-packages/airflow/example_dags/example_latest_only.py for tasks to queue
[2022-08-18 02:43:04,226] {logging_mixin.py:115} INFO - [2022-08-18 02:43:04,226] {dagbag.py:508} INFO - Filling up the DagBag from /home/airflow/.local/lib/python3.7/site-packages/airflow/example_dags/example_latest_only.py
[2022-08-18 02:43:04,232] {processor.py:651} INFO - DAG(s) dict_keys(['latest_only']) retrieved from /home/airflow/.local/lib/python3.7/site-packages/airflow/example_dags/example_latest_only.py
[2022-08-18 02:43:04,263] {logging_mixin.py:115} INFO - [2022-08-18 02:43:04,263] {dag.py:2420} INFO - Sync 1 DAGs
[2022-08-18 02:43:04,290] {logging_mixin.py:115} INFO - [2022-08-18 02:43:04,290] {dag.py:2972} INFO - Setting next_dagrun for latest_only to 2022-08-17T22:43:04.290112+00:00, run_after=2022-08-18T02:43:04.290112+00:00
[2022-08-18 02:43:04,310] {processor.py:161} INFO - Processing /home/airflow/.local/lib/python3.7/site-packages/airflow/example_dags/example_latest_only.py took 0.089 seconds
[2022-08-18 02:43:34,864] {processor.py:153} INFO - Started process (PID=9965) to work on /home/airflow/.local/lib/python3.7/site-packages/airflow/example_dags/example_latest_only.py
[2022-08-18 02:43:34,865] {processor.py:641} INFO - Processing file /home/airflow/.local/lib/python3.7/site-packages/airflow/example_dags/example_latest_only.py for tasks to queue
[2022-08-18 02:43:34,866] {logging_mixin.py:115} INFO - [2022-08-18 02:43:34,866] {dagbag.py:508} INFO - Filling up the DagBag from /home/airflow/.local/lib/python3.7/site-packages/airflow/example_dags/example_latest_only.py
[2022-08-18 02:43:34,872] {processor.py:651} INFO - DAG(s) dict_keys(['latest_only']) retrieved from /home/airflow/.local/lib/python3.7/site-packages/airflow/example_dags/example_latest_only.py
[2022-08-18 02:43:34,905] {logging_mixin.py:115} INFO - [2022-08-18 02:43:34,905] {dag.py:2420} INFO - Sync 1 DAGs
[2022-08-18 02:43:34,938] {logging_mixin.py:115} INFO - [2022-08-18 02:43:34,937] {dag.py:2972} INFO - Setting next_dagrun for latest_only to 2022-08-17T22:43:34.937292+00:00, run_after=2022-08-18T02:43:34.937292+00:00
[2022-08-18 02:43:34,968] {processor.py:161} INFO - Processing /home/airflow/.local/lib/python3.7/site-packages/airflow/example_dags/example_latest_only.py took 0.108 seconds
[2022-08-18 02:44:05,099] {processor.py:153} INFO - Started process (PID=10159) to work on /home/airflow/.local/lib/python3.7/site-packages/airflow/example_dags/example_latest_only.py
[2022-08-18 02:44:05,100] {processor.py:641} INFO - Processing file /home/airflow/.local/lib/python3.7/site-packages/airflow/example_dags/example_latest_only.py for tasks to queue
[2022-08-18 02:44:05,101] {logging_mixin.py:115} INFO - [2022-08-18 02:44:05,101] {dagbag.py:508} INFO - Filling up the DagBag from /home/airflow/.local/lib/python3.7/site-packages/airflow/example_dags/example_latest_only.py
[2022-08-18 02:44:05,107] {processor.py:651} INFO - DAG(s) dict_keys(['latest_only']) retrieved from /home/airflow/.local/lib/python3.7/site-packages/airflow/example_dags/example_latest_only.py
[2022-08-18 02:44:05,140] {logging_mixin.py:115} INFO - [2022-08-18 02:44:05,140] {dag.py:2420} INFO - Sync 1 DAGs
[2022-08-18 02:44:05,167] {logging_mixin.py:115} INFO - [2022-08-18 02:44:05,167] {dag.py:2972} INFO - Setting next_dagrun for latest_only to 2022-08-17T22:44:05.167486+00:00, run_after=2022-08-18T02:44:05.167486+00:00
[2022-08-18 02:44:05,194] {processor.py:161} INFO - Processing /home/airflow/.local/lib/python3.7/site-packages/airflow/example_dags/example_latest_only.py took 0.099 seconds
[2022-08-18 02:44:35,433] {processor.py:153} INFO - Started process (PID=10362) to work on /home/airflow/.local/lib/python3.7/site-packages/airflow/example_dags/example_latest_only.py
[2022-08-18 02:44:35,434] {processor.py:641} INFO - Processing file /home/airflow/.local/lib/python3.7/site-packages/airflow/example_dags/example_latest_only.py for tasks to queue
[2022-08-18 02:44:35,435] {logging_mixin.py:115} INFO - [2022-08-18 02:44:35,435] {dagbag.py:508} INFO - Filling up the DagBag from /home/airflow/.local/lib/python3.7/site-packages/airflow/example_dags/example_latest_only.py
[2022-08-18 02:44:35,441] {processor.py:651} INFO - DAG(s) dict_keys(['latest_only']) retrieved from /home/airflow/.local/lib/python3.7/site-packages/airflow/example_dags/example_latest_only.py
[2022-08-18 02:44:35,474] {logging_mixin.py:115} INFO - [2022-08-18 02:44:35,474] {dag.py:2420} INFO - Sync 1 DAGs
[2022-08-18 02:44:35,502] {logging_mixin.py:115} INFO - [2022-08-18 02:44:35,502] {dag.py:2972} INFO - Setting next_dagrun for latest_only to 2022-08-17T22:44:35.501966+00:00, run_after=2022-08-18T02:44:35.501966+00:00
[2022-08-18 02:44:35,530] {processor.py:161} INFO - Processing /home/airflow/.local/lib/python3.7/site-packages/airflow/example_dags/example_latest_only.py took 0.101 seconds
[2022-08-18 02:45:06,317] {processor.py:153} INFO - Started process (PID=10556) to work on /home/airflow/.local/lib/python3.7/site-packages/airflow/example_dags/example_latest_only.py
[2022-08-18 02:45:06,318] {processor.py:641} INFO - Processing file /home/airflow/.local/lib/python3.7/site-packages/airflow/example_dags/example_latest_only.py for tasks to queue
[2022-08-18 02:45:06,319] {logging_mixin.py:115} INFO - [2022-08-18 02:45:06,319] {dagbag.py:508} INFO - Filling up the DagBag from /home/airflow/.local/lib/python3.7/site-packages/airflow/example_dags/example_latest_only.py
[2022-08-18 02:45:06,327] {processor.py:651} INFO - DAG(s) dict_keys(['latest_only']) retrieved from /home/airflow/.local/lib/python3.7/site-packages/airflow/example_dags/example_latest_only.py
[2022-08-18 02:45:06,368] {logging_mixin.py:115} INFO - [2022-08-18 02:45:06,367] {dag.py:2420} INFO - Sync 1 DAGs
[2022-08-18 02:45:06,407] {logging_mixin.py:115} INFO - [2022-08-18 02:45:06,406] {dag.py:2972} INFO - Setting next_dagrun for latest_only to 2022-08-17T22:45:06.406316+00:00, run_after=2022-08-18T02:45:06.406316+00:00
[2022-08-18 02:45:06,425] {processor.py:161} INFO - Processing /home/airflow/.local/lib/python3.7/site-packages/airflow/example_dags/example_latest_only.py took 0.112 seconds
[2022-08-18 02:45:36,533] {processor.py:153} INFO - Started process (PID=10759) to work on /home/airflow/.local/lib/python3.7/site-packages/airflow/example_dags/example_latest_only.py
[2022-08-18 02:45:36,534] {processor.py:641} INFO - Processing file /home/airflow/.local/lib/python3.7/site-packages/airflow/example_dags/example_latest_only.py for tasks to queue
[2022-08-18 02:45:36,535] {logging_mixin.py:115} INFO - [2022-08-18 02:45:36,535] {dagbag.py:508} INFO - Filling up the DagBag from /home/airflow/.local/lib/python3.7/site-packages/airflow/example_dags/example_latest_only.py
[2022-08-18 02:45:36,541] {processor.py:651} INFO - DAG(s) dict_keys(['latest_only']) retrieved from /home/airflow/.local/lib/python3.7/site-packages/airflow/example_dags/example_latest_only.py
[2022-08-18 02:45:36,575] {logging_mixin.py:115} INFO - [2022-08-18 02:45:36,575] {dag.py:2420} INFO - Sync 1 DAGs
[2022-08-18 02:45:36,602] {logging_mixin.py:115} INFO - [2022-08-18 02:45:36,602] {dag.py:2972} INFO - Setting next_dagrun for latest_only to 2022-08-17T22:45:36.602453+00:00, run_after=2022-08-18T02:45:36.602453+00:00
[2022-08-18 02:45:36,629] {processor.py:161} INFO - Processing /home/airflow/.local/lib/python3.7/site-packages/airflow/example_dags/example_latest_only.py took 0.100 seconds
[2022-08-18 02:46:07,136] {processor.py:153} INFO - Started process (PID=10953) to work on /home/airflow/.local/lib/python3.7/site-packages/airflow/example_dags/example_latest_only.py
[2022-08-18 02:46:07,137] {processor.py:641} INFO - Processing file /home/airflow/.local/lib/python3.7/site-packages/airflow/example_dags/example_latest_only.py for tasks to queue
[2022-08-18 02:46:07,138] {logging_mixin.py:115} INFO - [2022-08-18 02:46:07,138] {dagbag.py:508} INFO - Filling up the DagBag from /home/airflow/.local/lib/python3.7/site-packages/airflow/example_dags/example_latest_only.py
[2022-08-18 02:46:07,144] {processor.py:651} INFO - DAG(s) dict_keys(['latest_only']) retrieved from /home/airflow/.local/lib/python3.7/site-packages/airflow/example_dags/example_latest_only.py
[2022-08-18 02:46:07,202] {logging_mixin.py:115} INFO - [2022-08-18 02:46:07,202] {dag.py:2420} INFO - Sync 1 DAGs
[2022-08-18 02:46:07,234] {logging_mixin.py:115} INFO - [2022-08-18 02:46:07,234] {dag.py:2972} INFO - Setting next_dagrun for latest_only to 2022-08-17T22:46:07.234150+00:00, run_after=2022-08-18T02:46:07.234150+00:00
[2022-08-18 02:46:07,255] {processor.py:161} INFO - Processing /home/airflow/.local/lib/python3.7/site-packages/airflow/example_dags/example_latest_only.py took 0.122 seconds
[2022-08-18 02:46:37,439] {processor.py:153} INFO - Started process (PID=11156) to work on /home/airflow/.local/lib/python3.7/site-packages/airflow/example_dags/example_latest_only.py
[2022-08-18 02:46:37,440] {processor.py:641} INFO - Processing file /home/airflow/.local/lib/python3.7/site-packages/airflow/example_dags/example_latest_only.py for tasks to queue
[2022-08-18 02:46:37,441] {logging_mixin.py:115} INFO - [2022-08-18 02:46:37,441] {dagbag.py:508} INFO - Filling up the DagBag from /home/airflow/.local/lib/python3.7/site-packages/airflow/example_dags/example_latest_only.py
[2022-08-18 02:46:37,448] {processor.py:651} INFO - DAG(s) dict_keys(['latest_only']) retrieved from /home/airflow/.local/lib/python3.7/site-packages/airflow/example_dags/example_latest_only.py
[2022-08-18 02:46:37,482] {logging_mixin.py:115} INFO - [2022-08-18 02:46:37,482] {dag.py:2420} INFO - Sync 1 DAGs
[2022-08-18 02:46:37,512] {logging_mixin.py:115} INFO - [2022-08-18 02:46:37,511] {dag.py:2972} INFO - Setting next_dagrun for latest_only to 2022-08-17T22:46:37.511488+00:00, run_after=2022-08-18T02:46:37.511488+00:00
[2022-08-18 02:46:37,539] {processor.py:161} INFO - Processing /home/airflow/.local/lib/python3.7/site-packages/airflow/example_dags/example_latest_only.py took 0.104 seconds
[2022-08-18 02:47:08,196] {processor.py:153} INFO - Started process (PID=11350) to work on /home/airflow/.local/lib/python3.7/site-packages/airflow/example_dags/example_latest_only.py
[2022-08-18 02:47:08,198] {processor.py:641} INFO - Processing file /home/airflow/.local/lib/python3.7/site-packages/airflow/example_dags/example_latest_only.py for tasks to queue
[2022-08-18 02:47:08,199] {logging_mixin.py:115} INFO - [2022-08-18 02:47:08,199] {dagbag.py:508} INFO - Filling up the DagBag from /home/airflow/.local/lib/python3.7/site-packages/airflow/example_dags/example_latest_only.py
[2022-08-18 02:47:08,208] {processor.py:651} INFO - DAG(s) dict_keys(['latest_only']) retrieved from /home/airflow/.local/lib/python3.7/site-packages/airflow/example_dags/example_latest_only.py
[2022-08-18 02:47:08,250] {logging_mixin.py:115} INFO - [2022-08-18 02:47:08,250] {dag.py:2420} INFO - Sync 1 DAGs
[2022-08-18 02:47:08,290] {logging_mixin.py:115} INFO - [2022-08-18 02:47:08,290] {dag.py:2972} INFO - Setting next_dagrun for latest_only to 2022-08-17T22:47:08.290042+00:00, run_after=2022-08-18T02:47:08.290042+00:00
[2022-08-18 02:47:08,315] {processor.py:161} INFO - Processing /home/airflow/.local/lib/python3.7/site-packages/airflow/example_dags/example_latest_only.py took 0.124 seconds
[2022-08-18 02:47:39,145] {processor.py:153} INFO - Started process (PID=11553) to work on /home/airflow/.local/lib/python3.7/site-packages/airflow/example_dags/example_latest_only.py
[2022-08-18 02:47:39,146] {processor.py:641} INFO - Processing file /home/airflow/.local/lib/python3.7/site-packages/airflow/example_dags/example_latest_only.py for tasks to queue
[2022-08-18 02:47:39,148] {logging_mixin.py:115} INFO - [2022-08-18 02:47:39,147] {dagbag.py:508} INFO - Filling up the DagBag from /home/airflow/.local/lib/python3.7/site-packages/airflow/example_dags/example_latest_only.py
[2022-08-18 02:47:39,156] {processor.py:651} INFO - DAG(s) dict_keys(['latest_only']) retrieved from /home/airflow/.local/lib/python3.7/site-packages/airflow/example_dags/example_latest_only.py
[2022-08-18 02:47:39,187] {logging_mixin.py:115} INFO - [2022-08-18 02:47:39,187] {dag.py:2420} INFO - Sync 1 DAGs
[2022-08-18 02:47:39,220] {logging_mixin.py:115} INFO - [2022-08-18 02:47:39,220] {dag.py:2972} INFO - Setting next_dagrun for latest_only to 2022-08-17T22:47:39.219954+00:00, run_after=2022-08-18T02:47:39.219954+00:00
[2022-08-18 02:47:39,241] {processor.py:161} INFO - Processing /home/airflow/.local/lib/python3.7/site-packages/airflow/example_dags/example_latest_only.py took 0.099 seconds
[2022-08-18 02:48:09,954] {processor.py:153} INFO - Started process (PID=11747) to work on /home/airflow/.local/lib/python3.7/site-packages/airflow/example_dags/example_latest_only.py
[2022-08-18 02:48:09,956] {processor.py:641} INFO - Processing file /home/airflow/.local/lib/python3.7/site-packages/airflow/example_dags/example_latest_only.py for tasks to queue
[2022-08-18 02:48:09,957] {logging_mixin.py:115} INFO - [2022-08-18 02:48:09,957] {dagbag.py:508} INFO - Filling up the DagBag from /home/airflow/.local/lib/python3.7/site-packages/airflow/example_dags/example_latest_only.py
[2022-08-18 02:48:09,967] {processor.py:651} INFO - DAG(s) dict_keys(['latest_only']) retrieved from /home/airflow/.local/lib/python3.7/site-packages/airflow/example_dags/example_latest_only.py
[2022-08-18 02:48:10,008] {logging_mixin.py:115} INFO - [2022-08-18 02:48:10,008] {dag.py:2420} INFO - Sync 1 DAGs
[2022-08-18 02:48:10,046] {logging_mixin.py:115} INFO - [2022-08-18 02:48:10,046] {dag.py:2972} INFO - Setting next_dagrun for latest_only to 2022-08-17T22:48:10.046345+00:00, run_after=2022-08-18T02:48:10.046345+00:00
[2022-08-18 02:48:10,072] {processor.py:161} INFO - Processing /home/airflow/.local/lib/python3.7/site-packages/airflow/example_dags/example_latest_only.py took 0.122 seconds
[2022-08-18 02:48:40,320] {processor.py:153} INFO - Started process (PID=11950) to work on /home/airflow/.local/lib/python3.7/site-packages/airflow/example_dags/example_latest_only.py
[2022-08-18 02:48:40,321] {processor.py:641} INFO - Processing file /home/airflow/.local/lib/python3.7/site-packages/airflow/example_dags/example_latest_only.py for tasks to queue
[2022-08-18 02:48:40,321] {logging_mixin.py:115} INFO - [2022-08-18 02:48:40,321] {dagbag.py:508} INFO - Filling up the DagBag from /home/airflow/.local/lib/python3.7/site-packages/airflow/example_dags/example_latest_only.py
[2022-08-18 02:48:40,327] {processor.py:651} INFO - DAG(s) dict_keys(['latest_only']) retrieved from /home/airflow/.local/lib/python3.7/site-packages/airflow/example_dags/example_latest_only.py
[2022-08-18 02:48:40,358] {logging_mixin.py:115} INFO - [2022-08-18 02:48:40,358] {dag.py:2420} INFO - Sync 1 DAGs
[2022-08-18 02:48:40,387] {logging_mixin.py:115} INFO - [2022-08-18 02:48:40,387] {dag.py:2972} INFO - Setting next_dagrun for latest_only to 2022-08-17T22:48:40.386969+00:00, run_after=2022-08-18T02:48:40.386969+00:00
[2022-08-18 02:48:40,415] {processor.py:161} INFO - Processing /home/airflow/.local/lib/python3.7/site-packages/airflow/example_dags/example_latest_only.py took 0.098 seconds
[2022-08-18 02:49:11,141] {processor.py:153} INFO - Started process (PID=12144) to work on /home/airflow/.local/lib/python3.7/site-packages/airflow/example_dags/example_latest_only.py
[2022-08-18 02:49:11,142] {processor.py:641} INFO - Processing file /home/airflow/.local/lib/python3.7/site-packages/airflow/example_dags/example_latest_only.py for tasks to queue
[2022-08-18 02:49:11,143] {logging_mixin.py:115} INFO - [2022-08-18 02:49:11,143] {dagbag.py:508} INFO - Filling up the DagBag from /home/airflow/.local/lib/python3.7/site-packages/airflow/example_dags/example_latest_only.py
[2022-08-18 02:49:11,149] {processor.py:651} INFO - DAG(s) dict_keys(['latest_only']) retrieved from /home/airflow/.local/lib/python3.7/site-packages/airflow/example_dags/example_latest_only.py
[2022-08-18 02:49:11,180] {logging_mixin.py:115} INFO - [2022-08-18 02:49:11,180] {dag.py:2420} INFO - Sync 1 DAGs
[2022-08-18 02:49:11,209] {logging_mixin.py:115} INFO - [2022-08-18 02:49:11,209] {dag.py:2972} INFO - Setting next_dagrun for latest_only to 2022-08-17T22:49:11.208782+00:00, run_after=2022-08-18T02:49:11.208782+00:00
[2022-08-18 02:49:11,231] {processor.py:161} INFO - Processing /home/airflow/.local/lib/python3.7/site-packages/airflow/example_dags/example_latest_only.py took 0.093 seconds
[2022-08-18 02:49:41,953] {processor.py:153} INFO - Started process (PID=12347) to work on /home/airflow/.local/lib/python3.7/site-packages/airflow/example_dags/example_latest_only.py
[2022-08-18 02:49:41,954] {processor.py:641} INFO - Processing file /home/airflow/.local/lib/python3.7/site-packages/airflow/example_dags/example_latest_only.py for tasks to queue
[2022-08-18 02:49:41,956] {logging_mixin.py:115} INFO - [2022-08-18 02:49:41,955] {dagbag.py:508} INFO - Filling up the DagBag from /home/airflow/.local/lib/python3.7/site-packages/airflow/example_dags/example_latest_only.py
[2022-08-18 02:49:41,962] {processor.py:651} INFO - DAG(s) dict_keys(['latest_only']) retrieved from /home/airflow/.local/lib/python3.7/site-packages/airflow/example_dags/example_latest_only.py
[2022-08-18 02:49:41,995] {logging_mixin.py:115} INFO - [2022-08-18 02:49:41,995] {dag.py:2420} INFO - Sync 1 DAGs
[2022-08-18 02:49:42,022] {logging_mixin.py:115} INFO - [2022-08-18 02:49:42,022] {dag.py:2972} INFO - Setting next_dagrun for latest_only to 2022-08-17T22:49:42.022500+00:00, run_after=2022-08-18T02:49:42.022500+00:00
[2022-08-18 02:49:42,040] {processor.py:161} INFO - Processing /home/airflow/.local/lib/python3.7/site-packages/airflow/example_dags/example_latest_only.py took 0.091 seconds
[2022-08-18 02:50:12,428] {processor.py:153} INFO - Started process (PID=12541) to work on /home/airflow/.local/lib/python3.7/site-packages/airflow/example_dags/example_latest_only.py
[2022-08-18 02:50:12,429] {processor.py:641} INFO - Processing file /home/airflow/.local/lib/python3.7/site-packages/airflow/example_dags/example_latest_only.py for tasks to queue
[2022-08-18 02:50:12,430] {logging_mixin.py:115} INFO - [2022-08-18 02:50:12,430] {dagbag.py:508} INFO - Filling up the DagBag from /home/airflow/.local/lib/python3.7/site-packages/airflow/example_dags/example_latest_only.py
[2022-08-18 02:50:12,435] {processor.py:651} INFO - DAG(s) dict_keys(['latest_only']) retrieved from /home/airflow/.local/lib/python3.7/site-packages/airflow/example_dags/example_latest_only.py
[2022-08-18 02:50:12,469] {logging_mixin.py:115} INFO - [2022-08-18 02:50:12,469] {dag.py:2420} INFO - Sync 1 DAGs
[2022-08-18 02:50:12,498] {logging_mixin.py:115} INFO - [2022-08-18 02:50:12,498] {dag.py:2972} INFO - Setting next_dagrun for latest_only to 2022-08-17T22:50:12.498543+00:00, run_after=2022-08-18T02:50:12.498543+00:00
[2022-08-18 02:50:12,524] {processor.py:161} INFO - Processing /home/airflow/.local/lib/python3.7/site-packages/airflow/example_dags/example_latest_only.py took 0.100 seconds
[2022-08-18 02:50:43,384] {processor.py:153} INFO - Started process (PID=12744) to work on /home/airflow/.local/lib/python3.7/site-packages/airflow/example_dags/example_latest_only.py
[2022-08-18 02:50:43,385] {processor.py:641} INFO - Processing file /home/airflow/.local/lib/python3.7/site-packages/airflow/example_dags/example_latest_only.py for tasks to queue
[2022-08-18 02:50:43,386] {logging_mixin.py:115} INFO - [2022-08-18 02:50:43,386] {dagbag.py:508} INFO - Filling up the DagBag from /home/airflow/.local/lib/python3.7/site-packages/airflow/example_dags/example_latest_only.py
[2022-08-18 02:50:43,395] {processor.py:651} INFO - DAG(s) dict_keys(['latest_only']) retrieved from /home/airflow/.local/lib/python3.7/site-packages/airflow/example_dags/example_latest_only.py
[2022-08-18 02:50:43,437] {logging_mixin.py:115} INFO - [2022-08-18 02:50:43,437] {dag.py:2420} INFO - Sync 1 DAGs
[2022-08-18 02:50:43,475] {logging_mixin.py:115} INFO - [2022-08-18 02:50:43,474] {dag.py:2972} INFO - Setting next_dagrun for latest_only to 2022-08-17T22:50:43.474447+00:00, run_after=2022-08-18T02:50:43.474447+00:00
[2022-08-18 02:50:43,498] {processor.py:161} INFO - Processing /home/airflow/.local/lib/python3.7/site-packages/airflow/example_dags/example_latest_only.py took 0.119 seconds
[2022-08-18 02:51:13,770] {processor.py:153} INFO - Started process (PID=12938) to work on /home/airflow/.local/lib/python3.7/site-packages/airflow/example_dags/example_latest_only.py
[2022-08-18 02:51:13,771] {processor.py:641} INFO - Processing file /home/airflow/.local/lib/python3.7/site-packages/airflow/example_dags/example_latest_only.py for tasks to queue
[2022-08-18 02:51:13,772] {logging_mixin.py:115} INFO - [2022-08-18 02:51:13,772] {dagbag.py:508} INFO - Filling up the DagBag from /home/airflow/.local/lib/python3.7/site-packages/airflow/example_dags/example_latest_only.py
[2022-08-18 02:51:13,777] {processor.py:651} INFO - DAG(s) dict_keys(['latest_only']) retrieved from /home/airflow/.local/lib/python3.7/site-packages/airflow/example_dags/example_latest_only.py
[2022-08-18 02:51:13,808] {logging_mixin.py:115} INFO - [2022-08-18 02:51:13,808] {dag.py:2420} INFO - Sync 1 DAGs
[2022-08-18 02:51:13,835] {logging_mixin.py:115} INFO - [2022-08-18 02:51:13,835] {dag.py:2972} INFO - Setting next_dagrun for latest_only to 2022-08-17T22:51:13.835441+00:00, run_after=2022-08-18T02:51:13.835441+00:00
[2022-08-18 02:51:13,862] {processor.py:161} INFO - Processing /home/airflow/.local/lib/python3.7/site-packages/airflow/example_dags/example_latest_only.py took 0.095 seconds
[2022-08-18 02:51:44,069] {processor.py:153} INFO - Started process (PID=13142) to work on /home/airflow/.local/lib/python3.7/site-packages/airflow/example_dags/example_latest_only.py
[2022-08-18 02:51:44,070] {processor.py:641} INFO - Processing file /home/airflow/.local/lib/python3.7/site-packages/airflow/example_dags/example_latest_only.py for tasks to queue
[2022-08-18 02:51:44,071] {logging_mixin.py:115} INFO - [2022-08-18 02:51:44,071] {dagbag.py:508} INFO - Filling up the DagBag from /home/airflow/.local/lib/python3.7/site-packages/airflow/example_dags/example_latest_only.py
[2022-08-18 02:51:44,077] {processor.py:651} INFO - DAG(s) dict_keys(['latest_only']) retrieved from /home/airflow/.local/lib/python3.7/site-packages/airflow/example_dags/example_latest_only.py
[2022-08-18 02:51:44,112] {logging_mixin.py:115} INFO - [2022-08-18 02:51:44,112] {dag.py:2420} INFO - Sync 1 DAGs
[2022-08-18 02:51:44,144] {logging_mixin.py:115} INFO - [2022-08-18 02:51:44,144] {dag.py:2972} INFO - Setting next_dagrun for latest_only to 2022-08-17T22:51:44.144050+00:00, run_after=2022-08-18T02:51:44.144050+00:00
[2022-08-18 02:51:44,161] {processor.py:161} INFO - Processing /home/airflow/.local/lib/python3.7/site-packages/airflow/example_dags/example_latest_only.py took 0.096 seconds
[2022-08-18 02:52:14,317] {processor.py:153} INFO - Started process (PID=13336) to work on /home/airflow/.local/lib/python3.7/site-packages/airflow/example_dags/example_latest_only.py
[2022-08-18 02:52:14,319] {processor.py:641} INFO - Processing file /home/airflow/.local/lib/python3.7/site-packages/airflow/example_dags/example_latest_only.py for tasks to queue
[2022-08-18 02:52:14,319] {logging_mixin.py:115} INFO - [2022-08-18 02:52:14,319] {dagbag.py:508} INFO - Filling up the DagBag from /home/airflow/.local/lib/python3.7/site-packages/airflow/example_dags/example_latest_only.py
[2022-08-18 02:52:14,328] {processor.py:651} INFO - DAG(s) dict_keys(['latest_only']) retrieved from /home/airflow/.local/lib/python3.7/site-packages/airflow/example_dags/example_latest_only.py
[2022-08-18 02:52:14,376] {logging_mixin.py:115} INFO - [2022-08-18 02:52:14,375] {dag.py:2420} INFO - Sync 1 DAGs
[2022-08-18 02:52:14,412] {logging_mixin.py:115} INFO - [2022-08-18 02:52:14,412] {dag.py:2972} INFO - Setting next_dagrun for latest_only to 2022-08-17T22:52:14.411919+00:00, run_after=2022-08-18T02:52:14.411919+00:00
[2022-08-18 02:52:14,440] {processor.py:161} INFO - Processing /home/airflow/.local/lib/python3.7/site-packages/airflow/example_dags/example_latest_only.py took 0.127 seconds
[2022-08-18 02:52:44,524] {processor.py:153} INFO - Started process (PID=13539) to work on /home/airflow/.local/lib/python3.7/site-packages/airflow/example_dags/example_latest_only.py
[2022-08-18 02:52:44,526] {processor.py:641} INFO - Processing file /home/airflow/.local/lib/python3.7/site-packages/airflow/example_dags/example_latest_only.py for tasks to queue
[2022-08-18 02:52:44,527] {logging_mixin.py:115} INFO - [2022-08-18 02:52:44,527] {dagbag.py:508} INFO - Filling up the DagBag from /home/airflow/.local/lib/python3.7/site-packages/airflow/example_dags/example_latest_only.py
[2022-08-18 02:52:44,536] {processor.py:651} INFO - DAG(s) dict_keys(['latest_only']) retrieved from /home/airflow/.local/lib/python3.7/site-packages/airflow/example_dags/example_latest_only.py
[2022-08-18 02:52:44,581] {logging_mixin.py:115} INFO - [2022-08-18 02:52:44,581] {dag.py:2420} INFO - Sync 1 DAGs
[2022-08-18 02:52:44,617] {logging_mixin.py:115} INFO - [2022-08-18 02:52:44,616] {dag.py:2972} INFO - Setting next_dagrun for latest_only to 2022-08-17T22:52:44.616598+00:00, run_after=2022-08-18T02:52:44.616598+00:00
[2022-08-18 02:52:44,644] {processor.py:161} INFO - Processing /home/airflow/.local/lib/python3.7/site-packages/airflow/example_dags/example_latest_only.py took 0.126 seconds
[2022-08-18 02:53:15,052] {processor.py:153} INFO - Started process (PID=13733) to work on /home/airflow/.local/lib/python3.7/site-packages/airflow/example_dags/example_latest_only.py
[2022-08-18 02:53:15,053] {processor.py:641} INFO - Processing file /home/airflow/.local/lib/python3.7/site-packages/airflow/example_dags/example_latest_only.py for tasks to queue
[2022-08-18 02:53:15,054] {logging_mixin.py:115} INFO - [2022-08-18 02:53:15,054] {dagbag.py:508} INFO - Filling up the DagBag from /home/airflow/.local/lib/python3.7/site-packages/airflow/example_dags/example_latest_only.py
[2022-08-18 02:53:15,061] {processor.py:651} INFO - DAG(s) dict_keys(['latest_only']) retrieved from /home/airflow/.local/lib/python3.7/site-packages/airflow/example_dags/example_latest_only.py
[2022-08-18 02:53:15,101] {logging_mixin.py:115} INFO - [2022-08-18 02:53:15,100] {dag.py:2420} INFO - Sync 1 DAGs
[2022-08-18 02:53:15,136] {logging_mixin.py:115} INFO - [2022-08-18 02:53:15,136] {dag.py:2972} INFO - Setting next_dagrun for latest_only to 2022-08-17T22:53:15.136084+00:00, run_after=2022-08-18T02:53:15.136084+00:00
[2022-08-18 02:53:15,168] {processor.py:161} INFO - Processing /home/airflow/.local/lib/python3.7/site-packages/airflow/example_dags/example_latest_only.py took 0.120 seconds
[2022-08-18 02:53:45,659] {processor.py:153} INFO - Started process (PID=13936) to work on /home/airflow/.local/lib/python3.7/site-packages/airflow/example_dags/example_latest_only.py
[2022-08-18 02:53:45,660] {processor.py:641} INFO - Processing file /home/airflow/.local/lib/python3.7/site-packages/airflow/example_dags/example_latest_only.py for tasks to queue
[2022-08-18 02:53:45,661] {logging_mixin.py:115} INFO - [2022-08-18 02:53:45,661] {dagbag.py:508} INFO - Filling up the DagBag from /home/airflow/.local/lib/python3.7/site-packages/airflow/example_dags/example_latest_only.py
[2022-08-18 02:53:45,672] {processor.py:651} INFO - DAG(s) dict_keys(['latest_only']) retrieved from /home/airflow/.local/lib/python3.7/site-packages/airflow/example_dags/example_latest_only.py
[2022-08-18 02:53:45,717] {logging_mixin.py:115} INFO - [2022-08-18 02:53:45,716] {dag.py:2420} INFO - Sync 1 DAGs
[2022-08-18 02:53:45,758] {logging_mixin.py:115} INFO - [2022-08-18 02:53:45,758] {dag.py:2972} INFO - Setting next_dagrun for latest_only to 2022-08-17T22:53:45.758190+00:00, run_after=2022-08-18T02:53:45.758190+00:00
[2022-08-18 02:53:45,791] {processor.py:161} INFO - Processing /home/airflow/.local/lib/python3.7/site-packages/airflow/example_dags/example_latest_only.py took 0.136 seconds
[2022-08-18 02:54:15,876] {processor.py:153} INFO - Started process (PID=14130) to work on /home/airflow/.local/lib/python3.7/site-packages/airflow/example_dags/example_latest_only.py
[2022-08-18 02:54:15,876] {processor.py:641} INFO - Processing file /home/airflow/.local/lib/python3.7/site-packages/airflow/example_dags/example_latest_only.py for tasks to queue
[2022-08-18 02:54:15,877] {logging_mixin.py:115} INFO - [2022-08-18 02:54:15,877] {dagbag.py:508} INFO - Filling up the DagBag from /home/airflow/.local/lib/python3.7/site-packages/airflow/example_dags/example_latest_only.py
[2022-08-18 02:54:15,884] {processor.py:651} INFO - DAG(s) dict_keys(['latest_only']) retrieved from /home/airflow/.local/lib/python3.7/site-packages/airflow/example_dags/example_latest_only.py
[2022-08-18 02:54:15,917] {logging_mixin.py:115} INFO - [2022-08-18 02:54:15,917] {dag.py:2420} INFO - Sync 1 DAGs
[2022-08-18 02:54:15,945] {logging_mixin.py:115} INFO - [2022-08-18 02:54:15,944] {dag.py:2972} INFO - Setting next_dagrun for latest_only to 2022-08-17T22:54:15.944711+00:00, run_after=2022-08-18T02:54:15.944711+00:00
[2022-08-18 02:54:15,971] {processor.py:161} INFO - Processing /home/airflow/.local/lib/python3.7/site-packages/airflow/example_dags/example_latest_only.py took 0.099 seconds
[2022-08-18 02:54:46,258] {processor.py:153} INFO - Started process (PID=14333) to work on /home/airflow/.local/lib/python3.7/site-packages/airflow/example_dags/example_latest_only.py
[2022-08-18 02:54:46,259] {processor.py:641} INFO - Processing file /home/airflow/.local/lib/python3.7/site-packages/airflow/example_dags/example_latest_only.py for tasks to queue
[2022-08-18 02:54:46,260] {logging_mixin.py:115} INFO - [2022-08-18 02:54:46,260] {dagbag.py:508} INFO - Filling up the DagBag from /home/airflow/.local/lib/python3.7/site-packages/airflow/example_dags/example_latest_only.py
[2022-08-18 02:54:46,270] {processor.py:651} INFO - DAG(s) dict_keys(['latest_only']) retrieved from /home/airflow/.local/lib/python3.7/site-packages/airflow/example_dags/example_latest_only.py
[2022-08-18 02:54:46,309] {logging_mixin.py:115} INFO - [2022-08-18 02:54:46,309] {dag.py:2420} INFO - Sync 1 DAGs
[2022-08-18 02:54:46,343] {logging_mixin.py:115} INFO - [2022-08-18 02:54:46,343] {dag.py:2972} INFO - Setting next_dagrun for latest_only to 2022-08-17T22:54:46.343199+00:00, run_after=2022-08-18T02:54:46.343199+00:00
[2022-08-18 02:54:46,374] {processor.py:161} INFO - Processing /home/airflow/.local/lib/python3.7/site-packages/airflow/example_dags/example_latest_only.py took 0.121 seconds
[2022-08-18 02:55:16,615] {processor.py:153} INFO - Started process (PID=14527) to work on /home/airflow/.local/lib/python3.7/site-packages/airflow/example_dags/example_latest_only.py
[2022-08-18 02:55:16,616] {processor.py:641} INFO - Processing file /home/airflow/.local/lib/python3.7/site-packages/airflow/example_dags/example_latest_only.py for tasks to queue
[2022-08-18 02:55:16,616] {logging_mixin.py:115} INFO - [2022-08-18 02:55:16,616] {dagbag.py:508} INFO - Filling up the DagBag from /home/airflow/.local/lib/python3.7/site-packages/airflow/example_dags/example_latest_only.py
[2022-08-18 02:55:16,623] {processor.py:651} INFO - DAG(s) dict_keys(['latest_only']) retrieved from /home/airflow/.local/lib/python3.7/site-packages/airflow/example_dags/example_latest_only.py
[2022-08-18 02:55:16,656] {logging_mixin.py:115} INFO - [2022-08-18 02:55:16,656] {dag.py:2420} INFO - Sync 1 DAGs
[2022-08-18 02:55:16,689] {logging_mixin.py:115} INFO - [2022-08-18 02:55:16,688] {dag.py:2972} INFO - Setting next_dagrun for latest_only to 2022-08-17T22:55:16.688658+00:00, run_after=2022-08-18T02:55:16.688658+00:00
[2022-08-18 02:55:16,717] {processor.py:161} INFO - Processing /home/airflow/.local/lib/python3.7/site-packages/airflow/example_dags/example_latest_only.py took 0.106 seconds
[2022-08-18 02:55:47,080] {processor.py:153} INFO - Started process (PID=14730) to work on /home/airflow/.local/lib/python3.7/site-packages/airflow/example_dags/example_latest_only.py
[2022-08-18 02:55:47,081] {processor.py:641} INFO - Processing file /home/airflow/.local/lib/python3.7/site-packages/airflow/example_dags/example_latest_only.py for tasks to queue
[2022-08-18 02:55:47,082] {logging_mixin.py:115} INFO - [2022-08-18 02:55:47,082] {dagbag.py:508} INFO - Filling up the DagBag from /home/airflow/.local/lib/python3.7/site-packages/airflow/example_dags/example_latest_only.py
[2022-08-18 02:55:47,090] {processor.py:651} INFO - DAG(s) dict_keys(['latest_only']) retrieved from /home/airflow/.local/lib/python3.7/site-packages/airflow/example_dags/example_latest_only.py
[2022-08-18 02:55:47,137] {logging_mixin.py:115} INFO - [2022-08-18 02:55:47,136] {dag.py:2420} INFO - Sync 1 DAGs
[2022-08-18 02:55:47,178] {logging_mixin.py:115} INFO - [2022-08-18 02:55:47,178] {dag.py:2972} INFO - Setting next_dagrun for latest_only to 2022-08-17T22:55:47.177595+00:00, run_after=2022-08-18T02:55:47.177595+00:00
[2022-08-18 02:55:47,208] {processor.py:161} INFO - Processing /home/airflow/.local/lib/python3.7/site-packages/airflow/example_dags/example_latest_only.py took 0.133 seconds
[2022-08-18 02:56:17,540] {processor.py:153} INFO - Started process (PID=14924) to work on /home/airflow/.local/lib/python3.7/site-packages/airflow/example_dags/example_latest_only.py
[2022-08-18 02:56:17,541] {processor.py:641} INFO - Processing file /home/airflow/.local/lib/python3.7/site-packages/airflow/example_dags/example_latest_only.py for tasks to queue
[2022-08-18 02:56:17,542] {logging_mixin.py:115} INFO - [2022-08-18 02:56:17,542] {dagbag.py:508} INFO - Filling up the DagBag from /home/airflow/.local/lib/python3.7/site-packages/airflow/example_dags/example_latest_only.py
[2022-08-18 02:56:17,550] {processor.py:651} INFO - DAG(s) dict_keys(['latest_only']) retrieved from /home/airflow/.local/lib/python3.7/site-packages/airflow/example_dags/example_latest_only.py
[2022-08-18 02:56:17,583] {logging_mixin.py:115} INFO - [2022-08-18 02:56:17,583] {dag.py:2420} INFO - Sync 1 DAGs
[2022-08-18 02:56:17,612] {logging_mixin.py:115} INFO - [2022-08-18 02:56:17,612] {dag.py:2972} INFO - Setting next_dagrun for latest_only to 2022-08-17T22:56:17.612382+00:00, run_after=2022-08-18T02:56:17.612382+00:00
[2022-08-18 02:56:17,634] {processor.py:161} INFO - Processing /home/airflow/.local/lib/python3.7/site-packages/airflow/example_dags/example_latest_only.py took 0.097 seconds
[2022-08-18 02:56:47,782] {processor.py:153} INFO - Started process (PID=15127) to work on /home/airflow/.local/lib/python3.7/site-packages/airflow/example_dags/example_latest_only.py
[2022-08-18 02:56:47,782] {processor.py:641} INFO - Processing file /home/airflow/.local/lib/python3.7/site-packages/airflow/example_dags/example_latest_only.py for tasks to queue
[2022-08-18 02:56:47,783] {logging_mixin.py:115} INFO - [2022-08-18 02:56:47,783] {dagbag.py:508} INFO - Filling up the DagBag from /home/airflow/.local/lib/python3.7/site-packages/airflow/example_dags/example_latest_only.py
[2022-08-18 02:56:47,790] {processor.py:651} INFO - DAG(s) dict_keys(['latest_only']) retrieved from /home/airflow/.local/lib/python3.7/site-packages/airflow/example_dags/example_latest_only.py
[2022-08-18 02:56:47,824] {logging_mixin.py:115} INFO - [2022-08-18 02:56:47,824] {dag.py:2420} INFO - Sync 1 DAGs
[2022-08-18 02:56:47,850] {logging_mixin.py:115} INFO - [2022-08-18 02:56:47,850] {dag.py:2972} INFO - Setting next_dagrun for latest_only to 2022-08-17T22:56:47.850497+00:00, run_after=2022-08-18T02:56:47.850497+00:00
[2022-08-18 02:56:47,876] {processor.py:161} INFO - Processing /home/airflow/.local/lib/python3.7/site-packages/airflow/example_dags/example_latest_only.py took 0.099 seconds
[2022-08-18 02:57:18,145] {processor.py:153} INFO - Started process (PID=15321) to work on /home/airflow/.local/lib/python3.7/site-packages/airflow/example_dags/example_latest_only.py
[2022-08-18 02:57:18,146] {processor.py:641} INFO - Processing file /home/airflow/.local/lib/python3.7/site-packages/airflow/example_dags/example_latest_only.py for tasks to queue
[2022-08-18 02:57:18,147] {logging_mixin.py:115} INFO - [2022-08-18 02:57:18,146] {dagbag.py:508} INFO - Filling up the DagBag from /home/airflow/.local/lib/python3.7/site-packages/airflow/example_dags/example_latest_only.py
[2022-08-18 02:57:18,154] {processor.py:651} INFO - DAG(s) dict_keys(['latest_only']) retrieved from /home/airflow/.local/lib/python3.7/site-packages/airflow/example_dags/example_latest_only.py
[2022-08-18 02:57:18,186] {logging_mixin.py:115} INFO - [2022-08-18 02:57:18,186] {dag.py:2420} INFO - Sync 1 DAGs
[2022-08-18 02:57:18,215] {logging_mixin.py:115} INFO - [2022-08-18 02:57:18,215] {dag.py:2972} INFO - Setting next_dagrun for latest_only to 2022-08-17T22:57:18.214777+00:00, run_after=2022-08-18T02:57:18.214777+00:00
[2022-08-18 02:57:18,236] {processor.py:161} INFO - Processing /home/airflow/.local/lib/python3.7/site-packages/airflow/example_dags/example_latest_only.py took 0.096 seconds
[2022-08-18 02:57:48,581] {processor.py:153} INFO - Started process (PID=15524) to work on /home/airflow/.local/lib/python3.7/site-packages/airflow/example_dags/example_latest_only.py
[2022-08-18 02:57:48,582] {processor.py:641} INFO - Processing file /home/airflow/.local/lib/python3.7/site-packages/airflow/example_dags/example_latest_only.py for tasks to queue
[2022-08-18 02:57:48,583] {logging_mixin.py:115} INFO - [2022-08-18 02:57:48,583] {dagbag.py:508} INFO - Filling up the DagBag from /home/airflow/.local/lib/python3.7/site-packages/airflow/example_dags/example_latest_only.py
[2022-08-18 02:57:48,590] {processor.py:651} INFO - DAG(s) dict_keys(['latest_only']) retrieved from /home/airflow/.local/lib/python3.7/site-packages/airflow/example_dags/example_latest_only.py
[2022-08-18 02:57:48,624] {logging_mixin.py:115} INFO - [2022-08-18 02:57:48,624] {dag.py:2420} INFO - Sync 1 DAGs
[2022-08-18 02:57:48,659] {logging_mixin.py:115} INFO - [2022-08-18 02:57:48,659] {dag.py:2972} INFO - Setting next_dagrun for latest_only to 2022-08-17T22:57:48.658527+00:00, run_after=2022-08-18T02:57:48.658527+00:00
[2022-08-18 02:57:48,686] {processor.py:161} INFO - Processing /home/airflow/.local/lib/python3.7/site-packages/airflow/example_dags/example_latest_only.py took 0.108 seconds
[2022-08-18 02:58:18,855] {processor.py:153} INFO - Started process (PID=15718) to work on /home/airflow/.local/lib/python3.7/site-packages/airflow/example_dags/example_latest_only.py
[2022-08-18 02:58:18,856] {processor.py:641} INFO - Processing file /home/airflow/.local/lib/python3.7/site-packages/airflow/example_dags/example_latest_only.py for tasks to queue
[2022-08-18 02:58:18,857] {logging_mixin.py:115} INFO - [2022-08-18 02:58:18,857] {dagbag.py:508} INFO - Filling up the DagBag from /home/airflow/.local/lib/python3.7/site-packages/airflow/example_dags/example_latest_only.py
[2022-08-18 02:58:18,863] {processor.py:651} INFO - DAG(s) dict_keys(['latest_only']) retrieved from /home/airflow/.local/lib/python3.7/site-packages/airflow/example_dags/example_latest_only.py
[2022-08-18 02:58:18,898] {logging_mixin.py:115} INFO - [2022-08-18 02:58:18,898] {dag.py:2420} INFO - Sync 1 DAGs
[2022-08-18 02:58:18,925] {logging_mixin.py:115} INFO - [2022-08-18 02:58:18,925] {dag.py:2972} INFO - Setting next_dagrun for latest_only to 2022-08-17T22:58:18.925414+00:00, run_after=2022-08-18T02:58:18.925414+00:00
[2022-08-18 02:58:18,943] {processor.py:161} INFO - Processing /home/airflow/.local/lib/python3.7/site-packages/airflow/example_dags/example_latest_only.py took 0.091 seconds
[2022-08-18 02:58:49,468] {processor.py:153} INFO - Started process (PID=15922) to work on /home/airflow/.local/lib/python3.7/site-packages/airflow/example_dags/example_latest_only.py
[2022-08-18 02:58:49,469] {processor.py:641} INFO - Processing file /home/airflow/.local/lib/python3.7/site-packages/airflow/example_dags/example_latest_only.py for tasks to queue
[2022-08-18 02:58:49,470] {logging_mixin.py:115} INFO - [2022-08-18 02:58:49,469] {dagbag.py:508} INFO - Filling up the DagBag from /home/airflow/.local/lib/python3.7/site-packages/airflow/example_dags/example_latest_only.py
[2022-08-18 02:58:49,476] {processor.py:651} INFO - DAG(s) dict_keys(['latest_only']) retrieved from /home/airflow/.local/lib/python3.7/site-packages/airflow/example_dags/example_latest_only.py
[2022-08-18 02:58:49,507] {logging_mixin.py:115} INFO - [2022-08-18 02:58:49,507] {dag.py:2420} INFO - Sync 1 DAGs
[2022-08-18 02:58:49,534] {logging_mixin.py:115} INFO - [2022-08-18 02:58:49,534] {dag.py:2972} INFO - Setting next_dagrun for latest_only to 2022-08-17T22:58:49.534265+00:00, run_after=2022-08-18T02:58:49.534265+00:00
[2022-08-18 02:58:49,555] {processor.py:161} INFO - Processing /home/airflow/.local/lib/python3.7/site-packages/airflow/example_dags/example_latest_only.py took 0.091 seconds
[2022-08-18 02:59:19,675] {processor.py:153} INFO - Started process (PID=16116) to work on /home/airflow/.local/lib/python3.7/site-packages/airflow/example_dags/example_latest_only.py
[2022-08-18 02:59:19,676] {processor.py:641} INFO - Processing file /home/airflow/.local/lib/python3.7/site-packages/airflow/example_dags/example_latest_only.py for tasks to queue
[2022-08-18 02:59:19,677] {logging_mixin.py:115} INFO - [2022-08-18 02:59:19,677] {dagbag.py:508} INFO - Filling up the DagBag from /home/airflow/.local/lib/python3.7/site-packages/airflow/example_dags/example_latest_only.py
[2022-08-18 02:59:19,682] {processor.py:651} INFO - DAG(s) dict_keys(['latest_only']) retrieved from /home/airflow/.local/lib/python3.7/site-packages/airflow/example_dags/example_latest_only.py
[2022-08-18 02:59:19,715] {logging_mixin.py:115} INFO - [2022-08-18 02:59:19,715] {dag.py:2420} INFO - Sync 1 DAGs
[2022-08-18 02:59:19,746] {logging_mixin.py:115} INFO - [2022-08-18 02:59:19,746] {dag.py:2972} INFO - Setting next_dagrun for latest_only to 2022-08-17T22:59:19.745824+00:00, run_after=2022-08-18T02:59:19.745824+00:00
[2022-08-18 02:59:19,768] {processor.py:161} INFO - Processing /home/airflow/.local/lib/python3.7/site-packages/airflow/example_dags/example_latest_only.py took 0.097 seconds
[2022-08-18 02:59:50,062] {processor.py:153} INFO - Started process (PID=16319) to work on /home/airflow/.local/lib/python3.7/site-packages/airflow/example_dags/example_latest_only.py
[2022-08-18 02:59:50,063] {processor.py:641} INFO - Processing file /home/airflow/.local/lib/python3.7/site-packages/airflow/example_dags/example_latest_only.py for tasks to queue
[2022-08-18 02:59:50,064] {logging_mixin.py:115} INFO - [2022-08-18 02:59:50,064] {dagbag.py:508} INFO - Filling up the DagBag from /home/airflow/.local/lib/python3.7/site-packages/airflow/example_dags/example_latest_only.py
[2022-08-18 02:59:50,071] {processor.py:651} INFO - DAG(s) dict_keys(['latest_only']) retrieved from /home/airflow/.local/lib/python3.7/site-packages/airflow/example_dags/example_latest_only.py
[2022-08-18 02:59:50,104] {logging_mixin.py:115} INFO - [2022-08-18 02:59:50,104] {dag.py:2420} INFO - Sync 1 DAGs
[2022-08-18 02:59:50,130] {logging_mixin.py:115} INFO - [2022-08-18 02:59:50,130] {dag.py:2972} INFO - Setting next_dagrun for latest_only to 2022-08-17T22:59:50.130304+00:00, run_after=2022-08-18T02:59:50.130304+00:00
[2022-08-18 02:59:50,153] {processor.py:161} INFO - Processing /home/airflow/.local/lib/python3.7/site-packages/airflow/example_dags/example_latest_only.py took 0.094 seconds
[2022-08-18 03:00:20,289] {processor.py:153} INFO - Started process (PID=16513) to work on /home/airflow/.local/lib/python3.7/site-packages/airflow/example_dags/example_latest_only.py
[2022-08-18 03:00:20,290] {processor.py:641} INFO - Processing file /home/airflow/.local/lib/python3.7/site-packages/airflow/example_dags/example_latest_only.py for tasks to queue
[2022-08-18 03:00:20,291] {logging_mixin.py:115} INFO - [2022-08-18 03:00:20,291] {dagbag.py:508} INFO - Filling up the DagBag from /home/airflow/.local/lib/python3.7/site-packages/airflow/example_dags/example_latest_only.py
[2022-08-18 03:00:20,297] {processor.py:651} INFO - DAG(s) dict_keys(['latest_only']) retrieved from /home/airflow/.local/lib/python3.7/site-packages/airflow/example_dags/example_latest_only.py
[2022-08-18 03:00:20,331] {logging_mixin.py:115} INFO - [2022-08-18 03:00:20,331] {dag.py:2420} INFO - Sync 1 DAGs
[2022-08-18 03:00:20,362] {logging_mixin.py:115} INFO - [2022-08-18 03:00:20,362] {dag.py:2972} INFO - Setting next_dagrun for latest_only to 2022-08-17T23:00:20.362366+00:00, run_after=2022-08-18T03:00:20.362366+00:00
[2022-08-18 03:00:20,384] {processor.py:161} INFO - Processing /home/airflow/.local/lib/python3.7/site-packages/airflow/example_dags/example_latest_only.py took 0.099 seconds
[2022-08-18 03:00:50,635] {processor.py:153} INFO - Started process (PID=16716) to work on /home/airflow/.local/lib/python3.7/site-packages/airflow/example_dags/example_latest_only.py
[2022-08-18 03:00:50,636] {processor.py:641} INFO - Processing file /home/airflow/.local/lib/python3.7/site-packages/airflow/example_dags/example_latest_only.py for tasks to queue
[2022-08-18 03:00:50,637] {logging_mixin.py:115} INFO - [2022-08-18 03:00:50,637] {dagbag.py:508} INFO - Filling up the DagBag from /home/airflow/.local/lib/python3.7/site-packages/airflow/example_dags/example_latest_only.py
[2022-08-18 03:00:50,642] {processor.py:651} INFO - DAG(s) dict_keys(['latest_only']) retrieved from /home/airflow/.local/lib/python3.7/site-packages/airflow/example_dags/example_latest_only.py
[2022-08-18 03:00:50,680] {logging_mixin.py:115} INFO - [2022-08-18 03:00:50,679] {dag.py:2420} INFO - Sync 1 DAGs
[2022-08-18 03:00:50,709] {logging_mixin.py:115} INFO - [2022-08-18 03:00:50,709] {dag.py:2972} INFO - Setting next_dagrun for latest_only to 2022-08-17T23:00:50.708765+00:00, run_after=2022-08-18T03:00:50.708765+00:00
[2022-08-18 03:00:50,729] {processor.py:161} INFO - Processing /home/airflow/.local/lib/python3.7/site-packages/airflow/example_dags/example_latest_only.py took 0.098 seconds
[2022-08-18 03:01:20,947] {processor.py:153} INFO - Started process (PID=16911) to work on /home/airflow/.local/lib/python3.7/site-packages/airflow/example_dags/example_latest_only.py
[2022-08-18 03:01:20,948] {processor.py:641} INFO - Processing file /home/airflow/.local/lib/python3.7/site-packages/airflow/example_dags/example_latest_only.py for tasks to queue
[2022-08-18 03:01:20,949] {logging_mixin.py:115} INFO - [2022-08-18 03:01:20,949] {dagbag.py:508} INFO - Filling up the DagBag from /home/airflow/.local/lib/python3.7/site-packages/airflow/example_dags/example_latest_only.py
[2022-08-18 03:01:20,955] {processor.py:651} INFO - DAG(s) dict_keys(['latest_only']) retrieved from /home/airflow/.local/lib/python3.7/site-packages/airflow/example_dags/example_latest_only.py
[2022-08-18 03:01:20,989] {logging_mixin.py:115} INFO - [2022-08-18 03:01:20,988] {dag.py:2420} INFO - Sync 1 DAGs
[2022-08-18 03:01:21,016] {logging_mixin.py:115} INFO - [2022-08-18 03:01:21,015] {dag.py:2972} INFO - Setting next_dagrun for latest_only to 2022-08-17T23:01:21.015676+00:00, run_after=2022-08-18T03:01:21.015676+00:00
[2022-08-18 03:01:21,043] {processor.py:161} INFO - Processing /home/airflow/.local/lib/python3.7/site-packages/airflow/example_dags/example_latest_only.py took 0.099 seconds
[2022-08-18 03:01:52,803] {processor.py:153} INFO - Started process (PID=17113) to work on /home/airflow/.local/lib/python3.7/site-packages/airflow/example_dags/example_latest_only.py
[2022-08-18 03:01:52,804] {processor.py:641} INFO - Processing file /home/airflow/.local/lib/python3.7/site-packages/airflow/example_dags/example_latest_only.py for tasks to queue
[2022-08-18 03:01:52,805] {logging_mixin.py:115} INFO - [2022-08-18 03:01:52,805] {dagbag.py:508} INFO - Filling up the DagBag from /home/airflow/.local/lib/python3.7/site-packages/airflow/example_dags/example_latest_only.py
[2022-08-18 03:01:52,812] {processor.py:651} INFO - DAG(s) dict_keys(['latest_only']) retrieved from /home/airflow/.local/lib/python3.7/site-packages/airflow/example_dags/example_latest_only.py
[2022-08-18 03:01:52,850] {logging_mixin.py:115} INFO - [2022-08-18 03:01:52,850] {dag.py:2420} INFO - Sync 1 DAGs
[2022-08-18 03:01:52,882] {logging_mixin.py:115} INFO - [2022-08-18 03:01:52,882] {dag.py:2972} INFO - Setting next_dagrun for latest_only to 2022-08-17T23:01:52.882106+00:00, run_after=2022-08-18T03:01:52.882106+00:00
[2022-08-18 03:01:52,902] {processor.py:161} INFO - Processing /home/airflow/.local/lib/python3.7/site-packages/airflow/example_dags/example_latest_only.py took 0.103 seconds
