[2022-09-04 00:00:03,409] {taskinstance.py:1179} INFO - Dependencies all met for <TaskInstance: csv_dag.description_dag scheduled__2022-09-03T00:00:00+00:00 [queued]>
[2022-09-04 00:00:03,419] {taskinstance.py:1179} INFO - Dependencies all met for <TaskInstance: csv_dag.description_dag scheduled__2022-09-03T00:00:00+00:00 [queued]>
[2022-09-04 00:00:03,419] {taskinstance.py:1376} INFO - 
--------------------------------------------------------------------------------
[2022-09-04 00:00:03,420] {taskinstance.py:1377} INFO - Starting attempt 1 of 2
[2022-09-04 00:00:03,420] {taskinstance.py:1378} INFO - 
--------------------------------------------------------------------------------
[2022-09-04 00:00:03,438] {taskinstance.py:1397} INFO - Executing <Task(PythonOperator): description_dag> on 2022-09-03 00:00:00+00:00
[2022-09-04 00:00:03,443] {standard_task_runner.py:52} INFO - Started process 32157 to run task
[2022-09-04 00:00:03,446] {standard_task_runner.py:79} INFO - Running: ['***', 'tasks', 'run', 'csv_dag', 'description_dag', 'scheduled__2022-09-03T00:00:00+00:00', '--job-id', '316', '--raw', '--subdir', 'DAGS_FOLDER/testDag.py', '--cfg-path', '/tmp/tmpftkn357r', '--error-file', '/tmp/tmpbna1mmgw']
[2022-09-04 00:00:03,448] {standard_task_runner.py:80} INFO - Job 316: Subtask description_dag
[2022-09-04 00:00:03,505] {task_command.py:371} INFO - Running <TaskInstance: csv_dag.description_dag scheduled__2022-09-03T00:00:00+00:00 [running]> on host 36e1df4dd6ce
[2022-09-04 00:00:03,591] {taskinstance.py:1591} INFO - Exporting the following env vars:
AIRFLOW_CTX_DAG_OWNER=***
AIRFLOW_CTX_DAG_ID=csv_dag
AIRFLOW_CTX_TASK_ID=description_dag
AIRFLOW_CTX_EXECUTION_DATE=2022-09-03T00:00:00+00:00
AIRFLOW_CTX_TRY_NUMBER=1
AIRFLOW_CTX_DAG_RUN_ID=scheduled__2022-09-03T00:00:00+00:00
[2022-09-04 00:00:42,297] {python.py:173} INFO - Done. Returned value was: None
[2022-09-04 00:00:42,307] {taskinstance.py:1420} INFO - Marking task as SUCCESS. dag_id=csv_dag, task_id=description_dag, execution_date=20220903T000000, start_date=20220904T000003, end_date=20220904T000042
[2022-09-04 00:00:42,363] {local_task_job.py:156} INFO - Task exited with return code 0
[2022-09-04 00:00:42,392] {local_task_job.py:273} INFO - 0 downstream tasks scheduled from follow-on schedule check
