[2022-08-16 14:00:41,229] {taskinstance.py:1179} INFO - Dependencies all met for <TaskInstance: csv_dag.yr_mk_price_dag scheduled__2022-08-15T00:00:00+00:00 [queued]>
[2022-08-16 14:00:41,241] {taskinstance.py:1179} INFO - Dependencies all met for <TaskInstance: csv_dag.yr_mk_price_dag scheduled__2022-08-15T00:00:00+00:00 [queued]>
[2022-08-16 14:00:41,242] {taskinstance.py:1376} INFO - 
--------------------------------------------------------------------------------
[2022-08-16 14:00:41,242] {taskinstance.py:1377} INFO - Starting attempt 1 of 2
[2022-08-16 14:00:41,243] {taskinstance.py:1378} INFO - 
--------------------------------------------------------------------------------
[2022-08-16 14:00:41,260] {taskinstance.py:1397} INFO - Executing <Task(PythonOperator): yr_mk_price_dag> on 2022-08-15 00:00:00+00:00
[2022-08-16 14:00:41,271] {standard_task_runner.py:52} INFO - Started process 17573 to run task
[2022-08-16 14:00:41,287] {standard_task_runner.py:79} INFO - Running: ['***', 'tasks', 'run', 'csv_dag', 'yr_mk_price_dag', 'scheduled__2022-08-15T00:00:00+00:00', '--job-id', '195', '--raw', '--subdir', 'DAGS_FOLDER/testDag.py', '--cfg-path', '/tmp/tmp2720p0sq', '--error-file', '/tmp/tmpn6fn1zqv']
[2022-08-16 14:00:41,291] {standard_task_runner.py:80} INFO - Job 195: Subtask yr_mk_price_dag
[2022-08-16 14:00:41,529] {task_command.py:371} INFO - Running <TaskInstance: csv_dag.yr_mk_price_dag scheduled__2022-08-15T00:00:00+00:00 [running]> on host 36e1df4dd6ce
[2022-08-16 14:00:41,679] {taskinstance.py:1591} INFO - Exporting the following env vars:
AIRFLOW_CTX_DAG_OWNER=***
AIRFLOW_CTX_DAG_ID=csv_dag
AIRFLOW_CTX_TASK_ID=yr_mk_price_dag
AIRFLOW_CTX_EXECUTION_DATE=2022-08-15T00:00:00+00:00
AIRFLOW_CTX_TRY_NUMBER=1
AIRFLOW_CTX_DAG_RUN_ID=scheduled__2022-08-15T00:00:00+00:00
[2022-08-16 14:01:24,529] {python.py:173} INFO - Done. Returned value was: None
[2022-08-16 14:01:24,547] {taskinstance.py:1420} INFO - Marking task as SUCCESS. dag_id=csv_dag, task_id=yr_mk_price_dag, execution_date=20220815T000000, start_date=20220816T140041, end_date=20220816T140124
[2022-08-16 14:01:24,597] {local_task_job.py:156} INFO - Task exited with return code 0
[2022-08-16 14:01:24,639] {local_task_job.py:273} INFO - 1 downstream tasks scheduled from follow-on schedule check
