[2022-08-14 23:27:57,630] {taskinstance.py:1179} INFO - Dependencies all met for <TaskInstance: csv_dag.description_dag scheduled__2022-08-13T00:00:00+00:00 [queued]>
[2022-08-14 23:27:57,653] {taskinstance.py:1179} INFO - Dependencies all met for <TaskInstance: csv_dag.description_dag scheduled__2022-08-13T00:00:00+00:00 [queued]>
[2022-08-14 23:27:57,654] {taskinstance.py:1376} INFO - 
--------------------------------------------------------------------------------
[2022-08-14 23:27:57,654] {taskinstance.py:1377} INFO - Starting attempt 1 of 2
[2022-08-14 23:27:57,655] {taskinstance.py:1378} INFO - 
--------------------------------------------------------------------------------
[2022-08-14 23:27:57,699] {taskinstance.py:1397} INFO - Executing <Task(PythonOperator): description_dag> on 2022-08-13 00:00:00+00:00
[2022-08-14 23:27:57,710] {standard_task_runner.py:52} INFO - Started process 12187 to run task
[2022-08-14 23:27:57,715] {standard_task_runner.py:79} INFO - Running: ['***', 'tasks', 'run', 'csv_dag', 'description_dag', 'scheduled__2022-08-13T00:00:00+00:00', '--job-id', '179', '--raw', '--subdir', 'DAGS_FOLDER/testDag.py', '--cfg-path', '/tmp/tmpqo9owt_w', '--error-file', '/tmp/tmprvw797zt']
[2022-08-14 23:27:57,718] {standard_task_runner.py:80} INFO - Job 179: Subtask description_dag
[2022-08-14 23:27:57,849] {task_command.py:371} INFO - Running <TaskInstance: csv_dag.description_dag scheduled__2022-08-13T00:00:00+00:00 [running]> on host 36e1df4dd6ce
[2022-08-14 23:27:58,118] {taskinstance.py:1591} INFO - Exporting the following env vars:
AIRFLOW_CTX_DAG_OWNER=***
AIRFLOW_CTX_DAG_ID=csv_dag
AIRFLOW_CTX_TASK_ID=description_dag
AIRFLOW_CTX_EXECUTION_DATE=2022-08-13T00:00:00+00:00
AIRFLOW_CTX_TRY_NUMBER=1
AIRFLOW_CTX_DAG_RUN_ID=scheduled__2022-08-13T00:00:00+00:00
[2022-08-14 23:28:40,486] {python.py:173} INFO - Done. Returned value was: None
[2022-08-14 23:28:40,501] {taskinstance.py:1420} INFO - Marking task as SUCCESS. dag_id=csv_dag, task_id=description_dag, execution_date=20220813T000000, start_date=20220814T232757, end_date=20220814T232840
[2022-08-14 23:28:40,529] {local_task_job.py:156} INFO - Task exited with return code 0
[2022-08-14 23:28:40,562] {local_task_job.py:273} INFO - 1 downstream tasks scheduled from follow-on schedule check
