[2022-07-29 03:44:08,291] {taskinstance.py:1179} INFO - Dependencies all met for <TaskInstance: csv_dag.description_dag scheduled__2022-07-28T00:00:00+00:00 [queued]>
[2022-07-29 03:44:08,302] {taskinstance.py:1179} INFO - Dependencies all met for <TaskInstance: csv_dag.description_dag scheduled__2022-07-28T00:00:00+00:00 [queued]>
[2022-07-29 03:44:08,302] {taskinstance.py:1376} INFO - 
--------------------------------------------------------------------------------
[2022-07-29 03:44:08,303] {taskinstance.py:1377} INFO - Starting attempt 1 of 2
[2022-07-29 03:44:08,303] {taskinstance.py:1378} INFO - 
--------------------------------------------------------------------------------
[2022-07-29 03:44:08,320] {taskinstance.py:1397} INFO - Executing <Task(PythonOperator): description_dag> on 2022-07-28 00:00:00+00:00
[2022-07-29 03:44:08,327] {standard_task_runner.py:52} INFO - Started process 25897 to run task
[2022-07-29 03:44:08,330] {standard_task_runner.py:79} INFO - Running: ['***', 'tasks', 'run', 'csv_dag', 'description_dag', 'scheduled__2022-07-28T00:00:00+00:00', '--job-id', '83', '--raw', '--subdir', 'DAGS_FOLDER/testDag.py', '--cfg-path', '/tmp/tmp9b2x21oc', '--error-file', '/tmp/tmpcdm5s6ev']
[2022-07-29 03:44:08,331] {standard_task_runner.py:80} INFO - Job 83: Subtask description_dag
[2022-07-29 03:44:08,399] {task_command.py:371} INFO - Running <TaskInstance: csv_dag.description_dag scheduled__2022-07-28T00:00:00+00:00 [running]> on host 36e1df4dd6ce
[2022-07-29 03:44:08,483] {taskinstance.py:1591} INFO - Exporting the following env vars:
AIRFLOW_CTX_DAG_OWNER=***
AIRFLOW_CTX_DAG_ID=csv_dag
AIRFLOW_CTX_TASK_ID=description_dag
AIRFLOW_CTX_EXECUTION_DATE=2022-07-28T00:00:00+00:00
AIRFLOW_CTX_TRY_NUMBER=1
AIRFLOW_CTX_DAG_RUN_ID=scheduled__2022-07-28T00:00:00+00:00
[2022-07-29 03:44:49,032] {python.py:173} INFO - Done. Returned value was: None
[2022-07-29 03:44:49,057] {taskinstance.py:1420} INFO - Marking task as SUCCESS. dag_id=csv_dag, task_id=description_dag, execution_date=20220728T000000, start_date=20220729T034408, end_date=20220729T034449
[2022-07-29 03:44:49,103] {local_task_job.py:156} INFO - Task exited with return code 0
[2022-07-29 03:44:49,140] {local_task_job.py:273} INFO - 1 downstream tasks scheduled from follow-on schedule check
