[2022-08-22 02:32:08,374] {taskinstance.py:1179} INFO - Dependencies all met for <TaskInstance: csv_dag.start scheduled__2022-08-18T00:00:00+00:00 [queued]>
[2022-08-22 02:32:08,410] {taskinstance.py:1179} INFO - Dependencies all met for <TaskInstance: csv_dag.start scheduled__2022-08-18T00:00:00+00:00 [queued]>
[2022-08-22 02:32:08,410] {taskinstance.py:1376} INFO - 
--------------------------------------------------------------------------------
[2022-08-22 02:32:08,411] {taskinstance.py:1377} INFO - Starting attempt 1 of 2
[2022-08-22 02:32:08,413] {taskinstance.py:1378} INFO - 
--------------------------------------------------------------------------------
[2022-08-22 02:32:08,470] {taskinstance.py:1397} INFO - Executing <Task(BashOperator): start> on 2022-08-18 00:00:00+00:00
[2022-08-22 02:32:08,502] {standard_task_runner.py:52} INFO - Started process 17228 to run task
[2022-08-22 02:32:08,520] {standard_task_runner.py:79} INFO - Running: ['***', 'tasks', 'run', 'csv_dag', 'start', 'scheduled__2022-08-18T00:00:00+00:00', '--job-id', '213', '--raw', '--subdir', 'DAGS_FOLDER/testDag.py', '--cfg-path', '/tmp/tmpdv15xzln', '--error-file', '/tmp/tmpwzdssfz5']
[2022-08-22 02:32:08,527] {standard_task_runner.py:80} INFO - Job 213: Subtask start
[2022-08-22 02:32:08,767] {task_command.py:371} INFO - Running <TaskInstance: csv_dag.start scheduled__2022-08-18T00:00:00+00:00 [running]> on host 36e1df4dd6ce
[2022-08-22 02:32:09,114] {taskinstance.py:1591} INFO - Exporting the following env vars:
AIRFLOW_CTX_DAG_OWNER=***
AIRFLOW_CTX_DAG_ID=csv_dag
AIRFLOW_CTX_TASK_ID=start
AIRFLOW_CTX_EXECUTION_DATE=2022-08-18T00:00:00+00:00
AIRFLOW_CTX_TRY_NUMBER=1
AIRFLOW_CTX_DAG_RUN_ID=scheduled__2022-08-18T00:00:00+00:00
[2022-08-22 02:32:09,123] {subprocess.py:62} INFO - Tmp dir root location: 
 /tmp
[2022-08-22 02:32:09,125] {subprocess.py:74} INFO - Running command: ['bash', '-c', 'date']
[2022-08-22 02:32:09,180] {subprocess.py:85} INFO - Output:
[2022-08-22 02:32:09,200] {subprocess.py:92} INFO - Mon Aug 22 02:32:09 UTC 2022
[2022-08-22 02:32:09,218] {subprocess.py:96} INFO - Command exited with return code 0
[2022-08-22 02:32:09,576] {taskinstance.py:1420} INFO - Marking task as SUCCESS. dag_id=csv_dag, task_id=start, execution_date=20220818T000000, start_date=20220822T023208, end_date=20220822T023209
[2022-08-22 02:32:09,706] {local_task_job.py:156} INFO - Task exited with return code 0
[2022-08-22 02:32:09,902] {local_task_job.py:273} INFO - 4 downstream tasks scheduled from follow-on schedule check
