[2022-08-25 00:13:13,002] {processor.py:153} INFO - Started process (PID=12212) to work on /home/airflow/.local/lib/python3.7/site-packages/airflow/example_dags/example_branch_datetime_operator.py
[2022-08-25 00:13:13,003] {processor.py:641} INFO - Processing file /home/airflow/.local/lib/python3.7/site-packages/airflow/example_dags/example_branch_datetime_operator.py for tasks to queue
[2022-08-25 00:13:13,005] {logging_mixin.py:115} INFO - [2022-08-25 00:13:13,005] {dagbag.py:508} INFO - Filling up the DagBag from /home/airflow/.local/lib/python3.7/site-packages/airflow/example_dags/example_branch_datetime_operator.py
[2022-08-25 00:13:13,027] {processor.py:651} INFO - DAG(s) dict_keys(['example_branch_datetime_operator', 'example_branch_datetime_operator_2']) retrieved from /home/airflow/.local/lib/python3.7/site-packages/airflow/example_dags/example_branch_datetime_operator.py
[2022-08-25 00:13:13,075] {logging_mixin.py:115} INFO - [2022-08-25 00:13:13,075] {dag.py:2420} INFO - Sync 2 DAGs
[2022-08-25 00:13:13,122] {logging_mixin.py:115} INFO - [2022-08-25 00:13:13,122] {dag.py:2972} INFO - Setting next_dagrun for example_branch_datetime_operator to 2022-08-24T00:00:00+00:00, run_after=2022-08-25T00:00:00+00:00
[2022-08-25 00:13:13,125] {logging_mixin.py:115} INFO - [2022-08-25 00:13:13,125] {dag.py:2972} INFO - Setting next_dagrun for example_branch_datetime_operator_2 to 2022-08-24T00:00:00+00:00, run_after=2022-08-25T00:00:00+00:00
[2022-08-25 00:13:13,146] {processor.py:161} INFO - Processing /home/airflow/.local/lib/python3.7/site-packages/airflow/example_dags/example_branch_datetime_operator.py took 0.149 seconds
[2022-08-25 00:13:43,808] {processor.py:153} INFO - Started process (PID=12420) to work on /home/airflow/.local/lib/python3.7/site-packages/airflow/example_dags/example_branch_datetime_operator.py
[2022-08-25 00:13:43,809] {processor.py:641} INFO - Processing file /home/airflow/.local/lib/python3.7/site-packages/airflow/example_dags/example_branch_datetime_operator.py for tasks to queue
[2022-08-25 00:13:43,810] {logging_mixin.py:115} INFO - [2022-08-25 00:13:43,809] {dagbag.py:508} INFO - Filling up the DagBag from /home/airflow/.local/lib/python3.7/site-packages/airflow/example_dags/example_branch_datetime_operator.py
[2022-08-25 00:13:43,819] {processor.py:651} INFO - DAG(s) dict_keys(['example_branch_datetime_operator', 'example_branch_datetime_operator_2']) retrieved from /home/airflow/.local/lib/python3.7/site-packages/airflow/example_dags/example_branch_datetime_operator.py
[2022-08-25 00:13:43,849] {logging_mixin.py:115} INFO - [2022-08-25 00:13:43,849] {dag.py:2420} INFO - Sync 2 DAGs
[2022-08-25 00:13:43,877] {logging_mixin.py:115} INFO - [2022-08-25 00:13:43,877] {dag.py:2972} INFO - Setting next_dagrun for example_branch_datetime_operator to 2022-08-24T00:00:00+00:00, run_after=2022-08-25T00:00:00+00:00
[2022-08-25 00:13:43,879] {logging_mixin.py:115} INFO - [2022-08-25 00:13:43,879] {dag.py:2972} INFO - Setting next_dagrun for example_branch_datetime_operator_2 to 2022-08-24T00:00:00+00:00, run_after=2022-08-25T00:00:00+00:00
[2022-08-25 00:13:43,892] {processor.py:161} INFO - Processing /home/airflow/.local/lib/python3.7/site-packages/airflow/example_dags/example_branch_datetime_operator.py took 0.087 seconds
[2022-08-25 00:14:14,394] {processor.py:153} INFO - Started process (PID=12629) to work on /home/airflow/.local/lib/python3.7/site-packages/airflow/example_dags/example_branch_datetime_operator.py
[2022-08-25 00:14:14,395] {processor.py:641} INFO - Processing file /home/airflow/.local/lib/python3.7/site-packages/airflow/example_dags/example_branch_datetime_operator.py for tasks to queue
[2022-08-25 00:14:14,396] {logging_mixin.py:115} INFO - [2022-08-25 00:14:14,396] {dagbag.py:508} INFO - Filling up the DagBag from /home/airflow/.local/lib/python3.7/site-packages/airflow/example_dags/example_branch_datetime_operator.py
[2022-08-25 00:14:14,407] {processor.py:651} INFO - DAG(s) dict_keys(['example_branch_datetime_operator', 'example_branch_datetime_operator_2']) retrieved from /home/airflow/.local/lib/python3.7/site-packages/airflow/example_dags/example_branch_datetime_operator.py
[2022-08-25 00:14:14,442] {logging_mixin.py:115} INFO - [2022-08-25 00:14:14,442] {dag.py:2420} INFO - Sync 2 DAGs
[2022-08-25 00:14:14,474] {logging_mixin.py:115} INFO - [2022-08-25 00:14:14,474] {dag.py:2972} INFO - Setting next_dagrun for example_branch_datetime_operator to 2022-08-24T00:00:00+00:00, run_after=2022-08-25T00:00:00+00:00
[2022-08-25 00:14:14,477] {logging_mixin.py:115} INFO - [2022-08-25 00:14:14,476] {dag.py:2972} INFO - Setting next_dagrun for example_branch_datetime_operator_2 to 2022-08-24T00:00:00+00:00, run_after=2022-08-25T00:00:00+00:00
[2022-08-25 00:14:14,496] {processor.py:161} INFO - Processing /home/airflow/.local/lib/python3.7/site-packages/airflow/example_dags/example_branch_datetime_operator.py took 0.105 seconds
[2022-08-25 00:14:45,489] {processor.py:153} INFO - Started process (PID=12834) to work on /home/airflow/.local/lib/python3.7/site-packages/airflow/example_dags/example_branch_datetime_operator.py
[2022-08-25 00:14:45,490] {processor.py:641} INFO - Processing file /home/airflow/.local/lib/python3.7/site-packages/airflow/example_dags/example_branch_datetime_operator.py for tasks to queue
[2022-08-25 00:14:45,491] {logging_mixin.py:115} INFO - [2022-08-25 00:14:45,491] {dagbag.py:508} INFO - Filling up the DagBag from /home/airflow/.local/lib/python3.7/site-packages/airflow/example_dags/example_branch_datetime_operator.py
[2022-08-25 00:14:45,505] {processor.py:651} INFO - DAG(s) dict_keys(['example_branch_datetime_operator', 'example_branch_datetime_operator_2']) retrieved from /home/airflow/.local/lib/python3.7/site-packages/airflow/example_dags/example_branch_datetime_operator.py
[2022-08-25 00:14:45,543] {logging_mixin.py:115} INFO - [2022-08-25 00:14:45,543] {dag.py:2420} INFO - Sync 2 DAGs
[2022-08-25 00:14:45,578] {logging_mixin.py:115} INFO - [2022-08-25 00:14:45,578] {dag.py:2972} INFO - Setting next_dagrun for example_branch_datetime_operator to 2022-08-24T00:00:00+00:00, run_after=2022-08-25T00:00:00+00:00
[2022-08-25 00:14:45,582] {logging_mixin.py:115} INFO - [2022-08-25 00:14:45,582] {dag.py:2972} INFO - Setting next_dagrun for example_branch_datetime_operator_2 to 2022-08-24T00:00:00+00:00, run_after=2022-08-25T00:00:00+00:00
[2022-08-25 00:14:45,612] {processor.py:161} INFO - Processing /home/airflow/.local/lib/python3.7/site-packages/airflow/example_dags/example_branch_datetime_operator.py took 0.127 seconds
[2022-08-25 00:15:15,705] {processor.py:153} INFO - Started process (PID=13029) to work on /home/airflow/.local/lib/python3.7/site-packages/airflow/example_dags/example_branch_datetime_operator.py
[2022-08-25 00:15:15,706] {processor.py:641} INFO - Processing file /home/airflow/.local/lib/python3.7/site-packages/airflow/example_dags/example_branch_datetime_operator.py for tasks to queue
[2022-08-25 00:15:15,707] {logging_mixin.py:115} INFO - [2022-08-25 00:15:15,707] {dagbag.py:508} INFO - Filling up the DagBag from /home/airflow/.local/lib/python3.7/site-packages/airflow/example_dags/example_branch_datetime_operator.py
[2022-08-25 00:15:15,720] {processor.py:651} INFO - DAG(s) dict_keys(['example_branch_datetime_operator', 'example_branch_datetime_operator_2']) retrieved from /home/airflow/.local/lib/python3.7/site-packages/airflow/example_dags/example_branch_datetime_operator.py
[2022-08-25 00:15:15,760] {logging_mixin.py:115} INFO - [2022-08-25 00:15:15,759] {dag.py:2420} INFO - Sync 2 DAGs
[2022-08-25 00:15:15,791] {logging_mixin.py:115} INFO - [2022-08-25 00:15:15,790] {dag.py:2972} INFO - Setting next_dagrun for example_branch_datetime_operator to 2022-08-24T00:00:00+00:00, run_after=2022-08-25T00:00:00+00:00
[2022-08-25 00:15:15,793] {logging_mixin.py:115} INFO - [2022-08-25 00:15:15,793] {dag.py:2972} INFO - Setting next_dagrun for example_branch_datetime_operator_2 to 2022-08-24T00:00:00+00:00, run_after=2022-08-25T00:00:00+00:00
[2022-08-25 00:15:15,810] {processor.py:161} INFO - Processing /home/airflow/.local/lib/python3.7/site-packages/airflow/example_dags/example_branch_datetime_operator.py took 0.108 seconds
[2022-08-25 00:15:46,470] {processor.py:153} INFO - Started process (PID=13231) to work on /home/airflow/.local/lib/python3.7/site-packages/airflow/example_dags/example_branch_datetime_operator.py
[2022-08-25 00:15:46,470] {processor.py:641} INFO - Processing file /home/airflow/.local/lib/python3.7/site-packages/airflow/example_dags/example_branch_datetime_operator.py for tasks to queue
[2022-08-25 00:15:46,471] {logging_mixin.py:115} INFO - [2022-08-25 00:15:46,471] {dagbag.py:508} INFO - Filling up the DagBag from /home/airflow/.local/lib/python3.7/site-packages/airflow/example_dags/example_branch_datetime_operator.py
[2022-08-25 00:15:46,484] {processor.py:651} INFO - DAG(s) dict_keys(['example_branch_datetime_operator', 'example_branch_datetime_operator_2']) retrieved from /home/airflow/.local/lib/python3.7/site-packages/airflow/example_dags/example_branch_datetime_operator.py
[2022-08-25 00:15:46,525] {logging_mixin.py:115} INFO - [2022-08-25 00:15:46,524] {dag.py:2420} INFO - Sync 2 DAGs
[2022-08-25 00:15:46,557] {logging_mixin.py:115} INFO - [2022-08-25 00:15:46,557] {dag.py:2972} INFO - Setting next_dagrun for example_branch_datetime_operator to 2022-08-24T00:00:00+00:00, run_after=2022-08-25T00:00:00+00:00
[2022-08-25 00:15:46,560] {logging_mixin.py:115} INFO - [2022-08-25 00:15:46,560] {dag.py:2972} INFO - Setting next_dagrun for example_branch_datetime_operator_2 to 2022-08-24T00:00:00+00:00, run_after=2022-08-25T00:00:00+00:00
[2022-08-25 00:15:46,577] {processor.py:161} INFO - Processing /home/airflow/.local/lib/python3.7/site-packages/airflow/example_dags/example_branch_datetime_operator.py took 0.112 seconds
[2022-08-25 00:16:16,705] {processor.py:153} INFO - Started process (PID=13427) to work on /home/airflow/.local/lib/python3.7/site-packages/airflow/example_dags/example_branch_datetime_operator.py
[2022-08-25 00:16:16,706] {processor.py:641} INFO - Processing file /home/airflow/.local/lib/python3.7/site-packages/airflow/example_dags/example_branch_datetime_operator.py for tasks to queue
[2022-08-25 00:16:16,707] {logging_mixin.py:115} INFO - [2022-08-25 00:16:16,707] {dagbag.py:508} INFO - Filling up the DagBag from /home/airflow/.local/lib/python3.7/site-packages/airflow/example_dags/example_branch_datetime_operator.py
[2022-08-25 00:16:16,718] {processor.py:651} INFO - DAG(s) dict_keys(['example_branch_datetime_operator', 'example_branch_datetime_operator_2']) retrieved from /home/airflow/.local/lib/python3.7/site-packages/airflow/example_dags/example_branch_datetime_operator.py
[2022-08-25 00:16:16,753] {logging_mixin.py:115} INFO - [2022-08-25 00:16:16,753] {dag.py:2420} INFO - Sync 2 DAGs
[2022-08-25 00:16:16,788] {logging_mixin.py:115} INFO - [2022-08-25 00:16:16,787] {dag.py:2972} INFO - Setting next_dagrun for example_branch_datetime_operator to 2022-08-24T00:00:00+00:00, run_after=2022-08-25T00:00:00+00:00
[2022-08-25 00:16:16,792] {logging_mixin.py:115} INFO - [2022-08-25 00:16:16,791] {dag.py:2972} INFO - Setting next_dagrun for example_branch_datetime_operator_2 to 2022-08-24T00:00:00+00:00, run_after=2022-08-25T00:00:00+00:00
[2022-08-25 00:16:16,809] {processor.py:161} INFO - Processing /home/airflow/.local/lib/python3.7/site-packages/airflow/example_dags/example_branch_datetime_operator.py took 0.108 seconds
[2022-08-25 00:16:47,189] {processor.py:153} INFO - Started process (PID=13630) to work on /home/airflow/.local/lib/python3.7/site-packages/airflow/example_dags/example_branch_datetime_operator.py
[2022-08-25 00:16:47,190] {processor.py:641} INFO - Processing file /home/airflow/.local/lib/python3.7/site-packages/airflow/example_dags/example_branch_datetime_operator.py for tasks to queue
[2022-08-25 00:16:47,191] {logging_mixin.py:115} INFO - [2022-08-25 00:16:47,191] {dagbag.py:508} INFO - Filling up the DagBag from /home/airflow/.local/lib/python3.7/site-packages/airflow/example_dags/example_branch_datetime_operator.py
[2022-08-25 00:16:47,205] {processor.py:651} INFO - DAG(s) dict_keys(['example_branch_datetime_operator', 'example_branch_datetime_operator_2']) retrieved from /home/airflow/.local/lib/python3.7/site-packages/airflow/example_dags/example_branch_datetime_operator.py
[2022-08-25 00:16:47,247] {logging_mixin.py:115} INFO - [2022-08-25 00:16:47,247] {dag.py:2420} INFO - Sync 2 DAGs
[2022-08-25 00:16:47,285] {logging_mixin.py:115} INFO - [2022-08-25 00:16:47,285] {dag.py:2972} INFO - Setting next_dagrun for example_branch_datetime_operator to 2022-08-24T00:00:00+00:00, run_after=2022-08-25T00:00:00+00:00
[2022-08-25 00:16:47,288] {logging_mixin.py:115} INFO - [2022-08-25 00:16:47,288] {dag.py:2972} INFO - Setting next_dagrun for example_branch_datetime_operator_2 to 2022-08-24T00:00:00+00:00, run_after=2022-08-25T00:00:00+00:00
[2022-08-25 00:16:47,308] {processor.py:161} INFO - Processing /home/airflow/.local/lib/python3.7/site-packages/airflow/example_dags/example_branch_datetime_operator.py took 0.123 seconds
[2022-08-25 00:17:17,630] {processor.py:153} INFO - Started process (PID=13826) to work on /home/airflow/.local/lib/python3.7/site-packages/airflow/example_dags/example_branch_datetime_operator.py
[2022-08-25 00:17:17,631] {processor.py:641} INFO - Processing file /home/airflow/.local/lib/python3.7/site-packages/airflow/example_dags/example_branch_datetime_operator.py for tasks to queue
[2022-08-25 00:17:17,632] {logging_mixin.py:115} INFO - [2022-08-25 00:17:17,632] {dagbag.py:508} INFO - Filling up the DagBag from /home/airflow/.local/lib/python3.7/site-packages/airflow/example_dags/example_branch_datetime_operator.py
[2022-08-25 00:17:17,645] {processor.py:651} INFO - DAG(s) dict_keys(['example_branch_datetime_operator', 'example_branch_datetime_operator_2']) retrieved from /home/airflow/.local/lib/python3.7/site-packages/airflow/example_dags/example_branch_datetime_operator.py
[2022-08-25 00:17:17,683] {logging_mixin.py:115} INFO - [2022-08-25 00:17:17,683] {dag.py:2420} INFO - Sync 2 DAGs
[2022-08-25 00:17:17,713] {logging_mixin.py:115} INFO - [2022-08-25 00:17:17,713] {dag.py:2972} INFO - Setting next_dagrun for example_branch_datetime_operator to 2022-08-24T00:00:00+00:00, run_after=2022-08-25T00:00:00+00:00
[2022-08-25 00:17:17,716] {logging_mixin.py:115} INFO - [2022-08-25 00:17:17,716] {dag.py:2972} INFO - Setting next_dagrun for example_branch_datetime_operator_2 to 2022-08-24T00:00:00+00:00, run_after=2022-08-25T00:00:00+00:00
[2022-08-25 00:17:17,743] {processor.py:161} INFO - Processing /home/airflow/.local/lib/python3.7/site-packages/airflow/example_dags/example_branch_datetime_operator.py took 0.117 seconds
[2022-08-25 00:17:48,200] {processor.py:153} INFO - Started process (PID=14027) to work on /home/airflow/.local/lib/python3.7/site-packages/airflow/example_dags/example_branch_datetime_operator.py
[2022-08-25 00:17:48,201] {processor.py:641} INFO - Processing file /home/airflow/.local/lib/python3.7/site-packages/airflow/example_dags/example_branch_datetime_operator.py for tasks to queue
[2022-08-25 00:17:48,202] {logging_mixin.py:115} INFO - [2022-08-25 00:17:48,201] {dagbag.py:508} INFO - Filling up the DagBag from /home/airflow/.local/lib/python3.7/site-packages/airflow/example_dags/example_branch_datetime_operator.py
[2022-08-25 00:17:48,216] {processor.py:651} INFO - DAG(s) dict_keys(['example_branch_datetime_operator', 'example_branch_datetime_operator_2']) retrieved from /home/airflow/.local/lib/python3.7/site-packages/airflow/example_dags/example_branch_datetime_operator.py
[2022-08-25 00:17:48,258] {logging_mixin.py:115} INFO - [2022-08-25 00:17:48,258] {dag.py:2420} INFO - Sync 2 DAGs
[2022-08-25 00:17:48,292] {logging_mixin.py:115} INFO - [2022-08-25 00:17:48,292] {dag.py:2972} INFO - Setting next_dagrun for example_branch_datetime_operator to 2022-08-24T00:00:00+00:00, run_after=2022-08-25T00:00:00+00:00
[2022-08-25 00:17:48,295] {logging_mixin.py:115} INFO - [2022-08-25 00:17:48,295] {dag.py:2972} INFO - Setting next_dagrun for example_branch_datetime_operator_2 to 2022-08-24T00:00:00+00:00, run_after=2022-08-25T00:00:00+00:00
[2022-08-25 00:17:48,323] {processor.py:161} INFO - Processing /home/airflow/.local/lib/python3.7/site-packages/airflow/example_dags/example_branch_datetime_operator.py took 0.128 seconds
[2022-08-25 00:18:18,426] {processor.py:153} INFO - Started process (PID=14220) to work on /home/airflow/.local/lib/python3.7/site-packages/airflow/example_dags/example_branch_datetime_operator.py
[2022-08-25 00:18:18,427] {processor.py:641} INFO - Processing file /home/airflow/.local/lib/python3.7/site-packages/airflow/example_dags/example_branch_datetime_operator.py for tasks to queue
[2022-08-25 00:18:18,428] {logging_mixin.py:115} INFO - [2022-08-25 00:18:18,428] {dagbag.py:508} INFO - Filling up the DagBag from /home/airflow/.local/lib/python3.7/site-packages/airflow/example_dags/example_branch_datetime_operator.py
[2022-08-25 00:18:18,444] {processor.py:651} INFO - DAG(s) dict_keys(['example_branch_datetime_operator', 'example_branch_datetime_operator_2']) retrieved from /home/airflow/.local/lib/python3.7/site-packages/airflow/example_dags/example_branch_datetime_operator.py
[2022-08-25 00:18:18,486] {logging_mixin.py:115} INFO - [2022-08-25 00:18:18,486] {dag.py:2420} INFO - Sync 2 DAGs
[2022-08-25 00:18:18,520] {logging_mixin.py:115} INFO - [2022-08-25 00:18:18,520] {dag.py:2972} INFO - Setting next_dagrun for example_branch_datetime_operator to 2022-08-24T00:00:00+00:00, run_after=2022-08-25T00:00:00+00:00
[2022-08-25 00:18:18,523] {logging_mixin.py:115} INFO - [2022-08-25 00:18:18,523] {dag.py:2972} INFO - Setting next_dagrun for example_branch_datetime_operator_2 to 2022-08-24T00:00:00+00:00, run_after=2022-08-25T00:00:00+00:00
[2022-08-25 00:18:18,549] {processor.py:161} INFO - Processing /home/airflow/.local/lib/python3.7/site-packages/airflow/example_dags/example_branch_datetime_operator.py took 0.128 seconds
[2022-08-25 00:18:48,686] {processor.py:153} INFO - Started process (PID=14411) to work on /home/airflow/.local/lib/python3.7/site-packages/airflow/example_dags/example_branch_datetime_operator.py
[2022-08-25 00:18:48,686] {processor.py:641} INFO - Processing file /home/airflow/.local/lib/python3.7/site-packages/airflow/example_dags/example_branch_datetime_operator.py for tasks to queue
[2022-08-25 00:18:48,687] {logging_mixin.py:115} INFO - [2022-08-25 00:18:48,687] {dagbag.py:508} INFO - Filling up the DagBag from /home/airflow/.local/lib/python3.7/site-packages/airflow/example_dags/example_branch_datetime_operator.py
[2022-08-25 00:18:48,699] {processor.py:651} INFO - DAG(s) dict_keys(['example_branch_datetime_operator', 'example_branch_datetime_operator_2']) retrieved from /home/airflow/.local/lib/python3.7/site-packages/airflow/example_dags/example_branch_datetime_operator.py
[2022-08-25 00:18:48,737] {logging_mixin.py:115} INFO - [2022-08-25 00:18:48,737] {dag.py:2420} INFO - Sync 2 DAGs
[2022-08-25 00:18:48,767] {logging_mixin.py:115} INFO - [2022-08-25 00:18:48,767] {dag.py:2972} INFO - Setting next_dagrun for example_branch_datetime_operator to 2022-08-24T00:00:00+00:00, run_after=2022-08-25T00:00:00+00:00
[2022-08-25 00:18:48,770] {logging_mixin.py:115} INFO - [2022-08-25 00:18:48,770] {dag.py:2972} INFO - Setting next_dagrun for example_branch_datetime_operator_2 to 2022-08-24T00:00:00+00:00, run_after=2022-08-25T00:00:00+00:00
[2022-08-25 00:18:48,790] {processor.py:161} INFO - Processing /home/airflow/.local/lib/python3.7/site-packages/airflow/example_dags/example_branch_datetime_operator.py took 0.107 seconds
[2022-08-25 00:19:19,095] {processor.py:153} INFO - Started process (PID=14614) to work on /home/airflow/.local/lib/python3.7/site-packages/airflow/example_dags/example_branch_datetime_operator.py
[2022-08-25 00:19:19,096] {processor.py:641} INFO - Processing file /home/airflow/.local/lib/python3.7/site-packages/airflow/example_dags/example_branch_datetime_operator.py for tasks to queue
[2022-08-25 00:19:19,097] {logging_mixin.py:115} INFO - [2022-08-25 00:19:19,097] {dagbag.py:508} INFO - Filling up the DagBag from /home/airflow/.local/lib/python3.7/site-packages/airflow/example_dags/example_branch_datetime_operator.py
[2022-08-25 00:19:19,107] {processor.py:651} INFO - DAG(s) dict_keys(['example_branch_datetime_operator', 'example_branch_datetime_operator_2']) retrieved from /home/airflow/.local/lib/python3.7/site-packages/airflow/example_dags/example_branch_datetime_operator.py
[2022-08-25 00:19:19,144] {logging_mixin.py:115} INFO - [2022-08-25 00:19:19,144] {dag.py:2420} INFO - Sync 2 DAGs
[2022-08-25 00:19:19,173] {logging_mixin.py:115} INFO - [2022-08-25 00:19:19,173] {dag.py:2972} INFO - Setting next_dagrun for example_branch_datetime_operator to 2022-08-24T00:00:00+00:00, run_after=2022-08-25T00:00:00+00:00
[2022-08-25 00:19:19,176] {logging_mixin.py:115} INFO - [2022-08-25 00:19:19,176] {dag.py:2972} INFO - Setting next_dagrun for example_branch_datetime_operator_2 to 2022-08-24T00:00:00+00:00, run_after=2022-08-25T00:00:00+00:00
[2022-08-25 00:19:19,203] {processor.py:161} INFO - Processing /home/airflow/.local/lib/python3.7/site-packages/airflow/example_dags/example_branch_datetime_operator.py took 0.112 seconds
[2022-08-25 00:19:49,719] {processor.py:153} INFO - Started process (PID=14808) to work on /home/airflow/.local/lib/python3.7/site-packages/airflow/example_dags/example_branch_datetime_operator.py
[2022-08-25 00:19:49,720] {processor.py:641} INFO - Processing file /home/airflow/.local/lib/python3.7/site-packages/airflow/example_dags/example_branch_datetime_operator.py for tasks to queue
[2022-08-25 00:19:49,721] {logging_mixin.py:115} INFO - [2022-08-25 00:19:49,721] {dagbag.py:508} INFO - Filling up the DagBag from /home/airflow/.local/lib/python3.7/site-packages/airflow/example_dags/example_branch_datetime_operator.py
[2022-08-25 00:19:49,735] {processor.py:651} INFO - DAG(s) dict_keys(['example_branch_datetime_operator', 'example_branch_datetime_operator_2']) retrieved from /home/airflow/.local/lib/python3.7/site-packages/airflow/example_dags/example_branch_datetime_operator.py
[2022-08-25 00:19:49,782] {logging_mixin.py:115} INFO - [2022-08-25 00:19:49,781] {dag.py:2420} INFO - Sync 2 DAGs
[2022-08-25 00:19:49,821] {logging_mixin.py:115} INFO - [2022-08-25 00:19:49,821] {dag.py:2972} INFO - Setting next_dagrun for example_branch_datetime_operator to 2022-08-24T00:00:00+00:00, run_after=2022-08-25T00:00:00+00:00
[2022-08-25 00:19:49,825] {logging_mixin.py:115} INFO - [2022-08-25 00:19:49,825] {dag.py:2972} INFO - Setting next_dagrun for example_branch_datetime_operator_2 to 2022-08-24T00:00:00+00:00, run_after=2022-08-25T00:00:00+00:00
[2022-08-25 00:19:49,845] {processor.py:161} INFO - Processing /home/airflow/.local/lib/python3.7/site-packages/airflow/example_dags/example_branch_datetime_operator.py took 0.131 seconds
[2022-08-25 00:20:20,206] {processor.py:153} INFO - Started process (PID=15009) to work on /home/airflow/.local/lib/python3.7/site-packages/airflow/example_dags/example_branch_datetime_operator.py
[2022-08-25 00:20:20,207] {processor.py:641} INFO - Processing file /home/airflow/.local/lib/python3.7/site-packages/airflow/example_dags/example_branch_datetime_operator.py for tasks to queue
[2022-08-25 00:20:20,208] {logging_mixin.py:115} INFO - [2022-08-25 00:20:20,208] {dagbag.py:508} INFO - Filling up the DagBag from /home/airflow/.local/lib/python3.7/site-packages/airflow/example_dags/example_branch_datetime_operator.py
[2022-08-25 00:20:20,219] {processor.py:651} INFO - DAG(s) dict_keys(['example_branch_datetime_operator', 'example_branch_datetime_operator_2']) retrieved from /home/airflow/.local/lib/python3.7/site-packages/airflow/example_dags/example_branch_datetime_operator.py
[2022-08-25 00:20:20,259] {logging_mixin.py:115} INFO - [2022-08-25 00:20:20,259] {dag.py:2420} INFO - Sync 2 DAGs
[2022-08-25 00:20:20,294] {logging_mixin.py:115} INFO - [2022-08-25 00:20:20,294] {dag.py:2972} INFO - Setting next_dagrun for example_branch_datetime_operator to 2022-08-24T00:00:00+00:00, run_after=2022-08-25T00:00:00+00:00
[2022-08-25 00:20:20,297] {logging_mixin.py:115} INFO - [2022-08-25 00:20:20,297] {dag.py:2972} INFO - Setting next_dagrun for example_branch_datetime_operator_2 to 2022-08-24T00:00:00+00:00, run_after=2022-08-25T00:00:00+00:00
[2022-08-25 00:20:20,315] {processor.py:161} INFO - Processing /home/airflow/.local/lib/python3.7/site-packages/airflow/example_dags/example_branch_datetime_operator.py took 0.112 seconds
[2022-08-25 00:20:50,871] {processor.py:153} INFO - Started process (PID=15211) to work on /home/airflow/.local/lib/python3.7/site-packages/airflow/example_dags/example_branch_datetime_operator.py
[2022-08-25 00:20:50,872] {processor.py:641} INFO - Processing file /home/airflow/.local/lib/python3.7/site-packages/airflow/example_dags/example_branch_datetime_operator.py for tasks to queue
[2022-08-25 00:20:50,873] {logging_mixin.py:115} INFO - [2022-08-25 00:20:50,873] {dagbag.py:508} INFO - Filling up the DagBag from /home/airflow/.local/lib/python3.7/site-packages/airflow/example_dags/example_branch_datetime_operator.py
[2022-08-25 00:20:50,888] {processor.py:651} INFO - DAG(s) dict_keys(['example_branch_datetime_operator', 'example_branch_datetime_operator_2']) retrieved from /home/airflow/.local/lib/python3.7/site-packages/airflow/example_dags/example_branch_datetime_operator.py
[2022-08-25 00:20:50,937] {logging_mixin.py:115} INFO - [2022-08-25 00:20:50,937] {dag.py:2420} INFO - Sync 2 DAGs
[2022-08-25 00:20:50,976] {logging_mixin.py:115} INFO - [2022-08-25 00:20:50,976] {dag.py:2972} INFO - Setting next_dagrun for example_branch_datetime_operator to 2022-08-24T00:00:00+00:00, run_after=2022-08-25T00:00:00+00:00
[2022-08-25 00:20:50,979] {logging_mixin.py:115} INFO - [2022-08-25 00:20:50,979] {dag.py:2972} INFO - Setting next_dagrun for example_branch_datetime_operator_2 to 2022-08-24T00:00:00+00:00, run_after=2022-08-25T00:00:00+00:00
[2022-08-25 00:20:50,998] {processor.py:161} INFO - Processing /home/airflow/.local/lib/python3.7/site-packages/airflow/example_dags/example_branch_datetime_operator.py took 0.131 seconds
[2022-08-25 00:21:21,632] {processor.py:153} INFO - Started process (PID=15409) to work on /home/airflow/.local/lib/python3.7/site-packages/airflow/example_dags/example_branch_datetime_operator.py
[2022-08-25 00:21:21,633] {processor.py:641} INFO - Processing file /home/airflow/.local/lib/python3.7/site-packages/airflow/example_dags/example_branch_datetime_operator.py for tasks to queue
[2022-08-25 00:21:21,634] {logging_mixin.py:115} INFO - [2022-08-25 00:21:21,634] {dagbag.py:508} INFO - Filling up the DagBag from /home/airflow/.local/lib/python3.7/site-packages/airflow/example_dags/example_branch_datetime_operator.py
[2022-08-25 00:21:21,645] {processor.py:651} INFO - DAG(s) dict_keys(['example_branch_datetime_operator', 'example_branch_datetime_operator_2']) retrieved from /home/airflow/.local/lib/python3.7/site-packages/airflow/example_dags/example_branch_datetime_operator.py
[2022-08-25 00:21:21,682] {logging_mixin.py:115} INFO - [2022-08-25 00:21:21,682] {dag.py:2420} INFO - Sync 2 DAGs
[2022-08-25 00:21:21,712] {logging_mixin.py:115} INFO - [2022-08-25 00:21:21,712] {dag.py:2972} INFO - Setting next_dagrun for example_branch_datetime_operator to 2022-08-24T00:00:00+00:00, run_after=2022-08-25T00:00:00+00:00
[2022-08-25 00:21:21,715] {logging_mixin.py:115} INFO - [2022-08-25 00:21:21,715] {dag.py:2972} INFO - Setting next_dagrun for example_branch_datetime_operator_2 to 2022-08-24T00:00:00+00:00, run_after=2022-08-25T00:00:00+00:00
[2022-08-25 00:21:21,743] {processor.py:161} INFO - Processing /home/airflow/.local/lib/python3.7/site-packages/airflow/example_dags/example_branch_datetime_operator.py took 0.115 seconds
[2022-08-25 00:21:51,832] {processor.py:153} INFO - Started process (PID=15608) to work on /home/airflow/.local/lib/python3.7/site-packages/airflow/example_dags/example_branch_datetime_operator.py
[2022-08-25 00:21:51,833] {processor.py:641} INFO - Processing file /home/airflow/.local/lib/python3.7/site-packages/airflow/example_dags/example_branch_datetime_operator.py for tasks to queue
[2022-08-25 00:21:51,834] {logging_mixin.py:115} INFO - [2022-08-25 00:21:51,834] {dagbag.py:508} INFO - Filling up the DagBag from /home/airflow/.local/lib/python3.7/site-packages/airflow/example_dags/example_branch_datetime_operator.py
[2022-08-25 00:21:51,848] {processor.py:651} INFO - DAG(s) dict_keys(['example_branch_datetime_operator', 'example_branch_datetime_operator_2']) retrieved from /home/airflow/.local/lib/python3.7/site-packages/airflow/example_dags/example_branch_datetime_operator.py
[2022-08-25 00:21:51,891] {logging_mixin.py:115} INFO - [2022-08-25 00:21:51,890] {dag.py:2420} INFO - Sync 2 DAGs
[2022-08-25 00:21:51,925] {logging_mixin.py:115} INFO - [2022-08-25 00:21:51,924] {dag.py:2972} INFO - Setting next_dagrun for example_branch_datetime_operator to 2022-08-24T00:00:00+00:00, run_after=2022-08-25T00:00:00+00:00
[2022-08-25 00:21:51,928] {logging_mixin.py:115} INFO - [2022-08-25 00:21:51,928] {dag.py:2972} INFO - Setting next_dagrun for example_branch_datetime_operator_2 to 2022-08-24T00:00:00+00:00, run_after=2022-08-25T00:00:00+00:00
[2022-08-25 00:21:51,946] {processor.py:161} INFO - Processing /home/airflow/.local/lib/python3.7/site-packages/airflow/example_dags/example_branch_datetime_operator.py took 0.118 seconds
[2022-08-25 00:22:22,196] {processor.py:153} INFO - Started process (PID=15804) to work on /home/airflow/.local/lib/python3.7/site-packages/airflow/example_dags/example_branch_datetime_operator.py
[2022-08-25 00:22:22,197] {processor.py:641} INFO - Processing file /home/airflow/.local/lib/python3.7/site-packages/airflow/example_dags/example_branch_datetime_operator.py for tasks to queue
[2022-08-25 00:22:22,198] {logging_mixin.py:115} INFO - [2022-08-25 00:22:22,198] {dagbag.py:508} INFO - Filling up the DagBag from /home/airflow/.local/lib/python3.7/site-packages/airflow/example_dags/example_branch_datetime_operator.py
[2022-08-25 00:22:22,208] {processor.py:651} INFO - DAG(s) dict_keys(['example_branch_datetime_operator', 'example_branch_datetime_operator_2']) retrieved from /home/airflow/.local/lib/python3.7/site-packages/airflow/example_dags/example_branch_datetime_operator.py
[2022-08-25 00:22:22,249] {logging_mixin.py:115} INFO - [2022-08-25 00:22:22,249] {dag.py:2420} INFO - Sync 2 DAGs
[2022-08-25 00:22:22,277] {logging_mixin.py:115} INFO - [2022-08-25 00:22:22,277] {dag.py:2972} INFO - Setting next_dagrun for example_branch_datetime_operator to 2022-08-24T00:00:00+00:00, run_after=2022-08-25T00:00:00+00:00
[2022-08-25 00:22:22,279] {logging_mixin.py:115} INFO - [2022-08-25 00:22:22,279] {dag.py:2972} INFO - Setting next_dagrun for example_branch_datetime_operator_2 to 2022-08-24T00:00:00+00:00, run_after=2022-08-25T00:00:00+00:00
[2022-08-25 00:22:22,304] {processor.py:161} INFO - Processing /home/airflow/.local/lib/python3.7/site-packages/airflow/example_dags/example_branch_datetime_operator.py took 0.111 seconds
[2022-08-25 00:22:52,520] {processor.py:153} INFO - Started process (PID=16005) to work on /home/airflow/.local/lib/python3.7/site-packages/airflow/example_dags/example_branch_datetime_operator.py
[2022-08-25 00:22:52,521] {processor.py:641} INFO - Processing file /home/airflow/.local/lib/python3.7/site-packages/airflow/example_dags/example_branch_datetime_operator.py for tasks to queue
[2022-08-25 00:22:52,522] {logging_mixin.py:115} INFO - [2022-08-25 00:22:52,522] {dagbag.py:508} INFO - Filling up the DagBag from /home/airflow/.local/lib/python3.7/site-packages/airflow/example_dags/example_branch_datetime_operator.py
[2022-08-25 00:22:52,535] {processor.py:651} INFO - DAG(s) dict_keys(['example_branch_datetime_operator', 'example_branch_datetime_operator_2']) retrieved from /home/airflow/.local/lib/python3.7/site-packages/airflow/example_dags/example_branch_datetime_operator.py
[2022-08-25 00:22:52,578] {logging_mixin.py:115} INFO - [2022-08-25 00:22:52,578] {dag.py:2420} INFO - Sync 2 DAGs
[2022-08-25 00:22:52,612] {logging_mixin.py:115} INFO - [2022-08-25 00:22:52,612] {dag.py:2972} INFO - Setting next_dagrun for example_branch_datetime_operator to 2022-08-24T00:00:00+00:00, run_after=2022-08-25T00:00:00+00:00
[2022-08-25 00:22:52,616] {logging_mixin.py:115} INFO - [2022-08-25 00:22:52,616] {dag.py:2972} INFO - Setting next_dagrun for example_branch_datetime_operator_2 to 2022-08-24T00:00:00+00:00, run_after=2022-08-25T00:00:00+00:00
[2022-08-25 00:22:52,641] {processor.py:161} INFO - Processing /home/airflow/.local/lib/python3.7/site-packages/airflow/example_dags/example_branch_datetime_operator.py took 0.124 seconds
[2022-08-25 00:23:22,744] {processor.py:153} INFO - Started process (PID=16201) to work on /home/airflow/.local/lib/python3.7/site-packages/airflow/example_dags/example_branch_datetime_operator.py
[2022-08-25 00:23:22,745] {processor.py:641} INFO - Processing file /home/airflow/.local/lib/python3.7/site-packages/airflow/example_dags/example_branch_datetime_operator.py for tasks to queue
[2022-08-25 00:23:22,746] {logging_mixin.py:115} INFO - [2022-08-25 00:23:22,746] {dagbag.py:508} INFO - Filling up the DagBag from /home/airflow/.local/lib/python3.7/site-packages/airflow/example_dags/example_branch_datetime_operator.py
[2022-08-25 00:23:22,758] {processor.py:651} INFO - DAG(s) dict_keys(['example_branch_datetime_operator', 'example_branch_datetime_operator_2']) retrieved from /home/airflow/.local/lib/python3.7/site-packages/airflow/example_dags/example_branch_datetime_operator.py
[2022-08-25 00:23:22,796] {logging_mixin.py:115} INFO - [2022-08-25 00:23:22,796] {dag.py:2420} INFO - Sync 2 DAGs
[2022-08-25 00:23:22,825] {logging_mixin.py:115} INFO - [2022-08-25 00:23:22,825] {dag.py:2972} INFO - Setting next_dagrun for example_branch_datetime_operator to 2022-08-24T00:00:00+00:00, run_after=2022-08-25T00:00:00+00:00
[2022-08-25 00:23:22,828] {logging_mixin.py:115} INFO - [2022-08-25 00:23:22,828] {dag.py:2972} INFO - Setting next_dagrun for example_branch_datetime_operator_2 to 2022-08-24T00:00:00+00:00, run_after=2022-08-25T00:00:00+00:00
[2022-08-25 00:23:22,845] {processor.py:161} INFO - Processing /home/airflow/.local/lib/python3.7/site-packages/airflow/example_dags/example_branch_datetime_operator.py took 0.105 seconds
[2022-08-25 00:23:53,827] {processor.py:153} INFO - Started process (PID=16404) to work on /home/airflow/.local/lib/python3.7/site-packages/airflow/example_dags/example_branch_datetime_operator.py
[2022-08-25 00:23:53,828] {processor.py:641} INFO - Processing file /home/airflow/.local/lib/python3.7/site-packages/airflow/example_dags/example_branch_datetime_operator.py for tasks to queue
[2022-08-25 00:23:53,829] {logging_mixin.py:115} INFO - [2022-08-25 00:23:53,828] {dagbag.py:508} INFO - Filling up the DagBag from /home/airflow/.local/lib/python3.7/site-packages/airflow/example_dags/example_branch_datetime_operator.py
[2022-08-25 00:23:53,845] {processor.py:651} INFO - DAG(s) dict_keys(['example_branch_datetime_operator', 'example_branch_datetime_operator_2']) retrieved from /home/airflow/.local/lib/python3.7/site-packages/airflow/example_dags/example_branch_datetime_operator.py
[2022-08-25 00:23:53,887] {logging_mixin.py:115} INFO - [2022-08-25 00:23:53,887] {dag.py:2420} INFO - Sync 2 DAGs
[2022-08-25 00:23:53,924] {logging_mixin.py:115} INFO - [2022-08-25 00:23:53,924] {dag.py:2972} INFO - Setting next_dagrun for example_branch_datetime_operator to 2022-08-24T00:00:00+00:00, run_after=2022-08-25T00:00:00+00:00
[2022-08-25 00:23:53,927] {logging_mixin.py:115} INFO - [2022-08-25 00:23:53,927] {dag.py:2972} INFO - Setting next_dagrun for example_branch_datetime_operator_2 to 2022-08-24T00:00:00+00:00, run_after=2022-08-25T00:00:00+00:00
[2022-08-25 00:23:53,955] {processor.py:161} INFO - Processing /home/airflow/.local/lib/python3.7/site-packages/airflow/example_dags/example_branch_datetime_operator.py took 0.131 seconds
[2022-08-25 00:24:24,368] {processor.py:153} INFO - Started process (PID=16598) to work on /home/airflow/.local/lib/python3.7/site-packages/airflow/example_dags/example_branch_datetime_operator.py
[2022-08-25 00:24:24,368] {processor.py:641} INFO - Processing file /home/airflow/.local/lib/python3.7/site-packages/airflow/example_dags/example_branch_datetime_operator.py for tasks to queue
[2022-08-25 00:24:24,370] {logging_mixin.py:115} INFO - [2022-08-25 00:24:24,369] {dagbag.py:508} INFO - Filling up the DagBag from /home/airflow/.local/lib/python3.7/site-packages/airflow/example_dags/example_branch_datetime_operator.py
[2022-08-25 00:24:24,382] {processor.py:651} INFO - DAG(s) dict_keys(['example_branch_datetime_operator', 'example_branch_datetime_operator_2']) retrieved from /home/airflow/.local/lib/python3.7/site-packages/airflow/example_dags/example_branch_datetime_operator.py
[2022-08-25 00:24:24,423] {logging_mixin.py:115} INFO - [2022-08-25 00:24:24,423] {dag.py:2420} INFO - Sync 2 DAGs
[2022-08-25 00:24:24,456] {logging_mixin.py:115} INFO - [2022-08-25 00:24:24,456] {dag.py:2972} INFO - Setting next_dagrun for example_branch_datetime_operator to 2022-08-24T00:00:00+00:00, run_after=2022-08-25T00:00:00+00:00
[2022-08-25 00:24:24,459] {logging_mixin.py:115} INFO - [2022-08-25 00:24:24,459] {dag.py:2972} INFO - Setting next_dagrun for example_branch_datetime_operator_2 to 2022-08-24T00:00:00+00:00, run_after=2022-08-25T00:00:00+00:00
[2022-08-25 00:24:24,479] {processor.py:161} INFO - Processing /home/airflow/.local/lib/python3.7/site-packages/airflow/example_dags/example_branch_datetime_operator.py took 0.115 seconds
[2022-08-25 00:24:54,952] {processor.py:153} INFO - Started process (PID=16802) to work on /home/airflow/.local/lib/python3.7/site-packages/airflow/example_dags/example_branch_datetime_operator.py
[2022-08-25 00:24:54,953] {processor.py:641} INFO - Processing file /home/airflow/.local/lib/python3.7/site-packages/airflow/example_dags/example_branch_datetime_operator.py for tasks to queue
[2022-08-25 00:24:54,954] {logging_mixin.py:115} INFO - [2022-08-25 00:24:54,953] {dagbag.py:508} INFO - Filling up the DagBag from /home/airflow/.local/lib/python3.7/site-packages/airflow/example_dags/example_branch_datetime_operator.py
[2022-08-25 00:24:54,967] {processor.py:651} INFO - DAG(s) dict_keys(['example_branch_datetime_operator', 'example_branch_datetime_operator_2']) retrieved from /home/airflow/.local/lib/python3.7/site-packages/airflow/example_dags/example_branch_datetime_operator.py
[2022-08-25 00:24:55,010] {logging_mixin.py:115} INFO - [2022-08-25 00:24:55,010] {dag.py:2420} INFO - Sync 2 DAGs
[2022-08-25 00:24:55,046] {logging_mixin.py:115} INFO - [2022-08-25 00:24:55,046] {dag.py:2972} INFO - Setting next_dagrun for example_branch_datetime_operator to 2022-08-24T00:00:00+00:00, run_after=2022-08-25T00:00:00+00:00
[2022-08-25 00:24:55,049] {logging_mixin.py:115} INFO - [2022-08-25 00:24:55,049] {dag.py:2972} INFO - Setting next_dagrun for example_branch_datetime_operator_2 to 2022-08-24T00:00:00+00:00, run_after=2022-08-25T00:00:00+00:00
[2022-08-25 00:24:55,067] {processor.py:161} INFO - Processing /home/airflow/.local/lib/python3.7/site-packages/airflow/example_dags/example_branch_datetime_operator.py took 0.120 seconds
[2022-08-25 00:25:25,433] {processor.py:153} INFO - Started process (PID=16996) to work on /home/airflow/.local/lib/python3.7/site-packages/airflow/example_dags/example_branch_datetime_operator.py
[2022-08-25 00:25:25,434] {processor.py:641} INFO - Processing file /home/airflow/.local/lib/python3.7/site-packages/airflow/example_dags/example_branch_datetime_operator.py for tasks to queue
[2022-08-25 00:25:25,435] {logging_mixin.py:115} INFO - [2022-08-25 00:25:25,435] {dagbag.py:508} INFO - Filling up the DagBag from /home/airflow/.local/lib/python3.7/site-packages/airflow/example_dags/example_branch_datetime_operator.py
[2022-08-25 00:25:25,448] {processor.py:651} INFO - DAG(s) dict_keys(['example_branch_datetime_operator', 'example_branch_datetime_operator_2']) retrieved from /home/airflow/.local/lib/python3.7/site-packages/airflow/example_dags/example_branch_datetime_operator.py
[2022-08-25 00:25:25,491] {logging_mixin.py:115} INFO - [2022-08-25 00:25:25,491] {dag.py:2420} INFO - Sync 2 DAGs
[2022-08-25 00:25:25,533] {logging_mixin.py:115} INFO - [2022-08-25 00:25:25,533] {dag.py:2972} INFO - Setting next_dagrun for example_branch_datetime_operator to 2022-08-24T00:00:00+00:00, run_after=2022-08-25T00:00:00+00:00
[2022-08-25 00:25:25,536] {logging_mixin.py:115} INFO - [2022-08-25 00:25:25,536] {dag.py:2972} INFO - Setting next_dagrun for example_branch_datetime_operator_2 to 2022-08-24T00:00:00+00:00, run_after=2022-08-25T00:00:00+00:00
[2022-08-25 00:25:25,554] {processor.py:161} INFO - Processing /home/airflow/.local/lib/python3.7/site-packages/airflow/example_dags/example_branch_datetime_operator.py took 0.126 seconds
[2022-08-25 00:25:55,876] {processor.py:153} INFO - Started process (PID=17199) to work on /home/airflow/.local/lib/python3.7/site-packages/airflow/example_dags/example_branch_datetime_operator.py
[2022-08-25 00:25:55,877] {processor.py:641} INFO - Processing file /home/airflow/.local/lib/python3.7/site-packages/airflow/example_dags/example_branch_datetime_operator.py for tasks to queue
[2022-08-25 00:25:55,878] {logging_mixin.py:115} INFO - [2022-08-25 00:25:55,878] {dagbag.py:508} INFO - Filling up the DagBag from /home/airflow/.local/lib/python3.7/site-packages/airflow/example_dags/example_branch_datetime_operator.py
[2022-08-25 00:25:55,892] {processor.py:651} INFO - DAG(s) dict_keys(['example_branch_datetime_operator', 'example_branch_datetime_operator_2']) retrieved from /home/airflow/.local/lib/python3.7/site-packages/airflow/example_dags/example_branch_datetime_operator.py
[2022-08-25 00:25:55,934] {logging_mixin.py:115} INFO - [2022-08-25 00:25:55,934] {dag.py:2420} INFO - Sync 2 DAGs
[2022-08-25 00:25:55,970] {logging_mixin.py:115} INFO - [2022-08-25 00:25:55,970] {dag.py:2972} INFO - Setting next_dagrun for example_branch_datetime_operator to 2022-08-24T00:00:00+00:00, run_after=2022-08-25T00:00:00+00:00
[2022-08-25 00:25:55,973] {logging_mixin.py:115} INFO - [2022-08-25 00:25:55,973] {dag.py:2972} INFO - Setting next_dagrun for example_branch_datetime_operator_2 to 2022-08-24T00:00:00+00:00, run_after=2022-08-25T00:00:00+00:00
[2022-08-25 00:25:55,993] {processor.py:161} INFO - Processing /home/airflow/.local/lib/python3.7/site-packages/airflow/example_dags/example_branch_datetime_operator.py took 0.122 seconds
[2022-08-25 00:26:26,553] {processor.py:153} INFO - Started process (PID=17393) to work on /home/airflow/.local/lib/python3.7/site-packages/airflow/example_dags/example_branch_datetime_operator.py
[2022-08-25 00:26:26,554] {processor.py:641} INFO - Processing file /home/airflow/.local/lib/python3.7/site-packages/airflow/example_dags/example_branch_datetime_operator.py for tasks to queue
[2022-08-25 00:26:26,555] {logging_mixin.py:115} INFO - [2022-08-25 00:26:26,555] {dagbag.py:508} INFO - Filling up the DagBag from /home/airflow/.local/lib/python3.7/site-packages/airflow/example_dags/example_branch_datetime_operator.py
[2022-08-25 00:26:26,567] {processor.py:651} INFO - DAG(s) dict_keys(['example_branch_datetime_operator', 'example_branch_datetime_operator_2']) retrieved from /home/airflow/.local/lib/python3.7/site-packages/airflow/example_dags/example_branch_datetime_operator.py
[2022-08-25 00:26:26,610] {logging_mixin.py:115} INFO - [2022-08-25 00:26:26,609] {dag.py:2420} INFO - Sync 2 DAGs
[2022-08-25 00:26:26,645] {logging_mixin.py:115} INFO - [2022-08-25 00:26:26,644] {dag.py:2972} INFO - Setting next_dagrun for example_branch_datetime_operator to 2022-08-24T00:00:00+00:00, run_after=2022-08-25T00:00:00+00:00
[2022-08-25 00:26:26,648] {logging_mixin.py:115} INFO - [2022-08-25 00:26:26,648] {dag.py:2972} INFO - Setting next_dagrun for example_branch_datetime_operator_2 to 2022-08-24T00:00:00+00:00, run_after=2022-08-25T00:00:00+00:00
[2022-08-25 00:26:26,669] {processor.py:161} INFO - Processing /home/airflow/.local/lib/python3.7/site-packages/airflow/example_dags/example_branch_datetime_operator.py took 0.120 seconds
[2022-08-25 00:26:57,084] {processor.py:153} INFO - Started process (PID=17596) to work on /home/airflow/.local/lib/python3.7/site-packages/airflow/example_dags/example_branch_datetime_operator.py
[2022-08-25 00:26:57,085] {processor.py:641} INFO - Processing file /home/airflow/.local/lib/python3.7/site-packages/airflow/example_dags/example_branch_datetime_operator.py for tasks to queue
[2022-08-25 00:26:57,086] {logging_mixin.py:115} INFO - [2022-08-25 00:26:57,086] {dagbag.py:508} INFO - Filling up the DagBag from /home/airflow/.local/lib/python3.7/site-packages/airflow/example_dags/example_branch_datetime_operator.py
[2022-08-25 00:26:57,102] {processor.py:651} INFO - DAG(s) dict_keys(['example_branch_datetime_operator', 'example_branch_datetime_operator_2']) retrieved from /home/airflow/.local/lib/python3.7/site-packages/airflow/example_dags/example_branch_datetime_operator.py
[2022-08-25 00:26:57,145] {logging_mixin.py:115} INFO - [2022-08-25 00:26:57,145] {dag.py:2420} INFO - Sync 2 DAGs
[2022-08-25 00:26:57,181] {logging_mixin.py:115} INFO - [2022-08-25 00:26:57,181] {dag.py:2972} INFO - Setting next_dagrun for example_branch_datetime_operator to 2022-08-24T00:00:00+00:00, run_after=2022-08-25T00:00:00+00:00
[2022-08-25 00:26:57,185] {logging_mixin.py:115} INFO - [2022-08-25 00:26:57,185] {dag.py:2972} INFO - Setting next_dagrun for example_branch_datetime_operator_2 to 2022-08-24T00:00:00+00:00, run_after=2022-08-25T00:00:00+00:00
[2022-08-25 00:26:57,206] {processor.py:161} INFO - Processing /home/airflow/.local/lib/python3.7/site-packages/airflow/example_dags/example_branch_datetime_operator.py took 0.128 seconds
[2022-08-25 00:27:27,690] {processor.py:153} INFO - Started process (PID=17790) to work on /home/airflow/.local/lib/python3.7/site-packages/airflow/example_dags/example_branch_datetime_operator.py
[2022-08-25 00:27:27,690] {processor.py:641} INFO - Processing file /home/airflow/.local/lib/python3.7/site-packages/airflow/example_dags/example_branch_datetime_operator.py for tasks to queue
[2022-08-25 00:27:27,691] {logging_mixin.py:115} INFO - [2022-08-25 00:27:27,691] {dagbag.py:508} INFO - Filling up the DagBag from /home/airflow/.local/lib/python3.7/site-packages/airflow/example_dags/example_branch_datetime_operator.py
[2022-08-25 00:27:27,704] {processor.py:651} INFO - DAG(s) dict_keys(['example_branch_datetime_operator', 'example_branch_datetime_operator_2']) retrieved from /home/airflow/.local/lib/python3.7/site-packages/airflow/example_dags/example_branch_datetime_operator.py
[2022-08-25 00:27:27,744] {logging_mixin.py:115} INFO - [2022-08-25 00:27:27,744] {dag.py:2420} INFO - Sync 2 DAGs
[2022-08-25 00:27:27,778] {logging_mixin.py:115} INFO - [2022-08-25 00:27:27,777] {dag.py:2972} INFO - Setting next_dagrun for example_branch_datetime_operator to 2022-08-24T00:00:00+00:00, run_after=2022-08-25T00:00:00+00:00
[2022-08-25 00:27:27,781] {logging_mixin.py:115} INFO - [2022-08-25 00:27:27,781] {dag.py:2972} INFO - Setting next_dagrun for example_branch_datetime_operator_2 to 2022-08-24T00:00:00+00:00, run_after=2022-08-25T00:00:00+00:00
[2022-08-25 00:27:27,799] {processor.py:161} INFO - Processing /home/airflow/.local/lib/python3.7/site-packages/airflow/example_dags/example_branch_datetime_operator.py took 0.113 seconds
[2022-08-25 00:27:58,532] {processor.py:153} INFO - Started process (PID=17993) to work on /home/airflow/.local/lib/python3.7/site-packages/airflow/example_dags/example_branch_datetime_operator.py
[2022-08-25 00:27:58,533] {processor.py:641} INFO - Processing file /home/airflow/.local/lib/python3.7/site-packages/airflow/example_dags/example_branch_datetime_operator.py for tasks to queue
[2022-08-25 00:27:58,534] {logging_mixin.py:115} INFO - [2022-08-25 00:27:58,534] {dagbag.py:508} INFO - Filling up the DagBag from /home/airflow/.local/lib/python3.7/site-packages/airflow/example_dags/example_branch_datetime_operator.py
[2022-08-25 00:27:58,547] {processor.py:651} INFO - DAG(s) dict_keys(['example_branch_datetime_operator', 'example_branch_datetime_operator_2']) retrieved from /home/airflow/.local/lib/python3.7/site-packages/airflow/example_dags/example_branch_datetime_operator.py
[2022-08-25 00:27:58,588] {logging_mixin.py:115} INFO - [2022-08-25 00:27:58,587] {dag.py:2420} INFO - Sync 2 DAGs
[2022-08-25 00:27:58,628] {logging_mixin.py:115} INFO - [2022-08-25 00:27:58,628] {dag.py:2972} INFO - Setting next_dagrun for example_branch_datetime_operator to 2022-08-24T00:00:00+00:00, run_after=2022-08-25T00:00:00+00:00
[2022-08-25 00:27:58,632] {logging_mixin.py:115} INFO - [2022-08-25 00:27:58,632] {dag.py:2972} INFO - Setting next_dagrun for example_branch_datetime_operator_2 to 2022-08-24T00:00:00+00:00, run_after=2022-08-25T00:00:00+00:00
[2022-08-25 00:27:58,654] {processor.py:161} INFO - Processing /home/airflow/.local/lib/python3.7/site-packages/airflow/example_dags/example_branch_datetime_operator.py took 0.127 seconds
[2022-08-25 00:28:28,856] {processor.py:153} INFO - Started process (PID=18187) to work on /home/airflow/.local/lib/python3.7/site-packages/airflow/example_dags/example_branch_datetime_operator.py
[2022-08-25 00:28:28,857] {processor.py:641} INFO - Processing file /home/airflow/.local/lib/python3.7/site-packages/airflow/example_dags/example_branch_datetime_operator.py for tasks to queue
[2022-08-25 00:28:28,858] {logging_mixin.py:115} INFO - [2022-08-25 00:28:28,858] {dagbag.py:508} INFO - Filling up the DagBag from /home/airflow/.local/lib/python3.7/site-packages/airflow/example_dags/example_branch_datetime_operator.py
[2022-08-25 00:28:28,870] {processor.py:651} INFO - DAG(s) dict_keys(['example_branch_datetime_operator', 'example_branch_datetime_operator_2']) retrieved from /home/airflow/.local/lib/python3.7/site-packages/airflow/example_dags/example_branch_datetime_operator.py
[2022-08-25 00:28:28,910] {logging_mixin.py:115} INFO - [2022-08-25 00:28:28,909] {dag.py:2420} INFO - Sync 2 DAGs
[2022-08-25 00:28:28,941] {logging_mixin.py:115} INFO - [2022-08-25 00:28:28,941] {dag.py:2972} INFO - Setting next_dagrun for example_branch_datetime_operator to 2022-08-24T00:00:00+00:00, run_after=2022-08-25T00:00:00+00:00
[2022-08-25 00:28:28,944] {logging_mixin.py:115} INFO - [2022-08-25 00:28:28,944] {dag.py:2972} INFO - Setting next_dagrun for example_branch_datetime_operator_2 to 2022-08-24T00:00:00+00:00, run_after=2022-08-25T00:00:00+00:00
[2022-08-25 00:28:28,962] {processor.py:161} INFO - Processing /home/airflow/.local/lib/python3.7/site-packages/airflow/example_dags/example_branch_datetime_operator.py took 0.109 seconds
[2022-08-25 00:28:59,770] {processor.py:153} INFO - Started process (PID=18390) to work on /home/airflow/.local/lib/python3.7/site-packages/airflow/example_dags/example_branch_datetime_operator.py
[2022-08-25 00:28:59,770] {processor.py:641} INFO - Processing file /home/airflow/.local/lib/python3.7/site-packages/airflow/example_dags/example_branch_datetime_operator.py for tasks to queue
[2022-08-25 00:28:59,771] {logging_mixin.py:115} INFO - [2022-08-25 00:28:59,771] {dagbag.py:508} INFO - Filling up the DagBag from /home/airflow/.local/lib/python3.7/site-packages/airflow/example_dags/example_branch_datetime_operator.py
[2022-08-25 00:28:59,782] {processor.py:651} INFO - DAG(s) dict_keys(['example_branch_datetime_operator', 'example_branch_datetime_operator_2']) retrieved from /home/airflow/.local/lib/python3.7/site-packages/airflow/example_dags/example_branch_datetime_operator.py
[2022-08-25 00:28:59,826] {logging_mixin.py:115} INFO - [2022-08-25 00:28:59,826] {dag.py:2420} INFO - Sync 2 DAGs
[2022-08-25 00:28:59,862] {logging_mixin.py:115} INFO - [2022-08-25 00:28:59,862] {dag.py:2972} INFO - Setting next_dagrun for example_branch_datetime_operator to 2022-08-24T00:00:00+00:00, run_after=2022-08-25T00:00:00+00:00
[2022-08-25 00:28:59,865] {logging_mixin.py:115} INFO - [2022-08-25 00:28:59,865] {dag.py:2972} INFO - Setting next_dagrun for example_branch_datetime_operator_2 to 2022-08-24T00:00:00+00:00, run_after=2022-08-25T00:00:00+00:00
[2022-08-25 00:28:59,889] {processor.py:161} INFO - Processing /home/airflow/.local/lib/python3.7/site-packages/airflow/example_dags/example_branch_datetime_operator.py took 0.123 seconds
[2022-08-25 00:29:30,072] {processor.py:153} INFO - Started process (PID=18584) to work on /home/airflow/.local/lib/python3.7/site-packages/airflow/example_dags/example_branch_datetime_operator.py
[2022-08-25 00:29:30,073] {processor.py:641} INFO - Processing file /home/airflow/.local/lib/python3.7/site-packages/airflow/example_dags/example_branch_datetime_operator.py for tasks to queue
[2022-08-25 00:29:30,074] {logging_mixin.py:115} INFO - [2022-08-25 00:29:30,074] {dagbag.py:508} INFO - Filling up the DagBag from /home/airflow/.local/lib/python3.7/site-packages/airflow/example_dags/example_branch_datetime_operator.py
[2022-08-25 00:29:30,086] {processor.py:651} INFO - DAG(s) dict_keys(['example_branch_datetime_operator', 'example_branch_datetime_operator_2']) retrieved from /home/airflow/.local/lib/python3.7/site-packages/airflow/example_dags/example_branch_datetime_operator.py
[2022-08-25 00:29:30,124] {logging_mixin.py:115} INFO - [2022-08-25 00:29:30,124] {dag.py:2420} INFO - Sync 2 DAGs
[2022-08-25 00:29:30,159] {logging_mixin.py:115} INFO - [2022-08-25 00:29:30,159] {dag.py:2972} INFO - Setting next_dagrun for example_branch_datetime_operator to 2022-08-24T00:00:00+00:00, run_after=2022-08-25T00:00:00+00:00
[2022-08-25 00:29:30,161] {logging_mixin.py:115} INFO - [2022-08-25 00:29:30,161] {dag.py:2972} INFO - Setting next_dagrun for example_branch_datetime_operator_2 to 2022-08-24T00:00:00+00:00, run_after=2022-08-25T00:00:00+00:00
[2022-08-25 00:29:30,179] {processor.py:161} INFO - Processing /home/airflow/.local/lib/python3.7/site-packages/airflow/example_dags/example_branch_datetime_operator.py took 0.114 seconds
[2022-08-25 00:30:00,749] {processor.py:153} INFO - Started process (PID=18789) to work on /home/airflow/.local/lib/python3.7/site-packages/airflow/example_dags/example_branch_datetime_operator.py
[2022-08-25 00:30:00,750] {processor.py:641} INFO - Processing file /home/airflow/.local/lib/python3.7/site-packages/airflow/example_dags/example_branch_datetime_operator.py for tasks to queue
[2022-08-25 00:30:00,751] {logging_mixin.py:115} INFO - [2022-08-25 00:30:00,751] {dagbag.py:508} INFO - Filling up the DagBag from /home/airflow/.local/lib/python3.7/site-packages/airflow/example_dags/example_branch_datetime_operator.py
[2022-08-25 00:30:00,762] {processor.py:651} INFO - DAG(s) dict_keys(['example_branch_datetime_operator', 'example_branch_datetime_operator_2']) retrieved from /home/airflow/.local/lib/python3.7/site-packages/airflow/example_dags/example_branch_datetime_operator.py
[2022-08-25 00:30:00,804] {logging_mixin.py:115} INFO - [2022-08-25 00:30:00,803] {dag.py:2420} INFO - Sync 2 DAGs
[2022-08-25 00:30:00,837] {logging_mixin.py:115} INFO - [2022-08-25 00:30:00,837] {dag.py:2972} INFO - Setting next_dagrun for example_branch_datetime_operator to 2022-08-24T00:00:00+00:00, run_after=2022-08-25T00:00:00+00:00
[2022-08-25 00:30:00,841] {logging_mixin.py:115} INFO - [2022-08-25 00:30:00,841] {dag.py:2972} INFO - Setting next_dagrun for example_branch_datetime_operator_2 to 2022-08-24T00:00:00+00:00, run_after=2022-08-25T00:00:00+00:00
[2022-08-25 00:30:00,890] {processor.py:161} INFO - Processing /home/airflow/.local/lib/python3.7/site-packages/airflow/example_dags/example_branch_datetime_operator.py took 0.145 seconds
[2022-08-25 00:30:31,271] {processor.py:153} INFO - Started process (PID=18983) to work on /home/airflow/.local/lib/python3.7/site-packages/airflow/example_dags/example_branch_datetime_operator.py
[2022-08-25 00:30:31,272] {processor.py:641} INFO - Processing file /home/airflow/.local/lib/python3.7/site-packages/airflow/example_dags/example_branch_datetime_operator.py for tasks to queue
[2022-08-25 00:30:31,273] {logging_mixin.py:115} INFO - [2022-08-25 00:30:31,273] {dagbag.py:508} INFO - Filling up the DagBag from /home/airflow/.local/lib/python3.7/site-packages/airflow/example_dags/example_branch_datetime_operator.py
[2022-08-25 00:30:31,286] {processor.py:651} INFO - DAG(s) dict_keys(['example_branch_datetime_operator', 'example_branch_datetime_operator_2']) retrieved from /home/airflow/.local/lib/python3.7/site-packages/airflow/example_dags/example_branch_datetime_operator.py
[2022-08-25 00:30:31,325] {logging_mixin.py:115} INFO - [2022-08-25 00:30:31,325] {dag.py:2420} INFO - Sync 2 DAGs
[2022-08-25 00:30:31,355] {logging_mixin.py:115} INFO - [2022-08-25 00:30:31,355] {dag.py:2972} INFO - Setting next_dagrun for example_branch_datetime_operator to 2022-08-24T00:00:00+00:00, run_after=2022-08-25T00:00:00+00:00
[2022-08-25 00:30:31,358] {logging_mixin.py:115} INFO - [2022-08-25 00:30:31,358] {dag.py:2972} INFO - Setting next_dagrun for example_branch_datetime_operator_2 to 2022-08-24T00:00:00+00:00, run_after=2022-08-25T00:00:00+00:00
[2022-08-25 00:30:31,384] {processor.py:161} INFO - Processing /home/airflow/.local/lib/python3.7/site-packages/airflow/example_dags/example_branch_datetime_operator.py took 0.116 seconds
[2022-08-25 00:31:01,726] {processor.py:153} INFO - Started process (PID=19184) to work on /home/airflow/.local/lib/python3.7/site-packages/airflow/example_dags/example_branch_datetime_operator.py
[2022-08-25 00:31:01,727] {processor.py:641} INFO - Processing file /home/airflow/.local/lib/python3.7/site-packages/airflow/example_dags/example_branch_datetime_operator.py for tasks to queue
[2022-08-25 00:31:01,728] {logging_mixin.py:115} INFO - [2022-08-25 00:31:01,728] {dagbag.py:508} INFO - Filling up the DagBag from /home/airflow/.local/lib/python3.7/site-packages/airflow/example_dags/example_branch_datetime_operator.py
[2022-08-25 00:31:01,744] {processor.py:651} INFO - DAG(s) dict_keys(['example_branch_datetime_operator', 'example_branch_datetime_operator_2']) retrieved from /home/airflow/.local/lib/python3.7/site-packages/airflow/example_dags/example_branch_datetime_operator.py
[2022-08-25 00:31:01,788] {logging_mixin.py:115} INFO - [2022-08-25 00:31:01,788] {dag.py:2420} INFO - Sync 2 DAGs
[2022-08-25 00:31:01,830] {logging_mixin.py:115} INFO - [2022-08-25 00:31:01,830] {dag.py:2972} INFO - Setting next_dagrun for example_branch_datetime_operator to 2022-08-24T00:00:00+00:00, run_after=2022-08-25T00:00:00+00:00
[2022-08-25 00:31:01,833] {logging_mixin.py:115} INFO - [2022-08-25 00:31:01,833] {dag.py:2972} INFO - Setting next_dagrun for example_branch_datetime_operator_2 to 2022-08-24T00:00:00+00:00, run_after=2022-08-25T00:00:00+00:00
[2022-08-25 00:31:01,851] {processor.py:161} INFO - Processing /home/airflow/.local/lib/python3.7/site-packages/airflow/example_dags/example_branch_datetime_operator.py took 0.129 seconds
[2022-08-25 00:31:32,142] {processor.py:153} INFO - Started process (PID=19378) to work on /home/airflow/.local/lib/python3.7/site-packages/airflow/example_dags/example_branch_datetime_operator.py
[2022-08-25 00:31:32,143] {processor.py:641} INFO - Processing file /home/airflow/.local/lib/python3.7/site-packages/airflow/example_dags/example_branch_datetime_operator.py for tasks to queue
[2022-08-25 00:31:32,144] {logging_mixin.py:115} INFO - [2022-08-25 00:31:32,144] {dagbag.py:508} INFO - Filling up the DagBag from /home/airflow/.local/lib/python3.7/site-packages/airflow/example_dags/example_branch_datetime_operator.py
[2022-08-25 00:31:32,156] {processor.py:651} INFO - DAG(s) dict_keys(['example_branch_datetime_operator', 'example_branch_datetime_operator_2']) retrieved from /home/airflow/.local/lib/python3.7/site-packages/airflow/example_dags/example_branch_datetime_operator.py
[2022-08-25 00:31:32,197] {logging_mixin.py:115} INFO - [2022-08-25 00:31:32,197] {dag.py:2420} INFO - Sync 2 DAGs
[2022-08-25 00:31:32,228] {logging_mixin.py:115} INFO - [2022-08-25 00:31:32,228] {dag.py:2972} INFO - Setting next_dagrun for example_branch_datetime_operator to 2022-08-24T00:00:00+00:00, run_after=2022-08-25T00:00:00+00:00
[2022-08-25 00:31:32,231] {logging_mixin.py:115} INFO - [2022-08-25 00:31:32,231] {dag.py:2972} INFO - Setting next_dagrun for example_branch_datetime_operator_2 to 2022-08-24T00:00:00+00:00, run_after=2022-08-25T00:00:00+00:00
[2022-08-25 00:31:32,250] {processor.py:161} INFO - Processing /home/airflow/.local/lib/python3.7/site-packages/airflow/example_dags/example_branch_datetime_operator.py took 0.111 seconds
[2022-08-25 00:32:02,808] {processor.py:153} INFO - Started process (PID=19583) to work on /home/airflow/.local/lib/python3.7/site-packages/airflow/example_dags/example_branch_datetime_operator.py
[2022-08-25 00:32:02,809] {processor.py:641} INFO - Processing file /home/airflow/.local/lib/python3.7/site-packages/airflow/example_dags/example_branch_datetime_operator.py for tasks to queue
[2022-08-25 00:32:02,810] {logging_mixin.py:115} INFO - [2022-08-25 00:32:02,810] {dagbag.py:508} INFO - Filling up the DagBag from /home/airflow/.local/lib/python3.7/site-packages/airflow/example_dags/example_branch_datetime_operator.py
[2022-08-25 00:32:02,823] {processor.py:651} INFO - DAG(s) dict_keys(['example_branch_datetime_operator', 'example_branch_datetime_operator_2']) retrieved from /home/airflow/.local/lib/python3.7/site-packages/airflow/example_dags/example_branch_datetime_operator.py
[2022-08-25 00:32:02,865] {logging_mixin.py:115} INFO - [2022-08-25 00:32:02,864] {dag.py:2420} INFO - Sync 2 DAGs
[2022-08-25 00:32:02,897] {logging_mixin.py:115} INFO - [2022-08-25 00:32:02,897] {dag.py:2972} INFO - Setting next_dagrun for example_branch_datetime_operator to 2022-08-24T00:00:00+00:00, run_after=2022-08-25T00:00:00+00:00
[2022-08-25 00:32:02,900] {logging_mixin.py:115} INFO - [2022-08-25 00:32:02,900] {dag.py:2972} INFO - Setting next_dagrun for example_branch_datetime_operator_2 to 2022-08-24T00:00:00+00:00, run_after=2022-08-25T00:00:00+00:00
[2022-08-25 00:32:02,928] {processor.py:161} INFO - Processing /home/airflow/.local/lib/python3.7/site-packages/airflow/example_dags/example_branch_datetime_operator.py took 0.124 seconds
[2022-08-25 00:32:33,193] {processor.py:153} INFO - Started process (PID=19777) to work on /home/airflow/.local/lib/python3.7/site-packages/airflow/example_dags/example_branch_datetime_operator.py
[2022-08-25 00:32:33,193] {processor.py:641} INFO - Processing file /home/airflow/.local/lib/python3.7/site-packages/airflow/example_dags/example_branch_datetime_operator.py for tasks to queue
[2022-08-25 00:32:33,194] {logging_mixin.py:115} INFO - [2022-08-25 00:32:33,194] {dagbag.py:508} INFO - Filling up the DagBag from /home/airflow/.local/lib/python3.7/site-packages/airflow/example_dags/example_branch_datetime_operator.py
[2022-08-25 00:32:33,205] {processor.py:651} INFO - DAG(s) dict_keys(['example_branch_datetime_operator', 'example_branch_datetime_operator_2']) retrieved from /home/airflow/.local/lib/python3.7/site-packages/airflow/example_dags/example_branch_datetime_operator.py
[2022-08-25 00:32:33,242] {logging_mixin.py:115} INFO - [2022-08-25 00:32:33,241] {dag.py:2420} INFO - Sync 2 DAGs
[2022-08-25 00:32:33,272] {logging_mixin.py:115} INFO - [2022-08-25 00:32:33,272] {dag.py:2972} INFO - Setting next_dagrun for example_branch_datetime_operator to 2022-08-24T00:00:00+00:00, run_after=2022-08-25T00:00:00+00:00
[2022-08-25 00:32:33,275] {logging_mixin.py:115} INFO - [2022-08-25 00:32:33,275] {dag.py:2972} INFO - Setting next_dagrun for example_branch_datetime_operator_2 to 2022-08-24T00:00:00+00:00, run_after=2022-08-25T00:00:00+00:00
[2022-08-25 00:32:33,301] {processor.py:161} INFO - Processing /home/airflow/.local/lib/python3.7/site-packages/airflow/example_dags/example_branch_datetime_operator.py took 0.113 seconds
[2022-08-25 00:33:03,885] {processor.py:153} INFO - Started process (PID=19981) to work on /home/airflow/.local/lib/python3.7/site-packages/airflow/example_dags/example_branch_datetime_operator.py
[2022-08-25 00:33:03,886] {processor.py:641} INFO - Processing file /home/airflow/.local/lib/python3.7/site-packages/airflow/example_dags/example_branch_datetime_operator.py for tasks to queue
[2022-08-25 00:33:03,887] {logging_mixin.py:115} INFO - [2022-08-25 00:33:03,887] {dagbag.py:508} INFO - Filling up the DagBag from /home/airflow/.local/lib/python3.7/site-packages/airflow/example_dags/example_branch_datetime_operator.py
[2022-08-25 00:33:03,902] {processor.py:651} INFO - DAG(s) dict_keys(['example_branch_datetime_operator', 'example_branch_datetime_operator_2']) retrieved from /home/airflow/.local/lib/python3.7/site-packages/airflow/example_dags/example_branch_datetime_operator.py
[2022-08-25 00:33:03,952] {logging_mixin.py:115} INFO - [2022-08-25 00:33:03,951] {dag.py:2420} INFO - Sync 2 DAGs
[2022-08-25 00:33:03,981] {logging_mixin.py:115} INFO - [2022-08-25 00:33:03,981] {dag.py:2972} INFO - Setting next_dagrun for example_branch_datetime_operator to 2022-08-24T00:00:00+00:00, run_after=2022-08-25T00:00:00+00:00
[2022-08-25 00:33:03,983] {logging_mixin.py:115} INFO - [2022-08-25 00:33:03,983] {dag.py:2972} INFO - Setting next_dagrun for example_branch_datetime_operator_2 to 2022-08-24T00:00:00+00:00, run_after=2022-08-25T00:00:00+00:00
[2022-08-25 00:33:03,999] {processor.py:161} INFO - Processing /home/airflow/.local/lib/python3.7/site-packages/airflow/example_dags/example_branch_datetime_operator.py took 0.118 seconds
[2022-08-25 00:33:34,241] {processor.py:153} INFO - Started process (PID=20173) to work on /home/airflow/.local/lib/python3.7/site-packages/airflow/example_dags/example_branch_datetime_operator.py
[2022-08-25 00:33:34,242] {processor.py:641} INFO - Processing file /home/airflow/.local/lib/python3.7/site-packages/airflow/example_dags/example_branch_datetime_operator.py for tasks to queue
[2022-08-25 00:33:34,243] {logging_mixin.py:115} INFO - [2022-08-25 00:33:34,243] {dagbag.py:508} INFO - Filling up the DagBag from /home/airflow/.local/lib/python3.7/site-packages/airflow/example_dags/example_branch_datetime_operator.py
[2022-08-25 00:33:34,255] {processor.py:651} INFO - DAG(s) dict_keys(['example_branch_datetime_operator', 'example_branch_datetime_operator_2']) retrieved from /home/airflow/.local/lib/python3.7/site-packages/airflow/example_dags/example_branch_datetime_operator.py
[2022-08-25 00:33:34,291] {logging_mixin.py:115} INFO - [2022-08-25 00:33:34,291] {dag.py:2420} INFO - Sync 2 DAGs
[2022-08-25 00:33:34,325] {logging_mixin.py:115} INFO - [2022-08-25 00:33:34,325] {dag.py:2972} INFO - Setting next_dagrun for example_branch_datetime_operator to 2022-08-24T00:00:00+00:00, run_after=2022-08-25T00:00:00+00:00
[2022-08-25 00:33:34,328] {logging_mixin.py:115} INFO - [2022-08-25 00:33:34,328] {dag.py:2972} INFO - Setting next_dagrun for example_branch_datetime_operator_2 to 2022-08-24T00:00:00+00:00, run_after=2022-08-25T00:00:00+00:00
[2022-08-25 00:33:34,346] {processor.py:161} INFO - Processing /home/airflow/.local/lib/python3.7/site-packages/airflow/example_dags/example_branch_datetime_operator.py took 0.108 seconds
[2022-08-25 00:34:04,822] {processor.py:153} INFO - Started process (PID=20377) to work on /home/airflow/.local/lib/python3.7/site-packages/airflow/example_dags/example_branch_datetime_operator.py
[2022-08-25 00:34:04,822] {processor.py:641} INFO - Processing file /home/airflow/.local/lib/python3.7/site-packages/airflow/example_dags/example_branch_datetime_operator.py for tasks to queue
[2022-08-25 00:34:04,823] {logging_mixin.py:115} INFO - [2022-08-25 00:34:04,823] {dagbag.py:508} INFO - Filling up the DagBag from /home/airflow/.local/lib/python3.7/site-packages/airflow/example_dags/example_branch_datetime_operator.py
[2022-08-25 00:34:04,834] {processor.py:651} INFO - DAG(s) dict_keys(['example_branch_datetime_operator', 'example_branch_datetime_operator_2']) retrieved from /home/airflow/.local/lib/python3.7/site-packages/airflow/example_dags/example_branch_datetime_operator.py
[2022-08-25 00:34:04,867] {logging_mixin.py:115} INFO - [2022-08-25 00:34:04,867] {dag.py:2420} INFO - Sync 2 DAGs
[2022-08-25 00:34:04,896] {logging_mixin.py:115} INFO - [2022-08-25 00:34:04,896] {dag.py:2972} INFO - Setting next_dagrun for example_branch_datetime_operator to 2022-08-24T00:00:00+00:00, run_after=2022-08-25T00:00:00+00:00
[2022-08-25 00:34:04,898] {logging_mixin.py:115} INFO - [2022-08-25 00:34:04,898] {dag.py:2972} INFO - Setting next_dagrun for example_branch_datetime_operator_2 to 2022-08-24T00:00:00+00:00, run_after=2022-08-25T00:00:00+00:00
[2022-08-25 00:34:04,913] {processor.py:161} INFO - Processing /home/airflow/.local/lib/python3.7/site-packages/airflow/example_dags/example_branch_datetime_operator.py took 0.095 seconds
[2022-08-25 00:34:35,391] {processor.py:153} INFO - Started process (PID=20571) to work on /home/airflow/.local/lib/python3.7/site-packages/airflow/example_dags/example_branch_datetime_operator.py
[2022-08-25 00:34:35,392] {processor.py:641} INFO - Processing file /home/airflow/.local/lib/python3.7/site-packages/airflow/example_dags/example_branch_datetime_operator.py for tasks to queue
[2022-08-25 00:34:35,393] {logging_mixin.py:115} INFO - [2022-08-25 00:34:35,393] {dagbag.py:508} INFO - Filling up the DagBag from /home/airflow/.local/lib/python3.7/site-packages/airflow/example_dags/example_branch_datetime_operator.py
[2022-08-25 00:34:35,407] {processor.py:651} INFO - DAG(s) dict_keys(['example_branch_datetime_operator', 'example_branch_datetime_operator_2']) retrieved from /home/airflow/.local/lib/python3.7/site-packages/airflow/example_dags/example_branch_datetime_operator.py
[2022-08-25 00:34:35,445] {logging_mixin.py:115} INFO - [2022-08-25 00:34:35,445] {dag.py:2420} INFO - Sync 2 DAGs
[2022-08-25 00:34:35,476] {logging_mixin.py:115} INFO - [2022-08-25 00:34:35,476] {dag.py:2972} INFO - Setting next_dagrun for example_branch_datetime_operator to 2022-08-24T00:00:00+00:00, run_after=2022-08-25T00:00:00+00:00
[2022-08-25 00:34:35,479] {logging_mixin.py:115} INFO - [2022-08-25 00:34:35,479] {dag.py:2972} INFO - Setting next_dagrun for example_branch_datetime_operator_2 to 2022-08-24T00:00:00+00:00, run_after=2022-08-25T00:00:00+00:00
[2022-08-25 00:34:35,499] {processor.py:161} INFO - Processing /home/airflow/.local/lib/python3.7/site-packages/airflow/example_dags/example_branch_datetime_operator.py took 0.112 seconds
[2022-08-25 00:35:05,734] {processor.py:153} INFO - Started process (PID=20774) to work on /home/airflow/.local/lib/python3.7/site-packages/airflow/example_dags/example_branch_datetime_operator.py
[2022-08-25 00:35:05,735] {processor.py:641} INFO - Processing file /home/airflow/.local/lib/python3.7/site-packages/airflow/example_dags/example_branch_datetime_operator.py for tasks to queue
[2022-08-25 00:35:05,736] {logging_mixin.py:115} INFO - [2022-08-25 00:35:05,736] {dagbag.py:508} INFO - Filling up the DagBag from /home/airflow/.local/lib/python3.7/site-packages/airflow/example_dags/example_branch_datetime_operator.py
[2022-08-25 00:35:05,751] {processor.py:651} INFO - DAG(s) dict_keys(['example_branch_datetime_operator', 'example_branch_datetime_operator_2']) retrieved from /home/airflow/.local/lib/python3.7/site-packages/airflow/example_dags/example_branch_datetime_operator.py
[2022-08-25 00:35:05,795] {logging_mixin.py:115} INFO - [2022-08-25 00:35:05,795] {dag.py:2420} INFO - Sync 2 DAGs
[2022-08-25 00:35:05,826] {logging_mixin.py:115} INFO - [2022-08-25 00:35:05,826] {dag.py:2972} INFO - Setting next_dagrun for example_branch_datetime_operator to 2022-08-24T00:00:00+00:00, run_after=2022-08-25T00:00:00+00:00
[2022-08-25 00:35:05,829] {logging_mixin.py:115} INFO - [2022-08-25 00:35:05,829] {dag.py:2972} INFO - Setting next_dagrun for example_branch_datetime_operator_2 to 2022-08-24T00:00:00+00:00, run_after=2022-08-25T00:00:00+00:00
[2022-08-25 00:35:05,843] {processor.py:161} INFO - Processing /home/airflow/.local/lib/python3.7/site-packages/airflow/example_dags/example_branch_datetime_operator.py took 0.113 seconds
[2022-08-25 00:35:36,030] {processor.py:153} INFO - Started process (PID=20969) to work on /home/airflow/.local/lib/python3.7/site-packages/airflow/example_dags/example_branch_datetime_operator.py
[2022-08-25 00:35:36,031] {processor.py:641} INFO - Processing file /home/airflow/.local/lib/python3.7/site-packages/airflow/example_dags/example_branch_datetime_operator.py for tasks to queue
[2022-08-25 00:35:36,032] {logging_mixin.py:115} INFO - [2022-08-25 00:35:36,032] {dagbag.py:508} INFO - Filling up the DagBag from /home/airflow/.local/lib/python3.7/site-packages/airflow/example_dags/example_branch_datetime_operator.py
[2022-08-25 00:35:36,046] {processor.py:651} INFO - DAG(s) dict_keys(['example_branch_datetime_operator', 'example_branch_datetime_operator_2']) retrieved from /home/airflow/.local/lib/python3.7/site-packages/airflow/example_dags/example_branch_datetime_operator.py
[2022-08-25 00:35:36,085] {logging_mixin.py:115} INFO - [2022-08-25 00:35:36,085] {dag.py:2420} INFO - Sync 2 DAGs
[2022-08-25 00:35:36,124] {logging_mixin.py:115} INFO - [2022-08-25 00:35:36,124] {dag.py:2972} INFO - Setting next_dagrun for example_branch_datetime_operator to 2022-08-24T00:00:00+00:00, run_after=2022-08-25T00:00:00+00:00
[2022-08-25 00:35:36,127] {logging_mixin.py:115} INFO - [2022-08-25 00:35:36,127] {dag.py:2972} INFO - Setting next_dagrun for example_branch_datetime_operator_2 to 2022-08-24T00:00:00+00:00, run_after=2022-08-25T00:00:00+00:00
[2022-08-25 00:35:36,143] {processor.py:161} INFO - Processing /home/airflow/.local/lib/python3.7/site-packages/airflow/example_dags/example_branch_datetime_operator.py took 0.117 seconds
[2022-08-25 00:36:06,736] {processor.py:153} INFO - Started process (PID=21172) to work on /home/airflow/.local/lib/python3.7/site-packages/airflow/example_dags/example_branch_datetime_operator.py
[2022-08-25 00:36:06,737] {processor.py:641} INFO - Processing file /home/airflow/.local/lib/python3.7/site-packages/airflow/example_dags/example_branch_datetime_operator.py for tasks to queue
[2022-08-25 00:36:06,737] {logging_mixin.py:115} INFO - [2022-08-25 00:36:06,737] {dagbag.py:508} INFO - Filling up the DagBag from /home/airflow/.local/lib/python3.7/site-packages/airflow/example_dags/example_branch_datetime_operator.py
[2022-08-25 00:36:06,748] {processor.py:651} INFO - DAG(s) dict_keys(['example_branch_datetime_operator', 'example_branch_datetime_operator_2']) retrieved from /home/airflow/.local/lib/python3.7/site-packages/airflow/example_dags/example_branch_datetime_operator.py
[2022-08-25 00:36:06,782] {logging_mixin.py:115} INFO - [2022-08-25 00:36:06,782] {dag.py:2420} INFO - Sync 2 DAGs
[2022-08-25 00:36:06,812] {logging_mixin.py:115} INFO - [2022-08-25 00:36:06,811] {dag.py:2972} INFO - Setting next_dagrun for example_branch_datetime_operator to 2022-08-24T00:00:00+00:00, run_after=2022-08-25T00:00:00+00:00
[2022-08-25 00:36:06,814] {logging_mixin.py:115} INFO - [2022-08-25 00:36:06,814] {dag.py:2972} INFO - Setting next_dagrun for example_branch_datetime_operator_2 to 2022-08-24T00:00:00+00:00, run_after=2022-08-25T00:00:00+00:00
[2022-08-25 00:36:06,830] {processor.py:161} INFO - Processing /home/airflow/.local/lib/python3.7/site-packages/airflow/example_dags/example_branch_datetime_operator.py took 0.097 seconds
[2022-08-25 01:25:49,871] {processor.py:153} INFO - Started process (PID=21384) to work on /home/airflow/.local/lib/python3.7/site-packages/airflow/example_dags/example_branch_datetime_operator.py
[2022-08-25 01:25:49,872] {processor.py:641} INFO - Processing file /home/airflow/.local/lib/python3.7/site-packages/airflow/example_dags/example_branch_datetime_operator.py for tasks to queue
[2022-08-25 01:25:49,873] {logging_mixin.py:115} INFO - [2022-08-25 01:25:49,873] {dagbag.py:508} INFO - Filling up the DagBag from /home/airflow/.local/lib/python3.7/site-packages/airflow/example_dags/example_branch_datetime_operator.py
[2022-08-25 01:25:49,884] {processor.py:651} INFO - DAG(s) dict_keys(['example_branch_datetime_operator', 'example_branch_datetime_operator_2']) retrieved from /home/airflow/.local/lib/python3.7/site-packages/airflow/example_dags/example_branch_datetime_operator.py
[2022-08-25 01:25:49,919] {logging_mixin.py:115} INFO - [2022-08-25 01:25:49,919] {dag.py:2420} INFO - Sync 2 DAGs
[2022-08-25 01:25:49,949] {logging_mixin.py:115} INFO - [2022-08-25 01:25:49,949] {dag.py:2972} INFO - Setting next_dagrun for example_branch_datetime_operator to 2022-08-24T00:00:00+00:00, run_after=2022-08-25T00:00:00+00:00
[2022-08-25 01:25:49,952] {logging_mixin.py:115} INFO - [2022-08-25 01:25:49,952] {dag.py:2972} INFO - Setting next_dagrun for example_branch_datetime_operator_2 to 2022-08-24T00:00:00+00:00, run_after=2022-08-25T00:00:00+00:00
[2022-08-25 01:25:49,970] {processor.py:161} INFO - Processing /home/airflow/.local/lib/python3.7/site-packages/airflow/example_dags/example_branch_datetime_operator.py took 0.101 seconds
[2022-08-25 01:26:20,233] {processor.py:153} INFO - Started process (PID=21579) to work on /home/airflow/.local/lib/python3.7/site-packages/airflow/example_dags/example_branch_datetime_operator.py
[2022-08-25 01:26:20,234] {processor.py:641} INFO - Processing file /home/airflow/.local/lib/python3.7/site-packages/airflow/example_dags/example_branch_datetime_operator.py for tasks to queue
[2022-08-25 01:26:20,235] {logging_mixin.py:115} INFO - [2022-08-25 01:26:20,235] {dagbag.py:508} INFO - Filling up the DagBag from /home/airflow/.local/lib/python3.7/site-packages/airflow/example_dags/example_branch_datetime_operator.py
[2022-08-25 01:26:20,243] {processor.py:651} INFO - DAG(s) dict_keys(['example_branch_datetime_operator', 'example_branch_datetime_operator_2']) retrieved from /home/airflow/.local/lib/python3.7/site-packages/airflow/example_dags/example_branch_datetime_operator.py
[2022-08-25 01:26:20,270] {logging_mixin.py:115} INFO - [2022-08-25 01:26:20,270] {dag.py:2420} INFO - Sync 2 DAGs
[2022-08-25 01:26:20,293] {logging_mixin.py:115} INFO - [2022-08-25 01:26:20,293] {dag.py:2972} INFO - Setting next_dagrun for example_branch_datetime_operator to 2022-08-24T00:00:00+00:00, run_after=2022-08-25T00:00:00+00:00
[2022-08-25 01:26:20,295] {logging_mixin.py:115} INFO - [2022-08-25 01:26:20,295] {dag.py:2972} INFO - Setting next_dagrun for example_branch_datetime_operator_2 to 2022-08-24T00:00:00+00:00, run_after=2022-08-25T00:00:00+00:00
[2022-08-25 01:26:20,310] {processor.py:161} INFO - Processing /home/airflow/.local/lib/python3.7/site-packages/airflow/example_dags/example_branch_datetime_operator.py took 0.079 seconds
[2022-08-25 01:26:50,918] {processor.py:153} INFO - Started process (PID=21782) to work on /home/airflow/.local/lib/python3.7/site-packages/airflow/example_dags/example_branch_datetime_operator.py
[2022-08-25 01:26:50,919] {processor.py:641} INFO - Processing file /home/airflow/.local/lib/python3.7/site-packages/airflow/example_dags/example_branch_datetime_operator.py for tasks to queue
[2022-08-25 01:26:50,920] {logging_mixin.py:115} INFO - [2022-08-25 01:26:50,920] {dagbag.py:508} INFO - Filling up the DagBag from /home/airflow/.local/lib/python3.7/site-packages/airflow/example_dags/example_branch_datetime_operator.py
[2022-08-25 01:26:50,929] {processor.py:651} INFO - DAG(s) dict_keys(['example_branch_datetime_operator', 'example_branch_datetime_operator_2']) retrieved from /home/airflow/.local/lib/python3.7/site-packages/airflow/example_dags/example_branch_datetime_operator.py
[2022-08-25 01:26:50,962] {logging_mixin.py:115} INFO - [2022-08-25 01:26:50,962] {dag.py:2420} INFO - Sync 2 DAGs
[2022-08-25 01:26:50,985] {logging_mixin.py:115} INFO - [2022-08-25 01:26:50,985] {dag.py:2972} INFO - Setting next_dagrun for example_branch_datetime_operator to 2022-08-24T00:00:00+00:00, run_after=2022-08-25T00:00:00+00:00
[2022-08-25 01:26:50,988] {logging_mixin.py:115} INFO - [2022-08-25 01:26:50,987] {dag.py:2972} INFO - Setting next_dagrun for example_branch_datetime_operator_2 to 2022-08-24T00:00:00+00:00, run_after=2022-08-25T00:00:00+00:00
[2022-08-25 01:26:51,009] {processor.py:161} INFO - Processing /home/airflow/.local/lib/python3.7/site-packages/airflow/example_dags/example_branch_datetime_operator.py took 0.094 seconds
[2022-08-25 01:27:22,185] {processor.py:153} INFO - Started process (PID=21985) to work on /home/airflow/.local/lib/python3.7/site-packages/airflow/example_dags/example_branch_datetime_operator.py
[2022-08-25 01:27:22,185] {processor.py:641} INFO - Processing file /home/airflow/.local/lib/python3.7/site-packages/airflow/example_dags/example_branch_datetime_operator.py for tasks to queue
[2022-08-25 01:27:22,186] {logging_mixin.py:115} INFO - [2022-08-25 01:27:22,186] {dagbag.py:508} INFO - Filling up the DagBag from /home/airflow/.local/lib/python3.7/site-packages/airflow/example_dags/example_branch_datetime_operator.py
[2022-08-25 01:27:22,196] {processor.py:651} INFO - DAG(s) dict_keys(['example_branch_datetime_operator', 'example_branch_datetime_operator_2']) retrieved from /home/airflow/.local/lib/python3.7/site-packages/airflow/example_dags/example_branch_datetime_operator.py
[2022-08-25 01:27:22,235] {logging_mixin.py:115} INFO - [2022-08-25 01:27:22,234] {dag.py:2420} INFO - Sync 2 DAGs
[2022-08-25 01:27:22,272] {logging_mixin.py:115} INFO - [2022-08-25 01:27:22,272] {dag.py:2972} INFO - Setting next_dagrun for example_branch_datetime_operator to 2022-08-24T00:00:00+00:00, run_after=2022-08-25T00:00:00+00:00
[2022-08-25 01:27:22,277] {logging_mixin.py:115} INFO - [2022-08-25 01:27:22,277] {dag.py:2972} INFO - Setting next_dagrun for example_branch_datetime_operator_2 to 2022-08-24T00:00:00+00:00, run_after=2022-08-25T00:00:00+00:00
[2022-08-25 01:27:22,297] {processor.py:161} INFO - Processing /home/airflow/.local/lib/python3.7/site-packages/airflow/example_dags/example_branch_datetime_operator.py took 0.115 seconds
