[2022-08-25 00:13:10,125] {processor.py:153} INFO - Started process (PID=12121) to work on /home/airflow/.local/lib/python3.7/site-packages/airflow/example_dags/example_branch_labels.py
[2022-08-25 00:13:10,127] {processor.py:641} INFO - Processing file /home/airflow/.local/lib/python3.7/site-packages/airflow/example_dags/example_branch_labels.py for tasks to queue
[2022-08-25 00:13:10,129] {logging_mixin.py:115} INFO - [2022-08-25 00:13:10,129] {dagbag.py:508} INFO - Filling up the DagBag from /home/airflow/.local/lib/python3.7/site-packages/airflow/example_dags/example_branch_labels.py
[2022-08-25 00:13:10,146] {processor.py:651} INFO - DAG(s) dict_keys(['example_branch_labels']) retrieved from /home/airflow/.local/lib/python3.7/site-packages/airflow/example_dags/example_branch_labels.py
[2022-08-25 00:13:10,212] {logging_mixin.py:115} INFO - [2022-08-25 00:13:10,212] {dag.py:2420} INFO - Sync 1 DAGs
[2022-08-25 00:13:10,319] {logging_mixin.py:115} INFO - [2022-08-25 00:13:10,319] {dag.py:2972} INFO - Setting next_dagrun for example_branch_labels to 2022-08-24T00:00:00+00:00, run_after=2022-08-25T00:00:00+00:00
[2022-08-25 00:13:10,354] {processor.py:161} INFO - Processing /home/airflow/.local/lib/python3.7/site-packages/airflow/example_dags/example_branch_labels.py took 0.238 seconds
[2022-08-25 00:13:40,542] {processor.py:153} INFO - Started process (PID=12330) to work on /home/airflow/.local/lib/python3.7/site-packages/airflow/example_dags/example_branch_labels.py
[2022-08-25 00:13:40,543] {processor.py:641} INFO - Processing file /home/airflow/.local/lib/python3.7/site-packages/airflow/example_dags/example_branch_labels.py for tasks to queue
[2022-08-25 00:13:40,544] {logging_mixin.py:115} INFO - [2022-08-25 00:13:40,544] {dagbag.py:508} INFO - Filling up the DagBag from /home/airflow/.local/lib/python3.7/site-packages/airflow/example_dags/example_branch_labels.py
[2022-08-25 00:13:40,552] {processor.py:651} INFO - DAG(s) dict_keys(['example_branch_labels']) retrieved from /home/airflow/.local/lib/python3.7/site-packages/airflow/example_dags/example_branch_labels.py
[2022-08-25 00:13:40,578] {logging_mixin.py:115} INFO - [2022-08-25 00:13:40,578] {dag.py:2420} INFO - Sync 1 DAGs
[2022-08-25 00:13:40,601] {logging_mixin.py:115} INFO - [2022-08-25 00:13:40,601] {dag.py:2972} INFO - Setting next_dagrun for example_branch_labels to 2022-08-24T00:00:00+00:00, run_after=2022-08-25T00:00:00+00:00
[2022-08-25 00:13:40,613] {processor.py:161} INFO - Processing /home/airflow/.local/lib/python3.7/site-packages/airflow/example_dags/example_branch_labels.py took 0.074 seconds
[2022-08-25 00:14:11,125] {processor.py:153} INFO - Started process (PID=12539) to work on /home/airflow/.local/lib/python3.7/site-packages/airflow/example_dags/example_branch_labels.py
[2022-08-25 00:14:11,126] {processor.py:641} INFO - Processing file /home/airflow/.local/lib/python3.7/site-packages/airflow/example_dags/example_branch_labels.py for tasks to queue
[2022-08-25 00:14:11,127] {logging_mixin.py:115} INFO - [2022-08-25 00:14:11,126] {dagbag.py:508} INFO - Filling up the DagBag from /home/airflow/.local/lib/python3.7/site-packages/airflow/example_dags/example_branch_labels.py
[2022-08-25 00:14:11,134] {processor.py:651} INFO - DAG(s) dict_keys(['example_branch_labels']) retrieved from /home/airflow/.local/lib/python3.7/site-packages/airflow/example_dags/example_branch_labels.py
[2022-08-25 00:14:11,157] {logging_mixin.py:115} INFO - [2022-08-25 00:14:11,157] {dag.py:2420} INFO - Sync 1 DAGs
[2022-08-25 00:14:11,181] {logging_mixin.py:115} INFO - [2022-08-25 00:14:11,181] {dag.py:2972} INFO - Setting next_dagrun for example_branch_labels to 2022-08-24T00:00:00+00:00, run_after=2022-08-25T00:00:00+00:00
[2022-08-25 00:14:11,194] {processor.py:161} INFO - Processing /home/airflow/.local/lib/python3.7/site-packages/airflow/example_dags/example_branch_labels.py took 0.071 seconds
[2022-08-25 00:14:41,558] {processor.py:153} INFO - Started process (PID=12727) to work on /home/airflow/.local/lib/python3.7/site-packages/airflow/example_dags/example_branch_labels.py
[2022-08-25 00:14:41,560] {processor.py:641} INFO - Processing file /home/airflow/.local/lib/python3.7/site-packages/airflow/example_dags/example_branch_labels.py for tasks to queue
[2022-08-25 00:14:41,561] {logging_mixin.py:115} INFO - [2022-08-25 00:14:41,561] {dagbag.py:508} INFO - Filling up the DagBag from /home/airflow/.local/lib/python3.7/site-packages/airflow/example_dags/example_branch_labels.py
[2022-08-25 00:14:41,571] {processor.py:651} INFO - DAG(s) dict_keys(['example_branch_labels']) retrieved from /home/airflow/.local/lib/python3.7/site-packages/airflow/example_dags/example_branch_labels.py
[2022-08-25 00:14:41,608] {logging_mixin.py:115} INFO - [2022-08-25 00:14:41,608] {dag.py:2420} INFO - Sync 1 DAGs
[2022-08-25 00:14:41,640] {logging_mixin.py:115} INFO - [2022-08-25 00:14:41,640] {dag.py:2972} INFO - Setting next_dagrun for example_branch_labels to 2022-08-24T00:00:00+00:00, run_after=2022-08-25T00:00:00+00:00
[2022-08-25 00:14:41,656] {processor.py:161} INFO - Processing /home/airflow/.local/lib/python3.7/site-packages/airflow/example_dags/example_branch_labels.py took 0.102 seconds
[2022-08-25 00:15:11,948] {processor.py:153} INFO - Started process (PID=12935) to work on /home/airflow/.local/lib/python3.7/site-packages/airflow/example_dags/example_branch_labels.py
[2022-08-25 00:15:11,948] {processor.py:641} INFO - Processing file /home/airflow/.local/lib/python3.7/site-packages/airflow/example_dags/example_branch_labels.py for tasks to queue
[2022-08-25 00:15:11,949] {logging_mixin.py:115} INFO - [2022-08-25 00:15:11,949] {dagbag.py:508} INFO - Filling up the DagBag from /home/airflow/.local/lib/python3.7/site-packages/airflow/example_dags/example_branch_labels.py
[2022-08-25 00:15:11,959] {processor.py:651} INFO - DAG(s) dict_keys(['example_branch_labels']) retrieved from /home/airflow/.local/lib/python3.7/site-packages/airflow/example_dags/example_branch_labels.py
[2022-08-25 00:15:12,007] {logging_mixin.py:115} INFO - [2022-08-25 00:15:12,006] {dag.py:2420} INFO - Sync 1 DAGs
[2022-08-25 00:15:12,049] {logging_mixin.py:115} INFO - [2022-08-25 00:15:12,048] {dag.py:2972} INFO - Setting next_dagrun for example_branch_labels to 2022-08-24T00:00:00+00:00, run_after=2022-08-25T00:00:00+00:00
[2022-08-25 00:15:12,075] {processor.py:161} INFO - Processing /home/airflow/.local/lib/python3.7/site-packages/airflow/example_dags/example_branch_labels.py took 0.131 seconds
[2022-08-25 00:15:42,452] {processor.py:153} INFO - Started process (PID=13128) to work on /home/airflow/.local/lib/python3.7/site-packages/airflow/example_dags/example_branch_labels.py
[2022-08-25 00:15:42,453] {processor.py:641} INFO - Processing file /home/airflow/.local/lib/python3.7/site-packages/airflow/example_dags/example_branch_labels.py for tasks to queue
[2022-08-25 00:15:42,454] {logging_mixin.py:115} INFO - [2022-08-25 00:15:42,454] {dagbag.py:508} INFO - Filling up the DagBag from /home/airflow/.local/lib/python3.7/site-packages/airflow/example_dags/example_branch_labels.py
[2022-08-25 00:15:42,465] {processor.py:651} INFO - DAG(s) dict_keys(['example_branch_labels']) retrieved from /home/airflow/.local/lib/python3.7/site-packages/airflow/example_dags/example_branch_labels.py
[2022-08-25 00:15:42,504] {logging_mixin.py:115} INFO - [2022-08-25 00:15:42,503] {dag.py:2420} INFO - Sync 1 DAGs
[2022-08-25 00:15:42,543] {logging_mixin.py:115} INFO - [2022-08-25 00:15:42,543] {dag.py:2972} INFO - Setting next_dagrun for example_branch_labels to 2022-08-24T00:00:00+00:00, run_after=2022-08-25T00:00:00+00:00
[2022-08-25 00:15:42,565] {processor.py:161} INFO - Processing /home/airflow/.local/lib/python3.7/site-packages/airflow/example_dags/example_branch_labels.py took 0.116 seconds
[2022-08-25 00:16:12,984] {processor.py:153} INFO - Started process (PID=13331) to work on /home/airflow/.local/lib/python3.7/site-packages/airflow/example_dags/example_branch_labels.py
[2022-08-25 00:16:12,984] {processor.py:641} INFO - Processing file /home/airflow/.local/lib/python3.7/site-packages/airflow/example_dags/example_branch_labels.py for tasks to queue
[2022-08-25 00:16:12,985] {logging_mixin.py:115} INFO - [2022-08-25 00:16:12,985] {dagbag.py:508} INFO - Filling up the DagBag from /home/airflow/.local/lib/python3.7/site-packages/airflow/example_dags/example_branch_labels.py
[2022-08-25 00:16:12,998] {processor.py:651} INFO - DAG(s) dict_keys(['example_branch_labels']) retrieved from /home/airflow/.local/lib/python3.7/site-packages/airflow/example_dags/example_branch_labels.py
[2022-08-25 00:16:13,036] {logging_mixin.py:115} INFO - [2022-08-25 00:16:13,036] {dag.py:2420} INFO - Sync 1 DAGs
[2022-08-25 00:16:13,073] {logging_mixin.py:115} INFO - [2022-08-25 00:16:13,073] {dag.py:2972} INFO - Setting next_dagrun for example_branch_labels to 2022-08-24T00:00:00+00:00, run_after=2022-08-25T00:00:00+00:00
[2022-08-25 00:16:13,090] {processor.py:161} INFO - Processing /home/airflow/.local/lib/python3.7/site-packages/airflow/example_dags/example_branch_labels.py took 0.110 seconds
[2022-08-25 00:16:43,288] {processor.py:153} INFO - Started process (PID=13525) to work on /home/airflow/.local/lib/python3.7/site-packages/airflow/example_dags/example_branch_labels.py
[2022-08-25 00:16:43,290] {processor.py:641} INFO - Processing file /home/airflow/.local/lib/python3.7/site-packages/airflow/example_dags/example_branch_labels.py for tasks to queue
[2022-08-25 00:16:43,291] {logging_mixin.py:115} INFO - [2022-08-25 00:16:43,291] {dagbag.py:508} INFO - Filling up the DagBag from /home/airflow/.local/lib/python3.7/site-packages/airflow/example_dags/example_branch_labels.py
[2022-08-25 00:16:43,303] {processor.py:651} INFO - DAG(s) dict_keys(['example_branch_labels']) retrieved from /home/airflow/.local/lib/python3.7/site-packages/airflow/example_dags/example_branch_labels.py
[2022-08-25 00:16:43,343] {logging_mixin.py:115} INFO - [2022-08-25 00:16:43,343] {dag.py:2420} INFO - Sync 1 DAGs
[2022-08-25 00:16:43,379] {logging_mixin.py:115} INFO - [2022-08-25 00:16:43,379] {dag.py:2972} INFO - Setting next_dagrun for example_branch_labels to 2022-08-24T00:00:00+00:00, run_after=2022-08-25T00:00:00+00:00
[2022-08-25 00:16:43,397] {processor.py:161} INFO - Processing /home/airflow/.local/lib/python3.7/site-packages/airflow/example_dags/example_branch_labels.py took 0.112 seconds
[2022-08-25 00:17:13,871] {processor.py:153} INFO - Started process (PID=13728) to work on /home/airflow/.local/lib/python3.7/site-packages/airflow/example_dags/example_branch_labels.py
[2022-08-25 00:17:13,872] {processor.py:641} INFO - Processing file /home/airflow/.local/lib/python3.7/site-packages/airflow/example_dags/example_branch_labels.py for tasks to queue
[2022-08-25 00:17:13,873] {logging_mixin.py:115} INFO - [2022-08-25 00:17:13,873] {dagbag.py:508} INFO - Filling up the DagBag from /home/airflow/.local/lib/python3.7/site-packages/airflow/example_dags/example_branch_labels.py
[2022-08-25 00:17:13,884] {processor.py:651} INFO - DAG(s) dict_keys(['example_branch_labels']) retrieved from /home/airflow/.local/lib/python3.7/site-packages/airflow/example_dags/example_branch_labels.py
[2022-08-25 00:17:13,921] {logging_mixin.py:115} INFO - [2022-08-25 00:17:13,921] {dag.py:2420} INFO - Sync 1 DAGs
[2022-08-25 00:17:13,950] {logging_mixin.py:115} INFO - [2022-08-25 00:17:13,950] {dag.py:2972} INFO - Setting next_dagrun for example_branch_labels to 2022-08-24T00:00:00+00:00, run_after=2022-08-25T00:00:00+00:00
[2022-08-25 00:17:13,966] {processor.py:161} INFO - Processing /home/airflow/.local/lib/python3.7/site-packages/airflow/example_dags/example_branch_labels.py took 0.098 seconds
[2022-08-25 00:17:44,081] {processor.py:153} INFO - Started process (PID=13922) to work on /home/airflow/.local/lib/python3.7/site-packages/airflow/example_dags/example_branch_labels.py
[2022-08-25 00:17:44,082] {processor.py:641} INFO - Processing file /home/airflow/.local/lib/python3.7/site-packages/airflow/example_dags/example_branch_labels.py for tasks to queue
[2022-08-25 00:17:44,083] {logging_mixin.py:115} INFO - [2022-08-25 00:17:44,083] {dagbag.py:508} INFO - Filling up the DagBag from /home/airflow/.local/lib/python3.7/site-packages/airflow/example_dags/example_branch_labels.py
[2022-08-25 00:17:44,092] {processor.py:651} INFO - DAG(s) dict_keys(['example_branch_labels']) retrieved from /home/airflow/.local/lib/python3.7/site-packages/airflow/example_dags/example_branch_labels.py
[2022-08-25 00:17:44,127] {logging_mixin.py:115} INFO - [2022-08-25 00:17:44,126] {dag.py:2420} INFO - Sync 1 DAGs
[2022-08-25 00:17:44,157] {logging_mixin.py:115} INFO - [2022-08-25 00:17:44,156] {dag.py:2972} INFO - Setting next_dagrun for example_branch_labels to 2022-08-24T00:00:00+00:00, run_after=2022-08-25T00:00:00+00:00
[2022-08-25 00:17:44,183] {processor.py:161} INFO - Processing /home/airflow/.local/lib/python3.7/site-packages/airflow/example_dags/example_branch_labels.py took 0.105 seconds
[2022-08-25 00:18:14,838] {processor.py:153} INFO - Started process (PID=14125) to work on /home/airflow/.local/lib/python3.7/site-packages/airflow/example_dags/example_branch_labels.py
[2022-08-25 00:18:14,839] {processor.py:641} INFO - Processing file /home/airflow/.local/lib/python3.7/site-packages/airflow/example_dags/example_branch_labels.py for tasks to queue
[2022-08-25 00:18:14,840] {logging_mixin.py:115} INFO - [2022-08-25 00:18:14,840] {dagbag.py:508} INFO - Filling up the DagBag from /home/airflow/.local/lib/python3.7/site-packages/airflow/example_dags/example_branch_labels.py
[2022-08-25 00:18:14,849] {processor.py:651} INFO - DAG(s) dict_keys(['example_branch_labels']) retrieved from /home/airflow/.local/lib/python3.7/site-packages/airflow/example_dags/example_branch_labels.py
[2022-08-25 00:18:14,884] {logging_mixin.py:115} INFO - [2022-08-25 00:18:14,884] {dag.py:2420} INFO - Sync 1 DAGs
[2022-08-25 00:18:14,916] {logging_mixin.py:115} INFO - [2022-08-25 00:18:14,916] {dag.py:2972} INFO - Setting next_dagrun for example_branch_labels to 2022-08-24T00:00:00+00:00, run_after=2022-08-25T00:00:00+00:00
[2022-08-25 00:18:14,934] {processor.py:161} INFO - Processing /home/airflow/.local/lib/python3.7/site-packages/airflow/example_dags/example_branch_labels.py took 0.100 seconds
[2022-08-25 00:18:45,264] {processor.py:153} INFO - Started process (PID=14321) to work on /home/airflow/.local/lib/python3.7/site-packages/airflow/example_dags/example_branch_labels.py
[2022-08-25 00:18:45,265] {processor.py:641} INFO - Processing file /home/airflow/.local/lib/python3.7/site-packages/airflow/example_dags/example_branch_labels.py for tasks to queue
[2022-08-25 00:18:45,266] {logging_mixin.py:115} INFO - [2022-08-25 00:18:45,266] {dagbag.py:508} INFO - Filling up the DagBag from /home/airflow/.local/lib/python3.7/site-packages/airflow/example_dags/example_branch_labels.py
[2022-08-25 00:18:45,277] {processor.py:651} INFO - DAG(s) dict_keys(['example_branch_labels']) retrieved from /home/airflow/.local/lib/python3.7/site-packages/airflow/example_dags/example_branch_labels.py
[2022-08-25 00:18:45,315] {logging_mixin.py:115} INFO - [2022-08-25 00:18:45,315] {dag.py:2420} INFO - Sync 1 DAGs
[2022-08-25 00:18:45,345] {logging_mixin.py:115} INFO - [2022-08-25 00:18:45,344] {dag.py:2972} INFO - Setting next_dagrun for example_branch_labels to 2022-08-24T00:00:00+00:00, run_after=2022-08-25T00:00:00+00:00
[2022-08-25 00:18:45,360] {processor.py:161} INFO - Processing /home/airflow/.local/lib/python3.7/site-packages/airflow/example_dags/example_branch_labels.py took 0.100 seconds
[2022-08-25 00:19:15,745] {processor.py:153} INFO - Started process (PID=14522) to work on /home/airflow/.local/lib/python3.7/site-packages/airflow/example_dags/example_branch_labels.py
[2022-08-25 00:19:15,746] {processor.py:641} INFO - Processing file /home/airflow/.local/lib/python3.7/site-packages/airflow/example_dags/example_branch_labels.py for tasks to queue
[2022-08-25 00:19:15,746] {logging_mixin.py:115} INFO - [2022-08-25 00:19:15,746] {dagbag.py:508} INFO - Filling up the DagBag from /home/airflow/.local/lib/python3.7/site-packages/airflow/example_dags/example_branch_labels.py
[2022-08-25 00:19:15,755] {processor.py:651} INFO - DAG(s) dict_keys(['example_branch_labels']) retrieved from /home/airflow/.local/lib/python3.7/site-packages/airflow/example_dags/example_branch_labels.py
[2022-08-25 00:19:15,794] {logging_mixin.py:115} INFO - [2022-08-25 00:19:15,794] {dag.py:2420} INFO - Sync 1 DAGs
[2022-08-25 00:19:15,832] {logging_mixin.py:115} INFO - [2022-08-25 00:19:15,831] {dag.py:2972} INFO - Setting next_dagrun for example_branch_labels to 2022-08-24T00:00:00+00:00, run_after=2022-08-25T00:00:00+00:00
[2022-08-25 00:19:15,848] {processor.py:161} INFO - Processing /home/airflow/.local/lib/python3.7/site-packages/airflow/example_dags/example_branch_labels.py took 0.107 seconds
[2022-08-25 00:19:46,213] {processor.py:153} INFO - Started process (PID=14716) to work on /home/airflow/.local/lib/python3.7/site-packages/airflow/example_dags/example_branch_labels.py
[2022-08-25 00:19:46,214] {processor.py:641} INFO - Processing file /home/airflow/.local/lib/python3.7/site-packages/airflow/example_dags/example_branch_labels.py for tasks to queue
[2022-08-25 00:19:46,214] {logging_mixin.py:115} INFO - [2022-08-25 00:19:46,214] {dagbag.py:508} INFO - Filling up the DagBag from /home/airflow/.local/lib/python3.7/site-packages/airflow/example_dags/example_branch_labels.py
[2022-08-25 00:19:46,224] {processor.py:651} INFO - DAG(s) dict_keys(['example_branch_labels']) retrieved from /home/airflow/.local/lib/python3.7/site-packages/airflow/example_dags/example_branch_labels.py
[2022-08-25 00:19:46,259] {logging_mixin.py:115} INFO - [2022-08-25 00:19:46,259] {dag.py:2420} INFO - Sync 1 DAGs
[2022-08-25 00:19:46,289] {logging_mixin.py:115} INFO - [2022-08-25 00:19:46,289] {dag.py:2972} INFO - Setting next_dagrun for example_branch_labels to 2022-08-24T00:00:00+00:00, run_after=2022-08-25T00:00:00+00:00
[2022-08-25 00:19:46,304] {processor.py:161} INFO - Processing /home/airflow/.local/lib/python3.7/site-packages/airflow/example_dags/example_branch_labels.py took 0.095 seconds
[2022-08-25 00:20:16,779] {processor.py:153} INFO - Started process (PID=14921) to work on /home/airflow/.local/lib/python3.7/site-packages/airflow/example_dags/example_branch_labels.py
[2022-08-25 00:20:16,780] {processor.py:641} INFO - Processing file /home/airflow/.local/lib/python3.7/site-packages/airflow/example_dags/example_branch_labels.py for tasks to queue
[2022-08-25 00:20:16,781] {logging_mixin.py:115} INFO - [2022-08-25 00:20:16,781] {dagbag.py:508} INFO - Filling up the DagBag from /home/airflow/.local/lib/python3.7/site-packages/airflow/example_dags/example_branch_labels.py
[2022-08-25 00:20:16,789] {processor.py:651} INFO - DAG(s) dict_keys(['example_branch_labels']) retrieved from /home/airflow/.local/lib/python3.7/site-packages/airflow/example_dags/example_branch_labels.py
[2022-08-25 00:20:16,822] {logging_mixin.py:115} INFO - [2022-08-25 00:20:16,822] {dag.py:2420} INFO - Sync 1 DAGs
[2022-08-25 00:20:16,853] {logging_mixin.py:115} INFO - [2022-08-25 00:20:16,853] {dag.py:2972} INFO - Setting next_dagrun for example_branch_labels to 2022-08-24T00:00:00+00:00, run_after=2022-08-25T00:00:00+00:00
[2022-08-25 00:20:16,872] {processor.py:161} INFO - Processing /home/airflow/.local/lib/python3.7/site-packages/airflow/example_dags/example_branch_labels.py took 0.096 seconds
[2022-08-25 00:20:47,490] {processor.py:153} INFO - Started process (PID=15114) to work on /home/airflow/.local/lib/python3.7/site-packages/airflow/example_dags/example_branch_labels.py
[2022-08-25 00:20:47,491] {processor.py:641} INFO - Processing file /home/airflow/.local/lib/python3.7/site-packages/airflow/example_dags/example_branch_labels.py for tasks to queue
[2022-08-25 00:20:47,492] {logging_mixin.py:115} INFO - [2022-08-25 00:20:47,492] {dagbag.py:508} INFO - Filling up the DagBag from /home/airflow/.local/lib/python3.7/site-packages/airflow/example_dags/example_branch_labels.py
[2022-08-25 00:20:47,502] {processor.py:651} INFO - DAG(s) dict_keys(['example_branch_labels']) retrieved from /home/airflow/.local/lib/python3.7/site-packages/airflow/example_dags/example_branch_labels.py
[2022-08-25 00:20:47,541] {logging_mixin.py:115} INFO - [2022-08-25 00:20:47,541] {dag.py:2420} INFO - Sync 1 DAGs
[2022-08-25 00:20:47,576] {logging_mixin.py:115} INFO - [2022-08-25 00:20:47,576] {dag.py:2972} INFO - Setting next_dagrun for example_branch_labels to 2022-08-24T00:00:00+00:00, run_after=2022-08-25T00:00:00+00:00
[2022-08-25 00:20:47,594] {processor.py:161} INFO - Processing /home/airflow/.local/lib/python3.7/site-packages/airflow/example_dags/example_branch_labels.py took 0.108 seconds
[2022-08-25 00:21:17,868] {processor.py:153} INFO - Started process (PID=15319) to work on /home/airflow/.local/lib/python3.7/site-packages/airflow/example_dags/example_branch_labels.py
[2022-08-25 00:21:17,869] {processor.py:641} INFO - Processing file /home/airflow/.local/lib/python3.7/site-packages/airflow/example_dags/example_branch_labels.py for tasks to queue
[2022-08-25 00:21:17,870] {logging_mixin.py:115} INFO - [2022-08-25 00:21:17,870] {dagbag.py:508} INFO - Filling up the DagBag from /home/airflow/.local/lib/python3.7/site-packages/airflow/example_dags/example_branch_labels.py
[2022-08-25 00:21:17,880] {processor.py:651} INFO - DAG(s) dict_keys(['example_branch_labels']) retrieved from /home/airflow/.local/lib/python3.7/site-packages/airflow/example_dags/example_branch_labels.py
[2022-08-25 00:21:17,916] {logging_mixin.py:115} INFO - [2022-08-25 00:21:17,916] {dag.py:2420} INFO - Sync 1 DAGs
[2022-08-25 00:21:17,949] {logging_mixin.py:115} INFO - [2022-08-25 00:21:17,949] {dag.py:2972} INFO - Setting next_dagrun for example_branch_labels to 2022-08-24T00:00:00+00:00, run_after=2022-08-25T00:00:00+00:00
[2022-08-25 00:21:17,975] {processor.py:161} INFO - Processing /home/airflow/.local/lib/python3.7/site-packages/airflow/example_dags/example_branch_labels.py took 0.110 seconds
[2022-08-25 00:21:48,198] {processor.py:153} INFO - Started process (PID=15511) to work on /home/airflow/.local/lib/python3.7/site-packages/airflow/example_dags/example_branch_labels.py
[2022-08-25 00:21:48,199] {processor.py:641} INFO - Processing file /home/airflow/.local/lib/python3.7/site-packages/airflow/example_dags/example_branch_labels.py for tasks to queue
[2022-08-25 00:21:48,200] {logging_mixin.py:115} INFO - [2022-08-25 00:21:48,200] {dagbag.py:508} INFO - Filling up the DagBag from /home/airflow/.local/lib/python3.7/site-packages/airflow/example_dags/example_branch_labels.py
[2022-08-25 00:21:48,209] {processor.py:651} INFO - DAG(s) dict_keys(['example_branch_labels']) retrieved from /home/airflow/.local/lib/python3.7/site-packages/airflow/example_dags/example_branch_labels.py
[2022-08-25 00:21:48,246] {logging_mixin.py:115} INFO - [2022-08-25 00:21:48,246] {dag.py:2420} INFO - Sync 1 DAGs
[2022-08-25 00:21:48,279] {logging_mixin.py:115} INFO - [2022-08-25 00:21:48,279] {dag.py:2972} INFO - Setting next_dagrun for example_branch_labels to 2022-08-24T00:00:00+00:00, run_after=2022-08-25T00:00:00+00:00
[2022-08-25 00:21:48,295] {processor.py:161} INFO - Processing /home/airflow/.local/lib/python3.7/site-packages/airflow/example_dags/example_branch_labels.py took 0.100 seconds
[2022-08-25 00:22:18,394] {processor.py:153} INFO - Started process (PID=15714) to work on /home/airflow/.local/lib/python3.7/site-packages/airflow/example_dags/example_branch_labels.py
[2022-08-25 00:22:18,395] {processor.py:641} INFO - Processing file /home/airflow/.local/lib/python3.7/site-packages/airflow/example_dags/example_branch_labels.py for tasks to queue
[2022-08-25 00:22:18,396] {logging_mixin.py:115} INFO - [2022-08-25 00:22:18,396] {dagbag.py:508} INFO - Filling up the DagBag from /home/airflow/.local/lib/python3.7/site-packages/airflow/example_dags/example_branch_labels.py
[2022-08-25 00:22:18,406] {processor.py:651} INFO - DAG(s) dict_keys(['example_branch_labels']) retrieved from /home/airflow/.local/lib/python3.7/site-packages/airflow/example_dags/example_branch_labels.py
[2022-08-25 00:22:18,445] {logging_mixin.py:115} INFO - [2022-08-25 00:22:18,444] {dag.py:2420} INFO - Sync 1 DAGs
[2022-08-25 00:22:18,479] {logging_mixin.py:115} INFO - [2022-08-25 00:22:18,479] {dag.py:2972} INFO - Setting next_dagrun for example_branch_labels to 2022-08-24T00:00:00+00:00, run_after=2022-08-25T00:00:00+00:00
[2022-08-25 00:22:18,494] {processor.py:161} INFO - Processing /home/airflow/.local/lib/python3.7/site-packages/airflow/example_dags/example_branch_labels.py took 0.103 seconds
[2022-08-25 00:22:48,748] {processor.py:153} INFO - Started process (PID=15910) to work on /home/airflow/.local/lib/python3.7/site-packages/airflow/example_dags/example_branch_labels.py
[2022-08-25 00:22:48,749] {processor.py:641} INFO - Processing file /home/airflow/.local/lib/python3.7/site-packages/airflow/example_dags/example_branch_labels.py for tasks to queue
[2022-08-25 00:22:48,750] {logging_mixin.py:115} INFO - [2022-08-25 00:22:48,750] {dagbag.py:508} INFO - Filling up the DagBag from /home/airflow/.local/lib/python3.7/site-packages/airflow/example_dags/example_branch_labels.py
[2022-08-25 00:22:48,759] {processor.py:651} INFO - DAG(s) dict_keys(['example_branch_labels']) retrieved from /home/airflow/.local/lib/python3.7/site-packages/airflow/example_dags/example_branch_labels.py
[2022-08-25 00:22:48,793] {logging_mixin.py:115} INFO - [2022-08-25 00:22:48,793] {dag.py:2420} INFO - Sync 1 DAGs
[2022-08-25 00:22:48,828] {logging_mixin.py:115} INFO - [2022-08-25 00:22:48,828] {dag.py:2972} INFO - Setting next_dagrun for example_branch_labels to 2022-08-24T00:00:00+00:00, run_after=2022-08-25T00:00:00+00:00
[2022-08-25 00:22:48,852] {processor.py:161} INFO - Processing /home/airflow/.local/lib/python3.7/site-packages/airflow/example_dags/example_branch_labels.py took 0.107 seconds
[2022-08-25 00:23:19,346] {processor.py:153} INFO - Started process (PID=16111) to work on /home/airflow/.local/lib/python3.7/site-packages/airflow/example_dags/example_branch_labels.py
[2022-08-25 00:23:19,347] {processor.py:641} INFO - Processing file /home/airflow/.local/lib/python3.7/site-packages/airflow/example_dags/example_branch_labels.py for tasks to queue
[2022-08-25 00:23:19,348] {logging_mixin.py:115} INFO - [2022-08-25 00:23:19,348] {dagbag.py:508} INFO - Filling up the DagBag from /home/airflow/.local/lib/python3.7/site-packages/airflow/example_dags/example_branch_labels.py
[2022-08-25 00:23:19,358] {processor.py:651} INFO - DAG(s) dict_keys(['example_branch_labels']) retrieved from /home/airflow/.local/lib/python3.7/site-packages/airflow/example_dags/example_branch_labels.py
[2022-08-25 00:23:19,392] {logging_mixin.py:115} INFO - [2022-08-25 00:23:19,392] {dag.py:2420} INFO - Sync 1 DAGs
[2022-08-25 00:23:19,422] {logging_mixin.py:115} INFO - [2022-08-25 00:23:19,421] {dag.py:2972} INFO - Setting next_dagrun for example_branch_labels to 2022-08-24T00:00:00+00:00, run_after=2022-08-25T00:00:00+00:00
[2022-08-25 00:23:19,445] {processor.py:161} INFO - Processing /home/airflow/.local/lib/python3.7/site-packages/airflow/example_dags/example_branch_labels.py took 0.102 seconds
[2022-08-25 00:23:50,471] {processor.py:153} INFO - Started process (PID=16305) to work on /home/airflow/.local/lib/python3.7/site-packages/airflow/example_dags/example_branch_labels.py
[2022-08-25 00:23:50,472] {processor.py:641} INFO - Processing file /home/airflow/.local/lib/python3.7/site-packages/airflow/example_dags/example_branch_labels.py for tasks to queue
[2022-08-25 00:23:50,473] {logging_mixin.py:115} INFO - [2022-08-25 00:23:50,473] {dagbag.py:508} INFO - Filling up the DagBag from /home/airflow/.local/lib/python3.7/site-packages/airflow/example_dags/example_branch_labels.py
[2022-08-25 00:23:50,483] {processor.py:651} INFO - DAG(s) dict_keys(['example_branch_labels']) retrieved from /home/airflow/.local/lib/python3.7/site-packages/airflow/example_dags/example_branch_labels.py
[2022-08-25 00:23:50,520] {logging_mixin.py:115} INFO - [2022-08-25 00:23:50,520] {dag.py:2420} INFO - Sync 1 DAGs
[2022-08-25 00:23:50,551] {logging_mixin.py:115} INFO - [2022-08-25 00:23:50,551] {dag.py:2972} INFO - Setting next_dagrun for example_branch_labels to 2022-08-24T00:00:00+00:00, run_after=2022-08-25T00:00:00+00:00
[2022-08-25 00:23:50,567] {processor.py:161} INFO - Processing /home/airflow/.local/lib/python3.7/site-packages/airflow/example_dags/example_branch_labels.py took 0.100 seconds
[2022-08-25 00:24:21,036] {processor.py:153} INFO - Started process (PID=16510) to work on /home/airflow/.local/lib/python3.7/site-packages/airflow/example_dags/example_branch_labels.py
[2022-08-25 00:24:21,037] {processor.py:641} INFO - Processing file /home/airflow/.local/lib/python3.7/site-packages/airflow/example_dags/example_branch_labels.py for tasks to queue
[2022-08-25 00:24:21,038] {logging_mixin.py:115} INFO - [2022-08-25 00:24:21,038] {dagbag.py:508} INFO - Filling up the DagBag from /home/airflow/.local/lib/python3.7/site-packages/airflow/example_dags/example_branch_labels.py
[2022-08-25 00:24:21,050] {processor.py:651} INFO - DAG(s) dict_keys(['example_branch_labels']) retrieved from /home/airflow/.local/lib/python3.7/site-packages/airflow/example_dags/example_branch_labels.py
[2022-08-25 00:24:21,088] {logging_mixin.py:115} INFO - [2022-08-25 00:24:21,087] {dag.py:2420} INFO - Sync 1 DAGs
[2022-08-25 00:24:21,119] {logging_mixin.py:115} INFO - [2022-08-25 00:24:21,119] {dag.py:2972} INFO - Setting next_dagrun for example_branch_labels to 2022-08-24T00:00:00+00:00, run_after=2022-08-25T00:00:00+00:00
[2022-08-25 00:24:21,145] {processor.py:161} INFO - Processing /home/airflow/.local/lib/python3.7/site-packages/airflow/example_dags/example_branch_labels.py took 0.112 seconds
[2022-08-25 00:24:51,503] {processor.py:153} INFO - Started process (PID=16705) to work on /home/airflow/.local/lib/python3.7/site-packages/airflow/example_dags/example_branch_labels.py
[2022-08-25 00:24:51,504] {processor.py:641} INFO - Processing file /home/airflow/.local/lib/python3.7/site-packages/airflow/example_dags/example_branch_labels.py for tasks to queue
[2022-08-25 00:24:51,505] {logging_mixin.py:115} INFO - [2022-08-25 00:24:51,504] {dagbag.py:508} INFO - Filling up the DagBag from /home/airflow/.local/lib/python3.7/site-packages/airflow/example_dags/example_branch_labels.py
[2022-08-25 00:24:51,514] {processor.py:651} INFO - DAG(s) dict_keys(['example_branch_labels']) retrieved from /home/airflow/.local/lib/python3.7/site-packages/airflow/example_dags/example_branch_labels.py
[2022-08-25 00:24:51,545] {logging_mixin.py:115} INFO - [2022-08-25 00:24:51,545] {dag.py:2420} INFO - Sync 1 DAGs
[2022-08-25 00:24:51,575] {logging_mixin.py:115} INFO - [2022-08-25 00:24:51,575] {dag.py:2972} INFO - Setting next_dagrun for example_branch_labels to 2022-08-24T00:00:00+00:00, run_after=2022-08-25T00:00:00+00:00
[2022-08-25 00:24:51,602] {processor.py:161} INFO - Processing /home/airflow/.local/lib/python3.7/site-packages/airflow/example_dags/example_branch_labels.py took 0.102 seconds
[2022-08-25 00:25:22,119] {processor.py:153} INFO - Started process (PID=16906) to work on /home/airflow/.local/lib/python3.7/site-packages/airflow/example_dags/example_branch_labels.py
[2022-08-25 00:25:22,120] {processor.py:641} INFO - Processing file /home/airflow/.local/lib/python3.7/site-packages/airflow/example_dags/example_branch_labels.py for tasks to queue
[2022-08-25 00:25:22,121] {logging_mixin.py:115} INFO - [2022-08-25 00:25:22,120] {dagbag.py:508} INFO - Filling up the DagBag from /home/airflow/.local/lib/python3.7/site-packages/airflow/example_dags/example_branch_labels.py
[2022-08-25 00:25:22,131] {processor.py:651} INFO - DAG(s) dict_keys(['example_branch_labels']) retrieved from /home/airflow/.local/lib/python3.7/site-packages/airflow/example_dags/example_branch_labels.py
[2022-08-25 00:25:22,160] {logging_mixin.py:115} INFO - [2022-08-25 00:25:22,160] {dag.py:2420} INFO - Sync 1 DAGs
[2022-08-25 00:25:22,192] {logging_mixin.py:115} INFO - [2022-08-25 00:25:22,192] {dag.py:2972} INFO - Setting next_dagrun for example_branch_labels to 2022-08-24T00:00:00+00:00, run_after=2022-08-25T00:00:00+00:00
[2022-08-25 00:25:22,208] {processor.py:161} INFO - Processing /home/airflow/.local/lib/python3.7/site-packages/airflow/example_dags/example_branch_labels.py took 0.092 seconds
[2022-08-25 00:25:52,442] {processor.py:153} INFO - Started process (PID=17102) to work on /home/airflow/.local/lib/python3.7/site-packages/airflow/example_dags/example_branch_labels.py
[2022-08-25 00:25:52,442] {processor.py:641} INFO - Processing file /home/airflow/.local/lib/python3.7/site-packages/airflow/example_dags/example_branch_labels.py for tasks to queue
[2022-08-25 00:25:52,443] {logging_mixin.py:115} INFO - [2022-08-25 00:25:52,443] {dagbag.py:508} INFO - Filling up the DagBag from /home/airflow/.local/lib/python3.7/site-packages/airflow/example_dags/example_branch_labels.py
[2022-08-25 00:25:52,460] {processor.py:651} INFO - DAG(s) dict_keys(['example_branch_labels']) retrieved from /home/airflow/.local/lib/python3.7/site-packages/airflow/example_dags/example_branch_labels.py
[2022-08-25 00:25:52,494] {logging_mixin.py:115} INFO - [2022-08-25 00:25:52,494] {dag.py:2420} INFO - Sync 1 DAGs
[2022-08-25 00:25:52,524] {logging_mixin.py:115} INFO - [2022-08-25 00:25:52,524] {dag.py:2972} INFO - Setting next_dagrun for example_branch_labels to 2022-08-24T00:00:00+00:00, run_after=2022-08-25T00:00:00+00:00
[2022-08-25 00:25:52,541] {processor.py:161} INFO - Processing /home/airflow/.local/lib/python3.7/site-packages/airflow/example_dags/example_branch_labels.py took 0.103 seconds
[2022-08-25 00:26:23,116] {processor.py:153} INFO - Started process (PID=17305) to work on /home/airflow/.local/lib/python3.7/site-packages/airflow/example_dags/example_branch_labels.py
[2022-08-25 00:26:23,117] {processor.py:641} INFO - Processing file /home/airflow/.local/lib/python3.7/site-packages/airflow/example_dags/example_branch_labels.py for tasks to queue
[2022-08-25 00:26:23,118] {logging_mixin.py:115} INFO - [2022-08-25 00:26:23,118] {dagbag.py:508} INFO - Filling up the DagBag from /home/airflow/.local/lib/python3.7/site-packages/airflow/example_dags/example_branch_labels.py
[2022-08-25 00:26:23,127] {processor.py:651} INFO - DAG(s) dict_keys(['example_branch_labels']) retrieved from /home/airflow/.local/lib/python3.7/site-packages/airflow/example_dags/example_branch_labels.py
[2022-08-25 00:26:23,160] {logging_mixin.py:115} INFO - [2022-08-25 00:26:23,160] {dag.py:2420} INFO - Sync 1 DAGs
[2022-08-25 00:26:23,191] {logging_mixin.py:115} INFO - [2022-08-25 00:26:23,190] {dag.py:2972} INFO - Setting next_dagrun for example_branch_labels to 2022-08-24T00:00:00+00:00, run_after=2022-08-25T00:00:00+00:00
[2022-08-25 00:26:23,210] {processor.py:161} INFO - Processing /home/airflow/.local/lib/python3.7/site-packages/airflow/example_dags/example_branch_labels.py took 0.098 seconds
[2022-08-25 00:26:53,608] {processor.py:153} INFO - Started process (PID=17497) to work on /home/airflow/.local/lib/python3.7/site-packages/airflow/example_dags/example_branch_labels.py
[2022-08-25 00:26:53,609] {processor.py:641} INFO - Processing file /home/airflow/.local/lib/python3.7/site-packages/airflow/example_dags/example_branch_labels.py for tasks to queue
[2022-08-25 00:26:53,610] {logging_mixin.py:115} INFO - [2022-08-25 00:26:53,610] {dagbag.py:508} INFO - Filling up the DagBag from /home/airflow/.local/lib/python3.7/site-packages/airflow/example_dags/example_branch_labels.py
[2022-08-25 00:26:53,619] {processor.py:651} INFO - DAG(s) dict_keys(['example_branch_labels']) retrieved from /home/airflow/.local/lib/python3.7/site-packages/airflow/example_dags/example_branch_labels.py
[2022-08-25 00:26:53,654] {logging_mixin.py:115} INFO - [2022-08-25 00:26:53,653] {dag.py:2420} INFO - Sync 1 DAGs
[2022-08-25 00:26:53,686] {logging_mixin.py:115} INFO - [2022-08-25 00:26:53,686] {dag.py:2972} INFO - Setting next_dagrun for example_branch_labels to 2022-08-24T00:00:00+00:00, run_after=2022-08-25T00:00:00+00:00
[2022-08-25 00:26:53,703] {processor.py:161} INFO - Processing /home/airflow/.local/lib/python3.7/site-packages/airflow/example_dags/example_branch_labels.py took 0.098 seconds
[2022-08-25 00:27:24,309] {processor.py:153} INFO - Started process (PID=17700) to work on /home/airflow/.local/lib/python3.7/site-packages/airflow/example_dags/example_branch_labels.py
[2022-08-25 00:27:24,310] {processor.py:641} INFO - Processing file /home/airflow/.local/lib/python3.7/site-packages/airflow/example_dags/example_branch_labels.py for tasks to queue
[2022-08-25 00:27:24,312] {logging_mixin.py:115} INFO - [2022-08-25 00:27:24,311] {dagbag.py:508} INFO - Filling up the DagBag from /home/airflow/.local/lib/python3.7/site-packages/airflow/example_dags/example_branch_labels.py
[2022-08-25 00:27:24,321] {processor.py:651} INFO - DAG(s) dict_keys(['example_branch_labels']) retrieved from /home/airflow/.local/lib/python3.7/site-packages/airflow/example_dags/example_branch_labels.py
[2022-08-25 00:27:24,359] {logging_mixin.py:115} INFO - [2022-08-25 00:27:24,359] {dag.py:2420} INFO - Sync 1 DAGs
[2022-08-25 00:27:24,391] {logging_mixin.py:115} INFO - [2022-08-25 00:27:24,390] {dag.py:2972} INFO - Setting next_dagrun for example_branch_labels to 2022-08-24T00:00:00+00:00, run_after=2022-08-25T00:00:00+00:00
[2022-08-25 00:27:24,407] {processor.py:161} INFO - Processing /home/airflow/.local/lib/python3.7/site-packages/airflow/example_dags/example_branch_labels.py took 0.102 seconds
[2022-08-25 00:27:54,841] {processor.py:153} INFO - Started process (PID=17896) to work on /home/airflow/.local/lib/python3.7/site-packages/airflow/example_dags/example_branch_labels.py
[2022-08-25 00:27:54,842] {processor.py:641} INFO - Processing file /home/airflow/.local/lib/python3.7/site-packages/airflow/example_dags/example_branch_labels.py for tasks to queue
[2022-08-25 00:27:54,843] {logging_mixin.py:115} INFO - [2022-08-25 00:27:54,843] {dagbag.py:508} INFO - Filling up the DagBag from /home/airflow/.local/lib/python3.7/site-packages/airflow/example_dags/example_branch_labels.py
[2022-08-25 00:27:54,853] {processor.py:651} INFO - DAG(s) dict_keys(['example_branch_labels']) retrieved from /home/airflow/.local/lib/python3.7/site-packages/airflow/example_dags/example_branch_labels.py
[2022-08-25 00:27:54,886] {logging_mixin.py:115} INFO - [2022-08-25 00:27:54,886] {dag.py:2420} INFO - Sync 1 DAGs
[2022-08-25 00:27:54,919] {logging_mixin.py:115} INFO - [2022-08-25 00:27:54,919] {dag.py:2972} INFO - Setting next_dagrun for example_branch_labels to 2022-08-24T00:00:00+00:00, run_after=2022-08-25T00:00:00+00:00
[2022-08-25 00:27:54,944] {processor.py:161} INFO - Processing /home/airflow/.local/lib/python3.7/site-packages/airflow/example_dags/example_branch_labels.py took 0.106 seconds
[2022-08-25 00:28:25,480] {processor.py:153} INFO - Started process (PID=18097) to work on /home/airflow/.local/lib/python3.7/site-packages/airflow/example_dags/example_branch_labels.py
[2022-08-25 00:28:25,481] {processor.py:641} INFO - Processing file /home/airflow/.local/lib/python3.7/site-packages/airflow/example_dags/example_branch_labels.py for tasks to queue
[2022-08-25 00:28:25,482] {logging_mixin.py:115} INFO - [2022-08-25 00:28:25,482] {dagbag.py:508} INFO - Filling up the DagBag from /home/airflow/.local/lib/python3.7/site-packages/airflow/example_dags/example_branch_labels.py
[2022-08-25 00:28:25,491] {processor.py:651} INFO - DAG(s) dict_keys(['example_branch_labels']) retrieved from /home/airflow/.local/lib/python3.7/site-packages/airflow/example_dags/example_branch_labels.py
[2022-08-25 00:28:25,526] {logging_mixin.py:115} INFO - [2022-08-25 00:28:25,526] {dag.py:2420} INFO - Sync 1 DAGs
[2022-08-25 00:28:25,557] {logging_mixin.py:115} INFO - [2022-08-25 00:28:25,557] {dag.py:2972} INFO - Setting next_dagrun for example_branch_labels to 2022-08-24T00:00:00+00:00, run_after=2022-08-25T00:00:00+00:00
[2022-08-25 00:28:25,573] {processor.py:161} INFO - Processing /home/airflow/.local/lib/python3.7/site-packages/airflow/example_dags/example_branch_labels.py took 0.097 seconds
[2022-08-25 00:28:56,309] {processor.py:153} INFO - Started process (PID=18291) to work on /home/airflow/.local/lib/python3.7/site-packages/airflow/example_dags/example_branch_labels.py
[2022-08-25 00:28:56,310] {processor.py:641} INFO - Processing file /home/airflow/.local/lib/python3.7/site-packages/airflow/example_dags/example_branch_labels.py for tasks to queue
[2022-08-25 00:28:56,311] {logging_mixin.py:115} INFO - [2022-08-25 00:28:56,311] {dagbag.py:508} INFO - Filling up the DagBag from /home/airflow/.local/lib/python3.7/site-packages/airflow/example_dags/example_branch_labels.py
[2022-08-25 00:28:56,321] {processor.py:651} INFO - DAG(s) dict_keys(['example_branch_labels']) retrieved from /home/airflow/.local/lib/python3.7/site-packages/airflow/example_dags/example_branch_labels.py
[2022-08-25 00:28:56,356] {logging_mixin.py:115} INFO - [2022-08-25 00:28:56,356] {dag.py:2420} INFO - Sync 1 DAGs
[2022-08-25 00:28:56,391] {logging_mixin.py:115} INFO - [2022-08-25 00:28:56,391] {dag.py:2972} INFO - Setting next_dagrun for example_branch_labels to 2022-08-24T00:00:00+00:00, run_after=2022-08-25T00:00:00+00:00
[2022-08-25 00:28:56,405] {processor.py:161} INFO - Processing /home/airflow/.local/lib/python3.7/site-packages/airflow/example_dags/example_branch_labels.py took 0.099 seconds
[2022-08-25 00:29:26,749] {processor.py:153} INFO - Started process (PID=18494) to work on /home/airflow/.local/lib/python3.7/site-packages/airflow/example_dags/example_branch_labels.py
[2022-08-25 00:29:26,750] {processor.py:641} INFO - Processing file /home/airflow/.local/lib/python3.7/site-packages/airflow/example_dags/example_branch_labels.py for tasks to queue
[2022-08-25 00:29:26,750] {logging_mixin.py:115} INFO - [2022-08-25 00:29:26,750] {dagbag.py:508} INFO - Filling up the DagBag from /home/airflow/.local/lib/python3.7/site-packages/airflow/example_dags/example_branch_labels.py
[2022-08-25 00:29:26,759] {processor.py:651} INFO - DAG(s) dict_keys(['example_branch_labels']) retrieved from /home/airflow/.local/lib/python3.7/site-packages/airflow/example_dags/example_branch_labels.py
[2022-08-25 00:29:26,794] {logging_mixin.py:115} INFO - [2022-08-25 00:29:26,794] {dag.py:2420} INFO - Sync 1 DAGs
[2022-08-25 00:29:26,826] {logging_mixin.py:115} INFO - [2022-08-25 00:29:26,825] {dag.py:2972} INFO - Setting next_dagrun for example_branch_labels to 2022-08-24T00:00:00+00:00, run_after=2022-08-25T00:00:00+00:00
[2022-08-25 00:29:26,843] {processor.py:161} INFO - Processing /home/airflow/.local/lib/python3.7/site-packages/airflow/example_dags/example_branch_labels.py took 0.097 seconds
[2022-08-25 00:29:57,189] {processor.py:153} INFO - Started process (PID=18690) to work on /home/airflow/.local/lib/python3.7/site-packages/airflow/example_dags/example_branch_labels.py
[2022-08-25 00:29:57,190] {processor.py:641} INFO - Processing file /home/airflow/.local/lib/python3.7/site-packages/airflow/example_dags/example_branch_labels.py for tasks to queue
[2022-08-25 00:29:57,191] {logging_mixin.py:115} INFO - [2022-08-25 00:29:57,191] {dagbag.py:508} INFO - Filling up the DagBag from /home/airflow/.local/lib/python3.7/site-packages/airflow/example_dags/example_branch_labels.py
[2022-08-25 00:29:57,199] {processor.py:651} INFO - DAG(s) dict_keys(['example_branch_labels']) retrieved from /home/airflow/.local/lib/python3.7/site-packages/airflow/example_dags/example_branch_labels.py
[2022-08-25 00:29:57,237] {logging_mixin.py:115} INFO - [2022-08-25 00:29:57,236] {dag.py:2420} INFO - Sync 1 DAGs
[2022-08-25 00:29:57,267] {logging_mixin.py:115} INFO - [2022-08-25 00:29:57,267] {dag.py:2972} INFO - Setting next_dagrun for example_branch_labels to 2022-08-24T00:00:00+00:00, run_after=2022-08-25T00:00:00+00:00
[2022-08-25 00:29:57,291] {processor.py:161} INFO - Processing /home/airflow/.local/lib/python3.7/site-packages/airflow/example_dags/example_branch_labels.py took 0.105 seconds
[2022-08-25 00:30:27,775] {processor.py:153} INFO - Started process (PID=18893) to work on /home/airflow/.local/lib/python3.7/site-packages/airflow/example_dags/example_branch_labels.py
[2022-08-25 00:30:27,776] {processor.py:641} INFO - Processing file /home/airflow/.local/lib/python3.7/site-packages/airflow/example_dags/example_branch_labels.py for tasks to queue
[2022-08-25 00:30:27,777] {logging_mixin.py:115} INFO - [2022-08-25 00:30:27,777] {dagbag.py:508} INFO - Filling up the DagBag from /home/airflow/.local/lib/python3.7/site-packages/airflow/example_dags/example_branch_labels.py
[2022-08-25 00:30:27,785] {processor.py:651} INFO - DAG(s) dict_keys(['example_branch_labels']) retrieved from /home/airflow/.local/lib/python3.7/site-packages/airflow/example_dags/example_branch_labels.py
[2022-08-25 00:30:27,823] {logging_mixin.py:115} INFO - [2022-08-25 00:30:27,823] {dag.py:2420} INFO - Sync 1 DAGs
[2022-08-25 00:30:27,859] {logging_mixin.py:115} INFO - [2022-08-25 00:30:27,859] {dag.py:2972} INFO - Setting next_dagrun for example_branch_labels to 2022-08-24T00:00:00+00:00, run_after=2022-08-25T00:00:00+00:00
[2022-08-25 00:30:27,883] {processor.py:161} INFO - Processing /home/airflow/.local/lib/python3.7/site-packages/airflow/example_dags/example_branch_labels.py took 0.110 seconds
[2022-08-25 00:30:58,153] {processor.py:153} INFO - Started process (PID=19087) to work on /home/airflow/.local/lib/python3.7/site-packages/airflow/example_dags/example_branch_labels.py
[2022-08-25 00:30:58,154] {processor.py:641} INFO - Processing file /home/airflow/.local/lib/python3.7/site-packages/airflow/example_dags/example_branch_labels.py for tasks to queue
[2022-08-25 00:30:58,155] {logging_mixin.py:115} INFO - [2022-08-25 00:30:58,155] {dagbag.py:508} INFO - Filling up the DagBag from /home/airflow/.local/lib/python3.7/site-packages/airflow/example_dags/example_branch_labels.py
[2022-08-25 00:30:58,164] {processor.py:651} INFO - DAG(s) dict_keys(['example_branch_labels']) retrieved from /home/airflow/.local/lib/python3.7/site-packages/airflow/example_dags/example_branch_labels.py
[2022-08-25 00:30:58,199] {logging_mixin.py:115} INFO - [2022-08-25 00:30:58,198] {dag.py:2420} INFO - Sync 1 DAGs
[2022-08-25 00:30:58,231] {logging_mixin.py:115} INFO - [2022-08-25 00:30:58,230] {dag.py:2972} INFO - Setting next_dagrun for example_branch_labels to 2022-08-24T00:00:00+00:00, run_after=2022-08-25T00:00:00+00:00
[2022-08-25 00:30:58,256] {processor.py:161} INFO - Processing /home/airflow/.local/lib/python3.7/site-packages/airflow/example_dags/example_branch_labels.py took 0.106 seconds
[2022-08-25 00:31:28,888] {processor.py:153} INFO - Started process (PID=19288) to work on /home/airflow/.local/lib/python3.7/site-packages/airflow/example_dags/example_branch_labels.py
[2022-08-25 00:31:28,889] {processor.py:641} INFO - Processing file /home/airflow/.local/lib/python3.7/site-packages/airflow/example_dags/example_branch_labels.py for tasks to queue
[2022-08-25 00:31:28,890] {logging_mixin.py:115} INFO - [2022-08-25 00:31:28,890] {dagbag.py:508} INFO - Filling up the DagBag from /home/airflow/.local/lib/python3.7/site-packages/airflow/example_dags/example_branch_labels.py
[2022-08-25 00:31:28,905] {processor.py:651} INFO - DAG(s) dict_keys(['example_branch_labels']) retrieved from /home/airflow/.local/lib/python3.7/site-packages/airflow/example_dags/example_branch_labels.py
[2022-08-25 00:31:28,942] {logging_mixin.py:115} INFO - [2022-08-25 00:31:28,942] {dag.py:2420} INFO - Sync 1 DAGs
[2022-08-25 00:31:28,987] {logging_mixin.py:115} INFO - [2022-08-25 00:31:28,986] {dag.py:2972} INFO - Setting next_dagrun for example_branch_labels to 2022-08-24T00:00:00+00:00, run_after=2022-08-25T00:00:00+00:00
[2022-08-25 00:31:29,002] {processor.py:161} INFO - Processing /home/airflow/.local/lib/python3.7/site-packages/airflow/example_dags/example_branch_labels.py took 0.120 seconds
[2022-08-25 00:31:59,146] {processor.py:153} INFO - Started process (PID=19482) to work on /home/airflow/.local/lib/python3.7/site-packages/airflow/example_dags/example_branch_labels.py
[2022-08-25 00:31:59,147] {processor.py:641} INFO - Processing file /home/airflow/.local/lib/python3.7/site-packages/airflow/example_dags/example_branch_labels.py for tasks to queue
[2022-08-25 00:31:59,148] {logging_mixin.py:115} INFO - [2022-08-25 00:31:59,147] {dagbag.py:508} INFO - Filling up the DagBag from /home/airflow/.local/lib/python3.7/site-packages/airflow/example_dags/example_branch_labels.py
[2022-08-25 00:31:59,156] {processor.py:651} INFO - DAG(s) dict_keys(['example_branch_labels']) retrieved from /home/airflow/.local/lib/python3.7/site-packages/airflow/example_dags/example_branch_labels.py
[2022-08-25 00:31:59,191] {logging_mixin.py:115} INFO - [2022-08-25 00:31:59,191] {dag.py:2420} INFO - Sync 1 DAGs
[2022-08-25 00:31:59,222] {logging_mixin.py:115} INFO - [2022-08-25 00:31:59,222] {dag.py:2972} INFO - Setting next_dagrun for example_branch_labels to 2022-08-24T00:00:00+00:00, run_after=2022-08-25T00:00:00+00:00
[2022-08-25 00:31:59,238] {processor.py:161} INFO - Processing /home/airflow/.local/lib/python3.7/site-packages/airflow/example_dags/example_branch_labels.py took 0.096 seconds
[2022-08-25 00:32:29,806] {processor.py:153} INFO - Started process (PID=19687) to work on /home/airflow/.local/lib/python3.7/site-packages/airflow/example_dags/example_branch_labels.py
[2022-08-25 00:32:29,808] {processor.py:641} INFO - Processing file /home/airflow/.local/lib/python3.7/site-packages/airflow/example_dags/example_branch_labels.py for tasks to queue
[2022-08-25 00:32:29,809] {logging_mixin.py:115} INFO - [2022-08-25 00:32:29,808] {dagbag.py:508} INFO - Filling up the DagBag from /home/airflow/.local/lib/python3.7/site-packages/airflow/example_dags/example_branch_labels.py
[2022-08-25 00:32:29,817] {processor.py:651} INFO - DAG(s) dict_keys(['example_branch_labels']) retrieved from /home/airflow/.local/lib/python3.7/site-packages/airflow/example_dags/example_branch_labels.py
[2022-08-25 00:32:29,854] {logging_mixin.py:115} INFO - [2022-08-25 00:32:29,853] {dag.py:2420} INFO - Sync 1 DAGs
[2022-08-25 00:32:29,886] {logging_mixin.py:115} INFO - [2022-08-25 00:32:29,886] {dag.py:2972} INFO - Setting next_dagrun for example_branch_labels to 2022-08-24T00:00:00+00:00, run_after=2022-08-25T00:00:00+00:00
[2022-08-25 00:32:29,913] {processor.py:161} INFO - Processing /home/airflow/.local/lib/python3.7/site-packages/airflow/example_dags/example_branch_labels.py took 0.110 seconds
[2022-08-25 00:33:00,275] {processor.py:153} INFO - Started process (PID=19881) to work on /home/airflow/.local/lib/python3.7/site-packages/airflow/example_dags/example_branch_labels.py
[2022-08-25 00:33:00,276] {processor.py:641} INFO - Processing file /home/airflow/.local/lib/python3.7/site-packages/airflow/example_dags/example_branch_labels.py for tasks to queue
[2022-08-25 00:33:00,276] {logging_mixin.py:115} INFO - [2022-08-25 00:33:00,276] {dagbag.py:508} INFO - Filling up the DagBag from /home/airflow/.local/lib/python3.7/site-packages/airflow/example_dags/example_branch_labels.py
[2022-08-25 00:33:00,285] {processor.py:651} INFO - DAG(s) dict_keys(['example_branch_labels']) retrieved from /home/airflow/.local/lib/python3.7/site-packages/airflow/example_dags/example_branch_labels.py
[2022-08-25 00:33:00,323] {logging_mixin.py:115} INFO - [2022-08-25 00:33:00,323] {dag.py:2420} INFO - Sync 1 DAGs
[2022-08-25 00:33:00,359] {logging_mixin.py:115} INFO - [2022-08-25 00:33:00,359] {dag.py:2972} INFO - Setting next_dagrun for example_branch_labels to 2022-08-24T00:00:00+00:00, run_after=2022-08-25T00:00:00+00:00
[2022-08-25 00:33:00,377] {processor.py:161} INFO - Processing /home/airflow/.local/lib/python3.7/site-packages/airflow/example_dags/example_branch_labels.py took 0.106 seconds
[2022-08-25 00:33:30,864] {processor.py:153} INFO - Started process (PID=20083) to work on /home/airflow/.local/lib/python3.7/site-packages/airflow/example_dags/example_branch_labels.py
[2022-08-25 00:33:30,865] {processor.py:641} INFO - Processing file /home/airflow/.local/lib/python3.7/site-packages/airflow/example_dags/example_branch_labels.py for tasks to queue
[2022-08-25 00:33:30,866] {logging_mixin.py:115} INFO - [2022-08-25 00:33:30,865] {dagbag.py:508} INFO - Filling up the DagBag from /home/airflow/.local/lib/python3.7/site-packages/airflow/example_dags/example_branch_labels.py
[2022-08-25 00:33:30,878] {processor.py:651} INFO - DAG(s) dict_keys(['example_branch_labels']) retrieved from /home/airflow/.local/lib/python3.7/site-packages/airflow/example_dags/example_branch_labels.py
[2022-08-25 00:33:30,916] {logging_mixin.py:115} INFO - [2022-08-25 00:33:30,916] {dag.py:2420} INFO - Sync 1 DAGs
[2022-08-25 00:33:30,951] {logging_mixin.py:115} INFO - [2022-08-25 00:33:30,951] {dag.py:2972} INFO - Setting next_dagrun for example_branch_labels to 2022-08-24T00:00:00+00:00, run_after=2022-08-25T00:00:00+00:00
[2022-08-25 00:33:30,967] {processor.py:161} INFO - Processing /home/airflow/.local/lib/python3.7/site-packages/airflow/example_dags/example_branch_labels.py took 0.107 seconds
[2022-08-25 00:34:01,423] {processor.py:153} INFO - Started process (PID=20279) to work on /home/airflow/.local/lib/python3.7/site-packages/airflow/example_dags/example_branch_labels.py
[2022-08-25 00:34:01,424] {processor.py:641} INFO - Processing file /home/airflow/.local/lib/python3.7/site-packages/airflow/example_dags/example_branch_labels.py for tasks to queue
[2022-08-25 00:34:01,425] {logging_mixin.py:115} INFO - [2022-08-25 00:34:01,425] {dagbag.py:508} INFO - Filling up the DagBag from /home/airflow/.local/lib/python3.7/site-packages/airflow/example_dags/example_branch_labels.py
[2022-08-25 00:34:01,438] {processor.py:651} INFO - DAG(s) dict_keys(['example_branch_labels']) retrieved from /home/airflow/.local/lib/python3.7/site-packages/airflow/example_dags/example_branch_labels.py
[2022-08-25 00:34:01,484] {logging_mixin.py:115} INFO - [2022-08-25 00:34:01,484] {dag.py:2420} INFO - Sync 1 DAGs
[2022-08-25 00:34:01,517] {logging_mixin.py:115} INFO - [2022-08-25 00:34:01,517] {dag.py:2972} INFO - Setting next_dagrun for example_branch_labels to 2022-08-24T00:00:00+00:00, run_after=2022-08-25T00:00:00+00:00
[2022-08-25 00:34:01,540] {processor.py:161} INFO - Processing /home/airflow/.local/lib/python3.7/site-packages/airflow/example_dags/example_branch_labels.py took 0.120 seconds
[2022-08-25 00:34:31,978] {processor.py:153} INFO - Started process (PID=20483) to work on /home/airflow/.local/lib/python3.7/site-packages/airflow/example_dags/example_branch_labels.py
[2022-08-25 00:34:31,980] {processor.py:641} INFO - Processing file /home/airflow/.local/lib/python3.7/site-packages/airflow/example_dags/example_branch_labels.py for tasks to queue
[2022-08-25 00:34:31,980] {logging_mixin.py:115} INFO - [2022-08-25 00:34:31,980] {dagbag.py:508} INFO - Filling up the DagBag from /home/airflow/.local/lib/python3.7/site-packages/airflow/example_dags/example_branch_labels.py
[2022-08-25 00:34:31,989] {processor.py:651} INFO - DAG(s) dict_keys(['example_branch_labels']) retrieved from /home/airflow/.local/lib/python3.7/site-packages/airflow/example_dags/example_branch_labels.py
[2022-08-25 00:34:32,020] {logging_mixin.py:115} INFO - [2022-08-25 00:34:32,020] {dag.py:2420} INFO - Sync 1 DAGs
[2022-08-25 00:34:32,048] {logging_mixin.py:115} INFO - [2022-08-25 00:34:32,048] {dag.py:2972} INFO - Setting next_dagrun for example_branch_labels to 2022-08-24T00:00:00+00:00, run_after=2022-08-25T00:00:00+00:00
[2022-08-25 00:34:32,074] {processor.py:161} INFO - Processing /home/airflow/.local/lib/python3.7/site-packages/airflow/example_dags/example_branch_labels.py took 0.098 seconds
[2022-08-25 00:35:02,448] {processor.py:153} INFO - Started process (PID=20675) to work on /home/airflow/.local/lib/python3.7/site-packages/airflow/example_dags/example_branch_labels.py
[2022-08-25 00:35:02,449] {processor.py:641} INFO - Processing file /home/airflow/.local/lib/python3.7/site-packages/airflow/example_dags/example_branch_labels.py for tasks to queue
[2022-08-25 00:35:02,450] {logging_mixin.py:115} INFO - [2022-08-25 00:35:02,450] {dagbag.py:508} INFO - Filling up the DagBag from /home/airflow/.local/lib/python3.7/site-packages/airflow/example_dags/example_branch_labels.py
[2022-08-25 00:35:02,460] {processor.py:651} INFO - DAG(s) dict_keys(['example_branch_labels']) retrieved from /home/airflow/.local/lib/python3.7/site-packages/airflow/example_dags/example_branch_labels.py
[2022-08-25 00:35:02,499] {logging_mixin.py:115} INFO - [2022-08-25 00:35:02,499] {dag.py:2420} INFO - Sync 1 DAGs
[2022-08-25 00:35:02,532] {logging_mixin.py:115} INFO - [2022-08-25 00:35:02,532] {dag.py:2972} INFO - Setting next_dagrun for example_branch_labels to 2022-08-24T00:00:00+00:00, run_after=2022-08-25T00:00:00+00:00
[2022-08-25 00:35:02,548] {processor.py:161} INFO - Processing /home/airflow/.local/lib/python3.7/site-packages/airflow/example_dags/example_branch_labels.py took 0.103 seconds
[2022-08-25 00:35:32,672] {processor.py:153} INFO - Started process (PID=20881) to work on /home/airflow/.local/lib/python3.7/site-packages/airflow/example_dags/example_branch_labels.py
[2022-08-25 00:35:32,673] {processor.py:641} INFO - Processing file /home/airflow/.local/lib/python3.7/site-packages/airflow/example_dags/example_branch_labels.py for tasks to queue
[2022-08-25 00:35:32,674] {logging_mixin.py:115} INFO - [2022-08-25 00:35:32,674] {dagbag.py:508} INFO - Filling up the DagBag from /home/airflow/.local/lib/python3.7/site-packages/airflow/example_dags/example_branch_labels.py
[2022-08-25 00:35:32,683] {processor.py:651} INFO - DAG(s) dict_keys(['example_branch_labels']) retrieved from /home/airflow/.local/lib/python3.7/site-packages/airflow/example_dags/example_branch_labels.py
[2022-08-25 00:35:32,718] {logging_mixin.py:115} INFO - [2022-08-25 00:35:32,717] {dag.py:2420} INFO - Sync 1 DAGs
[2022-08-25 00:35:32,748] {logging_mixin.py:115} INFO - [2022-08-25 00:35:32,748] {dag.py:2972} INFO - Setting next_dagrun for example_branch_labels to 2022-08-24T00:00:00+00:00, run_after=2022-08-25T00:00:00+00:00
[2022-08-25 00:35:32,775] {processor.py:161} INFO - Processing /home/airflow/.local/lib/python3.7/site-packages/airflow/example_dags/example_branch_labels.py took 0.106 seconds
[2022-08-25 00:36:03,344] {processor.py:153} INFO - Started process (PID=21075) to work on /home/airflow/.local/lib/python3.7/site-packages/airflow/example_dags/example_branch_labels.py
[2022-08-25 00:36:03,346] {processor.py:641} INFO - Processing file /home/airflow/.local/lib/python3.7/site-packages/airflow/example_dags/example_branch_labels.py for tasks to queue
[2022-08-25 00:36:03,347] {logging_mixin.py:115} INFO - [2022-08-25 00:36:03,346] {dagbag.py:508} INFO - Filling up the DagBag from /home/airflow/.local/lib/python3.7/site-packages/airflow/example_dags/example_branch_labels.py
[2022-08-25 00:36:03,356] {processor.py:651} INFO - DAG(s) dict_keys(['example_branch_labels']) retrieved from /home/airflow/.local/lib/python3.7/site-packages/airflow/example_dags/example_branch_labels.py
[2022-08-25 00:36:03,394] {logging_mixin.py:115} INFO - [2022-08-25 00:36:03,393] {dag.py:2420} INFO - Sync 1 DAGs
[2022-08-25 00:36:03,426] {logging_mixin.py:115} INFO - [2022-08-25 00:36:03,426] {dag.py:2972} INFO - Setting next_dagrun for example_branch_labels to 2022-08-24T00:00:00+00:00, run_after=2022-08-25T00:00:00+00:00
[2022-08-25 00:36:03,450] {processor.py:161} INFO - Processing /home/airflow/.local/lib/python3.7/site-packages/airflow/example_dags/example_branch_labels.py took 0.109 seconds
[2022-08-25 01:25:48,301] {processor.py:153} INFO - Started process (PID=21294) to work on /home/airflow/.local/lib/python3.7/site-packages/airflow/example_dags/example_branch_labels.py
[2022-08-25 01:25:48,303] {processor.py:641} INFO - Processing file /home/airflow/.local/lib/python3.7/site-packages/airflow/example_dags/example_branch_labels.py for tasks to queue
[2022-08-25 01:25:48,304] {logging_mixin.py:115} INFO - [2022-08-25 01:25:48,304] {dagbag.py:508} INFO - Filling up the DagBag from /home/airflow/.local/lib/python3.7/site-packages/airflow/example_dags/example_branch_labels.py
[2022-08-25 01:25:48,322] {processor.py:651} INFO - DAG(s) dict_keys(['example_branch_labels']) retrieved from /home/airflow/.local/lib/python3.7/site-packages/airflow/example_dags/example_branch_labels.py
[2022-08-25 01:25:48,371] {logging_mixin.py:115} INFO - [2022-08-25 01:25:48,371] {dag.py:2420} INFO - Sync 1 DAGs
[2022-08-25 01:25:48,433] {logging_mixin.py:115} INFO - [2022-08-25 01:25:48,433] {dag.py:2972} INFO - Setting next_dagrun for example_branch_labels to 2022-08-24T00:00:00+00:00, run_after=2022-08-25T00:00:00+00:00
[2022-08-25 01:25:48,459] {processor.py:161} INFO - Processing /home/airflow/.local/lib/python3.7/site-packages/airflow/example_dags/example_branch_labels.py took 0.163 seconds
[2022-08-25 01:26:19,006] {processor.py:153} INFO - Started process (PID=21489) to work on /home/airflow/.local/lib/python3.7/site-packages/airflow/example_dags/example_branch_labels.py
[2022-08-25 01:26:19,008] {processor.py:641} INFO - Processing file /home/airflow/.local/lib/python3.7/site-packages/airflow/example_dags/example_branch_labels.py for tasks to queue
[2022-08-25 01:26:19,010] {logging_mixin.py:115} INFO - [2022-08-25 01:26:19,009] {dagbag.py:508} INFO - Filling up the DagBag from /home/airflow/.local/lib/python3.7/site-packages/airflow/example_dags/example_branch_labels.py
[2022-08-25 01:26:19,024] {processor.py:651} INFO - DAG(s) dict_keys(['example_branch_labels']) retrieved from /home/airflow/.local/lib/python3.7/site-packages/airflow/example_dags/example_branch_labels.py
[2022-08-25 01:26:19,060] {logging_mixin.py:115} INFO - [2022-08-25 01:26:19,060] {dag.py:2420} INFO - Sync 1 DAGs
[2022-08-25 01:26:19,089] {logging_mixin.py:115} INFO - [2022-08-25 01:26:19,089] {dag.py:2972} INFO - Setting next_dagrun for example_branch_labels to 2022-08-24T00:00:00+00:00, run_after=2022-08-25T00:00:00+00:00
[2022-08-25 01:26:19,106] {processor.py:161} INFO - Processing /home/airflow/.local/lib/python3.7/site-packages/airflow/example_dags/example_branch_labels.py took 0.110 seconds
[2022-08-25 01:26:49,590] {processor.py:153} INFO - Started process (PID=21692) to work on /home/airflow/.local/lib/python3.7/site-packages/airflow/example_dags/example_branch_labels.py
[2022-08-25 01:26:49,592] {processor.py:641} INFO - Processing file /home/airflow/.local/lib/python3.7/site-packages/airflow/example_dags/example_branch_labels.py for tasks to queue
[2022-08-25 01:26:49,593] {logging_mixin.py:115} INFO - [2022-08-25 01:26:49,593] {dagbag.py:508} INFO - Filling up the DagBag from /home/airflow/.local/lib/python3.7/site-packages/airflow/example_dags/example_branch_labels.py
[2022-08-25 01:26:49,604] {processor.py:651} INFO - DAG(s) dict_keys(['example_branch_labels']) retrieved from /home/airflow/.local/lib/python3.7/site-packages/airflow/example_dags/example_branch_labels.py
[2022-08-25 01:26:49,636] {logging_mixin.py:115} INFO - [2022-08-25 01:26:49,636] {dag.py:2420} INFO - Sync 1 DAGs
[2022-08-25 01:26:49,664] {logging_mixin.py:115} INFO - [2022-08-25 01:26:49,664] {dag.py:2972} INFO - Setting next_dagrun for example_branch_labels to 2022-08-24T00:00:00+00:00, run_after=2022-08-25T00:00:00+00:00
[2022-08-25 01:26:49,680] {processor.py:161} INFO - Processing /home/airflow/.local/lib/python3.7/site-packages/airflow/example_dags/example_branch_labels.py took 0.093 seconds
[2022-08-25 01:27:20,393] {processor.py:153} INFO - Started process (PID=21895) to work on /home/airflow/.local/lib/python3.7/site-packages/airflow/example_dags/example_branch_labels.py
[2022-08-25 01:27:20,395] {processor.py:641} INFO - Processing file /home/airflow/.local/lib/python3.7/site-packages/airflow/example_dags/example_branch_labels.py for tasks to queue
[2022-08-25 01:27:20,396] {logging_mixin.py:115} INFO - [2022-08-25 01:27:20,396] {dagbag.py:508} INFO - Filling up the DagBag from /home/airflow/.local/lib/python3.7/site-packages/airflow/example_dags/example_branch_labels.py
[2022-08-25 01:27:20,407] {processor.py:651} INFO - DAG(s) dict_keys(['example_branch_labels']) retrieved from /home/airflow/.local/lib/python3.7/site-packages/airflow/example_dags/example_branch_labels.py
[2022-08-25 01:27:20,464] {logging_mixin.py:115} INFO - [2022-08-25 01:27:20,463] {dag.py:2420} INFO - Sync 1 DAGs
[2022-08-25 01:27:20,515] {logging_mixin.py:115} INFO - [2022-08-25 01:27:20,514] {dag.py:2972} INFO - Setting next_dagrun for example_branch_labels to 2022-08-24T00:00:00+00:00, run_after=2022-08-25T00:00:00+00:00
[2022-08-25 01:27:20,547] {processor.py:161} INFO - Processing /home/airflow/.local/lib/python3.7/site-packages/airflow/example_dags/example_branch_labels.py took 0.160 seconds
