[2022-08-25 00:13:11,793] {processor.py:153} INFO - Started process (PID=12167) to work on /home/airflow/.local/lib/python3.7/site-packages/airflow/example_dags/example_branch_day_of_week_operator.py
[2022-08-25 00:13:11,794] {processor.py:641} INFO - Processing file /home/airflow/.local/lib/python3.7/site-packages/airflow/example_dags/example_branch_day_of_week_operator.py for tasks to queue
[2022-08-25 00:13:11,796] {logging_mixin.py:115} INFO - [2022-08-25 00:13:11,796] {dagbag.py:508} INFO - Filling up the DagBag from /home/airflow/.local/lib/python3.7/site-packages/airflow/example_dags/example_branch_day_of_week_operator.py
[2022-08-25 00:13:11,815] {processor.py:651} INFO - DAG(s) dict_keys(['example_weekday_branch_operator']) retrieved from /home/airflow/.local/lib/python3.7/site-packages/airflow/example_dags/example_branch_day_of_week_operator.py
[2022-08-25 00:13:11,868] {logging_mixin.py:115} INFO - [2022-08-25 00:13:11,867] {dag.py:2420} INFO - Sync 1 DAGs
[2022-08-25 00:13:11,921] {logging_mixin.py:115} INFO - [2022-08-25 00:13:11,921] {dag.py:2972} INFO - Setting next_dagrun for example_weekday_branch_operator to 2022-08-24T00:00:00+00:00, run_after=2022-08-25T00:00:00+00:00
[2022-08-25 00:13:11,957] {processor.py:161} INFO - Processing /home/airflow/.local/lib/python3.7/site-packages/airflow/example_dags/example_branch_day_of_week_operator.py took 0.170 seconds
[2022-08-25 00:13:42,303] {processor.py:153} INFO - Started process (PID=12375) to work on /home/airflow/.local/lib/python3.7/site-packages/airflow/example_dags/example_branch_day_of_week_operator.py
[2022-08-25 00:13:42,303] {processor.py:641} INFO - Processing file /home/airflow/.local/lib/python3.7/site-packages/airflow/example_dags/example_branch_day_of_week_operator.py for tasks to queue
[2022-08-25 00:13:42,304] {logging_mixin.py:115} INFO - [2022-08-25 00:13:42,304] {dagbag.py:508} INFO - Filling up the DagBag from /home/airflow/.local/lib/python3.7/site-packages/airflow/example_dags/example_branch_day_of_week_operator.py
[2022-08-25 00:13:42,312] {processor.py:651} INFO - DAG(s) dict_keys(['example_weekday_branch_operator']) retrieved from /home/airflow/.local/lib/python3.7/site-packages/airflow/example_dags/example_branch_day_of_week_operator.py
[2022-08-25 00:13:42,340] {logging_mixin.py:115} INFO - [2022-08-25 00:13:42,340] {dag.py:2420} INFO - Sync 1 DAGs
[2022-08-25 00:13:42,366] {logging_mixin.py:115} INFO - [2022-08-25 00:13:42,366] {dag.py:2972} INFO - Setting next_dagrun for example_weekday_branch_operator to 2022-08-24T00:00:00+00:00, run_after=2022-08-25T00:00:00+00:00
[2022-08-25 00:13:42,380] {processor.py:161} INFO - Processing /home/airflow/.local/lib/python3.7/site-packages/airflow/example_dags/example_branch_day_of_week_operator.py took 0.079 seconds
[2022-08-25 00:14:12,771] {processor.py:153} INFO - Started process (PID=12584) to work on /home/airflow/.local/lib/python3.7/site-packages/airflow/example_dags/example_branch_day_of_week_operator.py
[2022-08-25 00:14:12,772] {processor.py:641} INFO - Processing file /home/airflow/.local/lib/python3.7/site-packages/airflow/example_dags/example_branch_day_of_week_operator.py for tasks to queue
[2022-08-25 00:14:12,772] {logging_mixin.py:115} INFO - [2022-08-25 00:14:12,772] {dagbag.py:508} INFO - Filling up the DagBag from /home/airflow/.local/lib/python3.7/site-packages/airflow/example_dags/example_branch_day_of_week_operator.py
[2022-08-25 00:14:12,782] {processor.py:651} INFO - DAG(s) dict_keys(['example_weekday_branch_operator']) retrieved from /home/airflow/.local/lib/python3.7/site-packages/airflow/example_dags/example_branch_day_of_week_operator.py
[2022-08-25 00:14:12,810] {logging_mixin.py:115} INFO - [2022-08-25 00:14:12,809] {dag.py:2420} INFO - Sync 1 DAGs
[2022-08-25 00:14:12,837] {logging_mixin.py:115} INFO - [2022-08-25 00:14:12,836] {dag.py:2972} INFO - Setting next_dagrun for example_weekday_branch_operator to 2022-08-24T00:00:00+00:00, run_after=2022-08-25T00:00:00+00:00
[2022-08-25 00:14:12,861] {processor.py:161} INFO - Processing /home/airflow/.local/lib/python3.7/site-packages/airflow/example_dags/example_branch_day_of_week_operator.py took 0.094 seconds
[2022-08-25 00:14:43,714] {processor.py:153} INFO - Started process (PID=12778) to work on /home/airflow/.local/lib/python3.7/site-packages/airflow/example_dags/example_branch_day_of_week_operator.py
[2022-08-25 00:14:43,715] {processor.py:641} INFO - Processing file /home/airflow/.local/lib/python3.7/site-packages/airflow/example_dags/example_branch_day_of_week_operator.py for tasks to queue
[2022-08-25 00:14:43,716] {logging_mixin.py:115} INFO - [2022-08-25 00:14:43,716] {dagbag.py:508} INFO - Filling up the DagBag from /home/airflow/.local/lib/python3.7/site-packages/airflow/example_dags/example_branch_day_of_week_operator.py
[2022-08-25 00:14:43,726] {processor.py:651} INFO - DAG(s) dict_keys(['example_weekday_branch_operator']) retrieved from /home/airflow/.local/lib/python3.7/site-packages/airflow/example_dags/example_branch_day_of_week_operator.py
[2022-08-25 00:14:43,760] {logging_mixin.py:115} INFO - [2022-08-25 00:14:43,759] {dag.py:2420} INFO - Sync 1 DAGs
[2022-08-25 00:14:43,796] {logging_mixin.py:115} INFO - [2022-08-25 00:14:43,796] {dag.py:2972} INFO - Setting next_dagrun for example_weekday_branch_operator to 2022-08-24T00:00:00+00:00, run_after=2022-08-25T00:00:00+00:00
[2022-08-25 00:14:43,814] {processor.py:161} INFO - Processing /home/airflow/.local/lib/python3.7/site-packages/airflow/example_dags/example_branch_day_of_week_operator.py took 0.103 seconds
[2022-08-25 00:15:14,037] {processor.py:153} INFO - Started process (PID=12984) to work on /home/airflow/.local/lib/python3.7/site-packages/airflow/example_dags/example_branch_day_of_week_operator.py
[2022-08-25 00:15:14,038] {processor.py:641} INFO - Processing file /home/airflow/.local/lib/python3.7/site-packages/airflow/example_dags/example_branch_day_of_week_operator.py for tasks to queue
[2022-08-25 00:15:14,039] {logging_mixin.py:115} INFO - [2022-08-25 00:15:14,039] {dagbag.py:508} INFO - Filling up the DagBag from /home/airflow/.local/lib/python3.7/site-packages/airflow/example_dags/example_branch_day_of_week_operator.py
[2022-08-25 00:15:14,049] {processor.py:651} INFO - DAG(s) dict_keys(['example_weekday_branch_operator']) retrieved from /home/airflow/.local/lib/python3.7/site-packages/airflow/example_dags/example_branch_day_of_week_operator.py
[2022-08-25 00:15:14,086] {logging_mixin.py:115} INFO - [2022-08-25 00:15:14,086] {dag.py:2420} INFO - Sync 1 DAGs
[2022-08-25 00:15:14,120] {logging_mixin.py:115} INFO - [2022-08-25 00:15:14,120] {dag.py:2972} INFO - Setting next_dagrun for example_weekday_branch_operator to 2022-08-24T00:00:00+00:00, run_after=2022-08-25T00:00:00+00:00
[2022-08-25 00:15:14,137] {processor.py:161} INFO - Processing /home/airflow/.local/lib/python3.7/site-packages/airflow/example_dags/example_branch_day_of_week_operator.py took 0.103 seconds
[2022-08-25 00:15:44,553] {processor.py:153} INFO - Started process (PID=13181) to work on /home/airflow/.local/lib/python3.7/site-packages/airflow/example_dags/example_branch_day_of_week_operator.py
[2022-08-25 00:15:44,554] {processor.py:641} INFO - Processing file /home/airflow/.local/lib/python3.7/site-packages/airflow/example_dags/example_branch_day_of_week_operator.py for tasks to queue
[2022-08-25 00:15:44,555] {logging_mixin.py:115} INFO - [2022-08-25 00:15:44,554] {dagbag.py:508} INFO - Filling up the DagBag from /home/airflow/.local/lib/python3.7/site-packages/airflow/example_dags/example_branch_day_of_week_operator.py
[2022-08-25 00:15:44,564] {processor.py:651} INFO - DAG(s) dict_keys(['example_weekday_branch_operator']) retrieved from /home/airflow/.local/lib/python3.7/site-packages/airflow/example_dags/example_branch_day_of_week_operator.py
[2022-08-25 00:15:44,594] {logging_mixin.py:115} INFO - [2022-08-25 00:15:44,594] {dag.py:2420} INFO - Sync 1 DAGs
[2022-08-25 00:15:44,625] {logging_mixin.py:115} INFO - [2022-08-25 00:15:44,624] {dag.py:2972} INFO - Setting next_dagrun for example_weekday_branch_operator to 2022-08-24T00:00:00+00:00, run_after=2022-08-25T00:00:00+00:00
[2022-08-25 00:15:44,652] {processor.py:161} INFO - Processing /home/airflow/.local/lib/python3.7/site-packages/airflow/example_dags/example_branch_day_of_week_operator.py took 0.102 seconds
[2022-08-25 00:16:14,801] {processor.py:153} INFO - Started process (PID=13382) to work on /home/airflow/.local/lib/python3.7/site-packages/airflow/example_dags/example_branch_day_of_week_operator.py
[2022-08-25 00:16:14,803] {processor.py:641} INFO - Processing file /home/airflow/.local/lib/python3.7/site-packages/airflow/example_dags/example_branch_day_of_week_operator.py for tasks to queue
[2022-08-25 00:16:14,804] {logging_mixin.py:115} INFO - [2022-08-25 00:16:14,803] {dagbag.py:508} INFO - Filling up the DagBag from /home/airflow/.local/lib/python3.7/site-packages/airflow/example_dags/example_branch_day_of_week_operator.py
[2022-08-25 00:16:14,814] {processor.py:651} INFO - DAG(s) dict_keys(['example_weekday_branch_operator']) retrieved from /home/airflow/.local/lib/python3.7/site-packages/airflow/example_dags/example_branch_day_of_week_operator.py
[2022-08-25 00:16:14,847] {logging_mixin.py:115} INFO - [2022-08-25 00:16:14,847] {dag.py:2420} INFO - Sync 1 DAGs
[2022-08-25 00:16:14,879] {logging_mixin.py:115} INFO - [2022-08-25 00:16:14,879] {dag.py:2972} INFO - Setting next_dagrun for example_weekday_branch_operator to 2022-08-24T00:00:00+00:00, run_after=2022-08-25T00:00:00+00:00
[2022-08-25 00:16:14,896] {processor.py:161} INFO - Processing /home/airflow/.local/lib/python3.7/site-packages/airflow/example_dags/example_branch_day_of_week_operator.py took 0.099 seconds
[2022-08-25 00:16:45,016] {processor.py:153} INFO - Started process (PID=13570) to work on /home/airflow/.local/lib/python3.7/site-packages/airflow/example_dags/example_branch_day_of_week_operator.py
[2022-08-25 00:16:45,018] {processor.py:641} INFO - Processing file /home/airflow/.local/lib/python3.7/site-packages/airflow/example_dags/example_branch_day_of_week_operator.py for tasks to queue
[2022-08-25 00:16:45,020] {logging_mixin.py:115} INFO - [2022-08-25 00:16:45,020] {dagbag.py:508} INFO - Filling up the DagBag from /home/airflow/.local/lib/python3.7/site-packages/airflow/example_dags/example_branch_day_of_week_operator.py
[2022-08-25 00:16:45,041] {processor.py:651} INFO - DAG(s) dict_keys(['example_weekday_branch_operator']) retrieved from /home/airflow/.local/lib/python3.7/site-packages/airflow/example_dags/example_branch_day_of_week_operator.py
[2022-08-25 00:16:45,101] {logging_mixin.py:115} INFO - [2022-08-25 00:16:45,100] {dag.py:2420} INFO - Sync 1 DAGs
[2022-08-25 00:16:45,152] {logging_mixin.py:115} INFO - [2022-08-25 00:16:45,152] {dag.py:2972} INFO - Setting next_dagrun for example_weekday_branch_operator to 2022-08-24T00:00:00+00:00, run_after=2022-08-25T00:00:00+00:00
[2022-08-25 00:16:45,190] {processor.py:161} INFO - Processing /home/airflow/.local/lib/python3.7/site-packages/airflow/example_dags/example_branch_day_of_week_operator.py took 0.181 seconds
[2022-08-25 00:17:15,553] {processor.py:153} INFO - Started process (PID=13773) to work on /home/airflow/.local/lib/python3.7/site-packages/airflow/example_dags/example_branch_day_of_week_operator.py
[2022-08-25 00:17:15,554] {processor.py:641} INFO - Processing file /home/airflow/.local/lib/python3.7/site-packages/airflow/example_dags/example_branch_day_of_week_operator.py for tasks to queue
[2022-08-25 00:17:15,554] {logging_mixin.py:115} INFO - [2022-08-25 00:17:15,554] {dagbag.py:508} INFO - Filling up the DagBag from /home/airflow/.local/lib/python3.7/site-packages/airflow/example_dags/example_branch_day_of_week_operator.py
[2022-08-25 00:17:15,565] {processor.py:651} INFO - DAG(s) dict_keys(['example_weekday_branch_operator']) retrieved from /home/airflow/.local/lib/python3.7/site-packages/airflow/example_dags/example_branch_day_of_week_operator.py
[2022-08-25 00:17:15,601] {logging_mixin.py:115} INFO - [2022-08-25 00:17:15,601] {dag.py:2420} INFO - Sync 1 DAGs
[2022-08-25 00:17:15,632] {logging_mixin.py:115} INFO - [2022-08-25 00:17:15,632] {dag.py:2972} INFO - Setting next_dagrun for example_weekday_branch_operator to 2022-08-24T00:00:00+00:00, run_after=2022-08-25T00:00:00+00:00
[2022-08-25 00:17:15,652] {processor.py:161} INFO - Processing /home/airflow/.local/lib/python3.7/site-packages/airflow/example_dags/example_branch_day_of_week_operator.py took 0.103 seconds
[2022-08-25 00:17:45,903] {processor.py:153} INFO - Started process (PID=13967) to work on /home/airflow/.local/lib/python3.7/site-packages/airflow/example_dags/example_branch_day_of_week_operator.py
[2022-08-25 00:17:45,904] {processor.py:641} INFO - Processing file /home/airflow/.local/lib/python3.7/site-packages/airflow/example_dags/example_branch_day_of_week_operator.py for tasks to queue
[2022-08-25 00:17:45,905] {logging_mixin.py:115} INFO - [2022-08-25 00:17:45,905] {dagbag.py:508} INFO - Filling up the DagBag from /home/airflow/.local/lib/python3.7/site-packages/airflow/example_dags/example_branch_day_of_week_operator.py
[2022-08-25 00:17:45,916] {processor.py:651} INFO - DAG(s) dict_keys(['example_weekday_branch_operator']) retrieved from /home/airflow/.local/lib/python3.7/site-packages/airflow/example_dags/example_branch_day_of_week_operator.py
[2022-08-25 00:17:45,951] {logging_mixin.py:115} INFO - [2022-08-25 00:17:45,951] {dag.py:2420} INFO - Sync 1 DAGs
[2022-08-25 00:17:45,991] {logging_mixin.py:115} INFO - [2022-08-25 00:17:45,990] {dag.py:2972} INFO - Setting next_dagrun for example_weekday_branch_operator to 2022-08-24T00:00:00+00:00, run_after=2022-08-25T00:00:00+00:00
[2022-08-25 00:17:46,009] {processor.py:161} INFO - Processing /home/airflow/.local/lib/python3.7/site-packages/airflow/example_dags/example_branch_day_of_week_operator.py took 0.109 seconds
[2022-08-25 00:18:16,547] {processor.py:153} INFO - Started process (PID=14170) to work on /home/airflow/.local/lib/python3.7/site-packages/airflow/example_dags/example_branch_day_of_week_operator.py
[2022-08-25 00:18:16,548] {processor.py:641} INFO - Processing file /home/airflow/.local/lib/python3.7/site-packages/airflow/example_dags/example_branch_day_of_week_operator.py for tasks to queue
[2022-08-25 00:18:16,549] {logging_mixin.py:115} INFO - [2022-08-25 00:18:16,549] {dagbag.py:508} INFO - Filling up the DagBag from /home/airflow/.local/lib/python3.7/site-packages/airflow/example_dags/example_branch_day_of_week_operator.py
[2022-08-25 00:18:16,559] {processor.py:651} INFO - DAG(s) dict_keys(['example_weekday_branch_operator']) retrieved from /home/airflow/.local/lib/python3.7/site-packages/airflow/example_dags/example_branch_day_of_week_operator.py
[2022-08-25 00:18:16,594] {logging_mixin.py:115} INFO - [2022-08-25 00:18:16,594] {dag.py:2420} INFO - Sync 1 DAGs
[2022-08-25 00:18:16,633] {logging_mixin.py:115} INFO - [2022-08-25 00:18:16,633] {dag.py:2972} INFO - Setting next_dagrun for example_weekday_branch_operator to 2022-08-24T00:00:00+00:00, run_after=2022-08-25T00:00:00+00:00
[2022-08-25 00:18:16,651] {processor.py:161} INFO - Processing /home/airflow/.local/lib/python3.7/site-packages/airflow/example_dags/example_branch_day_of_week_operator.py took 0.107 seconds
[2022-08-25 00:18:46,902] {processor.py:153} INFO - Started process (PID=14364) to work on /home/airflow/.local/lib/python3.7/site-packages/airflow/example_dags/example_branch_day_of_week_operator.py
[2022-08-25 00:18:46,903] {processor.py:641} INFO - Processing file /home/airflow/.local/lib/python3.7/site-packages/airflow/example_dags/example_branch_day_of_week_operator.py for tasks to queue
[2022-08-25 00:18:46,904] {logging_mixin.py:115} INFO - [2022-08-25 00:18:46,904] {dagbag.py:508} INFO - Filling up the DagBag from /home/airflow/.local/lib/python3.7/site-packages/airflow/example_dags/example_branch_day_of_week_operator.py
[2022-08-25 00:18:46,916] {processor.py:651} INFO - DAG(s) dict_keys(['example_weekday_branch_operator']) retrieved from /home/airflow/.local/lib/python3.7/site-packages/airflow/example_dags/example_branch_day_of_week_operator.py
[2022-08-25 00:18:46,953] {logging_mixin.py:115} INFO - [2022-08-25 00:18:46,953] {dag.py:2420} INFO - Sync 1 DAGs
[2022-08-25 00:18:46,992] {logging_mixin.py:115} INFO - [2022-08-25 00:18:46,992] {dag.py:2972} INFO - Setting next_dagrun for example_weekday_branch_operator to 2022-08-24T00:00:00+00:00, run_after=2022-08-25T00:00:00+00:00
[2022-08-25 00:18:47,010] {processor.py:161} INFO - Processing /home/airflow/.local/lib/python3.7/site-packages/airflow/example_dags/example_branch_day_of_week_operator.py took 0.111 seconds
[2022-08-25 00:19:17,343] {processor.py:153} INFO - Started process (PID=14567) to work on /home/airflow/.local/lib/python3.7/site-packages/airflow/example_dags/example_branch_day_of_week_operator.py
[2022-08-25 00:19:17,344] {processor.py:641} INFO - Processing file /home/airflow/.local/lib/python3.7/site-packages/airflow/example_dags/example_branch_day_of_week_operator.py for tasks to queue
[2022-08-25 00:19:17,345] {logging_mixin.py:115} INFO - [2022-08-25 00:19:17,345] {dagbag.py:508} INFO - Filling up the DagBag from /home/airflow/.local/lib/python3.7/site-packages/airflow/example_dags/example_branch_day_of_week_operator.py
[2022-08-25 00:19:17,355] {processor.py:651} INFO - DAG(s) dict_keys(['example_weekday_branch_operator']) retrieved from /home/airflow/.local/lib/python3.7/site-packages/airflow/example_dags/example_branch_day_of_week_operator.py
[2022-08-25 00:19:17,387] {logging_mixin.py:115} INFO - [2022-08-25 00:19:17,386] {dag.py:2420} INFO - Sync 1 DAGs
[2022-08-25 00:19:17,419] {logging_mixin.py:115} INFO - [2022-08-25 00:19:17,419] {dag.py:2972} INFO - Setting next_dagrun for example_weekday_branch_operator to 2022-08-24T00:00:00+00:00, run_after=2022-08-25T00:00:00+00:00
[2022-08-25 00:19:17,442] {processor.py:161} INFO - Processing /home/airflow/.local/lib/python3.7/site-packages/airflow/example_dags/example_branch_day_of_week_operator.py took 0.102 seconds
[2022-08-25 00:19:47,943] {processor.py:153} INFO - Started process (PID=14763) to work on /home/airflow/.local/lib/python3.7/site-packages/airflow/example_dags/example_branch_day_of_week_operator.py
[2022-08-25 00:19:47,944] {processor.py:641} INFO - Processing file /home/airflow/.local/lib/python3.7/site-packages/airflow/example_dags/example_branch_day_of_week_operator.py for tasks to queue
[2022-08-25 00:19:47,946] {logging_mixin.py:115} INFO - [2022-08-25 00:19:47,945] {dagbag.py:508} INFO - Filling up the DagBag from /home/airflow/.local/lib/python3.7/site-packages/airflow/example_dags/example_branch_day_of_week_operator.py
[2022-08-25 00:19:47,956] {processor.py:651} INFO - DAG(s) dict_keys(['example_weekday_branch_operator']) retrieved from /home/airflow/.local/lib/python3.7/site-packages/airflow/example_dags/example_branch_day_of_week_operator.py
[2022-08-25 00:19:47,996] {logging_mixin.py:115} INFO - [2022-08-25 00:19:47,995] {dag.py:2420} INFO - Sync 1 DAGs
[2022-08-25 00:19:48,038] {logging_mixin.py:115} INFO - [2022-08-25 00:19:48,037] {dag.py:2972} INFO - Setting next_dagrun for example_weekday_branch_operator to 2022-08-24T00:00:00+00:00, run_after=2022-08-25T00:00:00+00:00
[2022-08-25 00:19:48,066] {processor.py:161} INFO - Processing /home/airflow/.local/lib/python3.7/site-packages/airflow/example_dags/example_branch_day_of_week_operator.py took 0.126 seconds
[2022-08-25 00:20:18,533] {processor.py:153} INFO - Started process (PID=14964) to work on /home/airflow/.local/lib/python3.7/site-packages/airflow/example_dags/example_branch_day_of_week_operator.py
[2022-08-25 00:20:18,534] {processor.py:641} INFO - Processing file /home/airflow/.local/lib/python3.7/site-packages/airflow/example_dags/example_branch_day_of_week_operator.py for tasks to queue
[2022-08-25 00:20:18,535] {logging_mixin.py:115} INFO - [2022-08-25 00:20:18,535] {dagbag.py:508} INFO - Filling up the DagBag from /home/airflow/.local/lib/python3.7/site-packages/airflow/example_dags/example_branch_day_of_week_operator.py
[2022-08-25 00:20:18,544] {processor.py:651} INFO - DAG(s) dict_keys(['example_weekday_branch_operator']) retrieved from /home/airflow/.local/lib/python3.7/site-packages/airflow/example_dags/example_branch_day_of_week_operator.py
[2022-08-25 00:20:18,577] {logging_mixin.py:115} INFO - [2022-08-25 00:20:18,577] {dag.py:2420} INFO - Sync 1 DAGs
[2022-08-25 00:20:18,609] {logging_mixin.py:115} INFO - [2022-08-25 00:20:18,609] {dag.py:2972} INFO - Setting next_dagrun for example_weekday_branch_operator to 2022-08-24T00:00:00+00:00, run_after=2022-08-25T00:00:00+00:00
[2022-08-25 00:20:18,634] {processor.py:161} INFO - Processing /home/airflow/.local/lib/python3.7/site-packages/airflow/example_dags/example_branch_day_of_week_operator.py took 0.104 seconds
[2022-08-25 00:20:49,169] {processor.py:153} INFO - Started process (PID=15159) to work on /home/airflow/.local/lib/python3.7/site-packages/airflow/example_dags/example_branch_day_of_week_operator.py
[2022-08-25 00:20:49,170] {processor.py:641} INFO - Processing file /home/airflow/.local/lib/python3.7/site-packages/airflow/example_dags/example_branch_day_of_week_operator.py for tasks to queue
[2022-08-25 00:20:49,171] {logging_mixin.py:115} INFO - [2022-08-25 00:20:49,171] {dagbag.py:508} INFO - Filling up the DagBag from /home/airflow/.local/lib/python3.7/site-packages/airflow/example_dags/example_branch_day_of_week_operator.py
[2022-08-25 00:20:49,181] {processor.py:651} INFO - DAG(s) dict_keys(['example_weekday_branch_operator']) retrieved from /home/airflow/.local/lib/python3.7/site-packages/airflow/example_dags/example_branch_day_of_week_operator.py
[2022-08-25 00:20:49,213] {logging_mixin.py:115} INFO - [2022-08-25 00:20:49,213] {dag.py:2420} INFO - Sync 1 DAGs
[2022-08-25 00:20:49,241] {logging_mixin.py:115} INFO - [2022-08-25 00:20:49,241] {dag.py:2972} INFO - Setting next_dagrun for example_weekday_branch_operator to 2022-08-24T00:00:00+00:00, run_after=2022-08-25T00:00:00+00:00
[2022-08-25 00:20:49,259] {processor.py:161} INFO - Processing /home/airflow/.local/lib/python3.7/site-packages/airflow/example_dags/example_branch_day_of_week_operator.py took 0.094 seconds
[2022-08-25 00:21:19,822] {processor.py:153} INFO - Started process (PID=15364) to work on /home/airflow/.local/lib/python3.7/site-packages/airflow/example_dags/example_branch_day_of_week_operator.py
[2022-08-25 00:21:19,823] {processor.py:641} INFO - Processing file /home/airflow/.local/lib/python3.7/site-packages/airflow/example_dags/example_branch_day_of_week_operator.py for tasks to queue
[2022-08-25 00:21:19,824] {logging_mixin.py:115} INFO - [2022-08-25 00:21:19,823] {dagbag.py:508} INFO - Filling up the DagBag from /home/airflow/.local/lib/python3.7/site-packages/airflow/example_dags/example_branch_day_of_week_operator.py
[2022-08-25 00:21:19,837] {processor.py:651} INFO - DAG(s) dict_keys(['example_weekday_branch_operator']) retrieved from /home/airflow/.local/lib/python3.7/site-packages/airflow/example_dags/example_branch_day_of_week_operator.py
[2022-08-25 00:21:19,872] {logging_mixin.py:115} INFO - [2022-08-25 00:21:19,872] {dag.py:2420} INFO - Sync 1 DAGs
[2022-08-25 00:21:19,904] {logging_mixin.py:115} INFO - [2022-08-25 00:21:19,904] {dag.py:2972} INFO - Setting next_dagrun for example_weekday_branch_operator to 2022-08-24T00:00:00+00:00, run_after=2022-08-25T00:00:00+00:00
[2022-08-25 00:21:19,920] {processor.py:161} INFO - Processing /home/airflow/.local/lib/python3.7/site-packages/airflow/example_dags/example_branch_day_of_week_operator.py took 0.103 seconds
[2022-08-25 00:21:50,088] {processor.py:153} INFO - Started process (PID=15558) to work on /home/airflow/.local/lib/python3.7/site-packages/airflow/example_dags/example_branch_day_of_week_operator.py
[2022-08-25 00:21:50,089] {processor.py:641} INFO - Processing file /home/airflow/.local/lib/python3.7/site-packages/airflow/example_dags/example_branch_day_of_week_operator.py for tasks to queue
[2022-08-25 00:21:50,090] {logging_mixin.py:115} INFO - [2022-08-25 00:21:50,090] {dagbag.py:508} INFO - Filling up the DagBag from /home/airflow/.local/lib/python3.7/site-packages/airflow/example_dags/example_branch_day_of_week_operator.py
[2022-08-25 00:21:50,100] {processor.py:651} INFO - DAG(s) dict_keys(['example_weekday_branch_operator']) retrieved from /home/airflow/.local/lib/python3.7/site-packages/airflow/example_dags/example_branch_day_of_week_operator.py
[2022-08-25 00:21:50,137] {logging_mixin.py:115} INFO - [2022-08-25 00:21:50,137] {dag.py:2420} INFO - Sync 1 DAGs
[2022-08-25 00:21:50,164] {logging_mixin.py:115} INFO - [2022-08-25 00:21:50,164] {dag.py:2972} INFO - Setting next_dagrun for example_weekday_branch_operator to 2022-08-24T00:00:00+00:00, run_after=2022-08-25T00:00:00+00:00
[2022-08-25 00:21:50,182] {processor.py:161} INFO - Processing /home/airflow/.local/lib/python3.7/site-packages/airflow/example_dags/example_branch_day_of_week_operator.py took 0.098 seconds
[2022-08-25 00:22:20,331] {processor.py:153} INFO - Started process (PID=15761) to work on /home/airflow/.local/lib/python3.7/site-packages/airflow/example_dags/example_branch_day_of_week_operator.py
[2022-08-25 00:22:20,332] {processor.py:641} INFO - Processing file /home/airflow/.local/lib/python3.7/site-packages/airflow/example_dags/example_branch_day_of_week_operator.py for tasks to queue
[2022-08-25 00:22:20,333] {logging_mixin.py:115} INFO - [2022-08-25 00:22:20,333] {dagbag.py:508} INFO - Filling up the DagBag from /home/airflow/.local/lib/python3.7/site-packages/airflow/example_dags/example_branch_day_of_week_operator.py
[2022-08-25 00:22:20,343] {processor.py:651} INFO - DAG(s) dict_keys(['example_weekday_branch_operator']) retrieved from /home/airflow/.local/lib/python3.7/site-packages/airflow/example_dags/example_branch_day_of_week_operator.py
[2022-08-25 00:22:20,378] {logging_mixin.py:115} INFO - [2022-08-25 00:22:20,378] {dag.py:2420} INFO - Sync 1 DAGs
[2022-08-25 00:22:20,411] {logging_mixin.py:115} INFO - [2022-08-25 00:22:20,411] {dag.py:2972} INFO - Setting next_dagrun for example_weekday_branch_operator to 2022-08-24T00:00:00+00:00, run_after=2022-08-25T00:00:00+00:00
[2022-08-25 00:22:20,426] {processor.py:161} INFO - Processing /home/airflow/.local/lib/python3.7/site-packages/airflow/example_dags/example_branch_day_of_week_operator.py took 0.099 seconds
[2022-08-25 00:22:50,638] {processor.py:153} INFO - Started process (PID=15955) to work on /home/airflow/.local/lib/python3.7/site-packages/airflow/example_dags/example_branch_day_of_week_operator.py
[2022-08-25 00:22:50,639] {processor.py:641} INFO - Processing file /home/airflow/.local/lib/python3.7/site-packages/airflow/example_dags/example_branch_day_of_week_operator.py for tasks to queue
[2022-08-25 00:22:50,640] {logging_mixin.py:115} INFO - [2022-08-25 00:22:50,640] {dagbag.py:508} INFO - Filling up the DagBag from /home/airflow/.local/lib/python3.7/site-packages/airflow/example_dags/example_branch_day_of_week_operator.py
[2022-08-25 00:22:50,649] {processor.py:651} INFO - DAG(s) dict_keys(['example_weekday_branch_operator']) retrieved from /home/airflow/.local/lib/python3.7/site-packages/airflow/example_dags/example_branch_day_of_week_operator.py
[2022-08-25 00:22:50,679] {logging_mixin.py:115} INFO - [2022-08-25 00:22:50,679] {dag.py:2420} INFO - Sync 1 DAGs
[2022-08-25 00:22:50,710] {logging_mixin.py:115} INFO - [2022-08-25 00:22:50,710] {dag.py:2972} INFO - Setting next_dagrun for example_weekday_branch_operator to 2022-08-24T00:00:00+00:00, run_after=2022-08-25T00:00:00+00:00
[2022-08-25 00:22:50,736] {processor.py:161} INFO - Processing /home/airflow/.local/lib/python3.7/site-packages/airflow/example_dags/example_branch_day_of_week_operator.py took 0.102 seconds
[2022-08-25 00:23:21,061] {processor.py:153} INFO - Started process (PID=16156) to work on /home/airflow/.local/lib/python3.7/site-packages/airflow/example_dags/example_branch_day_of_week_operator.py
[2022-08-25 00:23:21,062] {processor.py:641} INFO - Processing file /home/airflow/.local/lib/python3.7/site-packages/airflow/example_dags/example_branch_day_of_week_operator.py for tasks to queue
[2022-08-25 00:23:21,063] {logging_mixin.py:115} INFO - [2022-08-25 00:23:21,063] {dagbag.py:508} INFO - Filling up the DagBag from /home/airflow/.local/lib/python3.7/site-packages/airflow/example_dags/example_branch_day_of_week_operator.py
[2022-08-25 00:23:21,073] {processor.py:651} INFO - DAG(s) dict_keys(['example_weekday_branch_operator']) retrieved from /home/airflow/.local/lib/python3.7/site-packages/airflow/example_dags/example_branch_day_of_week_operator.py
[2022-08-25 00:23:21,107] {logging_mixin.py:115} INFO - [2022-08-25 00:23:21,107] {dag.py:2420} INFO - Sync 1 DAGs
[2022-08-25 00:23:21,140] {logging_mixin.py:115} INFO - [2022-08-25 00:23:21,140] {dag.py:2972} INFO - Setting next_dagrun for example_weekday_branch_operator to 2022-08-24T00:00:00+00:00, run_after=2022-08-25T00:00:00+00:00
[2022-08-25 00:23:21,157] {processor.py:161} INFO - Processing /home/airflow/.local/lib/python3.7/site-packages/airflow/example_dags/example_branch_day_of_week_operator.py took 0.099 seconds
[2022-08-25 00:23:52,033] {processor.py:153} INFO - Started process (PID=16350) to work on /home/airflow/.local/lib/python3.7/site-packages/airflow/example_dags/example_branch_day_of_week_operator.py
[2022-08-25 00:23:52,034] {processor.py:641} INFO - Processing file /home/airflow/.local/lib/python3.7/site-packages/airflow/example_dags/example_branch_day_of_week_operator.py for tasks to queue
[2022-08-25 00:23:52,035] {logging_mixin.py:115} INFO - [2022-08-25 00:23:52,035] {dagbag.py:508} INFO - Filling up the DagBag from /home/airflow/.local/lib/python3.7/site-packages/airflow/example_dags/example_branch_day_of_week_operator.py
[2022-08-25 00:23:52,045] {processor.py:651} INFO - DAG(s) dict_keys(['example_weekday_branch_operator']) retrieved from /home/airflow/.local/lib/python3.7/site-packages/airflow/example_dags/example_branch_day_of_week_operator.py
[2022-08-25 00:23:52,078] {logging_mixin.py:115} INFO - [2022-08-25 00:23:52,078] {dag.py:2420} INFO - Sync 1 DAGs
[2022-08-25 00:23:52,120] {logging_mixin.py:115} INFO - [2022-08-25 00:23:52,119] {dag.py:2972} INFO - Setting next_dagrun for example_weekday_branch_operator to 2022-08-24T00:00:00+00:00, run_after=2022-08-25T00:00:00+00:00
[2022-08-25 00:23:52,139] {processor.py:161} INFO - Processing /home/airflow/.local/lib/python3.7/site-packages/airflow/example_dags/example_branch_day_of_week_operator.py took 0.109 seconds
[2022-08-25 00:24:22,712] {processor.py:153} INFO - Started process (PID=16553) to work on /home/airflow/.local/lib/python3.7/site-packages/airflow/example_dags/example_branch_day_of_week_operator.py
[2022-08-25 00:24:22,713] {processor.py:641} INFO - Processing file /home/airflow/.local/lib/python3.7/site-packages/airflow/example_dags/example_branch_day_of_week_operator.py for tasks to queue
[2022-08-25 00:24:22,714] {logging_mixin.py:115} INFO - [2022-08-25 00:24:22,714] {dagbag.py:508} INFO - Filling up the DagBag from /home/airflow/.local/lib/python3.7/site-packages/airflow/example_dags/example_branch_day_of_week_operator.py
[2022-08-25 00:24:22,726] {processor.py:651} INFO - DAG(s) dict_keys(['example_weekday_branch_operator']) retrieved from /home/airflow/.local/lib/python3.7/site-packages/airflow/example_dags/example_branch_day_of_week_operator.py
[2022-08-25 00:24:22,763] {logging_mixin.py:115} INFO - [2022-08-25 00:24:22,762] {dag.py:2420} INFO - Sync 1 DAGs
[2022-08-25 00:24:22,796] {logging_mixin.py:115} INFO - [2022-08-25 00:24:22,796] {dag.py:2972} INFO - Setting next_dagrun for example_weekday_branch_operator to 2022-08-24T00:00:00+00:00, run_after=2022-08-25T00:00:00+00:00
[2022-08-25 00:24:22,813] {processor.py:161} INFO - Processing /home/airflow/.local/lib/python3.7/site-packages/airflow/example_dags/example_branch_day_of_week_operator.py took 0.105 seconds
[2022-08-25 00:24:53,241] {processor.py:153} INFO - Started process (PID=16748) to work on /home/airflow/.local/lib/python3.7/site-packages/airflow/example_dags/example_branch_day_of_week_operator.py
[2022-08-25 00:24:53,241] {processor.py:641} INFO - Processing file /home/airflow/.local/lib/python3.7/site-packages/airflow/example_dags/example_branch_day_of_week_operator.py for tasks to queue
[2022-08-25 00:24:53,242] {logging_mixin.py:115} INFO - [2022-08-25 00:24:53,242] {dagbag.py:508} INFO - Filling up the DagBag from /home/airflow/.local/lib/python3.7/site-packages/airflow/example_dags/example_branch_day_of_week_operator.py
[2022-08-25 00:24:53,253] {processor.py:651} INFO - DAG(s) dict_keys(['example_weekday_branch_operator']) retrieved from /home/airflow/.local/lib/python3.7/site-packages/airflow/example_dags/example_branch_day_of_week_operator.py
[2022-08-25 00:24:53,290] {logging_mixin.py:115} INFO - [2022-08-25 00:24:53,290] {dag.py:2420} INFO - Sync 1 DAGs
[2022-08-25 00:24:53,328] {logging_mixin.py:115} INFO - [2022-08-25 00:24:53,328] {dag.py:2972} INFO - Setting next_dagrun for example_weekday_branch_operator to 2022-08-24T00:00:00+00:00, run_after=2022-08-25T00:00:00+00:00
[2022-08-25 00:24:53,345] {processor.py:161} INFO - Processing /home/airflow/.local/lib/python3.7/site-packages/airflow/example_dags/example_branch_day_of_week_operator.py took 0.107 seconds
[2022-08-25 00:25:23,758] {processor.py:153} INFO - Started process (PID=16951) to work on /home/airflow/.local/lib/python3.7/site-packages/airflow/example_dags/example_branch_day_of_week_operator.py
[2022-08-25 00:25:23,759] {processor.py:641} INFO - Processing file /home/airflow/.local/lib/python3.7/site-packages/airflow/example_dags/example_branch_day_of_week_operator.py for tasks to queue
[2022-08-25 00:25:23,760] {logging_mixin.py:115} INFO - [2022-08-25 00:25:23,760] {dagbag.py:508} INFO - Filling up the DagBag from /home/airflow/.local/lib/python3.7/site-packages/airflow/example_dags/example_branch_day_of_week_operator.py
[2022-08-25 00:25:23,772] {processor.py:651} INFO - DAG(s) dict_keys(['example_weekday_branch_operator']) retrieved from /home/airflow/.local/lib/python3.7/site-packages/airflow/example_dags/example_branch_day_of_week_operator.py
[2022-08-25 00:25:23,805] {logging_mixin.py:115} INFO - [2022-08-25 00:25:23,805] {dag.py:2420} INFO - Sync 1 DAGs
[2022-08-25 00:25:23,847] {logging_mixin.py:115} INFO - [2022-08-25 00:25:23,847] {dag.py:2972} INFO - Setting next_dagrun for example_weekday_branch_operator to 2022-08-24T00:00:00+00:00, run_after=2022-08-25T00:00:00+00:00
[2022-08-25 00:25:23,867] {processor.py:161} INFO - Processing /home/airflow/.local/lib/python3.7/site-packages/airflow/example_dags/example_branch_day_of_week_operator.py took 0.112 seconds
[2022-08-25 00:25:54,176] {processor.py:153} INFO - Started process (PID=17145) to work on /home/airflow/.local/lib/python3.7/site-packages/airflow/example_dags/example_branch_day_of_week_operator.py
[2022-08-25 00:25:54,177] {processor.py:641} INFO - Processing file /home/airflow/.local/lib/python3.7/site-packages/airflow/example_dags/example_branch_day_of_week_operator.py for tasks to queue
[2022-08-25 00:25:54,178] {logging_mixin.py:115} INFO - [2022-08-25 00:25:54,178] {dagbag.py:508} INFO - Filling up the DagBag from /home/airflow/.local/lib/python3.7/site-packages/airflow/example_dags/example_branch_day_of_week_operator.py
[2022-08-25 00:25:54,188] {processor.py:651} INFO - DAG(s) dict_keys(['example_weekday_branch_operator']) retrieved from /home/airflow/.local/lib/python3.7/site-packages/airflow/example_dags/example_branch_day_of_week_operator.py
[2022-08-25 00:25:54,222] {logging_mixin.py:115} INFO - [2022-08-25 00:25:54,222] {dag.py:2420} INFO - Sync 1 DAGs
[2022-08-25 00:25:54,258] {logging_mixin.py:115} INFO - [2022-08-25 00:25:54,257] {dag.py:2972} INFO - Setting next_dagrun for example_weekday_branch_operator to 2022-08-24T00:00:00+00:00, run_after=2022-08-25T00:00:00+00:00
[2022-08-25 00:25:54,274] {processor.py:161} INFO - Processing /home/airflow/.local/lib/python3.7/site-packages/airflow/example_dags/example_branch_day_of_week_operator.py took 0.102 seconds
[2022-08-25 00:26:24,881] {processor.py:153} INFO - Started process (PID=17348) to work on /home/airflow/.local/lib/python3.7/site-packages/airflow/example_dags/example_branch_day_of_week_operator.py
[2022-08-25 00:26:24,882] {processor.py:641} INFO - Processing file /home/airflow/.local/lib/python3.7/site-packages/airflow/example_dags/example_branch_day_of_week_operator.py for tasks to queue
[2022-08-25 00:26:24,883] {logging_mixin.py:115} INFO - [2022-08-25 00:26:24,883] {dagbag.py:508} INFO - Filling up the DagBag from /home/airflow/.local/lib/python3.7/site-packages/airflow/example_dags/example_branch_day_of_week_operator.py
[2022-08-25 00:26:24,893] {processor.py:651} INFO - DAG(s) dict_keys(['example_weekday_branch_operator']) retrieved from /home/airflow/.local/lib/python3.7/site-packages/airflow/example_dags/example_branch_day_of_week_operator.py
[2022-08-25 00:26:24,930] {logging_mixin.py:115} INFO - [2022-08-25 00:26:24,930] {dag.py:2420} INFO - Sync 1 DAGs
[2022-08-25 00:26:24,963] {logging_mixin.py:115} INFO - [2022-08-25 00:26:24,963] {dag.py:2972} INFO - Setting next_dagrun for example_weekday_branch_operator to 2022-08-24T00:00:00+00:00, run_after=2022-08-25T00:00:00+00:00
[2022-08-25 00:26:24,980] {processor.py:161} INFO - Processing /home/airflow/.local/lib/python3.7/site-packages/airflow/example_dags/example_branch_day_of_week_operator.py took 0.102 seconds
[2022-08-25 00:26:55,330] {processor.py:153} INFO - Started process (PID=17542) to work on /home/airflow/.local/lib/python3.7/site-packages/airflow/example_dags/example_branch_day_of_week_operator.py
[2022-08-25 00:26:55,331] {processor.py:641} INFO - Processing file /home/airflow/.local/lib/python3.7/site-packages/airflow/example_dags/example_branch_day_of_week_operator.py for tasks to queue
[2022-08-25 00:26:55,331] {logging_mixin.py:115} INFO - [2022-08-25 00:26:55,331] {dagbag.py:508} INFO - Filling up the DagBag from /home/airflow/.local/lib/python3.7/site-packages/airflow/example_dags/example_branch_day_of_week_operator.py
[2022-08-25 00:26:55,343] {processor.py:651} INFO - DAG(s) dict_keys(['example_weekday_branch_operator']) retrieved from /home/airflow/.local/lib/python3.7/site-packages/airflow/example_dags/example_branch_day_of_week_operator.py
[2022-08-25 00:26:55,379] {logging_mixin.py:115} INFO - [2022-08-25 00:26:55,379] {dag.py:2420} INFO - Sync 1 DAGs
[2022-08-25 00:26:55,414] {logging_mixin.py:115} INFO - [2022-08-25 00:26:55,414] {dag.py:2972} INFO - Setting next_dagrun for example_weekday_branch_operator to 2022-08-24T00:00:00+00:00, run_after=2022-08-25T00:00:00+00:00
[2022-08-25 00:26:55,432] {processor.py:161} INFO - Processing /home/airflow/.local/lib/python3.7/site-packages/airflow/example_dags/example_branch_day_of_week_operator.py took 0.106 seconds
[2022-08-25 00:27:26,039] {processor.py:153} INFO - Started process (PID=17745) to work on /home/airflow/.local/lib/python3.7/site-packages/airflow/example_dags/example_branch_day_of_week_operator.py
[2022-08-25 00:27:26,040] {processor.py:641} INFO - Processing file /home/airflow/.local/lib/python3.7/site-packages/airflow/example_dags/example_branch_day_of_week_operator.py for tasks to queue
[2022-08-25 00:27:26,041] {logging_mixin.py:115} INFO - [2022-08-25 00:27:26,040] {dagbag.py:508} INFO - Filling up the DagBag from /home/airflow/.local/lib/python3.7/site-packages/airflow/example_dags/example_branch_day_of_week_operator.py
[2022-08-25 00:27:26,052] {processor.py:651} INFO - DAG(s) dict_keys(['example_weekday_branch_operator']) retrieved from /home/airflow/.local/lib/python3.7/site-packages/airflow/example_dags/example_branch_day_of_week_operator.py
[2022-08-25 00:27:26,084] {logging_mixin.py:115} INFO - [2022-08-25 00:27:26,083] {dag.py:2420} INFO - Sync 1 DAGs
[2022-08-25 00:27:26,117] {logging_mixin.py:115} INFO - [2022-08-25 00:27:26,117] {dag.py:2972} INFO - Setting next_dagrun for example_weekday_branch_operator to 2022-08-24T00:00:00+00:00, run_after=2022-08-25T00:00:00+00:00
[2022-08-25 00:27:26,137] {processor.py:161} INFO - Processing /home/airflow/.local/lib/python3.7/site-packages/airflow/example_dags/example_branch_day_of_week_operator.py took 0.101 seconds
[2022-08-25 00:27:56,773] {processor.py:153} INFO - Started process (PID=17946) to work on /home/airflow/.local/lib/python3.7/site-packages/airflow/example_dags/example_branch_day_of_week_operator.py
[2022-08-25 00:27:56,774] {processor.py:641} INFO - Processing file /home/airflow/.local/lib/python3.7/site-packages/airflow/example_dags/example_branch_day_of_week_operator.py for tasks to queue
[2022-08-25 00:27:56,775] {logging_mixin.py:115} INFO - [2022-08-25 00:27:56,775] {dagbag.py:508} INFO - Filling up the DagBag from /home/airflow/.local/lib/python3.7/site-packages/airflow/example_dags/example_branch_day_of_week_operator.py
[2022-08-25 00:27:56,790] {processor.py:651} INFO - DAG(s) dict_keys(['example_weekday_branch_operator']) retrieved from /home/airflow/.local/lib/python3.7/site-packages/airflow/example_dags/example_branch_day_of_week_operator.py
[2022-08-25 00:27:56,824] {logging_mixin.py:115} INFO - [2022-08-25 00:27:56,824] {dag.py:2420} INFO - Sync 1 DAGs
[2022-08-25 00:27:56,863] {logging_mixin.py:115} INFO - [2022-08-25 00:27:56,863] {dag.py:2972} INFO - Setting next_dagrun for example_weekday_branch_operator to 2022-08-24T00:00:00+00:00, run_after=2022-08-25T00:00:00+00:00
[2022-08-25 00:27:56,884] {processor.py:161} INFO - Processing /home/airflow/.local/lib/python3.7/site-packages/airflow/example_dags/example_branch_day_of_week_operator.py took 0.116 seconds
[2022-08-25 00:28:27,189] {processor.py:153} INFO - Started process (PID=18142) to work on /home/airflow/.local/lib/python3.7/site-packages/airflow/example_dags/example_branch_day_of_week_operator.py
[2022-08-25 00:28:27,190] {processor.py:641} INFO - Processing file /home/airflow/.local/lib/python3.7/site-packages/airflow/example_dags/example_branch_day_of_week_operator.py for tasks to queue
[2022-08-25 00:28:27,191] {logging_mixin.py:115} INFO - [2022-08-25 00:28:27,191] {dagbag.py:508} INFO - Filling up the DagBag from /home/airflow/.local/lib/python3.7/site-packages/airflow/example_dags/example_branch_day_of_week_operator.py
[2022-08-25 00:28:27,202] {processor.py:651} INFO - DAG(s) dict_keys(['example_weekday_branch_operator']) retrieved from /home/airflow/.local/lib/python3.7/site-packages/airflow/example_dags/example_branch_day_of_week_operator.py
[2022-08-25 00:28:27,236] {logging_mixin.py:115} INFO - [2022-08-25 00:28:27,236] {dag.py:2420} INFO - Sync 1 DAGs
[2022-08-25 00:28:27,270] {logging_mixin.py:115} INFO - [2022-08-25 00:28:27,270] {dag.py:2972} INFO - Setting next_dagrun for example_weekday_branch_operator to 2022-08-24T00:00:00+00:00, run_after=2022-08-25T00:00:00+00:00
[2022-08-25 00:28:27,286] {processor.py:161} INFO - Processing /home/airflow/.local/lib/python3.7/site-packages/airflow/example_dags/example_branch_day_of_week_operator.py took 0.100 seconds
[2022-08-25 00:28:58,081] {processor.py:153} INFO - Started process (PID=18345) to work on /home/airflow/.local/lib/python3.7/site-packages/airflow/example_dags/example_branch_day_of_week_operator.py
[2022-08-25 00:28:58,082] {processor.py:641} INFO - Processing file /home/airflow/.local/lib/python3.7/site-packages/airflow/example_dags/example_branch_day_of_week_operator.py for tasks to queue
[2022-08-25 00:28:58,084] {logging_mixin.py:115} INFO - [2022-08-25 00:28:58,084] {dagbag.py:508} INFO - Filling up the DagBag from /home/airflow/.local/lib/python3.7/site-packages/airflow/example_dags/example_branch_day_of_week_operator.py
[2022-08-25 00:28:58,101] {processor.py:651} INFO - DAG(s) dict_keys(['example_weekday_branch_operator']) retrieved from /home/airflow/.local/lib/python3.7/site-packages/airflow/example_dags/example_branch_day_of_week_operator.py
[2022-08-25 00:28:58,136] {logging_mixin.py:115} INFO - [2022-08-25 00:28:58,136] {dag.py:2420} INFO - Sync 1 DAGs
[2022-08-25 00:28:58,171] {logging_mixin.py:115} INFO - [2022-08-25 00:28:58,171] {dag.py:2972} INFO - Setting next_dagrun for example_weekday_branch_operator to 2022-08-24T00:00:00+00:00, run_after=2022-08-25T00:00:00+00:00
[2022-08-25 00:28:58,189] {processor.py:161} INFO - Processing /home/airflow/.local/lib/python3.7/site-packages/airflow/example_dags/example_branch_day_of_week_operator.py took 0.114 seconds
[2022-08-25 00:29:28,319] {processor.py:153} INFO - Started process (PID=18539) to work on /home/airflow/.local/lib/python3.7/site-packages/airflow/example_dags/example_branch_day_of_week_operator.py
[2022-08-25 00:29:28,320] {processor.py:641} INFO - Processing file /home/airflow/.local/lib/python3.7/site-packages/airflow/example_dags/example_branch_day_of_week_operator.py for tasks to queue
[2022-08-25 00:29:28,320] {logging_mixin.py:115} INFO - [2022-08-25 00:29:28,320] {dagbag.py:508} INFO - Filling up the DagBag from /home/airflow/.local/lib/python3.7/site-packages/airflow/example_dags/example_branch_day_of_week_operator.py
[2022-08-25 00:29:28,331] {processor.py:651} INFO - DAG(s) dict_keys(['example_weekday_branch_operator']) retrieved from /home/airflow/.local/lib/python3.7/site-packages/airflow/example_dags/example_branch_day_of_week_operator.py
[2022-08-25 00:29:28,366] {logging_mixin.py:115} INFO - [2022-08-25 00:29:28,366] {dag.py:2420} INFO - Sync 1 DAGs
[2022-08-25 00:29:28,399] {logging_mixin.py:115} INFO - [2022-08-25 00:29:28,399] {dag.py:2972} INFO - Setting next_dagrun for example_weekday_branch_operator to 2022-08-24T00:00:00+00:00, run_after=2022-08-25T00:00:00+00:00
[2022-08-25 00:29:28,416] {processor.py:161} INFO - Processing /home/airflow/.local/lib/python3.7/site-packages/airflow/example_dags/example_branch_day_of_week_operator.py took 0.100 seconds
[2022-08-25 00:29:58,908] {processor.py:153} INFO - Started process (PID=18740) to work on /home/airflow/.local/lib/python3.7/site-packages/airflow/example_dags/example_branch_day_of_week_operator.py
[2022-08-25 00:29:58,909] {processor.py:641} INFO - Processing file /home/airflow/.local/lib/python3.7/site-packages/airflow/example_dags/example_branch_day_of_week_operator.py for tasks to queue
[2022-08-25 00:29:58,910] {logging_mixin.py:115} INFO - [2022-08-25 00:29:58,909] {dagbag.py:508} INFO - Filling up the DagBag from /home/airflow/.local/lib/python3.7/site-packages/airflow/example_dags/example_branch_day_of_week_operator.py
[2022-08-25 00:29:58,919] {processor.py:651} INFO - DAG(s) dict_keys(['example_weekday_branch_operator']) retrieved from /home/airflow/.local/lib/python3.7/site-packages/airflow/example_dags/example_branch_day_of_week_operator.py
[2022-08-25 00:29:58,956] {logging_mixin.py:115} INFO - [2022-08-25 00:29:58,956] {dag.py:2420} INFO - Sync 1 DAGs
[2022-08-25 00:29:58,999] {logging_mixin.py:115} INFO - [2022-08-25 00:29:58,998] {dag.py:2972} INFO - Setting next_dagrun for example_weekday_branch_operator to 2022-08-24T00:00:00+00:00, run_after=2022-08-25T00:00:00+00:00
[2022-08-25 00:29:59,018] {processor.py:161} INFO - Processing /home/airflow/.local/lib/python3.7/site-packages/airflow/example_dags/example_branch_day_of_week_operator.py took 0.114 seconds
[2022-08-25 00:30:29,475] {processor.py:153} INFO - Started process (PID=18936) to work on /home/airflow/.local/lib/python3.7/site-packages/airflow/example_dags/example_branch_day_of_week_operator.py
[2022-08-25 00:30:29,476] {processor.py:641} INFO - Processing file /home/airflow/.local/lib/python3.7/site-packages/airflow/example_dags/example_branch_day_of_week_operator.py for tasks to queue
[2022-08-25 00:30:29,477] {logging_mixin.py:115} INFO - [2022-08-25 00:30:29,477] {dagbag.py:508} INFO - Filling up the DagBag from /home/airflow/.local/lib/python3.7/site-packages/airflow/example_dags/example_branch_day_of_week_operator.py
[2022-08-25 00:30:29,487] {processor.py:651} INFO - DAG(s) dict_keys(['example_weekday_branch_operator']) retrieved from /home/airflow/.local/lib/python3.7/site-packages/airflow/example_dags/example_branch_day_of_week_operator.py
[2022-08-25 00:30:29,523] {logging_mixin.py:115} INFO - [2022-08-25 00:30:29,522] {dag.py:2420} INFO - Sync 1 DAGs
[2022-08-25 00:30:29,562] {logging_mixin.py:115} INFO - [2022-08-25 00:30:29,562] {dag.py:2972} INFO - Setting next_dagrun for example_weekday_branch_operator to 2022-08-24T00:00:00+00:00, run_after=2022-08-25T00:00:00+00:00
[2022-08-25 00:30:29,578] {processor.py:161} INFO - Processing /home/airflow/.local/lib/python3.7/site-packages/airflow/example_dags/example_branch_day_of_week_operator.py took 0.106 seconds
[2022-08-25 00:30:59,917] {processor.py:153} INFO - Started process (PID=19137) to work on /home/airflow/.local/lib/python3.7/site-packages/airflow/example_dags/example_branch_day_of_week_operator.py
[2022-08-25 00:30:59,918] {processor.py:641} INFO - Processing file /home/airflow/.local/lib/python3.7/site-packages/airflow/example_dags/example_branch_day_of_week_operator.py for tasks to queue
[2022-08-25 00:30:59,919] {logging_mixin.py:115} INFO - [2022-08-25 00:30:59,919] {dagbag.py:508} INFO - Filling up the DagBag from /home/airflow/.local/lib/python3.7/site-packages/airflow/example_dags/example_branch_day_of_week_operator.py
[2022-08-25 00:30:59,929] {processor.py:651} INFO - DAG(s) dict_keys(['example_weekday_branch_operator']) retrieved from /home/airflow/.local/lib/python3.7/site-packages/airflow/example_dags/example_branch_day_of_week_operator.py
[2022-08-25 00:30:59,967] {logging_mixin.py:115} INFO - [2022-08-25 00:30:59,967] {dag.py:2420} INFO - Sync 1 DAGs
[2022-08-25 00:31:00,014] {logging_mixin.py:115} INFO - [2022-08-25 00:31:00,014] {dag.py:2972} INFO - Setting next_dagrun for example_weekday_branch_operator to 2022-08-24T00:00:00+00:00, run_after=2022-08-25T00:00:00+00:00
[2022-08-25 00:31:00,035] {processor.py:161} INFO - Processing /home/airflow/.local/lib/python3.7/site-packages/airflow/example_dags/example_branch_day_of_week_operator.py took 0.122 seconds
[2022-08-25 00:31:30,511] {processor.py:153} INFO - Started process (PID=19333) to work on /home/airflow/.local/lib/python3.7/site-packages/airflow/example_dags/example_branch_day_of_week_operator.py
[2022-08-25 00:31:30,512] {processor.py:641} INFO - Processing file /home/airflow/.local/lib/python3.7/site-packages/airflow/example_dags/example_branch_day_of_week_operator.py for tasks to queue
[2022-08-25 00:31:30,513] {logging_mixin.py:115} INFO - [2022-08-25 00:31:30,513] {dagbag.py:508} INFO - Filling up the DagBag from /home/airflow/.local/lib/python3.7/site-packages/airflow/example_dags/example_branch_day_of_week_operator.py
[2022-08-25 00:31:30,525] {processor.py:651} INFO - DAG(s) dict_keys(['example_weekday_branch_operator']) retrieved from /home/airflow/.local/lib/python3.7/site-packages/airflow/example_dags/example_branch_day_of_week_operator.py
[2022-08-25 00:31:30,555] {logging_mixin.py:115} INFO - [2022-08-25 00:31:30,555] {dag.py:2420} INFO - Sync 1 DAGs
[2022-08-25 00:31:30,591] {logging_mixin.py:115} INFO - [2022-08-25 00:31:30,590] {dag.py:2972} INFO - Setting next_dagrun for example_weekday_branch_operator to 2022-08-24T00:00:00+00:00, run_after=2022-08-25T00:00:00+00:00
[2022-08-25 00:31:30,611] {processor.py:161} INFO - Processing /home/airflow/.local/lib/python3.7/site-packages/airflow/example_dags/example_branch_day_of_week_operator.py took 0.103 seconds
[2022-08-25 00:32:00,974] {processor.py:153} INFO - Started process (PID=19536) to work on /home/airflow/.local/lib/python3.7/site-packages/airflow/example_dags/example_branch_day_of_week_operator.py
[2022-08-25 00:32:00,975] {processor.py:641} INFO - Processing file /home/airflow/.local/lib/python3.7/site-packages/airflow/example_dags/example_branch_day_of_week_operator.py for tasks to queue
[2022-08-25 00:32:00,976] {logging_mixin.py:115} INFO - [2022-08-25 00:32:00,976] {dagbag.py:508} INFO - Filling up the DagBag from /home/airflow/.local/lib/python3.7/site-packages/airflow/example_dags/example_branch_day_of_week_operator.py
[2022-08-25 00:32:00,987] {processor.py:651} INFO - DAG(s) dict_keys(['example_weekday_branch_operator']) retrieved from /home/airflow/.local/lib/python3.7/site-packages/airflow/example_dags/example_branch_day_of_week_operator.py
[2022-08-25 00:32:01,019] {logging_mixin.py:115} INFO - [2022-08-25 00:32:01,019] {dag.py:2420} INFO - Sync 1 DAGs
[2022-08-25 00:32:01,055] {logging_mixin.py:115} INFO - [2022-08-25 00:32:01,054] {dag.py:2972} INFO - Setting next_dagrun for example_weekday_branch_operator to 2022-08-24T00:00:00+00:00, run_after=2022-08-25T00:00:00+00:00
[2022-08-25 00:32:01,076] {processor.py:161} INFO - Processing /home/airflow/.local/lib/python3.7/site-packages/airflow/example_dags/example_branch_day_of_week_operator.py took 0.106 seconds
[2022-08-25 00:32:31,411] {processor.py:153} INFO - Started process (PID=19730) to work on /home/airflow/.local/lib/python3.7/site-packages/airflow/example_dags/example_branch_day_of_week_operator.py
[2022-08-25 00:32:31,411] {processor.py:641} INFO - Processing file /home/airflow/.local/lib/python3.7/site-packages/airflow/example_dags/example_branch_day_of_week_operator.py for tasks to queue
[2022-08-25 00:32:31,412] {logging_mixin.py:115} INFO - [2022-08-25 00:32:31,412] {dagbag.py:508} INFO - Filling up the DagBag from /home/airflow/.local/lib/python3.7/site-packages/airflow/example_dags/example_branch_day_of_week_operator.py
[2022-08-25 00:32:31,425] {processor.py:651} INFO - DAG(s) dict_keys(['example_weekday_branch_operator']) retrieved from /home/airflow/.local/lib/python3.7/site-packages/airflow/example_dags/example_branch_day_of_week_operator.py
[2022-08-25 00:32:31,455] {logging_mixin.py:115} INFO - [2022-08-25 00:32:31,455] {dag.py:2420} INFO - Sync 1 DAGs
[2022-08-25 00:32:31,487] {logging_mixin.py:115} INFO - [2022-08-25 00:32:31,487] {dag.py:2972} INFO - Setting next_dagrun for example_weekday_branch_operator to 2022-08-24T00:00:00+00:00, run_after=2022-08-25T00:00:00+00:00
[2022-08-25 00:32:31,511] {processor.py:161} INFO - Processing /home/airflow/.local/lib/python3.7/site-packages/airflow/example_dags/example_branch_day_of_week_operator.py took 0.104 seconds
[2022-08-25 00:33:02,041] {processor.py:153} INFO - Started process (PID=19934) to work on /home/airflow/.local/lib/python3.7/site-packages/airflow/example_dags/example_branch_day_of_week_operator.py
[2022-08-25 00:33:02,043] {processor.py:641} INFO - Processing file /home/airflow/.local/lib/python3.7/site-packages/airflow/example_dags/example_branch_day_of_week_operator.py for tasks to queue
[2022-08-25 00:33:02,044] {logging_mixin.py:115} INFO - [2022-08-25 00:33:02,043] {dagbag.py:508} INFO - Filling up the DagBag from /home/airflow/.local/lib/python3.7/site-packages/airflow/example_dags/example_branch_day_of_week_operator.py
[2022-08-25 00:33:02,055] {processor.py:651} INFO - DAG(s) dict_keys(['example_weekday_branch_operator']) retrieved from /home/airflow/.local/lib/python3.7/site-packages/airflow/example_dags/example_branch_day_of_week_operator.py
[2022-08-25 00:33:02,101] {logging_mixin.py:115} INFO - [2022-08-25 00:33:02,101] {dag.py:2420} INFO - Sync 1 DAGs
[2022-08-25 00:33:02,140] {logging_mixin.py:115} INFO - [2022-08-25 00:33:02,139] {dag.py:2972} INFO - Setting next_dagrun for example_weekday_branch_operator to 2022-08-24T00:00:00+00:00, run_after=2022-08-25T00:00:00+00:00
[2022-08-25 00:33:02,160] {processor.py:161} INFO - Processing /home/airflow/.local/lib/python3.7/site-packages/airflow/example_dags/example_branch_day_of_week_operator.py took 0.123 seconds
[2022-08-25 00:33:32,599] {processor.py:153} INFO - Started process (PID=20128) to work on /home/airflow/.local/lib/python3.7/site-packages/airflow/example_dags/example_branch_day_of_week_operator.py
[2022-08-25 00:33:32,600] {processor.py:641} INFO - Processing file /home/airflow/.local/lib/python3.7/site-packages/airflow/example_dags/example_branch_day_of_week_operator.py for tasks to queue
[2022-08-25 00:33:32,601] {logging_mixin.py:115} INFO - [2022-08-25 00:33:32,601] {dagbag.py:508} INFO - Filling up the DagBag from /home/airflow/.local/lib/python3.7/site-packages/airflow/example_dags/example_branch_day_of_week_operator.py
[2022-08-25 00:33:32,612] {processor.py:651} INFO - DAG(s) dict_keys(['example_weekday_branch_operator']) retrieved from /home/airflow/.local/lib/python3.7/site-packages/airflow/example_dags/example_branch_day_of_week_operator.py
[2022-08-25 00:33:32,648] {logging_mixin.py:115} INFO - [2022-08-25 00:33:32,648] {dag.py:2420} INFO - Sync 1 DAGs
[2022-08-25 00:33:32,682] {logging_mixin.py:115} INFO - [2022-08-25 00:33:32,681] {dag.py:2972} INFO - Setting next_dagrun for example_weekday_branch_operator to 2022-08-24T00:00:00+00:00, run_after=2022-08-25T00:00:00+00:00
[2022-08-25 00:33:32,699] {processor.py:161} INFO - Processing /home/airflow/.local/lib/python3.7/site-packages/airflow/example_dags/example_branch_day_of_week_operator.py took 0.104 seconds
[2022-08-25 00:34:03,135] {processor.py:153} INFO - Started process (PID=20332) to work on /home/airflow/.local/lib/python3.7/site-packages/airflow/example_dags/example_branch_day_of_week_operator.py
[2022-08-25 00:34:03,136] {processor.py:641} INFO - Processing file /home/airflow/.local/lib/python3.7/site-packages/airflow/example_dags/example_branch_day_of_week_operator.py for tasks to queue
[2022-08-25 00:34:03,137] {logging_mixin.py:115} INFO - [2022-08-25 00:34:03,137] {dagbag.py:508} INFO - Filling up the DagBag from /home/airflow/.local/lib/python3.7/site-packages/airflow/example_dags/example_branch_day_of_week_operator.py
[2022-08-25 00:34:03,149] {processor.py:651} INFO - DAG(s) dict_keys(['example_weekday_branch_operator']) retrieved from /home/airflow/.local/lib/python3.7/site-packages/airflow/example_dags/example_branch_day_of_week_operator.py
[2022-08-25 00:34:03,183] {logging_mixin.py:115} INFO - [2022-08-25 00:34:03,183] {dag.py:2420} INFO - Sync 1 DAGs
[2022-08-25 00:34:03,220] {logging_mixin.py:115} INFO - [2022-08-25 00:34:03,220] {dag.py:2972} INFO - Setting next_dagrun for example_weekday_branch_operator to 2022-08-24T00:00:00+00:00, run_after=2022-08-25T00:00:00+00:00
[2022-08-25 00:34:03,239] {processor.py:161} INFO - Processing /home/airflow/.local/lib/python3.7/site-packages/airflow/example_dags/example_branch_day_of_week_operator.py took 0.107 seconds
[2022-08-25 00:34:33,705] {processor.py:153} INFO - Started process (PID=20526) to work on /home/airflow/.local/lib/python3.7/site-packages/airflow/example_dags/example_branch_day_of_week_operator.py
[2022-08-25 00:34:33,706] {processor.py:641} INFO - Processing file /home/airflow/.local/lib/python3.7/site-packages/airflow/example_dags/example_branch_day_of_week_operator.py for tasks to queue
[2022-08-25 00:34:33,707] {logging_mixin.py:115} INFO - [2022-08-25 00:34:33,707] {dagbag.py:508} INFO - Filling up the DagBag from /home/airflow/.local/lib/python3.7/site-packages/airflow/example_dags/example_branch_day_of_week_operator.py
[2022-08-25 00:34:33,717] {processor.py:651} INFO - DAG(s) dict_keys(['example_weekday_branch_operator']) retrieved from /home/airflow/.local/lib/python3.7/site-packages/airflow/example_dags/example_branch_day_of_week_operator.py
[2022-08-25 00:34:33,755] {logging_mixin.py:115} INFO - [2022-08-25 00:34:33,755] {dag.py:2420} INFO - Sync 1 DAGs
[2022-08-25 00:34:33,790] {logging_mixin.py:115} INFO - [2022-08-25 00:34:33,790] {dag.py:2972} INFO - Setting next_dagrun for example_weekday_branch_operator to 2022-08-24T00:00:00+00:00, run_after=2022-08-25T00:00:00+00:00
[2022-08-25 00:34:33,806] {processor.py:161} INFO - Processing /home/airflow/.local/lib/python3.7/site-packages/airflow/example_dags/example_branch_day_of_week_operator.py took 0.104 seconds
[2022-08-25 00:35:04,005] {processor.py:153} INFO - Started process (PID=20729) to work on /home/airflow/.local/lib/python3.7/site-packages/airflow/example_dags/example_branch_day_of_week_operator.py
[2022-08-25 00:35:04,006] {processor.py:641} INFO - Processing file /home/airflow/.local/lib/python3.7/site-packages/airflow/example_dags/example_branch_day_of_week_operator.py for tasks to queue
[2022-08-25 00:35:04,007] {logging_mixin.py:115} INFO - [2022-08-25 00:35:04,007] {dagbag.py:508} INFO - Filling up the DagBag from /home/airflow/.local/lib/python3.7/site-packages/airflow/example_dags/example_branch_day_of_week_operator.py
[2022-08-25 00:35:04,018] {processor.py:651} INFO - DAG(s) dict_keys(['example_weekday_branch_operator']) retrieved from /home/airflow/.local/lib/python3.7/site-packages/airflow/example_dags/example_branch_day_of_week_operator.py
[2022-08-25 00:35:04,055] {logging_mixin.py:115} INFO - [2022-08-25 00:35:04,054] {dag.py:2420} INFO - Sync 1 DAGs
[2022-08-25 00:35:04,086] {logging_mixin.py:115} INFO - [2022-08-25 00:35:04,086] {dag.py:2972} INFO - Setting next_dagrun for example_weekday_branch_operator to 2022-08-24T00:00:00+00:00, run_after=2022-08-25T00:00:00+00:00
[2022-08-25 00:35:04,106] {processor.py:161} INFO - Processing /home/airflow/.local/lib/python3.7/site-packages/airflow/example_dags/example_branch_day_of_week_operator.py took 0.106 seconds
[2022-08-25 00:35:34,365] {processor.py:153} INFO - Started process (PID=20924) to work on /home/airflow/.local/lib/python3.7/site-packages/airflow/example_dags/example_branch_day_of_week_operator.py
[2022-08-25 00:35:34,366] {processor.py:641} INFO - Processing file /home/airflow/.local/lib/python3.7/site-packages/airflow/example_dags/example_branch_day_of_week_operator.py for tasks to queue
[2022-08-25 00:35:34,367] {logging_mixin.py:115} INFO - [2022-08-25 00:35:34,367] {dagbag.py:508} INFO - Filling up the DagBag from /home/airflow/.local/lib/python3.7/site-packages/airflow/example_dags/example_branch_day_of_week_operator.py
[2022-08-25 00:35:34,377] {processor.py:651} INFO - DAG(s) dict_keys(['example_weekday_branch_operator']) retrieved from /home/airflow/.local/lib/python3.7/site-packages/airflow/example_dags/example_branch_day_of_week_operator.py
[2022-08-25 00:35:34,407] {logging_mixin.py:115} INFO - [2022-08-25 00:35:34,407] {dag.py:2420} INFO - Sync 1 DAGs
[2022-08-25 00:35:34,436] {logging_mixin.py:115} INFO - [2022-08-25 00:35:34,436] {dag.py:2972} INFO - Setting next_dagrun for example_weekday_branch_operator to 2022-08-24T00:00:00+00:00, run_after=2022-08-25T00:00:00+00:00
[2022-08-25 00:35:34,464] {processor.py:161} INFO - Processing /home/airflow/.local/lib/python3.7/site-packages/airflow/example_dags/example_branch_day_of_week_operator.py took 0.101 seconds
[2022-08-25 00:36:05,042] {processor.py:153} INFO - Started process (PID=21127) to work on /home/airflow/.local/lib/python3.7/site-packages/airflow/example_dags/example_branch_day_of_week_operator.py
[2022-08-25 00:36:05,043] {processor.py:641} INFO - Processing file /home/airflow/.local/lib/python3.7/site-packages/airflow/example_dags/example_branch_day_of_week_operator.py for tasks to queue
[2022-08-25 00:36:05,044] {logging_mixin.py:115} INFO - [2022-08-25 00:36:05,044] {dagbag.py:508} INFO - Filling up the DagBag from /home/airflow/.local/lib/python3.7/site-packages/airflow/example_dags/example_branch_day_of_week_operator.py
[2022-08-25 00:36:05,057] {processor.py:651} INFO - DAG(s) dict_keys(['example_weekday_branch_operator']) retrieved from /home/airflow/.local/lib/python3.7/site-packages/airflow/example_dags/example_branch_day_of_week_operator.py
[2022-08-25 00:36:05,098] {logging_mixin.py:115} INFO - [2022-08-25 00:36:05,098] {dag.py:2420} INFO - Sync 1 DAGs
[2022-08-25 00:36:05,131] {logging_mixin.py:115} INFO - [2022-08-25 00:36:05,131] {dag.py:2972} INFO - Setting next_dagrun for example_weekday_branch_operator to 2022-08-24T00:00:00+00:00, run_after=2022-08-25T00:00:00+00:00
[2022-08-25 00:36:05,149] {processor.py:161} INFO - Processing /home/airflow/.local/lib/python3.7/site-packages/airflow/example_dags/example_branch_day_of_week_operator.py took 0.112 seconds
[2022-08-25 01:25:49,247] {processor.py:153} INFO - Started process (PID=21339) to work on /home/airflow/.local/lib/python3.7/site-packages/airflow/example_dags/example_branch_day_of_week_operator.py
[2022-08-25 01:25:49,247] {processor.py:641} INFO - Processing file /home/airflow/.local/lib/python3.7/site-packages/airflow/example_dags/example_branch_day_of_week_operator.py for tasks to queue
[2022-08-25 01:25:49,248] {logging_mixin.py:115} INFO - [2022-08-25 01:25:49,248] {dagbag.py:508} INFO - Filling up the DagBag from /home/airflow/.local/lib/python3.7/site-packages/airflow/example_dags/example_branch_day_of_week_operator.py
[2022-08-25 01:25:49,256] {processor.py:651} INFO - DAG(s) dict_keys(['example_weekday_branch_operator']) retrieved from /home/airflow/.local/lib/python3.7/site-packages/airflow/example_dags/example_branch_day_of_week_operator.py
[2022-08-25 01:25:49,283] {logging_mixin.py:115} INFO - [2022-08-25 01:25:49,283] {dag.py:2420} INFO - Sync 1 DAGs
[2022-08-25 01:25:49,317] {logging_mixin.py:115} INFO - [2022-08-25 01:25:49,317] {dag.py:2972} INFO - Setting next_dagrun for example_weekday_branch_operator to 2022-08-24T00:00:00+00:00, run_after=2022-08-25T00:00:00+00:00
[2022-08-25 01:25:49,337] {processor.py:161} INFO - Processing /home/airflow/.local/lib/python3.7/site-packages/airflow/example_dags/example_branch_day_of_week_operator.py took 0.093 seconds
[2022-08-25 01:26:19,655] {processor.py:153} INFO - Started process (PID=21535) to work on /home/airflow/.local/lib/python3.7/site-packages/airflow/example_dags/example_branch_day_of_week_operator.py
[2022-08-25 01:26:19,656] {processor.py:641} INFO - Processing file /home/airflow/.local/lib/python3.7/site-packages/airflow/example_dags/example_branch_day_of_week_operator.py for tasks to queue
[2022-08-25 01:26:19,656] {logging_mixin.py:115} INFO - [2022-08-25 01:26:19,656] {dagbag.py:508} INFO - Filling up the DagBag from /home/airflow/.local/lib/python3.7/site-packages/airflow/example_dags/example_branch_day_of_week_operator.py
[2022-08-25 01:26:19,664] {processor.py:651} INFO - DAG(s) dict_keys(['example_weekday_branch_operator']) retrieved from /home/airflow/.local/lib/python3.7/site-packages/airflow/example_dags/example_branch_day_of_week_operator.py
[2022-08-25 01:26:19,689] {logging_mixin.py:115} INFO - [2022-08-25 01:26:19,688] {dag.py:2420} INFO - Sync 1 DAGs
[2022-08-25 01:26:19,711] {logging_mixin.py:115} INFO - [2022-08-25 01:26:19,711] {dag.py:2972} INFO - Setting next_dagrun for example_weekday_branch_operator to 2022-08-24T00:00:00+00:00, run_after=2022-08-25T00:00:00+00:00
[2022-08-25 01:26:19,725] {processor.py:161} INFO - Processing /home/airflow/.local/lib/python3.7/site-packages/airflow/example_dags/example_branch_day_of_week_operator.py took 0.073 seconds
[2022-08-25 01:26:50,360] {processor.py:153} INFO - Started process (PID=21737) to work on /home/airflow/.local/lib/python3.7/site-packages/airflow/example_dags/example_branch_day_of_week_operator.py
[2022-08-25 01:26:50,361] {processor.py:641} INFO - Processing file /home/airflow/.local/lib/python3.7/site-packages/airflow/example_dags/example_branch_day_of_week_operator.py for tasks to queue
[2022-08-25 01:26:50,361] {logging_mixin.py:115} INFO - [2022-08-25 01:26:50,361] {dagbag.py:508} INFO - Filling up the DagBag from /home/airflow/.local/lib/python3.7/site-packages/airflow/example_dags/example_branch_day_of_week_operator.py
[2022-08-25 01:26:50,370] {processor.py:651} INFO - DAG(s) dict_keys(['example_weekday_branch_operator']) retrieved from /home/airflow/.local/lib/python3.7/site-packages/airflow/example_dags/example_branch_day_of_week_operator.py
[2022-08-25 01:26:50,400] {logging_mixin.py:115} INFO - [2022-08-25 01:26:50,400] {dag.py:2420} INFO - Sync 1 DAGs
[2022-08-25 01:26:50,428] {logging_mixin.py:115} INFO - [2022-08-25 01:26:50,428] {dag.py:2972} INFO - Setting next_dagrun for example_weekday_branch_operator to 2022-08-24T00:00:00+00:00, run_after=2022-08-25T00:00:00+00:00
[2022-08-25 01:26:50,444] {processor.py:161} INFO - Processing /home/airflow/.local/lib/python3.7/site-packages/airflow/example_dags/example_branch_day_of_week_operator.py took 0.088 seconds
[2022-08-25 01:27:21,539] {processor.py:153} INFO - Started process (PID=21942) to work on /home/airflow/.local/lib/python3.7/site-packages/airflow/example_dags/example_branch_day_of_week_operator.py
[2022-08-25 01:27:21,540] {processor.py:641} INFO - Processing file /home/airflow/.local/lib/python3.7/site-packages/airflow/example_dags/example_branch_day_of_week_operator.py for tasks to queue
[2022-08-25 01:27:21,541] {logging_mixin.py:115} INFO - [2022-08-25 01:27:21,541] {dagbag.py:508} INFO - Filling up the DagBag from /home/airflow/.local/lib/python3.7/site-packages/airflow/example_dags/example_branch_day_of_week_operator.py
[2022-08-25 01:27:21,553] {processor.py:651} INFO - DAG(s) dict_keys(['example_weekday_branch_operator']) retrieved from /home/airflow/.local/lib/python3.7/site-packages/airflow/example_dags/example_branch_day_of_week_operator.py
[2022-08-25 01:27:21,593] {logging_mixin.py:115} INFO - [2022-08-25 01:27:21,592] {dag.py:2420} INFO - Sync 1 DAGs
[2022-08-25 01:27:21,638] {logging_mixin.py:115} INFO - [2022-08-25 01:27:21,638] {dag.py:2972} INFO - Setting next_dagrun for example_weekday_branch_operator to 2022-08-24T00:00:00+00:00, run_after=2022-08-25T00:00:00+00:00
[2022-08-25 01:27:21,661] {processor.py:161} INFO - Processing /home/airflow/.local/lib/python3.7/site-packages/airflow/example_dags/example_branch_day_of_week_operator.py took 0.126 seconds
