[2022-08-25 00:13:13,811] {processor.py:153} INFO - Started process (PID=12252) to work on /home/airflow/.local/lib/python3.7/site-packages/airflow/example_dags/example_external_task_marker_dag.py
[2022-08-25 00:13:13,812] {processor.py:641} INFO - Processing file /home/airflow/.local/lib/python3.7/site-packages/airflow/example_dags/example_external_task_marker_dag.py for tasks to queue
[2022-08-25 00:13:13,813] {logging_mixin.py:115} INFO - [2022-08-25 00:13:13,813] {dagbag.py:508} INFO - Filling up the DagBag from /home/airflow/.local/lib/python3.7/site-packages/airflow/example_dags/example_external_task_marker_dag.py
[2022-08-25 00:13:13,822] {processor.py:651} INFO - DAG(s) dict_keys(['example_external_task_marker_parent', 'example_external_task_marker_child']) retrieved from /home/airflow/.local/lib/python3.7/site-packages/airflow/example_dags/example_external_task_marker_dag.py
[2022-08-25 00:13:13,888] {logging_mixin.py:115} INFO - [2022-08-25 00:13:13,888] {dag.py:2420} INFO - Sync 2 DAGs
[2022-08-25 00:13:13,918] {logging_mixin.py:115} INFO - [2022-08-25 00:13:13,918] {dag.py:2972} INFO - Setting next_dagrun for example_external_task_marker_child to None, run_after=None
[2022-08-25 00:13:13,919] {logging_mixin.py:115} INFO - [2022-08-25 00:13:13,919] {dag.py:2972} INFO - Setting next_dagrun for example_external_task_marker_parent to None, run_after=None
[2022-08-25 00:13:13,935] {processor.py:161} INFO - Processing /home/airflow/.local/lib/python3.7/site-packages/airflow/example_dags/example_external_task_marker_dag.py took 0.130 seconds
[2022-08-25 00:13:44,335] {processor.py:153} INFO - Started process (PID=12460) to work on /home/airflow/.local/lib/python3.7/site-packages/airflow/example_dags/example_external_task_marker_dag.py
[2022-08-25 00:13:44,336] {processor.py:641} INFO - Processing file /home/airflow/.local/lib/python3.7/site-packages/airflow/example_dags/example_external_task_marker_dag.py for tasks to queue
[2022-08-25 00:13:44,336] {logging_mixin.py:115} INFO - [2022-08-25 00:13:44,336] {dagbag.py:508} INFO - Filling up the DagBag from /home/airflow/.local/lib/python3.7/site-packages/airflow/example_dags/example_external_task_marker_dag.py
[2022-08-25 00:13:44,340] {processor.py:651} INFO - DAG(s) dict_keys(['example_external_task_marker_parent', 'example_external_task_marker_child']) retrieved from /home/airflow/.local/lib/python3.7/site-packages/airflow/example_dags/example_external_task_marker_dag.py
[2022-08-25 00:13:44,389] {logging_mixin.py:115} INFO - [2022-08-25 00:13:44,389] {dag.py:2420} INFO - Sync 2 DAGs
[2022-08-25 00:13:44,412] {logging_mixin.py:115} INFO - [2022-08-25 00:13:44,412] {dag.py:2972} INFO - Setting next_dagrun for example_external_task_marker_child to None, run_after=None
[2022-08-25 00:13:44,412] {logging_mixin.py:115} INFO - [2022-08-25 00:13:44,412] {dag.py:2972} INFO - Setting next_dagrun for example_external_task_marker_parent to None, run_after=None
[2022-08-25 00:13:44,425] {processor.py:161} INFO - Processing /home/airflow/.local/lib/python3.7/site-packages/airflow/example_dags/example_external_task_marker_dag.py took 0.092 seconds
[2022-08-25 00:14:14,908] {processor.py:153} INFO - Started process (PID=12669) to work on /home/airflow/.local/lib/python3.7/site-packages/airflow/example_dags/example_external_task_marker_dag.py
[2022-08-25 00:14:14,909] {processor.py:641} INFO - Processing file /home/airflow/.local/lib/python3.7/site-packages/airflow/example_dags/example_external_task_marker_dag.py for tasks to queue
[2022-08-25 00:14:14,910] {logging_mixin.py:115} INFO - [2022-08-25 00:14:14,910] {dagbag.py:508} INFO - Filling up the DagBag from /home/airflow/.local/lib/python3.7/site-packages/airflow/example_dags/example_external_task_marker_dag.py
[2022-08-25 00:14:14,915] {processor.py:651} INFO - DAG(s) dict_keys(['example_external_task_marker_parent', 'example_external_task_marker_child']) retrieved from /home/airflow/.local/lib/python3.7/site-packages/airflow/example_dags/example_external_task_marker_dag.py
[2022-08-25 00:14:14,970] {logging_mixin.py:115} INFO - [2022-08-25 00:14:14,970] {dag.py:2420} INFO - Sync 2 DAGs
[2022-08-25 00:14:14,999] {logging_mixin.py:115} INFO - [2022-08-25 00:14:14,999] {dag.py:2972} INFO - Setting next_dagrun for example_external_task_marker_child to None, run_after=None
[2022-08-25 00:14:15,000] {logging_mixin.py:115} INFO - [2022-08-25 00:14:14,999] {dag.py:2972} INFO - Setting next_dagrun for example_external_task_marker_parent to None, run_after=None
[2022-08-25 00:14:15,015] {processor.py:161} INFO - Processing /home/airflow/.local/lib/python3.7/site-packages/airflow/example_dags/example_external_task_marker_dag.py took 0.110 seconds
[2022-08-25 00:14:46,197] {processor.py:153} INFO - Started process (PID=12872) to work on /home/airflow/.local/lib/python3.7/site-packages/airflow/example_dags/example_external_task_marker_dag.py
[2022-08-25 00:14:46,198] {processor.py:641} INFO - Processing file /home/airflow/.local/lib/python3.7/site-packages/airflow/example_dags/example_external_task_marker_dag.py for tasks to queue
[2022-08-25 00:14:46,198] {logging_mixin.py:115} INFO - [2022-08-25 00:14:46,198] {dagbag.py:508} INFO - Filling up the DagBag from /home/airflow/.local/lib/python3.7/site-packages/airflow/example_dags/example_external_task_marker_dag.py
[2022-08-25 00:14:46,204] {processor.py:651} INFO - DAG(s) dict_keys(['example_external_task_marker_parent', 'example_external_task_marker_child']) retrieved from /home/airflow/.local/lib/python3.7/site-packages/airflow/example_dags/example_external_task_marker_dag.py
[2022-08-25 00:14:46,272] {logging_mixin.py:115} INFO - [2022-08-25 00:14:46,272] {dag.py:2420} INFO - Sync 2 DAGs
[2022-08-25 00:14:46,302] {logging_mixin.py:115} INFO - [2022-08-25 00:14:46,302] {dag.py:2972} INFO - Setting next_dagrun for example_external_task_marker_child to None, run_after=None
[2022-08-25 00:14:46,303] {logging_mixin.py:115} INFO - [2022-08-25 00:14:46,303] {dag.py:2972} INFO - Setting next_dagrun for example_external_task_marker_parent to None, run_after=None
[2022-08-25 00:14:46,326] {processor.py:161} INFO - Processing /home/airflow/.local/lib/python3.7/site-packages/airflow/example_dags/example_external_task_marker_dag.py took 0.134 seconds
[2022-08-25 00:15:16,782] {processor.py:153} INFO - Started process (PID=13071) to work on /home/airflow/.local/lib/python3.7/site-packages/airflow/example_dags/example_external_task_marker_dag.py
[2022-08-25 00:15:16,783] {processor.py:641} INFO - Processing file /home/airflow/.local/lib/python3.7/site-packages/airflow/example_dags/example_external_task_marker_dag.py for tasks to queue
[2022-08-25 00:15:16,784] {logging_mixin.py:115} INFO - [2022-08-25 00:15:16,784] {dagbag.py:508} INFO - Filling up the DagBag from /home/airflow/.local/lib/python3.7/site-packages/airflow/example_dags/example_external_task_marker_dag.py
[2022-08-25 00:15:16,790] {processor.py:651} INFO - DAG(s) dict_keys(['example_external_task_marker_parent', 'example_external_task_marker_child']) retrieved from /home/airflow/.local/lib/python3.7/site-packages/airflow/example_dags/example_external_task_marker_dag.py
[2022-08-25 00:15:16,859] {logging_mixin.py:115} INFO - [2022-08-25 00:15:16,858] {dag.py:2420} INFO - Sync 2 DAGs
[2022-08-25 00:15:16,890] {logging_mixin.py:115} INFO - [2022-08-25 00:15:16,890] {dag.py:2972} INFO - Setting next_dagrun for example_external_task_marker_child to None, run_after=None
[2022-08-25 00:15:16,891] {logging_mixin.py:115} INFO - [2022-08-25 00:15:16,891] {dag.py:2972} INFO - Setting next_dagrun for example_external_task_marker_parent to None, run_after=None
[2022-08-25 00:15:16,917] {processor.py:161} INFO - Processing /home/airflow/.local/lib/python3.7/site-packages/airflow/example_dags/example_external_task_marker_dag.py took 0.139 seconds
[2022-08-25 00:15:47,190] {processor.py:153} INFO - Started process (PID=13273) to work on /home/airflow/.local/lib/python3.7/site-packages/airflow/example_dags/example_external_task_marker_dag.py
[2022-08-25 00:15:47,191] {processor.py:641} INFO - Processing file /home/airflow/.local/lib/python3.7/site-packages/airflow/example_dags/example_external_task_marker_dag.py for tasks to queue
[2022-08-25 00:15:47,192] {logging_mixin.py:115} INFO - [2022-08-25 00:15:47,192] {dagbag.py:508} INFO - Filling up the DagBag from /home/airflow/.local/lib/python3.7/site-packages/airflow/example_dags/example_external_task_marker_dag.py
[2022-08-25 00:15:47,198] {processor.py:651} INFO - DAG(s) dict_keys(['example_external_task_marker_parent', 'example_external_task_marker_child']) retrieved from /home/airflow/.local/lib/python3.7/site-packages/airflow/example_dags/example_external_task_marker_dag.py
[2022-08-25 00:15:47,269] {logging_mixin.py:115} INFO - [2022-08-25 00:15:47,269] {dag.py:2420} INFO - Sync 2 DAGs
[2022-08-25 00:15:47,301] {logging_mixin.py:115} INFO - [2022-08-25 00:15:47,301] {dag.py:2972} INFO - Setting next_dagrun for example_external_task_marker_child to None, run_after=None
[2022-08-25 00:15:47,302] {logging_mixin.py:115} INFO - [2022-08-25 00:15:47,302] {dag.py:2972} INFO - Setting next_dagrun for example_external_task_marker_parent to None, run_after=None
[2022-08-25 00:15:47,329] {processor.py:161} INFO - Processing /home/airflow/.local/lib/python3.7/site-packages/airflow/example_dags/example_external_task_marker_dag.py took 0.143 seconds
[2022-08-25 00:16:17,505] {processor.py:153} INFO - Started process (PID=13467) to work on /home/airflow/.local/lib/python3.7/site-packages/airflow/example_dags/example_external_task_marker_dag.py
[2022-08-25 00:16:17,506] {processor.py:641} INFO - Processing file /home/airflow/.local/lib/python3.7/site-packages/airflow/example_dags/example_external_task_marker_dag.py for tasks to queue
[2022-08-25 00:16:17,507] {logging_mixin.py:115} INFO - [2022-08-25 00:16:17,507] {dagbag.py:508} INFO - Filling up the DagBag from /home/airflow/.local/lib/python3.7/site-packages/airflow/example_dags/example_external_task_marker_dag.py
[2022-08-25 00:16:17,513] {processor.py:651} INFO - DAG(s) dict_keys(['example_external_task_marker_parent', 'example_external_task_marker_child']) retrieved from /home/airflow/.local/lib/python3.7/site-packages/airflow/example_dags/example_external_task_marker_dag.py
[2022-08-25 00:16:17,586] {logging_mixin.py:115} INFO - [2022-08-25 00:16:17,586] {dag.py:2420} INFO - Sync 2 DAGs
[2022-08-25 00:16:17,623] {logging_mixin.py:115} INFO - [2022-08-25 00:16:17,623] {dag.py:2972} INFO - Setting next_dagrun for example_external_task_marker_child to None, run_after=None
[2022-08-25 00:16:17,624] {logging_mixin.py:115} INFO - [2022-08-25 00:16:17,624] {dag.py:2972} INFO - Setting next_dagrun for example_external_task_marker_parent to None, run_after=None
[2022-08-25 00:16:17,647] {processor.py:161} INFO - Processing /home/airflow/.local/lib/python3.7/site-packages/airflow/example_dags/example_external_task_marker_dag.py took 0.146 seconds
[2022-08-25 00:16:48,015] {processor.py:153} INFO - Started process (PID=13670) to work on /home/airflow/.local/lib/python3.7/site-packages/airflow/example_dags/example_external_task_marker_dag.py
[2022-08-25 00:16:48,016] {processor.py:641} INFO - Processing file /home/airflow/.local/lib/python3.7/site-packages/airflow/example_dags/example_external_task_marker_dag.py for tasks to queue
[2022-08-25 00:16:48,017] {logging_mixin.py:115} INFO - [2022-08-25 00:16:48,017] {dagbag.py:508} INFO - Filling up the DagBag from /home/airflow/.local/lib/python3.7/site-packages/airflow/example_dags/example_external_task_marker_dag.py
[2022-08-25 00:16:48,025] {processor.py:651} INFO - DAG(s) dict_keys(['example_external_task_marker_parent', 'example_external_task_marker_child']) retrieved from /home/airflow/.local/lib/python3.7/site-packages/airflow/example_dags/example_external_task_marker_dag.py
[2022-08-25 00:16:48,110] {logging_mixin.py:115} INFO - [2022-08-25 00:16:48,109] {dag.py:2420} INFO - Sync 2 DAGs
[2022-08-25 00:16:48,143] {logging_mixin.py:115} INFO - [2022-08-25 00:16:48,143] {dag.py:2972} INFO - Setting next_dagrun for example_external_task_marker_child to None, run_after=None
[2022-08-25 00:16:48,144] {logging_mixin.py:115} INFO - [2022-08-25 00:16:48,144] {dag.py:2972} INFO - Setting next_dagrun for example_external_task_marker_parent to None, run_after=None
[2022-08-25 00:16:48,171] {processor.py:161} INFO - Processing /home/airflow/.local/lib/python3.7/site-packages/airflow/example_dags/example_external_task_marker_dag.py took 0.161 seconds
[2022-08-25 00:17:18,317] {processor.py:153} INFO - Started process (PID=13864) to work on /home/airflow/.local/lib/python3.7/site-packages/airflow/example_dags/example_external_task_marker_dag.py
[2022-08-25 00:17:18,318] {processor.py:641} INFO - Processing file /home/airflow/.local/lib/python3.7/site-packages/airflow/example_dags/example_external_task_marker_dag.py for tasks to queue
[2022-08-25 00:17:18,319] {logging_mixin.py:115} INFO - [2022-08-25 00:17:18,319] {dagbag.py:508} INFO - Filling up the DagBag from /home/airflow/.local/lib/python3.7/site-packages/airflow/example_dags/example_external_task_marker_dag.py
[2022-08-25 00:17:18,325] {processor.py:651} INFO - DAG(s) dict_keys(['example_external_task_marker_parent', 'example_external_task_marker_child']) retrieved from /home/airflow/.local/lib/python3.7/site-packages/airflow/example_dags/example_external_task_marker_dag.py
[2022-08-25 00:17:18,392] {logging_mixin.py:115} INFO - [2022-08-25 00:17:18,392] {dag.py:2420} INFO - Sync 2 DAGs
[2022-08-25 00:17:18,427] {logging_mixin.py:115} INFO - [2022-08-25 00:17:18,427] {dag.py:2972} INFO - Setting next_dagrun for example_external_task_marker_child to None, run_after=None
[2022-08-25 00:17:18,428] {logging_mixin.py:115} INFO - [2022-08-25 00:17:18,428] {dag.py:2972} INFO - Setting next_dagrun for example_external_task_marker_parent to None, run_after=None
[2022-08-25 00:17:18,448] {processor.py:161} INFO - Processing /home/airflow/.local/lib/python3.7/site-packages/airflow/example_dags/example_external_task_marker_dag.py took 0.135 seconds
[2022-08-25 00:17:49,095] {processor.py:153} INFO - Started process (PID=14069) to work on /home/airflow/.local/lib/python3.7/site-packages/airflow/example_dags/example_external_task_marker_dag.py
[2022-08-25 00:17:49,097] {processor.py:641} INFO - Processing file /home/airflow/.local/lib/python3.7/site-packages/airflow/example_dags/example_external_task_marker_dag.py for tasks to queue
[2022-08-25 00:17:49,097] {logging_mixin.py:115} INFO - [2022-08-25 00:17:49,097] {dagbag.py:508} INFO - Filling up the DagBag from /home/airflow/.local/lib/python3.7/site-packages/airflow/example_dags/example_external_task_marker_dag.py
[2022-08-25 00:17:49,105] {processor.py:651} INFO - DAG(s) dict_keys(['example_external_task_marker_parent', 'example_external_task_marker_child']) retrieved from /home/airflow/.local/lib/python3.7/site-packages/airflow/example_dags/example_external_task_marker_dag.py
[2022-08-25 00:17:49,180] {logging_mixin.py:115} INFO - [2022-08-25 00:17:49,180] {dag.py:2420} INFO - Sync 2 DAGs
[2022-08-25 00:17:49,210] {logging_mixin.py:115} INFO - [2022-08-25 00:17:49,209] {dag.py:2972} INFO - Setting next_dagrun for example_external_task_marker_child to None, run_after=None
[2022-08-25 00:17:49,210] {logging_mixin.py:115} INFO - [2022-08-25 00:17:49,210] {dag.py:2972} INFO - Setting next_dagrun for example_external_task_marker_parent to None, run_after=None
[2022-08-25 00:17:49,230] {processor.py:161} INFO - Processing /home/airflow/.local/lib/python3.7/site-packages/airflow/example_dags/example_external_task_marker_dag.py took 0.139 seconds
[2022-08-25 00:18:19,319] {processor.py:153} INFO - Started process (PID=14261) to work on /home/airflow/.local/lib/python3.7/site-packages/airflow/example_dags/example_external_task_marker_dag.py
[2022-08-25 00:18:19,320] {processor.py:641} INFO - Processing file /home/airflow/.local/lib/python3.7/site-packages/airflow/example_dags/example_external_task_marker_dag.py for tasks to queue
[2022-08-25 00:18:19,321] {logging_mixin.py:115} INFO - [2022-08-25 00:18:19,321] {dagbag.py:508} INFO - Filling up the DagBag from /home/airflow/.local/lib/python3.7/site-packages/airflow/example_dags/example_external_task_marker_dag.py
[2022-08-25 00:18:19,327] {processor.py:651} INFO - DAG(s) dict_keys(['example_external_task_marker_parent', 'example_external_task_marker_child']) retrieved from /home/airflow/.local/lib/python3.7/site-packages/airflow/example_dags/example_external_task_marker_dag.py
[2022-08-25 00:18:19,393] {logging_mixin.py:115} INFO - [2022-08-25 00:18:19,393] {dag.py:2420} INFO - Sync 2 DAGs
[2022-08-25 00:18:19,426] {logging_mixin.py:115} INFO - [2022-08-25 00:18:19,426] {dag.py:2972} INFO - Setting next_dagrun for example_external_task_marker_child to None, run_after=None
[2022-08-25 00:18:19,427] {logging_mixin.py:115} INFO - [2022-08-25 00:18:19,427] {dag.py:2972} INFO - Setting next_dagrun for example_external_task_marker_parent to None, run_after=None
[2022-08-25 00:18:19,444] {processor.py:161} INFO - Processing /home/airflow/.local/lib/python3.7/site-packages/airflow/example_dags/example_external_task_marker_dag.py took 0.129 seconds
[2022-08-25 00:18:49,991] {processor.py:153} INFO - Started process (PID=14464) to work on /home/airflow/.local/lib/python3.7/site-packages/airflow/example_dags/example_external_task_marker_dag.py
[2022-08-25 00:18:49,992] {processor.py:641} INFO - Processing file /home/airflow/.local/lib/python3.7/site-packages/airflow/example_dags/example_external_task_marker_dag.py for tasks to queue
[2022-08-25 00:18:49,993] {logging_mixin.py:115} INFO - [2022-08-25 00:18:49,993] {dagbag.py:508} INFO - Filling up the DagBag from /home/airflow/.local/lib/python3.7/site-packages/airflow/example_dags/example_external_task_marker_dag.py
[2022-08-25 00:18:50,000] {processor.py:651} INFO - DAG(s) dict_keys(['example_external_task_marker_parent', 'example_external_task_marker_child']) retrieved from /home/airflow/.local/lib/python3.7/site-packages/airflow/example_dags/example_external_task_marker_dag.py
[2022-08-25 00:18:50,075] {logging_mixin.py:115} INFO - [2022-08-25 00:18:50,074] {dag.py:2420} INFO - Sync 2 DAGs
[2022-08-25 00:18:50,112] {logging_mixin.py:115} INFO - [2022-08-25 00:18:50,111] {dag.py:2972} INFO - Setting next_dagrun for example_external_task_marker_child to None, run_after=None
[2022-08-25 00:18:50,113] {logging_mixin.py:115} INFO - [2022-08-25 00:18:50,112] {dag.py:2972} INFO - Setting next_dagrun for example_external_task_marker_parent to None, run_after=None
[2022-08-25 00:18:50,132] {processor.py:161} INFO - Processing /home/airflow/.local/lib/python3.7/site-packages/airflow/example_dags/example_external_task_marker_dag.py took 0.145 seconds
[2022-08-25 00:19:20,461] {processor.py:153} INFO - Started process (PID=14658) to work on /home/airflow/.local/lib/python3.7/site-packages/airflow/example_dags/example_external_task_marker_dag.py
[2022-08-25 00:19:20,462] {processor.py:641} INFO - Processing file /home/airflow/.local/lib/python3.7/site-packages/airflow/example_dags/example_external_task_marker_dag.py for tasks to queue
[2022-08-25 00:19:20,463] {logging_mixin.py:115} INFO - [2022-08-25 00:19:20,463] {dagbag.py:508} INFO - Filling up the DagBag from /home/airflow/.local/lib/python3.7/site-packages/airflow/example_dags/example_external_task_marker_dag.py
[2022-08-25 00:19:20,468] {processor.py:651} INFO - DAG(s) dict_keys(['example_external_task_marker_parent', 'example_external_task_marker_child']) retrieved from /home/airflow/.local/lib/python3.7/site-packages/airflow/example_dags/example_external_task_marker_dag.py
[2022-08-25 00:19:20,534] {logging_mixin.py:115} INFO - [2022-08-25 00:19:20,534] {dag.py:2420} INFO - Sync 2 DAGs
[2022-08-25 00:19:20,564] {logging_mixin.py:115} INFO - [2022-08-25 00:19:20,564] {dag.py:2972} INFO - Setting next_dagrun for example_external_task_marker_child to None, run_after=None
[2022-08-25 00:19:20,565] {logging_mixin.py:115} INFO - [2022-08-25 00:19:20,565] {dag.py:2972} INFO - Setting next_dagrun for example_external_task_marker_parent to None, run_after=None
[2022-08-25 00:19:20,583] {processor.py:161} INFO - Processing /home/airflow/.local/lib/python3.7/site-packages/airflow/example_dags/example_external_task_marker_dag.py took 0.126 seconds
[2022-08-25 00:19:50,742] {processor.py:153} INFO - Started process (PID=14860) to work on /home/airflow/.local/lib/python3.7/site-packages/airflow/example_dags/example_external_task_marker_dag.py
[2022-08-25 00:19:50,743] {processor.py:641} INFO - Processing file /home/airflow/.local/lib/python3.7/site-packages/airflow/example_dags/example_external_task_marker_dag.py for tasks to queue
[2022-08-25 00:19:50,744] {logging_mixin.py:115} INFO - [2022-08-25 00:19:50,744] {dagbag.py:508} INFO - Filling up the DagBag from /home/airflow/.local/lib/python3.7/site-packages/airflow/example_dags/example_external_task_marker_dag.py
[2022-08-25 00:19:50,750] {processor.py:651} INFO - DAG(s) dict_keys(['example_external_task_marker_parent', 'example_external_task_marker_child']) retrieved from /home/airflow/.local/lib/python3.7/site-packages/airflow/example_dags/example_external_task_marker_dag.py
[2022-08-25 00:19:50,826] {logging_mixin.py:115} INFO - [2022-08-25 00:19:50,826] {dag.py:2420} INFO - Sync 2 DAGs
[2022-08-25 00:19:50,868] {logging_mixin.py:115} INFO - [2022-08-25 00:19:50,868] {dag.py:2972} INFO - Setting next_dagrun for example_external_task_marker_child to None, run_after=None
[2022-08-25 00:19:50,869] {logging_mixin.py:115} INFO - [2022-08-25 00:19:50,869] {dag.py:2972} INFO - Setting next_dagrun for example_external_task_marker_parent to None, run_after=None
[2022-08-25 00:19:50,889] {processor.py:161} INFO - Processing /home/airflow/.local/lib/python3.7/site-packages/airflow/example_dags/example_external_task_marker_dag.py took 0.152 seconds
[2022-08-25 00:20:20,950] {processor.py:153} INFO - Started process (PID=15049) to work on /home/airflow/.local/lib/python3.7/site-packages/airflow/example_dags/example_external_task_marker_dag.py
[2022-08-25 00:20:20,951] {processor.py:641} INFO - Processing file /home/airflow/.local/lib/python3.7/site-packages/airflow/example_dags/example_external_task_marker_dag.py for tasks to queue
[2022-08-25 00:20:20,952] {logging_mixin.py:115} INFO - [2022-08-25 00:20:20,952] {dagbag.py:508} INFO - Filling up the DagBag from /home/airflow/.local/lib/python3.7/site-packages/airflow/example_dags/example_external_task_marker_dag.py
[2022-08-25 00:20:20,956] {processor.py:651} INFO - DAG(s) dict_keys(['example_external_task_marker_parent', 'example_external_task_marker_child']) retrieved from /home/airflow/.local/lib/python3.7/site-packages/airflow/example_dags/example_external_task_marker_dag.py
[2022-08-25 00:20:21,023] {logging_mixin.py:115} INFO - [2022-08-25 00:20:21,023] {dag.py:2420} INFO - Sync 2 DAGs
[2022-08-25 00:20:21,055] {logging_mixin.py:115} INFO - [2022-08-25 00:20:21,055] {dag.py:2972} INFO - Setting next_dagrun for example_external_task_marker_child to None, run_after=None
[2022-08-25 00:20:21,056] {logging_mixin.py:115} INFO - [2022-08-25 00:20:21,055] {dag.py:2972} INFO - Setting next_dagrun for example_external_task_marker_parent to None, run_after=None
[2022-08-25 00:20:21,074] {processor.py:161} INFO - Processing /home/airflow/.local/lib/python3.7/site-packages/airflow/example_dags/example_external_task_marker_dag.py took 0.127 seconds
[2022-08-25 00:20:51,519] {processor.py:153} INFO - Started process (PID=15253) to work on /home/airflow/.local/lib/python3.7/site-packages/airflow/example_dags/example_external_task_marker_dag.py
[2022-08-25 00:20:51,520] {processor.py:641} INFO - Processing file /home/airflow/.local/lib/python3.7/site-packages/airflow/example_dags/example_external_task_marker_dag.py for tasks to queue
[2022-08-25 00:20:51,521] {logging_mixin.py:115} INFO - [2022-08-25 00:20:51,521] {dagbag.py:508} INFO - Filling up the DagBag from /home/airflow/.local/lib/python3.7/site-packages/airflow/example_dags/example_external_task_marker_dag.py
[2022-08-25 00:20:51,526] {processor.py:651} INFO - DAG(s) dict_keys(['example_external_task_marker_parent', 'example_external_task_marker_child']) retrieved from /home/airflow/.local/lib/python3.7/site-packages/airflow/example_dags/example_external_task_marker_dag.py
[2022-08-25 00:20:51,595] {logging_mixin.py:115} INFO - [2022-08-25 00:20:51,595] {dag.py:2420} INFO - Sync 2 DAGs
[2022-08-25 00:20:51,626] {logging_mixin.py:115} INFO - [2022-08-25 00:20:51,626] {dag.py:2972} INFO - Setting next_dagrun for example_external_task_marker_child to None, run_after=None
[2022-08-25 00:20:51,627] {logging_mixin.py:115} INFO - [2022-08-25 00:20:51,627] {dag.py:2972} INFO - Setting next_dagrun for example_external_task_marker_parent to None, run_after=None
[2022-08-25 00:20:51,646] {processor.py:161} INFO - Processing /home/airflow/.local/lib/python3.7/site-packages/airflow/example_dags/example_external_task_marker_dag.py took 0.131 seconds
[2022-08-25 00:21:22,276] {processor.py:153} INFO - Started process (PID=15447) to work on /home/airflow/.local/lib/python3.7/site-packages/airflow/example_dags/example_external_task_marker_dag.py
[2022-08-25 00:21:22,277] {processor.py:641} INFO - Processing file /home/airflow/.local/lib/python3.7/site-packages/airflow/example_dags/example_external_task_marker_dag.py for tasks to queue
[2022-08-25 00:21:22,278] {logging_mixin.py:115} INFO - [2022-08-25 00:21:22,278] {dagbag.py:508} INFO - Filling up the DagBag from /home/airflow/.local/lib/python3.7/site-packages/airflow/example_dags/example_external_task_marker_dag.py
[2022-08-25 00:21:22,283] {processor.py:651} INFO - DAG(s) dict_keys(['example_external_task_marker_parent', 'example_external_task_marker_child']) retrieved from /home/airflow/.local/lib/python3.7/site-packages/airflow/example_dags/example_external_task_marker_dag.py
[2022-08-25 00:21:22,352] {logging_mixin.py:115} INFO - [2022-08-25 00:21:22,352] {dag.py:2420} INFO - Sync 2 DAGs
[2022-08-25 00:21:22,384] {logging_mixin.py:115} INFO - [2022-08-25 00:21:22,384] {dag.py:2972} INFO - Setting next_dagrun for example_external_task_marker_child to None, run_after=None
[2022-08-25 00:21:22,385] {logging_mixin.py:115} INFO - [2022-08-25 00:21:22,385] {dag.py:2972} INFO - Setting next_dagrun for example_external_task_marker_parent to None, run_after=None
[2022-08-25 00:21:22,405] {processor.py:161} INFO - Processing /home/airflow/.local/lib/python3.7/site-packages/airflow/example_dags/example_external_task_marker_dag.py took 0.133 seconds
[2022-08-25 00:21:52,633] {processor.py:153} INFO - Started process (PID=15650) to work on /home/airflow/.local/lib/python3.7/site-packages/airflow/example_dags/example_external_task_marker_dag.py
[2022-08-25 00:21:52,634] {processor.py:641} INFO - Processing file /home/airflow/.local/lib/python3.7/site-packages/airflow/example_dags/example_external_task_marker_dag.py for tasks to queue
[2022-08-25 00:21:52,635] {logging_mixin.py:115} INFO - [2022-08-25 00:21:52,635] {dagbag.py:508} INFO - Filling up the DagBag from /home/airflow/.local/lib/python3.7/site-packages/airflow/example_dags/example_external_task_marker_dag.py
[2022-08-25 00:21:52,641] {processor.py:651} INFO - DAG(s) dict_keys(['example_external_task_marker_parent', 'example_external_task_marker_child']) retrieved from /home/airflow/.local/lib/python3.7/site-packages/airflow/example_dags/example_external_task_marker_dag.py
[2022-08-25 00:21:52,719] {logging_mixin.py:115} INFO - [2022-08-25 00:21:52,718] {dag.py:2420} INFO - Sync 2 DAGs
[2022-08-25 00:21:52,759] {logging_mixin.py:115} INFO - [2022-08-25 00:21:52,759] {dag.py:2972} INFO - Setting next_dagrun for example_external_task_marker_child to None, run_after=None
[2022-08-25 00:21:52,760] {logging_mixin.py:115} INFO - [2022-08-25 00:21:52,760] {dag.py:2972} INFO - Setting next_dagrun for example_external_task_marker_parent to None, run_after=None
[2022-08-25 00:21:52,782] {processor.py:161} INFO - Processing /home/airflow/.local/lib/python3.7/site-packages/airflow/example_dags/example_external_task_marker_dag.py took 0.153 seconds
[2022-08-25 00:22:23,014] {processor.py:153} INFO - Started process (PID=15849) to work on /home/airflow/.local/lib/python3.7/site-packages/airflow/example_dags/example_external_task_marker_dag.py
[2022-08-25 00:22:23,015] {processor.py:641} INFO - Processing file /home/airflow/.local/lib/python3.7/site-packages/airflow/example_dags/example_external_task_marker_dag.py for tasks to queue
[2022-08-25 00:22:23,016] {logging_mixin.py:115} INFO - [2022-08-25 00:22:23,016] {dagbag.py:508} INFO - Filling up the DagBag from /home/airflow/.local/lib/python3.7/site-packages/airflow/example_dags/example_external_task_marker_dag.py
[2022-08-25 00:22:23,022] {processor.py:651} INFO - DAG(s) dict_keys(['example_external_task_marker_parent', 'example_external_task_marker_child']) retrieved from /home/airflow/.local/lib/python3.7/site-packages/airflow/example_dags/example_external_task_marker_dag.py
[2022-08-25 00:22:23,101] {logging_mixin.py:115} INFO - [2022-08-25 00:22:23,100] {dag.py:2420} INFO - Sync 2 DAGs
[2022-08-25 00:22:23,131] {logging_mixin.py:115} INFO - [2022-08-25 00:22:23,131] {dag.py:2972} INFO - Setting next_dagrun for example_external_task_marker_child to None, run_after=None
[2022-08-25 00:22:23,132] {logging_mixin.py:115} INFO - [2022-08-25 00:22:23,132] {dag.py:2972} INFO - Setting next_dagrun for example_external_task_marker_parent to None, run_after=None
[2022-08-25 00:22:23,155] {processor.py:161} INFO - Processing /home/airflow/.local/lib/python3.7/site-packages/airflow/example_dags/example_external_task_marker_dag.py took 0.146 seconds
[2022-08-25 00:22:53,405] {processor.py:153} INFO - Started process (PID=16052) to work on /home/airflow/.local/lib/python3.7/site-packages/airflow/example_dags/example_external_task_marker_dag.py
[2022-08-25 00:22:53,406] {processor.py:641} INFO - Processing file /home/airflow/.local/lib/python3.7/site-packages/airflow/example_dags/example_external_task_marker_dag.py for tasks to queue
[2022-08-25 00:22:53,407] {logging_mixin.py:115} INFO - [2022-08-25 00:22:53,407] {dagbag.py:508} INFO - Filling up the DagBag from /home/airflow/.local/lib/python3.7/site-packages/airflow/example_dags/example_external_task_marker_dag.py
[2022-08-25 00:22:53,411] {processor.py:651} INFO - DAG(s) dict_keys(['example_external_task_marker_parent', 'example_external_task_marker_child']) retrieved from /home/airflow/.local/lib/python3.7/site-packages/airflow/example_dags/example_external_task_marker_dag.py
[2022-08-25 00:22:53,481] {logging_mixin.py:115} INFO - [2022-08-25 00:22:53,481] {dag.py:2420} INFO - Sync 2 DAGs
[2022-08-25 00:22:53,512] {logging_mixin.py:115} INFO - [2022-08-25 00:22:53,511] {dag.py:2972} INFO - Setting next_dagrun for example_external_task_marker_child to None, run_after=None
[2022-08-25 00:22:53,513] {logging_mixin.py:115} INFO - [2022-08-25 00:22:53,513] {dag.py:2972} INFO - Setting next_dagrun for example_external_task_marker_parent to None, run_after=None
[2022-08-25 00:22:53,532] {processor.py:161} INFO - Processing /home/airflow/.local/lib/python3.7/site-packages/airflow/example_dags/example_external_task_marker_dag.py took 0.132 seconds
[2022-08-25 00:23:23,598] {processor.py:153} INFO - Started process (PID=16246) to work on /home/airflow/.local/lib/python3.7/site-packages/airflow/example_dags/example_external_task_marker_dag.py
[2022-08-25 00:23:23,599] {processor.py:641} INFO - Processing file /home/airflow/.local/lib/python3.7/site-packages/airflow/example_dags/example_external_task_marker_dag.py for tasks to queue
[2022-08-25 00:23:23,600] {logging_mixin.py:115} INFO - [2022-08-25 00:23:23,600] {dagbag.py:508} INFO - Filling up the DagBag from /home/airflow/.local/lib/python3.7/site-packages/airflow/example_dags/example_external_task_marker_dag.py
[2022-08-25 00:23:23,606] {processor.py:651} INFO - DAG(s) dict_keys(['example_external_task_marker_parent', 'example_external_task_marker_child']) retrieved from /home/airflow/.local/lib/python3.7/site-packages/airflow/example_dags/example_external_task_marker_dag.py
[2022-08-25 00:23:23,674] {logging_mixin.py:115} INFO - [2022-08-25 00:23:23,674] {dag.py:2420} INFO - Sync 2 DAGs
[2022-08-25 00:23:23,703] {logging_mixin.py:115} INFO - [2022-08-25 00:23:23,703] {dag.py:2972} INFO - Setting next_dagrun for example_external_task_marker_child to None, run_after=None
[2022-08-25 00:23:23,704] {logging_mixin.py:115} INFO - [2022-08-25 00:23:23,704] {dag.py:2972} INFO - Setting next_dagrun for example_external_task_marker_parent to None, run_after=None
[2022-08-25 00:23:23,721] {processor.py:161} INFO - Processing /home/airflow/.local/lib/python3.7/site-packages/airflow/example_dags/example_external_task_marker_dag.py took 0.127 seconds
[2022-08-25 00:23:54,468] {processor.py:153} INFO - Started process (PID=16444) to work on /home/airflow/.local/lib/python3.7/site-packages/airflow/example_dags/example_external_task_marker_dag.py
[2022-08-25 00:23:54,469] {processor.py:641} INFO - Processing file /home/airflow/.local/lib/python3.7/site-packages/airflow/example_dags/example_external_task_marker_dag.py for tasks to queue
[2022-08-25 00:23:54,470] {logging_mixin.py:115} INFO - [2022-08-25 00:23:54,470] {dagbag.py:508} INFO - Filling up the DagBag from /home/airflow/.local/lib/python3.7/site-packages/airflow/example_dags/example_external_task_marker_dag.py
[2022-08-25 00:23:54,477] {processor.py:651} INFO - DAG(s) dict_keys(['example_external_task_marker_parent', 'example_external_task_marker_child']) retrieved from /home/airflow/.local/lib/python3.7/site-packages/airflow/example_dags/example_external_task_marker_dag.py
[2022-08-25 00:23:54,549] {logging_mixin.py:115} INFO - [2022-08-25 00:23:54,549] {dag.py:2420} INFO - Sync 2 DAGs
[2022-08-25 00:23:54,583] {logging_mixin.py:115} INFO - [2022-08-25 00:23:54,583] {dag.py:2972} INFO - Setting next_dagrun for example_external_task_marker_child to None, run_after=None
[2022-08-25 00:23:54,584] {logging_mixin.py:115} INFO - [2022-08-25 00:23:54,584] {dag.py:2972} INFO - Setting next_dagrun for example_external_task_marker_parent to None, run_after=None
[2022-08-25 00:23:54,601] {processor.py:161} INFO - Processing /home/airflow/.local/lib/python3.7/site-packages/airflow/example_dags/example_external_task_marker_dag.py took 0.138 seconds
[2022-08-25 00:24:25,130] {processor.py:153} INFO - Started process (PID=16638) to work on /home/airflow/.local/lib/python3.7/site-packages/airflow/example_dags/example_external_task_marker_dag.py
[2022-08-25 00:24:25,130] {processor.py:641} INFO - Processing file /home/airflow/.local/lib/python3.7/site-packages/airflow/example_dags/example_external_task_marker_dag.py for tasks to queue
[2022-08-25 00:24:25,131] {logging_mixin.py:115} INFO - [2022-08-25 00:24:25,131] {dagbag.py:508} INFO - Filling up the DagBag from /home/airflow/.local/lib/python3.7/site-packages/airflow/example_dags/example_external_task_marker_dag.py
[2022-08-25 00:24:25,137] {processor.py:651} INFO - DAG(s) dict_keys(['example_external_task_marker_parent', 'example_external_task_marker_child']) retrieved from /home/airflow/.local/lib/python3.7/site-packages/airflow/example_dags/example_external_task_marker_dag.py
[2022-08-25 00:24:25,204] {logging_mixin.py:115} INFO - [2022-08-25 00:24:25,204] {dag.py:2420} INFO - Sync 2 DAGs
[2022-08-25 00:24:25,232] {logging_mixin.py:115} INFO - [2022-08-25 00:24:25,232] {dag.py:2972} INFO - Setting next_dagrun for example_external_task_marker_child to None, run_after=None
[2022-08-25 00:24:25,233] {logging_mixin.py:115} INFO - [2022-08-25 00:24:25,233] {dag.py:2972} INFO - Setting next_dagrun for example_external_task_marker_parent to None, run_after=None
[2022-08-25 00:24:25,257] {processor.py:161} INFO - Processing /home/airflow/.local/lib/python3.7/site-packages/airflow/example_dags/example_external_task_marker_dag.py took 0.131 seconds
[2022-08-25 00:24:55,814] {processor.py:153} INFO - Started process (PID=16842) to work on /home/airflow/.local/lib/python3.7/site-packages/airflow/example_dags/example_external_task_marker_dag.py
[2022-08-25 00:24:55,815] {processor.py:641} INFO - Processing file /home/airflow/.local/lib/python3.7/site-packages/airflow/example_dags/example_external_task_marker_dag.py for tasks to queue
[2022-08-25 00:24:55,816] {logging_mixin.py:115} INFO - [2022-08-25 00:24:55,816] {dagbag.py:508} INFO - Filling up the DagBag from /home/airflow/.local/lib/python3.7/site-packages/airflow/example_dags/example_external_task_marker_dag.py
[2022-08-25 00:24:55,821] {processor.py:651} INFO - DAG(s) dict_keys(['example_external_task_marker_parent', 'example_external_task_marker_child']) retrieved from /home/airflow/.local/lib/python3.7/site-packages/airflow/example_dags/example_external_task_marker_dag.py
[2022-08-25 00:24:55,896] {logging_mixin.py:115} INFO - [2022-08-25 00:24:55,896] {dag.py:2420} INFO - Sync 2 DAGs
[2022-08-25 00:24:55,935] {logging_mixin.py:115} INFO - [2022-08-25 00:24:55,935] {dag.py:2972} INFO - Setting next_dagrun for example_external_task_marker_child to None, run_after=None
[2022-08-25 00:24:55,936] {logging_mixin.py:115} INFO - [2022-08-25 00:24:55,936] {dag.py:2972} INFO - Setting next_dagrun for example_external_task_marker_parent to None, run_after=None
[2022-08-25 00:24:55,962] {processor.py:161} INFO - Processing /home/airflow/.local/lib/python3.7/site-packages/airflow/example_dags/example_external_task_marker_dag.py took 0.152 seconds
[2022-08-25 00:25:26,165] {processor.py:153} INFO - Started process (PID=17036) to work on /home/airflow/.local/lib/python3.7/site-packages/airflow/example_dags/example_external_task_marker_dag.py
[2022-08-25 00:25:26,166] {processor.py:641} INFO - Processing file /home/airflow/.local/lib/python3.7/site-packages/airflow/example_dags/example_external_task_marker_dag.py for tasks to queue
[2022-08-25 00:25:26,167] {logging_mixin.py:115} INFO - [2022-08-25 00:25:26,167] {dagbag.py:508} INFO - Filling up the DagBag from /home/airflow/.local/lib/python3.7/site-packages/airflow/example_dags/example_external_task_marker_dag.py
[2022-08-25 00:25:26,174] {processor.py:651} INFO - DAG(s) dict_keys(['example_external_task_marker_parent', 'example_external_task_marker_child']) retrieved from /home/airflow/.local/lib/python3.7/site-packages/airflow/example_dags/example_external_task_marker_dag.py
[2022-08-25 00:25:26,248] {logging_mixin.py:115} INFO - [2022-08-25 00:25:26,248] {dag.py:2420} INFO - Sync 2 DAGs
[2022-08-25 00:25:26,276] {logging_mixin.py:115} INFO - [2022-08-25 00:25:26,275] {dag.py:2972} INFO - Setting next_dagrun for example_external_task_marker_child to None, run_after=None
[2022-08-25 00:25:26,276] {logging_mixin.py:115} INFO - [2022-08-25 00:25:26,276] {dag.py:2972} INFO - Setting next_dagrun for example_external_task_marker_parent to None, run_after=None
[2022-08-25 00:25:26,302] {processor.py:161} INFO - Processing /home/airflow/.local/lib/python3.7/site-packages/airflow/example_dags/example_external_task_marker_dag.py took 0.140 seconds
[2022-08-25 00:25:56,700] {processor.py:153} INFO - Started process (PID=17239) to work on /home/airflow/.local/lib/python3.7/site-packages/airflow/example_dags/example_external_task_marker_dag.py
[2022-08-25 00:25:56,701] {processor.py:641} INFO - Processing file /home/airflow/.local/lib/python3.7/site-packages/airflow/example_dags/example_external_task_marker_dag.py for tasks to queue
[2022-08-25 00:25:56,702] {logging_mixin.py:115} INFO - [2022-08-25 00:25:56,701] {dagbag.py:508} INFO - Filling up the DagBag from /home/airflow/.local/lib/python3.7/site-packages/airflow/example_dags/example_external_task_marker_dag.py
[2022-08-25 00:25:56,709] {processor.py:651} INFO - DAG(s) dict_keys(['example_external_task_marker_parent', 'example_external_task_marker_child']) retrieved from /home/airflow/.local/lib/python3.7/site-packages/airflow/example_dags/example_external_task_marker_dag.py
[2022-08-25 00:25:56,788] {logging_mixin.py:115} INFO - [2022-08-25 00:25:56,787] {dag.py:2420} INFO - Sync 2 DAGs
[2022-08-25 00:25:56,816] {logging_mixin.py:115} INFO - [2022-08-25 00:25:56,816] {dag.py:2972} INFO - Setting next_dagrun for example_external_task_marker_child to None, run_after=None
[2022-08-25 00:25:56,817] {logging_mixin.py:115} INFO - [2022-08-25 00:25:56,817] {dag.py:2972} INFO - Setting next_dagrun for example_external_task_marker_parent to None, run_after=None
[2022-08-25 00:25:56,834] {processor.py:161} INFO - Processing /home/airflow/.local/lib/python3.7/site-packages/airflow/example_dags/example_external_task_marker_dag.py took 0.141 seconds
[2022-08-25 00:26:27,288] {processor.py:153} INFO - Started process (PID=17433) to work on /home/airflow/.local/lib/python3.7/site-packages/airflow/example_dags/example_external_task_marker_dag.py
[2022-08-25 00:26:27,289] {processor.py:641} INFO - Processing file /home/airflow/.local/lib/python3.7/site-packages/airflow/example_dags/example_external_task_marker_dag.py for tasks to queue
[2022-08-25 00:26:27,290] {logging_mixin.py:115} INFO - [2022-08-25 00:26:27,290] {dagbag.py:508} INFO - Filling up the DagBag from /home/airflow/.local/lib/python3.7/site-packages/airflow/example_dags/example_external_task_marker_dag.py
[2022-08-25 00:26:27,297] {processor.py:651} INFO - DAG(s) dict_keys(['example_external_task_marker_parent', 'example_external_task_marker_child']) retrieved from /home/airflow/.local/lib/python3.7/site-packages/airflow/example_dags/example_external_task_marker_dag.py
[2022-08-25 00:26:27,365] {logging_mixin.py:115} INFO - [2022-08-25 00:26:27,365] {dag.py:2420} INFO - Sync 2 DAGs
[2022-08-25 00:26:27,396] {logging_mixin.py:115} INFO - [2022-08-25 00:26:27,396] {dag.py:2972} INFO - Setting next_dagrun for example_external_task_marker_child to None, run_after=None
[2022-08-25 00:26:27,397] {logging_mixin.py:115} INFO - [2022-08-25 00:26:27,397] {dag.py:2972} INFO - Setting next_dagrun for example_external_task_marker_parent to None, run_after=None
[2022-08-25 00:26:27,422] {processor.py:161} INFO - Processing /home/airflow/.local/lib/python3.7/site-packages/airflow/example_dags/example_external_task_marker_dag.py took 0.137 seconds
[2022-08-25 00:26:58,038] {processor.py:153} INFO - Started process (PID=17638) to work on /home/airflow/.local/lib/python3.7/site-packages/airflow/example_dags/example_external_task_marker_dag.py
[2022-08-25 00:26:58,039] {processor.py:641} INFO - Processing file /home/airflow/.local/lib/python3.7/site-packages/airflow/example_dags/example_external_task_marker_dag.py for tasks to queue
[2022-08-25 00:26:58,040] {logging_mixin.py:115} INFO - [2022-08-25 00:26:58,039] {dagbag.py:508} INFO - Filling up the DagBag from /home/airflow/.local/lib/python3.7/site-packages/airflow/example_dags/example_external_task_marker_dag.py
[2022-08-25 00:26:58,045] {processor.py:651} INFO - DAG(s) dict_keys(['example_external_task_marker_parent', 'example_external_task_marker_child']) retrieved from /home/airflow/.local/lib/python3.7/site-packages/airflow/example_dags/example_external_task_marker_dag.py
[2022-08-25 00:26:58,107] {logging_mixin.py:115} INFO - [2022-08-25 00:26:58,107] {dag.py:2420} INFO - Sync 2 DAGs
[2022-08-25 00:26:58,133] {logging_mixin.py:115} INFO - [2022-08-25 00:26:58,133] {dag.py:2972} INFO - Setting next_dagrun for example_external_task_marker_child to None, run_after=None
[2022-08-25 00:26:58,134] {logging_mixin.py:115} INFO - [2022-08-25 00:26:58,134] {dag.py:2972} INFO - Setting next_dagrun for example_external_task_marker_parent to None, run_after=None
[2022-08-25 00:26:58,158] {processor.py:161} INFO - Processing /home/airflow/.local/lib/python3.7/site-packages/airflow/example_dags/example_external_task_marker_dag.py took 0.124 seconds
[2022-08-25 00:27:28,513] {processor.py:153} INFO - Started process (PID=17832) to work on /home/airflow/.local/lib/python3.7/site-packages/airflow/example_dags/example_external_task_marker_dag.py
[2022-08-25 00:27:28,514] {processor.py:641} INFO - Processing file /home/airflow/.local/lib/python3.7/site-packages/airflow/example_dags/example_external_task_marker_dag.py for tasks to queue
[2022-08-25 00:27:28,515] {logging_mixin.py:115} INFO - [2022-08-25 00:27:28,515] {dagbag.py:508} INFO - Filling up the DagBag from /home/airflow/.local/lib/python3.7/site-packages/airflow/example_dags/example_external_task_marker_dag.py
[2022-08-25 00:27:28,521] {processor.py:651} INFO - DAG(s) dict_keys(['example_external_task_marker_parent', 'example_external_task_marker_child']) retrieved from /home/airflow/.local/lib/python3.7/site-packages/airflow/example_dags/example_external_task_marker_dag.py
[2022-08-25 00:27:28,585] {logging_mixin.py:115} INFO - [2022-08-25 00:27:28,585] {dag.py:2420} INFO - Sync 2 DAGs
[2022-08-25 00:27:28,620] {logging_mixin.py:115} INFO - [2022-08-25 00:27:28,620] {dag.py:2972} INFO - Setting next_dagrun for example_external_task_marker_child to None, run_after=None
[2022-08-25 00:27:28,621] {logging_mixin.py:115} INFO - [2022-08-25 00:27:28,621] {dag.py:2972} INFO - Setting next_dagrun for example_external_task_marker_parent to None, run_after=None
[2022-08-25 00:27:28,640] {processor.py:161} INFO - Processing /home/airflow/.local/lib/python3.7/site-packages/airflow/example_dags/example_external_task_marker_dag.py took 0.131 seconds
[2022-08-25 00:27:59,110] {processor.py:153} INFO - Started process (PID=18033) to work on /home/airflow/.local/lib/python3.7/site-packages/airflow/example_dags/example_external_task_marker_dag.py
[2022-08-25 00:27:59,111] {processor.py:641} INFO - Processing file /home/airflow/.local/lib/python3.7/site-packages/airflow/example_dags/example_external_task_marker_dag.py for tasks to queue
[2022-08-25 00:27:59,112] {logging_mixin.py:115} INFO - [2022-08-25 00:27:59,112] {dagbag.py:508} INFO - Filling up the DagBag from /home/airflow/.local/lib/python3.7/site-packages/airflow/example_dags/example_external_task_marker_dag.py
[2022-08-25 00:27:59,116] {processor.py:651} INFO - DAG(s) dict_keys(['example_external_task_marker_parent', 'example_external_task_marker_child']) retrieved from /home/airflow/.local/lib/python3.7/site-packages/airflow/example_dags/example_external_task_marker_dag.py
[2022-08-25 00:27:59,175] {logging_mixin.py:115} INFO - [2022-08-25 00:27:59,175] {dag.py:2420} INFO - Sync 2 DAGs
[2022-08-25 00:27:59,202] {logging_mixin.py:115} INFO - [2022-08-25 00:27:59,202] {dag.py:2972} INFO - Setting next_dagrun for example_external_task_marker_child to None, run_after=None
[2022-08-25 00:27:59,203] {logging_mixin.py:115} INFO - [2022-08-25 00:27:59,203] {dag.py:2972} INFO - Setting next_dagrun for example_external_task_marker_parent to None, run_after=None
[2022-08-25 00:27:59,226] {processor.py:161} INFO - Processing /home/airflow/.local/lib/python3.7/site-packages/airflow/example_dags/example_external_task_marker_dag.py took 0.119 seconds
[2022-08-25 00:28:29,422] {processor.py:153} INFO - Started process (PID=18227) to work on /home/airflow/.local/lib/python3.7/site-packages/airflow/example_dags/example_external_task_marker_dag.py
[2022-08-25 00:28:29,423] {processor.py:641} INFO - Processing file /home/airflow/.local/lib/python3.7/site-packages/airflow/example_dags/example_external_task_marker_dag.py for tasks to queue
[2022-08-25 00:28:29,424] {logging_mixin.py:115} INFO - [2022-08-25 00:28:29,423] {dagbag.py:508} INFO - Filling up the DagBag from /home/airflow/.local/lib/python3.7/site-packages/airflow/example_dags/example_external_task_marker_dag.py
[2022-08-25 00:28:29,428] {processor.py:651} INFO - DAG(s) dict_keys(['example_external_task_marker_parent', 'example_external_task_marker_child']) retrieved from /home/airflow/.local/lib/python3.7/site-packages/airflow/example_dags/example_external_task_marker_dag.py
[2022-08-25 00:28:29,493] {logging_mixin.py:115} INFO - [2022-08-25 00:28:29,493] {dag.py:2420} INFO - Sync 2 DAGs
[2022-08-25 00:28:29,520] {logging_mixin.py:115} INFO - [2022-08-25 00:28:29,520] {dag.py:2972} INFO - Setting next_dagrun for example_external_task_marker_child to None, run_after=None
[2022-08-25 00:28:29,520] {logging_mixin.py:115} INFO - [2022-08-25 00:28:29,520] {dag.py:2972} INFO - Setting next_dagrun for example_external_task_marker_parent to None, run_after=None
[2022-08-25 00:28:29,537] {processor.py:161} INFO - Processing /home/airflow/.local/lib/python3.7/site-packages/airflow/example_dags/example_external_task_marker_dag.py took 0.119 seconds
[2022-08-25 00:29:00,377] {processor.py:153} INFO - Started process (PID=18430) to work on /home/airflow/.local/lib/python3.7/site-packages/airflow/example_dags/example_external_task_marker_dag.py
[2022-08-25 00:29:00,378] {processor.py:641} INFO - Processing file /home/airflow/.local/lib/python3.7/site-packages/airflow/example_dags/example_external_task_marker_dag.py for tasks to queue
[2022-08-25 00:29:00,379] {logging_mixin.py:115} INFO - [2022-08-25 00:29:00,379] {dagbag.py:508} INFO - Filling up the DagBag from /home/airflow/.local/lib/python3.7/site-packages/airflow/example_dags/example_external_task_marker_dag.py
[2022-08-25 00:29:00,384] {processor.py:651} INFO - DAG(s) dict_keys(['example_external_task_marker_parent', 'example_external_task_marker_child']) retrieved from /home/airflow/.local/lib/python3.7/site-packages/airflow/example_dags/example_external_task_marker_dag.py
[2022-08-25 00:29:00,439] {logging_mixin.py:115} INFO - [2022-08-25 00:29:00,439] {dag.py:2420} INFO - Sync 2 DAGs
[2022-08-25 00:29:00,466] {logging_mixin.py:115} INFO - [2022-08-25 00:29:00,466] {dag.py:2972} INFO - Setting next_dagrun for example_external_task_marker_child to None, run_after=None
[2022-08-25 00:29:00,466] {logging_mixin.py:115} INFO - [2022-08-25 00:29:00,466] {dag.py:2972} INFO - Setting next_dagrun for example_external_task_marker_parent to None, run_after=None
[2022-08-25 00:29:00,481] {processor.py:161} INFO - Processing /home/airflow/.local/lib/python3.7/site-packages/airflow/example_dags/example_external_task_marker_dag.py took 0.107 seconds
[2022-08-25 00:29:30,772] {processor.py:153} INFO - Started process (PID=18624) to work on /home/airflow/.local/lib/python3.7/site-packages/airflow/example_dags/example_external_task_marker_dag.py
[2022-08-25 00:29:30,773] {processor.py:641} INFO - Processing file /home/airflow/.local/lib/python3.7/site-packages/airflow/example_dags/example_external_task_marker_dag.py for tasks to queue
[2022-08-25 00:29:30,774] {logging_mixin.py:115} INFO - [2022-08-25 00:29:30,773] {dagbag.py:508} INFO - Filling up the DagBag from /home/airflow/.local/lib/python3.7/site-packages/airflow/example_dags/example_external_task_marker_dag.py
[2022-08-25 00:29:30,778] {processor.py:651} INFO - DAG(s) dict_keys(['example_external_task_marker_parent', 'example_external_task_marker_child']) retrieved from /home/airflow/.local/lib/python3.7/site-packages/airflow/example_dags/example_external_task_marker_dag.py
[2022-08-25 00:29:30,846] {logging_mixin.py:115} INFO - [2022-08-25 00:29:30,846] {dag.py:2420} INFO - Sync 2 DAGs
[2022-08-25 00:29:30,878] {logging_mixin.py:115} INFO - [2022-08-25 00:29:30,878] {dag.py:2972} INFO - Setting next_dagrun for example_external_task_marker_child to None, run_after=None
[2022-08-25 00:29:30,880] {logging_mixin.py:115} INFO - [2022-08-25 00:29:30,879] {dag.py:2972} INFO - Setting next_dagrun for example_external_task_marker_parent to None, run_after=None
[2022-08-25 00:29:30,910] {processor.py:161} INFO - Processing /home/airflow/.local/lib/python3.7/site-packages/airflow/example_dags/example_external_task_marker_dag.py took 0.141 seconds
[2022-08-25 00:30:01,347] {processor.py:153} INFO - Started process (PID=18822) to work on /home/airflow/.local/lib/python3.7/site-packages/airflow/example_dags/example_external_task_marker_dag.py
[2022-08-25 00:30:01,348] {processor.py:641} INFO - Processing file /home/airflow/.local/lib/python3.7/site-packages/airflow/example_dags/example_external_task_marker_dag.py for tasks to queue
[2022-08-25 00:30:01,349] {logging_mixin.py:115} INFO - [2022-08-25 00:30:01,349] {dagbag.py:508} INFO - Filling up the DagBag from /home/airflow/.local/lib/python3.7/site-packages/airflow/example_dags/example_external_task_marker_dag.py
[2022-08-25 00:30:01,354] {processor.py:651} INFO - DAG(s) dict_keys(['example_external_task_marker_parent', 'example_external_task_marker_child']) retrieved from /home/airflow/.local/lib/python3.7/site-packages/airflow/example_dags/example_external_task_marker_dag.py
[2022-08-25 00:30:01,414] {logging_mixin.py:115} INFO - [2022-08-25 00:30:01,414] {dag.py:2420} INFO - Sync 2 DAGs
[2022-08-25 00:30:01,445] {logging_mixin.py:115} INFO - [2022-08-25 00:30:01,445] {dag.py:2972} INFO - Setting next_dagrun for example_external_task_marker_child to None, run_after=None
[2022-08-25 00:30:01,446] {logging_mixin.py:115} INFO - [2022-08-25 00:30:01,446] {dag.py:2972} INFO - Setting next_dagrun for example_external_task_marker_parent to None, run_after=None
[2022-08-25 00:30:01,469] {processor.py:161} INFO - Processing /home/airflow/.local/lib/python3.7/site-packages/airflow/example_dags/example_external_task_marker_dag.py took 0.124 seconds
[2022-08-25 00:30:31,764] {processor.py:153} INFO - Started process (PID=19016) to work on /home/airflow/.local/lib/python3.7/site-packages/airflow/example_dags/example_external_task_marker_dag.py
[2022-08-25 00:30:31,765] {processor.py:641} INFO - Processing file /home/airflow/.local/lib/python3.7/site-packages/airflow/example_dags/example_external_task_marker_dag.py for tasks to queue
[2022-08-25 00:30:31,766] {logging_mixin.py:115} INFO - [2022-08-25 00:30:31,766] {dagbag.py:508} INFO - Filling up the DagBag from /home/airflow/.local/lib/python3.7/site-packages/airflow/example_dags/example_external_task_marker_dag.py
[2022-08-25 00:30:31,772] {processor.py:651} INFO - DAG(s) dict_keys(['example_external_task_marker_parent', 'example_external_task_marker_child']) retrieved from /home/airflow/.local/lib/python3.7/site-packages/airflow/example_dags/example_external_task_marker_dag.py
[2022-08-25 00:30:31,859] {logging_mixin.py:115} INFO - [2022-08-25 00:30:31,859] {dag.py:2420} INFO - Sync 2 DAGs
[2022-08-25 00:30:31,889] {logging_mixin.py:115} INFO - [2022-08-25 00:30:31,888] {dag.py:2972} INFO - Setting next_dagrun for example_external_task_marker_child to None, run_after=None
[2022-08-25 00:30:31,890] {logging_mixin.py:115} INFO - [2022-08-25 00:30:31,890] {dag.py:2972} INFO - Setting next_dagrun for example_external_task_marker_parent to None, run_after=None
[2022-08-25 00:30:31,917] {processor.py:161} INFO - Processing /home/airflow/.local/lib/python3.7/site-packages/airflow/example_dags/example_external_task_marker_dag.py took 0.156 seconds
[2022-08-25 00:31:02,292] {processor.py:153} INFO - Started process (PID=19224) to work on /home/airflow/.local/lib/python3.7/site-packages/airflow/example_dags/example_external_task_marker_dag.py
[2022-08-25 00:31:02,293] {processor.py:641} INFO - Processing file /home/airflow/.local/lib/python3.7/site-packages/airflow/example_dags/example_external_task_marker_dag.py for tasks to queue
[2022-08-25 00:31:02,294] {logging_mixin.py:115} INFO - [2022-08-25 00:31:02,294] {dagbag.py:508} INFO - Filling up the DagBag from /home/airflow/.local/lib/python3.7/site-packages/airflow/example_dags/example_external_task_marker_dag.py
[2022-08-25 00:31:02,298] {processor.py:651} INFO - DAG(s) dict_keys(['example_external_task_marker_parent', 'example_external_task_marker_child']) retrieved from /home/airflow/.local/lib/python3.7/site-packages/airflow/example_dags/example_external_task_marker_dag.py
[2022-08-25 00:31:02,357] {logging_mixin.py:115} INFO - [2022-08-25 00:31:02,357] {dag.py:2420} INFO - Sync 2 DAGs
[2022-08-25 00:31:02,388] {logging_mixin.py:115} INFO - [2022-08-25 00:31:02,387] {dag.py:2972} INFO - Setting next_dagrun for example_external_task_marker_child to None, run_after=None
[2022-08-25 00:31:02,388] {logging_mixin.py:115} INFO - [2022-08-25 00:31:02,388] {dag.py:2972} INFO - Setting next_dagrun for example_external_task_marker_parent to None, run_after=None
[2022-08-25 00:31:02,415] {processor.py:161} INFO - Processing /home/airflow/.local/lib/python3.7/site-packages/airflow/example_dags/example_external_task_marker_dag.py took 0.126 seconds
[2022-08-25 00:31:32,744] {processor.py:153} INFO - Started process (PID=19418) to work on /home/airflow/.local/lib/python3.7/site-packages/airflow/example_dags/example_external_task_marker_dag.py
[2022-08-25 00:31:32,745] {processor.py:641} INFO - Processing file /home/airflow/.local/lib/python3.7/site-packages/airflow/example_dags/example_external_task_marker_dag.py for tasks to queue
[2022-08-25 00:31:32,746] {logging_mixin.py:115} INFO - [2022-08-25 00:31:32,746] {dagbag.py:508} INFO - Filling up the DagBag from /home/airflow/.local/lib/python3.7/site-packages/airflow/example_dags/example_external_task_marker_dag.py
[2022-08-25 00:31:32,753] {processor.py:651} INFO - DAG(s) dict_keys(['example_external_task_marker_parent', 'example_external_task_marker_child']) retrieved from /home/airflow/.local/lib/python3.7/site-packages/airflow/example_dags/example_external_task_marker_dag.py
[2022-08-25 00:31:32,816] {logging_mixin.py:115} INFO - [2022-08-25 00:31:32,816] {dag.py:2420} INFO - Sync 2 DAGs
[2022-08-25 00:31:32,841] {logging_mixin.py:115} INFO - [2022-08-25 00:31:32,841] {dag.py:2972} INFO - Setting next_dagrun for example_external_task_marker_child to None, run_after=None
[2022-08-25 00:31:32,842] {logging_mixin.py:115} INFO - [2022-08-25 00:31:32,842] {dag.py:2972} INFO - Setting next_dagrun for example_external_task_marker_parent to None, run_after=None
[2022-08-25 00:31:32,859] {processor.py:161} INFO - Processing /home/airflow/.local/lib/python3.7/site-packages/airflow/example_dags/example_external_task_marker_dag.py took 0.119 seconds
[2022-08-25 00:32:03,490] {processor.py:153} INFO - Started process (PID=19621) to work on /home/airflow/.local/lib/python3.7/site-packages/airflow/example_dags/example_external_task_marker_dag.py
[2022-08-25 00:32:03,491] {processor.py:641} INFO - Processing file /home/airflow/.local/lib/python3.7/site-packages/airflow/example_dags/example_external_task_marker_dag.py for tasks to queue
[2022-08-25 00:32:03,492] {logging_mixin.py:115} INFO - [2022-08-25 00:32:03,492] {dagbag.py:508} INFO - Filling up the DagBag from /home/airflow/.local/lib/python3.7/site-packages/airflow/example_dags/example_external_task_marker_dag.py
[2022-08-25 00:32:03,498] {processor.py:651} INFO - DAG(s) dict_keys(['example_external_task_marker_parent', 'example_external_task_marker_child']) retrieved from /home/airflow/.local/lib/python3.7/site-packages/airflow/example_dags/example_external_task_marker_dag.py
[2022-08-25 00:32:03,562] {logging_mixin.py:115} INFO - [2022-08-25 00:32:03,562] {dag.py:2420} INFO - Sync 2 DAGs
[2022-08-25 00:32:03,588] {logging_mixin.py:115} INFO - [2022-08-25 00:32:03,588] {dag.py:2972} INFO - Setting next_dagrun for example_external_task_marker_child to None, run_after=None
[2022-08-25 00:32:03,588] {logging_mixin.py:115} INFO - [2022-08-25 00:32:03,588] {dag.py:2972} INFO - Setting next_dagrun for example_external_task_marker_parent to None, run_after=None
[2022-08-25 00:32:03,605] {processor.py:161} INFO - Processing /home/airflow/.local/lib/python3.7/site-packages/airflow/example_dags/example_external_task_marker_dag.py took 0.118 seconds
[2022-08-25 00:32:33,787] {processor.py:153} INFO - Started process (PID=19815) to work on /home/airflow/.local/lib/python3.7/site-packages/airflow/example_dags/example_external_task_marker_dag.py
[2022-08-25 00:32:33,788] {processor.py:641} INFO - Processing file /home/airflow/.local/lib/python3.7/site-packages/airflow/example_dags/example_external_task_marker_dag.py for tasks to queue
[2022-08-25 00:32:33,789] {logging_mixin.py:115} INFO - [2022-08-25 00:32:33,789] {dagbag.py:508} INFO - Filling up the DagBag from /home/airflow/.local/lib/python3.7/site-packages/airflow/example_dags/example_external_task_marker_dag.py
[2022-08-25 00:32:33,794] {processor.py:651} INFO - DAG(s) dict_keys(['example_external_task_marker_parent', 'example_external_task_marker_child']) retrieved from /home/airflow/.local/lib/python3.7/site-packages/airflow/example_dags/example_external_task_marker_dag.py
[2022-08-25 00:32:33,878] {logging_mixin.py:115} INFO - [2022-08-25 00:32:33,878] {dag.py:2420} INFO - Sync 2 DAGs
[2022-08-25 00:32:33,905] {logging_mixin.py:115} INFO - [2022-08-25 00:32:33,905] {dag.py:2972} INFO - Setting next_dagrun for example_external_task_marker_child to None, run_after=None
[2022-08-25 00:32:33,906] {logging_mixin.py:115} INFO - [2022-08-25 00:32:33,906] {dag.py:2972} INFO - Setting next_dagrun for example_external_task_marker_parent to None, run_after=None
[2022-08-25 00:32:33,932] {processor.py:161} INFO - Processing /home/airflow/.local/lib/python3.7/site-packages/airflow/example_dags/example_external_task_marker_dag.py took 0.148 seconds
[2022-08-25 00:33:04,629] {processor.py:153} INFO - Started process (PID=20019) to work on /home/airflow/.local/lib/python3.7/site-packages/airflow/example_dags/example_external_task_marker_dag.py
[2022-08-25 00:33:04,630] {processor.py:641} INFO - Processing file /home/airflow/.local/lib/python3.7/site-packages/airflow/example_dags/example_external_task_marker_dag.py for tasks to queue
[2022-08-25 00:33:04,631] {logging_mixin.py:115} INFO - [2022-08-25 00:33:04,631] {dagbag.py:508} INFO - Filling up the DagBag from /home/airflow/.local/lib/python3.7/site-packages/airflow/example_dags/example_external_task_marker_dag.py
[2022-08-25 00:33:04,635] {processor.py:651} INFO - DAG(s) dict_keys(['example_external_task_marker_parent', 'example_external_task_marker_child']) retrieved from /home/airflow/.local/lib/python3.7/site-packages/airflow/example_dags/example_external_task_marker_dag.py
[2022-08-25 00:33:04,698] {logging_mixin.py:115} INFO - [2022-08-25 00:33:04,698] {dag.py:2420} INFO - Sync 2 DAGs
[2022-08-25 00:33:04,723] {logging_mixin.py:115} INFO - [2022-08-25 00:33:04,723] {dag.py:2972} INFO - Setting next_dagrun for example_external_task_marker_child to None, run_after=None
[2022-08-25 00:33:04,724] {logging_mixin.py:115} INFO - [2022-08-25 00:33:04,724] {dag.py:2972} INFO - Setting next_dagrun for example_external_task_marker_parent to None, run_after=None
[2022-08-25 00:33:04,738] {processor.py:161} INFO - Processing /home/airflow/.local/lib/python3.7/site-packages/airflow/example_dags/example_external_task_marker_dag.py took 0.112 seconds
[2022-08-25 00:33:35,134] {processor.py:153} INFO - Started process (PID=20215) to work on /home/airflow/.local/lib/python3.7/site-packages/airflow/example_dags/example_external_task_marker_dag.py
[2022-08-25 00:33:35,135] {processor.py:641} INFO - Processing file /home/airflow/.local/lib/python3.7/site-packages/airflow/example_dags/example_external_task_marker_dag.py for tasks to queue
[2022-08-25 00:33:35,136] {logging_mixin.py:115} INFO - [2022-08-25 00:33:35,136] {dagbag.py:508} INFO - Filling up the DagBag from /home/airflow/.local/lib/python3.7/site-packages/airflow/example_dags/example_external_task_marker_dag.py
[2022-08-25 00:33:35,143] {processor.py:651} INFO - DAG(s) dict_keys(['example_external_task_marker_parent', 'example_external_task_marker_child']) retrieved from /home/airflow/.local/lib/python3.7/site-packages/airflow/example_dags/example_external_task_marker_dag.py
[2022-08-25 00:33:35,213] {logging_mixin.py:115} INFO - [2022-08-25 00:33:35,213] {dag.py:2420} INFO - Sync 2 DAGs
[2022-08-25 00:33:35,240] {logging_mixin.py:115} INFO - [2022-08-25 00:33:35,240] {dag.py:2972} INFO - Setting next_dagrun for example_external_task_marker_child to None, run_after=None
[2022-08-25 00:33:35,241] {logging_mixin.py:115} INFO - [2022-08-25 00:33:35,241] {dag.py:2972} INFO - Setting next_dagrun for example_external_task_marker_parent to None, run_after=None
[2022-08-25 00:33:35,267] {processor.py:161} INFO - Processing /home/airflow/.local/lib/python3.7/site-packages/airflow/example_dags/example_external_task_marker_dag.py took 0.136 seconds
[2022-08-25 00:34:05,548] {processor.py:153} INFO - Started process (PID=20417) to work on /home/airflow/.local/lib/python3.7/site-packages/airflow/example_dags/example_external_task_marker_dag.py
[2022-08-25 00:34:05,549] {processor.py:641} INFO - Processing file /home/airflow/.local/lib/python3.7/site-packages/airflow/example_dags/example_external_task_marker_dag.py for tasks to queue
[2022-08-25 00:34:05,550] {logging_mixin.py:115} INFO - [2022-08-25 00:34:05,550] {dagbag.py:508} INFO - Filling up the DagBag from /home/airflow/.local/lib/python3.7/site-packages/airflow/example_dags/example_external_task_marker_dag.py
[2022-08-25 00:34:05,555] {processor.py:651} INFO - DAG(s) dict_keys(['example_external_task_marker_parent', 'example_external_task_marker_child']) retrieved from /home/airflow/.local/lib/python3.7/site-packages/airflow/example_dags/example_external_task_marker_dag.py
[2022-08-25 00:34:05,608] {logging_mixin.py:115} INFO - [2022-08-25 00:34:05,608] {dag.py:2420} INFO - Sync 2 DAGs
[2022-08-25 00:34:05,637] {logging_mixin.py:115} INFO - [2022-08-25 00:34:05,637] {dag.py:2972} INFO - Setting next_dagrun for example_external_task_marker_child to None, run_after=None
[2022-08-25 00:34:05,638] {logging_mixin.py:115} INFO - [2022-08-25 00:34:05,638] {dag.py:2972} INFO - Setting next_dagrun for example_external_task_marker_parent to None, run_after=None
[2022-08-25 00:34:05,661] {processor.py:161} INFO - Processing /home/airflow/.local/lib/python3.7/site-packages/airflow/example_dags/example_external_task_marker_dag.py took 0.115 seconds
[2022-08-25 00:34:36,118] {processor.py:153} INFO - Started process (PID=20611) to work on /home/airflow/.local/lib/python3.7/site-packages/airflow/example_dags/example_external_task_marker_dag.py
[2022-08-25 00:34:36,119] {processor.py:641} INFO - Processing file /home/airflow/.local/lib/python3.7/site-packages/airflow/example_dags/example_external_task_marker_dag.py for tasks to queue
[2022-08-25 00:34:36,120] {logging_mixin.py:115} INFO - [2022-08-25 00:34:36,120] {dagbag.py:508} INFO - Filling up the DagBag from /home/airflow/.local/lib/python3.7/site-packages/airflow/example_dags/example_external_task_marker_dag.py
[2022-08-25 00:34:36,126] {processor.py:651} INFO - DAG(s) dict_keys(['example_external_task_marker_parent', 'example_external_task_marker_child']) retrieved from /home/airflow/.local/lib/python3.7/site-packages/airflow/example_dags/example_external_task_marker_dag.py
[2022-08-25 00:34:36,192] {logging_mixin.py:115} INFO - [2022-08-25 00:34:36,192] {dag.py:2420} INFO - Sync 2 DAGs
[2022-08-25 00:34:36,220] {logging_mixin.py:115} INFO - [2022-08-25 00:34:36,220] {dag.py:2972} INFO - Setting next_dagrun for example_external_task_marker_child to None, run_after=None
[2022-08-25 00:34:36,221] {logging_mixin.py:115} INFO - [2022-08-25 00:34:36,220] {dag.py:2972} INFO - Setting next_dagrun for example_external_task_marker_parent to None, run_after=None
[2022-08-25 00:34:36,240] {processor.py:161} INFO - Processing /home/airflow/.local/lib/python3.7/site-packages/airflow/example_dags/example_external_task_marker_dag.py took 0.125 seconds
[2022-08-25 00:35:06,485] {processor.py:153} INFO - Started process (PID=20814) to work on /home/airflow/.local/lib/python3.7/site-packages/airflow/example_dags/example_external_task_marker_dag.py
[2022-08-25 00:35:06,486] {processor.py:641} INFO - Processing file /home/airflow/.local/lib/python3.7/site-packages/airflow/example_dags/example_external_task_marker_dag.py for tasks to queue
[2022-08-25 00:35:06,487] {logging_mixin.py:115} INFO - [2022-08-25 00:35:06,487] {dagbag.py:508} INFO - Filling up the DagBag from /home/airflow/.local/lib/python3.7/site-packages/airflow/example_dags/example_external_task_marker_dag.py
[2022-08-25 00:35:06,492] {processor.py:651} INFO - DAG(s) dict_keys(['example_external_task_marker_parent', 'example_external_task_marker_child']) retrieved from /home/airflow/.local/lib/python3.7/site-packages/airflow/example_dags/example_external_task_marker_dag.py
[2022-08-25 00:35:06,550] {logging_mixin.py:115} INFO - [2022-08-25 00:35:06,549] {dag.py:2420} INFO - Sync 2 DAGs
[2022-08-25 00:35:06,576] {logging_mixin.py:115} INFO - [2022-08-25 00:35:06,576] {dag.py:2972} INFO - Setting next_dagrun for example_external_task_marker_child to None, run_after=None
[2022-08-25 00:35:06,577] {logging_mixin.py:115} INFO - [2022-08-25 00:35:06,577] {dag.py:2972} INFO - Setting next_dagrun for example_external_task_marker_parent to None, run_after=None
[2022-08-25 00:35:06,601] {processor.py:161} INFO - Processing /home/airflow/.local/lib/python3.7/site-packages/airflow/example_dags/example_external_task_marker_dag.py took 0.118 seconds
[2022-08-25 00:35:37,510] {processor.py:153} INFO - Started process (PID=21009) to work on /home/airflow/.local/lib/python3.7/site-packages/airflow/example_dags/example_external_task_marker_dag.py
[2022-08-25 00:35:37,511] {processor.py:641} INFO - Processing file /home/airflow/.local/lib/python3.7/site-packages/airflow/example_dags/example_external_task_marker_dag.py for tasks to queue
[2022-08-25 00:35:37,512] {logging_mixin.py:115} INFO - [2022-08-25 00:35:37,512] {dagbag.py:508} INFO - Filling up the DagBag from /home/airflow/.local/lib/python3.7/site-packages/airflow/example_dags/example_external_task_marker_dag.py
[2022-08-25 00:35:37,517] {processor.py:651} INFO - DAG(s) dict_keys(['example_external_task_marker_parent', 'example_external_task_marker_child']) retrieved from /home/airflow/.local/lib/python3.7/site-packages/airflow/example_dags/example_external_task_marker_dag.py
[2022-08-25 00:35:37,585] {logging_mixin.py:115} INFO - [2022-08-25 00:35:37,585] {dag.py:2420} INFO - Sync 2 DAGs
[2022-08-25 00:35:37,612] {logging_mixin.py:115} INFO - [2022-08-25 00:35:37,612] {dag.py:2972} INFO - Setting next_dagrun for example_external_task_marker_child to None, run_after=None
[2022-08-25 00:35:37,613] {logging_mixin.py:115} INFO - [2022-08-25 00:35:37,613] {dag.py:2972} INFO - Setting next_dagrun for example_external_task_marker_parent to None, run_after=None
[2022-08-25 00:35:37,639] {processor.py:161} INFO - Processing /home/airflow/.local/lib/python3.7/site-packages/airflow/example_dags/example_external_task_marker_dag.py took 0.131 seconds
[2022-08-25 00:36:08,261] {processor.py:153} INFO - Started process (PID=21212) to work on /home/airflow/.local/lib/python3.7/site-packages/airflow/example_dags/example_external_task_marker_dag.py
[2022-08-25 00:36:08,262] {processor.py:641} INFO - Processing file /home/airflow/.local/lib/python3.7/site-packages/airflow/example_dags/example_external_task_marker_dag.py for tasks to queue
[2022-08-25 00:36:08,263] {logging_mixin.py:115} INFO - [2022-08-25 00:36:08,263] {dagbag.py:508} INFO - Filling up the DagBag from /home/airflow/.local/lib/python3.7/site-packages/airflow/example_dags/example_external_task_marker_dag.py
[2022-08-25 00:36:08,269] {processor.py:651} INFO - DAG(s) dict_keys(['example_external_task_marker_parent', 'example_external_task_marker_child']) retrieved from /home/airflow/.local/lib/python3.7/site-packages/airflow/example_dags/example_external_task_marker_dag.py
[2022-08-25 00:36:08,337] {logging_mixin.py:115} INFO - [2022-08-25 00:36:08,336] {dag.py:2420} INFO - Sync 2 DAGs
[2022-08-25 00:36:08,365] {logging_mixin.py:115} INFO - [2022-08-25 00:36:08,364] {dag.py:2972} INFO - Setting next_dagrun for example_external_task_marker_child to None, run_after=None
[2022-08-25 00:36:08,365] {logging_mixin.py:115} INFO - [2022-08-25 00:36:08,365] {dag.py:2972} INFO - Setting next_dagrun for example_external_task_marker_parent to None, run_after=None
[2022-08-25 00:36:08,390] {processor.py:161} INFO - Processing /home/airflow/.local/lib/python3.7/site-packages/airflow/example_dags/example_external_task_marker_dag.py took 0.132 seconds
[2022-08-25 01:25:50,550] {processor.py:153} INFO - Started process (PID=21424) to work on /home/airflow/.local/lib/python3.7/site-packages/airflow/example_dags/example_external_task_marker_dag.py
[2022-08-25 01:25:50,552] {processor.py:641} INFO - Processing file /home/airflow/.local/lib/python3.7/site-packages/airflow/example_dags/example_external_task_marker_dag.py for tasks to queue
[2022-08-25 01:25:50,553] {logging_mixin.py:115} INFO - [2022-08-25 01:25:50,553] {dagbag.py:508} INFO - Filling up the DagBag from /home/airflow/.local/lib/python3.7/site-packages/airflow/example_dags/example_external_task_marker_dag.py
[2022-08-25 01:25:50,559] {processor.py:651} INFO - DAG(s) dict_keys(['example_external_task_marker_parent', 'example_external_task_marker_child']) retrieved from /home/airflow/.local/lib/python3.7/site-packages/airflow/example_dags/example_external_task_marker_dag.py
[2022-08-25 01:25:50,626] {logging_mixin.py:115} INFO - [2022-08-25 01:25:50,626] {dag.py:2420} INFO - Sync 2 DAGs
[2022-08-25 01:25:50,655] {logging_mixin.py:115} INFO - [2022-08-25 01:25:50,655] {dag.py:2972} INFO - Setting next_dagrun for example_external_task_marker_child to None, run_after=None
[2022-08-25 01:25:50,656] {logging_mixin.py:115} INFO - [2022-08-25 01:25:50,656] {dag.py:2972} INFO - Setting next_dagrun for example_external_task_marker_parent to None, run_after=None
[2022-08-25 01:25:50,676] {processor.py:161} INFO - Processing /home/airflow/.local/lib/python3.7/site-packages/airflow/example_dags/example_external_task_marker_dag.py took 0.131 seconds
[2022-08-25 01:26:20,901] {processor.py:153} INFO - Started process (PID=21626) to work on /home/airflow/.local/lib/python3.7/site-packages/airflow/example_dags/example_external_task_marker_dag.py
[2022-08-25 01:26:20,902] {processor.py:641} INFO - Processing file /home/airflow/.local/lib/python3.7/site-packages/airflow/example_dags/example_external_task_marker_dag.py for tasks to queue
[2022-08-25 01:26:20,903] {logging_mixin.py:115} INFO - [2022-08-25 01:26:20,903] {dagbag.py:508} INFO - Filling up the DagBag from /home/airflow/.local/lib/python3.7/site-packages/airflow/example_dags/example_external_task_marker_dag.py
[2022-08-25 01:26:20,908] {processor.py:651} INFO - DAG(s) dict_keys(['example_external_task_marker_parent', 'example_external_task_marker_child']) retrieved from /home/airflow/.local/lib/python3.7/site-packages/airflow/example_dags/example_external_task_marker_dag.py
[2022-08-25 01:26:20,965] {logging_mixin.py:115} INFO - [2022-08-25 01:26:20,965] {dag.py:2420} INFO - Sync 2 DAGs
[2022-08-25 01:26:20,991] {logging_mixin.py:115} INFO - [2022-08-25 01:26:20,991] {dag.py:2972} INFO - Setting next_dagrun for example_external_task_marker_child to None, run_after=None
[2022-08-25 01:26:20,992] {logging_mixin.py:115} INFO - [2022-08-25 01:26:20,992] {dag.py:2972} INFO - Setting next_dagrun for example_external_task_marker_parent to None, run_after=None
[2022-08-25 01:26:21,010] {processor.py:161} INFO - Processing /home/airflow/.local/lib/python3.7/site-packages/airflow/example_dags/example_external_task_marker_dag.py took 0.112 seconds
[2022-08-25 01:26:51,457] {processor.py:153} INFO - Started process (PID=21822) to work on /home/airflow/.local/lib/python3.7/site-packages/airflow/example_dags/example_external_task_marker_dag.py
[2022-08-25 01:26:51,458] {processor.py:641} INFO - Processing file /home/airflow/.local/lib/python3.7/site-packages/airflow/example_dags/example_external_task_marker_dag.py for tasks to queue
[2022-08-25 01:26:51,459] {logging_mixin.py:115} INFO - [2022-08-25 01:26:51,459] {dagbag.py:508} INFO - Filling up the DagBag from /home/airflow/.local/lib/python3.7/site-packages/airflow/example_dags/example_external_task_marker_dag.py
[2022-08-25 01:26:51,463] {processor.py:651} INFO - DAG(s) dict_keys(['example_external_task_marker_parent', 'example_external_task_marker_child']) retrieved from /home/airflow/.local/lib/python3.7/site-packages/airflow/example_dags/example_external_task_marker_dag.py
[2022-08-25 01:26:51,517] {logging_mixin.py:115} INFO - [2022-08-25 01:26:51,517] {dag.py:2420} INFO - Sync 2 DAGs
[2022-08-25 01:26:51,540] {logging_mixin.py:115} INFO - [2022-08-25 01:26:51,540] {dag.py:2972} INFO - Setting next_dagrun for example_external_task_marker_child to None, run_after=None
[2022-08-25 01:26:51,541] {logging_mixin.py:115} INFO - [2022-08-25 01:26:51,541] {dag.py:2972} INFO - Setting next_dagrun for example_external_task_marker_parent to None, run_after=None
[2022-08-25 01:26:51,557] {processor.py:161} INFO - Processing /home/airflow/.local/lib/python3.7/site-packages/airflow/example_dags/example_external_task_marker_dag.py took 0.103 seconds
[2022-08-25 01:27:22,971] {processor.py:153} INFO - Started process (PID=22013) to work on /home/airflow/.local/lib/python3.7/site-packages/airflow/example_dags/example_external_task_marker_dag.py
[2022-08-25 01:27:22,972] {processor.py:641} INFO - Processing file /home/airflow/.local/lib/python3.7/site-packages/airflow/example_dags/example_external_task_marker_dag.py for tasks to queue
[2022-08-25 01:27:22,973] {logging_mixin.py:115} INFO - [2022-08-25 01:27:22,973] {dagbag.py:508} INFO - Filling up the DagBag from /home/airflow/.local/lib/python3.7/site-packages/airflow/example_dags/example_external_task_marker_dag.py
[2022-08-25 01:27:22,981] {processor.py:651} INFO - DAG(s) dict_keys(['example_external_task_marker_parent', 'example_external_task_marker_child']) retrieved from /home/airflow/.local/lib/python3.7/site-packages/airflow/example_dags/example_external_task_marker_dag.py
[2022-08-25 01:27:23,080] {logging_mixin.py:115} INFO - [2022-08-25 01:27:23,080] {dag.py:2420} INFO - Sync 2 DAGs
[2022-08-25 01:27:23,129] {logging_mixin.py:115} INFO - [2022-08-25 01:27:23,128] {dag.py:2972} INFO - Setting next_dagrun for example_external_task_marker_child to None, run_after=None
[2022-08-25 01:27:23,130] {logging_mixin.py:115} INFO - [2022-08-25 01:27:23,130] {dag.py:2972} INFO - Setting next_dagrun for example_external_task_marker_parent to None, run_after=None
[2022-08-25 01:27:23,158] {processor.py:161} INFO - Processing /home/airflow/.local/lib/python3.7/site-packages/airflow/example_dags/example_external_task_marker_dag.py took 0.192 seconds
