[2022-08-25 00:13:13,186] {processor.py:153} INFO - Started process (PID=12222) to work on /home/airflow/.local/lib/python3.7/site-packages/airflow/example_dags/example_branch_python_dop_operator_3.py
[2022-08-25 00:13:13,187] {processor.py:641} INFO - Processing file /home/airflow/.local/lib/python3.7/site-packages/airflow/example_dags/example_branch_python_dop_operator_3.py for tasks to queue
[2022-08-25 00:13:13,188] {logging_mixin.py:115} INFO - [2022-08-25 00:13:13,188] {dagbag.py:508} INFO - Filling up the DagBag from /home/airflow/.local/lib/python3.7/site-packages/airflow/example_dags/example_branch_python_dop_operator_3.py
[2022-08-25 00:13:13,205] {processor.py:651} INFO - DAG(s) dict_keys(['example_branch_dop_operator_v3']) retrieved from /home/airflow/.local/lib/python3.7/site-packages/airflow/example_dags/example_branch_python_dop_operator_3.py
[2022-08-25 00:13:13,244] {logging_mixin.py:115} INFO - [2022-08-25 00:13:13,243] {dag.py:2420} INFO - Sync 1 DAGs
[2022-08-25 00:13:13,291] {logging_mixin.py:115} INFO - [2022-08-25 00:13:13,291] {dag.py:2972} INFO - Setting next_dagrun for example_branch_dop_operator_v3 to 2022-08-25T00:12:00+00:00, run_after=2022-08-25T00:13:00+00:00
[2022-08-25 00:13:13,313] {processor.py:161} INFO - Processing /home/airflow/.local/lib/python3.7/site-packages/airflow/example_dags/example_branch_python_dop_operator_3.py took 0.131 seconds
[2022-08-25 00:13:43,919] {processor.py:153} INFO - Started process (PID=12430) to work on /home/airflow/.local/lib/python3.7/site-packages/airflow/example_dags/example_branch_python_dop_operator_3.py
[2022-08-25 00:13:43,920] {processor.py:641} INFO - Processing file /home/airflow/.local/lib/python3.7/site-packages/airflow/example_dags/example_branch_python_dop_operator_3.py for tasks to queue
[2022-08-25 00:13:43,921] {logging_mixin.py:115} INFO - [2022-08-25 00:13:43,921] {dagbag.py:508} INFO - Filling up the DagBag from /home/airflow/.local/lib/python3.7/site-packages/airflow/example_dags/example_branch_python_dop_operator_3.py
[2022-08-25 00:13:43,930] {processor.py:651} INFO - DAG(s) dict_keys(['example_branch_dop_operator_v3']) retrieved from /home/airflow/.local/lib/python3.7/site-packages/airflow/example_dags/example_branch_python_dop_operator_3.py
[2022-08-25 00:13:43,953] {logging_mixin.py:115} INFO - [2022-08-25 00:13:43,953] {dag.py:2420} INFO - Sync 1 DAGs
[2022-08-25 00:13:43,981] {logging_mixin.py:115} INFO - [2022-08-25 00:13:43,981] {dag.py:2972} INFO - Setting next_dagrun for example_branch_dop_operator_v3 to 2022-08-25T00:12:00+00:00, run_after=2022-08-25T00:13:00+00:00
[2022-08-25 00:13:43,993] {processor.py:161} INFO - Processing /home/airflow/.local/lib/python3.7/site-packages/airflow/example_dags/example_branch_python_dop_operator_3.py took 0.077 seconds
[2022-08-25 00:14:14,533] {processor.py:153} INFO - Started process (PID=12639) to work on /home/airflow/.local/lib/python3.7/site-packages/airflow/example_dags/example_branch_python_dop_operator_3.py
[2022-08-25 00:14:14,534] {processor.py:641} INFO - Processing file /home/airflow/.local/lib/python3.7/site-packages/airflow/example_dags/example_branch_python_dop_operator_3.py for tasks to queue
[2022-08-25 00:14:14,535] {logging_mixin.py:115} INFO - [2022-08-25 00:14:14,535] {dagbag.py:508} INFO - Filling up the DagBag from /home/airflow/.local/lib/python3.7/site-packages/airflow/example_dags/example_branch_python_dop_operator_3.py
[2022-08-25 00:14:14,545] {processor.py:651} INFO - DAG(s) dict_keys(['example_branch_dop_operator_v3']) retrieved from /home/airflow/.local/lib/python3.7/site-packages/airflow/example_dags/example_branch_python_dop_operator_3.py
[2022-08-25 00:14:14,574] {logging_mixin.py:115} INFO - [2022-08-25 00:14:14,573] {dag.py:2420} INFO - Sync 1 DAGs
[2022-08-25 00:14:14,602] {logging_mixin.py:115} INFO - [2022-08-25 00:14:14,601] {dag.py:2972} INFO - Setting next_dagrun for example_branch_dop_operator_v3 to 2022-08-25T00:13:00+00:00, run_after=2022-08-25T00:14:00+00:00
[2022-08-25 00:14:14,619] {processor.py:161} INFO - Processing /home/airflow/.local/lib/python3.7/site-packages/airflow/example_dags/example_branch_python_dop_operator_3.py took 0.089 seconds
[2022-08-25 00:14:45,663] {processor.py:153} INFO - Started process (PID=12842) to work on /home/airflow/.local/lib/python3.7/site-packages/airflow/example_dags/example_branch_python_dop_operator_3.py
[2022-08-25 00:14:45,665] {processor.py:641} INFO - Processing file /home/airflow/.local/lib/python3.7/site-packages/airflow/example_dags/example_branch_python_dop_operator_3.py for tasks to queue
[2022-08-25 00:14:45,666] {logging_mixin.py:115} INFO - [2022-08-25 00:14:45,666] {dagbag.py:508} INFO - Filling up the DagBag from /home/airflow/.local/lib/python3.7/site-packages/airflow/example_dags/example_branch_python_dop_operator_3.py
[2022-08-25 00:14:45,685] {processor.py:651} INFO - DAG(s) dict_keys(['example_branch_dop_operator_v3']) retrieved from /home/airflow/.local/lib/python3.7/site-packages/airflow/example_dags/example_branch_python_dop_operator_3.py
[2022-08-25 00:14:45,733] {logging_mixin.py:115} INFO - [2022-08-25 00:14:45,733] {dag.py:2420} INFO - Sync 1 DAGs
[2022-08-25 00:14:45,791] {logging_mixin.py:115} INFO - [2022-08-25 00:14:45,791] {dag.py:2972} INFO - Setting next_dagrun for example_branch_dop_operator_v3 to 2022-08-25T00:13:00+00:00, run_after=2022-08-25T00:14:00+00:00
[2022-08-25 00:14:45,822] {processor.py:161} INFO - Processing /home/airflow/.local/lib/python3.7/site-packages/airflow/example_dags/example_branch_python_dop_operator_3.py took 0.165 seconds
[2022-08-25 00:15:16,072] {processor.py:153} INFO - Started process (PID=13041) to work on /home/airflow/.local/lib/python3.7/site-packages/airflow/example_dags/example_branch_python_dop_operator_3.py
[2022-08-25 00:15:16,073] {processor.py:641} INFO - Processing file /home/airflow/.local/lib/python3.7/site-packages/airflow/example_dags/example_branch_python_dop_operator_3.py for tasks to queue
[2022-08-25 00:15:16,074] {logging_mixin.py:115} INFO - [2022-08-25 00:15:16,074] {dagbag.py:508} INFO - Filling up the DagBag from /home/airflow/.local/lib/python3.7/site-packages/airflow/example_dags/example_branch_python_dop_operator_3.py
[2022-08-25 00:15:16,090] {processor.py:651} INFO - DAG(s) dict_keys(['example_branch_dop_operator_v3']) retrieved from /home/airflow/.local/lib/python3.7/site-packages/airflow/example_dags/example_branch_python_dop_operator_3.py
[2022-08-25 00:15:16,124] {logging_mixin.py:115} INFO - [2022-08-25 00:15:16,123] {dag.py:2420} INFO - Sync 1 DAGs
[2022-08-25 00:15:16,163] {logging_mixin.py:115} INFO - [2022-08-25 00:15:16,163] {dag.py:2972} INFO - Setting next_dagrun for example_branch_dop_operator_v3 to 2022-08-25T00:14:00+00:00, run_after=2022-08-25T00:15:00+00:00
[2022-08-25 00:15:16,179] {processor.py:161} INFO - Processing /home/airflow/.local/lib/python3.7/site-packages/airflow/example_dags/example_branch_python_dop_operator_3.py took 0.111 seconds
[2022-08-25 00:15:46,608] {processor.py:153} INFO - Started process (PID=13243) to work on /home/airflow/.local/lib/python3.7/site-packages/airflow/example_dags/example_branch_python_dop_operator_3.py
[2022-08-25 00:15:46,609] {processor.py:641} INFO - Processing file /home/airflow/.local/lib/python3.7/site-packages/airflow/example_dags/example_branch_python_dop_operator_3.py for tasks to queue
[2022-08-25 00:15:46,610] {logging_mixin.py:115} INFO - [2022-08-25 00:15:46,610] {dagbag.py:508} INFO - Filling up the DagBag from /home/airflow/.local/lib/python3.7/site-packages/airflow/example_dags/example_branch_python_dop_operator_3.py
[2022-08-25 00:15:46,624] {processor.py:651} INFO - DAG(s) dict_keys(['example_branch_dop_operator_v3']) retrieved from /home/airflow/.local/lib/python3.7/site-packages/airflow/example_dags/example_branch_python_dop_operator_3.py
[2022-08-25 00:15:46,663] {logging_mixin.py:115} INFO - [2022-08-25 00:15:46,662] {dag.py:2420} INFO - Sync 1 DAGs
[2022-08-25 00:15:46,704] {logging_mixin.py:115} INFO - [2022-08-25 00:15:46,703] {dag.py:2972} INFO - Setting next_dagrun for example_branch_dop_operator_v3 to 2022-08-25T00:14:00+00:00, run_after=2022-08-25T00:15:00+00:00
[2022-08-25 00:15:46,719] {processor.py:161} INFO - Processing /home/airflow/.local/lib/python3.7/site-packages/airflow/example_dags/example_branch_python_dop_operator_3.py took 0.115 seconds
[2022-08-25 00:16:16,838] {processor.py:153} INFO - Started process (PID=13437) to work on /home/airflow/.local/lib/python3.7/site-packages/airflow/example_dags/example_branch_python_dop_operator_3.py
[2022-08-25 00:16:16,839] {processor.py:641} INFO - Processing file /home/airflow/.local/lib/python3.7/site-packages/airflow/example_dags/example_branch_python_dop_operator_3.py for tasks to queue
[2022-08-25 00:16:16,840] {logging_mixin.py:115} INFO - [2022-08-25 00:16:16,840] {dagbag.py:508} INFO - Filling up the DagBag from /home/airflow/.local/lib/python3.7/site-packages/airflow/example_dags/example_branch_python_dop_operator_3.py
[2022-08-25 00:16:16,851] {processor.py:651} INFO - DAG(s) dict_keys(['example_branch_dop_operator_v3']) retrieved from /home/airflow/.local/lib/python3.7/site-packages/airflow/example_dags/example_branch_python_dop_operator_3.py
[2022-08-25 00:16:16,880] {logging_mixin.py:115} INFO - [2022-08-25 00:16:16,880] {dag.py:2420} INFO - Sync 1 DAGs
[2022-08-25 00:16:16,913] {logging_mixin.py:115} INFO - [2022-08-25 00:16:16,913] {dag.py:2972} INFO - Setting next_dagrun for example_branch_dop_operator_v3 to 2022-08-25T00:15:00+00:00, run_after=2022-08-25T00:16:00+00:00
[2022-08-25 00:16:16,931] {processor.py:161} INFO - Processing /home/airflow/.local/lib/python3.7/site-packages/airflow/example_dags/example_branch_python_dop_operator_3.py took 0.096 seconds
[2022-08-25 00:16:47,345] {processor.py:153} INFO - Started process (PID=13640) to work on /home/airflow/.local/lib/python3.7/site-packages/airflow/example_dags/example_branch_python_dop_operator_3.py
[2022-08-25 00:16:47,346] {processor.py:641} INFO - Processing file /home/airflow/.local/lib/python3.7/site-packages/airflow/example_dags/example_branch_python_dop_operator_3.py for tasks to queue
[2022-08-25 00:16:47,348] {logging_mixin.py:115} INFO - [2022-08-25 00:16:47,347] {dagbag.py:508} INFO - Filling up the DagBag from /home/airflow/.local/lib/python3.7/site-packages/airflow/example_dags/example_branch_python_dop_operator_3.py
[2022-08-25 00:16:47,360] {processor.py:651} INFO - DAG(s) dict_keys(['example_branch_dop_operator_v3']) retrieved from /home/airflow/.local/lib/python3.7/site-packages/airflow/example_dags/example_branch_python_dop_operator_3.py
[2022-08-25 00:16:47,394] {logging_mixin.py:115} INFO - [2022-08-25 00:16:47,394] {dag.py:2420} INFO - Sync 1 DAGs
[2022-08-25 00:16:47,432] {logging_mixin.py:115} INFO - [2022-08-25 00:16:47,432] {dag.py:2972} INFO - Setting next_dagrun for example_branch_dop_operator_v3 to 2022-08-25T00:15:00+00:00, run_after=2022-08-25T00:16:00+00:00
[2022-08-25 00:16:47,461] {processor.py:161} INFO - Processing /home/airflow/.local/lib/python3.7/site-packages/airflow/example_dags/example_branch_python_dop_operator_3.py took 0.119 seconds
[2022-08-25 00:17:17,791] {processor.py:153} INFO - Started process (PID=13834) to work on /home/airflow/.local/lib/python3.7/site-packages/airflow/example_dags/example_branch_python_dop_operator_3.py
[2022-08-25 00:17:17,792] {processor.py:641} INFO - Processing file /home/airflow/.local/lib/python3.7/site-packages/airflow/example_dags/example_branch_python_dop_operator_3.py for tasks to queue
[2022-08-25 00:17:17,793] {logging_mixin.py:115} INFO - [2022-08-25 00:17:17,793] {dagbag.py:508} INFO - Filling up the DagBag from /home/airflow/.local/lib/python3.7/site-packages/airflow/example_dags/example_branch_python_dop_operator_3.py
[2022-08-25 00:17:17,806] {processor.py:651} INFO - DAG(s) dict_keys(['example_branch_dop_operator_v3']) retrieved from /home/airflow/.local/lib/python3.7/site-packages/airflow/example_dags/example_branch_python_dop_operator_3.py
[2022-08-25 00:17:17,845] {logging_mixin.py:115} INFO - [2022-08-25 00:17:17,845] {dag.py:2420} INFO - Sync 1 DAGs
[2022-08-25 00:17:17,883] {logging_mixin.py:115} INFO - [2022-08-25 00:17:17,883] {dag.py:2972} INFO - Setting next_dagrun for example_branch_dop_operator_v3 to 2022-08-25T00:16:00+00:00, run_after=2022-08-25T00:17:00+00:00
[2022-08-25 00:17:17,902] {processor.py:161} INFO - Processing /home/airflow/.local/lib/python3.7/site-packages/airflow/example_dags/example_branch_python_dop_operator_3.py took 0.116 seconds
[2022-08-25 00:17:48,409] {processor.py:153} INFO - Started process (PID=14037) to work on /home/airflow/.local/lib/python3.7/site-packages/airflow/example_dags/example_branch_python_dop_operator_3.py
[2022-08-25 00:17:48,410] {processor.py:641} INFO - Processing file /home/airflow/.local/lib/python3.7/site-packages/airflow/example_dags/example_branch_python_dop_operator_3.py for tasks to queue
[2022-08-25 00:17:48,411] {logging_mixin.py:115} INFO - [2022-08-25 00:17:48,411] {dagbag.py:508} INFO - Filling up the DagBag from /home/airflow/.local/lib/python3.7/site-packages/airflow/example_dags/example_branch_python_dop_operator_3.py
[2022-08-25 00:17:48,425] {processor.py:651} INFO - DAG(s) dict_keys(['example_branch_dop_operator_v3']) retrieved from /home/airflow/.local/lib/python3.7/site-packages/airflow/example_dags/example_branch_python_dop_operator_3.py
[2022-08-25 00:17:48,464] {logging_mixin.py:115} INFO - [2022-08-25 00:17:48,464] {dag.py:2420} INFO - Sync 1 DAGs
[2022-08-25 00:17:48,504] {logging_mixin.py:115} INFO - [2022-08-25 00:17:48,504] {dag.py:2972} INFO - Setting next_dagrun for example_branch_dop_operator_v3 to 2022-08-25T00:16:00+00:00, run_after=2022-08-25T00:17:00+00:00
[2022-08-25 00:17:48,523] {processor.py:161} INFO - Processing /home/airflow/.local/lib/python3.7/site-packages/airflow/example_dags/example_branch_python_dop_operator_3.py took 0.117 seconds
[2022-08-25 00:18:18,593] {processor.py:153} INFO - Started process (PID=14226) to work on /home/airflow/.local/lib/python3.7/site-packages/airflow/example_dags/example_branch_python_dop_operator_3.py
[2022-08-25 00:18:18,594] {processor.py:641} INFO - Processing file /home/airflow/.local/lib/python3.7/site-packages/airflow/example_dags/example_branch_python_dop_operator_3.py for tasks to queue
[2022-08-25 00:18:18,595] {logging_mixin.py:115} INFO - [2022-08-25 00:18:18,595] {dagbag.py:508} INFO - Filling up the DagBag from /home/airflow/.local/lib/python3.7/site-packages/airflow/example_dags/example_branch_python_dop_operator_3.py
[2022-08-25 00:18:18,608] {processor.py:651} INFO - DAG(s) dict_keys(['example_branch_dop_operator_v3']) retrieved from /home/airflow/.local/lib/python3.7/site-packages/airflow/example_dags/example_branch_python_dop_operator_3.py
[2022-08-25 00:18:18,640] {logging_mixin.py:115} INFO - [2022-08-25 00:18:18,640] {dag.py:2420} INFO - Sync 1 DAGs
[2022-08-25 00:18:18,674] {logging_mixin.py:115} INFO - [2022-08-25 00:18:18,674] {dag.py:2972} INFO - Setting next_dagrun for example_branch_dop_operator_v3 to 2022-08-25T00:17:00+00:00, run_after=2022-08-25T00:18:00+00:00
[2022-08-25 00:18:18,690] {processor.py:161} INFO - Processing /home/airflow/.local/lib/python3.7/site-packages/airflow/example_dags/example_branch_python_dop_operator_3.py took 0.101 seconds
[2022-08-25 00:18:48,846] {processor.py:153} INFO - Started process (PID=14416) to work on /home/airflow/.local/lib/python3.7/site-packages/airflow/example_dags/example_branch_python_dop_operator_3.py
[2022-08-25 00:18:48,848] {processor.py:641} INFO - Processing file /home/airflow/.local/lib/python3.7/site-packages/airflow/example_dags/example_branch_python_dop_operator_3.py for tasks to queue
[2022-08-25 00:18:48,849] {logging_mixin.py:115} INFO - [2022-08-25 00:18:48,849] {dagbag.py:508} INFO - Filling up the DagBag from /home/airflow/.local/lib/python3.7/site-packages/airflow/example_dags/example_branch_python_dop_operator_3.py
[2022-08-25 00:18:48,863] {processor.py:651} INFO - DAG(s) dict_keys(['example_branch_dop_operator_v3']) retrieved from /home/airflow/.local/lib/python3.7/site-packages/airflow/example_dags/example_branch_python_dop_operator_3.py
[2022-08-25 00:18:48,947] {logging_mixin.py:115} INFO - [2022-08-25 00:18:48,947] {dag.py:2420} INFO - Sync 1 DAGs
[2022-08-25 00:18:48,984] {logging_mixin.py:115} INFO - [2022-08-25 00:18:48,984] {dag.py:2972} INFO - Setting next_dagrun for example_branch_dop_operator_v3 to 2022-08-25T00:17:00+00:00, run_after=2022-08-25T00:18:00+00:00
[2022-08-25 00:18:49,013] {processor.py:161} INFO - Processing /home/airflow/.local/lib/python3.7/site-packages/airflow/example_dags/example_branch_python_dop_operator_3.py took 0.173 seconds
[2022-08-25 00:19:19,257] {processor.py:153} INFO - Started process (PID=14619) to work on /home/airflow/.local/lib/python3.7/site-packages/airflow/example_dags/example_branch_python_dop_operator_3.py
[2022-08-25 00:19:19,258] {processor.py:641} INFO - Processing file /home/airflow/.local/lib/python3.7/site-packages/airflow/example_dags/example_branch_python_dop_operator_3.py for tasks to queue
[2022-08-25 00:19:19,259] {logging_mixin.py:115} INFO - [2022-08-25 00:19:19,259] {dagbag.py:508} INFO - Filling up the DagBag from /home/airflow/.local/lib/python3.7/site-packages/airflow/example_dags/example_branch_python_dop_operator_3.py
[2022-08-25 00:19:19,272] {processor.py:651} INFO - DAG(s) dict_keys(['example_branch_dop_operator_v3']) retrieved from /home/airflow/.local/lib/python3.7/site-packages/airflow/example_dags/example_branch_python_dop_operator_3.py
[2022-08-25 00:19:19,311] {logging_mixin.py:115} INFO - [2022-08-25 00:19:19,310] {dag.py:2420} INFO - Sync 1 DAGs
[2022-08-25 00:19:19,349] {logging_mixin.py:115} INFO - [2022-08-25 00:19:19,348] {dag.py:2972} INFO - Setting next_dagrun for example_branch_dop_operator_v3 to 2022-08-25T00:18:00+00:00, run_after=2022-08-25T00:19:00+00:00
[2022-08-25 00:19:19,377] {processor.py:161} INFO - Processing /home/airflow/.local/lib/python3.7/site-packages/airflow/example_dags/example_branch_python_dop_operator_3.py took 0.124 seconds
[2022-08-25 00:19:49,883] {processor.py:153} INFO - Started process (PID=14823) to work on /home/airflow/.local/lib/python3.7/site-packages/airflow/example_dags/example_branch_python_dop_operator_3.py
[2022-08-25 00:19:49,884] {processor.py:641} INFO - Processing file /home/airflow/.local/lib/python3.7/site-packages/airflow/example_dags/example_branch_python_dop_operator_3.py for tasks to queue
[2022-08-25 00:19:49,885] {logging_mixin.py:115} INFO - [2022-08-25 00:19:49,885] {dagbag.py:508} INFO - Filling up the DagBag from /home/airflow/.local/lib/python3.7/site-packages/airflow/example_dags/example_branch_python_dop_operator_3.py
[2022-08-25 00:19:49,899] {processor.py:651} INFO - DAG(s) dict_keys(['example_branch_dop_operator_v3']) retrieved from /home/airflow/.local/lib/python3.7/site-packages/airflow/example_dags/example_branch_python_dop_operator_3.py
[2022-08-25 00:19:49,932] {logging_mixin.py:115} INFO - [2022-08-25 00:19:49,932] {dag.py:2420} INFO - Sync 1 DAGs
[2022-08-25 00:19:49,972] {logging_mixin.py:115} INFO - [2022-08-25 00:19:49,972] {dag.py:2972} INFO - Setting next_dagrun for example_branch_dop_operator_v3 to 2022-08-25T00:18:00+00:00, run_after=2022-08-25T00:19:00+00:00
[2022-08-25 00:19:49,992] {processor.py:161} INFO - Processing /home/airflow/.local/lib/python3.7/site-packages/airflow/example_dags/example_branch_python_dop_operator_3.py took 0.112 seconds
[2022-08-25 00:20:20,353] {processor.py:153} INFO - Started process (PID=15019) to work on /home/airflow/.local/lib/python3.7/site-packages/airflow/example_dags/example_branch_python_dop_operator_3.py
[2022-08-25 00:20:20,354] {processor.py:641} INFO - Processing file /home/airflow/.local/lib/python3.7/site-packages/airflow/example_dags/example_branch_python_dop_operator_3.py for tasks to queue
[2022-08-25 00:20:20,355] {logging_mixin.py:115} INFO - [2022-08-25 00:20:20,355] {dagbag.py:508} INFO - Filling up the DagBag from /home/airflow/.local/lib/python3.7/site-packages/airflow/example_dags/example_branch_python_dop_operator_3.py
[2022-08-25 00:20:20,370] {processor.py:651} INFO - DAG(s) dict_keys(['example_branch_dop_operator_v3']) retrieved from /home/airflow/.local/lib/python3.7/site-packages/airflow/example_dags/example_branch_python_dop_operator_3.py
[2022-08-25 00:20:20,404] {logging_mixin.py:115} INFO - [2022-08-25 00:20:20,404] {dag.py:2420} INFO - Sync 1 DAGs
[2022-08-25 00:20:20,440] {logging_mixin.py:115} INFO - [2022-08-25 00:20:20,440] {dag.py:2972} INFO - Setting next_dagrun for example_branch_dop_operator_v3 to 2022-08-25T00:19:00+00:00, run_after=2022-08-25T00:20:00+00:00
[2022-08-25 00:20:20,455] {processor.py:161} INFO - Processing /home/airflow/.local/lib/python3.7/site-packages/airflow/example_dags/example_branch_python_dop_operator_3.py took 0.106 seconds
[2022-08-25 00:20:51,038] {processor.py:153} INFO - Started process (PID=15223) to work on /home/airflow/.local/lib/python3.7/site-packages/airflow/example_dags/example_branch_python_dop_operator_3.py
[2022-08-25 00:20:51,039] {processor.py:641} INFO - Processing file /home/airflow/.local/lib/python3.7/site-packages/airflow/example_dags/example_branch_python_dop_operator_3.py for tasks to queue
[2022-08-25 00:20:51,040] {logging_mixin.py:115} INFO - [2022-08-25 00:20:51,040] {dagbag.py:508} INFO - Filling up the DagBag from /home/airflow/.local/lib/python3.7/site-packages/airflow/example_dags/example_branch_python_dop_operator_3.py
[2022-08-25 00:20:51,056] {processor.py:651} INFO - DAG(s) dict_keys(['example_branch_dop_operator_v3']) retrieved from /home/airflow/.local/lib/python3.7/site-packages/airflow/example_dags/example_branch_python_dop_operator_3.py
[2022-08-25 00:20:51,095] {logging_mixin.py:115} INFO - [2022-08-25 00:20:51,094] {dag.py:2420} INFO - Sync 1 DAGs
[2022-08-25 00:20:51,148] {logging_mixin.py:115} INFO - [2022-08-25 00:20:51,148] {dag.py:2972} INFO - Setting next_dagrun for example_branch_dop_operator_v3 to 2022-08-25T00:19:00+00:00, run_after=2022-08-25T00:20:00+00:00
[2022-08-25 00:20:51,170] {processor.py:161} INFO - Processing /home/airflow/.local/lib/python3.7/site-packages/airflow/example_dags/example_branch_python_dop_operator_3.py took 0.137 seconds
[2022-08-25 00:21:21,786] {processor.py:153} INFO - Started process (PID=15417) to work on /home/airflow/.local/lib/python3.7/site-packages/airflow/example_dags/example_branch_python_dop_operator_3.py
[2022-08-25 00:21:21,787] {processor.py:641} INFO - Processing file /home/airflow/.local/lib/python3.7/site-packages/airflow/example_dags/example_branch_python_dop_operator_3.py for tasks to queue
[2022-08-25 00:21:21,788] {logging_mixin.py:115} INFO - [2022-08-25 00:21:21,788] {dagbag.py:508} INFO - Filling up the DagBag from /home/airflow/.local/lib/python3.7/site-packages/airflow/example_dags/example_branch_python_dop_operator_3.py
[2022-08-25 00:21:21,800] {processor.py:651} INFO - DAG(s) dict_keys(['example_branch_dop_operator_v3']) retrieved from /home/airflow/.local/lib/python3.7/site-packages/airflow/example_dags/example_branch_python_dop_operator_3.py
[2022-08-25 00:21:21,840] {logging_mixin.py:115} INFO - [2022-08-25 00:21:21,840] {dag.py:2420} INFO - Sync 1 DAGs
[2022-08-25 00:21:21,874] {logging_mixin.py:115} INFO - [2022-08-25 00:21:21,874] {dag.py:2972} INFO - Setting next_dagrun for example_branch_dop_operator_v3 to 2022-08-25T00:20:00+00:00, run_after=2022-08-25T00:21:00+00:00
[2022-08-25 00:21:21,897] {processor.py:161} INFO - Processing /home/airflow/.local/lib/python3.7/site-packages/airflow/example_dags/example_branch_python_dop_operator_3.py took 0.114 seconds
[2022-08-25 00:21:51,997] {processor.py:153} INFO - Started process (PID=15617) to work on /home/airflow/.local/lib/python3.7/site-packages/airflow/example_dags/example_branch_python_dop_operator_3.py
[2022-08-25 00:21:51,998] {processor.py:641} INFO - Processing file /home/airflow/.local/lib/python3.7/site-packages/airflow/example_dags/example_branch_python_dop_operator_3.py for tasks to queue
[2022-08-25 00:21:51,999] {logging_mixin.py:115} INFO - [2022-08-25 00:21:51,999] {dagbag.py:508} INFO - Filling up the DagBag from /home/airflow/.local/lib/python3.7/site-packages/airflow/example_dags/example_branch_python_dop_operator_3.py
[2022-08-25 00:21:52,015] {processor.py:651} INFO - DAG(s) dict_keys(['example_branch_dop_operator_v3']) retrieved from /home/airflow/.local/lib/python3.7/site-packages/airflow/example_dags/example_branch_python_dop_operator_3.py
[2022-08-25 00:21:52,053] {logging_mixin.py:115} INFO - [2022-08-25 00:21:52,053] {dag.py:2420} INFO - Sync 1 DAGs
[2022-08-25 00:21:52,092] {logging_mixin.py:115} INFO - [2022-08-25 00:21:52,091] {dag.py:2972} INFO - Setting next_dagrun for example_branch_dop_operator_v3 to 2022-08-25T00:20:00+00:00, run_after=2022-08-25T00:21:00+00:00
[2022-08-25 00:21:52,111] {processor.py:161} INFO - Processing /home/airflow/.local/lib/python3.7/site-packages/airflow/example_dags/example_branch_python_dop_operator_3.py took 0.119 seconds
[2022-08-25 00:22:22,351] {processor.py:153} INFO - Started process (PID=15811) to work on /home/airflow/.local/lib/python3.7/site-packages/airflow/example_dags/example_branch_python_dop_operator_3.py
[2022-08-25 00:22:22,352] {processor.py:641} INFO - Processing file /home/airflow/.local/lib/python3.7/site-packages/airflow/example_dags/example_branch_python_dop_operator_3.py for tasks to queue
[2022-08-25 00:22:22,353] {logging_mixin.py:115} INFO - [2022-08-25 00:22:22,353] {dagbag.py:508} INFO - Filling up the DagBag from /home/airflow/.local/lib/python3.7/site-packages/airflow/example_dags/example_branch_python_dop_operator_3.py
[2022-08-25 00:22:22,364] {processor.py:651} INFO - DAG(s) dict_keys(['example_branch_dop_operator_v3']) retrieved from /home/airflow/.local/lib/python3.7/site-packages/airflow/example_dags/example_branch_python_dop_operator_3.py
[2022-08-25 00:22:22,399] {logging_mixin.py:115} INFO - [2022-08-25 00:22:22,398] {dag.py:2420} INFO - Sync 1 DAGs
[2022-08-25 00:22:22,434] {logging_mixin.py:115} INFO - [2022-08-25 00:22:22,433] {dag.py:2972} INFO - Setting next_dagrun for example_branch_dop_operator_v3 to 2022-08-25T00:21:00+00:00, run_after=2022-08-25T00:22:00+00:00
[2022-08-25 00:22:22,462] {processor.py:161} INFO - Processing /home/airflow/.local/lib/python3.7/site-packages/airflow/example_dags/example_branch_python_dop_operator_3.py took 0.114 seconds
[2022-08-25 00:22:52,692] {processor.py:153} INFO - Started process (PID=16012) to work on /home/airflow/.local/lib/python3.7/site-packages/airflow/example_dags/example_branch_python_dop_operator_3.py
[2022-08-25 00:22:52,693] {processor.py:641} INFO - Processing file /home/airflow/.local/lib/python3.7/site-packages/airflow/example_dags/example_branch_python_dop_operator_3.py for tasks to queue
[2022-08-25 00:22:52,694] {logging_mixin.py:115} INFO - [2022-08-25 00:22:52,694] {dagbag.py:508} INFO - Filling up the DagBag from /home/airflow/.local/lib/python3.7/site-packages/airflow/example_dags/example_branch_python_dop_operator_3.py
[2022-08-25 00:22:52,707] {processor.py:651} INFO - DAG(s) dict_keys(['example_branch_dop_operator_v3']) retrieved from /home/airflow/.local/lib/python3.7/site-packages/airflow/example_dags/example_branch_python_dop_operator_3.py
[2022-08-25 00:22:52,743] {logging_mixin.py:115} INFO - [2022-08-25 00:22:52,743] {dag.py:2420} INFO - Sync 1 DAGs
[2022-08-25 00:22:52,780] {logging_mixin.py:115} INFO - [2022-08-25 00:22:52,780] {dag.py:2972} INFO - Setting next_dagrun for example_branch_dop_operator_v3 to 2022-08-25T00:21:00+00:00, run_after=2022-08-25T00:22:00+00:00
[2022-08-25 00:22:52,809] {processor.py:161} INFO - Processing /home/airflow/.local/lib/python3.7/site-packages/airflow/example_dags/example_branch_python_dop_operator_3.py took 0.121 seconds
[2022-08-25 00:23:22,895] {processor.py:153} INFO - Started process (PID=16208) to work on /home/airflow/.local/lib/python3.7/site-packages/airflow/example_dags/example_branch_python_dop_operator_3.py
[2022-08-25 00:23:22,896] {processor.py:641} INFO - Processing file /home/airflow/.local/lib/python3.7/site-packages/airflow/example_dags/example_branch_python_dop_operator_3.py for tasks to queue
[2022-08-25 00:23:22,897] {logging_mixin.py:115} INFO - [2022-08-25 00:23:22,897] {dagbag.py:508} INFO - Filling up the DagBag from /home/airflow/.local/lib/python3.7/site-packages/airflow/example_dags/example_branch_python_dop_operator_3.py
[2022-08-25 00:23:22,909] {processor.py:651} INFO - DAG(s) dict_keys(['example_branch_dop_operator_v3']) retrieved from /home/airflow/.local/lib/python3.7/site-packages/airflow/example_dags/example_branch_python_dop_operator_3.py
[2022-08-25 00:23:22,944] {logging_mixin.py:115} INFO - [2022-08-25 00:23:22,944] {dag.py:2420} INFO - Sync 1 DAGs
[2022-08-25 00:23:22,986] {logging_mixin.py:115} INFO - [2022-08-25 00:23:22,986] {dag.py:2972} INFO - Setting next_dagrun for example_branch_dop_operator_v3 to 2022-08-25T00:22:00+00:00, run_after=2022-08-25T00:23:00+00:00
[2022-08-25 00:23:23,015] {processor.py:161} INFO - Processing /home/airflow/.local/lib/python3.7/site-packages/airflow/example_dags/example_branch_python_dop_operator_3.py took 0.123 seconds
[2022-08-25 00:23:53,862] {processor.py:153} INFO - Started process (PID=16409) to work on /home/airflow/.local/lib/python3.7/site-packages/airflow/example_dags/example_branch_python_dop_operator_3.py
[2022-08-25 00:23:53,863] {processor.py:641} INFO - Processing file /home/airflow/.local/lib/python3.7/site-packages/airflow/example_dags/example_branch_python_dop_operator_3.py for tasks to queue
[2022-08-25 00:23:53,864] {logging_mixin.py:115} INFO - [2022-08-25 00:23:53,864] {dagbag.py:508} INFO - Filling up the DagBag from /home/airflow/.local/lib/python3.7/site-packages/airflow/example_dags/example_branch_python_dop_operator_3.py
[2022-08-25 00:23:53,876] {processor.py:651} INFO - DAG(s) dict_keys(['example_branch_dop_operator_v3']) retrieved from /home/airflow/.local/lib/python3.7/site-packages/airflow/example_dags/example_branch_python_dop_operator_3.py
[2022-08-25 00:23:53,911] {logging_mixin.py:115} INFO - [2022-08-25 00:23:53,911] {dag.py:2420} INFO - Sync 1 DAGs
[2022-08-25 00:23:53,950] {logging_mixin.py:115} INFO - [2022-08-25 00:23:53,950] {dag.py:2972} INFO - Setting next_dagrun for example_branch_dop_operator_v3 to 2022-08-25T00:22:00+00:00, run_after=2022-08-25T00:23:00+00:00
[2022-08-25 00:23:53,970] {processor.py:161} INFO - Processing /home/airflow/.local/lib/python3.7/site-packages/airflow/example_dags/example_branch_python_dop_operator_3.py took 0.111 seconds
[2022-08-25 00:24:24,516] {processor.py:153} INFO - Started process (PID=16608) to work on /home/airflow/.local/lib/python3.7/site-packages/airflow/example_dags/example_branch_python_dop_operator_3.py
[2022-08-25 00:24:24,516] {processor.py:641} INFO - Processing file /home/airflow/.local/lib/python3.7/site-packages/airflow/example_dags/example_branch_python_dop_operator_3.py for tasks to queue
[2022-08-25 00:24:24,517] {logging_mixin.py:115} INFO - [2022-08-25 00:24:24,517] {dagbag.py:508} INFO - Filling up the DagBag from /home/airflow/.local/lib/python3.7/site-packages/airflow/example_dags/example_branch_python_dop_operator_3.py
[2022-08-25 00:24:24,532] {processor.py:651} INFO - DAG(s) dict_keys(['example_branch_dop_operator_v3']) retrieved from /home/airflow/.local/lib/python3.7/site-packages/airflow/example_dags/example_branch_python_dop_operator_3.py
[2022-08-25 00:24:24,564] {logging_mixin.py:115} INFO - [2022-08-25 00:24:24,564] {dag.py:2420} INFO - Sync 1 DAGs
[2022-08-25 00:24:24,605] {logging_mixin.py:115} INFO - [2022-08-25 00:24:24,605] {dag.py:2972} INFO - Setting next_dagrun for example_branch_dop_operator_v3 to 2022-08-25T00:23:00+00:00, run_after=2022-08-25T00:24:00+00:00
[2022-08-25 00:24:24,630] {processor.py:161} INFO - Processing /home/airflow/.local/lib/python3.7/site-packages/airflow/example_dags/example_branch_python_dop_operator_3.py took 0.118 seconds
[2022-08-25 00:24:55,108] {processor.py:153} INFO - Started process (PID=16812) to work on /home/airflow/.local/lib/python3.7/site-packages/airflow/example_dags/example_branch_python_dop_operator_3.py
[2022-08-25 00:24:55,109] {processor.py:641} INFO - Processing file /home/airflow/.local/lib/python3.7/site-packages/airflow/example_dags/example_branch_python_dop_operator_3.py for tasks to queue
[2022-08-25 00:24:55,110] {logging_mixin.py:115} INFO - [2022-08-25 00:24:55,110] {dagbag.py:508} INFO - Filling up the DagBag from /home/airflow/.local/lib/python3.7/site-packages/airflow/example_dags/example_branch_python_dop_operator_3.py
[2022-08-25 00:24:55,124] {processor.py:651} INFO - DAG(s) dict_keys(['example_branch_dop_operator_v3']) retrieved from /home/airflow/.local/lib/python3.7/site-packages/airflow/example_dags/example_branch_python_dop_operator_3.py
[2022-08-25 00:24:55,157] {logging_mixin.py:115} INFO - [2022-08-25 00:24:55,157] {dag.py:2420} INFO - Sync 1 DAGs
[2022-08-25 00:24:55,197] {logging_mixin.py:115} INFO - [2022-08-25 00:24:55,197] {dag.py:2972} INFO - Setting next_dagrun for example_branch_dop_operator_v3 to 2022-08-25T00:23:00+00:00, run_after=2022-08-25T00:24:00+00:00
[2022-08-25 00:24:55,214] {processor.py:161} INFO - Processing /home/airflow/.local/lib/python3.7/site-packages/airflow/example_dags/example_branch_python_dop_operator_3.py took 0.111 seconds
[2022-08-25 00:25:25,590] {processor.py:153} INFO - Started process (PID=17006) to work on /home/airflow/.local/lib/python3.7/site-packages/airflow/example_dags/example_branch_python_dop_operator_3.py
[2022-08-25 00:25:25,591] {processor.py:641} INFO - Processing file /home/airflow/.local/lib/python3.7/site-packages/airflow/example_dags/example_branch_python_dop_operator_3.py for tasks to queue
[2022-08-25 00:25:25,592] {logging_mixin.py:115} INFO - [2022-08-25 00:25:25,592] {dagbag.py:508} INFO - Filling up the DagBag from /home/airflow/.local/lib/python3.7/site-packages/airflow/example_dags/example_branch_python_dop_operator_3.py
[2022-08-25 00:25:25,603] {processor.py:651} INFO - DAG(s) dict_keys(['example_branch_dop_operator_v3']) retrieved from /home/airflow/.local/lib/python3.7/site-packages/airflow/example_dags/example_branch_python_dop_operator_3.py
[2022-08-25 00:25:25,635] {logging_mixin.py:115} INFO - [2022-08-25 00:25:25,635] {dag.py:2420} INFO - Sync 1 DAGs
[2022-08-25 00:25:25,673] {logging_mixin.py:115} INFO - [2022-08-25 00:25:25,673] {dag.py:2972} INFO - Setting next_dagrun for example_branch_dop_operator_v3 to 2022-08-25T00:24:00+00:00, run_after=2022-08-25T00:25:00+00:00
[2022-08-25 00:25:25,696] {processor.py:161} INFO - Processing /home/airflow/.local/lib/python3.7/site-packages/airflow/example_dags/example_branch_python_dop_operator_3.py took 0.110 seconds
[2022-08-25 00:25:56,029] {processor.py:153} INFO - Started process (PID=17209) to work on /home/airflow/.local/lib/python3.7/site-packages/airflow/example_dags/example_branch_python_dop_operator_3.py
[2022-08-25 00:25:56,030] {processor.py:641} INFO - Processing file /home/airflow/.local/lib/python3.7/site-packages/airflow/example_dags/example_branch_python_dop_operator_3.py for tasks to queue
[2022-08-25 00:25:56,031] {logging_mixin.py:115} INFO - [2022-08-25 00:25:56,031] {dagbag.py:508} INFO - Filling up the DagBag from /home/airflow/.local/lib/python3.7/site-packages/airflow/example_dags/example_branch_python_dop_operator_3.py
[2022-08-25 00:25:56,043] {processor.py:651} INFO - DAG(s) dict_keys(['example_branch_dop_operator_v3']) retrieved from /home/airflow/.local/lib/python3.7/site-packages/airflow/example_dags/example_branch_python_dop_operator_3.py
[2022-08-25 00:25:56,080] {logging_mixin.py:115} INFO - [2022-08-25 00:25:56,080] {dag.py:2420} INFO - Sync 1 DAGs
[2022-08-25 00:25:56,118] {logging_mixin.py:115} INFO - [2022-08-25 00:25:56,118] {dag.py:2972} INFO - Setting next_dagrun for example_branch_dop_operator_v3 to 2022-08-25T00:24:00+00:00, run_after=2022-08-25T00:25:00+00:00
[2022-08-25 00:25:56,146] {processor.py:161} INFO - Processing /home/airflow/.local/lib/python3.7/site-packages/airflow/example_dags/example_branch_python_dop_operator_3.py took 0.121 seconds
[2022-08-25 00:26:26,708] {processor.py:153} INFO - Started process (PID=17403) to work on /home/airflow/.local/lib/python3.7/site-packages/airflow/example_dags/example_branch_python_dop_operator_3.py
[2022-08-25 00:26:26,709] {processor.py:641} INFO - Processing file /home/airflow/.local/lib/python3.7/site-packages/airflow/example_dags/example_branch_python_dop_operator_3.py for tasks to queue
[2022-08-25 00:26:26,710] {logging_mixin.py:115} INFO - [2022-08-25 00:26:26,710] {dagbag.py:508} INFO - Filling up the DagBag from /home/airflow/.local/lib/python3.7/site-packages/airflow/example_dags/example_branch_python_dop_operator_3.py
[2022-08-25 00:26:26,723] {processor.py:651} INFO - DAG(s) dict_keys(['example_branch_dop_operator_v3']) retrieved from /home/airflow/.local/lib/python3.7/site-packages/airflow/example_dags/example_branch_python_dop_operator_3.py
[2022-08-25 00:26:26,759] {logging_mixin.py:115} INFO - [2022-08-25 00:26:26,758] {dag.py:2420} INFO - Sync 1 DAGs
[2022-08-25 00:26:26,793] {logging_mixin.py:115} INFO - [2022-08-25 00:26:26,793] {dag.py:2972} INFO - Setting next_dagrun for example_branch_dop_operator_v3 to 2022-08-25T00:25:00+00:00, run_after=2022-08-25T00:26:00+00:00
[2022-08-25 00:26:26,810] {processor.py:161} INFO - Processing /home/airflow/.local/lib/python3.7/site-packages/airflow/example_dags/example_branch_python_dop_operator_3.py took 0.105 seconds
[2022-08-25 00:26:57,248] {processor.py:153} INFO - Started process (PID=17606) to work on /home/airflow/.local/lib/python3.7/site-packages/airflow/example_dags/example_branch_python_dop_operator_3.py
[2022-08-25 00:26:57,249] {processor.py:641} INFO - Processing file /home/airflow/.local/lib/python3.7/site-packages/airflow/example_dags/example_branch_python_dop_operator_3.py for tasks to queue
[2022-08-25 00:26:57,250] {logging_mixin.py:115} INFO - [2022-08-25 00:26:57,250] {dagbag.py:508} INFO - Filling up the DagBag from /home/airflow/.local/lib/python3.7/site-packages/airflow/example_dags/example_branch_python_dop_operator_3.py
[2022-08-25 00:26:57,263] {processor.py:651} INFO - DAG(s) dict_keys(['example_branch_dop_operator_v3']) retrieved from /home/airflow/.local/lib/python3.7/site-packages/airflow/example_dags/example_branch_python_dop_operator_3.py
[2022-08-25 00:26:57,297] {logging_mixin.py:115} INFO - [2022-08-25 00:26:57,297] {dag.py:2420} INFO - Sync 1 DAGs
[2022-08-25 00:26:57,344] {logging_mixin.py:115} INFO - [2022-08-25 00:26:57,344] {dag.py:2972} INFO - Setting next_dagrun for example_branch_dop_operator_v3 to 2022-08-25T00:25:00+00:00, run_after=2022-08-25T00:26:00+00:00
[2022-08-25 00:26:57,364] {processor.py:161} INFO - Processing /home/airflow/.local/lib/python3.7/site-packages/airflow/example_dags/example_branch_python_dop_operator_3.py took 0.120 seconds
[2022-08-25 00:27:27,835] {processor.py:153} INFO - Started process (PID=17800) to work on /home/airflow/.local/lib/python3.7/site-packages/airflow/example_dags/example_branch_python_dop_operator_3.py
[2022-08-25 00:27:27,836] {processor.py:641} INFO - Processing file /home/airflow/.local/lib/python3.7/site-packages/airflow/example_dags/example_branch_python_dop_operator_3.py for tasks to queue
[2022-08-25 00:27:27,837] {logging_mixin.py:115} INFO - [2022-08-25 00:27:27,837] {dagbag.py:508} INFO - Filling up the DagBag from /home/airflow/.local/lib/python3.7/site-packages/airflow/example_dags/example_branch_python_dop_operator_3.py
[2022-08-25 00:27:27,848] {processor.py:651} INFO - DAG(s) dict_keys(['example_branch_dop_operator_v3']) retrieved from /home/airflow/.local/lib/python3.7/site-packages/airflow/example_dags/example_branch_python_dop_operator_3.py
[2022-08-25 00:27:27,881] {logging_mixin.py:115} INFO - [2022-08-25 00:27:27,881] {dag.py:2420} INFO - Sync 1 DAGs
[2022-08-25 00:27:27,921] {logging_mixin.py:115} INFO - [2022-08-25 00:27:27,921] {dag.py:2972} INFO - Setting next_dagrun for example_branch_dop_operator_v3 to 2022-08-25T00:26:00+00:00, run_after=2022-08-25T00:27:00+00:00
[2022-08-25 00:27:27,939] {processor.py:161} INFO - Processing /home/airflow/.local/lib/python3.7/site-packages/airflow/example_dags/example_branch_python_dop_operator_3.py took 0.107 seconds
[2022-08-25 00:27:58,700] {processor.py:153} INFO - Started process (PID=18003) to work on /home/airflow/.local/lib/python3.7/site-packages/airflow/example_dags/example_branch_python_dop_operator_3.py
[2022-08-25 00:27:58,701] {processor.py:641} INFO - Processing file /home/airflow/.local/lib/python3.7/site-packages/airflow/example_dags/example_branch_python_dop_operator_3.py for tasks to queue
[2022-08-25 00:27:58,702] {logging_mixin.py:115} INFO - [2022-08-25 00:27:58,702] {dagbag.py:508} INFO - Filling up the DagBag from /home/airflow/.local/lib/python3.7/site-packages/airflow/example_dags/example_branch_python_dop_operator_3.py
[2022-08-25 00:27:58,714] {processor.py:651} INFO - DAG(s) dict_keys(['example_branch_dop_operator_v3']) retrieved from /home/airflow/.local/lib/python3.7/site-packages/airflow/example_dags/example_branch_python_dop_operator_3.py
[2022-08-25 00:27:58,746] {logging_mixin.py:115} INFO - [2022-08-25 00:27:58,746] {dag.py:2420} INFO - Sync 1 DAGs
[2022-08-25 00:27:58,784] {logging_mixin.py:115} INFO - [2022-08-25 00:27:58,784] {dag.py:2972} INFO - Setting next_dagrun for example_branch_dop_operator_v3 to 2022-08-25T00:26:00+00:00, run_after=2022-08-25T00:27:00+00:00
[2022-08-25 00:27:58,811] {processor.py:161} INFO - Processing /home/airflow/.local/lib/python3.7/site-packages/airflow/example_dags/example_branch_python_dop_operator_3.py took 0.116 seconds
[2022-08-25 00:28:28,998] {processor.py:153} INFO - Started process (PID=18197) to work on /home/airflow/.local/lib/python3.7/site-packages/airflow/example_dags/example_branch_python_dop_operator_3.py
[2022-08-25 00:28:28,999] {processor.py:641} INFO - Processing file /home/airflow/.local/lib/python3.7/site-packages/airflow/example_dags/example_branch_python_dop_operator_3.py for tasks to queue
[2022-08-25 00:28:29,000] {logging_mixin.py:115} INFO - [2022-08-25 00:28:29,000] {dagbag.py:508} INFO - Filling up the DagBag from /home/airflow/.local/lib/python3.7/site-packages/airflow/example_dags/example_branch_python_dop_operator_3.py
[2022-08-25 00:28:29,011] {processor.py:651} INFO - DAG(s) dict_keys(['example_branch_dop_operator_v3']) retrieved from /home/airflow/.local/lib/python3.7/site-packages/airflow/example_dags/example_branch_python_dop_operator_3.py
[2022-08-25 00:28:29,044] {logging_mixin.py:115} INFO - [2022-08-25 00:28:29,044] {dag.py:2420} INFO - Sync 1 DAGs
[2022-08-25 00:28:29,079] {logging_mixin.py:115} INFO - [2022-08-25 00:28:29,078] {dag.py:2972} INFO - Setting next_dagrun for example_branch_dop_operator_v3 to 2022-08-25T00:27:00+00:00, run_after=2022-08-25T00:28:00+00:00
[2022-08-25 00:28:29,095] {processor.py:161} INFO - Processing /home/airflow/.local/lib/python3.7/site-packages/airflow/example_dags/example_branch_python_dop_operator_3.py took 0.100 seconds
[2022-08-25 00:28:59,941] {processor.py:153} INFO - Started process (PID=18400) to work on /home/airflow/.local/lib/python3.7/site-packages/airflow/example_dags/example_branch_python_dop_operator_3.py
[2022-08-25 00:28:59,942] {processor.py:641} INFO - Processing file /home/airflow/.local/lib/python3.7/site-packages/airflow/example_dags/example_branch_python_dop_operator_3.py for tasks to queue
[2022-08-25 00:28:59,942] {logging_mixin.py:115} INFO - [2022-08-25 00:28:59,942] {dagbag.py:508} INFO - Filling up the DagBag from /home/airflow/.local/lib/python3.7/site-packages/airflow/example_dags/example_branch_python_dop_operator_3.py
[2022-08-25 00:28:59,955] {processor.py:651} INFO - DAG(s) dict_keys(['example_branch_dop_operator_v3']) retrieved from /home/airflow/.local/lib/python3.7/site-packages/airflow/example_dags/example_branch_python_dop_operator_3.py
[2022-08-25 00:28:59,984] {logging_mixin.py:115} INFO - [2022-08-25 00:28:59,984] {dag.py:2420} INFO - Sync 1 DAGs
[2022-08-25 00:29:00,018] {logging_mixin.py:115} INFO - [2022-08-25 00:29:00,018] {dag.py:2972} INFO - Setting next_dagrun for example_branch_dop_operator_v3 to 2022-08-25T00:28:00+00:00, run_after=2022-08-25T00:29:00+00:00
[2022-08-25 00:29:00,034] {processor.py:161} INFO - Processing /home/airflow/.local/lib/python3.7/site-packages/airflow/example_dags/example_branch_python_dop_operator_3.py took 0.096 seconds
[2022-08-25 00:29:30,151] {processor.py:153} INFO - Started process (PID=18589) to work on /home/airflow/.local/lib/python3.7/site-packages/airflow/example_dags/example_branch_python_dop_operator_3.py
[2022-08-25 00:29:30,152] {processor.py:641} INFO - Processing file /home/airflow/.local/lib/python3.7/site-packages/airflow/example_dags/example_branch_python_dop_operator_3.py for tasks to queue
[2022-08-25 00:29:30,153] {logging_mixin.py:115} INFO - [2022-08-25 00:29:30,153] {dagbag.py:508} INFO - Filling up the DagBag from /home/airflow/.local/lib/python3.7/site-packages/airflow/example_dags/example_branch_python_dop_operator_3.py
[2022-08-25 00:29:30,166] {processor.py:651} INFO - DAG(s) dict_keys(['example_branch_dop_operator_v3']) retrieved from /home/airflow/.local/lib/python3.7/site-packages/airflow/example_dags/example_branch_python_dop_operator_3.py
[2022-08-25 00:29:30,199] {logging_mixin.py:115} INFO - [2022-08-25 00:29:30,199] {dag.py:2420} INFO - Sync 1 DAGs
[2022-08-25 00:29:30,236] {logging_mixin.py:115} INFO - [2022-08-25 00:29:30,236] {dag.py:2972} INFO - Setting next_dagrun for example_branch_dop_operator_v3 to 2022-08-25T00:28:00+00:00, run_after=2022-08-25T00:29:00+00:00
[2022-08-25 00:29:30,252] {processor.py:161} INFO - Processing /home/airflow/.local/lib/python3.7/site-packages/airflow/example_dags/example_branch_python_dop_operator_3.py took 0.105 seconds
[2022-08-25 00:30:00,976] {processor.py:153} INFO - Started process (PID=18797) to work on /home/airflow/.local/lib/python3.7/site-packages/airflow/example_dags/example_branch_python_dop_operator_3.py
[2022-08-25 00:30:00,977] {processor.py:641} INFO - Processing file /home/airflow/.local/lib/python3.7/site-packages/airflow/example_dags/example_branch_python_dop_operator_3.py for tasks to queue
[2022-08-25 00:30:00,978] {logging_mixin.py:115} INFO - [2022-08-25 00:30:00,978] {dagbag.py:508} INFO - Filling up the DagBag from /home/airflow/.local/lib/python3.7/site-packages/airflow/example_dags/example_branch_python_dop_operator_3.py
[2022-08-25 00:30:00,995] {processor.py:651} INFO - DAG(s) dict_keys(['example_branch_dop_operator_v3']) retrieved from /home/airflow/.local/lib/python3.7/site-packages/airflow/example_dags/example_branch_python_dop_operator_3.py
[2022-08-25 00:30:01,031] {logging_mixin.py:115} INFO - [2022-08-25 00:30:01,031] {dag.py:2420} INFO - Sync 1 DAGs
[2022-08-25 00:30:01,072] {logging_mixin.py:115} INFO - [2022-08-25 00:30:01,071] {dag.py:2972} INFO - Setting next_dagrun for example_branch_dop_operator_v3 to 2022-08-25T00:29:00+00:00, run_after=2022-08-25T00:30:00+00:00
[2022-08-25 00:30:01,087] {processor.py:161} INFO - Processing /home/airflow/.local/lib/python3.7/site-packages/airflow/example_dags/example_branch_python_dop_operator_3.py took 0.114 seconds
[2022-08-25 00:30:31,424] {processor.py:153} INFO - Started process (PID=18991) to work on /home/airflow/.local/lib/python3.7/site-packages/airflow/example_dags/example_branch_python_dop_operator_3.py
[2022-08-25 00:30:31,425] {processor.py:641} INFO - Processing file /home/airflow/.local/lib/python3.7/site-packages/airflow/example_dags/example_branch_python_dop_operator_3.py for tasks to queue
[2022-08-25 00:30:31,426] {logging_mixin.py:115} INFO - [2022-08-25 00:30:31,426] {dagbag.py:508} INFO - Filling up the DagBag from /home/airflow/.local/lib/python3.7/site-packages/airflow/example_dags/example_branch_python_dop_operator_3.py
[2022-08-25 00:30:31,438] {processor.py:651} INFO - DAG(s) dict_keys(['example_branch_dop_operator_v3']) retrieved from /home/airflow/.local/lib/python3.7/site-packages/airflow/example_dags/example_branch_python_dop_operator_3.py
[2022-08-25 00:30:31,470] {logging_mixin.py:115} INFO - [2022-08-25 00:30:31,470] {dag.py:2420} INFO - Sync 1 DAGs
[2022-08-25 00:30:31,509] {logging_mixin.py:115} INFO - [2022-08-25 00:30:31,508] {dag.py:2972} INFO - Setting next_dagrun for example_branch_dop_operator_v3 to 2022-08-25T00:29:00+00:00, run_after=2022-08-25T00:30:00+00:00
[2022-08-25 00:30:31,526] {processor.py:161} INFO - Processing /home/airflow/.local/lib/python3.7/site-packages/airflow/example_dags/example_branch_python_dop_operator_3.py took 0.105 seconds
[2022-08-25 00:31:01,892] {processor.py:153} INFO - Started process (PID=19194) to work on /home/airflow/.local/lib/python3.7/site-packages/airflow/example_dags/example_branch_python_dop_operator_3.py
[2022-08-25 00:31:01,893] {processor.py:641} INFO - Processing file /home/airflow/.local/lib/python3.7/site-packages/airflow/example_dags/example_branch_python_dop_operator_3.py for tasks to queue
[2022-08-25 00:31:01,894] {logging_mixin.py:115} INFO - [2022-08-25 00:31:01,894] {dagbag.py:508} INFO - Filling up the DagBag from /home/airflow/.local/lib/python3.7/site-packages/airflow/example_dags/example_branch_python_dop_operator_3.py
[2022-08-25 00:31:01,908] {processor.py:651} INFO - DAG(s) dict_keys(['example_branch_dop_operator_v3']) retrieved from /home/airflow/.local/lib/python3.7/site-packages/airflow/example_dags/example_branch_python_dop_operator_3.py
[2022-08-25 00:31:01,942] {logging_mixin.py:115} INFO - [2022-08-25 00:31:01,942] {dag.py:2420} INFO - Sync 1 DAGs
[2022-08-25 00:31:01,992] {logging_mixin.py:115} INFO - [2022-08-25 00:31:01,992] {dag.py:2972} INFO - Setting next_dagrun for example_branch_dop_operator_v3 to 2022-08-25T00:30:00+00:00, run_after=2022-08-25T00:31:00+00:00
[2022-08-25 00:31:02,015] {processor.py:161} INFO - Processing /home/airflow/.local/lib/python3.7/site-packages/airflow/example_dags/example_branch_python_dop_operator_3.py took 0.127 seconds
[2022-08-25 00:31:32,288] {processor.py:153} INFO - Started process (PID=19388) to work on /home/airflow/.local/lib/python3.7/site-packages/airflow/example_dags/example_branch_python_dop_operator_3.py
[2022-08-25 00:31:32,289] {processor.py:641} INFO - Processing file /home/airflow/.local/lib/python3.7/site-packages/airflow/example_dags/example_branch_python_dop_operator_3.py for tasks to queue
[2022-08-25 00:31:32,290] {logging_mixin.py:115} INFO - [2022-08-25 00:31:32,290] {dagbag.py:508} INFO - Filling up the DagBag from /home/airflow/.local/lib/python3.7/site-packages/airflow/example_dags/example_branch_python_dop_operator_3.py
[2022-08-25 00:31:32,303] {processor.py:651} INFO - DAG(s) dict_keys(['example_branch_dop_operator_v3']) retrieved from /home/airflow/.local/lib/python3.7/site-packages/airflow/example_dags/example_branch_python_dop_operator_3.py
[2022-08-25 00:31:32,340] {logging_mixin.py:115} INFO - [2022-08-25 00:31:32,340] {dag.py:2420} INFO - Sync 1 DAGs
[2022-08-25 00:31:32,374] {logging_mixin.py:115} INFO - [2022-08-25 00:31:32,374] {dag.py:2972} INFO - Setting next_dagrun for example_branch_dop_operator_v3 to 2022-08-25T00:30:00+00:00, run_after=2022-08-25T00:31:00+00:00
[2022-08-25 00:31:32,399] {processor.py:161} INFO - Processing /home/airflow/.local/lib/python3.7/site-packages/airflow/example_dags/example_branch_python_dop_operator_3.py took 0.115 seconds
[2022-08-25 00:32:02,971] {processor.py:153} INFO - Started process (PID=19591) to work on /home/airflow/.local/lib/python3.7/site-packages/airflow/example_dags/example_branch_python_dop_operator_3.py
[2022-08-25 00:32:02,972] {processor.py:641} INFO - Processing file /home/airflow/.local/lib/python3.7/site-packages/airflow/example_dags/example_branch_python_dop_operator_3.py for tasks to queue
[2022-08-25 00:32:02,973] {logging_mixin.py:115} INFO - [2022-08-25 00:32:02,972] {dagbag.py:508} INFO - Filling up the DagBag from /home/airflow/.local/lib/python3.7/site-packages/airflow/example_dags/example_branch_python_dop_operator_3.py
[2022-08-25 00:32:02,990] {processor.py:651} INFO - DAG(s) dict_keys(['example_branch_dop_operator_v3']) retrieved from /home/airflow/.local/lib/python3.7/site-packages/airflow/example_dags/example_branch_python_dop_operator_3.py
[2022-08-25 00:32:03,023] {logging_mixin.py:115} INFO - [2022-08-25 00:32:03,023] {dag.py:2420} INFO - Sync 1 DAGs
[2022-08-25 00:32:03,061] {logging_mixin.py:115} INFO - [2022-08-25 00:32:03,061] {dag.py:2972} INFO - Setting next_dagrun for example_branch_dop_operator_v3 to 2022-08-25T00:31:00+00:00, run_after=2022-08-25T00:32:00+00:00
[2022-08-25 00:32:03,079] {processor.py:161} INFO - Processing /home/airflow/.local/lib/python3.7/site-packages/airflow/example_dags/example_branch_python_dop_operator_3.py took 0.112 seconds
[2022-08-25 00:32:33,343] {processor.py:153} INFO - Started process (PID=19785) to work on /home/airflow/.local/lib/python3.7/site-packages/airflow/example_dags/example_branch_python_dop_operator_3.py
[2022-08-25 00:32:33,344] {processor.py:641} INFO - Processing file /home/airflow/.local/lib/python3.7/site-packages/airflow/example_dags/example_branch_python_dop_operator_3.py for tasks to queue
[2022-08-25 00:32:33,345] {logging_mixin.py:115} INFO - [2022-08-25 00:32:33,345] {dagbag.py:508} INFO - Filling up the DagBag from /home/airflow/.local/lib/python3.7/site-packages/airflow/example_dags/example_branch_python_dop_operator_3.py
[2022-08-25 00:32:33,358] {processor.py:651} INFO - DAG(s) dict_keys(['example_branch_dop_operator_v3']) retrieved from /home/airflow/.local/lib/python3.7/site-packages/airflow/example_dags/example_branch_python_dop_operator_3.py
[2022-08-25 00:32:33,391] {logging_mixin.py:115} INFO - [2022-08-25 00:32:33,390] {dag.py:2420} INFO - Sync 1 DAGs
[2022-08-25 00:32:33,431] {logging_mixin.py:115} INFO - [2022-08-25 00:32:33,431] {dag.py:2972} INFO - Setting next_dagrun for example_branch_dop_operator_v3 to 2022-08-25T00:31:00+00:00, run_after=2022-08-25T00:32:00+00:00
[2022-08-25 00:32:33,456] {processor.py:161} INFO - Processing /home/airflow/.local/lib/python3.7/site-packages/airflow/example_dags/example_branch_python_dop_operator_3.py took 0.116 seconds
[2022-08-25 00:33:04,034] {processor.py:153} INFO - Started process (PID=19989) to work on /home/airflow/.local/lib/python3.7/site-packages/airflow/example_dags/example_branch_python_dop_operator_3.py
[2022-08-25 00:33:04,035] {processor.py:641} INFO - Processing file /home/airflow/.local/lib/python3.7/site-packages/airflow/example_dags/example_branch_python_dop_operator_3.py for tasks to queue
[2022-08-25 00:33:04,036] {logging_mixin.py:115} INFO - [2022-08-25 00:33:04,036] {dagbag.py:508} INFO - Filling up the DagBag from /home/airflow/.local/lib/python3.7/site-packages/airflow/example_dags/example_branch_python_dop_operator_3.py
[2022-08-25 00:33:04,046] {processor.py:651} INFO - DAG(s) dict_keys(['example_branch_dop_operator_v3']) retrieved from /home/airflow/.local/lib/python3.7/site-packages/airflow/example_dags/example_branch_python_dop_operator_3.py
[2022-08-25 00:33:04,077] {logging_mixin.py:115} INFO - [2022-08-25 00:33:04,077] {dag.py:2420} INFO - Sync 1 DAGs
[2022-08-25 00:33:04,111] {logging_mixin.py:115} INFO - [2022-08-25 00:33:04,110] {dag.py:2972} INFO - Setting next_dagrun for example_branch_dop_operator_v3 to 2022-08-25T00:32:00+00:00, run_after=2022-08-25T00:33:00+00:00
[2022-08-25 00:33:04,133] {processor.py:161} INFO - Processing /home/airflow/.local/lib/python3.7/site-packages/airflow/example_dags/example_branch_python_dop_operator_3.py took 0.101 seconds
[2022-08-25 00:33:34,317] {processor.py:153} INFO - Started process (PID=20178) to work on /home/airflow/.local/lib/python3.7/site-packages/airflow/example_dags/example_branch_python_dop_operator_3.py
[2022-08-25 00:33:34,318] {processor.py:641} INFO - Processing file /home/airflow/.local/lib/python3.7/site-packages/airflow/example_dags/example_branch_python_dop_operator_3.py for tasks to queue
[2022-08-25 00:33:34,319] {logging_mixin.py:115} INFO - [2022-08-25 00:33:34,319] {dagbag.py:508} INFO - Filling up the DagBag from /home/airflow/.local/lib/python3.7/site-packages/airflow/example_dags/example_branch_python_dop_operator_3.py
[2022-08-25 00:33:34,331] {processor.py:651} INFO - DAG(s) dict_keys(['example_branch_dop_operator_v3']) retrieved from /home/airflow/.local/lib/python3.7/site-packages/airflow/example_dags/example_branch_python_dop_operator_3.py
[2022-08-25 00:33:34,365] {logging_mixin.py:115} INFO - [2022-08-25 00:33:34,364] {dag.py:2420} INFO - Sync 1 DAGs
[2022-08-25 00:33:34,403] {logging_mixin.py:115} INFO - [2022-08-25 00:33:34,402] {dag.py:2972} INFO - Setting next_dagrun for example_branch_dop_operator_v3 to 2022-08-25T00:32:00+00:00, run_after=2022-08-25T00:33:00+00:00
[2022-08-25 00:33:34,420] {processor.py:161} INFO - Processing /home/airflow/.local/lib/python3.7/site-packages/airflow/example_dags/example_branch_python_dop_operator_3.py took 0.106 seconds
[2022-08-25 00:34:04,943] {processor.py:153} INFO - Started process (PID=20387) to work on /home/airflow/.local/lib/python3.7/site-packages/airflow/example_dags/example_branch_python_dop_operator_3.py
[2022-08-25 00:34:04,944] {processor.py:641} INFO - Processing file /home/airflow/.local/lib/python3.7/site-packages/airflow/example_dags/example_branch_python_dop_operator_3.py for tasks to queue
[2022-08-25 00:34:04,945] {logging_mixin.py:115} INFO - [2022-08-25 00:34:04,945] {dagbag.py:508} INFO - Filling up the DagBag from /home/airflow/.local/lib/python3.7/site-packages/airflow/example_dags/example_branch_python_dop_operator_3.py
[2022-08-25 00:34:04,955] {processor.py:651} INFO - DAG(s) dict_keys(['example_branch_dop_operator_v3']) retrieved from /home/airflow/.local/lib/python3.7/site-packages/airflow/example_dags/example_branch_python_dop_operator_3.py
[2022-08-25 00:34:04,983] {logging_mixin.py:115} INFO - [2022-08-25 00:34:04,983] {dag.py:2420} INFO - Sync 1 DAGs
[2022-08-25 00:34:05,014] {logging_mixin.py:115} INFO - [2022-08-25 00:34:05,014] {dag.py:2972} INFO - Setting next_dagrun for example_branch_dop_operator_v3 to 2022-08-25T00:33:00+00:00, run_after=2022-08-25T00:34:00+00:00
[2022-08-25 00:34:05,037] {processor.py:161} INFO - Processing /home/airflow/.local/lib/python3.7/site-packages/airflow/example_dags/example_branch_python_dop_operator_3.py took 0.097 seconds
[2022-08-25 00:34:35,535] {processor.py:153} INFO - Started process (PID=20581) to work on /home/airflow/.local/lib/python3.7/site-packages/airflow/example_dags/example_branch_python_dop_operator_3.py
[2022-08-25 00:34:35,536] {processor.py:641} INFO - Processing file /home/airflow/.local/lib/python3.7/site-packages/airflow/example_dags/example_branch_python_dop_operator_3.py for tasks to queue
[2022-08-25 00:34:35,537] {logging_mixin.py:115} INFO - [2022-08-25 00:34:35,536] {dagbag.py:508} INFO - Filling up the DagBag from /home/airflow/.local/lib/python3.7/site-packages/airflow/example_dags/example_branch_python_dop_operator_3.py
[2022-08-25 00:34:35,549] {processor.py:651} INFO - DAG(s) dict_keys(['example_branch_dop_operator_v3']) retrieved from /home/airflow/.local/lib/python3.7/site-packages/airflow/example_dags/example_branch_python_dop_operator_3.py
[2022-08-25 00:34:35,580] {logging_mixin.py:115} INFO - [2022-08-25 00:34:35,580] {dag.py:2420} INFO - Sync 1 DAGs
[2022-08-25 00:34:35,613] {logging_mixin.py:115} INFO - [2022-08-25 00:34:35,613] {dag.py:2972} INFO - Setting next_dagrun for example_branch_dop_operator_v3 to 2022-08-25T00:33:00+00:00, run_after=2022-08-25T00:34:00+00:00
[2022-08-25 00:34:35,637] {processor.py:161} INFO - Processing /home/airflow/.local/lib/python3.7/site-packages/airflow/example_dags/example_branch_python_dop_operator_3.py took 0.105 seconds
[2022-08-25 00:35:05,873] {processor.py:153} INFO - Started process (PID=20784) to work on /home/airflow/.local/lib/python3.7/site-packages/airflow/example_dags/example_branch_python_dop_operator_3.py
[2022-08-25 00:35:05,874] {processor.py:641} INFO - Processing file /home/airflow/.local/lib/python3.7/site-packages/airflow/example_dags/example_branch_python_dop_operator_3.py for tasks to queue
[2022-08-25 00:35:05,875] {logging_mixin.py:115} INFO - [2022-08-25 00:35:05,875] {dagbag.py:508} INFO - Filling up the DagBag from /home/airflow/.local/lib/python3.7/site-packages/airflow/example_dags/example_branch_python_dop_operator_3.py
[2022-08-25 00:35:05,886] {processor.py:651} INFO - DAG(s) dict_keys(['example_branch_dop_operator_v3']) retrieved from /home/airflow/.local/lib/python3.7/site-packages/airflow/example_dags/example_branch_python_dop_operator_3.py
[2022-08-25 00:35:05,915] {logging_mixin.py:115} INFO - [2022-08-25 00:35:05,915] {dag.py:2420} INFO - Sync 1 DAGs
[2022-08-25 00:35:05,946] {logging_mixin.py:115} INFO - [2022-08-25 00:35:05,946] {dag.py:2972} INFO - Setting next_dagrun for example_branch_dop_operator_v3 to 2022-08-25T00:34:00+00:00, run_after=2022-08-25T00:35:00+00:00
[2022-08-25 00:35:05,971] {processor.py:161} INFO - Processing /home/airflow/.local/lib/python3.7/site-packages/airflow/example_dags/example_branch_python_dop_operator_3.py took 0.100 seconds
[2022-08-25 00:35:36,181] {processor.py:153} INFO - Started process (PID=20979) to work on /home/airflow/.local/lib/python3.7/site-packages/airflow/example_dags/example_branch_python_dop_operator_3.py
[2022-08-25 00:35:36,182] {processor.py:641} INFO - Processing file /home/airflow/.local/lib/python3.7/site-packages/airflow/example_dags/example_branch_python_dop_operator_3.py for tasks to queue
[2022-08-25 00:35:36,183] {logging_mixin.py:115} INFO - [2022-08-25 00:35:36,183] {dagbag.py:508} INFO - Filling up the DagBag from /home/airflow/.local/lib/python3.7/site-packages/airflow/example_dags/example_branch_python_dop_operator_3.py
[2022-08-25 00:35:36,195] {processor.py:651} INFO - DAG(s) dict_keys(['example_branch_dop_operator_v3']) retrieved from /home/airflow/.local/lib/python3.7/site-packages/airflow/example_dags/example_branch_python_dop_operator_3.py
[2022-08-25 00:35:36,233] {logging_mixin.py:115} INFO - [2022-08-25 00:35:36,233] {dag.py:2420} INFO - Sync 1 DAGs
[2022-08-25 00:35:36,273] {logging_mixin.py:115} INFO - [2022-08-25 00:35:36,273] {dag.py:2972} INFO - Setting next_dagrun for example_branch_dop_operator_v3 to 2022-08-25T00:34:00+00:00, run_after=2022-08-25T00:35:00+00:00
[2022-08-25 00:35:36,299] {processor.py:161} INFO - Processing /home/airflow/.local/lib/python3.7/site-packages/airflow/example_dags/example_branch_python_dop_operator_3.py took 0.122 seconds
[2022-08-25 00:36:06,857] {processor.py:153} INFO - Started process (PID=21182) to work on /home/airflow/.local/lib/python3.7/site-packages/airflow/example_dags/example_branch_python_dop_operator_3.py
[2022-08-25 00:36:06,858] {processor.py:641} INFO - Processing file /home/airflow/.local/lib/python3.7/site-packages/airflow/example_dags/example_branch_python_dop_operator_3.py for tasks to queue
[2022-08-25 00:36:06,859] {logging_mixin.py:115} INFO - [2022-08-25 00:36:06,859] {dagbag.py:508} INFO - Filling up the DagBag from /home/airflow/.local/lib/python3.7/site-packages/airflow/example_dags/example_branch_python_dop_operator_3.py
[2022-08-25 00:36:06,870] {processor.py:651} INFO - DAG(s) dict_keys(['example_branch_dop_operator_v3']) retrieved from /home/airflow/.local/lib/python3.7/site-packages/airflow/example_dags/example_branch_python_dop_operator_3.py
[2022-08-25 00:36:06,898] {logging_mixin.py:115} INFO - [2022-08-25 00:36:06,897] {dag.py:2420} INFO - Sync 1 DAGs
[2022-08-25 00:36:06,930] {logging_mixin.py:115} INFO - [2022-08-25 00:36:06,930] {dag.py:2972} INFO - Setting next_dagrun for example_branch_dop_operator_v3 to 2022-08-25T00:35:00+00:00, run_after=2022-08-25T00:36:00+00:00
[2022-08-25 00:36:06,955] {processor.py:161} INFO - Processing /home/airflow/.local/lib/python3.7/site-packages/airflow/example_dags/example_branch_python_dop_operator_3.py took 0.101 seconds
[2022-08-25 01:25:49,999] {processor.py:153} INFO - Started process (PID=21394) to work on /home/airflow/.local/lib/python3.7/site-packages/airflow/example_dags/example_branch_python_dop_operator_3.py
[2022-08-25 01:25:50,000] {processor.py:641} INFO - Processing file /home/airflow/.local/lib/python3.7/site-packages/airflow/example_dags/example_branch_python_dop_operator_3.py for tasks to queue
[2022-08-25 01:25:50,001] {logging_mixin.py:115} INFO - [2022-08-25 01:25:50,001] {dagbag.py:508} INFO - Filling up the DagBag from /home/airflow/.local/lib/python3.7/site-packages/airflow/example_dags/example_branch_python_dop_operator_3.py
[2022-08-25 01:25:50,013] {processor.py:651} INFO - DAG(s) dict_keys(['example_branch_dop_operator_v3']) retrieved from /home/airflow/.local/lib/python3.7/site-packages/airflow/example_dags/example_branch_python_dop_operator_3.py
[2022-08-25 01:25:50,043] {logging_mixin.py:115} INFO - [2022-08-25 01:25:50,043] {dag.py:2420} INFO - Sync 1 DAGs
[2022-08-25 01:25:50,080] {logging_mixin.py:115} INFO - [2022-08-25 01:25:50,080] {dag.py:2972} INFO - Setting next_dagrun for example_branch_dop_operator_v3 to 2022-08-25T01:24:00+00:00, run_after=2022-08-25T01:25:00+00:00
[2022-08-25 01:25:50,098] {processor.py:161} INFO - Processing /home/airflow/.local/lib/python3.7/site-packages/airflow/example_dags/example_branch_python_dop_operator_3.py took 0.103 seconds
[2022-08-25 01:26:20,467] {processor.py:153} INFO - Started process (PID=21591) to work on /home/airflow/.local/lib/python3.7/site-packages/airflow/example_dags/example_branch_python_dop_operator_3.py
[2022-08-25 01:26:20,468] {processor.py:641} INFO - Processing file /home/airflow/.local/lib/python3.7/site-packages/airflow/example_dags/example_branch_python_dop_operator_3.py for tasks to queue
[2022-08-25 01:26:20,468] {logging_mixin.py:115} INFO - [2022-08-25 01:26:20,468] {dagbag.py:508} INFO - Filling up the DagBag from /home/airflow/.local/lib/python3.7/site-packages/airflow/example_dags/example_branch_python_dop_operator_3.py
[2022-08-25 01:26:20,477] {processor.py:651} INFO - DAG(s) dict_keys(['example_branch_dop_operator_v3']) retrieved from /home/airflow/.local/lib/python3.7/site-packages/airflow/example_dags/example_branch_python_dop_operator_3.py
[2022-08-25 01:26:20,500] {logging_mixin.py:115} INFO - [2022-08-25 01:26:20,500] {dag.py:2420} INFO - Sync 1 DAGs
[2022-08-25 01:26:20,526] {logging_mixin.py:115} INFO - [2022-08-25 01:26:20,526] {dag.py:2972} INFO - Setting next_dagrun for example_branch_dop_operator_v3 to 2022-08-25T01:25:00+00:00, run_after=2022-08-25T01:26:00+00:00
[2022-08-25 01:26:20,543] {processor.py:161} INFO - Processing /home/airflow/.local/lib/python3.7/site-packages/airflow/example_dags/example_branch_python_dop_operator_3.py took 0.078 seconds
[2022-08-25 01:26:51,053] {processor.py:153} INFO - Started process (PID=21792) to work on /home/airflow/.local/lib/python3.7/site-packages/airflow/example_dags/example_branch_python_dop_operator_3.py
[2022-08-25 01:26:51,054] {processor.py:641} INFO - Processing file /home/airflow/.local/lib/python3.7/site-packages/airflow/example_dags/example_branch_python_dop_operator_3.py for tasks to queue
[2022-08-25 01:26:51,054] {logging_mixin.py:115} INFO - [2022-08-25 01:26:51,054] {dagbag.py:508} INFO - Filling up the DagBag from /home/airflow/.local/lib/python3.7/site-packages/airflow/example_dags/example_branch_python_dop_operator_3.py
[2022-08-25 01:26:51,064] {processor.py:651} INFO - DAG(s) dict_keys(['example_branch_dop_operator_v3']) retrieved from /home/airflow/.local/lib/python3.7/site-packages/airflow/example_dags/example_branch_python_dop_operator_3.py
[2022-08-25 01:26:51,093] {logging_mixin.py:115} INFO - [2022-08-25 01:26:51,092] {dag.py:2420} INFO - Sync 1 DAGs
[2022-08-25 01:26:51,120] {logging_mixin.py:115} INFO - [2022-08-25 01:26:51,120] {dag.py:2972} INFO - Setting next_dagrun for example_branch_dop_operator_v3 to 2022-08-25T01:25:00+00:00, run_after=2022-08-25T01:26:00+00:00
[2022-08-25 01:26:51,136] {processor.py:161} INFO - Processing /home/airflow/.local/lib/python3.7/site-packages/airflow/example_dags/example_branch_python_dop_operator_3.py took 0.086 seconds
[2022-08-25 01:27:22,328] {processor.py:153} INFO - Started process (PID=21995) to work on /home/airflow/.local/lib/python3.7/site-packages/airflow/example_dags/example_branch_python_dop_operator_3.py
[2022-08-25 01:27:22,329] {processor.py:641} INFO - Processing file /home/airflow/.local/lib/python3.7/site-packages/airflow/example_dags/example_branch_python_dop_operator_3.py for tasks to queue
[2022-08-25 01:27:22,330] {logging_mixin.py:115} INFO - [2022-08-25 01:27:22,330] {dagbag.py:508} INFO - Filling up the DagBag from /home/airflow/.local/lib/python3.7/site-packages/airflow/example_dags/example_branch_python_dop_operator_3.py
[2022-08-25 01:27:22,341] {processor.py:651} INFO - DAG(s) dict_keys(['example_branch_dop_operator_v3']) retrieved from /home/airflow/.local/lib/python3.7/site-packages/airflow/example_dags/example_branch_python_dop_operator_3.py
[2022-08-25 01:27:22,382] {logging_mixin.py:115} INFO - [2022-08-25 01:27:22,382] {dag.py:2420} INFO - Sync 1 DAGs
[2022-08-25 01:27:22,419] {logging_mixin.py:115} INFO - [2022-08-25 01:27:22,419] {dag.py:2972} INFO - Setting next_dagrun for example_branch_dop_operator_v3 to 2022-08-25T01:26:00+00:00, run_after=2022-08-25T01:27:00+00:00
[2022-08-25 01:27:22,438] {processor.py:161} INFO - Processing /home/airflow/.local/lib/python3.7/site-packages/airflow/example_dags/example_branch_python_dop_operator_3.py took 0.114 seconds
