[2022-08-25 00:13:12,085] {processor.py:153} INFO - Started process (PID=12179) to work on /home/airflow/.local/lib/python3.7/site-packages/airflow/example_dags/example_python_operator.py
[2022-08-25 00:13:12,088] {processor.py:641} INFO - Processing file /home/airflow/.local/lib/python3.7/site-packages/airflow/example_dags/example_python_operator.py for tasks to queue
[2022-08-25 00:13:12,091] {logging_mixin.py:115} INFO - [2022-08-25 00:13:12,091] {dagbag.py:508} INFO - Filling up the DagBag from /home/airflow/.local/lib/python3.7/site-packages/airflow/example_dags/example_python_operator.py
[2022-08-25 00:13:12,134] {processor.py:651} INFO - DAG(s) dict_keys(['example_python_operator']) retrieved from /home/airflow/.local/lib/python3.7/site-packages/airflow/example_dags/example_python_operator.py
[2022-08-25 00:13:12,190] {logging_mixin.py:115} INFO - [2022-08-25 00:13:12,190] {dag.py:2420} INFO - Sync 1 DAGs
[2022-08-25 00:13:12,264] {logging_mixin.py:115} INFO - [2022-08-25 00:13:12,263] {dag.py:2972} INFO - Setting next_dagrun for example_python_operator to None, run_after=None
[2022-08-25 00:13:12,323] {processor.py:161} INFO - Processing /home/airflow/.local/lib/python3.7/site-packages/airflow/example_dags/example_python_operator.py took 0.245 seconds
[2022-08-25 00:13:42,411] {processor.py:153} INFO - Started process (PID=12385) to work on /home/airflow/.local/lib/python3.7/site-packages/airflow/example_dags/example_python_operator.py
[2022-08-25 00:13:42,412] {processor.py:641} INFO - Processing file /home/airflow/.local/lib/python3.7/site-packages/airflow/example_dags/example_python_operator.py for tasks to queue
[2022-08-25 00:13:42,413] {logging_mixin.py:115} INFO - [2022-08-25 00:13:42,413] {dagbag.py:508} INFO - Filling up the DagBag from /home/airflow/.local/lib/python3.7/site-packages/airflow/example_dags/example_python_operator.py
[2022-08-25 00:13:42,430] {processor.py:651} INFO - DAG(s) dict_keys(['example_python_operator']) retrieved from /home/airflow/.local/lib/python3.7/site-packages/airflow/example_dags/example_python_operator.py
[2022-08-25 00:13:42,456] {logging_mixin.py:115} INFO - [2022-08-25 00:13:42,456] {dag.py:2420} INFO - Sync 1 DAGs
[2022-08-25 00:13:42,479] {logging_mixin.py:115} INFO - [2022-08-25 00:13:42,479] {dag.py:2972} INFO - Setting next_dagrun for example_python_operator to None, run_after=None
[2022-08-25 00:13:42,493] {processor.py:161} INFO - Processing /home/airflow/.local/lib/python3.7/site-packages/airflow/example_dags/example_python_operator.py took 0.084 seconds
[2022-08-25 00:14:12,893] {processor.py:153} INFO - Started process (PID=12594) to work on /home/airflow/.local/lib/python3.7/site-packages/airflow/example_dags/example_python_operator.py
[2022-08-25 00:14:12,894] {processor.py:641} INFO - Processing file /home/airflow/.local/lib/python3.7/site-packages/airflow/example_dags/example_python_operator.py for tasks to queue
[2022-08-25 00:14:12,895] {logging_mixin.py:115} INFO - [2022-08-25 00:14:12,895] {dagbag.py:508} INFO - Filling up the DagBag from /home/airflow/.local/lib/python3.7/site-packages/airflow/example_dags/example_python_operator.py
[2022-08-25 00:14:12,913] {processor.py:651} INFO - DAG(s) dict_keys(['example_python_operator']) retrieved from /home/airflow/.local/lib/python3.7/site-packages/airflow/example_dags/example_python_operator.py
[2022-08-25 00:14:12,943] {logging_mixin.py:115} INFO - [2022-08-25 00:14:12,943] {dag.py:2420} INFO - Sync 1 DAGs
[2022-08-25 00:14:12,972] {logging_mixin.py:115} INFO - [2022-08-25 00:14:12,972] {dag.py:2972} INFO - Setting next_dagrun for example_python_operator to None, run_after=None
[2022-08-25 00:14:12,992] {processor.py:161} INFO - Processing /home/airflow/.local/lib/python3.7/site-packages/airflow/example_dags/example_python_operator.py took 0.102 seconds
[2022-08-25 00:14:43,853] {processor.py:153} INFO - Started process (PID=12788) to work on /home/airflow/.local/lib/python3.7/site-packages/airflow/example_dags/example_python_operator.py
[2022-08-25 00:14:43,854] {processor.py:641} INFO - Processing file /home/airflow/.local/lib/python3.7/site-packages/airflow/example_dags/example_python_operator.py for tasks to queue
[2022-08-25 00:14:43,855] {logging_mixin.py:115} INFO - [2022-08-25 00:14:43,855] {dagbag.py:508} INFO - Filling up the DagBag from /home/airflow/.local/lib/python3.7/site-packages/airflow/example_dags/example_python_operator.py
[2022-08-25 00:14:43,878] {processor.py:651} INFO - DAG(s) dict_keys(['example_python_operator']) retrieved from /home/airflow/.local/lib/python3.7/site-packages/airflow/example_dags/example_python_operator.py
[2022-08-25 00:14:43,915] {logging_mixin.py:115} INFO - [2022-08-25 00:14:43,915] {dag.py:2420} INFO - Sync 1 DAGs
[2022-08-25 00:14:43,943] {logging_mixin.py:115} INFO - [2022-08-25 00:14:43,943] {dag.py:2972} INFO - Setting next_dagrun for example_python_operator to None, run_after=None
[2022-08-25 00:14:43,961] {processor.py:161} INFO - Processing /home/airflow/.local/lib/python3.7/site-packages/airflow/example_dags/example_python_operator.py took 0.112 seconds
[2022-08-25 00:15:14,173] {processor.py:153} INFO - Started process (PID=12994) to work on /home/airflow/.local/lib/python3.7/site-packages/airflow/example_dags/example_python_operator.py
[2022-08-25 00:15:14,174] {processor.py:641} INFO - Processing file /home/airflow/.local/lib/python3.7/site-packages/airflow/example_dags/example_python_operator.py for tasks to queue
[2022-08-25 00:15:14,175] {logging_mixin.py:115} INFO - [2022-08-25 00:15:14,175] {dagbag.py:508} INFO - Filling up the DagBag from /home/airflow/.local/lib/python3.7/site-packages/airflow/example_dags/example_python_operator.py
[2022-08-25 00:15:14,197] {processor.py:651} INFO - DAG(s) dict_keys(['example_python_operator']) retrieved from /home/airflow/.local/lib/python3.7/site-packages/airflow/example_dags/example_python_operator.py
[2022-08-25 00:15:14,231] {logging_mixin.py:115} INFO - [2022-08-25 00:15:14,231] {dag.py:2420} INFO - Sync 1 DAGs
[2022-08-25 00:15:14,260] {logging_mixin.py:115} INFO - [2022-08-25 00:15:14,259] {dag.py:2972} INFO - Setting next_dagrun for example_python_operator to None, run_after=None
[2022-08-25 00:15:14,276] {processor.py:161} INFO - Processing /home/airflow/.local/lib/python3.7/site-packages/airflow/example_dags/example_python_operator.py took 0.107 seconds
[2022-08-25 00:15:44,691] {processor.py:153} INFO - Started process (PID=13189) to work on /home/airflow/.local/lib/python3.7/site-packages/airflow/example_dags/example_python_operator.py
[2022-08-25 00:15:44,692] {processor.py:641} INFO - Processing file /home/airflow/.local/lib/python3.7/site-packages/airflow/example_dags/example_python_operator.py for tasks to queue
[2022-08-25 00:15:44,693] {logging_mixin.py:115} INFO - [2022-08-25 00:15:44,693] {dagbag.py:508} INFO - Filling up the DagBag from /home/airflow/.local/lib/python3.7/site-packages/airflow/example_dags/example_python_operator.py
[2022-08-25 00:15:44,717] {processor.py:651} INFO - DAG(s) dict_keys(['example_python_operator']) retrieved from /home/airflow/.local/lib/python3.7/site-packages/airflow/example_dags/example_python_operator.py
[2022-08-25 00:15:44,749] {logging_mixin.py:115} INFO - [2022-08-25 00:15:44,749] {dag.py:2420} INFO - Sync 1 DAGs
[2022-08-25 00:15:44,782] {logging_mixin.py:115} INFO - [2022-08-25 00:15:44,782] {dag.py:2972} INFO - Setting next_dagrun for example_python_operator to None, run_after=None
[2022-08-25 00:15:44,797] {processor.py:161} INFO - Processing /home/airflow/.local/lib/python3.7/site-packages/airflow/example_dags/example_python_operator.py took 0.110 seconds
[2022-08-25 00:16:15,133] {processor.py:153} INFO - Started process (PID=13392) to work on /home/airflow/.local/lib/python3.7/site-packages/airflow/example_dags/example_python_operator.py
[2022-08-25 00:16:15,134] {processor.py:641} INFO - Processing file /home/airflow/.local/lib/python3.7/site-packages/airflow/example_dags/example_python_operator.py for tasks to queue
[2022-08-25 00:16:15,135] {logging_mixin.py:115} INFO - [2022-08-25 00:16:15,135] {dagbag.py:508} INFO - Filling up the DagBag from /home/airflow/.local/lib/python3.7/site-packages/airflow/example_dags/example_python_operator.py
[2022-08-25 00:16:15,157] {processor.py:651} INFO - DAG(s) dict_keys(['example_python_operator']) retrieved from /home/airflow/.local/lib/python3.7/site-packages/airflow/example_dags/example_python_operator.py
[2022-08-25 00:16:15,185] {logging_mixin.py:115} INFO - [2022-08-25 00:16:15,185] {dag.py:2420} INFO - Sync 1 DAGs
[2022-08-25 00:16:15,211] {logging_mixin.py:115} INFO - [2022-08-25 00:16:15,211] {dag.py:2972} INFO - Setting next_dagrun for example_python_operator to None, run_after=None
[2022-08-25 00:16:15,228] {processor.py:161} INFO - Processing /home/airflow/.local/lib/python3.7/site-packages/airflow/example_dags/example_python_operator.py took 0.099 seconds
[2022-08-25 00:16:45,422] {processor.py:153} INFO - Started process (PID=13585) to work on /home/airflow/.local/lib/python3.7/site-packages/airflow/example_dags/example_python_operator.py
[2022-08-25 00:16:45,424] {processor.py:641} INFO - Processing file /home/airflow/.local/lib/python3.7/site-packages/airflow/example_dags/example_python_operator.py for tasks to queue
[2022-08-25 00:16:45,426] {logging_mixin.py:115} INFO - [2022-08-25 00:16:45,425] {dagbag.py:508} INFO - Filling up the DagBag from /home/airflow/.local/lib/python3.7/site-packages/airflow/example_dags/example_python_operator.py
[2022-08-25 00:16:45,459] {processor.py:651} INFO - DAG(s) dict_keys(['example_python_operator']) retrieved from /home/airflow/.local/lib/python3.7/site-packages/airflow/example_dags/example_python_operator.py
[2022-08-25 00:16:45,496] {logging_mixin.py:115} INFO - [2022-08-25 00:16:45,496] {dag.py:2420} INFO - Sync 1 DAGs
[2022-08-25 00:16:45,525] {logging_mixin.py:115} INFO - [2022-08-25 00:16:45,525] {dag.py:2972} INFO - Setting next_dagrun for example_python_operator to None, run_after=None
[2022-08-25 00:16:45,544] {processor.py:161} INFO - Processing /home/airflow/.local/lib/python3.7/site-packages/airflow/example_dags/example_python_operator.py took 0.128 seconds
[2022-08-25 00:17:15,689] {processor.py:153} INFO - Started process (PID=13783) to work on /home/airflow/.local/lib/python3.7/site-packages/airflow/example_dags/example_python_operator.py
[2022-08-25 00:17:15,690] {processor.py:641} INFO - Processing file /home/airflow/.local/lib/python3.7/site-packages/airflow/example_dags/example_python_operator.py for tasks to queue
[2022-08-25 00:17:15,691] {logging_mixin.py:115} INFO - [2022-08-25 00:17:15,691] {dagbag.py:508} INFO - Filling up the DagBag from /home/airflow/.local/lib/python3.7/site-packages/airflow/example_dags/example_python_operator.py
[2022-08-25 00:17:15,713] {processor.py:651} INFO - DAG(s) dict_keys(['example_python_operator']) retrieved from /home/airflow/.local/lib/python3.7/site-packages/airflow/example_dags/example_python_operator.py
[2022-08-25 00:17:15,749] {logging_mixin.py:115} INFO - [2022-08-25 00:17:15,748] {dag.py:2420} INFO - Sync 1 DAGs
[2022-08-25 00:17:15,781] {logging_mixin.py:115} INFO - [2022-08-25 00:17:15,781] {dag.py:2972} INFO - Setting next_dagrun for example_python_operator to None, run_after=None
[2022-08-25 00:17:15,799] {processor.py:161} INFO - Processing /home/airflow/.local/lib/python3.7/site-packages/airflow/example_dags/example_python_operator.py took 0.113 seconds
[2022-08-25 00:17:46,046] {processor.py:153} INFO - Started process (PID=13977) to work on /home/airflow/.local/lib/python3.7/site-packages/airflow/example_dags/example_python_operator.py
[2022-08-25 00:17:46,047] {processor.py:641} INFO - Processing file /home/airflow/.local/lib/python3.7/site-packages/airflow/example_dags/example_python_operator.py for tasks to queue
[2022-08-25 00:17:46,048] {logging_mixin.py:115} INFO - [2022-08-25 00:17:46,048] {dagbag.py:508} INFO - Filling up the DagBag from /home/airflow/.local/lib/python3.7/site-packages/airflow/example_dags/example_python_operator.py
[2022-08-25 00:17:46,073] {processor.py:651} INFO - DAG(s) dict_keys(['example_python_operator']) retrieved from /home/airflow/.local/lib/python3.7/site-packages/airflow/example_dags/example_python_operator.py
[2022-08-25 00:17:46,110] {logging_mixin.py:115} INFO - [2022-08-25 00:17:46,110] {dag.py:2420} INFO - Sync 1 DAGs
[2022-08-25 00:17:46,144] {logging_mixin.py:115} INFO - [2022-08-25 00:17:46,144] {dag.py:2972} INFO - Setting next_dagrun for example_python_operator to None, run_after=None
[2022-08-25 00:17:46,161] {processor.py:161} INFO - Processing /home/airflow/.local/lib/python3.7/site-packages/airflow/example_dags/example_python_operator.py took 0.118 seconds
[2022-08-25 00:18:16,689] {processor.py:153} INFO - Started process (PID=14180) to work on /home/airflow/.local/lib/python3.7/site-packages/airflow/example_dags/example_python_operator.py
[2022-08-25 00:18:16,690] {processor.py:641} INFO - Processing file /home/airflow/.local/lib/python3.7/site-packages/airflow/example_dags/example_python_operator.py for tasks to queue
[2022-08-25 00:18:16,691] {logging_mixin.py:115} INFO - [2022-08-25 00:18:16,691] {dagbag.py:508} INFO - Filling up the DagBag from /home/airflow/.local/lib/python3.7/site-packages/airflow/example_dags/example_python_operator.py
[2022-08-25 00:18:16,716] {processor.py:651} INFO - DAG(s) dict_keys(['example_python_operator']) retrieved from /home/airflow/.local/lib/python3.7/site-packages/airflow/example_dags/example_python_operator.py
[2022-08-25 00:18:16,769] {logging_mixin.py:115} INFO - [2022-08-25 00:18:16,768] {dag.py:2420} INFO - Sync 1 DAGs
[2022-08-25 00:18:16,801] {logging_mixin.py:115} INFO - [2022-08-25 00:18:16,800] {dag.py:2972} INFO - Setting next_dagrun for example_python_operator to None, run_after=None
[2022-08-25 00:18:16,819] {processor.py:161} INFO - Processing /home/airflow/.local/lib/python3.7/site-packages/airflow/example_dags/example_python_operator.py took 0.135 seconds
[2022-08-25 00:18:47,046] {processor.py:153} INFO - Started process (PID=14374) to work on /home/airflow/.local/lib/python3.7/site-packages/airflow/example_dags/example_python_operator.py
[2022-08-25 00:18:47,047] {processor.py:641} INFO - Processing file /home/airflow/.local/lib/python3.7/site-packages/airflow/example_dags/example_python_operator.py for tasks to queue
[2022-08-25 00:18:47,048] {logging_mixin.py:115} INFO - [2022-08-25 00:18:47,048] {dagbag.py:508} INFO - Filling up the DagBag from /home/airflow/.local/lib/python3.7/site-packages/airflow/example_dags/example_python_operator.py
[2022-08-25 00:18:47,070] {processor.py:651} INFO - DAG(s) dict_keys(['example_python_operator']) retrieved from /home/airflow/.local/lib/python3.7/site-packages/airflow/example_dags/example_python_operator.py
[2022-08-25 00:18:47,106] {logging_mixin.py:115} INFO - [2022-08-25 00:18:47,106] {dag.py:2420} INFO - Sync 1 DAGs
[2022-08-25 00:18:47,137] {logging_mixin.py:115} INFO - [2022-08-25 00:18:47,137] {dag.py:2972} INFO - Setting next_dagrun for example_python_operator to None, run_after=None
[2022-08-25 00:18:47,156] {processor.py:161} INFO - Processing /home/airflow/.local/lib/python3.7/site-packages/airflow/example_dags/example_python_operator.py took 0.114 seconds
[2022-08-25 00:19:17,631] {processor.py:153} INFO - Started process (PID=14579) to work on /home/airflow/.local/lib/python3.7/site-packages/airflow/example_dags/example_python_operator.py
[2022-08-25 00:19:17,632] {processor.py:641} INFO - Processing file /home/airflow/.local/lib/python3.7/site-packages/airflow/example_dags/example_python_operator.py for tasks to queue
[2022-08-25 00:19:17,633] {logging_mixin.py:115} INFO - [2022-08-25 00:19:17,632] {dagbag.py:508} INFO - Filling up the DagBag from /home/airflow/.local/lib/python3.7/site-packages/airflow/example_dags/example_python_operator.py
[2022-08-25 00:19:17,659] {processor.py:651} INFO - DAG(s) dict_keys(['example_python_operator']) retrieved from /home/airflow/.local/lib/python3.7/site-packages/airflow/example_dags/example_python_operator.py
[2022-08-25 00:19:17,694] {logging_mixin.py:115} INFO - [2022-08-25 00:19:17,694] {dag.py:2420} INFO - Sync 1 DAGs
[2022-08-25 00:19:17,723] {logging_mixin.py:115} INFO - [2022-08-25 00:19:17,723] {dag.py:2972} INFO - Setting next_dagrun for example_python_operator to None, run_after=None
[2022-08-25 00:19:17,753] {processor.py:161} INFO - Processing /home/airflow/.local/lib/python3.7/site-packages/airflow/example_dags/example_python_operator.py took 0.126 seconds
[2022-08-25 00:19:48,120] {processor.py:153} INFO - Started process (PID=14773) to work on /home/airflow/.local/lib/python3.7/site-packages/airflow/example_dags/example_python_operator.py
[2022-08-25 00:19:48,121] {processor.py:641} INFO - Processing file /home/airflow/.local/lib/python3.7/site-packages/airflow/example_dags/example_python_operator.py for tasks to queue
[2022-08-25 00:19:48,122] {logging_mixin.py:115} INFO - [2022-08-25 00:19:48,122] {dagbag.py:508} INFO - Filling up the DagBag from /home/airflow/.local/lib/python3.7/site-packages/airflow/example_dags/example_python_operator.py
[2022-08-25 00:19:48,143] {processor.py:651} INFO - DAG(s) dict_keys(['example_python_operator']) retrieved from /home/airflow/.local/lib/python3.7/site-packages/airflow/example_dags/example_python_operator.py
[2022-08-25 00:19:48,176] {logging_mixin.py:115} INFO - [2022-08-25 00:19:48,176] {dag.py:2420} INFO - Sync 1 DAGs
[2022-08-25 00:19:48,203] {logging_mixin.py:115} INFO - [2022-08-25 00:19:48,203] {dag.py:2972} INFO - Setting next_dagrun for example_python_operator to None, run_after=None
[2022-08-25 00:19:48,224] {processor.py:161} INFO - Processing /home/airflow/.local/lib/python3.7/site-packages/airflow/example_dags/example_python_operator.py took 0.107 seconds
[2022-08-25 00:20:18,678] {processor.py:153} INFO - Started process (PID=14974) to work on /home/airflow/.local/lib/python3.7/site-packages/airflow/example_dags/example_python_operator.py
[2022-08-25 00:20:18,679] {processor.py:641} INFO - Processing file /home/airflow/.local/lib/python3.7/site-packages/airflow/example_dags/example_python_operator.py for tasks to queue
[2022-08-25 00:20:18,680] {logging_mixin.py:115} INFO - [2022-08-25 00:20:18,680] {dagbag.py:508} INFO - Filling up the DagBag from /home/airflow/.local/lib/python3.7/site-packages/airflow/example_dags/example_python_operator.py
[2022-08-25 00:20:18,705] {processor.py:651} INFO - DAG(s) dict_keys(['example_python_operator']) retrieved from /home/airflow/.local/lib/python3.7/site-packages/airflow/example_dags/example_python_operator.py
[2022-08-25 00:20:18,740] {logging_mixin.py:115} INFO - [2022-08-25 00:20:18,740] {dag.py:2420} INFO - Sync 1 DAGs
[2022-08-25 00:20:18,769] {logging_mixin.py:115} INFO - [2022-08-25 00:20:18,768] {dag.py:2972} INFO - Setting next_dagrun for example_python_operator to None, run_after=None
[2022-08-25 00:20:18,786] {processor.py:161} INFO - Processing /home/airflow/.local/lib/python3.7/site-packages/airflow/example_dags/example_python_operator.py took 0.112 seconds
[2022-08-25 00:20:49,303] {processor.py:153} INFO - Started process (PID=15169) to work on /home/airflow/.local/lib/python3.7/site-packages/airflow/example_dags/example_python_operator.py
[2022-08-25 00:20:49,304] {processor.py:641} INFO - Processing file /home/airflow/.local/lib/python3.7/site-packages/airflow/example_dags/example_python_operator.py for tasks to queue
[2022-08-25 00:20:49,305] {logging_mixin.py:115} INFO - [2022-08-25 00:20:49,305] {dagbag.py:508} INFO - Filling up the DagBag from /home/airflow/.local/lib/python3.7/site-packages/airflow/example_dags/example_python_operator.py
[2022-08-25 00:20:49,327] {processor.py:651} INFO - DAG(s) dict_keys(['example_python_operator']) retrieved from /home/airflow/.local/lib/python3.7/site-packages/airflow/example_dags/example_python_operator.py
[2022-08-25 00:20:49,360] {logging_mixin.py:115} INFO - [2022-08-25 00:20:49,360] {dag.py:2420} INFO - Sync 1 DAGs
[2022-08-25 00:20:49,390] {logging_mixin.py:115} INFO - [2022-08-25 00:20:49,390] {dag.py:2972} INFO - Setting next_dagrun for example_python_operator to None, run_after=None
[2022-08-25 00:20:49,407] {processor.py:161} INFO - Processing /home/airflow/.local/lib/python3.7/site-packages/airflow/example_dags/example_python_operator.py took 0.107 seconds
[2022-08-25 00:21:19,958] {processor.py:153} INFO - Started process (PID=15374) to work on /home/airflow/.local/lib/python3.7/site-packages/airflow/example_dags/example_python_operator.py
[2022-08-25 00:21:19,959] {processor.py:641} INFO - Processing file /home/airflow/.local/lib/python3.7/site-packages/airflow/example_dags/example_python_operator.py for tasks to queue
[2022-08-25 00:21:19,960] {logging_mixin.py:115} INFO - [2022-08-25 00:21:19,960] {dagbag.py:508} INFO - Filling up the DagBag from /home/airflow/.local/lib/python3.7/site-packages/airflow/example_dags/example_python_operator.py
[2022-08-25 00:21:19,981] {processor.py:651} INFO - DAG(s) dict_keys(['example_python_operator']) retrieved from /home/airflow/.local/lib/python3.7/site-packages/airflow/example_dags/example_python_operator.py
[2022-08-25 00:21:20,013] {logging_mixin.py:115} INFO - [2022-08-25 00:21:20,013] {dag.py:2420} INFO - Sync 1 DAGs
[2022-08-25 00:21:20,039] {logging_mixin.py:115} INFO - [2022-08-25 00:21:20,039] {dag.py:2972} INFO - Setting next_dagrun for example_python_operator to None, run_after=None
[2022-08-25 00:21:20,065] {processor.py:161} INFO - Processing /home/airflow/.local/lib/python3.7/site-packages/airflow/example_dags/example_python_operator.py took 0.110 seconds
[2022-08-25 00:21:50,233] {processor.py:153} INFO - Started process (PID=15568) to work on /home/airflow/.local/lib/python3.7/site-packages/airflow/example_dags/example_python_operator.py
[2022-08-25 00:21:50,234] {processor.py:641} INFO - Processing file /home/airflow/.local/lib/python3.7/site-packages/airflow/example_dags/example_python_operator.py for tasks to queue
[2022-08-25 00:21:50,235] {logging_mixin.py:115} INFO - [2022-08-25 00:21:50,235] {dagbag.py:508} INFO - Filling up the DagBag from /home/airflow/.local/lib/python3.7/site-packages/airflow/example_dags/example_python_operator.py
[2022-08-25 00:21:50,255] {processor.py:651} INFO - DAG(s) dict_keys(['example_python_operator']) retrieved from /home/airflow/.local/lib/python3.7/site-packages/airflow/example_dags/example_python_operator.py
[2022-08-25 00:21:50,288] {logging_mixin.py:115} INFO - [2022-08-25 00:21:50,288] {dag.py:2420} INFO - Sync 1 DAGs
[2022-08-25 00:21:50,314] {logging_mixin.py:115} INFO - [2022-08-25 00:21:50,314] {dag.py:2972} INFO - Setting next_dagrun for example_python_operator to None, run_after=None
[2022-08-25 00:21:50,333] {processor.py:161} INFO - Processing /home/airflow/.local/lib/python3.7/site-packages/airflow/example_dags/example_python_operator.py took 0.104 seconds
[2022-08-25 00:22:20,477] {processor.py:153} INFO - Started process (PID=15771) to work on /home/airflow/.local/lib/python3.7/site-packages/airflow/example_dags/example_python_operator.py
[2022-08-25 00:22:20,478] {processor.py:641} INFO - Processing file /home/airflow/.local/lib/python3.7/site-packages/airflow/example_dags/example_python_operator.py for tasks to queue
[2022-08-25 00:22:20,479] {logging_mixin.py:115} INFO - [2022-08-25 00:22:20,479] {dagbag.py:508} INFO - Filling up the DagBag from /home/airflow/.local/lib/python3.7/site-packages/airflow/example_dags/example_python_operator.py
[2022-08-25 00:22:20,509] {processor.py:651} INFO - DAG(s) dict_keys(['example_python_operator']) retrieved from /home/airflow/.local/lib/python3.7/site-packages/airflow/example_dags/example_python_operator.py
[2022-08-25 00:22:20,622] {logging_mixin.py:115} INFO - [2022-08-25 00:22:20,621] {dag.py:2420} INFO - Sync 1 DAGs
[2022-08-25 00:22:20,650] {logging_mixin.py:115} INFO - [2022-08-25 00:22:20,649] {dag.py:2972} INFO - Setting next_dagrun for example_python_operator to None, run_after=None
[2022-08-25 00:22:20,673] {processor.py:161} INFO - Processing /home/airflow/.local/lib/python3.7/site-packages/airflow/example_dags/example_python_operator.py took 0.199 seconds
[2022-08-25 00:22:50,785] {processor.py:153} INFO - Started process (PID=15965) to work on /home/airflow/.local/lib/python3.7/site-packages/airflow/example_dags/example_python_operator.py
[2022-08-25 00:22:50,786] {processor.py:641} INFO - Processing file /home/airflow/.local/lib/python3.7/site-packages/airflow/example_dags/example_python_operator.py for tasks to queue
[2022-08-25 00:22:50,787] {logging_mixin.py:115} INFO - [2022-08-25 00:22:50,787] {dagbag.py:508} INFO - Filling up the DagBag from /home/airflow/.local/lib/python3.7/site-packages/airflow/example_dags/example_python_operator.py
[2022-08-25 00:22:50,807] {processor.py:651} INFO - DAG(s) dict_keys(['example_python_operator']) retrieved from /home/airflow/.local/lib/python3.7/site-packages/airflow/example_dags/example_python_operator.py
[2022-08-25 00:22:50,842] {logging_mixin.py:115} INFO - [2022-08-25 00:22:50,842] {dag.py:2420} INFO - Sync 1 DAGs
[2022-08-25 00:22:50,870] {logging_mixin.py:115} INFO - [2022-08-25 00:22:50,870] {dag.py:2972} INFO - Setting next_dagrun for example_python_operator to None, run_after=None
[2022-08-25 00:22:50,888] {processor.py:161} INFO - Processing /home/airflow/.local/lib/python3.7/site-packages/airflow/example_dags/example_python_operator.py took 0.106 seconds
[2022-08-25 00:23:21,196] {processor.py:153} INFO - Started process (PID=16166) to work on /home/airflow/.local/lib/python3.7/site-packages/airflow/example_dags/example_python_operator.py
[2022-08-25 00:23:21,197] {processor.py:641} INFO - Processing file /home/airflow/.local/lib/python3.7/site-packages/airflow/example_dags/example_python_operator.py for tasks to queue
[2022-08-25 00:23:21,198] {logging_mixin.py:115} INFO - [2022-08-25 00:23:21,198] {dagbag.py:508} INFO - Filling up the DagBag from /home/airflow/.local/lib/python3.7/site-packages/airflow/example_dags/example_python_operator.py
[2022-08-25 00:23:21,219] {processor.py:651} INFO - DAG(s) dict_keys(['example_python_operator']) retrieved from /home/airflow/.local/lib/python3.7/site-packages/airflow/example_dags/example_python_operator.py
[2022-08-25 00:23:21,253] {logging_mixin.py:115} INFO - [2022-08-25 00:23:21,253] {dag.py:2420} INFO - Sync 1 DAGs
[2022-08-25 00:23:21,280] {logging_mixin.py:115} INFO - [2022-08-25 00:23:21,280] {dag.py:2972} INFO - Setting next_dagrun for example_python_operator to None, run_after=None
[2022-08-25 00:23:21,299] {processor.py:161} INFO - Processing /home/airflow/.local/lib/python3.7/site-packages/airflow/example_dags/example_python_operator.py took 0.107 seconds
[2022-08-25 00:23:52,173] {processor.py:153} INFO - Started process (PID=16360) to work on /home/airflow/.local/lib/python3.7/site-packages/airflow/example_dags/example_python_operator.py
[2022-08-25 00:23:52,174] {processor.py:641} INFO - Processing file /home/airflow/.local/lib/python3.7/site-packages/airflow/example_dags/example_python_operator.py for tasks to queue
[2022-08-25 00:23:52,174] {logging_mixin.py:115} INFO - [2022-08-25 00:23:52,174] {dagbag.py:508} INFO - Filling up the DagBag from /home/airflow/.local/lib/python3.7/site-packages/airflow/example_dags/example_python_operator.py
[2022-08-25 00:23:52,196] {processor.py:651} INFO - DAG(s) dict_keys(['example_python_operator']) retrieved from /home/airflow/.local/lib/python3.7/site-packages/airflow/example_dags/example_python_operator.py
[2022-08-25 00:23:52,233] {logging_mixin.py:115} INFO - [2022-08-25 00:23:52,233] {dag.py:2420} INFO - Sync 1 DAGs
[2022-08-25 00:23:52,262] {logging_mixin.py:115} INFO - [2022-08-25 00:23:52,261] {dag.py:2972} INFO - Setting next_dagrun for example_python_operator to None, run_after=None
[2022-08-25 00:23:52,281] {processor.py:161} INFO - Processing /home/airflow/.local/lib/python3.7/site-packages/airflow/example_dags/example_python_operator.py took 0.112 seconds
[2022-08-25 00:24:22,849] {processor.py:153} INFO - Started process (PID=16563) to work on /home/airflow/.local/lib/python3.7/site-packages/airflow/example_dags/example_python_operator.py
[2022-08-25 00:24:22,850] {processor.py:641} INFO - Processing file /home/airflow/.local/lib/python3.7/site-packages/airflow/example_dags/example_python_operator.py for tasks to queue
[2022-08-25 00:24:22,851] {logging_mixin.py:115} INFO - [2022-08-25 00:24:22,851] {dagbag.py:508} INFO - Filling up the DagBag from /home/airflow/.local/lib/python3.7/site-packages/airflow/example_dags/example_python_operator.py
[2022-08-25 00:24:22,874] {processor.py:651} INFO - DAG(s) dict_keys(['example_python_operator']) retrieved from /home/airflow/.local/lib/python3.7/site-packages/airflow/example_dags/example_python_operator.py
[2022-08-25 00:24:22,911] {logging_mixin.py:115} INFO - [2022-08-25 00:24:22,910] {dag.py:2420} INFO - Sync 1 DAGs
[2022-08-25 00:24:22,941] {logging_mixin.py:115} INFO - [2022-08-25 00:24:22,941] {dag.py:2972} INFO - Setting next_dagrun for example_python_operator to None, run_after=None
[2022-08-25 00:24:22,960] {processor.py:161} INFO - Processing /home/airflow/.local/lib/python3.7/site-packages/airflow/example_dags/example_python_operator.py took 0.114 seconds
[2022-08-25 00:24:53,380] {processor.py:153} INFO - Started process (PID=16758) to work on /home/airflow/.local/lib/python3.7/site-packages/airflow/example_dags/example_python_operator.py
[2022-08-25 00:24:53,381] {processor.py:641} INFO - Processing file /home/airflow/.local/lib/python3.7/site-packages/airflow/example_dags/example_python_operator.py for tasks to queue
[2022-08-25 00:24:53,382] {logging_mixin.py:115} INFO - [2022-08-25 00:24:53,382] {dagbag.py:508} INFO - Filling up the DagBag from /home/airflow/.local/lib/python3.7/site-packages/airflow/example_dags/example_python_operator.py
[2022-08-25 00:24:53,404] {processor.py:651} INFO - DAG(s) dict_keys(['example_python_operator']) retrieved from /home/airflow/.local/lib/python3.7/site-packages/airflow/example_dags/example_python_operator.py
[2022-08-25 00:24:53,443] {logging_mixin.py:115} INFO - [2022-08-25 00:24:53,443] {dag.py:2420} INFO - Sync 1 DAGs
[2022-08-25 00:24:53,472] {logging_mixin.py:115} INFO - [2022-08-25 00:24:53,472] {dag.py:2972} INFO - Setting next_dagrun for example_python_operator to None, run_after=None
[2022-08-25 00:24:53,490] {processor.py:161} INFO - Processing /home/airflow/.local/lib/python3.7/site-packages/airflow/example_dags/example_python_operator.py took 0.114 seconds
[2022-08-25 00:25:23,904] {processor.py:153} INFO - Started process (PID=16961) to work on /home/airflow/.local/lib/python3.7/site-packages/airflow/example_dags/example_python_operator.py
[2022-08-25 00:25:23,905] {processor.py:641} INFO - Processing file /home/airflow/.local/lib/python3.7/site-packages/airflow/example_dags/example_python_operator.py for tasks to queue
[2022-08-25 00:25:23,906] {logging_mixin.py:115} INFO - [2022-08-25 00:25:23,906] {dagbag.py:508} INFO - Filling up the DagBag from /home/airflow/.local/lib/python3.7/site-packages/airflow/example_dags/example_python_operator.py
[2022-08-25 00:25:23,927] {processor.py:651} INFO - DAG(s) dict_keys(['example_python_operator']) retrieved from /home/airflow/.local/lib/python3.7/site-packages/airflow/example_dags/example_python_operator.py
[2022-08-25 00:25:23,967] {logging_mixin.py:115} INFO - [2022-08-25 00:25:23,967] {dag.py:2420} INFO - Sync 1 DAGs
[2022-08-25 00:25:23,996] {logging_mixin.py:115} INFO - [2022-08-25 00:25:23,996] {dag.py:2972} INFO - Setting next_dagrun for example_python_operator to None, run_after=None
[2022-08-25 00:25:24,016] {processor.py:161} INFO - Processing /home/airflow/.local/lib/python3.7/site-packages/airflow/example_dags/example_python_operator.py took 0.116 seconds
[2022-08-25 00:25:54,311] {processor.py:153} INFO - Started process (PID=17155) to work on /home/airflow/.local/lib/python3.7/site-packages/airflow/example_dags/example_python_operator.py
[2022-08-25 00:25:54,312] {processor.py:641} INFO - Processing file /home/airflow/.local/lib/python3.7/site-packages/airflow/example_dags/example_python_operator.py for tasks to queue
[2022-08-25 00:25:54,313] {logging_mixin.py:115} INFO - [2022-08-25 00:25:54,313] {dagbag.py:508} INFO - Filling up the DagBag from /home/airflow/.local/lib/python3.7/site-packages/airflow/example_dags/example_python_operator.py
[2022-08-25 00:25:54,334] {processor.py:651} INFO - DAG(s) dict_keys(['example_python_operator']) retrieved from /home/airflow/.local/lib/python3.7/site-packages/airflow/example_dags/example_python_operator.py
[2022-08-25 00:25:54,370] {logging_mixin.py:115} INFO - [2022-08-25 00:25:54,370] {dag.py:2420} INFO - Sync 1 DAGs
[2022-08-25 00:25:54,399] {logging_mixin.py:115} INFO - [2022-08-25 00:25:54,399] {dag.py:2972} INFO - Setting next_dagrun for example_python_operator to None, run_after=None
[2022-08-25 00:25:54,417] {processor.py:161} INFO - Processing /home/airflow/.local/lib/python3.7/site-packages/airflow/example_dags/example_python_operator.py took 0.111 seconds
[2022-08-25 00:26:25,016] {processor.py:153} INFO - Started process (PID=17358) to work on /home/airflow/.local/lib/python3.7/site-packages/airflow/example_dags/example_python_operator.py
[2022-08-25 00:26:25,017] {processor.py:641} INFO - Processing file /home/airflow/.local/lib/python3.7/site-packages/airflow/example_dags/example_python_operator.py for tasks to queue
[2022-08-25 00:26:25,018] {logging_mixin.py:115} INFO - [2022-08-25 00:26:25,018] {dagbag.py:508} INFO - Filling up the DagBag from /home/airflow/.local/lib/python3.7/site-packages/airflow/example_dags/example_python_operator.py
[2022-08-25 00:26:25,040] {processor.py:651} INFO - DAG(s) dict_keys(['example_python_operator']) retrieved from /home/airflow/.local/lib/python3.7/site-packages/airflow/example_dags/example_python_operator.py
[2022-08-25 00:26:25,076] {logging_mixin.py:115} INFO - [2022-08-25 00:26:25,076] {dag.py:2420} INFO - Sync 1 DAGs
[2022-08-25 00:26:25,108] {logging_mixin.py:115} INFO - [2022-08-25 00:26:25,108] {dag.py:2972} INFO - Setting next_dagrun for example_python_operator to None, run_after=None
[2022-08-25 00:26:25,128] {processor.py:161} INFO - Processing /home/airflow/.local/lib/python3.7/site-packages/airflow/example_dags/example_python_operator.py took 0.116 seconds
[2022-08-25 00:26:55,472] {processor.py:153} INFO - Started process (PID=17552) to work on /home/airflow/.local/lib/python3.7/site-packages/airflow/example_dags/example_python_operator.py
[2022-08-25 00:26:55,473] {processor.py:641} INFO - Processing file /home/airflow/.local/lib/python3.7/site-packages/airflow/example_dags/example_python_operator.py for tasks to queue
[2022-08-25 00:26:55,474] {logging_mixin.py:115} INFO - [2022-08-25 00:26:55,474] {dagbag.py:508} INFO - Filling up the DagBag from /home/airflow/.local/lib/python3.7/site-packages/airflow/example_dags/example_python_operator.py
[2022-08-25 00:26:55,496] {processor.py:651} INFO - DAG(s) dict_keys(['example_python_operator']) retrieved from /home/airflow/.local/lib/python3.7/site-packages/airflow/example_dags/example_python_operator.py
[2022-08-25 00:26:55,536] {logging_mixin.py:115} INFO - [2022-08-25 00:26:55,536] {dag.py:2420} INFO - Sync 1 DAGs
[2022-08-25 00:26:55,565] {logging_mixin.py:115} INFO - [2022-08-25 00:26:55,565] {dag.py:2972} INFO - Setting next_dagrun for example_python_operator to None, run_after=None
[2022-08-25 00:26:55,587] {processor.py:161} INFO - Processing /home/airflow/.local/lib/python3.7/site-packages/airflow/example_dags/example_python_operator.py took 0.118 seconds
[2022-08-25 00:27:26,181] {processor.py:153} INFO - Started process (PID=17755) to work on /home/airflow/.local/lib/python3.7/site-packages/airflow/example_dags/example_python_operator.py
[2022-08-25 00:27:26,182] {processor.py:641} INFO - Processing file /home/airflow/.local/lib/python3.7/site-packages/airflow/example_dags/example_python_operator.py for tasks to queue
[2022-08-25 00:27:26,182] {logging_mixin.py:115} INFO - [2022-08-25 00:27:26,182] {dagbag.py:508} INFO - Filling up the DagBag from /home/airflow/.local/lib/python3.7/site-packages/airflow/example_dags/example_python_operator.py
[2022-08-25 00:27:26,204] {processor.py:651} INFO - DAG(s) dict_keys(['example_python_operator']) retrieved from /home/airflow/.local/lib/python3.7/site-packages/airflow/example_dags/example_python_operator.py
[2022-08-25 00:27:26,237] {logging_mixin.py:115} INFO - [2022-08-25 00:27:26,237] {dag.py:2420} INFO - Sync 1 DAGs
[2022-08-25 00:27:26,264] {logging_mixin.py:115} INFO - [2022-08-25 00:27:26,264] {dag.py:2972} INFO - Setting next_dagrun for example_python_operator to None, run_after=None
[2022-08-25 00:27:26,283] {processor.py:161} INFO - Processing /home/airflow/.local/lib/python3.7/site-packages/airflow/example_dags/example_python_operator.py took 0.106 seconds
[2022-08-25 00:27:56,927] {processor.py:153} INFO - Started process (PID=17956) to work on /home/airflow/.local/lib/python3.7/site-packages/airflow/example_dags/example_python_operator.py
[2022-08-25 00:27:56,929] {processor.py:641} INFO - Processing file /home/airflow/.local/lib/python3.7/site-packages/airflow/example_dags/example_python_operator.py for tasks to queue
[2022-08-25 00:27:56,930] {logging_mixin.py:115} INFO - [2022-08-25 00:27:56,930] {dagbag.py:508} INFO - Filling up the DagBag from /home/airflow/.local/lib/python3.7/site-packages/airflow/example_dags/example_python_operator.py
[2022-08-25 00:27:56,960] {processor.py:651} INFO - DAG(s) dict_keys(['example_python_operator']) retrieved from /home/airflow/.local/lib/python3.7/site-packages/airflow/example_dags/example_python_operator.py
[2022-08-25 00:27:57,000] {logging_mixin.py:115} INFO - [2022-08-25 00:27:57,000] {dag.py:2420} INFO - Sync 1 DAGs
[2022-08-25 00:27:57,034] {logging_mixin.py:115} INFO - [2022-08-25 00:27:57,034] {dag.py:2972} INFO - Setting next_dagrun for example_python_operator to None, run_after=None
[2022-08-25 00:27:57,062] {processor.py:161} INFO - Processing /home/airflow/.local/lib/python3.7/site-packages/airflow/example_dags/example_python_operator.py took 0.139 seconds
[2022-08-25 00:28:27,325] {processor.py:153} INFO - Started process (PID=18152) to work on /home/airflow/.local/lib/python3.7/site-packages/airflow/example_dags/example_python_operator.py
[2022-08-25 00:28:27,326] {processor.py:641} INFO - Processing file /home/airflow/.local/lib/python3.7/site-packages/airflow/example_dags/example_python_operator.py for tasks to queue
[2022-08-25 00:28:27,326] {logging_mixin.py:115} INFO - [2022-08-25 00:28:27,326] {dagbag.py:508} INFO - Filling up the DagBag from /home/airflow/.local/lib/python3.7/site-packages/airflow/example_dags/example_python_operator.py
[2022-08-25 00:28:27,350] {processor.py:651} INFO - DAG(s) dict_keys(['example_python_operator']) retrieved from /home/airflow/.local/lib/python3.7/site-packages/airflow/example_dags/example_python_operator.py
[2022-08-25 00:28:27,385] {logging_mixin.py:115} INFO - [2022-08-25 00:28:27,385] {dag.py:2420} INFO - Sync 1 DAGs
[2022-08-25 00:28:27,419] {logging_mixin.py:115} INFO - [2022-08-25 00:28:27,418] {dag.py:2972} INFO - Setting next_dagrun for example_python_operator to None, run_after=None
[2022-08-25 00:28:27,434] {processor.py:161} INFO - Processing /home/airflow/.local/lib/python3.7/site-packages/airflow/example_dags/example_python_operator.py took 0.114 seconds
[2022-08-25 00:28:58,229] {processor.py:153} INFO - Started process (PID=18355) to work on /home/airflow/.local/lib/python3.7/site-packages/airflow/example_dags/example_python_operator.py
[2022-08-25 00:28:58,230] {processor.py:641} INFO - Processing file /home/airflow/.local/lib/python3.7/site-packages/airflow/example_dags/example_python_operator.py for tasks to queue
[2022-08-25 00:28:58,232] {logging_mixin.py:115} INFO - [2022-08-25 00:28:58,231] {dagbag.py:508} INFO - Filling up the DagBag from /home/airflow/.local/lib/python3.7/site-packages/airflow/example_dags/example_python_operator.py
[2022-08-25 00:28:58,255] {processor.py:651} INFO - DAG(s) dict_keys(['example_python_operator']) retrieved from /home/airflow/.local/lib/python3.7/site-packages/airflow/example_dags/example_python_operator.py
[2022-08-25 00:28:58,297] {logging_mixin.py:115} INFO - [2022-08-25 00:28:58,297] {dag.py:2420} INFO - Sync 1 DAGs
[2022-08-25 00:28:58,337] {logging_mixin.py:115} INFO - [2022-08-25 00:28:58,337] {dag.py:2972} INFO - Setting next_dagrun for example_python_operator to None, run_after=None
[2022-08-25 00:28:58,356] {processor.py:161} INFO - Processing /home/airflow/.local/lib/python3.7/site-packages/airflow/example_dags/example_python_operator.py took 0.130 seconds
[2022-08-25 00:29:28,455] {processor.py:153} INFO - Started process (PID=18549) to work on /home/airflow/.local/lib/python3.7/site-packages/airflow/example_dags/example_python_operator.py
[2022-08-25 00:29:28,455] {processor.py:641} INFO - Processing file /home/airflow/.local/lib/python3.7/site-packages/airflow/example_dags/example_python_operator.py for tasks to queue
[2022-08-25 00:29:28,456] {logging_mixin.py:115} INFO - [2022-08-25 00:29:28,456] {dagbag.py:508} INFO - Filling up the DagBag from /home/airflow/.local/lib/python3.7/site-packages/airflow/example_dags/example_python_operator.py
[2022-08-25 00:29:28,483] {processor.py:651} INFO - DAG(s) dict_keys(['example_python_operator']) retrieved from /home/airflow/.local/lib/python3.7/site-packages/airflow/example_dags/example_python_operator.py
[2022-08-25 00:29:28,520] {logging_mixin.py:115} INFO - [2022-08-25 00:29:28,520] {dag.py:2420} INFO - Sync 1 DAGs
[2022-08-25 00:29:28,552] {logging_mixin.py:115} INFO - [2022-08-25 00:29:28,551] {dag.py:2972} INFO - Setting next_dagrun for example_python_operator to None, run_after=None
[2022-08-25 00:29:28,568] {processor.py:161} INFO - Processing /home/airflow/.local/lib/python3.7/site-packages/airflow/example_dags/example_python_operator.py took 0.117 seconds
[2022-08-25 00:29:59,070] {processor.py:153} INFO - Started process (PID=18750) to work on /home/airflow/.local/lib/python3.7/site-packages/airflow/example_dags/example_python_operator.py
[2022-08-25 00:29:59,071] {processor.py:641} INFO - Processing file /home/airflow/.local/lib/python3.7/site-packages/airflow/example_dags/example_python_operator.py for tasks to queue
[2022-08-25 00:29:59,072] {logging_mixin.py:115} INFO - [2022-08-25 00:29:59,072] {dagbag.py:508} INFO - Filling up the DagBag from /home/airflow/.local/lib/python3.7/site-packages/airflow/example_dags/example_python_operator.py
[2022-08-25 00:29:59,100] {processor.py:651} INFO - DAG(s) dict_keys(['example_python_operator']) retrieved from /home/airflow/.local/lib/python3.7/site-packages/airflow/example_dags/example_python_operator.py
[2022-08-25 00:29:59,136] {logging_mixin.py:115} INFO - [2022-08-25 00:29:59,136] {dag.py:2420} INFO - Sync 1 DAGs
[2022-08-25 00:29:59,166] {logging_mixin.py:115} INFO - [2022-08-25 00:29:59,166] {dag.py:2972} INFO - Setting next_dagrun for example_python_operator to None, run_after=None
[2022-08-25 00:29:59,185] {processor.py:161} INFO - Processing /home/airflow/.local/lib/python3.7/site-packages/airflow/example_dags/example_python_operator.py took 0.119 seconds
[2022-08-25 00:30:29,617] {processor.py:153} INFO - Started process (PID=18946) to work on /home/airflow/.local/lib/python3.7/site-packages/airflow/example_dags/example_python_operator.py
[2022-08-25 00:30:29,618] {processor.py:641} INFO - Processing file /home/airflow/.local/lib/python3.7/site-packages/airflow/example_dags/example_python_operator.py for tasks to queue
[2022-08-25 00:30:29,618] {logging_mixin.py:115} INFO - [2022-08-25 00:30:29,618] {dagbag.py:508} INFO - Filling up the DagBag from /home/airflow/.local/lib/python3.7/site-packages/airflow/example_dags/example_python_operator.py
[2022-08-25 00:30:29,644] {processor.py:651} INFO - DAG(s) dict_keys(['example_python_operator']) retrieved from /home/airflow/.local/lib/python3.7/site-packages/airflow/example_dags/example_python_operator.py
[2022-08-25 00:30:29,684] {logging_mixin.py:115} INFO - [2022-08-25 00:30:29,684] {dag.py:2420} INFO - Sync 1 DAGs
[2022-08-25 00:30:29,715] {logging_mixin.py:115} INFO - [2022-08-25 00:30:29,715] {dag.py:2972} INFO - Setting next_dagrun for example_python_operator to None, run_after=None
[2022-08-25 00:30:29,735] {processor.py:161} INFO - Processing /home/airflow/.local/lib/python3.7/site-packages/airflow/example_dags/example_python_operator.py took 0.121 seconds
[2022-08-25 00:31:00,075] {processor.py:153} INFO - Started process (PID=19147) to work on /home/airflow/.local/lib/python3.7/site-packages/airflow/example_dags/example_python_operator.py
[2022-08-25 00:31:00,076] {processor.py:641} INFO - Processing file /home/airflow/.local/lib/python3.7/site-packages/airflow/example_dags/example_python_operator.py for tasks to queue
[2022-08-25 00:31:00,077] {logging_mixin.py:115} INFO - [2022-08-25 00:31:00,077] {dagbag.py:508} INFO - Filling up the DagBag from /home/airflow/.local/lib/python3.7/site-packages/airflow/example_dags/example_python_operator.py
[2022-08-25 00:31:00,102] {processor.py:651} INFO - DAG(s) dict_keys(['example_python_operator']) retrieved from /home/airflow/.local/lib/python3.7/site-packages/airflow/example_dags/example_python_operator.py
[2022-08-25 00:31:00,140] {logging_mixin.py:115} INFO - [2022-08-25 00:31:00,140] {dag.py:2420} INFO - Sync 1 DAGs
[2022-08-25 00:31:00,175] {logging_mixin.py:115} INFO - [2022-08-25 00:31:00,175] {dag.py:2972} INFO - Setting next_dagrun for example_python_operator to None, run_after=None
[2022-08-25 00:31:00,194] {processor.py:161} INFO - Processing /home/airflow/.local/lib/python3.7/site-packages/airflow/example_dags/example_python_operator.py took 0.124 seconds
[2022-08-25 00:31:30,656] {processor.py:153} INFO - Started process (PID=19343) to work on /home/airflow/.local/lib/python3.7/site-packages/airflow/example_dags/example_python_operator.py
[2022-08-25 00:31:30,657] {processor.py:641} INFO - Processing file /home/airflow/.local/lib/python3.7/site-packages/airflow/example_dags/example_python_operator.py for tasks to queue
[2022-08-25 00:31:30,658] {logging_mixin.py:115} INFO - [2022-08-25 00:31:30,658] {dagbag.py:508} INFO - Filling up the DagBag from /home/airflow/.local/lib/python3.7/site-packages/airflow/example_dags/example_python_operator.py
[2022-08-25 00:31:30,680] {processor.py:651} INFO - DAG(s) dict_keys(['example_python_operator']) retrieved from /home/airflow/.local/lib/python3.7/site-packages/airflow/example_dags/example_python_operator.py
[2022-08-25 00:31:30,713] {logging_mixin.py:115} INFO - [2022-08-25 00:31:30,713] {dag.py:2420} INFO - Sync 1 DAGs
[2022-08-25 00:31:30,761] {logging_mixin.py:115} INFO - [2022-08-25 00:31:30,761] {dag.py:2972} INFO - Setting next_dagrun for example_python_operator to None, run_after=None
[2022-08-25 00:31:30,784] {processor.py:161} INFO - Processing /home/airflow/.local/lib/python3.7/site-packages/airflow/example_dags/example_python_operator.py took 0.131 seconds
[2022-08-25 00:32:01,126] {processor.py:153} INFO - Started process (PID=19548) to work on /home/airflow/.local/lib/python3.7/site-packages/airflow/example_dags/example_python_operator.py
[2022-08-25 00:32:01,127] {processor.py:641} INFO - Processing file /home/airflow/.local/lib/python3.7/site-packages/airflow/example_dags/example_python_operator.py for tasks to queue
[2022-08-25 00:32:01,128] {logging_mixin.py:115} INFO - [2022-08-25 00:32:01,128] {dagbag.py:508} INFO - Filling up the DagBag from /home/airflow/.local/lib/python3.7/site-packages/airflow/example_dags/example_python_operator.py
[2022-08-25 00:32:01,153] {processor.py:651} INFO - DAG(s) dict_keys(['example_python_operator']) retrieved from /home/airflow/.local/lib/python3.7/site-packages/airflow/example_dags/example_python_operator.py
[2022-08-25 00:32:01,189] {logging_mixin.py:115} INFO - [2022-08-25 00:32:01,188] {dag.py:2420} INFO - Sync 1 DAGs
[2022-08-25 00:32:01,219] {logging_mixin.py:115} INFO - [2022-08-25 00:32:01,218] {dag.py:2972} INFO - Setting next_dagrun for example_python_operator to None, run_after=None
[2022-08-25 00:32:01,236] {processor.py:161} INFO - Processing /home/airflow/.local/lib/python3.7/site-packages/airflow/example_dags/example_python_operator.py took 0.115 seconds
[2022-08-25 00:32:31,692] {processor.py:153} INFO - Started process (PID=19742) to work on /home/airflow/.local/lib/python3.7/site-packages/airflow/example_dags/example_python_operator.py
[2022-08-25 00:32:31,693] {processor.py:641} INFO - Processing file /home/airflow/.local/lib/python3.7/site-packages/airflow/example_dags/example_python_operator.py for tasks to queue
[2022-08-25 00:32:31,694] {logging_mixin.py:115} INFO - [2022-08-25 00:32:31,694] {dagbag.py:508} INFO - Filling up the DagBag from /home/airflow/.local/lib/python3.7/site-packages/airflow/example_dags/example_python_operator.py
[2022-08-25 00:32:31,719] {processor.py:651} INFO - DAG(s) dict_keys(['example_python_operator']) retrieved from /home/airflow/.local/lib/python3.7/site-packages/airflow/example_dags/example_python_operator.py
[2022-08-25 00:32:31,751] {logging_mixin.py:115} INFO - [2022-08-25 00:32:31,751] {dag.py:2420} INFO - Sync 1 DAGs
[2022-08-25 00:32:31,785] {logging_mixin.py:115} INFO - [2022-08-25 00:32:31,784] {dag.py:2972} INFO - Setting next_dagrun for example_python_operator to None, run_after=None
[2022-08-25 00:32:31,811] {processor.py:161} INFO - Processing /home/airflow/.local/lib/python3.7/site-packages/airflow/example_dags/example_python_operator.py took 0.122 seconds
[2022-08-25 00:33:02,198] {processor.py:153} INFO - Started process (PID=19946) to work on /home/airflow/.local/lib/python3.7/site-packages/airflow/example_dags/example_python_operator.py
[2022-08-25 00:33:02,199] {processor.py:641} INFO - Processing file /home/airflow/.local/lib/python3.7/site-packages/airflow/example_dags/example_python_operator.py for tasks to queue
[2022-08-25 00:33:02,200] {logging_mixin.py:115} INFO - [2022-08-25 00:33:02,200] {dagbag.py:508} INFO - Filling up the DagBag from /home/airflow/.local/lib/python3.7/site-packages/airflow/example_dags/example_python_operator.py
[2022-08-25 00:33:02,224] {processor.py:651} INFO - DAG(s) dict_keys(['example_python_operator']) retrieved from /home/airflow/.local/lib/python3.7/site-packages/airflow/example_dags/example_python_operator.py
[2022-08-25 00:33:02,262] {logging_mixin.py:115} INFO - [2022-08-25 00:33:02,262] {dag.py:2420} INFO - Sync 1 DAGs
[2022-08-25 00:33:02,298] {logging_mixin.py:115} INFO - [2022-08-25 00:33:02,298] {dag.py:2972} INFO - Setting next_dagrun for example_python_operator to None, run_after=None
[2022-08-25 00:33:02,317] {processor.py:161} INFO - Processing /home/airflow/.local/lib/python3.7/site-packages/airflow/example_dags/example_python_operator.py took 0.123 seconds
[2022-08-25 00:33:32,736] {processor.py:153} INFO - Started process (PID=20138) to work on /home/airflow/.local/lib/python3.7/site-packages/airflow/example_dags/example_python_operator.py
[2022-08-25 00:33:32,737] {processor.py:641} INFO - Processing file /home/airflow/.local/lib/python3.7/site-packages/airflow/example_dags/example_python_operator.py for tasks to queue
[2022-08-25 00:33:32,738] {logging_mixin.py:115} INFO - [2022-08-25 00:33:32,738] {dagbag.py:508} INFO - Filling up the DagBag from /home/airflow/.local/lib/python3.7/site-packages/airflow/example_dags/example_python_operator.py
[2022-08-25 00:33:32,761] {processor.py:651} INFO - DAG(s) dict_keys(['example_python_operator']) retrieved from /home/airflow/.local/lib/python3.7/site-packages/airflow/example_dags/example_python_operator.py
[2022-08-25 00:33:32,797] {logging_mixin.py:115} INFO - [2022-08-25 00:33:32,797] {dag.py:2420} INFO - Sync 1 DAGs
[2022-08-25 00:33:32,826] {logging_mixin.py:115} INFO - [2022-08-25 00:33:32,826] {dag.py:2972} INFO - Setting next_dagrun for example_python_operator to None, run_after=None
[2022-08-25 00:33:32,843] {processor.py:161} INFO - Processing /home/airflow/.local/lib/python3.7/site-packages/airflow/example_dags/example_python_operator.py took 0.111 seconds
[2022-08-25 00:34:03,282] {processor.py:153} INFO - Started process (PID=20342) to work on /home/airflow/.local/lib/python3.7/site-packages/airflow/example_dags/example_python_operator.py
[2022-08-25 00:34:03,283] {processor.py:641} INFO - Processing file /home/airflow/.local/lib/python3.7/site-packages/airflow/example_dags/example_python_operator.py for tasks to queue
[2022-08-25 00:34:03,284] {logging_mixin.py:115} INFO - [2022-08-25 00:34:03,284] {dagbag.py:508} INFO - Filling up the DagBag from /home/airflow/.local/lib/python3.7/site-packages/airflow/example_dags/example_python_operator.py
[2022-08-25 00:34:03,307] {processor.py:651} INFO - DAG(s) dict_keys(['example_python_operator']) retrieved from /home/airflow/.local/lib/python3.7/site-packages/airflow/example_dags/example_python_operator.py
[2022-08-25 00:34:03,347] {logging_mixin.py:115} INFO - [2022-08-25 00:34:03,347] {dag.py:2420} INFO - Sync 1 DAGs
[2022-08-25 00:34:03,382] {logging_mixin.py:115} INFO - [2022-08-25 00:34:03,382] {dag.py:2972} INFO - Setting next_dagrun for example_python_operator to None, run_after=None
[2022-08-25 00:34:03,402] {processor.py:161} INFO - Processing /home/airflow/.local/lib/python3.7/site-packages/airflow/example_dags/example_python_operator.py took 0.124 seconds
[2022-08-25 00:34:33,847] {processor.py:153} INFO - Started process (PID=20536) to work on /home/airflow/.local/lib/python3.7/site-packages/airflow/example_dags/example_python_operator.py
[2022-08-25 00:34:33,848] {processor.py:641} INFO - Processing file /home/airflow/.local/lib/python3.7/site-packages/airflow/example_dags/example_python_operator.py for tasks to queue
[2022-08-25 00:34:33,849] {logging_mixin.py:115} INFO - [2022-08-25 00:34:33,848] {dagbag.py:508} INFO - Filling up the DagBag from /home/airflow/.local/lib/python3.7/site-packages/airflow/example_dags/example_python_operator.py
[2022-08-25 00:34:33,871] {processor.py:651} INFO - DAG(s) dict_keys(['example_python_operator']) retrieved from /home/airflow/.local/lib/python3.7/site-packages/airflow/example_dags/example_python_operator.py
[2022-08-25 00:34:33,906] {logging_mixin.py:115} INFO - [2022-08-25 00:34:33,906] {dag.py:2420} INFO - Sync 1 DAGs
[2022-08-25 00:34:33,935] {logging_mixin.py:115} INFO - [2022-08-25 00:34:33,935] {dag.py:2972} INFO - Setting next_dagrun for example_python_operator to None, run_after=None
[2022-08-25 00:34:33,952] {processor.py:161} INFO - Processing /home/airflow/.local/lib/python3.7/site-packages/airflow/example_dags/example_python_operator.py took 0.109 seconds
[2022-08-25 00:35:04,148] {processor.py:153} INFO - Started process (PID=20739) to work on /home/airflow/.local/lib/python3.7/site-packages/airflow/example_dags/example_python_operator.py
[2022-08-25 00:35:04,149] {processor.py:641} INFO - Processing file /home/airflow/.local/lib/python3.7/site-packages/airflow/example_dags/example_python_operator.py for tasks to queue
[2022-08-25 00:35:04,150] {logging_mixin.py:115} INFO - [2022-08-25 00:35:04,150] {dagbag.py:508} INFO - Filling up the DagBag from /home/airflow/.local/lib/python3.7/site-packages/airflow/example_dags/example_python_operator.py
[2022-08-25 00:35:04,174] {processor.py:651} INFO - DAG(s) dict_keys(['example_python_operator']) retrieved from /home/airflow/.local/lib/python3.7/site-packages/airflow/example_dags/example_python_operator.py
[2022-08-25 00:35:04,214] {logging_mixin.py:115} INFO - [2022-08-25 00:35:04,213] {dag.py:2420} INFO - Sync 1 DAGs
[2022-08-25 00:35:04,252] {logging_mixin.py:115} INFO - [2022-08-25 00:35:04,252] {dag.py:2972} INFO - Setting next_dagrun for example_python_operator to None, run_after=None
[2022-08-25 00:35:04,271] {processor.py:161} INFO - Processing /home/airflow/.local/lib/python3.7/site-packages/airflow/example_dags/example_python_operator.py took 0.127 seconds
[2022-08-25 00:35:34,512] {processor.py:153} INFO - Started process (PID=20934) to work on /home/airflow/.local/lib/python3.7/site-packages/airflow/example_dags/example_python_operator.py
[2022-08-25 00:35:34,513] {processor.py:641} INFO - Processing file /home/airflow/.local/lib/python3.7/site-packages/airflow/example_dags/example_python_operator.py for tasks to queue
[2022-08-25 00:35:34,514] {logging_mixin.py:115} INFO - [2022-08-25 00:35:34,514] {dagbag.py:508} INFO - Filling up the DagBag from /home/airflow/.local/lib/python3.7/site-packages/airflow/example_dags/example_python_operator.py
[2022-08-25 00:35:34,537] {processor.py:651} INFO - DAG(s) dict_keys(['example_python_operator']) retrieved from /home/airflow/.local/lib/python3.7/site-packages/airflow/example_dags/example_python_operator.py
[2022-08-25 00:35:34,572] {logging_mixin.py:115} INFO - [2022-08-25 00:35:34,572] {dag.py:2420} INFO - Sync 1 DAGs
[2022-08-25 00:35:34,600] {logging_mixin.py:115} INFO - [2022-08-25 00:35:34,600] {dag.py:2972} INFO - Setting next_dagrun for example_python_operator to None, run_after=None
[2022-08-25 00:35:34,617] {processor.py:161} INFO - Processing /home/airflow/.local/lib/python3.7/site-packages/airflow/example_dags/example_python_operator.py took 0.108 seconds
[2022-08-25 00:36:05,192] {processor.py:153} INFO - Started process (PID=21137) to work on /home/airflow/.local/lib/python3.7/site-packages/airflow/example_dags/example_python_operator.py
[2022-08-25 00:36:05,193] {processor.py:641} INFO - Processing file /home/airflow/.local/lib/python3.7/site-packages/airflow/example_dags/example_python_operator.py for tasks to queue
[2022-08-25 00:36:05,194] {logging_mixin.py:115} INFO - [2022-08-25 00:36:05,194] {dagbag.py:508} INFO - Filling up the DagBag from /home/airflow/.local/lib/python3.7/site-packages/airflow/example_dags/example_python_operator.py
[2022-08-25 00:36:05,218] {processor.py:651} INFO - DAG(s) dict_keys(['example_python_operator']) retrieved from /home/airflow/.local/lib/python3.7/site-packages/airflow/example_dags/example_python_operator.py
[2022-08-25 00:36:05,257] {logging_mixin.py:115} INFO - [2022-08-25 00:36:05,257] {dag.py:2420} INFO - Sync 1 DAGs
[2022-08-25 00:36:05,289] {logging_mixin.py:115} INFO - [2022-08-25 00:36:05,289] {dag.py:2972} INFO - Setting next_dagrun for example_python_operator to None, run_after=None
[2022-08-25 00:36:05,309] {processor.py:161} INFO - Processing /home/airflow/.local/lib/python3.7/site-packages/airflow/example_dags/example_python_operator.py took 0.122 seconds
[2022-08-25 01:25:49,369] {processor.py:153} INFO - Started process (PID=21349) to work on /home/airflow/.local/lib/python3.7/site-packages/airflow/example_dags/example_python_operator.py
[2022-08-25 01:25:49,370] {processor.py:641} INFO - Processing file /home/airflow/.local/lib/python3.7/site-packages/airflow/example_dags/example_python_operator.py for tasks to queue
[2022-08-25 01:25:49,371] {logging_mixin.py:115} INFO - [2022-08-25 01:25:49,370] {dagbag.py:508} INFO - Filling up the DagBag from /home/airflow/.local/lib/python3.7/site-packages/airflow/example_dags/example_python_operator.py
[2022-08-25 01:25:49,392] {processor.py:651} INFO - DAG(s) dict_keys(['example_python_operator']) retrieved from /home/airflow/.local/lib/python3.7/site-packages/airflow/example_dags/example_python_operator.py
[2022-08-25 01:25:49,427] {logging_mixin.py:115} INFO - [2022-08-25 01:25:49,427] {dag.py:2420} INFO - Sync 1 DAGs
[2022-08-25 01:25:49,458] {logging_mixin.py:115} INFO - [2022-08-25 01:25:49,457] {dag.py:2972} INFO - Setting next_dagrun for example_python_operator to None, run_after=None
[2022-08-25 01:25:49,479] {processor.py:161} INFO - Processing /home/airflow/.local/lib/python3.7/site-packages/airflow/example_dags/example_python_operator.py took 0.114 seconds
[2022-08-25 01:26:19,760] {processor.py:153} INFO - Started process (PID=21546) to work on /home/airflow/.local/lib/python3.7/site-packages/airflow/example_dags/example_python_operator.py
[2022-08-25 01:26:19,761] {processor.py:641} INFO - Processing file /home/airflow/.local/lib/python3.7/site-packages/airflow/example_dags/example_python_operator.py for tasks to queue
[2022-08-25 01:26:19,762] {logging_mixin.py:115} INFO - [2022-08-25 01:26:19,762] {dagbag.py:508} INFO - Filling up the DagBag from /home/airflow/.local/lib/python3.7/site-packages/airflow/example_dags/example_python_operator.py
[2022-08-25 01:26:19,777] {processor.py:651} INFO - DAG(s) dict_keys(['example_python_operator']) retrieved from /home/airflow/.local/lib/python3.7/site-packages/airflow/example_dags/example_python_operator.py
[2022-08-25 01:26:19,800] {logging_mixin.py:115} INFO - [2022-08-25 01:26:19,800] {dag.py:2420} INFO - Sync 1 DAGs
[2022-08-25 01:26:19,822] {logging_mixin.py:115} INFO - [2022-08-25 01:26:19,822] {dag.py:2972} INFO - Setting next_dagrun for example_python_operator to None, run_after=None
[2022-08-25 01:26:19,836] {processor.py:161} INFO - Processing /home/airflow/.local/lib/python3.7/site-packages/airflow/example_dags/example_python_operator.py took 0.079 seconds
[2022-08-25 01:26:50,479] {processor.py:153} INFO - Started process (PID=21747) to work on /home/airflow/.local/lib/python3.7/site-packages/airflow/example_dags/example_python_operator.py
[2022-08-25 01:26:50,480] {processor.py:641} INFO - Processing file /home/airflow/.local/lib/python3.7/site-packages/airflow/example_dags/example_python_operator.py for tasks to queue
[2022-08-25 01:26:50,480] {logging_mixin.py:115} INFO - [2022-08-25 01:26:50,480] {dagbag.py:508} INFO - Filling up the DagBag from /home/airflow/.local/lib/python3.7/site-packages/airflow/example_dags/example_python_operator.py
[2022-08-25 01:26:50,498] {processor.py:651} INFO - DAG(s) dict_keys(['example_python_operator']) retrieved from /home/airflow/.local/lib/python3.7/site-packages/airflow/example_dags/example_python_operator.py
[2022-08-25 01:26:50,529] {logging_mixin.py:115} INFO - [2022-08-25 01:26:50,528] {dag.py:2420} INFO - Sync 1 DAGs
[2022-08-25 01:26:50,553] {logging_mixin.py:115} INFO - [2022-08-25 01:26:50,553] {dag.py:2972} INFO - Setting next_dagrun for example_python_operator to None, run_after=None
[2022-08-25 01:26:50,567] {processor.py:161} INFO - Processing /home/airflow/.local/lib/python3.7/site-packages/airflow/example_dags/example_python_operator.py took 0.092 seconds
[2022-08-25 01:27:21,697] {processor.py:153} INFO - Started process (PID=21952) to work on /home/airflow/.local/lib/python3.7/site-packages/airflow/example_dags/example_python_operator.py
[2022-08-25 01:27:21,698] {processor.py:641} INFO - Processing file /home/airflow/.local/lib/python3.7/site-packages/airflow/example_dags/example_python_operator.py for tasks to queue
[2022-08-25 01:27:21,699] {logging_mixin.py:115} INFO - [2022-08-25 01:27:21,699] {dagbag.py:508} INFO - Filling up the DagBag from /home/airflow/.local/lib/python3.7/site-packages/airflow/example_dags/example_python_operator.py
[2022-08-25 01:27:21,725] {processor.py:651} INFO - DAG(s) dict_keys(['example_python_operator']) retrieved from /home/airflow/.local/lib/python3.7/site-packages/airflow/example_dags/example_python_operator.py
[2022-08-25 01:27:21,760] {logging_mixin.py:115} INFO - [2022-08-25 01:27:21,760] {dag.py:2420} INFO - Sync 1 DAGs
[2022-08-25 01:27:21,790] {logging_mixin.py:115} INFO - [2022-08-25 01:27:21,789] {dag.py:2972} INFO - Setting next_dagrun for example_python_operator to None, run_after=None
[2022-08-25 01:27:21,809] {processor.py:161} INFO - Processing /home/airflow/.local/lib/python3.7/site-packages/airflow/example_dags/example_python_operator.py took 0.117 seconds
