[2022-08-25 00:13:11,400] {processor.py:153} INFO - Started process (PID=12162) to work on /home/airflow/.local/lib/python3.7/site-packages/airflow/example_dags/tutorial.py
[2022-08-25 00:13:11,404] {processor.py:641} INFO - Processing file /home/airflow/.local/lib/python3.7/site-packages/airflow/example_dags/tutorial.py for tasks to queue
[2022-08-25 00:13:11,406] {logging_mixin.py:115} INFO - [2022-08-25 00:13:11,406] {dagbag.py:508} INFO - Filling up the DagBag from /home/airflow/.local/lib/python3.7/site-packages/airflow/example_dags/tutorial.py
[2022-08-25 00:13:11,427] {processor.py:651} INFO - DAG(s) dict_keys(['tutorial']) retrieved from /home/airflow/.local/lib/python3.7/site-packages/airflow/example_dags/tutorial.py
[2022-08-25 00:13:11,642] {logging_mixin.py:115} INFO - [2022-08-25 00:13:11,642] {dag.py:2420} INFO - Sync 1 DAGs
[2022-08-25 00:13:11,772] {logging_mixin.py:115} INFO - [2022-08-25 00:13:11,772] {dag.py:2972} INFO - Setting next_dagrun for tutorial to 2022-08-24T00:13:11.771902+00:00, run_after=2022-08-25T00:13:11.771902+00:00
[2022-08-25 00:13:11,810] {processor.py:161} INFO - Processing /home/airflow/.local/lib/python3.7/site-packages/airflow/example_dags/tutorial.py took 0.417 seconds
[2022-08-25 00:13:42,251] {processor.py:153} INFO - Started process (PID=12370) to work on /home/airflow/.local/lib/python3.7/site-packages/airflow/example_dags/tutorial.py
[2022-08-25 00:13:42,252] {processor.py:641} INFO - Processing file /home/airflow/.local/lib/python3.7/site-packages/airflow/example_dags/tutorial.py for tasks to queue
[2022-08-25 00:13:42,252] {logging_mixin.py:115} INFO - [2022-08-25 00:13:42,252] {dagbag.py:508} INFO - Filling up the DagBag from /home/airflow/.local/lib/python3.7/site-packages/airflow/example_dags/tutorial.py
[2022-08-25 00:13:42,257] {processor.py:651} INFO - DAG(s) dict_keys(['tutorial']) retrieved from /home/airflow/.local/lib/python3.7/site-packages/airflow/example_dags/tutorial.py
[2022-08-25 00:13:42,284] {logging_mixin.py:115} INFO - [2022-08-25 00:13:42,283] {dag.py:2420} INFO - Sync 1 DAGs
[2022-08-25 00:13:42,306] {logging_mixin.py:115} INFO - [2022-08-25 00:13:42,306] {dag.py:2972} INFO - Setting next_dagrun for tutorial to 2022-08-24T00:13:42.306498+00:00, run_after=2022-08-25T00:13:42.306498+00:00
[2022-08-25 00:13:42,320] {processor.py:161} INFO - Processing /home/airflow/.local/lib/python3.7/site-packages/airflow/example_dags/tutorial.py took 0.072 seconds
[2022-08-25 00:14:12,710] {processor.py:153} INFO - Started process (PID=12579) to work on /home/airflow/.local/lib/python3.7/site-packages/airflow/example_dags/tutorial.py
[2022-08-25 00:14:12,710] {processor.py:641} INFO - Processing file /home/airflow/.local/lib/python3.7/site-packages/airflow/example_dags/tutorial.py for tasks to queue
[2022-08-25 00:14:12,711] {logging_mixin.py:115} INFO - [2022-08-25 00:14:12,711] {dagbag.py:508} INFO - Filling up the DagBag from /home/airflow/.local/lib/python3.7/site-packages/airflow/example_dags/tutorial.py
[2022-08-25 00:14:12,717] {processor.py:651} INFO - DAG(s) dict_keys(['tutorial']) retrieved from /home/airflow/.local/lib/python3.7/site-packages/airflow/example_dags/tutorial.py
[2022-08-25 00:14:12,746] {logging_mixin.py:115} INFO - [2022-08-25 00:14:12,746] {dag.py:2420} INFO - Sync 1 DAGs
[2022-08-25 00:14:12,774] {logging_mixin.py:115} INFO - [2022-08-25 00:14:12,774] {dag.py:2972} INFO - Setting next_dagrun for tutorial to 2022-08-24T00:14:12.773954+00:00, run_after=2022-08-25T00:14:12.773954+00:00
[2022-08-25 00:14:12,804] {processor.py:161} INFO - Processing /home/airflow/.local/lib/python3.7/site-packages/airflow/example_dags/tutorial.py took 0.097 seconds
[2022-08-25 00:14:43,646] {processor.py:153} INFO - Started process (PID=12773) to work on /home/airflow/.local/lib/python3.7/site-packages/airflow/example_dags/tutorial.py
[2022-08-25 00:14:43,647] {processor.py:641} INFO - Processing file /home/airflow/.local/lib/python3.7/site-packages/airflow/example_dags/tutorial.py for tasks to queue
[2022-08-25 00:14:43,648] {logging_mixin.py:115} INFO - [2022-08-25 00:14:43,648] {dagbag.py:508} INFO - Filling up the DagBag from /home/airflow/.local/lib/python3.7/site-packages/airflow/example_dags/tutorial.py
[2022-08-25 00:14:43,655] {processor.py:651} INFO - DAG(s) dict_keys(['tutorial']) retrieved from /home/airflow/.local/lib/python3.7/site-packages/airflow/example_dags/tutorial.py
[2022-08-25 00:14:43,688] {logging_mixin.py:115} INFO - [2022-08-25 00:14:43,687] {dag.py:2420} INFO - Sync 1 DAGs
[2022-08-25 00:14:43,722] {logging_mixin.py:115} INFO - [2022-08-25 00:14:43,721] {dag.py:2972} INFO - Setting next_dagrun for tutorial to 2022-08-24T00:14:43.721588+00:00, run_after=2022-08-25T00:14:43.721588+00:00
[2022-08-25 00:14:43,740] {processor.py:161} INFO - Processing /home/airflow/.local/lib/python3.7/site-packages/airflow/example_dags/tutorial.py took 0.097 seconds
[2022-08-25 00:15:13,961] {processor.py:153} INFO - Started process (PID=12979) to work on /home/airflow/.local/lib/python3.7/site-packages/airflow/example_dags/tutorial.py
[2022-08-25 00:15:13,962] {processor.py:641} INFO - Processing file /home/airflow/.local/lib/python3.7/site-packages/airflow/example_dags/tutorial.py for tasks to queue
[2022-08-25 00:15:13,963] {logging_mixin.py:115} INFO - [2022-08-25 00:15:13,963] {dagbag.py:508} INFO - Filling up the DagBag from /home/airflow/.local/lib/python3.7/site-packages/airflow/example_dags/tutorial.py
[2022-08-25 00:15:13,970] {processor.py:651} INFO - DAG(s) dict_keys(['tutorial']) retrieved from /home/airflow/.local/lib/python3.7/site-packages/airflow/example_dags/tutorial.py
[2022-08-25 00:15:14,010] {logging_mixin.py:115} INFO - [2022-08-25 00:15:14,010] {dag.py:2420} INFO - Sync 1 DAGs
[2022-08-25 00:15:14,041] {logging_mixin.py:115} INFO - [2022-08-25 00:15:14,041] {dag.py:2972} INFO - Setting next_dagrun for tutorial to 2022-08-24T00:15:14.041191+00:00, run_after=2022-08-25T00:15:14.041191+00:00
[2022-08-25 00:15:14,059] {processor.py:161} INFO - Processing /home/airflow/.local/lib/python3.7/site-packages/airflow/example_dags/tutorial.py took 0.101 seconds
[2022-08-25 00:15:44,406] {processor.py:153} INFO - Started process (PID=13174) to work on /home/airflow/.local/lib/python3.7/site-packages/airflow/example_dags/tutorial.py
[2022-08-25 00:15:44,407] {processor.py:641} INFO - Processing file /home/airflow/.local/lib/python3.7/site-packages/airflow/example_dags/tutorial.py for tasks to queue
[2022-08-25 00:15:44,408] {logging_mixin.py:115} INFO - [2022-08-25 00:15:44,408] {dagbag.py:508} INFO - Filling up the DagBag from /home/airflow/.local/lib/python3.7/site-packages/airflow/example_dags/tutorial.py
[2022-08-25 00:15:44,417] {processor.py:651} INFO - DAG(s) dict_keys(['tutorial']) retrieved from /home/airflow/.local/lib/python3.7/site-packages/airflow/example_dags/tutorial.py
[2022-08-25 00:15:44,453] {logging_mixin.py:115} INFO - [2022-08-25 00:15:44,453] {dag.py:2420} INFO - Sync 1 DAGs
[2022-08-25 00:15:44,484] {logging_mixin.py:115} INFO - [2022-08-25 00:15:44,483] {dag.py:2972} INFO - Setting next_dagrun for tutorial to 2022-08-24T00:15:44.483536+00:00, run_after=2022-08-25T00:15:44.483536+00:00
[2022-08-25 00:15:44,509] {processor.py:161} INFO - Processing /home/airflow/.local/lib/python3.7/site-packages/airflow/example_dags/tutorial.py took 0.107 seconds
[2022-08-25 00:16:14,659] {processor.py:153} INFO - Started process (PID=13376) to work on /home/airflow/.local/lib/python3.7/site-packages/airflow/example_dags/tutorial.py
[2022-08-25 00:16:14,660] {processor.py:641} INFO - Processing file /home/airflow/.local/lib/python3.7/site-packages/airflow/example_dags/tutorial.py for tasks to queue
[2022-08-25 00:16:14,661] {logging_mixin.py:115} INFO - [2022-08-25 00:16:14,661] {dagbag.py:508} INFO - Filling up the DagBag from /home/airflow/.local/lib/python3.7/site-packages/airflow/example_dags/tutorial.py
[2022-08-25 00:16:14,669] {processor.py:651} INFO - DAG(s) dict_keys(['tutorial']) retrieved from /home/airflow/.local/lib/python3.7/site-packages/airflow/example_dags/tutorial.py
[2022-08-25 00:16:14,705] {logging_mixin.py:115} INFO - [2022-08-25 00:16:14,705] {dag.py:2420} INFO - Sync 1 DAGs
[2022-08-25 00:16:14,735] {logging_mixin.py:115} INFO - [2022-08-25 00:16:14,735] {dag.py:2972} INFO - Setting next_dagrun for tutorial to 2022-08-24T00:16:14.734854+00:00, run_after=2022-08-25T00:16:14.734854+00:00
[2022-08-25 00:16:14,753] {processor.py:161} INFO - Processing /home/airflow/.local/lib/python3.7/site-packages/airflow/example_dags/tutorial.py took 0.098 seconds
[2022-08-25 00:16:44,911] {processor.py:153} INFO - Started process (PID=13565) to work on /home/airflow/.local/lib/python3.7/site-packages/airflow/example_dags/tutorial.py
[2022-08-25 00:16:44,912] {processor.py:641} INFO - Processing file /home/airflow/.local/lib/python3.7/site-packages/airflow/example_dags/tutorial.py for tasks to queue
[2022-08-25 00:16:44,913] {logging_mixin.py:115} INFO - [2022-08-25 00:16:44,913] {dagbag.py:508} INFO - Filling up the DagBag from /home/airflow/.local/lib/python3.7/site-packages/airflow/example_dags/tutorial.py
[2022-08-25 00:16:44,921] {processor.py:651} INFO - DAG(s) dict_keys(['tutorial']) retrieved from /home/airflow/.local/lib/python3.7/site-packages/airflow/example_dags/tutorial.py
[2022-08-25 00:16:44,955] {logging_mixin.py:115} INFO - [2022-08-25 00:16:44,955] {dag.py:2420} INFO - Sync 1 DAGs
[2022-08-25 00:16:45,012] {logging_mixin.py:115} INFO - [2022-08-25 00:16:45,012] {dag.py:2972} INFO - Setting next_dagrun for tutorial to 2022-08-24T00:16:45.011659+00:00, run_after=2022-08-25T00:16:45.011659+00:00
[2022-08-25 00:16:45,042] {processor.py:161} INFO - Processing /home/airflow/.local/lib/python3.7/site-packages/airflow/example_dags/tutorial.py took 0.134 seconds
[2022-08-25 00:17:15,451] {processor.py:153} INFO - Started process (PID=13768) to work on /home/airflow/.local/lib/python3.7/site-packages/airflow/example_dags/tutorial.py
[2022-08-25 00:17:15,452] {processor.py:641} INFO - Processing file /home/airflow/.local/lib/python3.7/site-packages/airflow/example_dags/tutorial.py for tasks to queue
[2022-08-25 00:17:15,454] {logging_mixin.py:115} INFO - [2022-08-25 00:17:15,453] {dagbag.py:508} INFO - Filling up the DagBag from /home/airflow/.local/lib/python3.7/site-packages/airflow/example_dags/tutorial.py
[2022-08-25 00:17:15,463] {processor.py:651} INFO - DAG(s) dict_keys(['tutorial']) retrieved from /home/airflow/.local/lib/python3.7/site-packages/airflow/example_dags/tutorial.py
[2022-08-25 00:17:15,547] {logging_mixin.py:115} INFO - [2022-08-25 00:17:15,547] {dag.py:2420} INFO - Sync 1 DAGs
[2022-08-25 00:17:15,581] {logging_mixin.py:115} INFO - [2022-08-25 00:17:15,581] {dag.py:2972} INFO - Setting next_dagrun for tutorial to 2022-08-24T00:17:15.580552+00:00, run_after=2022-08-25T00:17:15.580552+00:00
[2022-08-25 00:17:15,604] {processor.py:161} INFO - Processing /home/airflow/.local/lib/python3.7/site-packages/airflow/example_dags/tutorial.py took 0.158 seconds
[2022-08-25 00:17:45,837] {processor.py:153} INFO - Started process (PID=13962) to work on /home/airflow/.local/lib/python3.7/site-packages/airflow/example_dags/tutorial.py
[2022-08-25 00:17:45,837] {processor.py:641} INFO - Processing file /home/airflow/.local/lib/python3.7/site-packages/airflow/example_dags/tutorial.py for tasks to queue
[2022-08-25 00:17:45,838] {logging_mixin.py:115} INFO - [2022-08-25 00:17:45,838] {dagbag.py:508} INFO - Filling up the DagBag from /home/airflow/.local/lib/python3.7/site-packages/airflow/example_dags/tutorial.py
[2022-08-25 00:17:45,845] {processor.py:651} INFO - DAG(s) dict_keys(['tutorial']) retrieved from /home/airflow/.local/lib/python3.7/site-packages/airflow/example_dags/tutorial.py
[2022-08-25 00:17:45,881] {logging_mixin.py:115} INFO - [2022-08-25 00:17:45,881] {dag.py:2420} INFO - Sync 1 DAGs
[2022-08-25 00:17:45,915] {logging_mixin.py:115} INFO - [2022-08-25 00:17:45,914] {dag.py:2972} INFO - Setting next_dagrun for tutorial to 2022-08-24T00:17:45.914675+00:00, run_after=2022-08-25T00:17:45.914675+00:00
[2022-08-25 00:17:45,932] {processor.py:161} INFO - Processing /home/airflow/.local/lib/python3.7/site-packages/airflow/example_dags/tutorial.py took 0.099 seconds
[2022-08-25 00:18:16,473] {processor.py:153} INFO - Started process (PID=14165) to work on /home/airflow/.local/lib/python3.7/site-packages/airflow/example_dags/tutorial.py
[2022-08-25 00:18:16,474] {processor.py:641} INFO - Processing file /home/airflow/.local/lib/python3.7/site-packages/airflow/example_dags/tutorial.py for tasks to queue
[2022-08-25 00:18:16,475] {logging_mixin.py:115} INFO - [2022-08-25 00:18:16,475] {dagbag.py:508} INFO - Filling up the DagBag from /home/airflow/.local/lib/python3.7/site-packages/airflow/example_dags/tutorial.py
[2022-08-25 00:18:16,482] {processor.py:651} INFO - DAG(s) dict_keys(['tutorial']) retrieved from /home/airflow/.local/lib/python3.7/site-packages/airflow/example_dags/tutorial.py
[2022-08-25 00:18:16,517] {logging_mixin.py:115} INFO - [2022-08-25 00:18:16,517] {dag.py:2420} INFO - Sync 1 DAGs
[2022-08-25 00:18:16,554] {logging_mixin.py:115} INFO - [2022-08-25 00:18:16,554] {dag.py:2972} INFO - Setting next_dagrun for tutorial to 2022-08-24T00:18:16.553629+00:00, run_after=2022-08-25T00:18:16.553629+00:00
[2022-08-25 00:18:16,572] {processor.py:161} INFO - Processing /home/airflow/.local/lib/python3.7/site-packages/airflow/example_dags/tutorial.py took 0.103 seconds
[2022-08-25 00:18:46,838] {processor.py:153} INFO - Started process (PID=14359) to work on /home/airflow/.local/lib/python3.7/site-packages/airflow/example_dags/tutorial.py
[2022-08-25 00:18:46,839] {processor.py:641} INFO - Processing file /home/airflow/.local/lib/python3.7/site-packages/airflow/example_dags/tutorial.py for tasks to queue
[2022-08-25 00:18:46,840] {logging_mixin.py:115} INFO - [2022-08-25 00:18:46,840] {dagbag.py:508} INFO - Filling up the DagBag from /home/airflow/.local/lib/python3.7/site-packages/airflow/example_dags/tutorial.py
[2022-08-25 00:18:46,846] {processor.py:651} INFO - DAG(s) dict_keys(['tutorial']) retrieved from /home/airflow/.local/lib/python3.7/site-packages/airflow/example_dags/tutorial.py
[2022-08-25 00:18:46,882] {logging_mixin.py:115} INFO - [2022-08-25 00:18:46,882] {dag.py:2420} INFO - Sync 1 DAGs
[2022-08-25 00:18:46,915] {logging_mixin.py:115} INFO - [2022-08-25 00:18:46,915] {dag.py:2972} INFO - Setting next_dagrun for tutorial to 2022-08-24T00:18:46.914743+00:00, run_after=2022-08-25T00:18:46.914743+00:00
[2022-08-25 00:18:46,933] {processor.py:161} INFO - Processing /home/airflow/.local/lib/python3.7/site-packages/airflow/example_dags/tutorial.py took 0.099 seconds
[2022-08-25 00:19:17,343] {processor.py:153} INFO - Started process (PID=14564) to work on /home/airflow/.local/lib/python3.7/site-packages/airflow/example_dags/tutorial.py
[2022-08-25 00:19:17,344] {processor.py:641} INFO - Processing file /home/airflow/.local/lib/python3.7/site-packages/airflow/example_dags/tutorial.py for tasks to queue
[2022-08-25 00:19:17,345] {logging_mixin.py:115} INFO - [2022-08-25 00:19:17,345] {dagbag.py:508} INFO - Filling up the DagBag from /home/airflow/.local/lib/python3.7/site-packages/airflow/example_dags/tutorial.py
[2022-08-25 00:19:17,351] {processor.py:651} INFO - DAG(s) dict_keys(['tutorial']) retrieved from /home/airflow/.local/lib/python3.7/site-packages/airflow/example_dags/tutorial.py
[2022-08-25 00:19:17,386] {logging_mixin.py:115} INFO - [2022-08-25 00:19:17,386] {dag.py:2420} INFO - Sync 1 DAGs
[2022-08-25 00:19:17,417] {logging_mixin.py:115} INFO - [2022-08-25 00:19:17,417] {dag.py:2972} INFO - Setting next_dagrun for tutorial to 2022-08-24T00:19:17.416948+00:00, run_after=2022-08-25T00:19:17.416948+00:00
[2022-08-25 00:19:17,441] {processor.py:161} INFO - Processing /home/airflow/.local/lib/python3.7/site-packages/airflow/example_dags/tutorial.py took 0.101 seconds
[2022-08-25 00:19:47,811] {processor.py:153} INFO - Started process (PID=14758) to work on /home/airflow/.local/lib/python3.7/site-packages/airflow/example_dags/tutorial.py
[2022-08-25 00:19:47,812] {processor.py:641} INFO - Processing file /home/airflow/.local/lib/python3.7/site-packages/airflow/example_dags/tutorial.py for tasks to queue
[2022-08-25 00:19:47,813] {logging_mixin.py:115} INFO - [2022-08-25 00:19:47,813] {dagbag.py:508} INFO - Filling up the DagBag from /home/airflow/.local/lib/python3.7/site-packages/airflow/example_dags/tutorial.py
[2022-08-25 00:19:47,819] {processor.py:651} INFO - DAG(s) dict_keys(['tutorial']) retrieved from /home/airflow/.local/lib/python3.7/site-packages/airflow/example_dags/tutorial.py
[2022-08-25 00:19:47,851] {logging_mixin.py:115} INFO - [2022-08-25 00:19:47,851] {dag.py:2420} INFO - Sync 1 DAGs
[2022-08-25 00:19:47,879] {logging_mixin.py:115} INFO - [2022-08-25 00:19:47,879] {dag.py:2972} INFO - Setting next_dagrun for tutorial to 2022-08-24T00:19:47.878475+00:00, run_after=2022-08-25T00:19:47.878475+00:00
[2022-08-25 00:19:47,903] {processor.py:161} INFO - Processing /home/airflow/.local/lib/python3.7/site-packages/airflow/example_dags/tutorial.py took 0.096 seconds
[2022-08-25 00:20:18,533] {processor.py:153} INFO - Started process (PID=14961) to work on /home/airflow/.local/lib/python3.7/site-packages/airflow/example_dags/tutorial.py
[2022-08-25 00:20:18,534] {processor.py:641} INFO - Processing file /home/airflow/.local/lib/python3.7/site-packages/airflow/example_dags/tutorial.py for tasks to queue
[2022-08-25 00:20:18,535] {logging_mixin.py:115} INFO - [2022-08-25 00:20:18,535] {dagbag.py:508} INFO - Filling up the DagBag from /home/airflow/.local/lib/python3.7/site-packages/airflow/example_dags/tutorial.py
[2022-08-25 00:20:18,541] {processor.py:651} INFO - DAG(s) dict_keys(['tutorial']) retrieved from /home/airflow/.local/lib/python3.7/site-packages/airflow/example_dags/tutorial.py
[2022-08-25 00:20:18,577] {logging_mixin.py:115} INFO - [2022-08-25 00:20:18,577] {dag.py:2420} INFO - Sync 1 DAGs
[2022-08-25 00:20:18,607] {logging_mixin.py:115} INFO - [2022-08-25 00:20:18,607] {dag.py:2972} INFO - Setting next_dagrun for tutorial to 2022-08-24T00:20:18.606651+00:00, run_after=2022-08-25T00:20:18.606651+00:00
[2022-08-25 00:20:18,633] {processor.py:161} INFO - Processing /home/airflow/.local/lib/python3.7/site-packages/airflow/example_dags/tutorial.py took 0.103 seconds
[2022-08-25 00:20:49,169] {processor.py:153} INFO - Started process (PID=15156) to work on /home/airflow/.local/lib/python3.7/site-packages/airflow/example_dags/tutorial.py
[2022-08-25 00:20:49,170] {processor.py:641} INFO - Processing file /home/airflow/.local/lib/python3.7/site-packages/airflow/example_dags/tutorial.py for tasks to queue
[2022-08-25 00:20:49,171] {logging_mixin.py:115} INFO - [2022-08-25 00:20:49,171] {dagbag.py:508} INFO - Filling up the DagBag from /home/airflow/.local/lib/python3.7/site-packages/airflow/example_dags/tutorial.py
[2022-08-25 00:20:49,177] {processor.py:651} INFO - DAG(s) dict_keys(['tutorial']) retrieved from /home/airflow/.local/lib/python3.7/site-packages/airflow/example_dags/tutorial.py
[2022-08-25 00:20:49,211] {logging_mixin.py:115} INFO - [2022-08-25 00:20:49,211] {dag.py:2420} INFO - Sync 1 DAGs
[2022-08-25 00:20:49,240] {logging_mixin.py:115} INFO - [2022-08-25 00:20:49,239] {dag.py:2972} INFO - Setting next_dagrun for tutorial to 2022-08-24T00:20:49.239568+00:00, run_after=2022-08-25T00:20:49.239568+00:00
[2022-08-25 00:20:49,258] {processor.py:161} INFO - Processing /home/airflow/.local/lib/python3.7/site-packages/airflow/example_dags/tutorial.py took 0.093 seconds
[2022-08-25 00:21:19,688] {processor.py:153} INFO - Started process (PID=15359) to work on /home/airflow/.local/lib/python3.7/site-packages/airflow/example_dags/tutorial.py
[2022-08-25 00:21:19,689] {processor.py:641} INFO - Processing file /home/airflow/.local/lib/python3.7/site-packages/airflow/example_dags/tutorial.py for tasks to queue
[2022-08-25 00:21:19,689] {logging_mixin.py:115} INFO - [2022-08-25 00:21:19,689] {dagbag.py:508} INFO - Filling up the DagBag from /home/airflow/.local/lib/python3.7/site-packages/airflow/example_dags/tutorial.py
[2022-08-25 00:21:19,696] {processor.py:651} INFO - DAG(s) dict_keys(['tutorial']) retrieved from /home/airflow/.local/lib/python3.7/site-packages/airflow/example_dags/tutorial.py
[2022-08-25 00:21:19,727] {logging_mixin.py:115} INFO - [2022-08-25 00:21:19,727] {dag.py:2420} INFO - Sync 1 DAGs
[2022-08-25 00:21:19,756] {logging_mixin.py:115} INFO - [2022-08-25 00:21:19,755] {dag.py:2972} INFO - Setting next_dagrun for tutorial to 2022-08-24T00:21:19.755583+00:00, run_after=2022-08-25T00:21:19.755583+00:00
[2022-08-25 00:21:19,781] {processor.py:161} INFO - Processing /home/airflow/.local/lib/python3.7/site-packages/airflow/example_dags/tutorial.py took 0.097 seconds
[2022-08-25 00:21:49,947] {processor.py:153} INFO - Started process (PID=15553) to work on /home/airflow/.local/lib/python3.7/site-packages/airflow/example_dags/tutorial.py
[2022-08-25 00:21:49,947] {processor.py:641} INFO - Processing file /home/airflow/.local/lib/python3.7/site-packages/airflow/example_dags/tutorial.py for tasks to queue
[2022-08-25 00:21:49,948] {logging_mixin.py:115} INFO - [2022-08-25 00:21:49,948] {dagbag.py:508} INFO - Filling up the DagBag from /home/airflow/.local/lib/python3.7/site-packages/airflow/example_dags/tutorial.py
[2022-08-25 00:21:49,954] {processor.py:651} INFO - DAG(s) dict_keys(['tutorial']) retrieved from /home/airflow/.local/lib/python3.7/site-packages/airflow/example_dags/tutorial.py
[2022-08-25 00:21:49,988] {logging_mixin.py:115} INFO - [2022-08-25 00:21:49,988] {dag.py:2420} INFO - Sync 1 DAGs
[2022-08-25 00:21:50,018] {logging_mixin.py:115} INFO - [2022-08-25 00:21:50,018] {dag.py:2972} INFO - Setting next_dagrun for tutorial to 2022-08-24T00:21:50.017744+00:00, run_after=2022-08-25T00:21:50.017744+00:00
[2022-08-25 00:21:50,046] {processor.py:161} INFO - Processing /home/airflow/.local/lib/python3.7/site-packages/airflow/example_dags/tutorial.py took 0.103 seconds
[2022-08-25 00:22:20,192] {processor.py:153} INFO - Started process (PID=15756) to work on /home/airflow/.local/lib/python3.7/site-packages/airflow/example_dags/tutorial.py
[2022-08-25 00:22:20,193] {processor.py:641} INFO - Processing file /home/airflow/.local/lib/python3.7/site-packages/airflow/example_dags/tutorial.py for tasks to queue
[2022-08-25 00:22:20,194] {logging_mixin.py:115} INFO - [2022-08-25 00:22:20,193] {dagbag.py:508} INFO - Filling up the DagBag from /home/airflow/.local/lib/python3.7/site-packages/airflow/example_dags/tutorial.py
[2022-08-25 00:22:20,200] {processor.py:651} INFO - DAG(s) dict_keys(['tutorial']) retrieved from /home/airflow/.local/lib/python3.7/site-packages/airflow/example_dags/tutorial.py
[2022-08-25 00:22:20,231] {logging_mixin.py:115} INFO - [2022-08-25 00:22:20,231] {dag.py:2420} INFO - Sync 1 DAGs
[2022-08-25 00:22:20,261] {logging_mixin.py:115} INFO - [2022-08-25 00:22:20,261] {dag.py:2972} INFO - Setting next_dagrun for tutorial to 2022-08-24T00:22:20.260959+00:00, run_after=2022-08-25T00:22:20.260959+00:00
[2022-08-25 00:22:20,288] {processor.py:161} INFO - Processing /home/airflow/.local/lib/python3.7/site-packages/airflow/example_dags/tutorial.py took 0.100 seconds
[2022-08-25 00:22:50,499] {processor.py:153} INFO - Started process (PID=15950) to work on /home/airflow/.local/lib/python3.7/site-packages/airflow/example_dags/tutorial.py
[2022-08-25 00:22:50,499] {processor.py:641} INFO - Processing file /home/airflow/.local/lib/python3.7/site-packages/airflow/example_dags/tutorial.py for tasks to queue
[2022-08-25 00:22:50,501] {logging_mixin.py:115} INFO - [2022-08-25 00:22:50,501] {dagbag.py:508} INFO - Filling up the DagBag from /home/airflow/.local/lib/python3.7/site-packages/airflow/example_dags/tutorial.py
[2022-08-25 00:22:50,507] {processor.py:651} INFO - DAG(s) dict_keys(['tutorial']) retrieved from /home/airflow/.local/lib/python3.7/site-packages/airflow/example_dags/tutorial.py
[2022-08-25 00:22:50,539] {logging_mixin.py:115} INFO - [2022-08-25 00:22:50,539] {dag.py:2420} INFO - Sync 1 DAGs
[2022-08-25 00:22:50,567] {logging_mixin.py:115} INFO - [2022-08-25 00:22:50,567] {dag.py:2972} INFO - Setting next_dagrun for tutorial to 2022-08-24T00:22:50.567371+00:00, run_after=2022-08-25T00:22:50.567371+00:00
[2022-08-25 00:22:50,594] {processor.py:161} INFO - Processing /home/airflow/.local/lib/python3.7/site-packages/airflow/example_dags/tutorial.py took 0.099 seconds
[2022-08-25 00:23:20,982] {processor.py:153} INFO - Started process (PID=16151) to work on /home/airflow/.local/lib/python3.7/site-packages/airflow/example_dags/tutorial.py
[2022-08-25 00:23:20,983] {processor.py:641} INFO - Processing file /home/airflow/.local/lib/python3.7/site-packages/airflow/example_dags/tutorial.py for tasks to queue
[2022-08-25 00:23:20,984] {logging_mixin.py:115} INFO - [2022-08-25 00:23:20,984] {dagbag.py:508} INFO - Filling up the DagBag from /home/airflow/.local/lib/python3.7/site-packages/airflow/example_dags/tutorial.py
[2022-08-25 00:23:20,991] {processor.py:651} INFO - DAG(s) dict_keys(['tutorial']) retrieved from /home/airflow/.local/lib/python3.7/site-packages/airflow/example_dags/tutorial.py
[2022-08-25 00:23:21,027] {logging_mixin.py:115} INFO - [2022-08-25 00:23:21,027] {dag.py:2420} INFO - Sync 1 DAGs
[2022-08-25 00:23:21,063] {logging_mixin.py:115} INFO - [2022-08-25 00:23:21,063] {dag.py:2972} INFO - Setting next_dagrun for tutorial to 2022-08-24T00:23:21.063390+00:00, run_after=2022-08-25T00:23:21.063390+00:00
[2022-08-25 00:23:21,081] {processor.py:161} INFO - Processing /home/airflow/.local/lib/python3.7/site-packages/airflow/example_dags/tutorial.py took 0.104 seconds
[2022-08-25 00:23:51,974] {processor.py:153} INFO - Started process (PID=16345) to work on /home/airflow/.local/lib/python3.7/site-packages/airflow/example_dags/tutorial.py
[2022-08-25 00:23:51,975] {processor.py:641} INFO - Processing file /home/airflow/.local/lib/python3.7/site-packages/airflow/example_dags/tutorial.py for tasks to queue
[2022-08-25 00:23:51,976] {logging_mixin.py:115} INFO - [2022-08-25 00:23:51,976] {dagbag.py:508} INFO - Filling up the DagBag from /home/airflow/.local/lib/python3.7/site-packages/airflow/example_dags/tutorial.py
[2022-08-25 00:23:51,985] {processor.py:651} INFO - DAG(s) dict_keys(['tutorial']) retrieved from /home/airflow/.local/lib/python3.7/site-packages/airflow/example_dags/tutorial.py
[2022-08-25 00:23:52,027] {logging_mixin.py:115} INFO - [2022-08-25 00:23:52,027] {dag.py:2420} INFO - Sync 1 DAGs
[2022-08-25 00:23:52,062] {logging_mixin.py:115} INFO - [2022-08-25 00:23:52,062] {dag.py:2972} INFO - Setting next_dagrun for tutorial to 2022-08-24T00:23:52.062024+00:00, run_after=2022-08-25T00:23:52.062024+00:00
[2022-08-25 00:23:52,080] {processor.py:161} INFO - Processing /home/airflow/.local/lib/python3.7/site-packages/airflow/example_dags/tutorial.py took 0.111 seconds
[2022-08-25 00:24:22,637] {processor.py:153} INFO - Started process (PID=16548) to work on /home/airflow/.local/lib/python3.7/site-packages/airflow/example_dags/tutorial.py
[2022-08-25 00:24:22,638] {processor.py:641} INFO - Processing file /home/airflow/.local/lib/python3.7/site-packages/airflow/example_dags/tutorial.py for tasks to queue
[2022-08-25 00:24:22,639] {logging_mixin.py:115} INFO - [2022-08-25 00:24:22,639] {dagbag.py:508} INFO - Filling up the DagBag from /home/airflow/.local/lib/python3.7/site-packages/airflow/example_dags/tutorial.py
[2022-08-25 00:24:22,647] {processor.py:651} INFO - DAG(s) dict_keys(['tutorial']) retrieved from /home/airflow/.local/lib/python3.7/site-packages/airflow/example_dags/tutorial.py
[2022-08-25 00:24:22,683] {logging_mixin.py:115} INFO - [2022-08-25 00:24:22,683] {dag.py:2420} INFO - Sync 1 DAGs
[2022-08-25 00:24:22,718] {logging_mixin.py:115} INFO - [2022-08-25 00:24:22,718] {dag.py:2972} INFO - Setting next_dagrun for tutorial to 2022-08-24T00:24:22.717924+00:00, run_after=2022-08-25T00:24:22.717924+00:00
[2022-08-25 00:24:22,737] {processor.py:161} INFO - Processing /home/airflow/.local/lib/python3.7/site-packages/airflow/example_dags/tutorial.py took 0.105 seconds
[2022-08-25 00:24:53,168] {processor.py:153} INFO - Started process (PID=16743) to work on /home/airflow/.local/lib/python3.7/site-packages/airflow/example_dags/tutorial.py
[2022-08-25 00:24:53,168] {processor.py:641} INFO - Processing file /home/airflow/.local/lib/python3.7/site-packages/airflow/example_dags/tutorial.py for tasks to queue
[2022-08-25 00:24:53,169] {logging_mixin.py:115} INFO - [2022-08-25 00:24:53,169] {dagbag.py:508} INFO - Filling up the DagBag from /home/airflow/.local/lib/python3.7/site-packages/airflow/example_dags/tutorial.py
[2022-08-25 00:24:53,176] {processor.py:651} INFO - DAG(s) dict_keys(['tutorial']) retrieved from /home/airflow/.local/lib/python3.7/site-packages/airflow/example_dags/tutorial.py
[2022-08-25 00:24:53,212] {logging_mixin.py:115} INFO - [2022-08-25 00:24:53,212] {dag.py:2420} INFO - Sync 1 DAGs
[2022-08-25 00:24:53,250] {logging_mixin.py:115} INFO - [2022-08-25 00:24:53,250] {dag.py:2972} INFO - Setting next_dagrun for tutorial to 2022-08-24T00:24:53.249734+00:00, run_after=2022-08-25T00:24:53.249734+00:00
[2022-08-25 00:24:53,268] {processor.py:161} INFO - Processing /home/airflow/.local/lib/python3.7/site-packages/airflow/example_dags/tutorial.py took 0.104 seconds
[2022-08-25 00:25:23,693] {processor.py:153} INFO - Started process (PID=16946) to work on /home/airflow/.local/lib/python3.7/site-packages/airflow/example_dags/tutorial.py
[2022-08-25 00:25:23,694] {processor.py:641} INFO - Processing file /home/airflow/.local/lib/python3.7/site-packages/airflow/example_dags/tutorial.py for tasks to queue
[2022-08-25 00:25:23,695] {logging_mixin.py:115} INFO - [2022-08-25 00:25:23,695] {dagbag.py:508} INFO - Filling up the DagBag from /home/airflow/.local/lib/python3.7/site-packages/airflow/example_dags/tutorial.py
[2022-08-25 00:25:23,702] {processor.py:651} INFO - DAG(s) dict_keys(['tutorial']) retrieved from /home/airflow/.local/lib/python3.7/site-packages/airflow/example_dags/tutorial.py
[2022-08-25 00:25:23,737] {logging_mixin.py:115} INFO - [2022-08-25 00:25:23,737] {dag.py:2420} INFO - Sync 1 DAGs
[2022-08-25 00:25:23,774] {logging_mixin.py:115} INFO - [2022-08-25 00:25:23,774] {dag.py:2972} INFO - Setting next_dagrun for tutorial to 2022-08-24T00:25:23.774413+00:00, run_after=2022-08-25T00:25:23.774413+00:00
[2022-08-25 00:25:23,791] {processor.py:161} INFO - Processing /home/airflow/.local/lib/python3.7/site-packages/airflow/example_dags/tutorial.py took 0.102 seconds
[2022-08-25 00:25:54,094] {processor.py:153} INFO - Started process (PID=17140) to work on /home/airflow/.local/lib/python3.7/site-packages/airflow/example_dags/tutorial.py
[2022-08-25 00:25:54,095] {processor.py:641} INFO - Processing file /home/airflow/.local/lib/python3.7/site-packages/airflow/example_dags/tutorial.py for tasks to queue
[2022-08-25 00:25:54,096] {logging_mixin.py:115} INFO - [2022-08-25 00:25:54,095] {dagbag.py:508} INFO - Filling up the DagBag from /home/airflow/.local/lib/python3.7/site-packages/airflow/example_dags/tutorial.py
[2022-08-25 00:25:54,103] {processor.py:651} INFO - DAG(s) dict_keys(['tutorial']) retrieved from /home/airflow/.local/lib/python3.7/site-packages/airflow/example_dags/tutorial.py
[2022-08-25 00:25:54,143] {logging_mixin.py:115} INFO - [2022-08-25 00:25:54,142] {dag.py:2420} INFO - Sync 1 DAGs
[2022-08-25 00:25:54,180] {logging_mixin.py:115} INFO - [2022-08-25 00:25:54,180] {dag.py:2972} INFO - Setting next_dagrun for tutorial to 2022-08-24T00:25:54.180229+00:00, run_after=2022-08-25T00:25:54.180229+00:00
[2022-08-25 00:25:54,197] {processor.py:161} INFO - Processing /home/airflow/.local/lib/python3.7/site-packages/airflow/example_dags/tutorial.py took 0.106 seconds
[2022-08-25 00:26:24,790] {processor.py:153} INFO - Started process (PID=17343) to work on /home/airflow/.local/lib/python3.7/site-packages/airflow/example_dags/tutorial.py
[2022-08-25 00:26:24,791] {processor.py:641} INFO - Processing file /home/airflow/.local/lib/python3.7/site-packages/airflow/example_dags/tutorial.py for tasks to queue
[2022-08-25 00:26:24,792] {logging_mixin.py:115} INFO - [2022-08-25 00:26:24,792] {dagbag.py:508} INFO - Filling up the DagBag from /home/airflow/.local/lib/python3.7/site-packages/airflow/example_dags/tutorial.py
[2022-08-25 00:26:24,801] {processor.py:651} INFO - DAG(s) dict_keys(['tutorial']) retrieved from /home/airflow/.local/lib/python3.7/site-packages/airflow/example_dags/tutorial.py
[2022-08-25 00:26:24,844] {logging_mixin.py:115} INFO - [2022-08-25 00:26:24,844] {dag.py:2420} INFO - Sync 1 DAGs
[2022-08-25 00:26:24,881] {logging_mixin.py:115} INFO - [2022-08-25 00:26:24,881] {dag.py:2972} INFO - Setting next_dagrun for tutorial to 2022-08-24T00:26:24.880878+00:00, run_after=2022-08-25T00:26:24.880878+00:00
[2022-08-25 00:26:24,899] {processor.py:161} INFO - Processing /home/airflow/.local/lib/python3.7/site-packages/airflow/example_dags/tutorial.py took 0.113 seconds
[2022-08-25 00:26:55,269] {processor.py:153} INFO - Started process (PID=17537) to work on /home/airflow/.local/lib/python3.7/site-packages/airflow/example_dags/tutorial.py
[2022-08-25 00:26:55,270] {processor.py:641} INFO - Processing file /home/airflow/.local/lib/python3.7/site-packages/airflow/example_dags/tutorial.py for tasks to queue
[2022-08-25 00:26:55,271] {logging_mixin.py:115} INFO - [2022-08-25 00:26:55,271] {dagbag.py:508} INFO - Filling up the DagBag from /home/airflow/.local/lib/python3.7/site-packages/airflow/example_dags/tutorial.py
[2022-08-25 00:26:55,278] {processor.py:651} INFO - DAG(s) dict_keys(['tutorial']) retrieved from /home/airflow/.local/lib/python3.7/site-packages/airflow/example_dags/tutorial.py
[2022-08-25 00:26:55,311] {logging_mixin.py:115} INFO - [2022-08-25 00:26:55,311] {dag.py:2420} INFO - Sync 1 DAGs
[2022-08-25 00:26:55,347] {logging_mixin.py:115} INFO - [2022-08-25 00:26:55,347] {dag.py:2972} INFO - Setting next_dagrun for tutorial to 2022-08-24T00:26:55.347106+00:00, run_after=2022-08-25T00:26:55.347106+00:00
[2022-08-25 00:26:55,365] {processor.py:161} INFO - Processing /home/airflow/.local/lib/python3.7/site-packages/airflow/example_dags/tutorial.py took 0.099 seconds
[2022-08-25 00:27:26,039] {processor.py:153} INFO - Started process (PID=17742) to work on /home/airflow/.local/lib/python3.7/site-packages/airflow/example_dags/tutorial.py
[2022-08-25 00:27:26,040] {processor.py:641} INFO - Processing file /home/airflow/.local/lib/python3.7/site-packages/airflow/example_dags/tutorial.py for tasks to queue
[2022-08-25 00:27:26,041] {logging_mixin.py:115} INFO - [2022-08-25 00:27:26,040] {dagbag.py:508} INFO - Filling up the DagBag from /home/airflow/.local/lib/python3.7/site-packages/airflow/example_dags/tutorial.py
[2022-08-25 00:27:26,047] {processor.py:651} INFO - DAG(s) dict_keys(['tutorial']) retrieved from /home/airflow/.local/lib/python3.7/site-packages/airflow/example_dags/tutorial.py
[2022-08-25 00:27:26,081] {logging_mixin.py:115} INFO - [2022-08-25 00:27:26,081] {dag.py:2420} INFO - Sync 1 DAGs
[2022-08-25 00:27:26,116] {logging_mixin.py:115} INFO - [2022-08-25 00:27:26,116] {dag.py:2972} INFO - Setting next_dagrun for tutorial to 2022-08-24T00:27:26.115784+00:00, run_after=2022-08-25T00:27:26.115784+00:00
[2022-08-25 00:27:26,136] {processor.py:161} INFO - Processing /home/airflow/.local/lib/python3.7/site-packages/airflow/example_dags/tutorial.py took 0.100 seconds
[2022-08-25 00:27:56,676] {processor.py:153} INFO - Started process (PID=17940) to work on /home/airflow/.local/lib/python3.7/site-packages/airflow/example_dags/tutorial.py
[2022-08-25 00:27:56,678] {processor.py:641} INFO - Processing file /home/airflow/.local/lib/python3.7/site-packages/airflow/example_dags/tutorial.py for tasks to queue
[2022-08-25 00:27:56,679] {logging_mixin.py:115} INFO - [2022-08-25 00:27:56,679] {dagbag.py:508} INFO - Filling up the DagBag from /home/airflow/.local/lib/python3.7/site-packages/airflow/example_dags/tutorial.py
[2022-08-25 00:27:56,691] {processor.py:651} INFO - DAG(s) dict_keys(['tutorial']) retrieved from /home/airflow/.local/lib/python3.7/site-packages/airflow/example_dags/tutorial.py
[2022-08-25 00:27:56,731] {logging_mixin.py:115} INFO - [2022-08-25 00:27:56,731] {dag.py:2420} INFO - Sync 1 DAGs
[2022-08-25 00:27:56,772] {logging_mixin.py:115} INFO - [2022-08-25 00:27:56,772] {dag.py:2972} INFO - Setting next_dagrun for tutorial to 2022-08-24T00:27:56.771592+00:00, run_after=2022-08-25T00:27:56.771592+00:00
[2022-08-25 00:27:56,791] {processor.py:161} INFO - Processing /home/airflow/.local/lib/python3.7/site-packages/airflow/example_dags/tutorial.py took 0.121 seconds
[2022-08-25 00:28:27,119] {processor.py:153} INFO - Started process (PID=18137) to work on /home/airflow/.local/lib/python3.7/site-packages/airflow/example_dags/tutorial.py
[2022-08-25 00:28:27,120] {processor.py:641} INFO - Processing file /home/airflow/.local/lib/python3.7/site-packages/airflow/example_dags/tutorial.py for tasks to queue
[2022-08-25 00:28:27,121] {logging_mixin.py:115} INFO - [2022-08-25 00:28:27,121] {dagbag.py:508} INFO - Filling up the DagBag from /home/airflow/.local/lib/python3.7/site-packages/airflow/example_dags/tutorial.py
[2022-08-25 00:28:27,127] {processor.py:651} INFO - DAG(s) dict_keys(['tutorial']) retrieved from /home/airflow/.local/lib/python3.7/site-packages/airflow/example_dags/tutorial.py
[2022-08-25 00:28:27,163] {logging_mixin.py:115} INFO - [2022-08-25 00:28:27,163] {dag.py:2420} INFO - Sync 1 DAGs
[2022-08-25 00:28:27,196] {logging_mixin.py:115} INFO - [2022-08-25 00:28:27,196] {dag.py:2972} INFO - Setting next_dagrun for tutorial to 2022-08-24T00:28:27.196228+00:00, run_after=2022-08-25T00:28:27.196228+00:00
[2022-08-25 00:28:27,213] {processor.py:161} INFO - Processing /home/airflow/.local/lib/python3.7/site-packages/airflow/example_dags/tutorial.py took 0.098 seconds
[2022-08-25 00:28:57,978] {processor.py:153} INFO - Started process (PID=18338) to work on /home/airflow/.local/lib/python3.7/site-packages/airflow/example_dags/tutorial.py
[2022-08-25 00:28:57,980] {processor.py:641} INFO - Processing file /home/airflow/.local/lib/python3.7/site-packages/airflow/example_dags/tutorial.py for tasks to queue
[2022-08-25 00:28:57,981] {logging_mixin.py:115} INFO - [2022-08-25 00:28:57,981] {dagbag.py:508} INFO - Filling up the DagBag from /home/airflow/.local/lib/python3.7/site-packages/airflow/example_dags/tutorial.py
[2022-08-25 00:28:57,988] {processor.py:651} INFO - DAG(s) dict_keys(['tutorial']) retrieved from /home/airflow/.local/lib/python3.7/site-packages/airflow/example_dags/tutorial.py
[2022-08-25 00:28:58,032] {logging_mixin.py:115} INFO - [2022-08-25 00:28:58,032] {dag.py:2420} INFO - Sync 1 DAGs
[2022-08-25 00:28:58,081] {logging_mixin.py:115} INFO - [2022-08-25 00:28:58,081] {dag.py:2972} INFO - Setting next_dagrun for tutorial to 2022-08-24T00:28:58.080788+00:00, run_after=2022-08-25T00:28:58.080788+00:00
[2022-08-25 00:28:58,105] {processor.py:161} INFO - Processing /home/airflow/.local/lib/python3.7/site-packages/airflow/example_dags/tutorial.py took 0.132 seconds
[2022-08-25 00:29:28,245] {processor.py:153} INFO - Started process (PID=18534) to work on /home/airflow/.local/lib/python3.7/site-packages/airflow/example_dags/tutorial.py
[2022-08-25 00:29:28,246] {processor.py:641} INFO - Processing file /home/airflow/.local/lib/python3.7/site-packages/airflow/example_dags/tutorial.py for tasks to queue
[2022-08-25 00:29:28,247] {logging_mixin.py:115} INFO - [2022-08-25 00:29:28,247] {dagbag.py:508} INFO - Filling up the DagBag from /home/airflow/.local/lib/python3.7/site-packages/airflow/example_dags/tutorial.py
[2022-08-25 00:29:28,253] {processor.py:651} INFO - DAG(s) dict_keys(['tutorial']) retrieved from /home/airflow/.local/lib/python3.7/site-packages/airflow/example_dags/tutorial.py
[2022-08-25 00:29:28,286] {logging_mixin.py:115} INFO - [2022-08-25 00:29:28,286] {dag.py:2420} INFO - Sync 1 DAGs
[2022-08-25 00:29:28,317] {logging_mixin.py:115} INFO - [2022-08-25 00:29:28,317] {dag.py:2972} INFO - Setting next_dagrun for tutorial to 2022-08-24T00:29:28.316894+00:00, run_after=2022-08-25T00:29:28.316894+00:00
[2022-08-25 00:29:28,334] {processor.py:161} INFO - Processing /home/airflow/.local/lib/python3.7/site-packages/airflow/example_dags/tutorial.py took 0.092 seconds
[2022-08-25 00:29:58,907] {processor.py:153} INFO - Started process (PID=18737) to work on /home/airflow/.local/lib/python3.7/site-packages/airflow/example_dags/tutorial.py
[2022-08-25 00:29:58,908] {processor.py:641} INFO - Processing file /home/airflow/.local/lib/python3.7/site-packages/airflow/example_dags/tutorial.py for tasks to queue
[2022-08-25 00:29:58,908] {logging_mixin.py:115} INFO - [2022-08-25 00:29:58,908] {dagbag.py:508} INFO - Filling up the DagBag from /home/airflow/.local/lib/python3.7/site-packages/airflow/example_dags/tutorial.py
[2022-08-25 00:29:58,917] {processor.py:651} INFO - DAG(s) dict_keys(['tutorial']) retrieved from /home/airflow/.local/lib/python3.7/site-packages/airflow/example_dags/tutorial.py
[2022-08-25 00:29:58,956] {logging_mixin.py:115} INFO - [2022-08-25 00:29:58,956] {dag.py:2420} INFO - Sync 1 DAGs
[2022-08-25 00:29:58,990] {logging_mixin.py:115} INFO - [2022-08-25 00:29:58,990] {dag.py:2972} INFO - Setting next_dagrun for tutorial to 2022-08-24T00:29:58.990389+00:00, run_after=2022-08-25T00:29:58.990389+00:00
[2022-08-25 00:29:59,017] {processor.py:161} INFO - Processing /home/airflow/.local/lib/python3.7/site-packages/airflow/example_dags/tutorial.py took 0.114 seconds
[2022-08-25 00:30:29,405] {processor.py:153} INFO - Started process (PID=18931) to work on /home/airflow/.local/lib/python3.7/site-packages/airflow/example_dags/tutorial.py
[2022-08-25 00:30:29,405] {processor.py:641} INFO - Processing file /home/airflow/.local/lib/python3.7/site-packages/airflow/example_dags/tutorial.py for tasks to queue
[2022-08-25 00:30:29,406] {logging_mixin.py:115} INFO - [2022-08-25 00:30:29,406] {dagbag.py:508} INFO - Filling up the DagBag from /home/airflow/.local/lib/python3.7/site-packages/airflow/example_dags/tutorial.py
[2022-08-25 00:30:29,413] {processor.py:651} INFO - DAG(s) dict_keys(['tutorial']) retrieved from /home/airflow/.local/lib/python3.7/site-packages/airflow/example_dags/tutorial.py
[2022-08-25 00:30:29,449] {logging_mixin.py:115} INFO - [2022-08-25 00:30:29,449] {dag.py:2420} INFO - Sync 1 DAGs
[2022-08-25 00:30:29,481] {logging_mixin.py:115} INFO - [2022-08-25 00:30:29,481] {dag.py:2972} INFO - Setting next_dagrun for tutorial to 2022-08-24T00:30:29.481138+00:00, run_after=2022-08-25T00:30:29.481138+00:00
[2022-08-25 00:30:29,498] {processor.py:161} INFO - Processing /home/airflow/.local/lib/python3.7/site-packages/airflow/example_dags/tutorial.py took 0.097 seconds
[2022-08-25 00:30:59,856] {processor.py:153} INFO - Started process (PID=19132) to work on /home/airflow/.local/lib/python3.7/site-packages/airflow/example_dags/tutorial.py
[2022-08-25 00:30:59,857] {processor.py:641} INFO - Processing file /home/airflow/.local/lib/python3.7/site-packages/airflow/example_dags/tutorial.py for tasks to queue
[2022-08-25 00:30:59,858] {logging_mixin.py:115} INFO - [2022-08-25 00:30:59,858] {dagbag.py:508} INFO - Filling up the DagBag from /home/airflow/.local/lib/python3.7/site-packages/airflow/example_dags/tutorial.py
[2022-08-25 00:30:59,865] {processor.py:651} INFO - DAG(s) dict_keys(['tutorial']) retrieved from /home/airflow/.local/lib/python3.7/site-packages/airflow/example_dags/tutorial.py
[2022-08-25 00:30:59,903] {logging_mixin.py:115} INFO - [2022-08-25 00:30:59,903] {dag.py:2420} INFO - Sync 1 DAGs
[2022-08-25 00:30:59,938] {logging_mixin.py:115} INFO - [2022-08-25 00:30:59,938] {dag.py:2972} INFO - Setting next_dagrun for tutorial to 2022-08-24T00:30:59.938087+00:00, run_after=2022-08-25T00:30:59.938087+00:00
[2022-08-25 00:30:59,955] {processor.py:161} INFO - Processing /home/airflow/.local/lib/python3.7/site-packages/airflow/example_dags/tutorial.py took 0.105 seconds
[2022-08-25 00:31:30,511] {processor.py:153} INFO - Started process (PID=19330) to work on /home/airflow/.local/lib/python3.7/site-packages/airflow/example_dags/tutorial.py
[2022-08-25 00:31:30,512] {processor.py:641} INFO - Processing file /home/airflow/.local/lib/python3.7/site-packages/airflow/example_dags/tutorial.py for tasks to queue
[2022-08-25 00:31:30,513] {logging_mixin.py:115} INFO - [2022-08-25 00:31:30,513] {dagbag.py:508} INFO - Filling up the DagBag from /home/airflow/.local/lib/python3.7/site-packages/airflow/example_dags/tutorial.py
[2022-08-25 00:31:30,521] {processor.py:651} INFO - DAG(s) dict_keys(['tutorial']) retrieved from /home/airflow/.local/lib/python3.7/site-packages/airflow/example_dags/tutorial.py
[2022-08-25 00:31:30,555] {logging_mixin.py:115} INFO - [2022-08-25 00:31:30,555] {dag.py:2420} INFO - Sync 1 DAGs
[2022-08-25 00:31:30,589] {logging_mixin.py:115} INFO - [2022-08-25 00:31:30,588] {dag.py:2972} INFO - Setting next_dagrun for tutorial to 2022-08-24T00:31:30.588197+00:00, run_after=2022-08-25T00:31:30.588197+00:00
[2022-08-25 00:31:30,610] {processor.py:161} INFO - Processing /home/airflow/.local/lib/python3.7/site-packages/airflow/example_dags/tutorial.py took 0.102 seconds
[2022-08-25 00:32:00,836] {processor.py:153} INFO - Started process (PID=19531) to work on /home/airflow/.local/lib/python3.7/site-packages/airflow/example_dags/tutorial.py
[2022-08-25 00:32:00,837] {processor.py:641} INFO - Processing file /home/airflow/.local/lib/python3.7/site-packages/airflow/example_dags/tutorial.py for tasks to queue
[2022-08-25 00:32:00,837] {logging_mixin.py:115} INFO - [2022-08-25 00:32:00,837] {dagbag.py:508} INFO - Filling up the DagBag from /home/airflow/.local/lib/python3.7/site-packages/airflow/example_dags/tutorial.py
[2022-08-25 00:32:00,844] {processor.py:651} INFO - DAG(s) dict_keys(['tutorial']) retrieved from /home/airflow/.local/lib/python3.7/site-packages/airflow/example_dags/tutorial.py
[2022-08-25 00:32:00,878] {logging_mixin.py:115} INFO - [2022-08-25 00:32:00,878] {dag.py:2420} INFO - Sync 1 DAGs
[2022-08-25 00:32:00,908] {logging_mixin.py:115} INFO - [2022-08-25 00:32:00,908] {dag.py:2972} INFO - Setting next_dagrun for tutorial to 2022-08-24T00:32:00.907673+00:00, run_after=2022-08-25T00:32:00.907673+00:00
[2022-08-25 00:32:00,927] {processor.py:161} INFO - Processing /home/airflow/.local/lib/python3.7/site-packages/airflow/example_dags/tutorial.py took 0.094 seconds
[2022-08-25 00:32:31,408] {processor.py:153} INFO - Started process (PID=19727) to work on /home/airflow/.local/lib/python3.7/site-packages/airflow/example_dags/tutorial.py
[2022-08-25 00:32:31,409] {processor.py:641} INFO - Processing file /home/airflow/.local/lib/python3.7/site-packages/airflow/example_dags/tutorial.py for tasks to queue
[2022-08-25 00:32:31,410] {logging_mixin.py:115} INFO - [2022-08-25 00:32:31,410] {dagbag.py:508} INFO - Filling up the DagBag from /home/airflow/.local/lib/python3.7/site-packages/airflow/example_dags/tutorial.py
[2022-08-25 00:32:31,418] {processor.py:651} INFO - DAG(s) dict_keys(['tutorial']) retrieved from /home/airflow/.local/lib/python3.7/site-packages/airflow/example_dags/tutorial.py
[2022-08-25 00:32:31,454] {logging_mixin.py:115} INFO - [2022-08-25 00:32:31,454] {dag.py:2420} INFO - Sync 1 DAGs
[2022-08-25 00:32:31,485] {logging_mixin.py:115} INFO - [2022-08-25 00:32:31,485] {dag.py:2972} INFO - Setting next_dagrun for tutorial to 2022-08-24T00:32:31.485518+00:00, run_after=2022-08-25T00:32:31.485518+00:00
[2022-08-25 00:32:31,510] {processor.py:161} INFO - Processing /home/airflow/.local/lib/python3.7/site-packages/airflow/example_dags/tutorial.py took 0.105 seconds
[2022-08-25 00:33:01,890] {processor.py:153} INFO - Started process (PID=19929) to work on /home/airflow/.local/lib/python3.7/site-packages/airflow/example_dags/tutorial.py
[2022-08-25 00:33:01,891] {processor.py:641} INFO - Processing file /home/airflow/.local/lib/python3.7/site-packages/airflow/example_dags/tutorial.py for tasks to queue
[2022-08-25 00:33:01,893] {logging_mixin.py:115} INFO - [2022-08-25 00:33:01,892] {dagbag.py:508} INFO - Filling up the DagBag from /home/airflow/.local/lib/python3.7/site-packages/airflow/example_dags/tutorial.py
[2022-08-25 00:33:01,901] {processor.py:651} INFO - DAG(s) dict_keys(['tutorial']) retrieved from /home/airflow/.local/lib/python3.7/site-packages/airflow/example_dags/tutorial.py
[2022-08-25 00:33:01,937] {logging_mixin.py:115} INFO - [2022-08-25 00:33:01,937] {dag.py:2420} INFO - Sync 1 DAGs
[2022-08-25 00:33:01,970] {logging_mixin.py:115} INFO - [2022-08-25 00:33:01,969] {dag.py:2972} INFO - Setting next_dagrun for tutorial to 2022-08-24T00:33:01.969575+00:00, run_after=2022-08-25T00:33:01.969575+00:00
[2022-08-25 00:33:01,988] {processor.py:161} INFO - Processing /home/airflow/.local/lib/python3.7/site-packages/airflow/example_dags/tutorial.py took 0.104 seconds
[2022-08-25 00:33:32,530] {processor.py:153} INFO - Started process (PID=20123) to work on /home/airflow/.local/lib/python3.7/site-packages/airflow/example_dags/tutorial.py
[2022-08-25 00:33:32,531] {processor.py:641} INFO - Processing file /home/airflow/.local/lib/python3.7/site-packages/airflow/example_dags/tutorial.py for tasks to queue
[2022-08-25 00:33:32,532] {logging_mixin.py:115} INFO - [2022-08-25 00:33:32,532] {dagbag.py:508} INFO - Filling up the DagBag from /home/airflow/.local/lib/python3.7/site-packages/airflow/example_dags/tutorial.py
[2022-08-25 00:33:32,540] {processor.py:651} INFO - DAG(s) dict_keys(['tutorial']) retrieved from /home/airflow/.local/lib/python3.7/site-packages/airflow/example_dags/tutorial.py
[2022-08-25 00:33:32,575] {logging_mixin.py:115} INFO - [2022-08-25 00:33:32,575] {dag.py:2420} INFO - Sync 1 DAGs
[2022-08-25 00:33:32,607] {logging_mixin.py:115} INFO - [2022-08-25 00:33:32,606] {dag.py:2972} INFO - Setting next_dagrun for tutorial to 2022-08-24T00:33:32.606542+00:00, run_after=2022-08-25T00:33:32.606542+00:00
[2022-08-25 00:33:32,624] {processor.py:161} INFO - Processing /home/airflow/.local/lib/python3.7/site-packages/airflow/example_dags/tutorial.py took 0.098 seconds
[2022-08-25 00:34:03,058] {processor.py:153} INFO - Started process (PID=20327) to work on /home/airflow/.local/lib/python3.7/site-packages/airflow/example_dags/tutorial.py
[2022-08-25 00:34:03,059] {processor.py:641} INFO - Processing file /home/airflow/.local/lib/python3.7/site-packages/airflow/example_dags/tutorial.py for tasks to queue
[2022-08-25 00:34:03,060] {logging_mixin.py:115} INFO - [2022-08-25 00:34:03,060] {dagbag.py:508} INFO - Filling up the DagBag from /home/airflow/.local/lib/python3.7/site-packages/airflow/example_dags/tutorial.py
[2022-08-25 00:34:03,071] {processor.py:651} INFO - DAG(s) dict_keys(['tutorial']) retrieved from /home/airflow/.local/lib/python3.7/site-packages/airflow/example_dags/tutorial.py
[2022-08-25 00:34:03,112] {logging_mixin.py:115} INFO - [2022-08-25 00:34:03,112] {dag.py:2420} INFO - Sync 1 DAGs
[2022-08-25 00:34:03,145] {logging_mixin.py:115} INFO - [2022-08-25 00:34:03,145] {dag.py:2972} INFO - Setting next_dagrun for tutorial to 2022-08-24T00:34:03.145477+00:00, run_after=2022-08-25T00:34:03.145477+00:00
[2022-08-25 00:34:03,164] {processor.py:161} INFO - Processing /home/airflow/.local/lib/python3.7/site-packages/airflow/example_dags/tutorial.py took 0.111 seconds
[2022-08-25 00:34:33,624] {processor.py:153} INFO - Started process (PID=20521) to work on /home/airflow/.local/lib/python3.7/site-packages/airflow/example_dags/tutorial.py
[2022-08-25 00:34:33,625] {processor.py:641} INFO - Processing file /home/airflow/.local/lib/python3.7/site-packages/airflow/example_dags/tutorial.py for tasks to queue
[2022-08-25 00:34:33,626] {logging_mixin.py:115} INFO - [2022-08-25 00:34:33,625] {dagbag.py:508} INFO - Filling up the DagBag from /home/airflow/.local/lib/python3.7/site-packages/airflow/example_dags/tutorial.py
[2022-08-25 00:34:33,633] {processor.py:651} INFO - DAG(s) dict_keys(['tutorial']) retrieved from /home/airflow/.local/lib/python3.7/site-packages/airflow/example_dags/tutorial.py
[2022-08-25 00:34:33,670] {logging_mixin.py:115} INFO - [2022-08-25 00:34:33,669] {dag.py:2420} INFO - Sync 1 DAGs
[2022-08-25 00:34:33,706] {logging_mixin.py:115} INFO - [2022-08-25 00:34:33,706] {dag.py:2972} INFO - Setting next_dagrun for tutorial to 2022-08-24T00:34:33.706042+00:00, run_after=2022-08-25T00:34:33.706042+00:00
[2022-08-25 00:34:33,723] {processor.py:161} INFO - Processing /home/airflow/.local/lib/python3.7/site-packages/airflow/example_dags/tutorial.py took 0.104 seconds
[2022-08-25 00:35:03,983] {processor.py:153} INFO - Started process (PID=20726) to work on /home/airflow/.local/lib/python3.7/site-packages/airflow/example_dags/tutorial.py
[2022-08-25 00:35:03,984] {processor.py:641} INFO - Processing file /home/airflow/.local/lib/python3.7/site-packages/airflow/example_dags/tutorial.py for tasks to queue
[2022-08-25 00:35:03,985] {logging_mixin.py:115} INFO - [2022-08-25 00:35:03,985] {dagbag.py:508} INFO - Filling up the DagBag from /home/airflow/.local/lib/python3.7/site-packages/airflow/example_dags/tutorial.py
[2022-08-25 00:35:03,993] {processor.py:651} INFO - DAG(s) dict_keys(['tutorial']) retrieved from /home/airflow/.local/lib/python3.7/site-packages/airflow/example_dags/tutorial.py
[2022-08-25 00:35:04,031] {logging_mixin.py:115} INFO - [2022-08-25 00:35:04,031] {dag.py:2420} INFO - Sync 1 DAGs
[2022-08-25 00:35:04,064] {logging_mixin.py:115} INFO - [2022-08-25 00:35:04,064] {dag.py:2972} INFO - Setting next_dagrun for tutorial to 2022-08-24T00:35:04.064074+00:00, run_after=2022-08-25T00:35:04.064074+00:00
[2022-08-25 00:35:04,082] {processor.py:161} INFO - Processing /home/airflow/.local/lib/python3.7/site-packages/airflow/example_dags/tutorial.py took 0.105 seconds
[2022-08-25 00:35:34,365] {processor.py:153} INFO - Started process (PID=20921) to work on /home/airflow/.local/lib/python3.7/site-packages/airflow/example_dags/tutorial.py
[2022-08-25 00:35:34,366] {processor.py:641} INFO - Processing file /home/airflow/.local/lib/python3.7/site-packages/airflow/example_dags/tutorial.py for tasks to queue
[2022-08-25 00:35:34,367] {logging_mixin.py:115} INFO - [2022-08-25 00:35:34,367] {dagbag.py:508} INFO - Filling up the DagBag from /home/airflow/.local/lib/python3.7/site-packages/airflow/example_dags/tutorial.py
[2022-08-25 00:35:34,374] {processor.py:651} INFO - DAG(s) dict_keys(['tutorial']) retrieved from /home/airflow/.local/lib/python3.7/site-packages/airflow/example_dags/tutorial.py
[2022-08-25 00:35:34,407] {logging_mixin.py:115} INFO - [2022-08-25 00:35:34,407] {dag.py:2420} INFO - Sync 1 DAGs
[2022-08-25 00:35:34,434] {logging_mixin.py:115} INFO - [2022-08-25 00:35:34,434] {dag.py:2972} INFO - Setting next_dagrun for tutorial to 2022-08-24T00:35:34.434169+00:00, run_after=2022-08-25T00:35:34.434169+00:00
[2022-08-25 00:35:34,463] {processor.py:161} INFO - Processing /home/airflow/.local/lib/python3.7/site-packages/airflow/example_dags/tutorial.py took 0.101 seconds
[2022-08-25 00:36:04,951] {processor.py:153} INFO - Started process (PID=21122) to work on /home/airflow/.local/lib/python3.7/site-packages/airflow/example_dags/tutorial.py
[2022-08-25 00:36:04,953] {processor.py:641} INFO - Processing file /home/airflow/.local/lib/python3.7/site-packages/airflow/example_dags/tutorial.py for tasks to queue
[2022-08-25 00:36:04,954] {logging_mixin.py:115} INFO - [2022-08-25 00:36:04,953] {dagbag.py:508} INFO - Filling up the DagBag from /home/airflow/.local/lib/python3.7/site-packages/airflow/example_dags/tutorial.py
[2022-08-25 00:36:04,962] {processor.py:651} INFO - DAG(s) dict_keys(['tutorial']) retrieved from /home/airflow/.local/lib/python3.7/site-packages/airflow/example_dags/tutorial.py
[2022-08-25 00:36:04,998] {logging_mixin.py:115} INFO - [2022-08-25 00:36:04,997] {dag.py:2420} INFO - Sync 1 DAGs
[2022-08-25 00:36:05,037] {logging_mixin.py:115} INFO - [2022-08-25 00:36:05,037] {dag.py:2972} INFO - Setting next_dagrun for tutorial to 2022-08-24T00:36:05.037392+00:00, run_after=2022-08-25T00:36:05.037392+00:00
[2022-08-25 00:36:05,058] {processor.py:161} INFO - Processing /home/airflow/.local/lib/python3.7/site-packages/airflow/example_dags/tutorial.py took 0.111 seconds
[2022-08-25 01:25:49,174] {processor.py:153} INFO - Started process (PID=21334) to work on /home/airflow/.local/lib/python3.7/site-packages/airflow/example_dags/tutorial.py
[2022-08-25 01:25:49,175] {processor.py:641} INFO - Processing file /home/airflow/.local/lib/python3.7/site-packages/airflow/example_dags/tutorial.py for tasks to queue
[2022-08-25 01:25:49,175] {logging_mixin.py:115} INFO - [2022-08-25 01:25:49,175] {dagbag.py:508} INFO - Filling up the DagBag from /home/airflow/.local/lib/python3.7/site-packages/airflow/example_dags/tutorial.py
[2022-08-25 01:25:49,180] {processor.py:651} INFO - DAG(s) dict_keys(['tutorial']) retrieved from /home/airflow/.local/lib/python3.7/site-packages/airflow/example_dags/tutorial.py
[2022-08-25 01:25:49,207] {logging_mixin.py:115} INFO - [2022-08-25 01:25:49,207] {dag.py:2420} INFO - Sync 1 DAGs
[2022-08-25 01:25:49,231] {logging_mixin.py:115} INFO - [2022-08-25 01:25:49,231] {dag.py:2972} INFO - Setting next_dagrun for tutorial to 2022-08-24T01:25:49.230740+00:00, run_after=2022-08-25T01:25:49.230740+00:00
[2022-08-25 01:25:49,268] {processor.py:161} INFO - Processing /home/airflow/.local/lib/python3.7/site-packages/airflow/example_dags/tutorial.py took 0.098 seconds
[2022-08-25 01:26:19,556] {processor.py:153} INFO - Started process (PID=21529) to work on /home/airflow/.local/lib/python3.7/site-packages/airflow/example_dags/tutorial.py
[2022-08-25 01:26:19,557] {processor.py:641} INFO - Processing file /home/airflow/.local/lib/python3.7/site-packages/airflow/example_dags/tutorial.py for tasks to queue
[2022-08-25 01:26:19,558] {logging_mixin.py:115} INFO - [2022-08-25 01:26:19,557] {dagbag.py:508} INFO - Filling up the DagBag from /home/airflow/.local/lib/python3.7/site-packages/airflow/example_dags/tutorial.py
[2022-08-25 01:26:19,562] {processor.py:651} INFO - DAG(s) dict_keys(['tutorial']) retrieved from /home/airflow/.local/lib/python3.7/site-packages/airflow/example_dags/tutorial.py
[2022-08-25 01:26:19,587] {logging_mixin.py:115} INFO - [2022-08-25 01:26:19,587] {dag.py:2420} INFO - Sync 1 DAGs
[2022-08-25 01:26:19,610] {logging_mixin.py:115} INFO - [2022-08-25 01:26:19,610] {dag.py:2972} INFO - Setting next_dagrun for tutorial to 2022-08-24T01:26:19.610351+00:00, run_after=2022-08-25T01:26:19.610351+00:00
[2022-08-25 01:26:19,628] {processor.py:161} INFO - Processing /home/airflow/.local/lib/python3.7/site-packages/airflow/example_dags/tutorial.py took 0.075 seconds
[2022-08-25 01:26:50,290] {processor.py:153} INFO - Started process (PID=21732) to work on /home/airflow/.local/lib/python3.7/site-packages/airflow/example_dags/tutorial.py
[2022-08-25 01:26:50,291] {processor.py:641} INFO - Processing file /home/airflow/.local/lib/python3.7/site-packages/airflow/example_dags/tutorial.py for tasks to queue
[2022-08-25 01:26:50,292] {logging_mixin.py:115} INFO - [2022-08-25 01:26:50,291] {dagbag.py:508} INFO - Filling up the DagBag from /home/airflow/.local/lib/python3.7/site-packages/airflow/example_dags/tutorial.py
[2022-08-25 01:26:50,297] {processor.py:651} INFO - DAG(s) dict_keys(['tutorial']) retrieved from /home/airflow/.local/lib/python3.7/site-packages/airflow/example_dags/tutorial.py
[2022-08-25 01:26:50,328] {logging_mixin.py:115} INFO - [2022-08-25 01:26:50,327] {dag.py:2420} INFO - Sync 1 DAGs
[2022-08-25 01:26:50,354] {logging_mixin.py:115} INFO - [2022-08-25 01:26:50,354] {dag.py:2972} INFO - Setting next_dagrun for tutorial to 2022-08-24T01:26:50.354282+00:00, run_after=2022-08-25T01:26:50.354282+00:00
[2022-08-25 01:26:50,371] {processor.py:161} INFO - Processing /home/airflow/.local/lib/python3.7/site-packages/airflow/example_dags/tutorial.py took 0.085 seconds
[2022-08-25 01:27:21,390] {processor.py:153} INFO - Started process (PID=21935) to work on /home/airflow/.local/lib/python3.7/site-packages/airflow/example_dags/tutorial.py
[2022-08-25 01:27:21,391] {processor.py:641} INFO - Processing file /home/airflow/.local/lib/python3.7/site-packages/airflow/example_dags/tutorial.py for tasks to queue
[2022-08-25 01:27:21,392] {logging_mixin.py:115} INFO - [2022-08-25 01:27:21,392] {dagbag.py:508} INFO - Filling up the DagBag from /home/airflow/.local/lib/python3.7/site-packages/airflow/example_dags/tutorial.py
[2022-08-25 01:27:21,400] {processor.py:651} INFO - DAG(s) dict_keys(['tutorial']) retrieved from /home/airflow/.local/lib/python3.7/site-packages/airflow/example_dags/tutorial.py
[2022-08-25 01:27:21,442] {logging_mixin.py:115} INFO - [2022-08-25 01:27:21,441] {dag.py:2420} INFO - Sync 1 DAGs
[2022-08-25 01:27:21,490] {logging_mixin.py:115} INFO - [2022-08-25 01:27:21,489] {dag.py:2972} INFO - Setting next_dagrun for tutorial to 2022-08-24T01:27:21.489319+00:00, run_after=2022-08-25T01:27:21.489319+00:00
[2022-08-25 01:27:21,517] {processor.py:161} INFO - Processing /home/airflow/.local/lib/python3.7/site-packages/airflow/example_dags/tutorial.py took 0.132 seconds
