[2022-07-27 00:42:12,073] {processor.py:153} INFO - Started process (PID=16507) to work on /home/airflow/.local/lib/python3.7/site-packages/airflow/example_dags/example_time_delta_sensor_async.py
[2022-07-27 00:42:12,074] {processor.py:641} INFO - Processing file /home/airflow/.local/lib/python3.7/site-packages/airflow/example_dags/example_time_delta_sensor_async.py for tasks to queue
[2022-07-27 00:42:12,075] {logging_mixin.py:115} INFO - [2022-07-27 00:42:12,075] {dagbag.py:508} INFO - Filling up the DagBag from /home/airflow/.local/lib/python3.7/site-packages/airflow/example_dags/example_time_delta_sensor_async.py
[2022-07-27 00:42:12,082] {processor.py:651} INFO - DAG(s) dict_keys(['example_time_delta_sensor_async']) retrieved from /home/airflow/.local/lib/python3.7/site-packages/airflow/example_dags/example_time_delta_sensor_async.py
[2022-07-27 00:42:12,136] {logging_mixin.py:115} INFO - [2022-07-27 00:42:12,136] {dag.py:2420} INFO - Sync 1 DAGs
[2022-07-27 00:42:12,178] {logging_mixin.py:115} INFO - [2022-07-27 00:42:12,178] {dag.py:2972} INFO - Setting next_dagrun for example_time_delta_sensor_async to None, run_after=None
[2022-07-27 00:42:12,197] {processor.py:161} INFO - Processing /home/airflow/.local/lib/python3.7/site-packages/airflow/example_dags/example_time_delta_sensor_async.py took 0.127 seconds
[2022-07-27 03:23:23,153] {processor.py:153} INFO - Started process (PID=16709) to work on /home/airflow/.local/lib/python3.7/site-packages/airflow/example_dags/example_time_delta_sensor_async.py
[2022-07-27 03:23:23,155] {processor.py:641} INFO - Processing file /home/airflow/.local/lib/python3.7/site-packages/airflow/example_dags/example_time_delta_sensor_async.py for tasks to queue
[2022-07-27 03:23:23,156] {logging_mixin.py:115} INFO - [2022-07-27 03:23:23,156] {dagbag.py:508} INFO - Filling up the DagBag from /home/airflow/.local/lib/python3.7/site-packages/airflow/example_dags/example_time_delta_sensor_async.py
[2022-07-27 03:23:23,166] {processor.py:651} INFO - DAG(s) dict_keys(['example_time_delta_sensor_async']) retrieved from /home/airflow/.local/lib/python3.7/site-packages/airflow/example_dags/example_time_delta_sensor_async.py
[2022-07-27 03:23:23,283] {logging_mixin.py:115} INFO - [2022-07-27 03:23:23,283] {dag.py:2420} INFO - Sync 1 DAGs
[2022-07-27 03:23:23,341] {logging_mixin.py:115} INFO - [2022-07-27 03:23:23,341] {dag.py:2972} INFO - Setting next_dagrun for example_time_delta_sensor_async to None, run_after=None
[2022-07-27 03:23:23,368] {processor.py:161} INFO - Processing /home/airflow/.local/lib/python3.7/site-packages/airflow/example_dags/example_time_delta_sensor_async.py took 0.220 seconds
[2022-07-27 03:23:53,417] {processor.py:153} INFO - Started process (PID=16903) to work on /home/airflow/.local/lib/python3.7/site-packages/airflow/example_dags/example_time_delta_sensor_async.py
[2022-07-27 03:23:53,418] {processor.py:641} INFO - Processing file /home/airflow/.local/lib/python3.7/site-packages/airflow/example_dags/example_time_delta_sensor_async.py for tasks to queue
[2022-07-27 03:23:53,419] {logging_mixin.py:115} INFO - [2022-07-27 03:23:53,419] {dagbag.py:508} INFO - Filling up the DagBag from /home/airflow/.local/lib/python3.7/site-packages/airflow/example_dags/example_time_delta_sensor_async.py
[2022-07-27 03:23:53,423] {processor.py:651} INFO - DAG(s) dict_keys(['example_time_delta_sensor_async']) retrieved from /home/airflow/.local/lib/python3.7/site-packages/airflow/example_dags/example_time_delta_sensor_async.py
[2022-07-27 03:23:53,471] {logging_mixin.py:115} INFO - [2022-07-27 03:23:53,471] {dag.py:2420} INFO - Sync 1 DAGs
[2022-07-27 03:23:53,495] {logging_mixin.py:115} INFO - [2022-07-27 03:23:53,495] {dag.py:2972} INFO - Setting next_dagrun for example_time_delta_sensor_async to None, run_after=None
[2022-07-27 03:23:53,512] {processor.py:161} INFO - Processing /home/airflow/.local/lib/python3.7/site-packages/airflow/example_dags/example_time_delta_sensor_async.py took 0.097 seconds
[2022-07-27 03:24:24,153] {processor.py:153} INFO - Started process (PID=17109) to work on /home/airflow/.local/lib/python3.7/site-packages/airflow/example_dags/example_time_delta_sensor_async.py
[2022-07-27 03:24:24,154] {processor.py:641} INFO - Processing file /home/airflow/.local/lib/python3.7/site-packages/airflow/example_dags/example_time_delta_sensor_async.py for tasks to queue
[2022-07-27 03:24:24,154] {logging_mixin.py:115} INFO - [2022-07-27 03:24:24,154] {dagbag.py:508} INFO - Filling up the DagBag from /home/airflow/.local/lib/python3.7/site-packages/airflow/example_dags/example_time_delta_sensor_async.py
[2022-07-27 03:24:24,160] {processor.py:651} INFO - DAG(s) dict_keys(['example_time_delta_sensor_async']) retrieved from /home/airflow/.local/lib/python3.7/site-packages/airflow/example_dags/example_time_delta_sensor_async.py
[2022-07-27 03:24:24,214] {logging_mixin.py:115} INFO - [2022-07-27 03:24:24,214] {dag.py:2420} INFO - Sync 1 DAGs
[2022-07-27 03:24:24,244] {logging_mixin.py:115} INFO - [2022-07-27 03:24:24,244] {dag.py:2972} INFO - Setting next_dagrun for example_time_delta_sensor_async to None, run_after=None
[2022-07-27 03:24:24,263] {processor.py:161} INFO - Processing /home/airflow/.local/lib/python3.7/site-packages/airflow/example_dags/example_time_delta_sensor_async.py took 0.114 seconds
[2022-07-27 03:24:54,501] {processor.py:153} INFO - Started process (PID=17305) to work on /home/airflow/.local/lib/python3.7/site-packages/airflow/example_dags/example_time_delta_sensor_async.py
[2022-07-27 03:24:54,502] {processor.py:641} INFO - Processing file /home/airflow/.local/lib/python3.7/site-packages/airflow/example_dags/example_time_delta_sensor_async.py for tasks to queue
[2022-07-27 03:24:54,503] {logging_mixin.py:115} INFO - [2022-07-27 03:24:54,503] {dagbag.py:508} INFO - Filling up the DagBag from /home/airflow/.local/lib/python3.7/site-packages/airflow/example_dags/example_time_delta_sensor_async.py
[2022-07-27 03:24:54,511] {processor.py:651} INFO - DAG(s) dict_keys(['example_time_delta_sensor_async']) retrieved from /home/airflow/.local/lib/python3.7/site-packages/airflow/example_dags/example_time_delta_sensor_async.py
[2022-07-27 03:24:54,574] {logging_mixin.py:115} INFO - [2022-07-27 03:24:54,573] {dag.py:2420} INFO - Sync 1 DAGs
[2022-07-27 03:24:54,603] {logging_mixin.py:115} INFO - [2022-07-27 03:24:54,603] {dag.py:2972} INFO - Setting next_dagrun for example_time_delta_sensor_async to None, run_after=None
[2022-07-27 03:24:54,620] {processor.py:161} INFO - Processing /home/airflow/.local/lib/python3.7/site-packages/airflow/example_dags/example_time_delta_sensor_async.py took 0.122 seconds
[2022-07-27 03:25:24,711] {processor.py:153} INFO - Started process (PID=17506) to work on /home/airflow/.local/lib/python3.7/site-packages/airflow/example_dags/example_time_delta_sensor_async.py
[2022-07-27 03:25:24,712] {processor.py:641} INFO - Processing file /home/airflow/.local/lib/python3.7/site-packages/airflow/example_dags/example_time_delta_sensor_async.py for tasks to queue
[2022-07-27 03:25:24,712] {logging_mixin.py:115} INFO - [2022-07-27 03:25:24,712] {dagbag.py:508} INFO - Filling up the DagBag from /home/airflow/.local/lib/python3.7/site-packages/airflow/example_dags/example_time_delta_sensor_async.py
[2022-07-27 03:25:24,718] {processor.py:651} INFO - DAG(s) dict_keys(['example_time_delta_sensor_async']) retrieved from /home/airflow/.local/lib/python3.7/site-packages/airflow/example_dags/example_time_delta_sensor_async.py
[2022-07-27 03:25:24,782] {logging_mixin.py:115} INFO - [2022-07-27 03:25:24,781] {dag.py:2420} INFO - Sync 1 DAGs
[2022-07-27 03:25:24,814] {logging_mixin.py:115} INFO - [2022-07-27 03:25:24,814] {dag.py:2972} INFO - Setting next_dagrun for example_time_delta_sensor_async to None, run_after=None
[2022-07-27 03:25:24,834] {processor.py:161} INFO - Processing /home/airflow/.local/lib/python3.7/site-packages/airflow/example_dags/example_time_delta_sensor_async.py took 0.127 seconds
[2022-07-27 03:25:55,879] {processor.py:153} INFO - Started process (PID=17702) to work on /home/airflow/.local/lib/python3.7/site-packages/airflow/example_dags/example_time_delta_sensor_async.py
[2022-07-27 03:25:55,880] {processor.py:641} INFO - Processing file /home/airflow/.local/lib/python3.7/site-packages/airflow/example_dags/example_time_delta_sensor_async.py for tasks to queue
[2022-07-27 03:25:55,881] {logging_mixin.py:115} INFO - [2022-07-27 03:25:55,881] {dagbag.py:508} INFO - Filling up the DagBag from /home/airflow/.local/lib/python3.7/site-packages/airflow/example_dags/example_time_delta_sensor_async.py
[2022-07-27 03:25:55,886] {processor.py:651} INFO - DAG(s) dict_keys(['example_time_delta_sensor_async']) retrieved from /home/airflow/.local/lib/python3.7/site-packages/airflow/example_dags/example_time_delta_sensor_async.py
[2022-07-27 03:25:55,937] {logging_mixin.py:115} INFO - [2022-07-27 03:25:55,937] {dag.py:2420} INFO - Sync 1 DAGs
[2022-07-27 03:25:55,964] {logging_mixin.py:115} INFO - [2022-07-27 03:25:55,964] {dag.py:2972} INFO - Setting next_dagrun for example_time_delta_sensor_async to None, run_after=None
[2022-07-27 03:25:55,979] {processor.py:161} INFO - Processing /home/airflow/.local/lib/python3.7/site-packages/airflow/example_dags/example_time_delta_sensor_async.py took 0.103 seconds
[2022-07-27 03:26:26,735] {processor.py:153} INFO - Started process (PID=17906) to work on /home/airflow/.local/lib/python3.7/site-packages/airflow/example_dags/example_time_delta_sensor_async.py
[2022-07-27 03:26:26,736] {processor.py:641} INFO - Processing file /home/airflow/.local/lib/python3.7/site-packages/airflow/example_dags/example_time_delta_sensor_async.py for tasks to queue
[2022-07-27 03:26:26,737] {logging_mixin.py:115} INFO - [2022-07-27 03:26:26,737] {dagbag.py:508} INFO - Filling up the DagBag from /home/airflow/.local/lib/python3.7/site-packages/airflow/example_dags/example_time_delta_sensor_async.py
[2022-07-27 03:26:26,743] {processor.py:651} INFO - DAG(s) dict_keys(['example_time_delta_sensor_async']) retrieved from /home/airflow/.local/lib/python3.7/site-packages/airflow/example_dags/example_time_delta_sensor_async.py
[2022-07-27 03:26:26,798] {logging_mixin.py:115} INFO - [2022-07-27 03:26:26,798] {dag.py:2420} INFO - Sync 1 DAGs
[2022-07-27 03:26:26,826] {logging_mixin.py:115} INFO - [2022-07-27 03:26:26,826] {dag.py:2972} INFO - Setting next_dagrun for example_time_delta_sensor_async to None, run_after=None
[2022-07-27 03:26:26,843] {processor.py:161} INFO - Processing /home/airflow/.local/lib/python3.7/site-packages/airflow/example_dags/example_time_delta_sensor_async.py took 0.110 seconds
[2022-07-27 03:26:57,877] {processor.py:153} INFO - Started process (PID=18106) to work on /home/airflow/.local/lib/python3.7/site-packages/airflow/example_dags/example_time_delta_sensor_async.py
[2022-07-27 03:26:57,878] {processor.py:641} INFO - Processing file /home/airflow/.local/lib/python3.7/site-packages/airflow/example_dags/example_time_delta_sensor_async.py for tasks to queue
[2022-07-27 03:26:57,879] {logging_mixin.py:115} INFO - [2022-07-27 03:26:57,879] {dagbag.py:508} INFO - Filling up the DagBag from /home/airflow/.local/lib/python3.7/site-packages/airflow/example_dags/example_time_delta_sensor_async.py
[2022-07-27 03:26:57,885] {processor.py:651} INFO - DAG(s) dict_keys(['example_time_delta_sensor_async']) retrieved from /home/airflow/.local/lib/python3.7/site-packages/airflow/example_dags/example_time_delta_sensor_async.py
[2022-07-27 03:26:57,949] {logging_mixin.py:115} INFO - [2022-07-27 03:26:57,949] {dag.py:2420} INFO - Sync 1 DAGs
[2022-07-27 03:26:57,978] {logging_mixin.py:115} INFO - [2022-07-27 03:26:57,978] {dag.py:2972} INFO - Setting next_dagrun for example_time_delta_sensor_async to None, run_after=None
[2022-07-27 03:26:57,993] {processor.py:161} INFO - Processing /home/airflow/.local/lib/python3.7/site-packages/airflow/example_dags/example_time_delta_sensor_async.py took 0.120 seconds
[2022-07-27 03:27:28,421] {processor.py:153} INFO - Started process (PID=18304) to work on /home/airflow/.local/lib/python3.7/site-packages/airflow/example_dags/example_time_delta_sensor_async.py
[2022-07-27 03:27:28,422] {processor.py:641} INFO - Processing file /home/airflow/.local/lib/python3.7/site-packages/airflow/example_dags/example_time_delta_sensor_async.py for tasks to queue
[2022-07-27 03:27:28,422] {logging_mixin.py:115} INFO - [2022-07-27 03:27:28,422] {dagbag.py:508} INFO - Filling up the DagBag from /home/airflow/.local/lib/python3.7/site-packages/airflow/example_dags/example_time_delta_sensor_async.py
[2022-07-27 03:27:28,428] {processor.py:651} INFO - DAG(s) dict_keys(['example_time_delta_sensor_async']) retrieved from /home/airflow/.local/lib/python3.7/site-packages/airflow/example_dags/example_time_delta_sensor_async.py
[2022-07-27 03:27:28,484] {logging_mixin.py:115} INFO - [2022-07-27 03:27:28,484] {dag.py:2420} INFO - Sync 1 DAGs
[2022-07-27 03:27:28,510] {logging_mixin.py:115} INFO - [2022-07-27 03:27:28,510] {dag.py:2972} INFO - Setting next_dagrun for example_time_delta_sensor_async to None, run_after=None
[2022-07-27 03:27:28,526] {processor.py:161} INFO - Processing /home/airflow/.local/lib/python3.7/site-packages/airflow/example_dags/example_time_delta_sensor_async.py took 0.109 seconds
[2022-07-27 03:27:58,880] {processor.py:153} INFO - Started process (PID=18503) to work on /home/airflow/.local/lib/python3.7/site-packages/airflow/example_dags/example_time_delta_sensor_async.py
[2022-07-27 03:27:58,881] {processor.py:641} INFO - Processing file /home/airflow/.local/lib/python3.7/site-packages/airflow/example_dags/example_time_delta_sensor_async.py for tasks to queue
[2022-07-27 03:27:58,882] {logging_mixin.py:115} INFO - [2022-07-27 03:27:58,882] {dagbag.py:508} INFO - Filling up the DagBag from /home/airflow/.local/lib/python3.7/site-packages/airflow/example_dags/example_time_delta_sensor_async.py
[2022-07-27 03:27:58,886] {processor.py:651} INFO - DAG(s) dict_keys(['example_time_delta_sensor_async']) retrieved from /home/airflow/.local/lib/python3.7/site-packages/airflow/example_dags/example_time_delta_sensor_async.py
[2022-07-27 03:27:58,945] {logging_mixin.py:115} INFO - [2022-07-27 03:27:58,945] {dag.py:2420} INFO - Sync 1 DAGs
[2022-07-27 03:27:58,971] {logging_mixin.py:115} INFO - [2022-07-27 03:27:58,971] {dag.py:2972} INFO - Setting next_dagrun for example_time_delta_sensor_async to None, run_after=None
[2022-07-27 03:27:58,986] {processor.py:161} INFO - Processing /home/airflow/.local/lib/python3.7/site-packages/airflow/example_dags/example_time_delta_sensor_async.py took 0.109 seconds
[2022-07-27 03:28:29,378] {processor.py:153} INFO - Started process (PID=18698) to work on /home/airflow/.local/lib/python3.7/site-packages/airflow/example_dags/example_time_delta_sensor_async.py
[2022-07-27 03:28:29,379] {processor.py:641} INFO - Processing file /home/airflow/.local/lib/python3.7/site-packages/airflow/example_dags/example_time_delta_sensor_async.py for tasks to queue
[2022-07-27 03:28:29,380] {logging_mixin.py:115} INFO - [2022-07-27 03:28:29,380] {dagbag.py:508} INFO - Filling up the DagBag from /home/airflow/.local/lib/python3.7/site-packages/airflow/example_dags/example_time_delta_sensor_async.py
[2022-07-27 03:28:29,385] {processor.py:651} INFO - DAG(s) dict_keys(['example_time_delta_sensor_async']) retrieved from /home/airflow/.local/lib/python3.7/site-packages/airflow/example_dags/example_time_delta_sensor_async.py
[2022-07-27 03:28:29,436] {logging_mixin.py:115} INFO - [2022-07-27 03:28:29,436] {dag.py:2420} INFO - Sync 1 DAGs
[2022-07-27 03:28:29,462] {logging_mixin.py:115} INFO - [2022-07-27 03:28:29,462] {dag.py:2972} INFO - Setting next_dagrun for example_time_delta_sensor_async to None, run_after=None
[2022-07-27 03:28:29,478] {processor.py:161} INFO - Processing /home/airflow/.local/lib/python3.7/site-packages/airflow/example_dags/example_time_delta_sensor_async.py took 0.103 seconds
[2022-07-27 03:29:00,814] {processor.py:153} INFO - Started process (PID=18902) to work on /home/airflow/.local/lib/python3.7/site-packages/airflow/example_dags/example_time_delta_sensor_async.py
[2022-07-27 03:29:00,815] {processor.py:641} INFO - Processing file /home/airflow/.local/lib/python3.7/site-packages/airflow/example_dags/example_time_delta_sensor_async.py for tasks to queue
[2022-07-27 03:29:00,817] {logging_mixin.py:115} INFO - [2022-07-27 03:29:00,817] {dagbag.py:508} INFO - Filling up the DagBag from /home/airflow/.local/lib/python3.7/site-packages/airflow/example_dags/example_time_delta_sensor_async.py
[2022-07-27 03:29:00,825] {processor.py:651} INFO - DAG(s) dict_keys(['example_time_delta_sensor_async']) retrieved from /home/airflow/.local/lib/python3.7/site-packages/airflow/example_dags/example_time_delta_sensor_async.py
[2022-07-27 03:29:00,893] {logging_mixin.py:115} INFO - [2022-07-27 03:29:00,893] {dag.py:2420} INFO - Sync 1 DAGs
[2022-07-27 03:29:00,928] {logging_mixin.py:115} INFO - [2022-07-27 03:29:00,927] {dag.py:2972} INFO - Setting next_dagrun for example_time_delta_sensor_async to None, run_after=None
[2022-07-27 03:29:00,951] {processor.py:161} INFO - Processing /home/airflow/.local/lib/python3.7/site-packages/airflow/example_dags/example_time_delta_sensor_async.py took 0.140 seconds
[2022-07-27 03:29:31,872] {processor.py:153} INFO - Started process (PID=19096) to work on /home/airflow/.local/lib/python3.7/site-packages/airflow/example_dags/example_time_delta_sensor_async.py
[2022-07-27 03:29:31,873] {processor.py:641} INFO - Processing file /home/airflow/.local/lib/python3.7/site-packages/airflow/example_dags/example_time_delta_sensor_async.py for tasks to queue
[2022-07-27 03:29:31,873] {logging_mixin.py:115} INFO - [2022-07-27 03:29:31,873] {dagbag.py:508} INFO - Filling up the DagBag from /home/airflow/.local/lib/python3.7/site-packages/airflow/example_dags/example_time_delta_sensor_async.py
[2022-07-27 03:29:31,878] {processor.py:651} INFO - DAG(s) dict_keys(['example_time_delta_sensor_async']) retrieved from /home/airflow/.local/lib/python3.7/site-packages/airflow/example_dags/example_time_delta_sensor_async.py
[2022-07-27 03:29:31,927] {logging_mixin.py:115} INFO - [2022-07-27 03:29:31,927] {dag.py:2420} INFO - Sync 1 DAGs
[2022-07-27 03:29:31,955] {logging_mixin.py:115} INFO - [2022-07-27 03:29:31,955] {dag.py:2972} INFO - Setting next_dagrun for example_time_delta_sensor_async to None, run_after=None
[2022-07-27 03:29:31,974] {processor.py:161} INFO - Processing /home/airflow/.local/lib/python3.7/site-packages/airflow/example_dags/example_time_delta_sensor_async.py took 0.105 seconds
[2022-07-27 03:30:02,802] {processor.py:153} INFO - Started process (PID=19299) to work on /home/airflow/.local/lib/python3.7/site-packages/airflow/example_dags/example_time_delta_sensor_async.py
[2022-07-27 03:30:02,803] {processor.py:641} INFO - Processing file /home/airflow/.local/lib/python3.7/site-packages/airflow/example_dags/example_time_delta_sensor_async.py for tasks to queue
[2022-07-27 03:30:02,804] {logging_mixin.py:115} INFO - [2022-07-27 03:30:02,803] {dagbag.py:508} INFO - Filling up the DagBag from /home/airflow/.local/lib/python3.7/site-packages/airflow/example_dags/example_time_delta_sensor_async.py
[2022-07-27 03:30:02,809] {processor.py:651} INFO - DAG(s) dict_keys(['example_time_delta_sensor_async']) retrieved from /home/airflow/.local/lib/python3.7/site-packages/airflow/example_dags/example_time_delta_sensor_async.py
[2022-07-27 03:30:02,851] {logging_mixin.py:115} INFO - [2022-07-27 03:30:02,851] {dag.py:2420} INFO - Sync 1 DAGs
[2022-07-27 03:30:02,871] {logging_mixin.py:115} INFO - [2022-07-27 03:30:02,871] {dag.py:2972} INFO - Setting next_dagrun for example_time_delta_sensor_async to None, run_after=None
[2022-07-27 03:30:02,883] {processor.py:161} INFO - Processing /home/airflow/.local/lib/python3.7/site-packages/airflow/example_dags/example_time_delta_sensor_async.py took 0.084 seconds
