[2022-07-27 00:42:10,880] {processor.py:153} INFO - Started process (PID=16436) to work on /home/airflow/.local/lib/python3.7/site-packages/airflow/example_dags/example_dag_decorator.py
[2022-07-27 00:42:10,881] {processor.py:641} INFO - Processing file /home/airflow/.local/lib/python3.7/site-packages/airflow/example_dags/example_dag_decorator.py for tasks to queue
[2022-07-27 00:42:10,882] {logging_mixin.py:115} INFO - [2022-07-27 00:42:10,882] {dagbag.py:508} INFO - Filling up the DagBag from /home/airflow/.local/lib/python3.7/site-packages/airflow/example_dags/example_dag_decorator.py
[2022-07-27 00:42:10,923] {processor.py:651} INFO - DAG(s) dict_keys(['example_dag_decorator']) retrieved from /home/airflow/.local/lib/python3.7/site-packages/airflow/example_dags/example_dag_decorator.py
[2022-07-27 00:42:11,036] {logging_mixin.py:115} INFO - [2022-07-27 00:42:11,036] {dag.py:2420} INFO - Sync 1 DAGs
[2022-07-27 00:42:11,064] {logging_mixin.py:115} INFO - [2022-07-27 00:42:11,064] {dag.py:2972} INFO - Setting next_dagrun for example_dag_decorator to None, run_after=None
[2022-07-27 00:42:11,089] {processor.py:161} INFO - Processing /home/airflow/.local/lib/python3.7/site-packages/airflow/example_dags/example_dag_decorator.py took 0.213 seconds
[2022-07-27 03:23:20,734] {processor.py:153} INFO - Started process (PID=16635) to work on /home/airflow/.local/lib/python3.7/site-packages/airflow/example_dags/example_dag_decorator.py
[2022-07-27 03:23:20,737] {processor.py:641} INFO - Processing file /home/airflow/.local/lib/python3.7/site-packages/airflow/example_dags/example_dag_decorator.py for tasks to queue
[2022-07-27 03:23:20,741] {logging_mixin.py:115} INFO - [2022-07-27 03:23:20,741] {dagbag.py:508} INFO - Filling up the DagBag from /home/airflow/.local/lib/python3.7/site-packages/airflow/example_dags/example_dag_decorator.py
[2022-07-27 03:23:20,801] {processor.py:651} INFO - DAG(s) dict_keys(['example_dag_decorator']) retrieved from /home/airflow/.local/lib/python3.7/site-packages/airflow/example_dags/example_dag_decorator.py
[2022-07-27 03:23:21,022] {logging_mixin.py:115} INFO - [2022-07-27 03:23:21,022] {dag.py:2420} INFO - Sync 1 DAGs
[2022-07-27 03:23:21,085] {logging_mixin.py:115} INFO - [2022-07-27 03:23:21,085] {dag.py:2972} INFO - Setting next_dagrun for example_dag_decorator to None, run_after=None
[2022-07-27 03:23:21,172] {processor.py:161} INFO - Processing /home/airflow/.local/lib/python3.7/site-packages/airflow/example_dags/example_dag_decorator.py took 0.443 seconds
[2022-07-27 03:23:51,508] {processor.py:153} INFO - Started process (PID=16835) to work on /home/airflow/.local/lib/python3.7/site-packages/airflow/example_dags/example_dag_decorator.py
[2022-07-27 03:23:51,509] {processor.py:641} INFO - Processing file /home/airflow/.local/lib/python3.7/site-packages/airflow/example_dags/example_dag_decorator.py for tasks to queue
[2022-07-27 03:23:51,510] {logging_mixin.py:115} INFO - [2022-07-27 03:23:51,510] {dagbag.py:508} INFO - Filling up the DagBag from /home/airflow/.local/lib/python3.7/site-packages/airflow/example_dags/example_dag_decorator.py
[2022-07-27 03:23:51,546] {processor.py:651} INFO - DAG(s) dict_keys(['example_dag_decorator']) retrieved from /home/airflow/.local/lib/python3.7/site-packages/airflow/example_dags/example_dag_decorator.py
[2022-07-27 03:23:51,630] {logging_mixin.py:115} INFO - [2022-07-27 03:23:51,629] {dag.py:2420} INFO - Sync 1 DAGs
[2022-07-27 03:23:51,650] {logging_mixin.py:115} INFO - [2022-07-27 03:23:51,649] {dag.py:2972} INFO - Setting next_dagrun for example_dag_decorator to None, run_after=None
[2022-07-27 03:23:51,666] {processor.py:161} INFO - Processing /home/airflow/.local/lib/python3.7/site-packages/airflow/example_dags/example_dag_decorator.py took 0.161 seconds
[2022-07-27 03:24:22,282] {processor.py:153} INFO - Started process (PID=17039) to work on /home/airflow/.local/lib/python3.7/site-packages/airflow/example_dags/example_dag_decorator.py
[2022-07-27 03:24:22,283] {processor.py:641} INFO - Processing file /home/airflow/.local/lib/python3.7/site-packages/airflow/example_dags/example_dag_decorator.py for tasks to queue
[2022-07-27 03:24:22,283] {logging_mixin.py:115} INFO - [2022-07-27 03:24:22,283] {dagbag.py:508} INFO - Filling up the DagBag from /home/airflow/.local/lib/python3.7/site-packages/airflow/example_dags/example_dag_decorator.py
[2022-07-27 03:24:22,305] {processor.py:651} INFO - DAG(s) dict_keys(['example_dag_decorator']) retrieved from /home/airflow/.local/lib/python3.7/site-packages/airflow/example_dags/example_dag_decorator.py
[2022-07-27 03:24:22,328] {logging_mixin.py:115} INFO - [2022-07-27 03:24:22,328] {dag.py:2420} INFO - Sync 1 DAGs
[2022-07-27 03:24:22,351] {logging_mixin.py:115} INFO - [2022-07-27 03:24:22,351] {dag.py:2972} INFO - Setting next_dagrun for example_dag_decorator to None, run_after=None
[2022-07-27 03:24:22,365] {processor.py:161} INFO - Processing /home/airflow/.local/lib/python3.7/site-packages/airflow/example_dags/example_dag_decorator.py took 0.086 seconds
[2022-07-27 03:24:53,099] {processor.py:153} INFO - Started process (PID=17235) to work on /home/airflow/.local/lib/python3.7/site-packages/airflow/example_dags/example_dag_decorator.py
[2022-07-27 03:24:53,100] {processor.py:641} INFO - Processing file /home/airflow/.local/lib/python3.7/site-packages/airflow/example_dags/example_dag_decorator.py for tasks to queue
[2022-07-27 03:24:53,102] {logging_mixin.py:115} INFO - [2022-07-27 03:24:53,102] {dagbag.py:508} INFO - Filling up the DagBag from /home/airflow/.local/lib/python3.7/site-packages/airflow/example_dags/example_dag_decorator.py
[2022-07-27 03:24:53,138] {processor.py:651} INFO - DAG(s) dict_keys(['example_dag_decorator']) retrieved from /home/airflow/.local/lib/python3.7/site-packages/airflow/example_dags/example_dag_decorator.py
[2022-07-27 03:24:53,216] {logging_mixin.py:115} INFO - [2022-07-27 03:24:53,216] {dag.py:2420} INFO - Sync 1 DAGs
[2022-07-27 03:24:53,240] {logging_mixin.py:115} INFO - [2022-07-27 03:24:53,240] {dag.py:2972} INFO - Setting next_dagrun for example_dag_decorator to None, run_after=None
[2022-07-27 03:24:53,262] {processor.py:161} INFO - Processing /home/airflow/.local/lib/python3.7/site-packages/airflow/example_dags/example_dag_decorator.py took 0.166 seconds
[2022-07-27 03:25:23,529] {processor.py:153} INFO - Started process (PID=17436) to work on /home/airflow/.local/lib/python3.7/site-packages/airflow/example_dags/example_dag_decorator.py
[2022-07-27 03:25:23,531] {processor.py:641} INFO - Processing file /home/airflow/.local/lib/python3.7/site-packages/airflow/example_dags/example_dag_decorator.py for tasks to queue
[2022-07-27 03:25:23,532] {logging_mixin.py:115} INFO - [2022-07-27 03:25:23,531] {dagbag.py:508} INFO - Filling up the DagBag from /home/airflow/.local/lib/python3.7/site-packages/airflow/example_dags/example_dag_decorator.py
[2022-07-27 03:25:23,563] {processor.py:651} INFO - DAG(s) dict_keys(['example_dag_decorator']) retrieved from /home/airflow/.local/lib/python3.7/site-packages/airflow/example_dags/example_dag_decorator.py
[2022-07-27 03:25:23,597] {logging_mixin.py:115} INFO - [2022-07-27 03:25:23,597] {dag.py:2420} INFO - Sync 1 DAGs
[2022-07-27 03:25:23,627] {logging_mixin.py:115} INFO - [2022-07-27 03:25:23,627] {dag.py:2972} INFO - Setting next_dagrun for example_dag_decorator to None, run_after=None
[2022-07-27 03:25:23,646] {processor.py:161} INFO - Processing /home/airflow/.local/lib/python3.7/site-packages/airflow/example_dags/example_dag_decorator.py took 0.120 seconds
[2022-07-27 03:25:54,243] {processor.py:153} INFO - Started process (PID=17624) to work on /home/airflow/.local/lib/python3.7/site-packages/airflow/example_dags/example_dag_decorator.py
[2022-07-27 03:25:54,244] {processor.py:641} INFO - Processing file /home/airflow/.local/lib/python3.7/site-packages/airflow/example_dags/example_dag_decorator.py for tasks to queue
[2022-07-27 03:25:54,245] {logging_mixin.py:115} INFO - [2022-07-27 03:25:54,245] {dagbag.py:508} INFO - Filling up the DagBag from /home/airflow/.local/lib/python3.7/site-packages/airflow/example_dags/example_dag_decorator.py
[2022-07-27 03:25:54,280] {processor.py:651} INFO - DAG(s) dict_keys(['example_dag_decorator']) retrieved from /home/airflow/.local/lib/python3.7/site-packages/airflow/example_dags/example_dag_decorator.py
[2022-07-27 03:25:54,373] {logging_mixin.py:115} INFO - [2022-07-27 03:25:54,373] {dag.py:2420} INFO - Sync 1 DAGs
[2022-07-27 03:25:54,398] {logging_mixin.py:115} INFO - [2022-07-27 03:25:54,398] {dag.py:2972} INFO - Setting next_dagrun for example_dag_decorator to None, run_after=None
[2022-07-27 03:25:54,422] {processor.py:161} INFO - Processing /home/airflow/.local/lib/python3.7/site-packages/airflow/example_dags/example_dag_decorator.py took 0.184 seconds
[2022-07-27 03:26:24,773] {processor.py:153} INFO - Started process (PID=17828) to work on /home/airflow/.local/lib/python3.7/site-packages/airflow/example_dags/example_dag_decorator.py
[2022-07-27 03:26:24,774] {processor.py:641} INFO - Processing file /home/airflow/.local/lib/python3.7/site-packages/airflow/example_dags/example_dag_decorator.py for tasks to queue
[2022-07-27 03:26:24,775] {logging_mixin.py:115} INFO - [2022-07-27 03:26:24,775] {dagbag.py:508} INFO - Filling up the DagBag from /home/airflow/.local/lib/python3.7/site-packages/airflow/example_dags/example_dag_decorator.py
[2022-07-27 03:26:24,803] {processor.py:651} INFO - DAG(s) dict_keys(['example_dag_decorator']) retrieved from /home/airflow/.local/lib/python3.7/site-packages/airflow/example_dags/example_dag_decorator.py
[2022-07-27 03:26:24,894] {logging_mixin.py:115} INFO - [2022-07-27 03:26:24,894] {dag.py:2420} INFO - Sync 1 DAGs
[2022-07-27 03:26:24,920] {logging_mixin.py:115} INFO - [2022-07-27 03:26:24,919] {dag.py:2972} INFO - Setting next_dagrun for example_dag_decorator to None, run_after=None
[2022-07-27 03:26:24,951] {processor.py:161} INFO - Processing /home/airflow/.local/lib/python3.7/site-packages/airflow/example_dags/example_dag_decorator.py took 0.182 seconds
[2022-07-27 03:26:55,484] {processor.py:153} INFO - Started process (PID=18024) to work on /home/airflow/.local/lib/python3.7/site-packages/airflow/example_dags/example_dag_decorator.py
[2022-07-27 03:26:55,486] {processor.py:641} INFO - Processing file /home/airflow/.local/lib/python3.7/site-packages/airflow/example_dags/example_dag_decorator.py for tasks to queue
[2022-07-27 03:26:55,486] {logging_mixin.py:115} INFO - [2022-07-27 03:26:55,486] {dagbag.py:508} INFO - Filling up the DagBag from /home/airflow/.local/lib/python3.7/site-packages/airflow/example_dags/example_dag_decorator.py
[2022-07-27 03:26:55,515] {processor.py:651} INFO - DAG(s) dict_keys(['example_dag_decorator']) retrieved from /home/airflow/.local/lib/python3.7/site-packages/airflow/example_dags/example_dag_decorator.py
[2022-07-27 03:26:55,599] {logging_mixin.py:115} INFO - [2022-07-27 03:26:55,598] {dag.py:2420} INFO - Sync 1 DAGs
[2022-07-27 03:26:55,627] {logging_mixin.py:115} INFO - [2022-07-27 03:26:55,627] {dag.py:2972} INFO - Setting next_dagrun for example_dag_decorator to None, run_after=None
[2022-07-27 03:26:55,649] {processor.py:161} INFO - Processing /home/airflow/.local/lib/python3.7/site-packages/airflow/example_dags/example_dag_decorator.py took 0.168 seconds
[2022-07-27 03:27:25,701] {processor.py:153} INFO - Started process (PID=18231) to work on /home/airflow/.local/lib/python3.7/site-packages/airflow/example_dags/example_dag_decorator.py
[2022-07-27 03:27:25,702] {processor.py:641} INFO - Processing file /home/airflow/.local/lib/python3.7/site-packages/airflow/example_dags/example_dag_decorator.py for tasks to queue
[2022-07-27 03:27:25,703] {logging_mixin.py:115} INFO - [2022-07-27 03:27:25,703] {dagbag.py:508} INFO - Filling up the DagBag from /home/airflow/.local/lib/python3.7/site-packages/airflow/example_dags/example_dag_decorator.py
[2022-07-27 03:27:25,732] {processor.py:651} INFO - DAG(s) dict_keys(['example_dag_decorator']) retrieved from /home/airflow/.local/lib/python3.7/site-packages/airflow/example_dags/example_dag_decorator.py
[2022-07-27 03:27:25,834] {logging_mixin.py:115} INFO - [2022-07-27 03:27:25,834] {dag.py:2420} INFO - Sync 1 DAGs
[2022-07-27 03:27:25,859] {logging_mixin.py:115} INFO - [2022-07-27 03:27:25,858] {dag.py:2972} INFO - Setting next_dagrun for example_dag_decorator to None, run_after=None
[2022-07-27 03:27:25,886] {processor.py:161} INFO - Processing /home/airflow/.local/lib/python3.7/site-packages/airflow/example_dags/example_dag_decorator.py took 0.189 seconds
[2022-07-27 03:27:56,038] {processor.py:153} INFO - Started process (PID=18425) to work on /home/airflow/.local/lib/python3.7/site-packages/airflow/example_dags/example_dag_decorator.py
[2022-07-27 03:27:56,039] {processor.py:641} INFO - Processing file /home/airflow/.local/lib/python3.7/site-packages/airflow/example_dags/example_dag_decorator.py for tasks to queue
[2022-07-27 03:27:56,039] {logging_mixin.py:115} INFO - [2022-07-27 03:27:56,039] {dagbag.py:508} INFO - Filling up the DagBag from /home/airflow/.local/lib/python3.7/site-packages/airflow/example_dags/example_dag_decorator.py
[2022-07-27 03:27:56,067] {processor.py:651} INFO - DAG(s) dict_keys(['example_dag_decorator']) retrieved from /home/airflow/.local/lib/python3.7/site-packages/airflow/example_dags/example_dag_decorator.py
[2022-07-27 03:27:56,094] {logging_mixin.py:115} INFO - [2022-07-27 03:27:56,094] {dag.py:2420} INFO - Sync 1 DAGs
[2022-07-27 03:27:56,119] {logging_mixin.py:115} INFO - [2022-07-27 03:27:56,119] {dag.py:2972} INFO - Setting next_dagrun for example_dag_decorator to None, run_after=None
[2022-07-27 03:27:56,134] {processor.py:161} INFO - Processing /home/airflow/.local/lib/python3.7/site-packages/airflow/example_dags/example_dag_decorator.py took 0.099 seconds
[2022-07-27 03:28:26,468] {processor.py:153} INFO - Started process (PID=18628) to work on /home/airflow/.local/lib/python3.7/site-packages/airflow/example_dags/example_dag_decorator.py
[2022-07-27 03:28:26,468] {processor.py:641} INFO - Processing file /home/airflow/.local/lib/python3.7/site-packages/airflow/example_dags/example_dag_decorator.py for tasks to queue
[2022-07-27 03:28:26,469] {logging_mixin.py:115} INFO - [2022-07-27 03:28:26,469] {dagbag.py:508} INFO - Filling up the DagBag from /home/airflow/.local/lib/python3.7/site-packages/airflow/example_dags/example_dag_decorator.py
[2022-07-27 03:28:26,499] {processor.py:651} INFO - DAG(s) dict_keys(['example_dag_decorator']) retrieved from /home/airflow/.local/lib/python3.7/site-packages/airflow/example_dags/example_dag_decorator.py
[2022-07-27 03:28:26,582] {logging_mixin.py:115} INFO - [2022-07-27 03:28:26,582] {dag.py:2420} INFO - Sync 1 DAGs
[2022-07-27 03:28:26,605] {logging_mixin.py:115} INFO - [2022-07-27 03:28:26,605] {dag.py:2972} INFO - Setting next_dagrun for example_dag_decorator to None, run_after=None
[2022-07-27 03:28:26,624] {processor.py:161} INFO - Processing /home/airflow/.local/lib/python3.7/site-packages/airflow/example_dags/example_dag_decorator.py took 0.160 seconds
[2022-07-27 03:28:57,071] {processor.py:153} INFO - Started process (PID=18817) to work on /home/airflow/.local/lib/python3.7/site-packages/airflow/example_dags/example_dag_decorator.py
[2022-07-27 03:28:57,072] {processor.py:641} INFO - Processing file /home/airflow/.local/lib/python3.7/site-packages/airflow/example_dags/example_dag_decorator.py for tasks to queue
[2022-07-27 03:28:57,073] {logging_mixin.py:115} INFO - [2022-07-27 03:28:57,073] {dagbag.py:508} INFO - Filling up the DagBag from /home/airflow/.local/lib/python3.7/site-packages/airflow/example_dags/example_dag_decorator.py
[2022-07-27 03:28:57,106] {processor.py:651} INFO - DAG(s) dict_keys(['example_dag_decorator']) retrieved from /home/airflow/.local/lib/python3.7/site-packages/airflow/example_dags/example_dag_decorator.py
[2022-07-27 03:28:57,199] {logging_mixin.py:115} INFO - [2022-07-27 03:28:57,198] {dag.py:2420} INFO - Sync 1 DAGs
[2022-07-27 03:28:57,228] {logging_mixin.py:115} INFO - [2022-07-27 03:28:57,228] {dag.py:2972} INFO - Setting next_dagrun for example_dag_decorator to None, run_after=None
[2022-07-27 03:28:57,251] {processor.py:161} INFO - Processing /home/airflow/.local/lib/python3.7/site-packages/airflow/example_dags/example_dag_decorator.py took 0.184 seconds
[2022-07-27 03:29:27,713] {processor.py:153} INFO - Started process (PID=19020) to work on /home/airflow/.local/lib/python3.7/site-packages/airflow/example_dags/example_dag_decorator.py
[2022-07-27 03:29:27,714] {processor.py:641} INFO - Processing file /home/airflow/.local/lib/python3.7/site-packages/airflow/example_dags/example_dag_decorator.py for tasks to queue
[2022-07-27 03:29:27,715] {logging_mixin.py:115} INFO - [2022-07-27 03:29:27,715] {dagbag.py:508} INFO - Filling up the DagBag from /home/airflow/.local/lib/python3.7/site-packages/airflow/example_dags/example_dag_decorator.py
[2022-07-27 03:29:27,756] {processor.py:651} INFO - DAG(s) dict_keys(['example_dag_decorator']) retrieved from /home/airflow/.local/lib/python3.7/site-packages/airflow/example_dags/example_dag_decorator.py
[2022-07-27 03:29:27,790] {logging_mixin.py:115} INFO - [2022-07-27 03:29:27,790] {dag.py:2420} INFO - Sync 1 DAGs
[2022-07-27 03:29:27,829] {logging_mixin.py:115} INFO - [2022-07-27 03:29:27,829] {dag.py:2972} INFO - Setting next_dagrun for example_dag_decorator to None, run_after=None
[2022-07-27 03:29:27,849] {processor.py:161} INFO - Processing /home/airflow/.local/lib/python3.7/site-packages/airflow/example_dags/example_dag_decorator.py took 0.140 seconds
[2022-07-27 03:29:58,625] {processor.py:153} INFO - Started process (PID=19214) to work on /home/airflow/.local/lib/python3.7/site-packages/airflow/example_dags/example_dag_decorator.py
[2022-07-27 03:29:58,626] {processor.py:641} INFO - Processing file /home/airflow/.local/lib/python3.7/site-packages/airflow/example_dags/example_dag_decorator.py for tasks to queue
[2022-07-27 03:29:58,627] {logging_mixin.py:115} INFO - [2022-07-27 03:29:58,627] {dagbag.py:508} INFO - Filling up the DagBag from /home/airflow/.local/lib/python3.7/site-packages/airflow/example_dags/example_dag_decorator.py
[2022-07-27 03:29:58,651] {processor.py:651} INFO - DAG(s) dict_keys(['example_dag_decorator']) retrieved from /home/airflow/.local/lib/python3.7/site-packages/airflow/example_dags/example_dag_decorator.py
[2022-07-27 03:29:58,681] {logging_mixin.py:115} INFO - [2022-07-27 03:29:58,681] {dag.py:2420} INFO - Sync 1 DAGs
[2022-07-27 03:29:58,705] {logging_mixin.py:115} INFO - [2022-07-27 03:29:58,704] {dag.py:2972} INFO - Setting next_dagrun for example_dag_decorator to None, run_after=None
[2022-07-27 03:29:58,719] {processor.py:161} INFO - Processing /home/airflow/.local/lib/python3.7/site-packages/airflow/example_dags/example_dag_decorator.py took 0.096 seconds
