[2022-07-27 00:42:12,394] {processor.py:153} INFO - Started process (PID=16527) to work on /home/airflow/.local/lib/python3.7/site-packages/airflow/example_dags/example_branch_python_dop_operator_3.py
[2022-07-27 00:42:12,395] {processor.py:641} INFO - Processing file /home/airflow/.local/lib/python3.7/site-packages/airflow/example_dags/example_branch_python_dop_operator_3.py for tasks to queue
[2022-07-27 00:42:12,396] {logging_mixin.py:115} INFO - [2022-07-27 00:42:12,396] {dagbag.py:508} INFO - Filling up the DagBag from /home/airflow/.local/lib/python3.7/site-packages/airflow/example_dags/example_branch_python_dop_operator_3.py
[2022-07-27 00:42:12,413] {processor.py:651} INFO - DAG(s) dict_keys(['example_branch_dop_operator_v3']) retrieved from /home/airflow/.local/lib/python3.7/site-packages/airflow/example_dags/example_branch_python_dop_operator_3.py
[2022-07-27 00:42:12,455] {logging_mixin.py:115} INFO - [2022-07-27 00:42:12,455] {dag.py:2420} INFO - Sync 1 DAGs
[2022-07-27 00:42:12,501] {logging_mixin.py:115} INFO - [2022-07-27 00:42:12,501] {dag.py:2972} INFO - Setting next_dagrun for example_branch_dop_operator_v3 to 2022-07-27T00:41:00+00:00, run_after=2022-07-27T00:42:00+00:00
[2022-07-27 00:42:12,521] {processor.py:161} INFO - Processing /home/airflow/.local/lib/python3.7/site-packages/airflow/example_dags/example_branch_python_dop_operator_3.py took 0.130 seconds
[2022-07-27 03:23:23,631] {processor.py:153} INFO - Started process (PID=16729) to work on /home/airflow/.local/lib/python3.7/site-packages/airflow/example_dags/example_branch_python_dop_operator_3.py
[2022-07-27 03:23:23,632] {processor.py:641} INFO - Processing file /home/airflow/.local/lib/python3.7/site-packages/airflow/example_dags/example_branch_python_dop_operator_3.py for tasks to queue
[2022-07-27 03:23:23,634] {logging_mixin.py:115} INFO - [2022-07-27 03:23:23,633] {dagbag.py:508} INFO - Filling up the DagBag from /home/airflow/.local/lib/python3.7/site-packages/airflow/example_dags/example_branch_python_dop_operator_3.py
[2022-07-27 03:23:23,654] {processor.py:651} INFO - DAG(s) dict_keys(['example_branch_dop_operator_v3']) retrieved from /home/airflow/.local/lib/python3.7/site-packages/airflow/example_dags/example_branch_python_dop_operator_3.py
[2022-07-27 03:23:23,710] {logging_mixin.py:115} INFO - [2022-07-27 03:23:23,710] {dag.py:2420} INFO - Sync 1 DAGs
[2022-07-27 03:23:23,800] {logging_mixin.py:115} INFO - [2022-07-27 03:23:23,800] {dag.py:2972} INFO - Setting next_dagrun for example_branch_dop_operator_v3 to 2022-07-27T03:22:00+00:00, run_after=2022-07-27T03:23:00+00:00
[2022-07-27 03:23:23,829] {processor.py:161} INFO - Processing /home/airflow/.local/lib/python3.7/site-packages/airflow/example_dags/example_branch_python_dop_operator_3.py took 0.204 seconds
[2022-07-27 03:23:54,046] {processor.py:153} INFO - Started process (PID=16925) to work on /home/airflow/.local/lib/python3.7/site-packages/airflow/example_dags/example_branch_python_dop_operator_3.py
[2022-07-27 03:23:54,047] {processor.py:641} INFO - Processing file /home/airflow/.local/lib/python3.7/site-packages/airflow/example_dags/example_branch_python_dop_operator_3.py for tasks to queue
[2022-07-27 03:23:54,047] {logging_mixin.py:115} INFO - [2022-07-27 03:23:54,047] {dagbag.py:508} INFO - Filling up the DagBag from /home/airflow/.local/lib/python3.7/site-packages/airflow/example_dags/example_branch_python_dop_operator_3.py
[2022-07-27 03:23:54,055] {processor.py:651} INFO - DAG(s) dict_keys(['example_branch_dop_operator_v3']) retrieved from /home/airflow/.local/lib/python3.7/site-packages/airflow/example_dags/example_branch_python_dop_operator_3.py
[2022-07-27 03:23:54,079] {logging_mixin.py:115} INFO - [2022-07-27 03:23:54,079] {dag.py:2420} INFO - Sync 1 DAGs
[2022-07-27 03:23:54,106] {logging_mixin.py:115} INFO - [2022-07-27 03:23:54,106] {dag.py:2972} INFO - Setting next_dagrun for example_branch_dop_operator_v3 to 2022-07-27T03:22:00+00:00, run_after=2022-07-27T03:23:00+00:00
[2022-07-27 03:23:54,121] {processor.py:161} INFO - Processing /home/airflow/.local/lib/python3.7/site-packages/airflow/example_dags/example_branch_python_dop_operator_3.py took 0.078 seconds
[2022-07-27 03:24:24,682] {processor.py:153} INFO - Started process (PID=17131) to work on /home/airflow/.local/lib/python3.7/site-packages/airflow/example_dags/example_branch_python_dop_operator_3.py
[2022-07-27 03:24:24,683] {processor.py:641} INFO - Processing file /home/airflow/.local/lib/python3.7/site-packages/airflow/example_dags/example_branch_python_dop_operator_3.py for tasks to queue
[2022-07-27 03:24:24,684] {logging_mixin.py:115} INFO - [2022-07-27 03:24:24,684] {dagbag.py:508} INFO - Filling up the DagBag from /home/airflow/.local/lib/python3.7/site-packages/airflow/example_dags/example_branch_python_dop_operator_3.py
[2022-07-27 03:24:24,697] {processor.py:651} INFO - DAG(s) dict_keys(['example_branch_dop_operator_v3']) retrieved from /home/airflow/.local/lib/python3.7/site-packages/airflow/example_dags/example_branch_python_dop_operator_3.py
[2022-07-27 03:24:24,727] {logging_mixin.py:115} INFO - [2022-07-27 03:24:24,727] {dag.py:2420} INFO - Sync 1 DAGs
[2022-07-27 03:24:24,756] {logging_mixin.py:115} INFO - [2022-07-27 03:24:24,756] {dag.py:2972} INFO - Setting next_dagrun for example_branch_dop_operator_v3 to 2022-07-27T03:23:00+00:00, run_after=2022-07-27T03:24:00+00:00
[2022-07-27 03:24:24,770] {processor.py:161} INFO - Processing /home/airflow/.local/lib/python3.7/site-packages/airflow/example_dags/example_branch_python_dop_operator_3.py took 0.092 seconds
[2022-07-27 03:24:55,008] {processor.py:153} INFO - Started process (PID=17325) to work on /home/airflow/.local/lib/python3.7/site-packages/airflow/example_dags/example_branch_python_dop_operator_3.py
[2022-07-27 03:24:55,009] {processor.py:641} INFO - Processing file /home/airflow/.local/lib/python3.7/site-packages/airflow/example_dags/example_branch_python_dop_operator_3.py for tasks to queue
[2022-07-27 03:24:55,010] {logging_mixin.py:115} INFO - [2022-07-27 03:24:55,010] {dagbag.py:508} INFO - Filling up the DagBag from /home/airflow/.local/lib/python3.7/site-packages/airflow/example_dags/example_branch_python_dop_operator_3.py
[2022-07-27 03:24:55,023] {processor.py:651} INFO - DAG(s) dict_keys(['example_branch_dop_operator_v3']) retrieved from /home/airflow/.local/lib/python3.7/site-packages/airflow/example_dags/example_branch_python_dop_operator_3.py
[2022-07-27 03:24:55,056] {logging_mixin.py:115} INFO - [2022-07-27 03:24:55,056] {dag.py:2420} INFO - Sync 1 DAGs
[2022-07-27 03:24:55,087] {logging_mixin.py:115} INFO - [2022-07-27 03:24:55,087] {dag.py:2972} INFO - Setting next_dagrun for example_branch_dop_operator_v3 to 2022-07-27T03:23:00+00:00, run_after=2022-07-27T03:24:00+00:00
[2022-07-27 03:24:55,102] {processor.py:161} INFO - Processing /home/airflow/.local/lib/python3.7/site-packages/airflow/example_dags/example_branch_python_dop_operator_3.py took 0.097 seconds
[2022-07-27 03:25:25,964] {processor.py:153} INFO - Started process (PID=17526) to work on /home/airflow/.local/lib/python3.7/site-packages/airflow/example_dags/example_branch_python_dop_operator_3.py
[2022-07-27 03:25:25,965] {processor.py:641} INFO - Processing file /home/airflow/.local/lib/python3.7/site-packages/airflow/example_dags/example_branch_python_dop_operator_3.py for tasks to queue
[2022-07-27 03:25:25,966] {logging_mixin.py:115} INFO - [2022-07-27 03:25:25,966] {dagbag.py:508} INFO - Filling up the DagBag from /home/airflow/.local/lib/python3.7/site-packages/airflow/example_dags/example_branch_python_dop_operator_3.py
[2022-07-27 03:25:25,977] {processor.py:651} INFO - DAG(s) dict_keys(['example_branch_dop_operator_v3']) retrieved from /home/airflow/.local/lib/python3.7/site-packages/airflow/example_dags/example_branch_python_dop_operator_3.py
[2022-07-27 03:25:26,007] {logging_mixin.py:115} INFO - [2022-07-27 03:25:26,007] {dag.py:2420} INFO - Sync 1 DAGs
[2022-07-27 03:25:26,048] {logging_mixin.py:115} INFO - [2022-07-27 03:25:26,047] {dag.py:2972} INFO - Setting next_dagrun for example_branch_dop_operator_v3 to 2022-07-27T03:24:00+00:00, run_after=2022-07-27T03:25:00+00:00
[2022-07-27 03:25:26,073] {processor.py:161} INFO - Processing /home/airflow/.local/lib/python3.7/site-packages/airflow/example_dags/example_branch_python_dop_operator_3.py took 0.112 seconds
[2022-07-27 03:25:56,154] {processor.py:153} INFO - Started process (PID=17717) to work on /home/airflow/.local/lib/python3.7/site-packages/airflow/example_dags/example_branch_python_dop_operator_3.py
[2022-07-27 03:25:56,155] {processor.py:641} INFO - Processing file /home/airflow/.local/lib/python3.7/site-packages/airflow/example_dags/example_branch_python_dop_operator_3.py for tasks to queue
[2022-07-27 03:25:56,155] {logging_mixin.py:115} INFO - [2022-07-27 03:25:56,155] {dagbag.py:508} INFO - Filling up the DagBag from /home/airflow/.local/lib/python3.7/site-packages/airflow/example_dags/example_branch_python_dop_operator_3.py
[2022-07-27 03:25:56,165] {processor.py:651} INFO - DAG(s) dict_keys(['example_branch_dop_operator_v3']) retrieved from /home/airflow/.local/lib/python3.7/site-packages/airflow/example_dags/example_branch_python_dop_operator_3.py
[2022-07-27 03:25:56,192] {logging_mixin.py:115} INFO - [2022-07-27 03:25:56,192] {dag.py:2420} INFO - Sync 1 DAGs
[2022-07-27 03:25:56,225] {logging_mixin.py:115} INFO - [2022-07-27 03:25:56,225] {dag.py:2972} INFO - Setting next_dagrun for example_branch_dop_operator_v3 to 2022-07-27T03:24:00+00:00, run_after=2022-07-27T03:25:00+00:00
[2022-07-27 03:25:56,242] {processor.py:161} INFO - Processing /home/airflow/.local/lib/python3.7/site-packages/airflow/example_dags/example_branch_python_dop_operator_3.py took 0.091 seconds
[2022-07-27 03:26:26,996] {processor.py:153} INFO - Started process (PID=17924) to work on /home/airflow/.local/lib/python3.7/site-packages/airflow/example_dags/example_branch_python_dop_operator_3.py
[2022-07-27 03:26:26,997] {processor.py:641} INFO - Processing file /home/airflow/.local/lib/python3.7/site-packages/airflow/example_dags/example_branch_python_dop_operator_3.py for tasks to queue
[2022-07-27 03:26:26,998] {logging_mixin.py:115} INFO - [2022-07-27 03:26:26,998] {dagbag.py:508} INFO - Filling up the DagBag from /home/airflow/.local/lib/python3.7/site-packages/airflow/example_dags/example_branch_python_dop_operator_3.py
[2022-07-27 03:26:27,011] {processor.py:651} INFO - DAG(s) dict_keys(['example_branch_dop_operator_v3']) retrieved from /home/airflow/.local/lib/python3.7/site-packages/airflow/example_dags/example_branch_python_dop_operator_3.py
[2022-07-27 03:26:27,042] {logging_mixin.py:115} INFO - [2022-07-27 03:26:27,042] {dag.py:2420} INFO - Sync 1 DAGs
[2022-07-27 03:26:27,084] {logging_mixin.py:115} INFO - [2022-07-27 03:26:27,084] {dag.py:2972} INFO - Setting next_dagrun for example_branch_dop_operator_v3 to 2022-07-27T03:25:00+00:00, run_after=2022-07-27T03:26:00+00:00
[2022-07-27 03:26:27,103] {processor.py:161} INFO - Processing /home/airflow/.local/lib/python3.7/site-packages/airflow/example_dags/example_branch_python_dop_operator_3.py took 0.109 seconds
[2022-07-27 03:26:58,163] {processor.py:153} INFO - Started process (PID=18128) to work on /home/airflow/.local/lib/python3.7/site-packages/airflow/example_dags/example_branch_python_dop_operator_3.py
[2022-07-27 03:26:58,164] {processor.py:641} INFO - Processing file /home/airflow/.local/lib/python3.7/site-packages/airflow/example_dags/example_branch_python_dop_operator_3.py for tasks to queue
[2022-07-27 03:26:58,164] {logging_mixin.py:115} INFO - [2022-07-27 03:26:58,164] {dagbag.py:508} INFO - Filling up the DagBag from /home/airflow/.local/lib/python3.7/site-packages/airflow/example_dags/example_branch_python_dop_operator_3.py
[2022-07-27 03:26:58,175] {processor.py:651} INFO - DAG(s) dict_keys(['example_branch_dop_operator_v3']) retrieved from /home/airflow/.local/lib/python3.7/site-packages/airflow/example_dags/example_branch_python_dop_operator_3.py
[2022-07-27 03:26:58,202] {logging_mixin.py:115} INFO - [2022-07-27 03:26:58,202] {dag.py:2420} INFO - Sync 1 DAGs
[2022-07-27 03:26:58,276] {logging_mixin.py:115} INFO - [2022-07-27 03:26:58,276] {dag.py:2972} INFO - Setting next_dagrun for example_branch_dop_operator_v3 to 2022-07-27T03:25:00+00:00, run_after=2022-07-27T03:26:00+00:00
[2022-07-27 03:26:58,297] {processor.py:161} INFO - Processing /home/airflow/.local/lib/python3.7/site-packages/airflow/example_dags/example_branch_python_dop_operator_3.py took 0.137 seconds
[2022-07-27 03:27:28,671] {processor.py:153} INFO - Started process (PID=18322) to work on /home/airflow/.local/lib/python3.7/site-packages/airflow/example_dags/example_branch_python_dop_operator_3.py
[2022-07-27 03:27:28,672] {processor.py:641} INFO - Processing file /home/airflow/.local/lib/python3.7/site-packages/airflow/example_dags/example_branch_python_dop_operator_3.py for tasks to queue
[2022-07-27 03:27:28,673] {logging_mixin.py:115} INFO - [2022-07-27 03:27:28,672] {dagbag.py:508} INFO - Filling up the DagBag from /home/airflow/.local/lib/python3.7/site-packages/airflow/example_dags/example_branch_python_dop_operator_3.py
[2022-07-27 03:27:28,683] {processor.py:651} INFO - DAG(s) dict_keys(['example_branch_dop_operator_v3']) retrieved from /home/airflow/.local/lib/python3.7/site-packages/airflow/example_dags/example_branch_python_dop_operator_3.py
[2022-07-27 03:27:28,711] {logging_mixin.py:115} INFO - [2022-07-27 03:27:28,710] {dag.py:2420} INFO - Sync 1 DAGs
[2022-07-27 03:27:28,743] {logging_mixin.py:115} INFO - [2022-07-27 03:27:28,743] {dag.py:2972} INFO - Setting next_dagrun for example_branch_dop_operator_v3 to 2022-07-27T03:26:00+00:00, run_after=2022-07-27T03:27:00+00:00
[2022-07-27 03:27:28,759] {processor.py:161} INFO - Processing /home/airflow/.local/lib/python3.7/site-packages/airflow/example_dags/example_branch_python_dop_operator_3.py took 0.091 seconds
[2022-07-27 03:27:59,161] {processor.py:153} INFO - Started process (PID=18525) to work on /home/airflow/.local/lib/python3.7/site-packages/airflow/example_dags/example_branch_python_dop_operator_3.py
[2022-07-27 03:27:59,162] {processor.py:641} INFO - Processing file /home/airflow/.local/lib/python3.7/site-packages/airflow/example_dags/example_branch_python_dop_operator_3.py for tasks to queue
[2022-07-27 03:27:59,163] {logging_mixin.py:115} INFO - [2022-07-27 03:27:59,163] {dagbag.py:508} INFO - Filling up the DagBag from /home/airflow/.local/lib/python3.7/site-packages/airflow/example_dags/example_branch_python_dop_operator_3.py
[2022-07-27 03:27:59,177] {processor.py:651} INFO - DAG(s) dict_keys(['example_branch_dop_operator_v3']) retrieved from /home/airflow/.local/lib/python3.7/site-packages/airflow/example_dags/example_branch_python_dop_operator_3.py
[2022-07-27 03:27:59,214] {logging_mixin.py:115} INFO - [2022-07-27 03:27:59,213] {dag.py:2420} INFO - Sync 1 DAGs
[2022-07-27 03:27:59,251] {logging_mixin.py:115} INFO - [2022-07-27 03:27:59,251] {dag.py:2972} INFO - Setting next_dagrun for example_branch_dop_operator_v3 to 2022-07-27T03:26:00+00:00, run_after=2022-07-27T03:27:00+00:00
[2022-07-27 03:27:59,268] {processor.py:161} INFO - Processing /home/airflow/.local/lib/python3.7/site-packages/airflow/example_dags/example_branch_python_dop_operator_3.py took 0.110 seconds
[2022-07-27 03:28:29,869] {processor.py:153} INFO - Started process (PID=18719) to work on /home/airflow/.local/lib/python3.7/site-packages/airflow/example_dags/example_branch_python_dop_operator_3.py
[2022-07-27 03:28:29,870] {processor.py:641} INFO - Processing file /home/airflow/.local/lib/python3.7/site-packages/airflow/example_dags/example_branch_python_dop_operator_3.py for tasks to queue
[2022-07-27 03:28:29,870] {logging_mixin.py:115} INFO - [2022-07-27 03:28:29,870] {dagbag.py:508} INFO - Filling up the DagBag from /home/airflow/.local/lib/python3.7/site-packages/airflow/example_dags/example_branch_python_dop_operator_3.py
[2022-07-27 03:28:29,881] {processor.py:651} INFO - DAG(s) dict_keys(['example_branch_dop_operator_v3']) retrieved from /home/airflow/.local/lib/python3.7/site-packages/airflow/example_dags/example_branch_python_dop_operator_3.py
[2022-07-27 03:28:29,910] {logging_mixin.py:115} INFO - [2022-07-27 03:28:29,910] {dag.py:2420} INFO - Sync 1 DAGs
[2022-07-27 03:28:29,944] {logging_mixin.py:115} INFO - [2022-07-27 03:28:29,944] {dag.py:2972} INFO - Setting next_dagrun for example_branch_dop_operator_v3 to 2022-07-27T03:27:00+00:00, run_after=2022-07-27T03:28:00+00:00
[2022-07-27 03:28:29,964] {processor.py:161} INFO - Processing /home/airflow/.local/lib/python3.7/site-packages/airflow/example_dags/example_branch_python_dop_operator_3.py took 0.098 seconds
[2022-07-27 03:29:01,249] {processor.py:153} INFO - Started process (PID=18922) to work on /home/airflow/.local/lib/python3.7/site-packages/airflow/example_dags/example_branch_python_dop_operator_3.py
[2022-07-27 03:29:01,250] {processor.py:641} INFO - Processing file /home/airflow/.local/lib/python3.7/site-packages/airflow/example_dags/example_branch_python_dop_operator_3.py for tasks to queue
[2022-07-27 03:29:01,251] {logging_mixin.py:115} INFO - [2022-07-27 03:29:01,251] {dagbag.py:508} INFO - Filling up the DagBag from /home/airflow/.local/lib/python3.7/site-packages/airflow/example_dags/example_branch_python_dop_operator_3.py
[2022-07-27 03:29:01,263] {processor.py:651} INFO - DAG(s) dict_keys(['example_branch_dop_operator_v3']) retrieved from /home/airflow/.local/lib/python3.7/site-packages/airflow/example_dags/example_branch_python_dop_operator_3.py
[2022-07-27 03:29:01,298] {logging_mixin.py:115} INFO - [2022-07-27 03:29:01,298] {dag.py:2420} INFO - Sync 1 DAGs
[2022-07-27 03:29:01,344] {logging_mixin.py:115} INFO - [2022-07-27 03:29:01,344] {dag.py:2972} INFO - Setting next_dagrun for example_branch_dop_operator_v3 to 2022-07-27T03:28:00+00:00, run_after=2022-07-27T03:29:00+00:00
[2022-07-27 03:29:01,364] {processor.py:161} INFO - Processing /home/airflow/.local/lib/python3.7/site-packages/airflow/example_dags/example_branch_python_dop_operator_3.py took 0.119 seconds
[2022-07-27 03:29:32,100] {processor.py:153} INFO - Started process (PID=19111) to work on /home/airflow/.local/lib/python3.7/site-packages/airflow/example_dags/example_branch_python_dop_operator_3.py
[2022-07-27 03:29:32,101] {processor.py:641} INFO - Processing file /home/airflow/.local/lib/python3.7/site-packages/airflow/example_dags/example_branch_python_dop_operator_3.py for tasks to queue
[2022-07-27 03:29:32,101] {logging_mixin.py:115} INFO - [2022-07-27 03:29:32,101] {dagbag.py:508} INFO - Filling up the DagBag from /home/airflow/.local/lib/python3.7/site-packages/airflow/example_dags/example_branch_python_dop_operator_3.py
[2022-07-27 03:29:32,111] {processor.py:651} INFO - DAG(s) dict_keys(['example_branch_dop_operator_v3']) retrieved from /home/airflow/.local/lib/python3.7/site-packages/airflow/example_dags/example_branch_python_dop_operator_3.py
[2022-07-27 03:29:32,142] {logging_mixin.py:115} INFO - [2022-07-27 03:29:32,141] {dag.py:2420} INFO - Sync 1 DAGs
[2022-07-27 03:29:32,181] {logging_mixin.py:115} INFO - [2022-07-27 03:29:32,181] {dag.py:2972} INFO - Setting next_dagrun for example_branch_dop_operator_v3 to 2022-07-27T03:28:00+00:00, run_after=2022-07-27T03:29:00+00:00
[2022-07-27 03:29:32,198] {processor.py:161} INFO - Processing /home/airflow/.local/lib/python3.7/site-packages/airflow/example_dags/example_branch_python_dop_operator_3.py took 0.101 seconds
[2022-07-27 03:30:03,008] {processor.py:153} INFO - Started process (PID=19314) to work on /home/airflow/.local/lib/python3.7/site-packages/airflow/example_dags/example_branch_python_dop_operator_3.py
[2022-07-27 03:30:03,009] {processor.py:641} INFO - Processing file /home/airflow/.local/lib/python3.7/site-packages/airflow/example_dags/example_branch_python_dop_operator_3.py for tasks to queue
[2022-07-27 03:30:03,010] {logging_mixin.py:115} INFO - [2022-07-27 03:30:03,010] {dagbag.py:508} INFO - Filling up the DagBag from /home/airflow/.local/lib/python3.7/site-packages/airflow/example_dags/example_branch_python_dop_operator_3.py
[2022-07-27 03:30:03,018] {processor.py:651} INFO - DAG(s) dict_keys(['example_branch_dop_operator_v3']) retrieved from /home/airflow/.local/lib/python3.7/site-packages/airflow/example_dags/example_branch_python_dop_operator_3.py
[2022-07-27 03:30:03,041] {logging_mixin.py:115} INFO - [2022-07-27 03:30:03,040] {dag.py:2420} INFO - Sync 1 DAGs
[2022-07-27 03:30:03,068] {logging_mixin.py:115} INFO - [2022-07-27 03:30:03,068] {dag.py:2972} INFO - Setting next_dagrun for example_branch_dop_operator_v3 to 2022-07-27T03:29:00+00:00, run_after=2022-07-27T03:30:00+00:00
[2022-07-27 03:30:03,081] {processor.py:161} INFO - Processing /home/airflow/.local/lib/python3.7/site-packages/airflow/example_dags/example_branch_python_dop_operator_3.py took 0.075 seconds
