[2022-07-27 00:42:10,148] {processor.py:153} INFO - Started process (PID=16410) to work on /home/airflow/.local/lib/python3.7/site-packages/airflow/example_dags/example_short_circuit_operator.py
[2022-07-27 00:42:10,149] {processor.py:641} INFO - Processing file /home/airflow/.local/lib/python3.7/site-packages/airflow/example_dags/example_short_circuit_operator.py for tasks to queue
[2022-07-27 00:42:10,150] {logging_mixin.py:115} INFO - [2022-07-27 00:42:10,150] {dagbag.py:508} INFO - Filling up the DagBag from /home/airflow/.local/lib/python3.7/site-packages/airflow/example_dags/example_short_circuit_operator.py
[2022-07-27 00:42:10,168] {processor.py:651} INFO - DAG(s) dict_keys(['example_short_circuit_operator']) retrieved from /home/airflow/.local/lib/python3.7/site-packages/airflow/example_dags/example_short_circuit_operator.py
[2022-07-27 00:42:10,218] {logging_mixin.py:115} INFO - [2022-07-27 00:42:10,218] {dag.py:2420} INFO - Sync 1 DAGs
[2022-07-27 00:42:10,264] {logging_mixin.py:115} INFO - [2022-07-27 00:42:10,264] {dag.py:2972} INFO - Setting next_dagrun for example_short_circuit_operator to 2022-07-26T00:42:10.264209+00:00, run_after=2022-07-27T00:42:10.264209+00:00
[2022-07-27 00:42:10,288] {processor.py:161} INFO - Processing /home/airflow/.local/lib/python3.7/site-packages/airflow/example_dags/example_short_circuit_operator.py took 0.143 seconds
[2022-07-27 03:23:19,297] {processor.py:153} INFO - Started process (PID=16594) to work on /home/airflow/.local/lib/python3.7/site-packages/airflow/example_dags/example_short_circuit_operator.py
[2022-07-27 03:23:19,308] {processor.py:641} INFO - Processing file /home/airflow/.local/lib/python3.7/site-packages/airflow/example_dags/example_short_circuit_operator.py for tasks to queue
[2022-07-27 03:23:19,311] {logging_mixin.py:115} INFO - [2022-07-27 03:23:19,310] {dagbag.py:508} INFO - Filling up the DagBag from /home/airflow/.local/lib/python3.7/site-packages/airflow/example_dags/example_short_circuit_operator.py
[2022-07-27 03:23:19,361] {processor.py:651} INFO - DAG(s) dict_keys(['example_short_circuit_operator']) retrieved from /home/airflow/.local/lib/python3.7/site-packages/airflow/example_dags/example_short_circuit_operator.py
[2022-07-27 03:23:19,513] {logging_mixin.py:115} INFO - [2022-07-27 03:23:19,512] {dag.py:2420} INFO - Sync 1 DAGs
[2022-07-27 03:23:19,628] {logging_mixin.py:115} INFO - [2022-07-27 03:23:19,628] {dag.py:2972} INFO - Setting next_dagrun for example_short_circuit_operator to 2022-07-26T03:23:19.627966+00:00, run_after=2022-07-27T03:23:19.627966+00:00
[2022-07-27 03:23:19,680] {processor.py:161} INFO - Processing /home/airflow/.local/lib/python3.7/site-packages/airflow/example_dags/example_short_circuit_operator.py took 0.390 seconds
[2022-07-27 03:23:49,795] {processor.py:153} INFO - Started process (PID=16802) to work on /home/airflow/.local/lib/python3.7/site-packages/airflow/example_dags/example_short_circuit_operator.py
[2022-07-27 03:23:49,796] {processor.py:641} INFO - Processing file /home/airflow/.local/lib/python3.7/site-packages/airflow/example_dags/example_short_circuit_operator.py for tasks to queue
[2022-07-27 03:23:49,797] {logging_mixin.py:115} INFO - [2022-07-27 03:23:49,797] {dagbag.py:508} INFO - Filling up the DagBag from /home/airflow/.local/lib/python3.7/site-packages/airflow/example_dags/example_short_circuit_operator.py
[2022-07-27 03:23:49,810] {processor.py:651} INFO - DAG(s) dict_keys(['example_short_circuit_operator']) retrieved from /home/airflow/.local/lib/python3.7/site-packages/airflow/example_dags/example_short_circuit_operator.py
[2022-07-27 03:23:49,868] {logging_mixin.py:115} INFO - [2022-07-27 03:23:49,868] {dag.py:2420} INFO - Sync 1 DAGs
[2022-07-27 03:23:49,924] {logging_mixin.py:115} INFO - [2022-07-27 03:23:49,924] {dag.py:2972} INFO - Setting next_dagrun for example_short_circuit_operator to 2022-07-26T03:23:49.923946+00:00, run_after=2022-07-27T03:23:49.923946+00:00
[2022-07-27 03:23:49,956] {processor.py:161} INFO - Processing /home/airflow/.local/lib/python3.7/site-packages/airflow/example_dags/example_short_circuit_operator.py took 0.164 seconds
[2022-07-27 03:24:20,689] {processor.py:153} INFO - Started process (PID=16999) to work on /home/airflow/.local/lib/python3.7/site-packages/airflow/example_dags/example_short_circuit_operator.py
[2022-07-27 03:24:20,690] {processor.py:641} INFO - Processing file /home/airflow/.local/lib/python3.7/site-packages/airflow/example_dags/example_short_circuit_operator.py for tasks to queue
[2022-07-27 03:24:20,690] {logging_mixin.py:115} INFO - [2022-07-27 03:24:20,690] {dagbag.py:508} INFO - Filling up the DagBag from /home/airflow/.local/lib/python3.7/site-packages/airflow/example_dags/example_short_circuit_operator.py
[2022-07-27 03:24:20,699] {processor.py:651} INFO - DAG(s) dict_keys(['example_short_circuit_operator']) retrieved from /home/airflow/.local/lib/python3.7/site-packages/airflow/example_dags/example_short_circuit_operator.py
[2022-07-27 03:24:20,725] {logging_mixin.py:115} INFO - [2022-07-27 03:24:20,725] {dag.py:2420} INFO - Sync 1 DAGs
[2022-07-27 03:24:20,746] {logging_mixin.py:115} INFO - [2022-07-27 03:24:20,746] {dag.py:2972} INFO - Setting next_dagrun for example_short_circuit_operator to 2022-07-26T03:24:20.745946+00:00, run_after=2022-07-27T03:24:20.745946+00:00
[2022-07-27 03:24:20,766] {processor.py:161} INFO - Processing /home/airflow/.local/lib/python3.7/site-packages/airflow/example_dags/example_short_circuit_operator.py took 0.081 seconds
[2022-07-27 03:24:51,307] {processor.py:153} INFO - Started process (PID=17202) to work on /home/airflow/.local/lib/python3.7/site-packages/airflow/example_dags/example_short_circuit_operator.py
[2022-07-27 03:24:51,308] {processor.py:641} INFO - Processing file /home/airflow/.local/lib/python3.7/site-packages/airflow/example_dags/example_short_circuit_operator.py for tasks to queue
[2022-07-27 03:24:51,309] {logging_mixin.py:115} INFO - [2022-07-27 03:24:51,309] {dagbag.py:508} INFO - Filling up the DagBag from /home/airflow/.local/lib/python3.7/site-packages/airflow/example_dags/example_short_circuit_operator.py
[2022-07-27 03:24:51,321] {processor.py:651} INFO - DAG(s) dict_keys(['example_short_circuit_operator']) retrieved from /home/airflow/.local/lib/python3.7/site-packages/airflow/example_dags/example_short_circuit_operator.py
[2022-07-27 03:24:51,362] {logging_mixin.py:115} INFO - [2022-07-27 03:24:51,362] {dag.py:2420} INFO - Sync 1 DAGs
[2022-07-27 03:24:51,391] {logging_mixin.py:115} INFO - [2022-07-27 03:24:51,391] {dag.py:2972} INFO - Setting next_dagrun for example_short_circuit_operator to 2022-07-26T03:24:51.391198+00:00, run_after=2022-07-27T03:24:51.391198+00:00
[2022-07-27 03:24:51,407] {processor.py:161} INFO - Processing /home/airflow/.local/lib/python3.7/site-packages/airflow/example_dags/example_short_circuit_operator.py took 0.103 seconds
[2022-07-27 03:25:21,866] {processor.py:153} INFO - Started process (PID=17405) to work on /home/airflow/.local/lib/python3.7/site-packages/airflow/example_dags/example_short_circuit_operator.py
[2022-07-27 03:25:21,867] {processor.py:641} INFO - Processing file /home/airflow/.local/lib/python3.7/site-packages/airflow/example_dags/example_short_circuit_operator.py for tasks to queue
[2022-07-27 03:25:21,868] {logging_mixin.py:115} INFO - [2022-07-27 03:25:21,868] {dagbag.py:508} INFO - Filling up the DagBag from /home/airflow/.local/lib/python3.7/site-packages/airflow/example_dags/example_short_circuit_operator.py
[2022-07-27 03:25:21,885] {processor.py:651} INFO - DAG(s) dict_keys(['example_short_circuit_operator']) retrieved from /home/airflow/.local/lib/python3.7/site-packages/airflow/example_dags/example_short_circuit_operator.py
[2022-07-27 03:25:21,929] {logging_mixin.py:115} INFO - [2022-07-27 03:25:21,929] {dag.py:2420} INFO - Sync 1 DAGs
[2022-07-27 03:25:21,969] {logging_mixin.py:115} INFO - [2022-07-27 03:25:21,968] {dag.py:2972} INFO - Setting next_dagrun for example_short_circuit_operator to 2022-07-26T03:25:21.968416+00:00, run_after=2022-07-27T03:25:21.968416+00:00
[2022-07-27 03:25:21,999] {processor.py:161} INFO - Processing /home/airflow/.local/lib/python3.7/site-packages/airflow/example_dags/example_short_circuit_operator.py took 0.141 seconds
[2022-07-27 03:25:52,735] {processor.py:153} INFO - Started process (PID=17599) to work on /home/airflow/.local/lib/python3.7/site-packages/airflow/example_dags/example_short_circuit_operator.py
[2022-07-27 03:25:52,737] {processor.py:641} INFO - Processing file /home/airflow/.local/lib/python3.7/site-packages/airflow/example_dags/example_short_circuit_operator.py for tasks to queue
[2022-07-27 03:25:52,738] {logging_mixin.py:115} INFO - [2022-07-27 03:25:52,738] {dagbag.py:508} INFO - Filling up the DagBag from /home/airflow/.local/lib/python3.7/site-packages/airflow/example_dags/example_short_circuit_operator.py
[2022-07-27 03:25:52,748] {processor.py:651} INFO - DAG(s) dict_keys(['example_short_circuit_operator']) retrieved from /home/airflow/.local/lib/python3.7/site-packages/airflow/example_dags/example_short_circuit_operator.py
[2022-07-27 03:25:52,784] {logging_mixin.py:115} INFO - [2022-07-27 03:25:52,784] {dag.py:2420} INFO - Sync 1 DAGs
[2022-07-27 03:25:52,815] {logging_mixin.py:115} INFO - [2022-07-27 03:25:52,815] {dag.py:2972} INFO - Setting next_dagrun for example_short_circuit_operator to 2022-07-26T03:25:52.814869+00:00, run_after=2022-07-27T03:25:52.814869+00:00
[2022-07-27 03:25:52,843] {processor.py:161} INFO - Processing /home/airflow/.local/lib/python3.7/site-packages/airflow/example_dags/example_short_circuit_operator.py took 0.111 seconds
[2022-07-27 03:26:23,252] {processor.py:153} INFO - Started process (PID=17803) to work on /home/airflow/.local/lib/python3.7/site-packages/airflow/example_dags/example_short_circuit_operator.py
[2022-07-27 03:26:23,253] {processor.py:641} INFO - Processing file /home/airflow/.local/lib/python3.7/site-packages/airflow/example_dags/example_short_circuit_operator.py for tasks to queue
[2022-07-27 03:26:23,254] {logging_mixin.py:115} INFO - [2022-07-27 03:26:23,254] {dagbag.py:508} INFO - Filling up the DagBag from /home/airflow/.local/lib/python3.7/site-packages/airflow/example_dags/example_short_circuit_operator.py
[2022-07-27 03:26:23,268] {processor.py:651} INFO - DAG(s) dict_keys(['example_short_circuit_operator']) retrieved from /home/airflow/.local/lib/python3.7/site-packages/airflow/example_dags/example_short_circuit_operator.py
[2022-07-27 03:26:23,305] {logging_mixin.py:115} INFO - [2022-07-27 03:26:23,305] {dag.py:2420} INFO - Sync 1 DAGs
[2022-07-27 03:26:23,337] {logging_mixin.py:115} INFO - [2022-07-27 03:26:23,336] {dag.py:2972} INFO - Setting next_dagrun for example_short_circuit_operator to 2022-07-26T03:26:23.336638+00:00, run_after=2022-07-27T03:26:23.336638+00:00
[2022-07-27 03:26:23,362] {processor.py:161} INFO - Processing /home/airflow/.local/lib/python3.7/site-packages/airflow/example_dags/example_short_circuit_operator.py took 0.113 seconds
[2022-07-27 03:26:53,782] {processor.py:153} INFO - Started process (PID=17997) to work on /home/airflow/.local/lib/python3.7/site-packages/airflow/example_dags/example_short_circuit_operator.py
[2022-07-27 03:26:53,783] {processor.py:641} INFO - Processing file /home/airflow/.local/lib/python3.7/site-packages/airflow/example_dags/example_short_circuit_operator.py for tasks to queue
[2022-07-27 03:26:53,784] {logging_mixin.py:115} INFO - [2022-07-27 03:26:53,784] {dagbag.py:508} INFO - Filling up the DagBag from /home/airflow/.local/lib/python3.7/site-packages/airflow/example_dags/example_short_circuit_operator.py
[2022-07-27 03:26:53,799] {processor.py:651} INFO - DAG(s) dict_keys(['example_short_circuit_operator']) retrieved from /home/airflow/.local/lib/python3.7/site-packages/airflow/example_dags/example_short_circuit_operator.py
[2022-07-27 03:26:53,844] {logging_mixin.py:115} INFO - [2022-07-27 03:26:53,844] {dag.py:2420} INFO - Sync 1 DAGs
[2022-07-27 03:26:53,879] {logging_mixin.py:115} INFO - [2022-07-27 03:26:53,879] {dag.py:2972} INFO - Setting next_dagrun for example_short_circuit_operator to 2022-07-26T03:26:53.878782+00:00, run_after=2022-07-27T03:26:53.878782+00:00
[2022-07-27 03:26:53,900] {processor.py:161} INFO - Processing /home/airflow/.local/lib/python3.7/site-packages/airflow/example_dags/example_short_circuit_operator.py took 0.122 seconds
[2022-07-27 03:27:24,135] {processor.py:153} INFO - Started process (PID=18201) to work on /home/airflow/.local/lib/python3.7/site-packages/airflow/example_dags/example_short_circuit_operator.py
[2022-07-27 03:27:24,138] {processor.py:641} INFO - Processing file /home/airflow/.local/lib/python3.7/site-packages/airflow/example_dags/example_short_circuit_operator.py for tasks to queue
[2022-07-27 03:27:24,140] {logging_mixin.py:115} INFO - [2022-07-27 03:27:24,139] {dagbag.py:508} INFO - Filling up the DagBag from /home/airflow/.local/lib/python3.7/site-packages/airflow/example_dags/example_short_circuit_operator.py
[2022-07-27 03:27:24,153] {processor.py:651} INFO - DAG(s) dict_keys(['example_short_circuit_operator']) retrieved from /home/airflow/.local/lib/python3.7/site-packages/airflow/example_dags/example_short_circuit_operator.py
[2022-07-27 03:27:24,203] {logging_mixin.py:115} INFO - [2022-07-27 03:27:24,203] {dag.py:2420} INFO - Sync 1 DAGs
[2022-07-27 03:27:24,249] {logging_mixin.py:115} INFO - [2022-07-27 03:27:24,249] {dag.py:2972} INFO - Setting next_dagrun for example_short_circuit_operator to 2022-07-26T03:27:24.249204+00:00, run_after=2022-07-27T03:27:24.249204+00:00
[2022-07-27 03:27:24,270] {processor.py:161} INFO - Processing /home/airflow/.local/lib/python3.7/site-packages/airflow/example_dags/example_short_circuit_operator.py took 0.138 seconds
[2022-07-27 03:27:54,485] {processor.py:153} INFO - Started process (PID=18395) to work on /home/airflow/.local/lib/python3.7/site-packages/airflow/example_dags/example_short_circuit_operator.py
[2022-07-27 03:27:54,486] {processor.py:641} INFO - Processing file /home/airflow/.local/lib/python3.7/site-packages/airflow/example_dags/example_short_circuit_operator.py for tasks to queue
[2022-07-27 03:27:54,487] {logging_mixin.py:115} INFO - [2022-07-27 03:27:54,487] {dagbag.py:508} INFO - Filling up the DagBag from /home/airflow/.local/lib/python3.7/site-packages/airflow/example_dags/example_short_circuit_operator.py
[2022-07-27 03:27:54,499] {processor.py:651} INFO - DAG(s) dict_keys(['example_short_circuit_operator']) retrieved from /home/airflow/.local/lib/python3.7/site-packages/airflow/example_dags/example_short_circuit_operator.py
[2022-07-27 03:27:54,542] {logging_mixin.py:115} INFO - [2022-07-27 03:27:54,542] {dag.py:2420} INFO - Sync 1 DAGs
[2022-07-27 03:27:54,577] {logging_mixin.py:115} INFO - [2022-07-27 03:27:54,577] {dag.py:2972} INFO - Setting next_dagrun for example_short_circuit_operator to 2022-07-26T03:27:54.576598+00:00, run_after=2022-07-27T03:27:54.576598+00:00
[2022-07-27 03:27:54,593] {processor.py:161} INFO - Processing /home/airflow/.local/lib/python3.7/site-packages/airflow/example_dags/example_short_circuit_operator.py took 0.112 seconds
[2022-07-27 03:28:25,015] {processor.py:153} INFO - Started process (PID=18598) to work on /home/airflow/.local/lib/python3.7/site-packages/airflow/example_dags/example_short_circuit_operator.py
[2022-07-27 03:28:25,016] {processor.py:641} INFO - Processing file /home/airflow/.local/lib/python3.7/site-packages/airflow/example_dags/example_short_circuit_operator.py for tasks to queue
[2022-07-27 03:28:25,017] {logging_mixin.py:115} INFO - [2022-07-27 03:28:25,017] {dagbag.py:508} INFO - Filling up the DagBag from /home/airflow/.local/lib/python3.7/site-packages/airflow/example_dags/example_short_circuit_operator.py
[2022-07-27 03:28:25,026] {processor.py:651} INFO - DAG(s) dict_keys(['example_short_circuit_operator']) retrieved from /home/airflow/.local/lib/python3.7/site-packages/airflow/example_dags/example_short_circuit_operator.py
[2022-07-27 03:28:25,059] {logging_mixin.py:115} INFO - [2022-07-27 03:28:25,059] {dag.py:2420} INFO - Sync 1 DAGs
[2022-07-27 03:28:25,088] {logging_mixin.py:115} INFO - [2022-07-27 03:28:25,088] {dag.py:2972} INFO - Setting next_dagrun for example_short_circuit_operator to 2022-07-26T03:28:25.087894+00:00, run_after=2022-07-27T03:28:25.087894+00:00
[2022-07-27 03:28:25,105] {processor.py:161} INFO - Processing /home/airflow/.local/lib/python3.7/site-packages/airflow/example_dags/example_short_circuit_operator.py took 0.093 seconds
[2022-07-27 03:28:55,615] {processor.py:153} INFO - Started process (PID=18792) to work on /home/airflow/.local/lib/python3.7/site-packages/airflow/example_dags/example_short_circuit_operator.py
[2022-07-27 03:28:55,616] {processor.py:641} INFO - Processing file /home/airflow/.local/lib/python3.7/site-packages/airflow/example_dags/example_short_circuit_operator.py for tasks to queue
[2022-07-27 03:28:55,617] {logging_mixin.py:115} INFO - [2022-07-27 03:28:55,617] {dagbag.py:508} INFO - Filling up the DagBag from /home/airflow/.local/lib/python3.7/site-packages/airflow/example_dags/example_short_circuit_operator.py
[2022-07-27 03:28:55,631] {processor.py:651} INFO - DAG(s) dict_keys(['example_short_circuit_operator']) retrieved from /home/airflow/.local/lib/python3.7/site-packages/airflow/example_dags/example_short_circuit_operator.py
[2022-07-27 03:28:55,676] {logging_mixin.py:115} INFO - [2022-07-27 03:28:55,676] {dag.py:2420} INFO - Sync 1 DAGs
[2022-07-27 03:28:55,709] {logging_mixin.py:115} INFO - [2022-07-27 03:28:55,709] {dag.py:2972} INFO - Setting next_dagrun for example_short_circuit_operator to 2022-07-26T03:28:55.709235+00:00, run_after=2022-07-27T03:28:55.709235+00:00
[2022-07-27 03:28:55,729] {processor.py:161} INFO - Processing /home/airflow/.local/lib/python3.7/site-packages/airflow/example_dags/example_short_circuit_operator.py took 0.121 seconds
[2022-07-27 03:29:26,193] {processor.py:153} INFO - Started process (PID=18995) to work on /home/airflow/.local/lib/python3.7/site-packages/airflow/example_dags/example_short_circuit_operator.py
[2022-07-27 03:29:26,193] {processor.py:641} INFO - Processing file /home/airflow/.local/lib/python3.7/site-packages/airflow/example_dags/example_short_circuit_operator.py for tasks to queue
[2022-07-27 03:29:26,194] {logging_mixin.py:115} INFO - [2022-07-27 03:29:26,194] {dagbag.py:508} INFO - Filling up the DagBag from /home/airflow/.local/lib/python3.7/site-packages/airflow/example_dags/example_short_circuit_operator.py
[2022-07-27 03:29:26,205] {processor.py:651} INFO - DAG(s) dict_keys(['example_short_circuit_operator']) retrieved from /home/airflow/.local/lib/python3.7/site-packages/airflow/example_dags/example_short_circuit_operator.py
[2022-07-27 03:29:26,247] {logging_mixin.py:115} INFO - [2022-07-27 03:29:26,246] {dag.py:2420} INFO - Sync 1 DAGs
[2022-07-27 03:29:26,289] {logging_mixin.py:115} INFO - [2022-07-27 03:29:26,288] {dag.py:2972} INFO - Setting next_dagrun for example_short_circuit_operator to 2022-07-26T03:29:26.288742+00:00, run_after=2022-07-27T03:29:26.288742+00:00
[2022-07-27 03:29:26,306] {processor.py:161} INFO - Processing /home/airflow/.local/lib/python3.7/site-packages/airflow/example_dags/example_short_circuit_operator.py took 0.116 seconds
[2022-07-27 03:29:57,177] {processor.py:153} INFO - Started process (PID=19189) to work on /home/airflow/.local/lib/python3.7/site-packages/airflow/example_dags/example_short_circuit_operator.py
[2022-07-27 03:29:57,178] {processor.py:641} INFO - Processing file /home/airflow/.local/lib/python3.7/site-packages/airflow/example_dags/example_short_circuit_operator.py for tasks to queue
[2022-07-27 03:29:57,179] {logging_mixin.py:115} INFO - [2022-07-27 03:29:57,179] {dagbag.py:508} INFO - Filling up the DagBag from /home/airflow/.local/lib/python3.7/site-packages/airflow/example_dags/example_short_circuit_operator.py
[2022-07-27 03:29:57,196] {processor.py:651} INFO - DAG(s) dict_keys(['example_short_circuit_operator']) retrieved from /home/airflow/.local/lib/python3.7/site-packages/airflow/example_dags/example_short_circuit_operator.py
[2022-07-27 03:29:57,235] {logging_mixin.py:115} INFO - [2022-07-27 03:29:57,235] {dag.py:2420} INFO - Sync 1 DAGs
[2022-07-27 03:29:57,267] {logging_mixin.py:115} INFO - [2022-07-27 03:29:57,267] {dag.py:2972} INFO - Setting next_dagrun for example_short_circuit_operator to 2022-07-26T03:29:57.266798+00:00, run_after=2022-07-27T03:29:57.266798+00:00
[2022-07-27 03:29:57,285] {processor.py:161} INFO - Processing /home/airflow/.local/lib/python3.7/site-packages/airflow/example_dags/example_short_circuit_operator.py took 0.113 seconds
