[2022-07-27 00:42:11,506] {processor.py:153} INFO - Started process (PID=16474) to work on /home/airflow/.local/lib/python3.7/site-packages/airflow/example_dags/example_branch_day_of_week_operator.py
[2022-07-27 00:42:11,507] {processor.py:641} INFO - Processing file /home/airflow/.local/lib/python3.7/site-packages/airflow/example_dags/example_branch_day_of_week_operator.py for tasks to queue
[2022-07-27 00:42:11,508] {logging_mixin.py:115} INFO - [2022-07-27 00:42:11,508] {dagbag.py:508} INFO - Filling up the DagBag from /home/airflow/.local/lib/python3.7/site-packages/airflow/example_dags/example_branch_day_of_week_operator.py
[2022-07-27 00:42:11,522] {processor.py:651} INFO - DAG(s) dict_keys(['example_weekday_branch_operator']) retrieved from /home/airflow/.local/lib/python3.7/site-packages/airflow/example_dags/example_branch_day_of_week_operator.py
[2022-07-27 00:42:11,552] {logging_mixin.py:115} INFO - [2022-07-27 00:42:11,552] {dag.py:2420} INFO - Sync 1 DAGs
[2022-07-27 00:42:11,583] {logging_mixin.py:115} INFO - [2022-07-27 00:42:11,582] {dag.py:2972} INFO - Setting next_dagrun for example_weekday_branch_operator to 2022-07-26T00:00:00+00:00, run_after=2022-07-27T00:00:00+00:00
[2022-07-27 00:42:11,599] {processor.py:161} INFO - Processing /home/airflow/.local/lib/python3.7/site-packages/airflow/example_dags/example_branch_day_of_week_operator.py took 0.096 seconds
[2022-07-27 03:23:21,988] {processor.py:153} INFO - Started process (PID=16670) to work on /home/airflow/.local/lib/python3.7/site-packages/airflow/example_dags/example_branch_day_of_week_operator.py
[2022-07-27 03:23:21,991] {processor.py:641} INFO - Processing file /home/airflow/.local/lib/python3.7/site-packages/airflow/example_dags/example_branch_day_of_week_operator.py for tasks to queue
[2022-07-27 03:23:21,994] {logging_mixin.py:115} INFO - [2022-07-27 03:23:21,994] {dagbag.py:508} INFO - Filling up the DagBag from /home/airflow/.local/lib/python3.7/site-packages/airflow/example_dags/example_branch_day_of_week_operator.py
[2022-07-27 03:23:22,020] {processor.py:651} INFO - DAG(s) dict_keys(['example_weekday_branch_operator']) retrieved from /home/airflow/.local/lib/python3.7/site-packages/airflow/example_dags/example_branch_day_of_week_operator.py
[2022-07-27 03:23:22,095] {logging_mixin.py:115} INFO - [2022-07-27 03:23:22,094] {dag.py:2420} INFO - Sync 1 DAGs
[2022-07-27 03:23:22,193] {logging_mixin.py:115} INFO - [2022-07-27 03:23:22,193] {dag.py:2972} INFO - Setting next_dagrun for example_weekday_branch_operator to 2022-07-26T00:00:00+00:00, run_after=2022-07-27T00:00:00+00:00
[2022-07-27 03:23:22,245] {processor.py:161} INFO - Processing /home/airflow/.local/lib/python3.7/site-packages/airflow/example_dags/example_branch_day_of_week_operator.py took 0.264 seconds
[2022-07-27 03:23:53,020] {processor.py:153} INFO - Started process (PID=16868) to work on /home/airflow/.local/lib/python3.7/site-packages/airflow/example_dags/example_branch_day_of_week_operator.py
[2022-07-27 03:23:53,021] {processor.py:641} INFO - Processing file /home/airflow/.local/lib/python3.7/site-packages/airflow/example_dags/example_branch_day_of_week_operator.py for tasks to queue
[2022-07-27 03:23:53,021] {logging_mixin.py:115} INFO - [2022-07-27 03:23:53,021] {dagbag.py:508} INFO - Filling up the DagBag from /home/airflow/.local/lib/python3.7/site-packages/airflow/example_dags/example_branch_day_of_week_operator.py
[2022-07-27 03:23:53,029] {processor.py:651} INFO - DAG(s) dict_keys(['example_weekday_branch_operator']) retrieved from /home/airflow/.local/lib/python3.7/site-packages/airflow/example_dags/example_branch_day_of_week_operator.py
[2022-07-27 03:23:53,056] {logging_mixin.py:115} INFO - [2022-07-27 03:23:53,056] {dag.py:2420} INFO - Sync 1 DAGs
[2022-07-27 03:23:53,085] {logging_mixin.py:115} INFO - [2022-07-27 03:23:53,085] {dag.py:2972} INFO - Setting next_dagrun for example_weekday_branch_operator to 2022-07-26T00:00:00+00:00, run_after=2022-07-27T00:00:00+00:00
[2022-07-27 03:23:53,103] {processor.py:161} INFO - Processing /home/airflow/.local/lib/python3.7/site-packages/airflow/example_dags/example_branch_day_of_week_operator.py took 0.085 seconds
[2022-07-27 03:24:23,656] {processor.py:153} INFO - Started process (PID=17076) to work on /home/airflow/.local/lib/python3.7/site-packages/airflow/example_dags/example_branch_day_of_week_operator.py
[2022-07-27 03:24:23,657] {processor.py:641} INFO - Processing file /home/airflow/.local/lib/python3.7/site-packages/airflow/example_dags/example_branch_day_of_week_operator.py for tasks to queue
[2022-07-27 03:24:23,658] {logging_mixin.py:115} INFO - [2022-07-27 03:24:23,658] {dagbag.py:508} INFO - Filling up the DagBag from /home/airflow/.local/lib/python3.7/site-packages/airflow/example_dags/example_branch_day_of_week_operator.py
[2022-07-27 03:24:23,666] {processor.py:651} INFO - DAG(s) dict_keys(['example_weekday_branch_operator']) retrieved from /home/airflow/.local/lib/python3.7/site-packages/airflow/example_dags/example_branch_day_of_week_operator.py
[2022-07-27 03:24:23,693] {logging_mixin.py:115} INFO - [2022-07-27 03:24:23,693] {dag.py:2420} INFO - Sync 1 DAGs
[2022-07-27 03:24:23,718] {logging_mixin.py:115} INFO - [2022-07-27 03:24:23,718] {dag.py:2972} INFO - Setting next_dagrun for example_weekday_branch_operator to 2022-07-26T00:00:00+00:00, run_after=2022-07-27T00:00:00+00:00
[2022-07-27 03:24:23,731] {processor.py:161} INFO - Processing /home/airflow/.local/lib/python3.7/site-packages/airflow/example_dags/example_branch_day_of_week_operator.py took 0.078 seconds
[2022-07-27 03:24:53,831] {processor.py:153} INFO - Started process (PID=17268) to work on /home/airflow/.local/lib/python3.7/site-packages/airflow/example_dags/example_branch_day_of_week_operator.py
[2022-07-27 03:24:53,832] {processor.py:641} INFO - Processing file /home/airflow/.local/lib/python3.7/site-packages/airflow/example_dags/example_branch_day_of_week_operator.py for tasks to queue
[2022-07-27 03:24:53,833] {logging_mixin.py:115} INFO - [2022-07-27 03:24:53,833] {dagbag.py:508} INFO - Filling up the DagBag from /home/airflow/.local/lib/python3.7/site-packages/airflow/example_dags/example_branch_day_of_week_operator.py
[2022-07-27 03:24:53,842] {processor.py:651} INFO - DAG(s) dict_keys(['example_weekday_branch_operator']) retrieved from /home/airflow/.local/lib/python3.7/site-packages/airflow/example_dags/example_branch_day_of_week_operator.py
[2022-07-27 03:24:53,877] {logging_mixin.py:115} INFO - [2022-07-27 03:24:53,876] {dag.py:2420} INFO - Sync 1 DAGs
[2022-07-27 03:24:53,917] {logging_mixin.py:115} INFO - [2022-07-27 03:24:53,917] {dag.py:2972} INFO - Setting next_dagrun for example_weekday_branch_operator to 2022-07-26T00:00:00+00:00, run_after=2022-07-27T00:00:00+00:00
[2022-07-27 03:24:53,936] {processor.py:161} INFO - Processing /home/airflow/.local/lib/python3.7/site-packages/airflow/example_dags/example_branch_day_of_week_operator.py took 0.109 seconds
[2022-07-27 03:25:24,243] {processor.py:153} INFO - Started process (PID=17471) to work on /home/airflow/.local/lib/python3.7/site-packages/airflow/example_dags/example_branch_day_of_week_operator.py
[2022-07-27 03:25:24,244] {processor.py:641} INFO - Processing file /home/airflow/.local/lib/python3.7/site-packages/airflow/example_dags/example_branch_day_of_week_operator.py for tasks to queue
[2022-07-27 03:25:24,245] {logging_mixin.py:115} INFO - [2022-07-27 03:25:24,245] {dagbag.py:508} INFO - Filling up the DagBag from /home/airflow/.local/lib/python3.7/site-packages/airflow/example_dags/example_branch_day_of_week_operator.py
[2022-07-27 03:25:24,258] {processor.py:651} INFO - DAG(s) dict_keys(['example_weekday_branch_operator']) retrieved from /home/airflow/.local/lib/python3.7/site-packages/airflow/example_dags/example_branch_day_of_week_operator.py
[2022-07-27 03:25:24,293] {logging_mixin.py:115} INFO - [2022-07-27 03:25:24,293] {dag.py:2420} INFO - Sync 1 DAGs
[2022-07-27 03:25:24,328] {logging_mixin.py:115} INFO - [2022-07-27 03:25:24,328] {dag.py:2972} INFO - Setting next_dagrun for example_weekday_branch_operator to 2022-07-26T00:00:00+00:00, run_after=2022-07-27T00:00:00+00:00
[2022-07-27 03:25:24,348] {processor.py:161} INFO - Processing /home/airflow/.local/lib/python3.7/site-packages/airflow/example_dags/example_branch_day_of_week_operator.py took 0.108 seconds
[2022-07-27 03:25:55,298] {processor.py:153} INFO - Started process (PID=17667) to work on /home/airflow/.local/lib/python3.7/site-packages/airflow/example_dags/example_branch_day_of_week_operator.py
[2022-07-27 03:25:55,300] {processor.py:641} INFO - Processing file /home/airflow/.local/lib/python3.7/site-packages/airflow/example_dags/example_branch_day_of_week_operator.py for tasks to queue
[2022-07-27 03:25:55,301] {logging_mixin.py:115} INFO - [2022-07-27 03:25:55,301] {dagbag.py:508} INFO - Filling up the DagBag from /home/airflow/.local/lib/python3.7/site-packages/airflow/example_dags/example_branch_day_of_week_operator.py
[2022-07-27 03:25:55,313] {processor.py:651} INFO - DAG(s) dict_keys(['example_weekday_branch_operator']) retrieved from /home/airflow/.local/lib/python3.7/site-packages/airflow/example_dags/example_branch_day_of_week_operator.py
[2022-07-27 03:25:55,353] {logging_mixin.py:115} INFO - [2022-07-27 03:25:55,353] {dag.py:2420} INFO - Sync 1 DAGs
[2022-07-27 03:25:55,394] {logging_mixin.py:115} INFO - [2022-07-27 03:25:55,394] {dag.py:2972} INFO - Setting next_dagrun for example_weekday_branch_operator to 2022-07-26T00:00:00+00:00, run_after=2022-07-27T00:00:00+00:00
[2022-07-27 03:25:55,418] {processor.py:161} INFO - Processing /home/airflow/.local/lib/python3.7/site-packages/airflow/example_dags/example_branch_day_of_week_operator.py took 0.125 seconds
[2022-07-27 03:26:26,077] {processor.py:153} INFO - Started process (PID=17869) to work on /home/airflow/.local/lib/python3.7/site-packages/airflow/example_dags/example_branch_day_of_week_operator.py
[2022-07-27 03:26:26,078] {processor.py:641} INFO - Processing file /home/airflow/.local/lib/python3.7/site-packages/airflow/example_dags/example_branch_day_of_week_operator.py for tasks to queue
[2022-07-27 03:26:26,079] {logging_mixin.py:115} INFO - [2022-07-27 03:26:26,079] {dagbag.py:508} INFO - Filling up the DagBag from /home/airflow/.local/lib/python3.7/site-packages/airflow/example_dags/example_branch_day_of_week_operator.py
[2022-07-27 03:26:26,091] {processor.py:651} INFO - DAG(s) dict_keys(['example_weekday_branch_operator']) retrieved from /home/airflow/.local/lib/python3.7/site-packages/airflow/example_dags/example_branch_day_of_week_operator.py
[2022-07-27 03:26:26,129] {logging_mixin.py:115} INFO - [2022-07-27 03:26:26,129] {dag.py:2420} INFO - Sync 1 DAGs
[2022-07-27 03:26:26,179] {logging_mixin.py:115} INFO - [2022-07-27 03:26:26,178] {dag.py:2972} INFO - Setting next_dagrun for example_weekday_branch_operator to 2022-07-26T00:00:00+00:00, run_after=2022-07-27T00:00:00+00:00
[2022-07-27 03:26:26,200] {processor.py:161} INFO - Processing /home/airflow/.local/lib/python3.7/site-packages/airflow/example_dags/example_branch_day_of_week_operator.py took 0.126 seconds
[2022-07-27 03:26:57,209] {processor.py:153} INFO - Started process (PID=18063) to work on /home/airflow/.local/lib/python3.7/site-packages/airflow/example_dags/example_branch_day_of_week_operator.py
[2022-07-27 03:26:57,210] {processor.py:641} INFO - Processing file /home/airflow/.local/lib/python3.7/site-packages/airflow/example_dags/example_branch_day_of_week_operator.py for tasks to queue
[2022-07-27 03:26:57,211] {logging_mixin.py:115} INFO - [2022-07-27 03:26:57,211] {dagbag.py:508} INFO - Filling up the DagBag from /home/airflow/.local/lib/python3.7/site-packages/airflow/example_dags/example_branch_day_of_week_operator.py
[2022-07-27 03:26:57,223] {processor.py:651} INFO - DAG(s) dict_keys(['example_weekday_branch_operator']) retrieved from /home/airflow/.local/lib/python3.7/site-packages/airflow/example_dags/example_branch_day_of_week_operator.py
[2022-07-27 03:26:57,254] {logging_mixin.py:115} INFO - [2022-07-27 03:26:57,254] {dag.py:2420} INFO - Sync 1 DAGs
[2022-07-27 03:26:57,300] {logging_mixin.py:115} INFO - [2022-07-27 03:26:57,300] {dag.py:2972} INFO - Setting next_dagrun for example_weekday_branch_operator to 2022-07-26T00:00:00+00:00, run_after=2022-07-27T00:00:00+00:00
[2022-07-27 03:26:57,338] {processor.py:161} INFO - Processing /home/airflow/.local/lib/python3.7/site-packages/airflow/example_dags/example_branch_day_of_week_operator.py took 0.132 seconds
[2022-07-27 03:27:27,482] {processor.py:153} INFO - Started process (PID=18266) to work on /home/airflow/.local/lib/python3.7/site-packages/airflow/example_dags/example_branch_day_of_week_operator.py
[2022-07-27 03:27:27,483] {processor.py:641} INFO - Processing file /home/airflow/.local/lib/python3.7/site-packages/airflow/example_dags/example_branch_day_of_week_operator.py for tasks to queue
[2022-07-27 03:27:27,484] {logging_mixin.py:115} INFO - [2022-07-27 03:27:27,484] {dagbag.py:508} INFO - Filling up the DagBag from /home/airflow/.local/lib/python3.7/site-packages/airflow/example_dags/example_branch_day_of_week_operator.py
[2022-07-27 03:27:27,497] {processor.py:651} INFO - DAG(s) dict_keys(['example_weekday_branch_operator']) retrieved from /home/airflow/.local/lib/python3.7/site-packages/airflow/example_dags/example_branch_day_of_week_operator.py
[2022-07-27 03:27:27,534] {logging_mixin.py:115} INFO - [2022-07-27 03:27:27,534] {dag.py:2420} INFO - Sync 1 DAGs
[2022-07-27 03:27:27,566] {logging_mixin.py:115} INFO - [2022-07-27 03:27:27,565] {dag.py:2972} INFO - Setting next_dagrun for example_weekday_branch_operator to 2022-07-26T00:00:00+00:00, run_after=2022-07-27T00:00:00+00:00
[2022-07-27 03:27:27,585] {processor.py:161} INFO - Processing /home/airflow/.local/lib/python3.7/site-packages/airflow/example_dags/example_branch_day_of_week_operator.py took 0.109 seconds
[2022-07-27 03:27:57,699] {processor.py:153} INFO - Started process (PID=18457) to work on /home/airflow/.local/lib/python3.7/site-packages/airflow/example_dags/example_branch_day_of_week_operator.py
[2022-07-27 03:27:57,701] {processor.py:641} INFO - Processing file /home/airflow/.local/lib/python3.7/site-packages/airflow/example_dags/example_branch_day_of_week_operator.py for tasks to queue
[2022-07-27 03:27:57,702] {logging_mixin.py:115} INFO - [2022-07-27 03:27:57,701] {dagbag.py:508} INFO - Filling up the DagBag from /home/airflow/.local/lib/python3.7/site-packages/airflow/example_dags/example_branch_day_of_week_operator.py
[2022-07-27 03:27:57,712] {processor.py:651} INFO - DAG(s) dict_keys(['example_weekday_branch_operator']) retrieved from /home/airflow/.local/lib/python3.7/site-packages/airflow/example_dags/example_branch_day_of_week_operator.py
[2022-07-27 03:27:57,750] {logging_mixin.py:115} INFO - [2022-07-27 03:27:57,750] {dag.py:2420} INFO - Sync 1 DAGs
[2022-07-27 03:27:57,785] {logging_mixin.py:115} INFO - [2022-07-27 03:27:57,785] {dag.py:2972} INFO - Setting next_dagrun for example_weekday_branch_operator to 2022-07-26T00:00:00+00:00, run_after=2022-07-27T00:00:00+00:00
[2022-07-27 03:27:57,805] {processor.py:161} INFO - Processing /home/airflow/.local/lib/python3.7/site-packages/airflow/example_dags/example_branch_day_of_week_operator.py took 0.110 seconds
[2022-07-27 03:28:27,866] {processor.py:153} INFO - Started process (PID=18658) to work on /home/airflow/.local/lib/python3.7/site-packages/airflow/example_dags/example_branch_day_of_week_operator.py
[2022-07-27 03:28:27,867] {processor.py:641} INFO - Processing file /home/airflow/.local/lib/python3.7/site-packages/airflow/example_dags/example_branch_day_of_week_operator.py for tasks to queue
[2022-07-27 03:28:27,868] {logging_mixin.py:115} INFO - [2022-07-27 03:28:27,868] {dagbag.py:508} INFO - Filling up the DagBag from /home/airflow/.local/lib/python3.7/site-packages/airflow/example_dags/example_branch_day_of_week_operator.py
[2022-07-27 03:28:27,878] {processor.py:651} INFO - DAG(s) dict_keys(['example_weekday_branch_operator']) retrieved from /home/airflow/.local/lib/python3.7/site-packages/airflow/example_dags/example_branch_day_of_week_operator.py
[2022-07-27 03:28:27,905] {logging_mixin.py:115} INFO - [2022-07-27 03:28:27,905] {dag.py:2420} INFO - Sync 1 DAGs
[2022-07-27 03:28:27,935] {logging_mixin.py:115} INFO - [2022-07-27 03:28:27,934] {dag.py:2972} INFO - Setting next_dagrun for example_weekday_branch_operator to 2022-07-26T00:00:00+00:00, run_after=2022-07-27T00:00:00+00:00
[2022-07-27 03:28:27,952] {processor.py:161} INFO - Processing /home/airflow/.local/lib/python3.7/site-packages/airflow/example_dags/example_branch_day_of_week_operator.py took 0.088 seconds
[2022-07-27 03:28:58,741] {processor.py:153} INFO - Started process (PID=18852) to work on /home/airflow/.local/lib/python3.7/site-packages/airflow/example_dags/example_branch_day_of_week_operator.py
[2022-07-27 03:28:58,743] {processor.py:641} INFO - Processing file /home/airflow/.local/lib/python3.7/site-packages/airflow/example_dags/example_branch_day_of_week_operator.py for tasks to queue
[2022-07-27 03:28:58,744] {logging_mixin.py:115} INFO - [2022-07-27 03:28:58,744] {dagbag.py:508} INFO - Filling up the DagBag from /home/airflow/.local/lib/python3.7/site-packages/airflow/example_dags/example_branch_day_of_week_operator.py
[2022-07-27 03:28:58,762] {processor.py:651} INFO - DAG(s) dict_keys(['example_weekday_branch_operator']) retrieved from /home/airflow/.local/lib/python3.7/site-packages/airflow/example_dags/example_branch_day_of_week_operator.py
[2022-07-27 03:28:58,863] {logging_mixin.py:115} INFO - [2022-07-27 03:28:58,863] {dag.py:2420} INFO - Sync 1 DAGs
[2022-07-27 03:28:58,901] {logging_mixin.py:115} INFO - [2022-07-27 03:28:58,901] {dag.py:2972} INFO - Setting next_dagrun for example_weekday_branch_operator to 2022-07-26T00:00:00+00:00, run_after=2022-07-27T00:00:00+00:00
[2022-07-27 03:28:58,918] {processor.py:161} INFO - Processing /home/airflow/.local/lib/python3.7/site-packages/airflow/example_dags/example_branch_day_of_week_operator.py took 0.183 seconds
[2022-07-27 03:29:29,234] {processor.py:153} INFO - Started process (PID=19055) to work on /home/airflow/.local/lib/python3.7/site-packages/airflow/example_dags/example_branch_day_of_week_operator.py
[2022-07-27 03:29:29,235] {processor.py:641} INFO - Processing file /home/airflow/.local/lib/python3.7/site-packages/airflow/example_dags/example_branch_day_of_week_operator.py for tasks to queue
[2022-07-27 03:29:29,236] {logging_mixin.py:115} INFO - [2022-07-27 03:29:29,236] {dagbag.py:508} INFO - Filling up the DagBag from /home/airflow/.local/lib/python3.7/site-packages/airflow/example_dags/example_branch_day_of_week_operator.py
[2022-07-27 03:29:29,250] {processor.py:651} INFO - DAG(s) dict_keys(['example_weekday_branch_operator']) retrieved from /home/airflow/.local/lib/python3.7/site-packages/airflow/example_dags/example_branch_day_of_week_operator.py
[2022-07-27 03:29:29,285] {logging_mixin.py:115} INFO - [2022-07-27 03:29:29,284] {dag.py:2420} INFO - Sync 1 DAGs
[2022-07-27 03:29:29,326] {logging_mixin.py:115} INFO - [2022-07-27 03:29:29,326] {dag.py:2972} INFO - Setting next_dagrun for example_weekday_branch_operator to 2022-07-26T00:00:00+00:00, run_after=2022-07-27T00:00:00+00:00
[2022-07-27 03:29:29,348] {processor.py:161} INFO - Processing /home/airflow/.local/lib/python3.7/site-packages/airflow/example_dags/example_branch_day_of_week_operator.py took 0.118 seconds
[2022-07-27 03:30:00,104] {processor.py:153} INFO - Started process (PID=19249) to work on /home/airflow/.local/lib/python3.7/site-packages/airflow/example_dags/example_branch_day_of_week_operator.py
[2022-07-27 03:30:00,105] {processor.py:641} INFO - Processing file /home/airflow/.local/lib/python3.7/site-packages/airflow/example_dags/example_branch_day_of_week_operator.py for tasks to queue
[2022-07-27 03:30:00,106] {logging_mixin.py:115} INFO - [2022-07-27 03:30:00,106] {dagbag.py:508} INFO - Filling up the DagBag from /home/airflow/.local/lib/python3.7/site-packages/airflow/example_dags/example_branch_day_of_week_operator.py
[2022-07-27 03:30:00,117] {processor.py:651} INFO - DAG(s) dict_keys(['example_weekday_branch_operator']) retrieved from /home/airflow/.local/lib/python3.7/site-packages/airflow/example_dags/example_branch_day_of_week_operator.py
[2022-07-27 03:30:00,148] {logging_mixin.py:115} INFO - [2022-07-27 03:30:00,148] {dag.py:2420} INFO - Sync 1 DAGs
[2022-07-27 03:30:00,180] {logging_mixin.py:115} INFO - [2022-07-27 03:30:00,180] {dag.py:2972} INFO - Setting next_dagrun for example_weekday_branch_operator to 2022-07-26T00:00:00+00:00, run_after=2022-07-27T00:00:00+00:00
[2022-07-27 03:30:00,199] {processor.py:161} INFO - Processing /home/airflow/.local/lib/python3.7/site-packages/airflow/example_dags/example_branch_day_of_week_operator.py took 0.099 seconds
