[2022-07-27 00:42:10,940] {processor.py:153} INFO - Started process (PID=16441) to work on /home/airflow/.local/lib/python3.7/site-packages/airflow/example_dags/example_task_group.py
[2022-07-27 00:42:10,941] {processor.py:641} INFO - Processing file /home/airflow/.local/lib/python3.7/site-packages/airflow/example_dags/example_task_group.py for tasks to queue
[2022-07-27 00:42:10,942] {logging_mixin.py:115} INFO - [2022-07-27 00:42:10,941] {dagbag.py:508} INFO - Filling up the DagBag from /home/airflow/.local/lib/python3.7/site-packages/airflow/example_dags/example_task_group.py
[2022-07-27 00:42:10,951] {processor.py:651} INFO - DAG(s) dict_keys(['example_task_group']) retrieved from /home/airflow/.local/lib/python3.7/site-packages/airflow/example_dags/example_task_group.py
[2022-07-27 00:42:10,987] {logging_mixin.py:115} INFO - [2022-07-27 00:42:10,987] {dag.py:2420} INFO - Sync 1 DAGs
[2022-07-27 00:42:11,027] {logging_mixin.py:115} INFO - [2022-07-27 00:42:11,027] {dag.py:2972} INFO - Setting next_dagrun for example_task_group to 2022-07-26T00:42:11.027242+00:00, run_after=2022-07-27T00:42:11.027242+00:00
[2022-07-27 00:42:11,049] {processor.py:161} INFO - Processing /home/airflow/.local/lib/python3.7/site-packages/airflow/example_dags/example_task_group.py took 0.113 seconds
[2022-07-27 03:23:20,850] {processor.py:153} INFO - Started process (PID=16640) to work on /home/airflow/.local/lib/python3.7/site-packages/airflow/example_dags/example_task_group.py
[2022-07-27 03:23:20,853] {processor.py:641} INFO - Processing file /home/airflow/.local/lib/python3.7/site-packages/airflow/example_dags/example_task_group.py for tasks to queue
[2022-07-27 03:23:20,855] {logging_mixin.py:115} INFO - [2022-07-27 03:23:20,854] {dagbag.py:508} INFO - Filling up the DagBag from /home/airflow/.local/lib/python3.7/site-packages/airflow/example_dags/example_task_group.py
[2022-07-27 03:23:20,877] {processor.py:651} INFO - DAG(s) dict_keys(['example_task_group']) retrieved from /home/airflow/.local/lib/python3.7/site-packages/airflow/example_dags/example_task_group.py
[2022-07-27 03:23:20,957] {logging_mixin.py:115} INFO - [2022-07-27 03:23:20,957] {dag.py:2420} INFO - Sync 1 DAGs
[2022-07-27 03:23:21,027] {logging_mixin.py:115} INFO - [2022-07-27 03:23:21,027] {dag.py:2972} INFO - Setting next_dagrun for example_task_group to 2022-07-26T03:23:21.026694+00:00, run_after=2022-07-27T03:23:21.026694+00:00
[2022-07-27 03:23:21,061] {processor.py:161} INFO - Processing /home/airflow/.local/lib/python3.7/site-packages/airflow/example_dags/example_task_group.py took 0.217 seconds
[2022-07-27 03:23:51,698] {processor.py:153} INFO - Started process (PID=16840) to work on /home/airflow/.local/lib/python3.7/site-packages/airflow/example_dags/example_task_group.py
[2022-07-27 03:23:51,698] {processor.py:641} INFO - Processing file /home/airflow/.local/lib/python3.7/site-packages/airflow/example_dags/example_task_group.py for tasks to queue
[2022-07-27 03:23:51,699] {logging_mixin.py:115} INFO - [2022-07-27 03:23:51,699] {dagbag.py:508} INFO - Filling up the DagBag from /home/airflow/.local/lib/python3.7/site-packages/airflow/example_dags/example_task_group.py
[2022-07-27 03:23:51,705] {processor.py:651} INFO - DAG(s) dict_keys(['example_task_group']) retrieved from /home/airflow/.local/lib/python3.7/site-packages/airflow/example_dags/example_task_group.py
[2022-07-27 03:23:51,730] {logging_mixin.py:115} INFO - [2022-07-27 03:23:51,729] {dag.py:2420} INFO - Sync 1 DAGs
[2022-07-27 03:23:51,760] {logging_mixin.py:115} INFO - [2022-07-27 03:23:51,760] {dag.py:2972} INFO - Setting next_dagrun for example_task_group to 2022-07-26T03:23:51.760039+00:00, run_after=2022-07-27T03:23:51.760039+00:00
[2022-07-27 03:23:51,775] {processor.py:161} INFO - Processing /home/airflow/.local/lib/python3.7/site-packages/airflow/example_dags/example_task_group.py took 0.080 seconds
[2022-07-27 03:24:22,304] {processor.py:153} INFO - Started process (PID=17044) to work on /home/airflow/.local/lib/python3.7/site-packages/airflow/example_dags/example_task_group.py
[2022-07-27 03:24:22,305] {processor.py:641} INFO - Processing file /home/airflow/.local/lib/python3.7/site-packages/airflow/example_dags/example_task_group.py for tasks to queue
[2022-07-27 03:24:22,305] {logging_mixin.py:115} INFO - [2022-07-27 03:24:22,305] {dagbag.py:508} INFO - Filling up the DagBag from /home/airflow/.local/lib/python3.7/site-packages/airflow/example_dags/example_task_group.py
[2022-07-27 03:24:22,311] {processor.py:651} INFO - DAG(s) dict_keys(['example_task_group']) retrieved from /home/airflow/.local/lib/python3.7/site-packages/airflow/example_dags/example_task_group.py
[2022-07-27 03:24:22,335] {logging_mixin.py:115} INFO - [2022-07-27 03:24:22,335] {dag.py:2420} INFO - Sync 1 DAGs
[2022-07-27 03:24:22,356] {logging_mixin.py:115} INFO - [2022-07-27 03:24:22,356] {dag.py:2972} INFO - Setting next_dagrun for example_task_group to 2022-07-26T03:24:22.356492+00:00, run_after=2022-07-27T03:24:22.356492+00:00
[2022-07-27 03:24:22,370] {processor.py:161} INFO - Processing /home/airflow/.local/lib/python3.7/site-packages/airflow/example_dags/example_task_group.py took 0.069 seconds
[2022-07-27 03:24:53,307] {processor.py:153} INFO - Started process (PID=17240) to work on /home/airflow/.local/lib/python3.7/site-packages/airflow/example_dags/example_task_group.py
[2022-07-27 03:24:53,308] {processor.py:641} INFO - Processing file /home/airflow/.local/lib/python3.7/site-packages/airflow/example_dags/example_task_group.py for tasks to queue
[2022-07-27 03:24:53,309] {logging_mixin.py:115} INFO - [2022-07-27 03:24:53,309] {dagbag.py:508} INFO - Filling up the DagBag from /home/airflow/.local/lib/python3.7/site-packages/airflow/example_dags/example_task_group.py
[2022-07-27 03:24:53,318] {processor.py:651} INFO - DAG(s) dict_keys(['example_task_group']) retrieved from /home/airflow/.local/lib/python3.7/site-packages/airflow/example_dags/example_task_group.py
[2022-07-27 03:24:53,351] {logging_mixin.py:115} INFO - [2022-07-27 03:24:53,351] {dag.py:2420} INFO - Sync 1 DAGs
[2022-07-27 03:24:53,380] {logging_mixin.py:115} INFO - [2022-07-27 03:24:53,380] {dag.py:2972} INFO - Setting next_dagrun for example_task_group to 2022-07-26T03:24:53.379775+00:00, run_after=2022-07-27T03:24:53.379775+00:00
[2022-07-27 03:24:53,398] {processor.py:161} INFO - Processing /home/airflow/.local/lib/python3.7/site-packages/airflow/example_dags/example_task_group.py took 0.095 seconds
[2022-07-27 03:25:23,685] {processor.py:153} INFO - Started process (PID=17441) to work on /home/airflow/.local/lib/python3.7/site-packages/airflow/example_dags/example_task_group.py
[2022-07-27 03:25:23,686] {processor.py:641} INFO - Processing file /home/airflow/.local/lib/python3.7/site-packages/airflow/example_dags/example_task_group.py for tasks to queue
[2022-07-27 03:25:23,687] {logging_mixin.py:115} INFO - [2022-07-27 03:25:23,686] {dagbag.py:508} INFO - Filling up the DagBag from /home/airflow/.local/lib/python3.7/site-packages/airflow/example_dags/example_task_group.py
[2022-07-27 03:25:23,697] {processor.py:651} INFO - DAG(s) dict_keys(['example_task_group']) retrieved from /home/airflow/.local/lib/python3.7/site-packages/airflow/example_dags/example_task_group.py
[2022-07-27 03:25:23,731] {logging_mixin.py:115} INFO - [2022-07-27 03:25:23,731] {dag.py:2420} INFO - Sync 1 DAGs
[2022-07-27 03:25:23,760] {logging_mixin.py:115} INFO - [2022-07-27 03:25:23,759] {dag.py:2972} INFO - Setting next_dagrun for example_task_group to 2022-07-26T03:25:23.759614+00:00, run_after=2022-07-27T03:25:23.759614+00:00
[2022-07-27 03:25:23,776] {processor.py:161} INFO - Processing /home/airflow/.local/lib/python3.7/site-packages/airflow/example_dags/example_task_group.py took 0.095 seconds
[2022-07-27 03:25:54,311] {processor.py:153} INFO - Started process (PID=17629) to work on /home/airflow/.local/lib/python3.7/site-packages/airflow/example_dags/example_task_group.py
[2022-07-27 03:25:54,312] {processor.py:641} INFO - Processing file /home/airflow/.local/lib/python3.7/site-packages/airflow/example_dags/example_task_group.py for tasks to queue
[2022-07-27 03:25:54,313] {logging_mixin.py:115} INFO - [2022-07-27 03:25:54,313] {dagbag.py:508} INFO - Filling up the DagBag from /home/airflow/.local/lib/python3.7/site-packages/airflow/example_dags/example_task_group.py
[2022-07-27 03:25:54,323] {processor.py:651} INFO - DAG(s) dict_keys(['example_task_group']) retrieved from /home/airflow/.local/lib/python3.7/site-packages/airflow/example_dags/example_task_group.py
[2022-07-27 03:25:54,358] {logging_mixin.py:115} INFO - [2022-07-27 03:25:54,358] {dag.py:2420} INFO - Sync 1 DAGs
[2022-07-27 03:25:54,387] {logging_mixin.py:115} INFO - [2022-07-27 03:25:54,387] {dag.py:2972} INFO - Setting next_dagrun for example_task_group to 2022-07-26T03:25:54.387074+00:00, run_after=2022-07-27T03:25:54.387074+00:00
[2022-07-27 03:25:54,405] {processor.py:161} INFO - Processing /home/airflow/.local/lib/python3.7/site-packages/airflow/example_dags/example_task_group.py took 0.097 seconds
[2022-07-27 03:26:24,859] {processor.py:153} INFO - Started process (PID=17833) to work on /home/airflow/.local/lib/python3.7/site-packages/airflow/example_dags/example_task_group.py
[2022-07-27 03:26:24,860] {processor.py:641} INFO - Processing file /home/airflow/.local/lib/python3.7/site-packages/airflow/example_dags/example_task_group.py for tasks to queue
[2022-07-27 03:26:24,861] {logging_mixin.py:115} INFO - [2022-07-27 03:26:24,861] {dagbag.py:508} INFO - Filling up the DagBag from /home/airflow/.local/lib/python3.7/site-packages/airflow/example_dags/example_task_group.py
[2022-07-27 03:26:24,869] {processor.py:651} INFO - DAG(s) dict_keys(['example_task_group']) retrieved from /home/airflow/.local/lib/python3.7/site-packages/airflow/example_dags/example_task_group.py
[2022-07-27 03:26:24,903] {logging_mixin.py:115} INFO - [2022-07-27 03:26:24,903] {dag.py:2420} INFO - Sync 1 DAGs
[2022-07-27 03:26:24,932] {logging_mixin.py:115} INFO - [2022-07-27 03:26:24,932] {dag.py:2972} INFO - Setting next_dagrun for example_task_group to 2022-07-26T03:26:24.932138+00:00, run_after=2022-07-27T03:26:24.932138+00:00
[2022-07-27 03:26:24,952] {processor.py:161} INFO - Processing /home/airflow/.local/lib/python3.7/site-packages/airflow/example_dags/example_task_group.py took 0.097 seconds
[2022-07-27 03:26:55,484] {processor.py:153} INFO - Started process (PID=18027) to work on /home/airflow/.local/lib/python3.7/site-packages/airflow/example_dags/example_task_group.py
[2022-07-27 03:26:55,486] {processor.py:641} INFO - Processing file /home/airflow/.local/lib/python3.7/site-packages/airflow/example_dags/example_task_group.py for tasks to queue
[2022-07-27 03:26:55,487] {logging_mixin.py:115} INFO - [2022-07-27 03:26:55,486] {dagbag.py:508} INFO - Filling up the DagBag from /home/airflow/.local/lib/python3.7/site-packages/airflow/example_dags/example_task_group.py
[2022-07-27 03:26:55,495] {processor.py:651} INFO - DAG(s) dict_keys(['example_task_group']) retrieved from /home/airflow/.local/lib/python3.7/site-packages/airflow/example_dags/example_task_group.py
[2022-07-27 03:26:55,529] {logging_mixin.py:115} INFO - [2022-07-27 03:26:55,529] {dag.py:2420} INFO - Sync 1 DAGs
[2022-07-27 03:26:55,554] {logging_mixin.py:115} INFO - [2022-07-27 03:26:55,554] {dag.py:2972} INFO - Setting next_dagrun for example_task_group to 2022-07-26T03:26:55.554272+00:00, run_after=2022-07-27T03:26:55.554272+00:00
[2022-07-27 03:26:55,577] {processor.py:161} INFO - Processing /home/airflow/.local/lib/python3.7/site-packages/airflow/example_dags/example_task_group.py took 0.097 seconds
[2022-07-27 03:27:25,636] {processor.py:153} INFO - Started process (PID=18226) to work on /home/airflow/.local/lib/python3.7/site-packages/airflow/example_dags/example_task_group.py
[2022-07-27 03:27:25,636] {processor.py:641} INFO - Processing file /home/airflow/.local/lib/python3.7/site-packages/airflow/example_dags/example_task_group.py for tasks to queue
[2022-07-27 03:27:25,637] {logging_mixin.py:115} INFO - [2022-07-27 03:27:25,637] {dagbag.py:508} INFO - Filling up the DagBag from /home/airflow/.local/lib/python3.7/site-packages/airflow/example_dags/example_task_group.py
[2022-07-27 03:27:25,645] {processor.py:651} INFO - DAG(s) dict_keys(['example_task_group']) retrieved from /home/airflow/.local/lib/python3.7/site-packages/airflow/example_dags/example_task_group.py
[2022-07-27 03:27:25,682] {logging_mixin.py:115} INFO - [2022-07-27 03:27:25,682] {dag.py:2420} INFO - Sync 1 DAGs
[2022-07-27 03:27:25,715] {logging_mixin.py:115} INFO - [2022-07-27 03:27:25,715] {dag.py:2972} INFO - Setting next_dagrun for example_task_group to 2022-07-26T03:27:25.715085+00:00, run_after=2022-07-27T03:27:25.715085+00:00
[2022-07-27 03:27:25,732] {processor.py:161} INFO - Processing /home/airflow/.local/lib/python3.7/site-packages/airflow/example_dags/example_task_group.py took 0.100 seconds
[2022-07-27 03:27:55,969] {processor.py:153} INFO - Started process (PID=18420) to work on /home/airflow/.local/lib/python3.7/site-packages/airflow/example_dags/example_task_group.py
[2022-07-27 03:27:55,970] {processor.py:641} INFO - Processing file /home/airflow/.local/lib/python3.7/site-packages/airflow/example_dags/example_task_group.py for tasks to queue
[2022-07-27 03:27:55,971] {logging_mixin.py:115} INFO - [2022-07-27 03:27:55,971] {dagbag.py:508} INFO - Filling up the DagBag from /home/airflow/.local/lib/python3.7/site-packages/airflow/example_dags/example_task_group.py
[2022-07-27 03:27:55,979] {processor.py:651} INFO - DAG(s) dict_keys(['example_task_group']) retrieved from /home/airflow/.local/lib/python3.7/site-packages/airflow/example_dags/example_task_group.py
[2022-07-27 03:27:56,012] {logging_mixin.py:115} INFO - [2022-07-27 03:27:56,012] {dag.py:2420} INFO - Sync 1 DAGs
[2022-07-27 03:27:56,043] {logging_mixin.py:115} INFO - [2022-07-27 03:27:56,043] {dag.py:2972} INFO - Setting next_dagrun for example_task_group to 2022-07-26T03:27:56.043449+00:00, run_after=2022-07-27T03:27:56.043449+00:00
[2022-07-27 03:27:56,058] {processor.py:161} INFO - Processing /home/airflow/.local/lib/python3.7/site-packages/airflow/example_dags/example_task_group.py took 0.094 seconds
[2022-07-27 03:28:26,390] {processor.py:153} INFO - Started process (PID=18623) to work on /home/airflow/.local/lib/python3.7/site-packages/airflow/example_dags/example_task_group.py
[2022-07-27 03:28:26,391] {processor.py:641} INFO - Processing file /home/airflow/.local/lib/python3.7/site-packages/airflow/example_dags/example_task_group.py for tasks to queue
[2022-07-27 03:28:26,391] {logging_mixin.py:115} INFO - [2022-07-27 03:28:26,391] {dagbag.py:508} INFO - Filling up the DagBag from /home/airflow/.local/lib/python3.7/site-packages/airflow/example_dags/example_task_group.py
[2022-07-27 03:28:26,400] {processor.py:651} INFO - DAG(s) dict_keys(['example_task_group']) retrieved from /home/airflow/.local/lib/python3.7/site-packages/airflow/example_dags/example_task_group.py
[2022-07-27 03:28:26,431] {logging_mixin.py:115} INFO - [2022-07-27 03:28:26,431] {dag.py:2420} INFO - Sync 1 DAGs
[2022-07-27 03:28:26,463] {logging_mixin.py:115} INFO - [2022-07-27 03:28:26,463] {dag.py:2972} INFO - Setting next_dagrun for example_task_group to 2022-07-26T03:28:26.462672+00:00, run_after=2022-07-27T03:28:26.462672+00:00
[2022-07-27 03:28:26,478] {processor.py:161} INFO - Processing /home/airflow/.local/lib/python3.7/site-packages/airflow/example_dags/example_task_group.py took 0.091 seconds
[2022-07-27 03:28:57,149] {processor.py:153} INFO - Started process (PID=18822) to work on /home/airflow/.local/lib/python3.7/site-packages/airflow/example_dags/example_task_group.py
[2022-07-27 03:28:57,150] {processor.py:641} INFO - Processing file /home/airflow/.local/lib/python3.7/site-packages/airflow/example_dags/example_task_group.py for tasks to queue
[2022-07-27 03:28:57,151] {logging_mixin.py:115} INFO - [2022-07-27 03:28:57,151] {dagbag.py:508} INFO - Filling up the DagBag from /home/airflow/.local/lib/python3.7/site-packages/airflow/example_dags/example_task_group.py
[2022-07-27 03:28:57,164] {processor.py:651} INFO - DAG(s) dict_keys(['example_task_group']) retrieved from /home/airflow/.local/lib/python3.7/site-packages/airflow/example_dags/example_task_group.py
[2022-07-27 03:28:57,200] {logging_mixin.py:115} INFO - [2022-07-27 03:28:57,200] {dag.py:2420} INFO - Sync 1 DAGs
[2022-07-27 03:28:57,229] {logging_mixin.py:115} INFO - [2022-07-27 03:28:57,229] {dag.py:2972} INFO - Setting next_dagrun for example_task_group to 2022-07-26T03:28:57.228635+00:00, run_after=2022-07-27T03:28:57.228635+00:00
[2022-07-27 03:28:57,247] {processor.py:161} INFO - Processing /home/airflow/.local/lib/python3.7/site-packages/airflow/example_dags/example_task_group.py took 0.104 seconds
[2022-07-27 03:29:27,789] {processor.py:153} INFO - Started process (PID=19025) to work on /home/airflow/.local/lib/python3.7/site-packages/airflow/example_dags/example_task_group.py
[2022-07-27 03:29:27,790] {processor.py:641} INFO - Processing file /home/airflow/.local/lib/python3.7/site-packages/airflow/example_dags/example_task_group.py for tasks to queue
[2022-07-27 03:29:27,791] {logging_mixin.py:115} INFO - [2022-07-27 03:29:27,791] {dagbag.py:508} INFO - Filling up the DagBag from /home/airflow/.local/lib/python3.7/site-packages/airflow/example_dags/example_task_group.py
[2022-07-27 03:29:27,800] {processor.py:651} INFO - DAG(s) dict_keys(['example_task_group']) retrieved from /home/airflow/.local/lib/python3.7/site-packages/airflow/example_dags/example_task_group.py
[2022-07-27 03:29:27,840] {logging_mixin.py:115} INFO - [2022-07-27 03:29:27,840] {dag.py:2420} INFO - Sync 1 DAGs
[2022-07-27 03:29:27,879] {logging_mixin.py:115} INFO - [2022-07-27 03:29:27,878] {dag.py:2972} INFO - Setting next_dagrun for example_task_group to 2022-07-26T03:29:27.878736+00:00, run_after=2022-07-27T03:29:27.878736+00:00
[2022-07-27 03:29:27,896] {processor.py:161} INFO - Processing /home/airflow/.local/lib/python3.7/site-packages/airflow/example_dags/example_task_group.py took 0.111 seconds
[2022-07-27 03:29:58,680] {processor.py:153} INFO - Started process (PID=19219) to work on /home/airflow/.local/lib/python3.7/site-packages/airflow/example_dags/example_task_group.py
[2022-07-27 03:29:58,680] {processor.py:641} INFO - Processing file /home/airflow/.local/lib/python3.7/site-packages/airflow/example_dags/example_task_group.py for tasks to queue
[2022-07-27 03:29:58,681] {logging_mixin.py:115} INFO - [2022-07-27 03:29:58,681] {dagbag.py:508} INFO - Filling up the DagBag from /home/airflow/.local/lib/python3.7/site-packages/airflow/example_dags/example_task_group.py
[2022-07-27 03:29:58,689] {processor.py:651} INFO - DAG(s) dict_keys(['example_task_group']) retrieved from /home/airflow/.local/lib/python3.7/site-packages/airflow/example_dags/example_task_group.py
[2022-07-27 03:29:58,716] {logging_mixin.py:115} INFO - [2022-07-27 03:29:58,716] {dag.py:2420} INFO - Sync 1 DAGs
[2022-07-27 03:29:58,747] {logging_mixin.py:115} INFO - [2022-07-27 03:29:58,747] {dag.py:2972} INFO - Setting next_dagrun for example_task_group to 2022-07-26T03:29:58.747361+00:00, run_after=2022-07-27T03:29:58.747361+00:00
[2022-07-27 03:29:58,763] {processor.py:161} INFO - Processing /home/airflow/.local/lib/python3.7/site-packages/airflow/example_dags/example_task_group.py took 0.086 seconds
