[2022-07-27 00:42:11,129] {processor.py:153} INFO - Started process (PID=16452) to work on /home/airflow/.local/lib/python3.7/site-packages/airflow/example_dags/tutorial_etl_dag.py
[2022-07-27 00:42:11,130] {processor.py:641} INFO - Processing file /home/airflow/.local/lib/python3.7/site-packages/airflow/example_dags/tutorial_etl_dag.py for tasks to queue
[2022-07-27 00:42:11,132] {logging_mixin.py:115} INFO - [2022-07-27 00:42:11,131] {dagbag.py:508} INFO - Filling up the DagBag from /home/airflow/.local/lib/python3.7/site-packages/airflow/example_dags/tutorial_etl_dag.py
[2022-07-27 00:42:11,141] {processor.py:651} INFO - DAG(s) dict_keys(['tutorial_etl_dag']) retrieved from /home/airflow/.local/lib/python3.7/site-packages/airflow/example_dags/tutorial_etl_dag.py
[2022-07-27 00:42:11,179] {logging_mixin.py:115} INFO - [2022-07-27 00:42:11,179] {dag.py:2420} INFO - Sync 1 DAGs
[2022-07-27 00:42:11,228] {logging_mixin.py:115} INFO - [2022-07-27 00:42:11,228] {dag.py:2972} INFO - Setting next_dagrun for tutorial_etl_dag to None, run_after=None
[2022-07-27 00:42:11,265] {processor.py:161} INFO - Processing /home/airflow/.local/lib/python3.7/site-packages/airflow/example_dags/tutorial_etl_dag.py took 0.140 seconds
[2022-07-27 03:23:21,240] {processor.py:153} INFO - Started process (PID=16650) to work on /home/airflow/.local/lib/python3.7/site-packages/airflow/example_dags/tutorial_etl_dag.py
[2022-07-27 03:23:21,242] {processor.py:641} INFO - Processing file /home/airflow/.local/lib/python3.7/site-packages/airflow/example_dags/tutorial_etl_dag.py for tasks to queue
[2022-07-27 03:23:21,244] {logging_mixin.py:115} INFO - [2022-07-27 03:23:21,244] {dagbag.py:508} INFO - Filling up the DagBag from /home/airflow/.local/lib/python3.7/site-packages/airflow/example_dags/tutorial_etl_dag.py
[2022-07-27 03:23:21,260] {processor.py:651} INFO - DAG(s) dict_keys(['tutorial_etl_dag']) retrieved from /home/airflow/.local/lib/python3.7/site-packages/airflow/example_dags/tutorial_etl_dag.py
[2022-07-27 03:23:21,330] {logging_mixin.py:115} INFO - [2022-07-27 03:23:21,330] {dag.py:2420} INFO - Sync 1 DAGs
[2022-07-27 03:23:21,396] {logging_mixin.py:115} INFO - [2022-07-27 03:23:21,396] {dag.py:2972} INFO - Setting next_dagrun for tutorial_etl_dag to None, run_after=None
[2022-07-27 03:23:21,430] {processor.py:161} INFO - Processing /home/airflow/.local/lib/python3.7/site-packages/airflow/example_dags/tutorial_etl_dag.py took 0.197 seconds
[2022-07-27 03:23:51,802] {processor.py:153} INFO - Started process (PID=16849) to work on /home/airflow/.local/lib/python3.7/site-packages/airflow/example_dags/tutorial_etl_dag.py
[2022-07-27 03:23:51,803] {processor.py:641} INFO - Processing file /home/airflow/.local/lib/python3.7/site-packages/airflow/example_dags/tutorial_etl_dag.py for tasks to queue
[2022-07-27 03:23:51,804] {logging_mixin.py:115} INFO - [2022-07-27 03:23:51,803] {dagbag.py:508} INFO - Filling up the DagBag from /home/airflow/.local/lib/python3.7/site-packages/airflow/example_dags/tutorial_etl_dag.py
[2022-07-27 03:23:51,811] {processor.py:651} INFO - DAG(s) dict_keys(['tutorial_etl_dag']) retrieved from /home/airflow/.local/lib/python3.7/site-packages/airflow/example_dags/tutorial_etl_dag.py
[2022-07-27 03:23:51,837] {logging_mixin.py:115} INFO - [2022-07-27 03:23:51,836] {dag.py:2420} INFO - Sync 1 DAGs
[2022-07-27 03:23:51,861] {logging_mixin.py:115} INFO - [2022-07-27 03:23:51,861] {dag.py:2972} INFO - Setting next_dagrun for tutorial_etl_dag to None, run_after=None
[2022-07-27 03:23:51,875] {processor.py:161} INFO - Processing /home/airflow/.local/lib/python3.7/site-packages/airflow/example_dags/tutorial_etl_dag.py took 0.076 seconds
[2022-07-27 03:24:22,514] {processor.py:153} INFO - Started process (PID=17056) to work on /home/airflow/.local/lib/python3.7/site-packages/airflow/example_dags/tutorial_etl_dag.py
[2022-07-27 03:24:22,515] {processor.py:641} INFO - Processing file /home/airflow/.local/lib/python3.7/site-packages/airflow/example_dags/tutorial_etl_dag.py for tasks to queue
[2022-07-27 03:24:22,516] {logging_mixin.py:115} INFO - [2022-07-27 03:24:22,516] {dagbag.py:508} INFO - Filling up the DagBag from /home/airflow/.local/lib/python3.7/site-packages/airflow/example_dags/tutorial_etl_dag.py
[2022-07-27 03:24:22,521] {processor.py:651} INFO - DAG(s) dict_keys(['tutorial_etl_dag']) retrieved from /home/airflow/.local/lib/python3.7/site-packages/airflow/example_dags/tutorial_etl_dag.py
[2022-07-27 03:24:22,545] {logging_mixin.py:115} INFO - [2022-07-27 03:24:22,545] {dag.py:2420} INFO - Sync 1 DAGs
[2022-07-27 03:24:22,568] {logging_mixin.py:115} INFO - [2022-07-27 03:24:22,568] {dag.py:2972} INFO - Setting next_dagrun for tutorial_etl_dag to None, run_after=None
[2022-07-27 03:24:22,581] {processor.py:161} INFO - Processing /home/airflow/.local/lib/python3.7/site-packages/airflow/example_dags/tutorial_etl_dag.py took 0.070 seconds
[2022-07-27 03:24:53,442] {processor.py:153} INFO - Started process (PID=17248) to work on /home/airflow/.local/lib/python3.7/site-packages/airflow/example_dags/tutorial_etl_dag.py
[2022-07-27 03:24:53,443] {processor.py:641} INFO - Processing file /home/airflow/.local/lib/python3.7/site-packages/airflow/example_dags/tutorial_etl_dag.py for tasks to queue
[2022-07-27 03:24:53,444] {logging_mixin.py:115} INFO - [2022-07-27 03:24:53,444] {dagbag.py:508} INFO - Filling up the DagBag from /home/airflow/.local/lib/python3.7/site-packages/airflow/example_dags/tutorial_etl_dag.py
[2022-07-27 03:24:53,451] {processor.py:651} INFO - DAG(s) dict_keys(['tutorial_etl_dag']) retrieved from /home/airflow/.local/lib/python3.7/site-packages/airflow/example_dags/tutorial_etl_dag.py
[2022-07-27 03:24:53,481] {logging_mixin.py:115} INFO - [2022-07-27 03:24:53,481] {dag.py:2420} INFO - Sync 1 DAGs
[2022-07-27 03:24:53,509] {logging_mixin.py:115} INFO - [2022-07-27 03:24:53,509] {dag.py:2972} INFO - Setting next_dagrun for tutorial_etl_dag to None, run_after=None
[2022-07-27 03:24:53,527] {processor.py:161} INFO - Processing /home/airflow/.local/lib/python3.7/site-packages/airflow/example_dags/tutorial_etl_dag.py took 0.088 seconds
[2022-07-27 03:25:23,910] {processor.py:153} INFO - Started process (PID=17451) to work on /home/airflow/.local/lib/python3.7/site-packages/airflow/example_dags/tutorial_etl_dag.py
[2022-07-27 03:25:23,911] {processor.py:641} INFO - Processing file /home/airflow/.local/lib/python3.7/site-packages/airflow/example_dags/tutorial_etl_dag.py for tasks to queue
[2022-07-27 03:25:23,912] {logging_mixin.py:115} INFO - [2022-07-27 03:25:23,912] {dagbag.py:508} INFO - Filling up the DagBag from /home/airflow/.local/lib/python3.7/site-packages/airflow/example_dags/tutorial_etl_dag.py
[2022-07-27 03:25:23,920] {processor.py:651} INFO - DAG(s) dict_keys(['tutorial_etl_dag']) retrieved from /home/airflow/.local/lib/python3.7/site-packages/airflow/example_dags/tutorial_etl_dag.py
[2022-07-27 03:25:23,951] {logging_mixin.py:115} INFO - [2022-07-27 03:25:23,951] {dag.py:2420} INFO - Sync 1 DAGs
[2022-07-27 03:25:23,993] {logging_mixin.py:115} INFO - [2022-07-27 03:25:23,993] {dag.py:2972} INFO - Setting next_dagrun for tutorial_etl_dag to None, run_after=None
[2022-07-27 03:25:24,017] {processor.py:161} INFO - Processing /home/airflow/.local/lib/python3.7/site-packages/airflow/example_dags/tutorial_etl_dag.py took 0.110 seconds
[2022-07-27 03:25:54,625] {processor.py:153} INFO - Started process (PID=17645) to work on /home/airflow/.local/lib/python3.7/site-packages/airflow/example_dags/tutorial_etl_dag.py
[2022-07-27 03:25:54,626] {processor.py:641} INFO - Processing file /home/airflow/.local/lib/python3.7/site-packages/airflow/example_dags/tutorial_etl_dag.py for tasks to queue
[2022-07-27 03:25:54,627] {logging_mixin.py:115} INFO - [2022-07-27 03:25:54,627] {dagbag.py:508} INFO - Filling up the DagBag from /home/airflow/.local/lib/python3.7/site-packages/airflow/example_dags/tutorial_etl_dag.py
[2022-07-27 03:25:54,634] {processor.py:651} INFO - DAG(s) dict_keys(['tutorial_etl_dag']) retrieved from /home/airflow/.local/lib/python3.7/site-packages/airflow/example_dags/tutorial_etl_dag.py
[2022-07-27 03:25:54,665] {logging_mixin.py:115} INFO - [2022-07-27 03:25:54,665] {dag.py:2420} INFO - Sync 1 DAGs
[2022-07-27 03:25:54,692] {logging_mixin.py:115} INFO - [2022-07-27 03:25:54,692] {dag.py:2972} INFO - Setting next_dagrun for tutorial_etl_dag to None, run_after=None
[2022-07-27 03:25:54,718] {processor.py:161} INFO - Processing /home/airflow/.local/lib/python3.7/site-packages/airflow/example_dags/tutorial_etl_dag.py took 0.096 seconds
[2022-07-27 03:26:24,999] {processor.py:153} INFO - Started process (PID=17843) to work on /home/airflow/.local/lib/python3.7/site-packages/airflow/example_dags/tutorial_etl_dag.py
[2022-07-27 03:26:25,000] {processor.py:641} INFO - Processing file /home/airflow/.local/lib/python3.7/site-packages/airflow/example_dags/tutorial_etl_dag.py for tasks to queue
[2022-07-27 03:26:25,001] {logging_mixin.py:115} INFO - [2022-07-27 03:26:25,001] {dagbag.py:508} INFO - Filling up the DagBag from /home/airflow/.local/lib/python3.7/site-packages/airflow/example_dags/tutorial_etl_dag.py
[2022-07-27 03:26:25,010] {processor.py:651} INFO - DAG(s) dict_keys(['tutorial_etl_dag']) retrieved from /home/airflow/.local/lib/python3.7/site-packages/airflow/example_dags/tutorial_etl_dag.py
[2022-07-27 03:26:25,045] {logging_mixin.py:115} INFO - [2022-07-27 03:26:25,045] {dag.py:2420} INFO - Sync 1 DAGs
[2022-07-27 03:26:25,074] {logging_mixin.py:115} INFO - [2022-07-27 03:26:25,074] {dag.py:2972} INFO - Setting next_dagrun for tutorial_etl_dag to None, run_after=None
[2022-07-27 03:26:25,099] {processor.py:161} INFO - Processing /home/airflow/.local/lib/python3.7/site-packages/airflow/example_dags/tutorial_etl_dag.py took 0.104 seconds
[2022-07-27 03:26:55,676] {processor.py:153} INFO - Started process (PID=18037) to work on /home/airflow/.local/lib/python3.7/site-packages/airflow/example_dags/tutorial_etl_dag.py
[2022-07-27 03:26:55,677] {processor.py:641} INFO - Processing file /home/airflow/.local/lib/python3.7/site-packages/airflow/example_dags/tutorial_etl_dag.py for tasks to queue
[2022-07-27 03:26:55,678] {logging_mixin.py:115} INFO - [2022-07-27 03:26:55,677] {dagbag.py:508} INFO - Filling up the DagBag from /home/airflow/.local/lib/python3.7/site-packages/airflow/example_dags/tutorial_etl_dag.py
[2022-07-27 03:26:55,684] {processor.py:651} INFO - DAG(s) dict_keys(['tutorial_etl_dag']) retrieved from /home/airflow/.local/lib/python3.7/site-packages/airflow/example_dags/tutorial_etl_dag.py
[2022-07-27 03:26:55,713] {logging_mixin.py:115} INFO - [2022-07-27 03:26:55,713] {dag.py:2420} INFO - Sync 1 DAGs
[2022-07-27 03:26:55,740] {logging_mixin.py:115} INFO - [2022-07-27 03:26:55,740] {dag.py:2972} INFO - Setting next_dagrun for tutorial_etl_dag to None, run_after=None
[2022-07-27 03:26:55,755] {processor.py:161} INFO - Processing /home/airflow/.local/lib/python3.7/site-packages/airflow/example_dags/tutorial_etl_dag.py took 0.082 seconds
[2022-07-27 03:27:25,940] {processor.py:153} INFO - Started process (PID=18243) to work on /home/airflow/.local/lib/python3.7/site-packages/airflow/example_dags/tutorial_etl_dag.py
[2022-07-27 03:27:25,941] {processor.py:641} INFO - Processing file /home/airflow/.local/lib/python3.7/site-packages/airflow/example_dags/tutorial_etl_dag.py for tasks to queue
[2022-07-27 03:27:25,942] {logging_mixin.py:115} INFO - [2022-07-27 03:27:25,942] {dagbag.py:508} INFO - Filling up the DagBag from /home/airflow/.local/lib/python3.7/site-packages/airflow/example_dags/tutorial_etl_dag.py
[2022-07-27 03:27:25,949] {processor.py:651} INFO - DAG(s) dict_keys(['tutorial_etl_dag']) retrieved from /home/airflow/.local/lib/python3.7/site-packages/airflow/example_dags/tutorial_etl_dag.py
[2022-07-27 03:27:25,981] {logging_mixin.py:115} INFO - [2022-07-27 03:27:25,981] {dag.py:2420} INFO - Sync 1 DAGs
[2022-07-27 03:27:26,007] {logging_mixin.py:115} INFO - [2022-07-27 03:27:26,007] {dag.py:2972} INFO - Setting next_dagrun for tutorial_etl_dag to None, run_after=None
[2022-07-27 03:27:26,033] {processor.py:161} INFO - Processing /home/airflow/.local/lib/python3.7/site-packages/airflow/example_dags/tutorial_etl_dag.py took 0.096 seconds
[2022-07-27 03:27:56,164] {processor.py:153} INFO - Started process (PID=18435) to work on /home/airflow/.local/lib/python3.7/site-packages/airflow/example_dags/tutorial_etl_dag.py
[2022-07-27 03:27:56,165] {processor.py:641} INFO - Processing file /home/airflow/.local/lib/python3.7/site-packages/airflow/example_dags/tutorial_etl_dag.py for tasks to queue
[2022-07-27 03:27:56,165] {logging_mixin.py:115} INFO - [2022-07-27 03:27:56,165] {dagbag.py:508} INFO - Filling up the DagBag from /home/airflow/.local/lib/python3.7/site-packages/airflow/example_dags/tutorial_etl_dag.py
[2022-07-27 03:27:56,172] {processor.py:651} INFO - DAG(s) dict_keys(['tutorial_etl_dag']) retrieved from /home/airflow/.local/lib/python3.7/site-packages/airflow/example_dags/tutorial_etl_dag.py
[2022-07-27 03:27:56,199] {logging_mixin.py:115} INFO - [2022-07-27 03:27:56,198] {dag.py:2420} INFO - Sync 1 DAGs
[2022-07-27 03:27:56,224] {logging_mixin.py:115} INFO - [2022-07-27 03:27:56,223] {dag.py:2972} INFO - Setting next_dagrun for tutorial_etl_dag to None, run_after=None
[2022-07-27 03:27:56,242] {processor.py:161} INFO - Processing /home/airflow/.local/lib/python3.7/site-packages/airflow/example_dags/tutorial_etl_dag.py took 0.081 seconds
[2022-07-27 03:28:26,640] {processor.py:153} INFO - Started process (PID=18640) to work on /home/airflow/.local/lib/python3.7/site-packages/airflow/example_dags/tutorial_etl_dag.py
[2022-07-27 03:28:26,641] {processor.py:641} INFO - Processing file /home/airflow/.local/lib/python3.7/site-packages/airflow/example_dags/tutorial_etl_dag.py for tasks to queue
[2022-07-27 03:28:26,642] {logging_mixin.py:115} INFO - [2022-07-27 03:28:26,642] {dagbag.py:508} INFO - Filling up the DagBag from /home/airflow/.local/lib/python3.7/site-packages/airflow/example_dags/tutorial_etl_dag.py
[2022-07-27 03:28:26,649] {processor.py:651} INFO - DAG(s) dict_keys(['tutorial_etl_dag']) retrieved from /home/airflow/.local/lib/python3.7/site-packages/airflow/example_dags/tutorial_etl_dag.py
[2022-07-27 03:28:26,675] {logging_mixin.py:115} INFO - [2022-07-27 03:28:26,675] {dag.py:2420} INFO - Sync 1 DAGs
[2022-07-27 03:28:26,701] {logging_mixin.py:115} INFO - [2022-07-27 03:28:26,701] {dag.py:2972} INFO - Setting next_dagrun for tutorial_etl_dag to None, run_after=None
[2022-07-27 03:28:26,719] {processor.py:161} INFO - Processing /home/airflow/.local/lib/python3.7/site-packages/airflow/example_dags/tutorial_etl_dag.py took 0.081 seconds
[2022-07-27 03:28:57,465] {processor.py:153} INFO - Started process (PID=18834) to work on /home/airflow/.local/lib/python3.7/site-packages/airflow/example_dags/tutorial_etl_dag.py
[2022-07-27 03:28:57,467] {processor.py:641} INFO - Processing file /home/airflow/.local/lib/python3.7/site-packages/airflow/example_dags/tutorial_etl_dag.py for tasks to queue
[2022-07-27 03:28:57,468] {logging_mixin.py:115} INFO - [2022-07-27 03:28:57,468] {dagbag.py:508} INFO - Filling up the DagBag from /home/airflow/.local/lib/python3.7/site-packages/airflow/example_dags/tutorial_etl_dag.py
[2022-07-27 03:28:57,477] {processor.py:651} INFO - DAG(s) dict_keys(['tutorial_etl_dag']) retrieved from /home/airflow/.local/lib/python3.7/site-packages/airflow/example_dags/tutorial_etl_dag.py
[2022-07-27 03:28:57,526] {logging_mixin.py:115} INFO - [2022-07-27 03:28:57,525] {dag.py:2420} INFO - Sync 1 DAGs
[2022-07-27 03:28:57,558] {logging_mixin.py:115} INFO - [2022-07-27 03:28:57,558] {dag.py:2972} INFO - Setting next_dagrun for tutorial_etl_dag to None, run_after=None
[2022-07-27 03:28:57,578] {processor.py:161} INFO - Processing /home/airflow/.local/lib/python3.7/site-packages/airflow/example_dags/tutorial_etl_dag.py took 0.116 seconds
[2022-07-27 03:29:27,926] {processor.py:153} INFO - Started process (PID=19035) to work on /home/airflow/.local/lib/python3.7/site-packages/airflow/example_dags/tutorial_etl_dag.py
[2022-07-27 03:29:27,927] {processor.py:641} INFO - Processing file /home/airflow/.local/lib/python3.7/site-packages/airflow/example_dags/tutorial_etl_dag.py for tasks to queue
[2022-07-27 03:29:27,928] {logging_mixin.py:115} INFO - [2022-07-27 03:29:27,928] {dagbag.py:508} INFO - Filling up the DagBag from /home/airflow/.local/lib/python3.7/site-packages/airflow/example_dags/tutorial_etl_dag.py
[2022-07-27 03:29:27,936] {processor.py:651} INFO - DAG(s) dict_keys(['tutorial_etl_dag']) retrieved from /home/airflow/.local/lib/python3.7/site-packages/airflow/example_dags/tutorial_etl_dag.py
[2022-07-27 03:29:27,964] {logging_mixin.py:115} INFO - [2022-07-27 03:29:27,964] {dag.py:2420} INFO - Sync 1 DAGs
[2022-07-27 03:29:27,989] {logging_mixin.py:115} INFO - [2022-07-27 03:29:27,989] {dag.py:2972} INFO - Setting next_dagrun for tutorial_etl_dag to None, run_after=None
[2022-07-27 03:29:28,009] {processor.py:161} INFO - Processing /home/airflow/.local/lib/python3.7/site-packages/airflow/example_dags/tutorial_etl_dag.py took 0.087 seconds
[2022-07-27 03:29:58,790] {processor.py:153} INFO - Started process (PID=19229) to work on /home/airflow/.local/lib/python3.7/site-packages/airflow/example_dags/tutorial_etl_dag.py
[2022-07-27 03:29:58,791] {processor.py:641} INFO - Processing file /home/airflow/.local/lib/python3.7/site-packages/airflow/example_dags/tutorial_etl_dag.py for tasks to queue
[2022-07-27 03:29:58,791] {logging_mixin.py:115} INFO - [2022-07-27 03:29:58,791] {dagbag.py:508} INFO - Filling up the DagBag from /home/airflow/.local/lib/python3.7/site-packages/airflow/example_dags/tutorial_etl_dag.py
[2022-07-27 03:29:58,798] {processor.py:651} INFO - DAG(s) dict_keys(['tutorial_etl_dag']) retrieved from /home/airflow/.local/lib/python3.7/site-packages/airflow/example_dags/tutorial_etl_dag.py
[2022-07-27 03:29:58,823] {logging_mixin.py:115} INFO - [2022-07-27 03:29:58,823] {dag.py:2420} INFO - Sync 1 DAGs
[2022-07-27 03:29:58,851] {logging_mixin.py:115} INFO - [2022-07-27 03:29:58,851] {dag.py:2972} INFO - Setting next_dagrun for tutorial_etl_dag to None, run_after=None
[2022-07-27 03:29:58,867] {processor.py:161} INFO - Processing /home/airflow/.local/lib/python3.7/site-packages/airflow/example_dags/tutorial_etl_dag.py took 0.079 seconds
