[2022-08-28 00:00:02,242] {taskinstance.py:1179} INFO - Dependencies all met for <TaskInstance: csv_dag.description_dag scheduled__2022-08-27T00:00:00+00:00 [queued]>
[2022-08-28 00:00:02,251] {taskinstance.py:1179} INFO - Dependencies all met for <TaskInstance: csv_dag.description_dag scheduled__2022-08-27T00:00:00+00:00 [queued]>
[2022-08-28 00:00:02,251] {taskinstance.py:1376} INFO - 
--------------------------------------------------------------------------------
[2022-08-28 00:00:02,252] {taskinstance.py:1377} INFO - Starting attempt 1 of 2
[2022-08-28 00:00:02,253] {taskinstance.py:1378} INFO - 
--------------------------------------------------------------------------------
[2022-08-28 00:00:02,269] {taskinstance.py:1397} INFO - Executing <Task(PythonOperator): description_dag> on 2022-08-27 00:00:00+00:00
[2022-08-28 00:00:02,274] {standard_task_runner.py:52} INFO - Started process 11879 to run task
[2022-08-28 00:00:02,277] {standard_task_runner.py:79} INFO - Running: ['***', 'tasks', 'run', 'csv_dag', 'description_dag', 'scheduled__2022-08-27T00:00:00+00:00', '--job-id', '268', '--raw', '--subdir', 'DAGS_FOLDER/testDag.py', '--cfg-path', '/tmp/tmpabyjxsiq', '--error-file', '/tmp/tmpyilqn6gh']
[2022-08-28 00:00:02,278] {standard_task_runner.py:80} INFO - Job 268: Subtask description_dag
[2022-08-28 00:00:02,414] {task_command.py:371} INFO - Running <TaskInstance: csv_dag.description_dag scheduled__2022-08-27T00:00:00+00:00 [running]> on host 36e1df4dd6ce
[2022-08-28 00:00:02,500] {taskinstance.py:1591} INFO - Exporting the following env vars:
AIRFLOW_CTX_DAG_OWNER=***
AIRFLOW_CTX_DAG_ID=csv_dag
AIRFLOW_CTX_TASK_ID=description_dag
AIRFLOW_CTX_EXECUTION_DATE=2022-08-27T00:00:00+00:00
AIRFLOW_CTX_TRY_NUMBER=1
AIRFLOW_CTX_DAG_RUN_ID=scheduled__2022-08-27T00:00:00+00:00
[2022-08-28 00:00:42,928] {python.py:173} INFO - Done. Returned value was: None
[2022-08-28 00:00:42,939] {taskinstance.py:1420} INFO - Marking task as SUCCESS. dag_id=csv_dag, task_id=description_dag, execution_date=20220827T000000, start_date=20220828T000002, end_date=20220828T000042
[2022-08-28 00:00:42,982] {local_task_job.py:156} INFO - Task exited with return code 0
[2022-08-28 00:00:43,005] {local_task_job.py:273} INFO - 1 downstream tasks scheduled from follow-on schedule check
