[2022-08-05 19:07:03,114] {processor.py:153} INFO - Started process (PID=7019) to work on /home/airflow/.local/lib/python3.7/site-packages/airflow/example_dags/example_dag_decorator.py
[2022-08-05 19:07:03,115] {processor.py:641} INFO - Processing file /home/airflow/.local/lib/python3.7/site-packages/airflow/example_dags/example_dag_decorator.py for tasks to queue
[2022-08-05 19:07:03,117] {logging_mixin.py:115} INFO - [2022-08-05 19:07:03,117] {dagbag.py:508} INFO - Filling up the DagBag from /home/airflow/.local/lib/python3.7/site-packages/airflow/example_dags/example_dag_decorator.py
[2022-08-05 19:07:03,170] {processor.py:651} INFO - DAG(s) dict_keys(['example_dag_decorator']) retrieved from /home/airflow/.local/lib/python3.7/site-packages/airflow/example_dags/example_dag_decorator.py
[2022-08-05 19:07:03,292] {logging_mixin.py:115} INFO - [2022-08-05 19:07:03,292] {dag.py:2420} INFO - Sync 1 DAGs
[2022-08-05 19:07:03,336] {logging_mixin.py:115} INFO - [2022-08-05 19:07:03,336] {dag.py:2972} INFO - Setting next_dagrun for example_dag_decorator to None, run_after=None
[2022-08-05 19:07:03,375] {processor.py:161} INFO - Processing /home/airflow/.local/lib/python3.7/site-packages/airflow/example_dags/example_dag_decorator.py took 0.266 seconds
[2022-08-05 19:07:33,679] {processor.py:153} INFO - Started process (PID=7227) to work on /home/airflow/.local/lib/python3.7/site-packages/airflow/example_dags/example_dag_decorator.py
[2022-08-05 19:07:33,680] {processor.py:641} INFO - Processing file /home/airflow/.local/lib/python3.7/site-packages/airflow/example_dags/example_dag_decorator.py for tasks to queue
[2022-08-05 19:07:33,681] {logging_mixin.py:115} INFO - [2022-08-05 19:07:33,681] {dagbag.py:508} INFO - Filling up the DagBag from /home/airflow/.local/lib/python3.7/site-packages/airflow/example_dags/example_dag_decorator.py
[2022-08-05 19:07:33,704] {processor.py:651} INFO - DAG(s) dict_keys(['example_dag_decorator']) retrieved from /home/airflow/.local/lib/python3.7/site-packages/airflow/example_dags/example_dag_decorator.py
[2022-08-05 19:07:33,780] {logging_mixin.py:115} INFO - [2022-08-05 19:07:33,780] {dag.py:2420} INFO - Sync 1 DAGs
[2022-08-05 19:07:33,805] {logging_mixin.py:115} INFO - [2022-08-05 19:07:33,805] {dag.py:2972} INFO - Setting next_dagrun for example_dag_decorator to None, run_after=None
[2022-08-05 19:07:33,823] {processor.py:161} INFO - Processing /home/airflow/.local/lib/python3.7/site-packages/airflow/example_dags/example_dag_decorator.py took 0.147 seconds
[2022-08-05 19:08:04,721] {processor.py:153} INFO - Started process (PID=7433) to work on /home/airflow/.local/lib/python3.7/site-packages/airflow/example_dags/example_dag_decorator.py
[2022-08-05 19:08:04,722] {processor.py:641} INFO - Processing file /home/airflow/.local/lib/python3.7/site-packages/airflow/example_dags/example_dag_decorator.py for tasks to queue
[2022-08-05 19:08:04,724] {logging_mixin.py:115} INFO - [2022-08-05 19:08:04,724] {dagbag.py:508} INFO - Filling up the DagBag from /home/airflow/.local/lib/python3.7/site-packages/airflow/example_dags/example_dag_decorator.py
[2022-08-05 19:08:04,756] {processor.py:651} INFO - DAG(s) dict_keys(['example_dag_decorator']) retrieved from /home/airflow/.local/lib/python3.7/site-packages/airflow/example_dags/example_dag_decorator.py
[2022-08-05 19:08:04,809] {logging_mixin.py:115} INFO - [2022-08-05 19:08:04,808] {dag.py:2420} INFO - Sync 1 DAGs
[2022-08-05 19:08:04,848] {logging_mixin.py:115} INFO - [2022-08-05 19:08:04,847] {dag.py:2972} INFO - Setting next_dagrun for example_dag_decorator to None, run_after=None
[2022-08-05 19:08:04,874] {processor.py:161} INFO - Processing /home/airflow/.local/lib/python3.7/site-packages/airflow/example_dags/example_dag_decorator.py took 0.157 seconds
[2022-08-05 19:08:35,388] {processor.py:153} INFO - Started process (PID=7627) to work on /home/airflow/.local/lib/python3.7/site-packages/airflow/example_dags/example_dag_decorator.py
[2022-08-05 19:08:35,389] {processor.py:641} INFO - Processing file /home/airflow/.local/lib/python3.7/site-packages/airflow/example_dags/example_dag_decorator.py for tasks to queue
[2022-08-05 19:08:35,390] {logging_mixin.py:115} INFO - [2022-08-05 19:08:35,390] {dagbag.py:508} INFO - Filling up the DagBag from /home/airflow/.local/lib/python3.7/site-packages/airflow/example_dags/example_dag_decorator.py
[2022-08-05 19:08:35,415] {processor.py:651} INFO - DAG(s) dict_keys(['example_dag_decorator']) retrieved from /home/airflow/.local/lib/python3.7/site-packages/airflow/example_dags/example_dag_decorator.py
[2022-08-05 19:08:35,496] {logging_mixin.py:115} INFO - [2022-08-05 19:08:35,496] {dag.py:2420} INFO - Sync 1 DAGs
[2022-08-05 19:08:35,523] {logging_mixin.py:115} INFO - [2022-08-05 19:08:35,522] {dag.py:2972} INFO - Setting next_dagrun for example_dag_decorator to None, run_after=None
[2022-08-05 19:08:35,540] {processor.py:161} INFO - Processing /home/airflow/.local/lib/python3.7/site-packages/airflow/example_dags/example_dag_decorator.py took 0.155 seconds
[2022-08-05 19:09:06,497] {processor.py:153} INFO - Started process (PID=7841) to work on /home/airflow/.local/lib/python3.7/site-packages/airflow/example_dags/example_dag_decorator.py
[2022-08-05 19:09:06,498] {processor.py:641} INFO - Processing file /home/airflow/.local/lib/python3.7/site-packages/airflow/example_dags/example_dag_decorator.py for tasks to queue
[2022-08-05 19:09:06,499] {logging_mixin.py:115} INFO - [2022-08-05 19:09:06,499] {dagbag.py:508} INFO - Filling up the DagBag from /home/airflow/.local/lib/python3.7/site-packages/airflow/example_dags/example_dag_decorator.py
[2022-08-05 19:09:06,527] {processor.py:651} INFO - DAG(s) dict_keys(['example_dag_decorator']) retrieved from /home/airflow/.local/lib/python3.7/site-packages/airflow/example_dags/example_dag_decorator.py
[2022-08-05 19:09:06,557] {logging_mixin.py:115} INFO - [2022-08-05 19:09:06,557] {dag.py:2420} INFO - Sync 1 DAGs
[2022-08-05 19:09:06,585] {logging_mixin.py:115} INFO - [2022-08-05 19:09:06,585] {dag.py:2972} INFO - Setting next_dagrun for example_dag_decorator to None, run_after=None
[2022-08-05 19:09:06,603] {processor.py:161} INFO - Processing /home/airflow/.local/lib/python3.7/site-packages/airflow/example_dags/example_dag_decorator.py took 0.109 seconds
[2022-08-05 19:09:37,419] {processor.py:153} INFO - Started process (PID=8035) to work on /home/airflow/.local/lib/python3.7/site-packages/airflow/example_dags/example_dag_decorator.py
[2022-08-05 19:09:37,420] {processor.py:641} INFO - Processing file /home/airflow/.local/lib/python3.7/site-packages/airflow/example_dags/example_dag_decorator.py for tasks to queue
[2022-08-05 19:09:37,421] {logging_mixin.py:115} INFO - [2022-08-05 19:09:37,421] {dagbag.py:508} INFO - Filling up the DagBag from /home/airflow/.local/lib/python3.7/site-packages/airflow/example_dags/example_dag_decorator.py
[2022-08-05 19:09:37,456] {processor.py:651} INFO - DAG(s) dict_keys(['example_dag_decorator']) retrieved from /home/airflow/.local/lib/python3.7/site-packages/airflow/example_dags/example_dag_decorator.py
[2022-08-05 19:09:37,500] {logging_mixin.py:115} INFO - [2022-08-05 19:09:37,500] {dag.py:2420} INFO - Sync 1 DAGs
[2022-08-05 19:09:37,538] {logging_mixin.py:115} INFO - [2022-08-05 19:09:37,537] {dag.py:2972} INFO - Setting next_dagrun for example_dag_decorator to None, run_after=None
[2022-08-05 19:09:37,566] {processor.py:161} INFO - Processing /home/airflow/.local/lib/python3.7/site-packages/airflow/example_dags/example_dag_decorator.py took 0.153 seconds
[2022-08-05 19:10:07,967] {processor.py:153} INFO - Started process (PID=8238) to work on /home/airflow/.local/lib/python3.7/site-packages/airflow/example_dags/example_dag_decorator.py
[2022-08-05 19:10:07,968] {processor.py:641} INFO - Processing file /home/airflow/.local/lib/python3.7/site-packages/airflow/example_dags/example_dag_decorator.py for tasks to queue
[2022-08-05 19:10:07,969] {logging_mixin.py:115} INFO - [2022-08-05 19:10:07,969] {dagbag.py:508} INFO - Filling up the DagBag from /home/airflow/.local/lib/python3.7/site-packages/airflow/example_dags/example_dag_decorator.py
[2022-08-05 19:10:08,008] {processor.py:651} INFO - DAG(s) dict_keys(['example_dag_decorator']) retrieved from /home/airflow/.local/lib/python3.7/site-packages/airflow/example_dags/example_dag_decorator.py
[2022-08-05 19:10:08,046] {logging_mixin.py:115} INFO - [2022-08-05 19:10:08,046] {dag.py:2420} INFO - Sync 1 DAGs
[2022-08-05 19:10:08,083] {logging_mixin.py:115} INFO - [2022-08-05 19:10:08,083] {dag.py:2972} INFO - Setting next_dagrun for example_dag_decorator to None, run_after=None
[2022-08-05 19:10:08,103] {processor.py:161} INFO - Processing /home/airflow/.local/lib/python3.7/site-packages/airflow/example_dags/example_dag_decorator.py took 0.140 seconds
[2022-08-05 19:10:38,344] {processor.py:153} INFO - Started process (PID=8432) to work on /home/airflow/.local/lib/python3.7/site-packages/airflow/example_dags/example_dag_decorator.py
[2022-08-05 19:10:38,346] {processor.py:641} INFO - Processing file /home/airflow/.local/lib/python3.7/site-packages/airflow/example_dags/example_dag_decorator.py for tasks to queue
[2022-08-05 19:10:38,347] {logging_mixin.py:115} INFO - [2022-08-05 19:10:38,347] {dagbag.py:508} INFO - Filling up the DagBag from /home/airflow/.local/lib/python3.7/site-packages/airflow/example_dags/example_dag_decorator.py
[2022-08-05 19:10:38,386] {processor.py:651} INFO - DAG(s) dict_keys(['example_dag_decorator']) retrieved from /home/airflow/.local/lib/python3.7/site-packages/airflow/example_dags/example_dag_decorator.py
[2022-08-05 19:10:38,431] {logging_mixin.py:115} INFO - [2022-08-05 19:10:38,431] {dag.py:2420} INFO - Sync 1 DAGs
[2022-08-05 19:10:38,462] {logging_mixin.py:115} INFO - [2022-08-05 19:10:38,462] {dag.py:2972} INFO - Setting next_dagrun for example_dag_decorator to None, run_after=None
[2022-08-05 19:10:38,492] {processor.py:161} INFO - Processing /home/airflow/.local/lib/python3.7/site-packages/airflow/example_dags/example_dag_decorator.py took 0.151 seconds
[2022-08-05 19:11:08,840] {processor.py:153} INFO - Started process (PID=8637) to work on /home/airflow/.local/lib/python3.7/site-packages/airflow/example_dags/example_dag_decorator.py
[2022-08-05 19:11:08,841] {processor.py:641} INFO - Processing file /home/airflow/.local/lib/python3.7/site-packages/airflow/example_dags/example_dag_decorator.py for tasks to queue
[2022-08-05 19:11:08,842] {logging_mixin.py:115} INFO - [2022-08-05 19:11:08,842] {dagbag.py:508} INFO - Filling up the DagBag from /home/airflow/.local/lib/python3.7/site-packages/airflow/example_dags/example_dag_decorator.py
[2022-08-05 19:11:08,866] {processor.py:651} INFO - DAG(s) dict_keys(['example_dag_decorator']) retrieved from /home/airflow/.local/lib/python3.7/site-packages/airflow/example_dags/example_dag_decorator.py
[2022-08-05 19:11:08,945] {logging_mixin.py:115} INFO - [2022-08-05 19:11:08,944] {dag.py:2420} INFO - Sync 1 DAGs
[2022-08-05 19:11:08,968] {logging_mixin.py:115} INFO - [2022-08-05 19:11:08,968] {dag.py:2972} INFO - Setting next_dagrun for example_dag_decorator to None, run_after=None
[2022-08-05 19:11:08,995] {processor.py:161} INFO - Processing /home/airflow/.local/lib/python3.7/site-packages/airflow/example_dags/example_dag_decorator.py took 0.158 seconds
[2022-08-05 19:11:39,757] {processor.py:153} INFO - Started process (PID=8829) to work on /home/airflow/.local/lib/python3.7/site-packages/airflow/example_dags/example_dag_decorator.py
[2022-08-05 19:11:39,758] {processor.py:641} INFO - Processing file /home/airflow/.local/lib/python3.7/site-packages/airflow/example_dags/example_dag_decorator.py for tasks to queue
[2022-08-05 19:11:39,758] {logging_mixin.py:115} INFO - [2022-08-05 19:11:39,758] {dagbag.py:508} INFO - Filling up the DagBag from /home/airflow/.local/lib/python3.7/site-packages/airflow/example_dags/example_dag_decorator.py
[2022-08-05 19:11:39,789] {processor.py:651} INFO - DAG(s) dict_keys(['example_dag_decorator']) retrieved from /home/airflow/.local/lib/python3.7/site-packages/airflow/example_dags/example_dag_decorator.py
[2022-08-05 19:11:39,875] {logging_mixin.py:115} INFO - [2022-08-05 19:11:39,875] {dag.py:2420} INFO - Sync 1 DAGs
[2022-08-05 19:11:39,902] {logging_mixin.py:115} INFO - [2022-08-05 19:11:39,902] {dag.py:2972} INFO - Setting next_dagrun for example_dag_decorator to None, run_after=None
[2022-08-05 19:11:39,923] {processor.py:161} INFO - Processing /home/airflow/.local/lib/python3.7/site-packages/airflow/example_dags/example_dag_decorator.py took 0.169 seconds
[2022-08-05 19:12:10,811] {processor.py:153} INFO - Started process (PID=9032) to work on /home/airflow/.local/lib/python3.7/site-packages/airflow/example_dags/example_dag_decorator.py
[2022-08-05 19:12:10,812] {processor.py:641} INFO - Processing file /home/airflow/.local/lib/python3.7/site-packages/airflow/example_dags/example_dag_decorator.py for tasks to queue
[2022-08-05 19:12:10,813] {logging_mixin.py:115} INFO - [2022-08-05 19:12:10,813] {dagbag.py:508} INFO - Filling up the DagBag from /home/airflow/.local/lib/python3.7/site-packages/airflow/example_dags/example_dag_decorator.py
[2022-08-05 19:12:10,843] {processor.py:651} INFO - DAG(s) dict_keys(['example_dag_decorator']) retrieved from /home/airflow/.local/lib/python3.7/site-packages/airflow/example_dags/example_dag_decorator.py
[2022-08-05 19:12:10,933] {logging_mixin.py:115} INFO - [2022-08-05 19:12:10,933] {dag.py:2420} INFO - Sync 1 DAGs
[2022-08-05 19:12:10,961] {logging_mixin.py:115} INFO - [2022-08-05 19:12:10,961] {dag.py:2972} INFO - Setting next_dagrun for example_dag_decorator to None, run_after=None
[2022-08-05 19:12:10,988] {processor.py:161} INFO - Processing /home/airflow/.local/lib/python3.7/site-packages/airflow/example_dags/example_dag_decorator.py took 0.180 seconds
