[2022-08-05 19:07:05,155] {processor.py:153} INFO - Started process (PID=7097) to work on /home/airflow/.local/lib/python3.7/site-packages/airflow/example_dags/example_branch_operator.py
[2022-08-05 19:07:05,157] {processor.py:641} INFO - Processing file /home/airflow/.local/lib/python3.7/site-packages/airflow/example_dags/example_branch_operator.py for tasks to queue
[2022-08-05 19:07:05,160] {logging_mixin.py:115} INFO - [2022-08-05 19:07:05,160] {dagbag.py:508} INFO - Filling up the DagBag from /home/airflow/.local/lib/python3.7/site-packages/airflow/example_dags/example_branch_operator.py
[2022-08-05 19:07:05,199] {processor.py:651} INFO - DAG(s) dict_keys(['example_branch_operator']) retrieved from /home/airflow/.local/lib/python3.7/site-packages/airflow/example_dags/example_branch_operator.py
[2022-08-05 19:07:05,249] {logging_mixin.py:115} INFO - [2022-08-05 19:07:05,249] {dag.py:2420} INFO - Sync 1 DAGs
[2022-08-05 19:07:05,306] {logging_mixin.py:115} INFO - [2022-08-05 19:07:05,306] {dag.py:2972} INFO - Setting next_dagrun for example_branch_operator to 2022-08-04T00:00:00+00:00, run_after=2022-08-05T00:00:00+00:00
[2022-08-05 19:07:05,337] {processor.py:161} INFO - Processing /home/airflow/.local/lib/python3.7/site-packages/airflow/example_dags/example_branch_operator.py took 0.192 seconds
[2022-08-05 19:07:36,050] {processor.py:153} INFO - Started process (PID=7303) to work on /home/airflow/.local/lib/python3.7/site-packages/airflow/example_dags/example_branch_operator.py
[2022-08-05 19:07:36,051] {processor.py:641} INFO - Processing file /home/airflow/.local/lib/python3.7/site-packages/airflow/example_dags/example_branch_operator.py for tasks to queue
[2022-08-05 19:07:36,052] {logging_mixin.py:115} INFO - [2022-08-05 19:07:36,052] {dagbag.py:508} INFO - Filling up the DagBag from /home/airflow/.local/lib/python3.7/site-packages/airflow/example_dags/example_branch_operator.py
[2022-08-05 19:07:36,064] {processor.py:651} INFO - DAG(s) dict_keys(['example_branch_operator']) retrieved from /home/airflow/.local/lib/python3.7/site-packages/airflow/example_dags/example_branch_operator.py
[2022-08-05 19:07:36,092] {logging_mixin.py:115} INFO - [2022-08-05 19:07:36,092] {dag.py:2420} INFO - Sync 1 DAGs
[2022-08-05 19:07:36,119] {logging_mixin.py:115} INFO - [2022-08-05 19:07:36,119] {dag.py:2972} INFO - Setting next_dagrun for example_branch_operator to 2022-08-04T00:00:00+00:00, run_after=2022-08-05T00:00:00+00:00
[2022-08-05 19:07:36,134] {processor.py:161} INFO - Processing /home/airflow/.local/lib/python3.7/site-packages/airflow/example_dags/example_branch_operator.py took 0.087 seconds
[2022-08-05 19:08:06,990] {processor.py:153} INFO - Started process (PID=7509) to work on /home/airflow/.local/lib/python3.7/site-packages/airflow/example_dags/example_branch_operator.py
[2022-08-05 19:08:06,991] {processor.py:641} INFO - Processing file /home/airflow/.local/lib/python3.7/site-packages/airflow/example_dags/example_branch_operator.py for tasks to queue
[2022-08-05 19:08:06,992] {logging_mixin.py:115} INFO - [2022-08-05 19:08:06,992] {dagbag.py:508} INFO - Filling up the DagBag from /home/airflow/.local/lib/python3.7/site-packages/airflow/example_dags/example_branch_operator.py
[2022-08-05 19:08:07,002] {processor.py:651} INFO - DAG(s) dict_keys(['example_branch_operator']) retrieved from /home/airflow/.local/lib/python3.7/site-packages/airflow/example_dags/example_branch_operator.py
[2022-08-05 19:08:07,027] {logging_mixin.py:115} INFO - [2022-08-05 19:08:07,026] {dag.py:2420} INFO - Sync 1 DAGs
[2022-08-05 19:08:07,049] {logging_mixin.py:115} INFO - [2022-08-05 19:08:07,049] {dag.py:2972} INFO - Setting next_dagrun for example_branch_operator to 2022-08-04T00:00:00+00:00, run_after=2022-08-05T00:00:00+00:00
[2022-08-05 19:08:07,063] {processor.py:161} INFO - Processing /home/airflow/.local/lib/python3.7/site-packages/airflow/example_dags/example_branch_operator.py took 0.075 seconds
[2022-08-05 19:08:37,663] {processor.py:153} INFO - Started process (PID=7703) to work on /home/airflow/.local/lib/python3.7/site-packages/airflow/example_dags/example_branch_operator.py
[2022-08-05 19:08:37,664] {processor.py:641} INFO - Processing file /home/airflow/.local/lib/python3.7/site-packages/airflow/example_dags/example_branch_operator.py for tasks to queue
[2022-08-05 19:08:37,665] {logging_mixin.py:115} INFO - [2022-08-05 19:08:37,665] {dagbag.py:508} INFO - Filling up the DagBag from /home/airflow/.local/lib/python3.7/site-packages/airflow/example_dags/example_branch_operator.py
[2022-08-05 19:08:37,677] {processor.py:651} INFO - DAG(s) dict_keys(['example_branch_operator']) retrieved from /home/airflow/.local/lib/python3.7/site-packages/airflow/example_dags/example_branch_operator.py
[2022-08-05 19:08:37,709] {logging_mixin.py:115} INFO - [2022-08-05 19:08:37,709] {dag.py:2420} INFO - Sync 1 DAGs
[2022-08-05 19:08:37,742] {logging_mixin.py:115} INFO - [2022-08-05 19:08:37,741] {dag.py:2972} INFO - Setting next_dagrun for example_branch_operator to 2022-08-04T00:00:00+00:00, run_after=2022-08-05T00:00:00+00:00
[2022-08-05 19:08:37,759] {processor.py:161} INFO - Processing /home/airflow/.local/lib/python3.7/site-packages/airflow/example_dags/example_branch_operator.py took 0.099 seconds
[2022-08-05 19:09:08,565] {processor.py:153} INFO - Started process (PID=7907) to work on /home/airflow/.local/lib/python3.7/site-packages/airflow/example_dags/example_branch_operator.py
[2022-08-05 19:09:08,565] {processor.py:641} INFO - Processing file /home/airflow/.local/lib/python3.7/site-packages/airflow/example_dags/example_branch_operator.py for tasks to queue
[2022-08-05 19:09:08,566] {logging_mixin.py:115} INFO - [2022-08-05 19:09:08,566] {dagbag.py:508} INFO - Filling up the DagBag from /home/airflow/.local/lib/python3.7/site-packages/airflow/example_dags/example_branch_operator.py
[2022-08-05 19:09:08,578] {processor.py:651} INFO - DAG(s) dict_keys(['example_branch_operator']) retrieved from /home/airflow/.local/lib/python3.7/site-packages/airflow/example_dags/example_branch_operator.py
[2022-08-05 19:09:08,608] {logging_mixin.py:115} INFO - [2022-08-05 19:09:08,608] {dag.py:2420} INFO - Sync 1 DAGs
[2022-08-05 19:09:08,639] {logging_mixin.py:115} INFO - [2022-08-05 19:09:08,639] {dag.py:2972} INFO - Setting next_dagrun for example_branch_operator to 2022-08-04T00:00:00+00:00, run_after=2022-08-05T00:00:00+00:00
[2022-08-05 19:09:08,657] {processor.py:161} INFO - Processing /home/airflow/.local/lib/python3.7/site-packages/airflow/example_dags/example_branch_operator.py took 0.095 seconds
[2022-08-05 19:09:38,839] {processor.py:153} INFO - Started process (PID=8100) to work on /home/airflow/.local/lib/python3.7/site-packages/airflow/example_dags/example_branch_operator.py
[2022-08-05 19:09:38,839] {processor.py:641} INFO - Processing file /home/airflow/.local/lib/python3.7/site-packages/airflow/example_dags/example_branch_operator.py for tasks to queue
[2022-08-05 19:09:38,840] {logging_mixin.py:115} INFO - [2022-08-05 19:09:38,840] {dagbag.py:508} INFO - Filling up the DagBag from /home/airflow/.local/lib/python3.7/site-packages/airflow/example_dags/example_branch_operator.py
[2022-08-05 19:09:38,853] {processor.py:651} INFO - DAG(s) dict_keys(['example_branch_operator']) retrieved from /home/airflow/.local/lib/python3.7/site-packages/airflow/example_dags/example_branch_operator.py
[2022-08-05 19:09:38,886] {logging_mixin.py:115} INFO - [2022-08-05 19:09:38,886] {dag.py:2420} INFO - Sync 1 DAGs
[2022-08-05 19:09:38,916] {logging_mixin.py:115} INFO - [2022-08-05 19:09:38,916] {dag.py:2972} INFO - Setting next_dagrun for example_branch_operator to 2022-08-04T00:00:00+00:00, run_after=2022-08-05T00:00:00+00:00
[2022-08-05 19:09:38,931] {processor.py:161} INFO - Processing /home/airflow/.local/lib/python3.7/site-packages/airflow/example_dags/example_branch_operator.py took 0.095 seconds
[2022-08-05 19:10:09,062] {processor.py:153} INFO - Started process (PID=8298) to work on /home/airflow/.local/lib/python3.7/site-packages/airflow/example_dags/example_branch_operator.py
[2022-08-05 19:10:09,063] {processor.py:641} INFO - Processing file /home/airflow/.local/lib/python3.7/site-packages/airflow/example_dags/example_branch_operator.py for tasks to queue
[2022-08-05 19:10:09,064] {logging_mixin.py:115} INFO - [2022-08-05 19:10:09,064] {dagbag.py:508} INFO - Filling up the DagBag from /home/airflow/.local/lib/python3.7/site-packages/airflow/example_dags/example_branch_operator.py
[2022-08-05 19:10:09,077] {processor.py:651} INFO - DAG(s) dict_keys(['example_branch_operator']) retrieved from /home/airflow/.local/lib/python3.7/site-packages/airflow/example_dags/example_branch_operator.py
[2022-08-05 19:10:09,107] {logging_mixin.py:115} INFO - [2022-08-05 19:10:09,107] {dag.py:2420} INFO - Sync 1 DAGs
[2022-08-05 19:10:09,137] {logging_mixin.py:115} INFO - [2022-08-05 19:10:09,137] {dag.py:2972} INFO - Setting next_dagrun for example_branch_operator to 2022-08-04T00:00:00+00:00, run_after=2022-08-05T00:00:00+00:00
[2022-08-05 19:10:09,152] {processor.py:161} INFO - Processing /home/airflow/.local/lib/python3.7/site-packages/airflow/example_dags/example_branch_operator.py took 0.093 seconds
[2022-08-05 19:10:39,551] {processor.py:153} INFO - Started process (PID=8492) to work on /home/airflow/.local/lib/python3.7/site-packages/airflow/example_dags/example_branch_operator.py
[2022-08-05 19:10:39,553] {processor.py:641} INFO - Processing file /home/airflow/.local/lib/python3.7/site-packages/airflow/example_dags/example_branch_operator.py for tasks to queue
[2022-08-05 19:10:39,554] {logging_mixin.py:115} INFO - [2022-08-05 19:10:39,553] {dagbag.py:508} INFO - Filling up the DagBag from /home/airflow/.local/lib/python3.7/site-packages/airflow/example_dags/example_branch_operator.py
[2022-08-05 19:10:39,568] {processor.py:651} INFO - DAG(s) dict_keys(['example_branch_operator']) retrieved from /home/airflow/.local/lib/python3.7/site-packages/airflow/example_dags/example_branch_operator.py
[2022-08-05 19:10:39,604] {logging_mixin.py:115} INFO - [2022-08-05 19:10:39,603] {dag.py:2420} INFO - Sync 1 DAGs
[2022-08-05 19:10:39,637] {logging_mixin.py:115} INFO - [2022-08-05 19:10:39,637] {dag.py:2972} INFO - Setting next_dagrun for example_branch_operator to 2022-08-04T00:00:00+00:00, run_after=2022-08-05T00:00:00+00:00
[2022-08-05 19:10:39,651] {processor.py:161} INFO - Processing /home/airflow/.local/lib/python3.7/site-packages/airflow/example_dags/example_branch_operator.py took 0.104 seconds
[2022-08-05 19:11:09,715] {processor.py:153} INFO - Started process (PID=8695) to work on /home/airflow/.local/lib/python3.7/site-packages/airflow/example_dags/example_branch_operator.py
[2022-08-05 19:11:09,716] {processor.py:641} INFO - Processing file /home/airflow/.local/lib/python3.7/site-packages/airflow/example_dags/example_branch_operator.py for tasks to queue
[2022-08-05 19:11:09,717] {logging_mixin.py:115} INFO - [2022-08-05 19:11:09,717] {dagbag.py:508} INFO - Filling up the DagBag from /home/airflow/.local/lib/python3.7/site-packages/airflow/example_dags/example_branch_operator.py
[2022-08-05 19:11:09,729] {processor.py:651} INFO - DAG(s) dict_keys(['example_branch_operator']) retrieved from /home/airflow/.local/lib/python3.7/site-packages/airflow/example_dags/example_branch_operator.py
[2022-08-05 19:11:09,814] {logging_mixin.py:115} INFO - [2022-08-05 19:11:09,814] {dag.py:2420} INFO - Sync 1 DAGs
[2022-08-05 19:11:09,849] {logging_mixin.py:115} INFO - [2022-08-05 19:11:09,849] {dag.py:2972} INFO - Setting next_dagrun for example_branch_operator to 2022-08-04T00:00:00+00:00, run_after=2022-08-05T00:00:00+00:00
[2022-08-05 19:11:09,869] {processor.py:161} INFO - Processing /home/airflow/.local/lib/python3.7/site-packages/airflow/example_dags/example_branch_operator.py took 0.157 seconds
[2022-08-05 19:11:40,499] {processor.py:153} INFO - Started process (PID=8889) to work on /home/airflow/.local/lib/python3.7/site-packages/airflow/example_dags/example_branch_operator.py
[2022-08-05 19:11:40,500] {processor.py:641} INFO - Processing file /home/airflow/.local/lib/python3.7/site-packages/airflow/example_dags/example_branch_operator.py for tasks to queue
[2022-08-05 19:11:40,501] {logging_mixin.py:115} INFO - [2022-08-05 19:11:40,501] {dagbag.py:508} INFO - Filling up the DagBag from /home/airflow/.local/lib/python3.7/site-packages/airflow/example_dags/example_branch_operator.py
[2022-08-05 19:11:40,514] {processor.py:651} INFO - DAG(s) dict_keys(['example_branch_operator']) retrieved from /home/airflow/.local/lib/python3.7/site-packages/airflow/example_dags/example_branch_operator.py
[2022-08-05 19:11:40,542] {logging_mixin.py:115} INFO - [2022-08-05 19:11:40,542] {dag.py:2420} INFO - Sync 1 DAGs
[2022-08-05 19:11:40,573] {logging_mixin.py:115} INFO - [2022-08-05 19:11:40,573] {dag.py:2972} INFO - Setting next_dagrun for example_branch_operator to 2022-08-04T00:00:00+00:00, run_after=2022-08-05T00:00:00+00:00
[2022-08-05 19:11:40,589] {processor.py:161} INFO - Processing /home/airflow/.local/lib/python3.7/site-packages/airflow/example_dags/example_branch_operator.py took 0.093 seconds
[2022-08-05 19:12:11,897] {processor.py:153} INFO - Started process (PID=9092) to work on /home/airflow/.local/lib/python3.7/site-packages/airflow/example_dags/example_branch_operator.py
[2022-08-05 19:12:11,898] {processor.py:641} INFO - Processing file /home/airflow/.local/lib/python3.7/site-packages/airflow/example_dags/example_branch_operator.py for tasks to queue
[2022-08-05 19:12:11,899] {logging_mixin.py:115} INFO - [2022-08-05 19:12:11,899] {dagbag.py:508} INFO - Filling up the DagBag from /home/airflow/.local/lib/python3.7/site-packages/airflow/example_dags/example_branch_operator.py
[2022-08-05 19:12:11,913] {processor.py:651} INFO - DAG(s) dict_keys(['example_branch_operator']) retrieved from /home/airflow/.local/lib/python3.7/site-packages/airflow/example_dags/example_branch_operator.py
[2022-08-05 19:12:11,952] {logging_mixin.py:115} INFO - [2022-08-05 19:12:11,952] {dag.py:2420} INFO - Sync 1 DAGs
[2022-08-05 19:12:11,985] {logging_mixin.py:115} INFO - [2022-08-05 19:12:11,985] {dag.py:2972} INFO - Setting next_dagrun for example_branch_operator to 2022-08-04T00:00:00+00:00, run_after=2022-08-05T00:00:00+00:00
[2022-08-05 19:12:12,004] {processor.py:161} INFO - Processing /home/airflow/.local/lib/python3.7/site-packages/airflow/example_dags/example_branch_operator.py took 0.111 seconds
