[2022-08-05 19:07:03,603] {processor.py:153} INFO - Started process (PID=7041) to work on /home/airflow/.local/lib/python3.7/site-packages/airflow/example_dags/example_skip_dag.py
[2022-08-05 19:07:03,604] {processor.py:641} INFO - Processing file /home/airflow/.local/lib/python3.7/site-packages/airflow/example_dags/example_skip_dag.py for tasks to queue
[2022-08-05 19:07:03,606] {logging_mixin.py:115} INFO - [2022-08-05 19:07:03,605] {dagbag.py:508} INFO - Filling up the DagBag from /home/airflow/.local/lib/python3.7/site-packages/airflow/example_dags/example_skip_dag.py
[2022-08-05 19:07:03,615] {processor.py:651} INFO - DAG(s) dict_keys(['example_skip_dag']) retrieved from /home/airflow/.local/lib/python3.7/site-packages/airflow/example_dags/example_skip_dag.py
[2022-08-05 19:07:03,660] {logging_mixin.py:115} INFO - [2022-08-05 19:07:03,660] {dag.py:2420} INFO - Sync 1 DAGs
[2022-08-05 19:07:03,703] {logging_mixin.py:115} INFO - [2022-08-05 19:07:03,702] {dag.py:2972} INFO - Setting next_dagrun for example_skip_dag to 2022-08-04T19:07:03.702273+00:00, run_after=2022-08-05T19:07:03.702273+00:00
[2022-08-05 19:07:03,735] {processor.py:161} INFO - Processing /home/airflow/.local/lib/python3.7/site-packages/airflow/example_dags/example_skip_dag.py took 0.138 seconds
[2022-08-05 19:07:33,985] {processor.py:153} INFO - Started process (PID=7247) to work on /home/airflow/.local/lib/python3.7/site-packages/airflow/example_dags/example_skip_dag.py
[2022-08-05 19:07:33,986] {processor.py:641} INFO - Processing file /home/airflow/.local/lib/python3.7/site-packages/airflow/example_dags/example_skip_dag.py for tasks to queue
[2022-08-05 19:07:33,987] {logging_mixin.py:115} INFO - [2022-08-05 19:07:33,987] {dagbag.py:508} INFO - Filling up the DagBag from /home/airflow/.local/lib/python3.7/site-packages/airflow/example_dags/example_skip_dag.py
[2022-08-05 19:07:33,992] {processor.py:651} INFO - DAG(s) dict_keys(['example_skip_dag']) retrieved from /home/airflow/.local/lib/python3.7/site-packages/airflow/example_dags/example_skip_dag.py
[2022-08-05 19:07:34,023] {logging_mixin.py:115} INFO - [2022-08-05 19:07:34,023] {dag.py:2420} INFO - Sync 1 DAGs
[2022-08-05 19:07:34,053] {logging_mixin.py:115} INFO - [2022-08-05 19:07:34,053] {dag.py:2972} INFO - Setting next_dagrun for example_skip_dag to 2022-08-04T19:07:34.053186+00:00, run_after=2022-08-05T19:07:34.053186+00:00
[2022-08-05 19:07:34,069] {processor.py:161} INFO - Processing /home/airflow/.local/lib/python3.7/site-packages/airflow/example_dags/example_skip_dag.py took 0.087 seconds
[2022-08-05 19:08:05,075] {processor.py:153} INFO - Started process (PID=7453) to work on /home/airflow/.local/lib/python3.7/site-packages/airflow/example_dags/example_skip_dag.py
[2022-08-05 19:08:05,076] {processor.py:641} INFO - Processing file /home/airflow/.local/lib/python3.7/site-packages/airflow/example_dags/example_skip_dag.py for tasks to queue
[2022-08-05 19:08:05,077] {logging_mixin.py:115} INFO - [2022-08-05 19:08:05,077] {dagbag.py:508} INFO - Filling up the DagBag from /home/airflow/.local/lib/python3.7/site-packages/airflow/example_dags/example_skip_dag.py
[2022-08-05 19:08:05,085] {processor.py:651} INFO - DAG(s) dict_keys(['example_skip_dag']) retrieved from /home/airflow/.local/lib/python3.7/site-packages/airflow/example_dags/example_skip_dag.py
[2022-08-05 19:08:05,125] {logging_mixin.py:115} INFO - [2022-08-05 19:08:05,125] {dag.py:2420} INFO - Sync 1 DAGs
[2022-08-05 19:08:05,160] {logging_mixin.py:115} INFO - [2022-08-05 19:08:05,160] {dag.py:2972} INFO - Setting next_dagrun for example_skip_dag to 2022-08-04T19:08:05.160142+00:00, run_after=2022-08-05T19:08:05.160142+00:00
[2022-08-05 19:08:05,184] {processor.py:161} INFO - Processing /home/airflow/.local/lib/python3.7/site-packages/airflow/example_dags/example_skip_dag.py took 0.114 seconds
[2022-08-05 19:08:35,760] {processor.py:153} INFO - Started process (PID=7657) to work on /home/airflow/.local/lib/python3.7/site-packages/airflow/example_dags/example_skip_dag.py
[2022-08-05 19:08:35,761] {processor.py:641} INFO - Processing file /home/airflow/.local/lib/python3.7/site-packages/airflow/example_dags/example_skip_dag.py for tasks to queue
[2022-08-05 19:08:35,762] {logging_mixin.py:115} INFO - [2022-08-05 19:08:35,762] {dagbag.py:508} INFO - Filling up the DagBag from /home/airflow/.local/lib/python3.7/site-packages/airflow/example_dags/example_skip_dag.py
[2022-08-05 19:08:35,769] {processor.py:651} INFO - DAG(s) dict_keys(['example_skip_dag']) retrieved from /home/airflow/.local/lib/python3.7/site-packages/airflow/example_dags/example_skip_dag.py
[2022-08-05 19:08:35,800] {logging_mixin.py:115} INFO - [2022-08-05 19:08:35,800] {dag.py:2420} INFO - Sync 1 DAGs
[2022-08-05 19:08:35,833] {logging_mixin.py:115} INFO - [2022-08-05 19:08:35,833] {dag.py:2972} INFO - Setting next_dagrun for example_skip_dag to 2022-08-04T19:08:35.833240+00:00, run_after=2022-08-05T19:08:35.833240+00:00
[2022-08-05 19:08:35,849] {processor.py:161} INFO - Processing /home/airflow/.local/lib/python3.7/site-packages/airflow/example_dags/example_skip_dag.py took 0.092 seconds
[2022-08-05 19:09:06,777] {processor.py:153} INFO - Started process (PID=7863) to work on /home/airflow/.local/lib/python3.7/site-packages/airflow/example_dags/example_skip_dag.py
[2022-08-05 19:09:06,778] {processor.py:641} INFO - Processing file /home/airflow/.local/lib/python3.7/site-packages/airflow/example_dags/example_skip_dag.py for tasks to queue
[2022-08-05 19:09:06,778] {logging_mixin.py:115} INFO - [2022-08-05 19:09:06,778] {dagbag.py:508} INFO - Filling up the DagBag from /home/airflow/.local/lib/python3.7/site-packages/airflow/example_dags/example_skip_dag.py
[2022-08-05 19:09:06,784] {processor.py:651} INFO - DAG(s) dict_keys(['example_skip_dag']) retrieved from /home/airflow/.local/lib/python3.7/site-packages/airflow/example_dags/example_skip_dag.py
[2022-08-05 19:09:06,813] {logging_mixin.py:115} INFO - [2022-08-05 19:09:06,812] {dag.py:2420} INFO - Sync 1 DAGs
[2022-08-05 19:09:06,839] {logging_mixin.py:115} INFO - [2022-08-05 19:09:06,839] {dag.py:2972} INFO - Setting next_dagrun for example_skip_dag to 2022-08-04T19:09:06.839155+00:00, run_after=2022-08-05T19:09:06.839155+00:00
[2022-08-05 19:09:06,857] {processor.py:161} INFO - Processing /home/airflow/.local/lib/python3.7/site-packages/airflow/example_dags/example_skip_dag.py took 0.083 seconds
[2022-08-05 19:09:37,807] {processor.py:153} INFO - Started process (PID=8055) to work on /home/airflow/.local/lib/python3.7/site-packages/airflow/example_dags/example_skip_dag.py
[2022-08-05 19:09:37,808] {processor.py:641} INFO - Processing file /home/airflow/.local/lib/python3.7/site-packages/airflow/example_dags/example_skip_dag.py for tasks to queue
[2022-08-05 19:09:37,809] {logging_mixin.py:115} INFO - [2022-08-05 19:09:37,809] {dagbag.py:508} INFO - Filling up the DagBag from /home/airflow/.local/lib/python3.7/site-packages/airflow/example_dags/example_skip_dag.py
[2022-08-05 19:09:37,816] {processor.py:651} INFO - DAG(s) dict_keys(['example_skip_dag']) retrieved from /home/airflow/.local/lib/python3.7/site-packages/airflow/example_dags/example_skip_dag.py
[2022-08-05 19:09:37,858] {logging_mixin.py:115} INFO - [2022-08-05 19:09:37,858] {dag.py:2420} INFO - Sync 1 DAGs
[2022-08-05 19:09:37,903] {logging_mixin.py:115} INFO - [2022-08-05 19:09:37,903] {dag.py:2972} INFO - Setting next_dagrun for example_skip_dag to 2022-08-04T19:09:37.902711+00:00, run_after=2022-08-05T19:09:37.902711+00:00
[2022-08-05 19:09:37,933] {processor.py:161} INFO - Processing /home/airflow/.local/lib/python3.7/site-packages/airflow/example_dags/example_skip_dag.py took 0.131 seconds
[2022-08-05 19:10:08,458] {processor.py:153} INFO - Started process (PID=8260) to work on /home/airflow/.local/lib/python3.7/site-packages/airflow/example_dags/example_skip_dag.py
[2022-08-05 19:10:08,459] {processor.py:641} INFO - Processing file /home/airflow/.local/lib/python3.7/site-packages/airflow/example_dags/example_skip_dag.py for tasks to queue
[2022-08-05 19:10:08,460] {logging_mixin.py:115} INFO - [2022-08-05 19:10:08,460] {dagbag.py:508} INFO - Filling up the DagBag from /home/airflow/.local/lib/python3.7/site-packages/airflow/example_dags/example_skip_dag.py
[2022-08-05 19:10:08,466] {processor.py:651} INFO - DAG(s) dict_keys(['example_skip_dag']) retrieved from /home/airflow/.local/lib/python3.7/site-packages/airflow/example_dags/example_skip_dag.py
[2022-08-05 19:10:08,500] {logging_mixin.py:115} INFO - [2022-08-05 19:10:08,500] {dag.py:2420} INFO - Sync 1 DAGs
[2022-08-05 19:10:08,528] {logging_mixin.py:115} INFO - [2022-08-05 19:10:08,528] {dag.py:2972} INFO - Setting next_dagrun for example_skip_dag to 2022-08-04T19:10:08.527791+00:00, run_after=2022-08-05T19:10:08.527791+00:00
[2022-08-05 19:10:08,547] {processor.py:161} INFO - Processing /home/airflow/.local/lib/python3.7/site-packages/airflow/example_dags/example_skip_dag.py took 0.092 seconds
[2022-08-05 19:10:38,934] {processor.py:153} INFO - Started process (PID=8453) to work on /home/airflow/.local/lib/python3.7/site-packages/airflow/example_dags/example_skip_dag.py
[2022-08-05 19:10:38,935] {processor.py:641} INFO - Processing file /home/airflow/.local/lib/python3.7/site-packages/airflow/example_dags/example_skip_dag.py for tasks to queue
[2022-08-05 19:10:38,936] {logging_mixin.py:115} INFO - [2022-08-05 19:10:38,936] {dagbag.py:508} INFO - Filling up the DagBag from /home/airflow/.local/lib/python3.7/site-packages/airflow/example_dags/example_skip_dag.py
[2022-08-05 19:10:38,944] {processor.py:651} INFO - DAG(s) dict_keys(['example_skip_dag']) retrieved from /home/airflow/.local/lib/python3.7/site-packages/airflow/example_dags/example_skip_dag.py
[2022-08-05 19:10:38,982] {logging_mixin.py:115} INFO - [2022-08-05 19:10:38,982] {dag.py:2420} INFO - Sync 1 DAGs
[2022-08-05 19:10:39,013] {logging_mixin.py:115} INFO - [2022-08-05 19:10:39,012] {dag.py:2972} INFO - Setting next_dagrun for example_skip_dag to 2022-08-04T19:10:39.012528+00:00, run_after=2022-08-05T19:10:39.012528+00:00
[2022-08-05 19:10:39,031] {processor.py:161} INFO - Processing /home/airflow/.local/lib/python3.7/site-packages/airflow/example_dags/example_skip_dag.py took 0.102 seconds
[2022-08-05 19:11:09,161] {processor.py:153} INFO - Started process (PID=8655) to work on /home/airflow/.local/lib/python3.7/site-packages/airflow/example_dags/example_skip_dag.py
[2022-08-05 19:11:09,161] {processor.py:641} INFO - Processing file /home/airflow/.local/lib/python3.7/site-packages/airflow/example_dags/example_skip_dag.py for tasks to queue
[2022-08-05 19:11:09,162] {logging_mixin.py:115} INFO - [2022-08-05 19:11:09,162] {dagbag.py:508} INFO - Filling up the DagBag from /home/airflow/.local/lib/python3.7/site-packages/airflow/example_dags/example_skip_dag.py
[2022-08-05 19:11:09,168] {processor.py:651} INFO - DAG(s) dict_keys(['example_skip_dag']) retrieved from /home/airflow/.local/lib/python3.7/site-packages/airflow/example_dags/example_skip_dag.py
[2022-08-05 19:11:09,196] {logging_mixin.py:115} INFO - [2022-08-05 19:11:09,196] {dag.py:2420} INFO - Sync 1 DAGs
[2022-08-05 19:11:09,221] {logging_mixin.py:115} INFO - [2022-08-05 19:11:09,221] {dag.py:2972} INFO - Setting next_dagrun for example_skip_dag to 2022-08-04T19:11:09.221170+00:00, run_after=2022-08-05T19:11:09.221170+00:00
[2022-08-05 19:11:09,237] {processor.py:161} INFO - Processing /home/airflow/.local/lib/python3.7/site-packages/airflow/example_dags/example_skip_dag.py took 0.079 seconds
[2022-08-05 19:11:40,054] {processor.py:153} INFO - Started process (PID=8851) to work on /home/airflow/.local/lib/python3.7/site-packages/airflow/example_dags/example_skip_dag.py
[2022-08-05 19:11:40,055] {processor.py:641} INFO - Processing file /home/airflow/.local/lib/python3.7/site-packages/airflow/example_dags/example_skip_dag.py for tasks to queue
[2022-08-05 19:11:40,056] {logging_mixin.py:115} INFO - [2022-08-05 19:11:40,056] {dagbag.py:508} INFO - Filling up the DagBag from /home/airflow/.local/lib/python3.7/site-packages/airflow/example_dags/example_skip_dag.py
[2022-08-05 19:11:40,062] {processor.py:651} INFO - DAG(s) dict_keys(['example_skip_dag']) retrieved from /home/airflow/.local/lib/python3.7/site-packages/airflow/example_dags/example_skip_dag.py
[2022-08-05 19:11:40,091] {logging_mixin.py:115} INFO - [2022-08-05 19:11:40,091] {dag.py:2420} INFO - Sync 1 DAGs
[2022-08-05 19:11:40,119] {logging_mixin.py:115} INFO - [2022-08-05 19:11:40,119] {dag.py:2972} INFO - Setting next_dagrun for example_skip_dag to 2022-08-04T19:11:40.118781+00:00, run_after=2022-08-05T19:11:40.118781+00:00
[2022-08-05 19:11:40,136] {processor.py:161} INFO - Processing /home/airflow/.local/lib/python3.7/site-packages/airflow/example_dags/example_skip_dag.py took 0.084 seconds
[2022-08-05 19:12:11,217] {processor.py:153} INFO - Started process (PID=9052) to work on /home/airflow/.local/lib/python3.7/site-packages/airflow/example_dags/example_skip_dag.py
[2022-08-05 19:12:11,218] {processor.py:641} INFO - Processing file /home/airflow/.local/lib/python3.7/site-packages/airflow/example_dags/example_skip_dag.py for tasks to queue
[2022-08-05 19:12:11,219] {logging_mixin.py:115} INFO - [2022-08-05 19:12:11,219] {dagbag.py:508} INFO - Filling up the DagBag from /home/airflow/.local/lib/python3.7/site-packages/airflow/example_dags/example_skip_dag.py
[2022-08-05 19:12:11,226] {processor.py:651} INFO - DAG(s) dict_keys(['example_skip_dag']) retrieved from /home/airflow/.local/lib/python3.7/site-packages/airflow/example_dags/example_skip_dag.py
[2022-08-05 19:12:11,258] {logging_mixin.py:115} INFO - [2022-08-05 19:12:11,258] {dag.py:2420} INFO - Sync 1 DAGs
[2022-08-05 19:12:11,290] {logging_mixin.py:115} INFO - [2022-08-05 19:12:11,290] {dag.py:2972} INFO - Setting next_dagrun for example_skip_dag to 2022-08-04T19:12:11.290241+00:00, run_after=2022-08-05T19:12:11.290241+00:00
[2022-08-05 19:12:11,311] {processor.py:161} INFO - Processing /home/airflow/.local/lib/python3.7/site-packages/airflow/example_dags/example_skip_dag.py took 0.097 seconds
