[2022-08-05 19:07:04,538] {processor.py:153} INFO - Started process (PID=7080) to work on /home/airflow/.local/lib/python3.7/site-packages/airflow/example_dags/example_python_operator.py
[2022-08-05 19:07:04,539] {processor.py:641} INFO - Processing file /home/airflow/.local/lib/python3.7/site-packages/airflow/example_dags/example_python_operator.py for tasks to queue
[2022-08-05 19:07:04,540] {logging_mixin.py:115} INFO - [2022-08-05 19:07:04,540] {dagbag.py:508} INFO - Filling up the DagBag from /home/airflow/.local/lib/python3.7/site-packages/airflow/example_dags/example_python_operator.py
[2022-08-05 19:07:04,574] {processor.py:651} INFO - DAG(s) dict_keys(['example_python_operator']) retrieved from /home/airflow/.local/lib/python3.7/site-packages/airflow/example_dags/example_python_operator.py
[2022-08-05 19:07:04,625] {logging_mixin.py:115} INFO - [2022-08-05 19:07:04,625] {dag.py:2420} INFO - Sync 1 DAGs
[2022-08-05 19:07:04,677] {logging_mixin.py:115} INFO - [2022-08-05 19:07:04,676] {dag.py:2972} INFO - Setting next_dagrun for example_python_operator to None, run_after=None
[2022-08-05 19:07:04,702] {processor.py:161} INFO - Processing /home/airflow/.local/lib/python3.7/site-packages/airflow/example_dags/example_python_operator.py took 0.168 seconds
[2022-08-05 19:07:35,616] {processor.py:153} INFO - Started process (PID=7287) to work on /home/airflow/.local/lib/python3.7/site-packages/airflow/example_dags/example_python_operator.py
[2022-08-05 19:07:35,617] {processor.py:641} INFO - Processing file /home/airflow/.local/lib/python3.7/site-packages/airflow/example_dags/example_python_operator.py for tasks to queue
[2022-08-05 19:07:35,618] {logging_mixin.py:115} INFO - [2022-08-05 19:07:35,618] {dagbag.py:508} INFO - Filling up the DagBag from /home/airflow/.local/lib/python3.7/site-packages/airflow/example_dags/example_python_operator.py
[2022-08-05 19:07:35,643] {processor.py:651} INFO - DAG(s) dict_keys(['example_python_operator']) retrieved from /home/airflow/.local/lib/python3.7/site-packages/airflow/example_dags/example_python_operator.py
[2022-08-05 19:07:35,673] {logging_mixin.py:115} INFO - [2022-08-05 19:07:35,673] {dag.py:2420} INFO - Sync 1 DAGs
[2022-08-05 19:07:35,701] {logging_mixin.py:115} INFO - [2022-08-05 19:07:35,701] {dag.py:2972} INFO - Setting next_dagrun for example_python_operator to None, run_after=None
[2022-08-05 19:07:35,718] {processor.py:161} INFO - Processing /home/airflow/.local/lib/python3.7/site-packages/airflow/example_dags/example_python_operator.py took 0.106 seconds
[2022-08-05 19:08:06,589] {processor.py:153} INFO - Started process (PID=7493) to work on /home/airflow/.local/lib/python3.7/site-packages/airflow/example_dags/example_python_operator.py
[2022-08-05 19:08:06,589] {processor.py:641} INFO - Processing file /home/airflow/.local/lib/python3.7/site-packages/airflow/example_dags/example_python_operator.py for tasks to queue
[2022-08-05 19:08:06,590] {logging_mixin.py:115} INFO - [2022-08-05 19:08:06,590] {dagbag.py:508} INFO - Filling up the DagBag from /home/airflow/.local/lib/python3.7/site-packages/airflow/example_dags/example_python_operator.py
[2022-08-05 19:08:06,608] {processor.py:651} INFO - DAG(s) dict_keys(['example_python_operator']) retrieved from /home/airflow/.local/lib/python3.7/site-packages/airflow/example_dags/example_python_operator.py
[2022-08-05 19:08:06,636] {logging_mixin.py:115} INFO - [2022-08-05 19:08:06,635] {dag.py:2420} INFO - Sync 1 DAGs
[2022-08-05 19:08:06,660] {logging_mixin.py:115} INFO - [2022-08-05 19:08:06,660] {dag.py:2972} INFO - Setting next_dagrun for example_python_operator to None, run_after=None
[2022-08-05 19:08:06,676] {processor.py:161} INFO - Processing /home/airflow/.local/lib/python3.7/site-packages/airflow/example_dags/example_python_operator.py took 0.091 seconds
[2022-08-05 19:08:37,140] {processor.py:153} INFO - Started process (PID=7687) to work on /home/airflow/.local/lib/python3.7/site-packages/airflow/example_dags/example_python_operator.py
[2022-08-05 19:08:37,141] {processor.py:641} INFO - Processing file /home/airflow/.local/lib/python3.7/site-packages/airflow/example_dags/example_python_operator.py for tasks to queue
[2022-08-05 19:08:37,142] {logging_mixin.py:115} INFO - [2022-08-05 19:08:37,142] {dagbag.py:508} INFO - Filling up the DagBag from /home/airflow/.local/lib/python3.7/site-packages/airflow/example_dags/example_python_operator.py
[2022-08-05 19:08:37,169] {processor.py:651} INFO - DAG(s) dict_keys(['example_python_operator']) retrieved from /home/airflow/.local/lib/python3.7/site-packages/airflow/example_dags/example_python_operator.py
[2022-08-05 19:08:37,218] {logging_mixin.py:115} INFO - [2022-08-05 19:08:37,218] {dag.py:2420} INFO - Sync 1 DAGs
[2022-08-05 19:08:37,261] {logging_mixin.py:115} INFO - [2022-08-05 19:08:37,261] {dag.py:2972} INFO - Setting next_dagrun for example_python_operator to None, run_after=None
[2022-08-05 19:08:37,290] {processor.py:161} INFO - Processing /home/airflow/.local/lib/python3.7/site-packages/airflow/example_dags/example_python_operator.py took 0.154 seconds
[2022-08-05 19:09:08,149] {processor.py:153} INFO - Started process (PID=7891) to work on /home/airflow/.local/lib/python3.7/site-packages/airflow/example_dags/example_python_operator.py
[2022-08-05 19:09:08,150] {processor.py:641} INFO - Processing file /home/airflow/.local/lib/python3.7/site-packages/airflow/example_dags/example_python_operator.py for tasks to queue
[2022-08-05 19:09:08,151] {logging_mixin.py:115} INFO - [2022-08-05 19:09:08,151] {dagbag.py:508} INFO - Filling up the DagBag from /home/airflow/.local/lib/python3.7/site-packages/airflow/example_dags/example_python_operator.py
[2022-08-05 19:09:08,175] {processor.py:651} INFO - DAG(s) dict_keys(['example_python_operator']) retrieved from /home/airflow/.local/lib/python3.7/site-packages/airflow/example_dags/example_python_operator.py
[2022-08-05 19:09:08,208] {logging_mixin.py:115} INFO - [2022-08-05 19:09:08,208] {dag.py:2420} INFO - Sync 1 DAGs
[2022-08-05 19:09:08,237] {logging_mixin.py:115} INFO - [2022-08-05 19:09:08,237] {dag.py:2972} INFO - Setting next_dagrun for example_python_operator to None, run_after=None
[2022-08-05 19:09:08,254] {processor.py:161} INFO - Processing /home/airflow/.local/lib/python3.7/site-packages/airflow/example_dags/example_python_operator.py took 0.108 seconds
[2022-08-05 19:09:38,328] {processor.py:153} INFO - Started process (PID=8082) to work on /home/airflow/.local/lib/python3.7/site-packages/airflow/example_dags/example_python_operator.py
[2022-08-05 19:09:38,329] {processor.py:641} INFO - Processing file /home/airflow/.local/lib/python3.7/site-packages/airflow/example_dags/example_python_operator.py for tasks to queue
[2022-08-05 19:09:38,330] {logging_mixin.py:115} INFO - [2022-08-05 19:09:38,330] {dagbag.py:508} INFO - Filling up the DagBag from /home/airflow/.local/lib/python3.7/site-packages/airflow/example_dags/example_python_operator.py
[2022-08-05 19:09:38,352] {processor.py:651} INFO - DAG(s) dict_keys(['example_python_operator']) retrieved from /home/airflow/.local/lib/python3.7/site-packages/airflow/example_dags/example_python_operator.py
[2022-08-05 19:09:38,384] {logging_mixin.py:115} INFO - [2022-08-05 19:09:38,384] {dag.py:2420} INFO - Sync 1 DAGs
[2022-08-05 19:09:38,413] {logging_mixin.py:115} INFO - [2022-08-05 19:09:38,413] {dag.py:2972} INFO - Setting next_dagrun for example_python_operator to None, run_after=None
[2022-08-05 19:09:38,440] {processor.py:161} INFO - Processing /home/airflow/.local/lib/python3.7/site-packages/airflow/example_dags/example_python_operator.py took 0.115 seconds
[2022-08-05 19:10:08,849] {processor.py:153} INFO - Started process (PID=8283) to work on /home/airflow/.local/lib/python3.7/site-packages/airflow/example_dags/example_python_operator.py
[2022-08-05 19:10:08,850] {processor.py:641} INFO - Processing file /home/airflow/.local/lib/python3.7/site-packages/airflow/example_dags/example_python_operator.py for tasks to queue
[2022-08-05 19:10:08,851] {logging_mixin.py:115} INFO - [2022-08-05 19:10:08,851] {dagbag.py:508} INFO - Filling up the DagBag from /home/airflow/.local/lib/python3.7/site-packages/airflow/example_dags/example_python_operator.py
[2022-08-05 19:10:08,871] {processor.py:651} INFO - DAG(s) dict_keys(['example_python_operator']) retrieved from /home/airflow/.local/lib/python3.7/site-packages/airflow/example_dags/example_python_operator.py
[2022-08-05 19:10:08,905] {logging_mixin.py:115} INFO - [2022-08-05 19:10:08,905] {dag.py:2420} INFO - Sync 1 DAGs
[2022-08-05 19:10:08,938] {logging_mixin.py:115} INFO - [2022-08-05 19:10:08,937] {dag.py:2972} INFO - Setting next_dagrun for example_python_operator to None, run_after=None
[2022-08-05 19:10:08,954] {processor.py:161} INFO - Processing /home/airflow/.local/lib/python3.7/site-packages/airflow/example_dags/example_python_operator.py took 0.108 seconds
[2022-08-05 19:10:39,303] {processor.py:153} INFO - Started process (PID=8477) to work on /home/airflow/.local/lib/python3.7/site-packages/airflow/example_dags/example_python_operator.py
[2022-08-05 19:10:39,304] {processor.py:641} INFO - Processing file /home/airflow/.local/lib/python3.7/site-packages/airflow/example_dags/example_python_operator.py for tasks to queue
[2022-08-05 19:10:39,305] {logging_mixin.py:115} INFO - [2022-08-05 19:10:39,305] {dagbag.py:508} INFO - Filling up the DagBag from /home/airflow/.local/lib/python3.7/site-packages/airflow/example_dags/example_python_operator.py
[2022-08-05 19:10:39,325] {processor.py:651} INFO - DAG(s) dict_keys(['example_python_operator']) retrieved from /home/airflow/.local/lib/python3.7/site-packages/airflow/example_dags/example_python_operator.py
[2022-08-05 19:10:39,361] {logging_mixin.py:115} INFO - [2022-08-05 19:10:39,361] {dag.py:2420} INFO - Sync 1 DAGs
[2022-08-05 19:10:39,397] {logging_mixin.py:115} INFO - [2022-08-05 19:10:39,397] {dag.py:2972} INFO - Setting next_dagrun for example_python_operator to None, run_after=None
[2022-08-05 19:10:39,414] {processor.py:161} INFO - Processing /home/airflow/.local/lib/python3.7/site-packages/airflow/example_dags/example_python_operator.py took 0.115 seconds
[2022-08-05 19:11:09,478] {processor.py:153} INFO - Started process (PID=8680) to work on /home/airflow/.local/lib/python3.7/site-packages/airflow/example_dags/example_python_operator.py
[2022-08-05 19:11:09,480] {processor.py:641} INFO - Processing file /home/airflow/.local/lib/python3.7/site-packages/airflow/example_dags/example_python_operator.py for tasks to queue
[2022-08-05 19:11:09,481] {logging_mixin.py:115} INFO - [2022-08-05 19:11:09,481] {dagbag.py:508} INFO - Filling up the DagBag from /home/airflow/.local/lib/python3.7/site-packages/airflow/example_dags/example_python_operator.py
[2022-08-05 19:11:09,503] {processor.py:651} INFO - DAG(s) dict_keys(['example_python_operator']) retrieved from /home/airflow/.local/lib/python3.7/site-packages/airflow/example_dags/example_python_operator.py
[2022-08-05 19:11:09,531] {logging_mixin.py:115} INFO - [2022-08-05 19:11:09,531] {dag.py:2420} INFO - Sync 1 DAGs
[2022-08-05 19:11:09,557] {logging_mixin.py:115} INFO - [2022-08-05 19:11:09,557] {dag.py:2972} INFO - Setting next_dagrun for example_python_operator to None, run_after=None
[2022-08-05 19:11:09,572] {processor.py:161} INFO - Processing /home/airflow/.local/lib/python3.7/site-packages/airflow/example_dags/example_python_operator.py took 0.097 seconds
[2022-08-05 19:11:40,297] {processor.py:153} INFO - Started process (PID=8874) to work on /home/airflow/.local/lib/python3.7/site-packages/airflow/example_dags/example_python_operator.py
[2022-08-05 19:11:40,298] {processor.py:641} INFO - Processing file /home/airflow/.local/lib/python3.7/site-packages/airflow/example_dags/example_python_operator.py for tasks to queue
[2022-08-05 19:11:40,299] {logging_mixin.py:115} INFO - [2022-08-05 19:11:40,299] {dagbag.py:508} INFO - Filling up the DagBag from /home/airflow/.local/lib/python3.7/site-packages/airflow/example_dags/example_python_operator.py
[2022-08-05 19:11:40,317] {processor.py:651} INFO - DAG(s) dict_keys(['example_python_operator']) retrieved from /home/airflow/.local/lib/python3.7/site-packages/airflow/example_dags/example_python_operator.py
[2022-08-05 19:11:40,344] {logging_mixin.py:115} INFO - [2022-08-05 19:11:40,344] {dag.py:2420} INFO - Sync 1 DAGs
[2022-08-05 19:11:40,371] {logging_mixin.py:115} INFO - [2022-08-05 19:11:40,371] {dag.py:2972} INFO - Setting next_dagrun for example_python_operator to None, run_after=None
[2022-08-05 19:11:40,387] {processor.py:161} INFO - Processing /home/airflow/.local/lib/python3.7/site-packages/airflow/example_dags/example_python_operator.py took 0.092 seconds
[2022-08-05 19:12:11,615] {processor.py:153} INFO - Started process (PID=9077) to work on /home/airflow/.local/lib/python3.7/site-packages/airflow/example_dags/example_python_operator.py
[2022-08-05 19:12:11,616] {processor.py:641} INFO - Processing file /home/airflow/.local/lib/python3.7/site-packages/airflow/example_dags/example_python_operator.py for tasks to queue
[2022-08-05 19:12:11,617] {logging_mixin.py:115} INFO - [2022-08-05 19:12:11,617] {dagbag.py:508} INFO - Filling up the DagBag from /home/airflow/.local/lib/python3.7/site-packages/airflow/example_dags/example_python_operator.py
[2022-08-05 19:12:11,638] {processor.py:651} INFO - DAG(s) dict_keys(['example_python_operator']) retrieved from /home/airflow/.local/lib/python3.7/site-packages/airflow/example_dags/example_python_operator.py
[2022-08-05 19:12:11,671] {logging_mixin.py:115} INFO - [2022-08-05 19:12:11,671] {dag.py:2420} INFO - Sync 1 DAGs
[2022-08-05 19:12:11,700] {logging_mixin.py:115} INFO - [2022-08-05 19:12:11,700] {dag.py:2972} INFO - Setting next_dagrun for example_python_operator to None, run_after=None
[2022-08-05 19:12:11,719] {processor.py:161} INFO - Processing /home/airflow/.local/lib/python3.7/site-packages/airflow/example_dags/example_python_operator.py took 0.106 seconds
