[2022-07-19 02:37:55,107] {taskinstance.py:1179} INFO - Dependencies all met for <TaskInstance: csv_dag.start manual__2022-07-19T02:37:53.208010+00:00 [queued]>
[2022-07-19 02:37:55,118] {taskinstance.py:1179} INFO - Dependencies all met for <TaskInstance: csv_dag.start manual__2022-07-19T02:37:53.208010+00:00 [queued]>
[2022-07-19 02:37:55,118] {taskinstance.py:1376} INFO - 
--------------------------------------------------------------------------------
[2022-07-19 02:37:55,119] {taskinstance.py:1377} INFO - Starting attempt 1 of 2
[2022-07-19 02:37:55,119] {taskinstance.py:1378} INFO - 
--------------------------------------------------------------------------------
[2022-07-19 02:37:55,141] {taskinstance.py:1397} INFO - Executing <Task(BashOperator): start> on 2022-07-19 02:37:53.208010+00:00
[2022-07-19 02:37:55,146] {standard_task_runner.py:52} INFO - Started process 6835 to run task
[2022-07-19 02:37:55,149] {standard_task_runner.py:79} INFO - Running: ['***', 'tasks', 'run', 'csv_dag', 'start', 'manual__2022-07-19T02:37:53.208010+00:00', '--job-id', '7', '--raw', '--subdir', 'DAGS_FOLDER/testDag.py', '--cfg-path', '/tmp/tmp6nwy84gy', '--error-file', '/tmp/tmpzjn9luoc']
[2022-07-19 02:37:55,150] {standard_task_runner.py:80} INFO - Job 7: Subtask start
[2022-07-19 02:37:55,224] {task_command.py:371} INFO - Running <TaskInstance: csv_dag.start manual__2022-07-19T02:37:53.208010+00:00 [running]> on host 36e1df4dd6ce
[2022-07-19 02:37:55,321] {taskinstance.py:1591} INFO - Exporting the following env vars:
AIRFLOW_CTX_DAG_OWNER=***
AIRFLOW_CTX_DAG_ID=csv_dag
AIRFLOW_CTX_TASK_ID=start
AIRFLOW_CTX_EXECUTION_DATE=2022-07-19T02:37:53.208010+00:00
AIRFLOW_CTX_TRY_NUMBER=1
AIRFLOW_CTX_DAG_RUN_ID=manual__2022-07-19T02:37:53.208010+00:00
[2022-07-19 02:37:55,323] {subprocess.py:62} INFO - Tmp dir root location: 
 /tmp
[2022-07-19 02:37:55,324] {subprocess.py:74} INFO - Running command: ['bash', '-c', 'date']
[2022-07-19 02:37:55,334] {subprocess.py:85} INFO - Output:
[2022-07-19 02:37:55,341] {subprocess.py:92} INFO - Tue Jul 19 02:37:55 UTC 2022
[2022-07-19 02:37:55,341] {subprocess.py:96} INFO - Command exited with return code 0
[2022-07-19 02:37:55,378] {taskinstance.py:1420} INFO - Marking task as SUCCESS. dag_id=csv_dag, task_id=start, execution_date=20220719T023753, start_date=20220719T023755, end_date=20220719T023755
[2022-07-19 02:37:55,403] {local_task_job.py:156} INFO - Task exited with return code 0
[2022-07-19 02:37:55,454] {local_task_job.py:273} INFO - 1 downstream tasks scheduled from follow-on schedule check
